39.0 APEX_CODE,FINEST;APEX_PROFILING,INFO;CALLOUT,INFO;DB,INFO;SYSTEM,DEBUG;VALIDATION,INFO;VISUALFORCE,INFO;WAVE,INFO;WORKFLOW,INFO
12:41:03.0 (325785)|USER_INFO|[EXTERNAL]|00546000000Iihs|pacosta@altimetrik.com|Argentine Time|GMT-03:00
12:41:03.0 (350051)|EXECUTION_STARTED
12:41:03.0 (353792)|CODE_UNIT_STARTED|[EXTERNAL]|06646000001BW08|VF: /apex/ListOfEmployees
12:41:03.0 (876015)|VF_DESERIALIZE_VIEWSTATE_BEGIN|06646000001BW08
12:41:03.0 (14688865)|HEAP_ALLOCATE|[72]|Bytes:3
12:41:03.0 (14728571)|HEAP_ALLOCATE|[77]|Bytes:152
12:41:03.0 (14741525)|HEAP_ALLOCATE|[342]|Bytes:408
12:41:03.0 (14755884)|HEAP_ALLOCATE|[355]|Bytes:408
12:41:03.0 (14770503)|HEAP_ALLOCATE|[467]|Bytes:48
12:41:03.0 (14796546)|HEAP_ALLOCATE|[139]|Bytes:6
12:41:03.0 (16820295)|HEAP_ALLOCATE|[50]|Bytes:5
12:41:03.0 (16846628)|HEAP_ALLOCATE|[56]|Bytes:5
12:41:03.0 (16854761)|HEAP_ALLOCATE|[64]|Bytes:7
12:41:03.0 (19135403)|VF_DESERIALIZE_VIEWSTATE_END
12:41:03.0 (20077447)|SYSTEM_MODE_ENTER|true
12:41:03.0 (20318876)|HEAP_ALLOCATE|[EXTERNAL]|Bytes:140
12:41:03.0 (20326840)|HEAP_ALLOCATE|[EXTERNAL]|Bytes:46
12:41:03.0 (20334805)|METHOD_ENTRY|[1]|01p46000002wayn|ExpenseController.ExpenseController()
12:41:03.0 (20338016)|STATEMENT_EXECUTE|[1]
12:41:03.0 (20343088)|STATEMENT_EXECUTE|[1]
12:41:03.0 (20347967)|METHOD_EXIT|[1]|ExpenseController
12:41:03.0 (20357140)|HEAP_ALLOCATE|[EXTERNAL]|Bytes:24
12:41:03.0 (20363174)|VARIABLE_SCOPE_BEGIN|[17]|this|ExpenseController|true|false
12:41:03.0 (20430048)|VARIABLE_ASSIGNMENT|[17]|this|{"CountTotalRecords":7,"OffsetSize":3,"QueryLimit":3,"queryString":"","wrappedExpenses":"0x8179e21"}|0x7cf6026b
12:41:03.0 (20439701)|STATEMENT_EXECUTE|[17]
12:41:03.0 (20441078)|STATEMENT_EXECUTE|[19]
12:41:03.0 (20444766)|HEAP_ALLOCATE|[19]|Bytes:161
12:41:03.0 (20451389)|HEAP_ALLOCATE|[22]|Bytes:33
12:41:03.0 (20512261)|HEAP_ALLOCATE|[22]|Bytes:1
12:41:03.0 (20522333)|HEAP_ALLOCATE|[22]|Bytes:8
12:41:03.0 (20530562)|HEAP_ALLOCATE|[22]|Bytes:1
12:41:03.0 (20542982)|HEAP_ALLOCATE|[19]|Bytes:204
12:41:03.0 (22783772)|SOQL_EXECUTE_BEGIN|[19]|Aggregations:0|SELECT Category__c, RecordType.Name, Amount__c, Tax__c, Client_Company__c, Submitted__c, Employee__r.Id, Employee__r.Name, Employee__r.Birthdate FROM Expense__c  ORDER BY Employee__r.Name LIMIT 3 OFFSET 3
12:41:03.0 (30881450)|SOQL_EXECUTE_END|[19]|Rows:3
12:41:03.0 (30897291)|HEAP_ALLOCATE|[19]|Bytes:16
12:41:03.0 (30931980)|HEAP_ALLOCATE|[19]|Bytes:1032
12:41:03.0 (30982147)|HEAP_ALLOCATE|[19]|Bytes:16
12:41:03.0 (30999638)|VARIABLE_SCOPE_BEGIN|[19]|results|List<Expense__c>|true|false
12:41:03.0 (31062873)|VARIABLE_ASSIGNMENT|[19]|results|[{"Category__c":"Transportation","RecordTypeId":"012460000005G1FAAU","Amount__c":4000,"Tax__c":520.00,"Submitted__c":true,"Employee__c":"00346000002ojVWAAY","Id":"a0F46000000FtpwEAC","RecordType":{"Name":"Business Trips","Id":"012460000005G1FAAU"},"Employee__r":{"Id":"00346000002ojVWAAY","Name":"Carol Ruiz","Birthdate":"2017-10-09T00:00:00.000Z"}},{"Category__c":"Road Meals","RecordTypeId":"012460000005G1KAAU","Amount__c":8900,"Tax__c":1157.00,"Submitted__c":true,"Employee__c":"00346000002ojeGAAQ","Id":"a0F46000000FmUwEAK","RecordType":{"Name":"Client Meetings","Id":"012460000005G1KAAU"},"Employee__r":{"Id":"00346000002ojeGAAQ","Name":"Paolo Smith"}},{"Category__c":"Lodging","RecordTypeId":"012460000005G1KAAU","Amount__c":4000,"Tax__c":520.00,"Client_Company__c":"At&t","Submitted__c":true,"Employee__c":"00346000002ojeGAAQ","Id":"a0F46000000Ftq1EAC","RecordType":{"Name":"Client Meetings","Id":"012460000005G1KAAU"},"Employee__r":{"Id":"00346000002ojeGAAQ","Name":"Paolo Smith"}}]|0x2a69e8ec
12:41:03.0 (31073181)|STATEMENT_EXECUTE|[25]
12:41:03.0 (31080567)|HEAP_ALLOCATE|[25]|Bytes:4
12:41:03.0 (31180873)|VARIABLE_ASSIGNMENT|[EXTERNAL]|this|{"CountTotalRecords":7,"OffsetSize":3,"QueryLimit":3,"queryString":"","wrappedExpenses":"0x8179e21"}|0x7cf6026b
12:41:03.0 (31198758)|HEAP_ALLOCATE|[EXTERNAL]|Bytes:4
12:41:03.0 (31205254)|VARIABLE_ASSIGNMENT|[EXTERNAL]|value|[]|0x57cbf907
12:41:03.0 (31215943)|VARIABLE_ASSIGNMENT|[14]|this.wrappedExpenses|[]|0x7cf6026b
12:41:03.0 (31388415)|HEAP_ALLOCATE|[26]|Bytes:5
12:41:03.0 (31422272)|HEAP_ALLOCATE|[26]|Bytes:40
12:41:03.0 (31431978)|VARIABLE_SCOPE_BEGIN|[26]|ex|Expense__c|true|false
12:41:03.0 (31454562)|VARIABLE_ASSIGNMENT|[26]|ex|{"Category__c":"Transportation","RecordTypeId":"012460000005G1FAAU","Amount__c":4000,"Tax__c":520.00,"Submitted__c":true,"Employee__c":"00346000002ojVWAAY","Id":"a0F46000000FtpwEAC","RecordType":{"Name":"Business Trips","Id":"012460000005G1FAAU"},"Employee__r":{"Id":"00346000002ojVWAAY","Name":"Carol Ruiz","Birthdate":"2017-10-09T00:00:00.000Z"}}|0x607562ed
12:41:03.0 (31459595)|STATEMENT_EXECUTE|[26]
12:41:03.0 (31460885)|STATEMENT_EXECUTE|[28]
12:41:03.0 (31501590)|VARIABLE_ASSIGNMENT|[EXTERNAL]|this|{"CountTotalRecords":7,"OffsetSize":3,"QueryLimit":3,"queryString":"","wrappedExpenses":"0x57cbf907"}|0x7cf6026b
12:41:03.0 (31514369)|HEAP_ALLOCATE|[28]|Bytes:112
12:41:03.0 (31519191)|HEAP_ALLOCATE|[28]|Bytes:5
12:41:03.0 (31552357)|METHOD_ENTRY|[1]|01p46000003buu6|ExpenseWrapper.ExpenseWrapper()
12:41:03.0 (31554913)|STATEMENT_EXECUTE|[1]
12:41:03.0 (31558316)|STATEMENT_EXECUTE|[1]
12:41:03.0 (31562295)|METHOD_EXIT|[1]|ExpenseWrapper
12:41:03.0 (31570564)|HEAP_ALLOCATE|[28]|Bytes:12
12:41:03.0 (31583929)|CONSTRUCTOR_ENTRY|[28]|01p46000003buu6|<init>(Expense__c,Boolean)
12:41:03.0 (31593818)|VARIABLE_SCOPE_BEGIN|[6]|this|ExpenseWrapper|true|false
12:41:03.0 (31612793)|VARIABLE_ASSIGNMENT|[6]|this|{}|0x550edf24
12:41:03.0 (31615385)|VARIABLE_SCOPE_BEGIN|[6]|ex|Expense__c|true|false
12:41:03.0 (31633749)|VARIABLE_ASSIGNMENT|[6]|ex|{"Category__c":"Transportation","RecordTypeId":"012460000005G1FAAU","Amount__c":4000,"Tax__c":520.00,"Submitted__c":true,"Employee__c":"00346000002ojVWAAY","Id":"a0F46000000FtpwEAC","RecordType":{"Name":"Business Trips","Id":"012460000005G1FAAU"},"Employee__r":{"Id":"00346000002ojVWAAY","Name":"Carol Ruiz","Birthdate":"2017-10-09T00:00:00.000Z"}}|0x607562ed
12:41:03.0 (31639936)|VARIABLE_SCOPE_BEGIN|[6]|check|Boolean|false|false
12:41:03.0 (31642879)|VARIABLE_ASSIGNMENT|[6]|check|false
12:41:03.0 (31645417)|STATEMENT_EXECUTE|[1]
12:41:03.0 (31647084)|STATEMENT_EXECUTE|[3]
12:41:03.0 (31648443)|STATEMENT_EXECUTE|[4]
12:41:03.0 (31654541)|HEAP_ALLOCATE|[8]|Bytes:6
12:41:03.0 (31672787)|STATEMENT_EXECUTE|[6]
12:41:03.0 (31674205)|STATEMENT_EXECUTE|[8]
12:41:03.0 (31722537)|VARIABLE_ASSIGNMENT|[EXTERNAL]|this|{}|0x550edf24
12:41:03.0 (31740683)|VARIABLE_ASSIGNMENT|[EXTERNAL]|value|{"Category__c":"Transportation","RecordTypeId":"012460000005G1FAAU","Amount__c":4000,"Tax__c":520.00,"Submitted__c":true,"Employee__c":"00346000002ojVWAAY","Id":"a0F46000000FtpwEAC","RecordType":{"Name":"Business Trips","Id":"012460000005G1FAAU"},"Employee__r":{"Id":"00346000002ojVWAAY","Name":"Carol Ruiz","Birthdate":"2017-10-09T00:00:00.000Z"}}|0x607562ed
12:41:03.0 (31757879)|VARIABLE_ASSIGNMENT|[3]|this.expense|{"Category__c":"Transportation","RecordTypeId":"012460000005G1FAAU","Amount__c":4000,"Tax__c":520.00,"Submitted__c":true,"Employee__c":"00346000002ojVWAAY","Id":"a0F46000000FtpwEAC","RecordType":{"Name":"Business Trips","Id":"012460000005G1FAAU"},"Employee__r":{"Id":"00346000002ojVWAAY","Name":"Carol Ruiz","Birthdate":"2017-10-09T00:00:00.000Z"}}|0x550edf24
12:41:03.0 (31765091)|STATEMENT_EXECUTE|[9]
12:41:03.0 (31793681)|VARIABLE_ASSIGNMENT|[EXTERNAL]|this|{"expense":"0x607562ed"}|0x550edf24
12:41:03.0 (31799711)|VARIABLE_ASSIGNMENT|[EXTERNAL]|value|false
12:41:03.0 (31803417)|HEAP_ALLOCATE|[4]|Bytes:5
12:41:03.0 (31807830)|VARIABLE_ASSIGNMENT|[4]|this.checked|false|0x550edf24
12:41:03.0 (31816215)|CONSTRUCTOR_EXIT|[28]|01p46000003buu6|<init>(Expense__c,Boolean)
12:41:03.0 (31827887)|HEAP_ALLOCATE|[EXTERNAL]|Bytes:4
12:41:03.0 (31837570)|HEAP_ALLOCATE|[26]|Bytes:5
12:41:03.0 (31859438)|HEAP_ALLOCATE|[26]|Bytes:40
12:41:03.0 (31864991)|VARIABLE_SCOPE_BEGIN|[26]|ex|Expense__c|true|false
12:41:03.0 (31879249)|VARIABLE_ASSIGNMENT|[26]|ex|{"Category__c":"Road Meals","RecordTypeId":"012460000005G1KAAU","Amount__c":8900,"Tax__c":1157.00,"Submitted__c":true,"Employee__c":"00346000002ojeGAAQ","Id":"a0F46000000FmUwEAK","RecordType":{"Name":"Client Meetings","Id":"012460000005G1KAAU"},"Employee__r":{"Id":"00346000002ojeGAAQ","Name":"Paolo Smith"}}|0x55dee2be
12:41:03.0 (31883362)|STATEMENT_EXECUTE|[26]
12:41:03.0 (31884666)|STATEMENT_EXECUTE|[28]
12:41:03.0 (31905547)|VARIABLE_ASSIGNMENT|[EXTERNAL]|this|{"CountTotalRecords":7,"OffsetSize":3,"QueryLimit":3,"queryString":"","wrappedExpenses":"0x57cbf907"}|0x7cf6026b
12:41:03.0 (31913578)|HEAP_ALLOCATE|[28]|Bytes:12
12:41:03.0 (31920756)|CONSTRUCTOR_ENTRY|[28]|01p46000003buu6|<init>(Expense__c,Boolean)
12:41:03.0 (31923613)|VARIABLE_SCOPE_BEGIN|[6]|this|ExpenseWrapper|true|false
12:41:03.0 (31931482)|VARIABLE_ASSIGNMENT|[6]|this|{}|0x5616b2bc
12:41:03.0 (31933019)|VARIABLE_SCOPE_BEGIN|[6]|ex|Expense__c|true|false
12:41:03.0 (31943421)|VARIABLE_ASSIGNMENT|[6]|ex|{"Category__c":"Road Meals","RecordTypeId":"012460000005G1KAAU","Amount__c":8900,"Tax__c":1157.00,"Submitted__c":true,"Employee__c":"00346000002ojeGAAQ","Id":"a0F46000000FmUwEAK","RecordType":{"Name":"Client Meetings","Id":"012460000005G1KAAU"},"Employee__r":{"Id":"00346000002ojeGAAQ","Name":"Paolo Smith"}}|0x55dee2be
12:41:03.0 (31947890)|VARIABLE_SCOPE_BEGIN|[6]|check|Boolean|false|false
12:41:03.0 (31950369)|VARIABLE_ASSIGNMENT|[6]|check|false
12:41:03.0 (31952435)|STATEMENT_EXECUTE|[1]
12:41:03.0 (31953510)|STATEMENT_EXECUTE|[3]
12:41:03.0 (31954565)|STATEMENT_EXECUTE|[4]
12:41:03.0 (31962396)|STATEMENT_EXECUTE|[6]
12:41:03.0 (31963536)|STATEMENT_EXECUTE|[8]
12:41:03.0 (31972017)|VARIABLE_ASSIGNMENT|[EXTERNAL]|this|{}|0x5616b2bc
12:41:03.0 (31981500)|VARIABLE_ASSIGNMENT|[EXTERNAL]|value|{"Category__c":"Road Meals","RecordTypeId":"012460000005G1KAAU","Amount__c":8900,"Tax__c":1157.00,"Submitted__c":true,"Employee__c":"00346000002ojeGAAQ","Id":"a0F46000000FmUwEAK","RecordType":{"Name":"Client Meetings","Id":"012460000005G1KAAU"},"Employee__r":{"Id":"00346000002ojeGAAQ","Name":"Paolo Smith"}}|0x55dee2be
12:41:03.0 (31993511)|VARIABLE_ASSIGNMENT|[3]|this.expense|{"Category__c":"Road Meals","RecordTypeId":"012460000005G1KAAU","Amount__c":8900,"Tax__c":1157.00,"Submitted__c":true,"Employee__c":"00346000002ojeGAAQ","Id":"a0F46000000FmUwEAK","RecordType":{"Name":"Client Meetings","Id":"012460000005G1KAAU"},"Employee__r":{"Id":"00346000002ojeGAAQ","Name":"Paolo Smith"}}|0x5616b2bc
12:41:03.0 (31998299)|STATEMENT_EXECUTE|[9]
12:41:03.0 (32007356)|VARIABLE_ASSIGNMENT|[EXTERNAL]|this|{"expense":"0x55dee2be"}|0x5616b2bc
12:41:03.0 (32011617)|VARIABLE_ASSIGNMENT|[EXTERNAL]|value|false
12:41:03.0 (32014195)|HEAP_ALLOCATE|[4]|Bytes:5
12:41:03.0 (32017629)|VARIABLE_ASSIGNMENT|[4]|this.checked|false|0x5616b2bc
12:41:03.0 (32024275)|CONSTRUCTOR_EXIT|[28]|01p46000003buu6|<init>(Expense__c,Boolean)
12:41:03.0 (32030196)|HEAP_ALLOCATE|[EXTERNAL]|Bytes:4
12:41:03.0 (32037499)|HEAP_ALLOCATE|[26]|Bytes:5
12:41:03.0 (32054454)|HEAP_ALLOCATE|[26]|Bytes:44
12:41:03.0 (32058891)|VARIABLE_SCOPE_BEGIN|[26]|ex|Expense__c|true|false
12:41:03.0 (32072294)|VARIABLE_ASSIGNMENT|[26]|ex|{"Category__c":"Lodging","RecordTypeId":"012460000005G1KAAU","Amount__c":4000,"Tax__c":520.00,"Client_Company__c":"At&t","Submitted__c":true,"Employee__c":"00346000002ojeGAAQ","Id":"a0F46000000Ftq1EAC","RecordType":{"Name":"Client Meetings","Id":"012460000005G1KAAU"},"Employee__r":{"Id":"00346000002ojeGAAQ","Name":"Paolo Smith"}}|0x67b2cf9c
12:41:03.0 (32076011)|STATEMENT_EXECUTE|[26]
12:41:03.0 (32077486)|STATEMENT_EXECUTE|[28]
12:41:03.0 (32095356)|VARIABLE_ASSIGNMENT|[EXTERNAL]|this|{"CountTotalRecords":7,"OffsetSize":3,"QueryLimit":3,"queryString":"","wrappedExpenses":"0x57cbf907"}|0x7cf6026b
12:41:03.0 (32102200)|HEAP_ALLOCATE|[28]|Bytes:12
12:41:03.0 (32108369)|CONSTRUCTOR_ENTRY|[28]|01p46000003buu6|<init>(Expense__c,Boolean)
12:41:03.0 (32110753)|VARIABLE_SCOPE_BEGIN|[6]|this|ExpenseWrapper|true|false
12:41:03.0 (32117471)|VARIABLE_ASSIGNMENT|[6]|this|{}|0x562b560b
12:41:03.0 (32118915)|VARIABLE_SCOPE_BEGIN|[6]|ex|Expense__c|true|false
12:41:03.0 (32129276)|VARIABLE_ASSIGNMENT|[6]|ex|{"Category__c":"Lodging","RecordTypeId":"012460000005G1KAAU","Amount__c":4000,"Tax__c":520.00,"Client_Company__c":"At&t","Submitted__c":true,"Employee__c":"00346000002ojeGAAQ","Id":"a0F46000000Ftq1EAC","RecordType":{"Name":"Client Meetings","Id":"012460000005G1KAAU"},"Employee__r":{"Id":"00346000002ojeGAAQ","Name":"Paolo Smith"}}|0x67b2cf9c
12:41:03.0 (32133890)|VARIABLE_SCOPE_BEGIN|[6]|check|Boolean|false|false
12:41:03.0 (32136325)|VARIABLE_ASSIGNMENT|[6]|check|false
12:41:03.0 (32138315)|STATEMENT_EXECUTE|[1]
12:41:03.0 (32139344)|STATEMENT_EXECUTE|[3]
12:41:03.0 (32140386)|STATEMENT_EXECUTE|[4]
12:41:03.0 (32147420)|STATEMENT_EXECUTE|[6]
12:41:03.0 (32148499)|STATEMENT_EXECUTE|[8]
12:41:03.0 (32156646)|VARIABLE_ASSIGNMENT|[EXTERNAL]|this|{}|0x562b560b
12:41:03.0 (32166016)|VARIABLE_ASSIGNMENT|[EXTERNAL]|value|{"Category__c":"Lodging","RecordTypeId":"012460000005G1KAAU","Amount__c":4000,"Tax__c":520.00,"Client_Company__c":"At&t","Submitted__c":true,"Employee__c":"00346000002ojeGAAQ","Id":"a0F46000000Ftq1EAC","RecordType":{"Name":"Client Meetings","Id":"012460000005G1KAAU"},"Employee__r":{"Id":"00346000002ojeGAAQ","Name":"Paolo Smith"}}|0x67b2cf9c
12:41:03.0 (32177320)|VARIABLE_ASSIGNMENT|[3]|this.expense|{"Category__c":"Lodging","RecordTypeId":"012460000005G1KAAU","Amount__c":4000,"Tax__c":520.00,"Client_Company__c":"At&t","Submitted__c":true,"Employee__c":"00346000002ojeGAAQ","Id":"a0F46000000Ftq1EAC","RecordType":{"Name":"Client Meetings","Id":"012460000005G1KAAU"},"Employee__r":{"Id":"00346000002ojeGAAQ","Name":"Paolo Smith"}}|0x562b560b
12:41:03.0 (32182300)|STATEMENT_EXECUTE|[9]
12:41:03.0 (32190711)|VARIABLE_ASSIGNMENT|[EXTERNAL]|this|{"expense":"0x67b2cf9c"}|0x562b560b
12:41:03.0 (32194326)|VARIABLE_ASSIGNMENT|[EXTERNAL]|value|false
12:41:03.0 (32196668)|HEAP_ALLOCATE|[4]|Bytes:5
12:41:03.0 (32199913)|VARIABLE_ASSIGNMENT|[4]|this.checked|false|0x562b560b
12:41:03.0 (32205943)|CONSTRUCTOR_EXIT|[28]|01p46000003buu6|<init>(Expense__c,Boolean)
12:41:03.0 (32211084)|HEAP_ALLOCATE|[EXTERNAL]|Bytes:4
12:41:03.0 (32217913)|HEAP_ALLOCATE|[26]|Bytes:5
12:41:03.0 (32225135)|VARIABLE_ASSIGNMENT|[26]|ex|null|
12:41:03.0 (32227902)|STATEMENT_EXECUTE|[32]
12:41:03.0 (32253458)|VARIABLE_ASSIGNMENT|[EXTERNAL]|this|{"CountTotalRecords":7,"OffsetSize":3,"QueryLimit":3,"queryString":"","wrappedExpenses":"0x57cbf907"}|0x7cf6026b
12:41:03.0 (32886761)|SYSTEM_MODE_ENTER|true
12:41:03.0 (32917167)|HEAP_ALLOCATE|[EXTERNAL]|Bytes:24
12:41:03.0 (32923641)|VARIABLE_SCOPE_BEGIN|[107]|this|ExpenseController|true|false
12:41:03.0 (32946757)|VARIABLE_ASSIGNMENT|[107]|this|{"CountTotalRecords":7,"OffsetSize":3,"QueryLimit":3,"queryString":"","wrappedExpenses":"0x57cbf907"}|0x7cf6026b
12:41:03.0 (32953894)|STATEMENT_EXECUTE|[107]
12:41:03.0 (32960342)|STATEMENT_EXECUTE|[108]
12:41:03.0 (32961591)|STATEMENT_EXECUTE|[109]
12:41:03.0 (32966924)|HEAP_ALLOCATE|[109]|Bytes:5
12:41:03.0 (33060812)|SYSTEM_MODE_ENTER|true
12:41:03.0 (33083414)|HEAP_ALLOCATE|[EXTERNAL]|Bytes:24
12:41:03.0 (33088943)|VARIABLE_SCOPE_BEGIN|[114]|this|ExpenseController|true|false
12:41:03.0 (33108120)|VARIABLE_ASSIGNMENT|[114]|this|{"CountTotalRecords":7,"OffsetSize":3,"QueryLimit":3,"queryString":"","wrappedExpenses":"0x57cbf907"}|0x7cf6026b
12:41:03.0 (33113765)|STATEMENT_EXECUTE|[114]
12:41:03.0 (33149328)|VARIABLE_ASSIGNMENT|[EXTERNAL]|this|{"CountTotalRecords":7,"OffsetSize":3,"QueryLimit":3,"queryString":"","wrappedExpenses":"0x57cbf907"}|0x7cf6026b
12:41:03.0 (33158312)|STATEMENT_EXECUTE|[115]
12:41:03.0 (33159595)|STATEMENT_EXECUTE|[116]
12:41:03.0 (33164064)|HEAP_ALLOCATE|[116]|Bytes:5
12:41:03.0 (33474805)|HEAP_ALLOCATE|[EXTERNAL]|Bytes:5
12:41:03.0 (33478749)|HEAP_ALLOCATE|[EXTERNAL]|Bytes:12
12:41:03.0 (33485933)|VARIABLE_ASSIGNMENT|[EXTERNAL]|this.checked|false|0x550edf24
12:41:03.0 (33524325)|HEAP_ALLOCATE|[EXTERNAL]|Bytes:5
12:41:03.0 (33526843)|HEAP_ALLOCATE|[EXTERNAL]|Bytes:12
12:41:03.0 (33536477)|VARIABLE_ASSIGNMENT|[EXTERNAL]|this.checked|false|0x5616b2bc
12:41:03.0 (33568725)|HEAP_ALLOCATE|[EXTERNAL]|Bytes:5
12:41:03.0 (33571293)|HEAP_ALLOCATE|[EXTERNAL]|Bytes:12
12:41:03.0 (33575551)|VARIABLE_ASSIGNMENT|[EXTERNAL]|this.checked|false|0x562b560b
12:41:03.0 (33705781)|HEAP_ALLOCATE|[EXTERNAL]|Bytes:24
12:41:03.0 (33711391)|VARIABLE_SCOPE_BEGIN|[126]|this|ExpenseController|true|false
12:41:03.0 (33748234)|VARIABLE_ASSIGNMENT|[126]|this|{"CountTotalRecords":7,"OffsetSize":3,"QueryLimit":3,"queryString":"","wrappedExpenses":"0x57cbf907"}|0x7cf6026b
12:41:03.0 (33758480)|STATEMENT_EXECUTE|[126]
12:41:03.0 (33760433)|STATEMENT_EXECUTE|[127]
12:41:03.0 (33770658)|HEAP_ALLOCATE|[127]|Bytes:4
12:41:03.0 (33780740)|VARIABLE_ASSIGNMENT|[127]|this.OffsetSize|0|0x7cf6026b
12:41:03.0 (33783462)|STATEMENT_EXECUTE|[128]
12:41:03.0 (37679801)|SYSTEM_MODE_ENTER|true
12:41:03.0 (37706546)|HEAP_ALLOCATE|[EXTERNAL]|Bytes:96
12:41:03.0 (37712719)|HEAP_ALLOCATE|[EXTERNAL]|Bytes:6
12:41:03.0 (37720304)|METHOD_ENTRY|[1]|01p46000002ySm2|SaveAsPdfExtension.SaveAsPdfExtension()
12:41:03.0 (37722650)|STATEMENT_EXECUTE|[1]
12:41:03.0 (37726588)|STATEMENT_EXECUTE|[1]
12:41:03.0 (37731220)|METHOD_EXIT|[1]|SaveAsPdfExtension
12:41:03.0 (37960276)|SYSTEM_MODE_ENTER|true
12:41:03.0 (37985446)|HEAP_ALLOCATE|[EXTERNAL]|Bytes:24
12:41:03.0 (37990305)|VARIABLE_SCOPE_BEGIN|[17]|this|ExpenseController|true|false
12:41:03.0 (38016480)|VARIABLE_ASSIGNMENT|[17]|this|{"CountTotalRecords":7,"OffsetSize":0,"QueryLimit":3,"queryString":"","wrappedExpenses":"0x57cbf907"}|0x7cf6026b
12:41:03.0 (38024172)|STATEMENT_EXECUTE|[17]
12:41:03.0 (38025547)|STATEMENT_EXECUTE|[19]
12:41:03.0 (38050093)|HEAP_ALLOCATE|[22]|Bytes:1
12:41:03.0 (38063849)|HEAP_ALLOCATE|[22]|Bytes:1
12:41:03.0 (38090715)|HEAP_ALLOCATE|[19]|Bytes:204
12:41:03.0 (38580076)|SOQL_EXECUTE_BEGIN|[19]|Aggregations:0|SELECT Category__c, RecordType.Name, Amount__c, Tax__c, Client_Company__c, Submitted__c, Employee__r.Id, Employee__r.Name, Employee__r.Birthdate FROM Expense__c  ORDER BY Employee__r.Name LIMIT 3 OFFSET 0
12:41:03.0 (44500618)|SOQL_EXECUTE_END|[19]|Rows:3
12:41:03.0 (44516888)|HEAP_ALLOCATE|[19]|Bytes:16
12:41:03.0 (44563616)|HEAP_ALLOCATE|[19]|Bytes:895
12:41:03.0 (44602446)|HEAP_ALLOCATE|[19]|Bytes:16
12:41:03.0 (44627297)|VARIABLE_SCOPE_BEGIN|[19]|results|List<Expense__c>|true|false
12:41:03.0 (44692754)|VARIABLE_ASSIGNMENT|[19]|results|[{"Category__c":"Transportation","RecordTypeId":"012460000005G1FAAU","Amount__c":3500,"Tax__c":455.00,"Submitted__c":true,"Employee__c":"00346000002ojVWAAY","Id":"a0F46000000FBblEAG","RecordType":{"Name":"Business Trips","Id":"012460000005G1FAAU"},"Employee__r":{"Id":"00346000002ojVWAAY","Name":"Carol Ruiz","Birthdate":"2017-10-09T00:00:00.000Z"}},{"RecordTypeId":"012460000005G1FAAU","Amount__c":3000,"Tax__c":390.00,"Submitted__c":true,"Employee__c":"00346000002ojVWAAY","Id":"a0F46000000Fp6rEAC","RecordType":{"Name":"Business Trips","Id":"012460000005G1FAAU"},"Employee__r":{"Id":"00346000002ojVWAAY","Name":"Carol Ruiz","Birthdate":"2017-10-09T00:00:00.000Z"}},{"Category__c":"Event Registration","RecordTypeId":"012460000005G1FAAU","Amount__c":3499,"Tax__c":454.87,"Submitted__c":true,"Employee__c":"00346000002ojVWAAY","Id":"a0F46000000Fp76EAC","RecordType":{"Name":"Business Trips","Id":"012460000005G1FAAU"},"Employee__r":{"Id":"00346000002ojVWAAY","Name":"Carol Ruiz","Birthdate":"2017-10-09T00:00:00.000Z"}}]|0x39e6d539
12:41:03.0 (44701449)|STATEMENT_EXECUTE|[25]
12:41:03.0 (44708569)|HEAP_ALLOCATE|[25]|Bytes:4
12:41:03.0 (44760597)|VARIABLE_ASSIGNMENT|[EXTERNAL]|this|{"CountTotalRecords":7,"OffsetSize":0,"QueryLimit":3,"queryString":"","wrappedExpenses":"0x57cbf907"}|0x7cf6026b
12:41:03.0 (44772526)|HEAP_ALLOCATE|[EXTERNAL]|Bytes:4
12:41:03.0 (44778619)|VARIABLE_ASSIGNMENT|[EXTERNAL]|value|[]|0x754b3793
12:41:03.0 (44787715)|VARIABLE_ASSIGNMENT|[14]|this.wrappedExpenses|[]|0x7cf6026b
12:41:03.0 (44816819)|HEAP_ALLOCATE|[26]|Bytes:5
12:41:03.0 (44848290)|HEAP_ALLOCATE|[26]|Bytes:40
12:41:03.0 (44858829)|VARIABLE_SCOPE_BEGIN|[26]|ex|Expense__c|true|false
12:41:03.0 (44879481)|VARIABLE_ASSIGNMENT|[26]|ex|{"Category__c":"Transportation","RecordTypeId":"012460000005G1FAAU","Amount__c":3500,"Tax__c":455.00,"Submitted__c":true,"Employee__c":"00346000002ojVWAAY","Id":"a0F46000000FBblEAG","RecordType":{"Name":"Business Trips","Id":"012460000005G1FAAU"},"Employee__r":{"Id":"00346000002ojVWAAY","Name":"Carol Ruiz","Birthdate":"2017-10-09T00:00:00.000Z"}}|0x7f55106d
12:41:03.0 (44884567)|STATEMENT_EXECUTE|[26]
12:41:03.0 (44885801)|STATEMENT_EXECUTE|[28]
12:41:03.0 (44908058)|VARIABLE_ASSIGNMENT|[EXTERNAL]|this|{"CountTotalRecords":7,"OffsetSize":0,"QueryLimit":3,"queryString":"","wrappedExpenses":"0x754b3793"}|0x7cf6026b
12:41:03.0 (44918564)|HEAP_ALLOCATE|[28]|Bytes:12
12:41:03.0 (44929908)|CONSTRUCTOR_ENTRY|[28]|01p46000003buu6|<init>(Expense__c,Boolean)
12:41:03.0 (44934619)|VARIABLE_SCOPE_BEGIN|[6]|this|ExpenseWrapper|true|false
12:41:03.0 (44944808)|VARIABLE_ASSIGNMENT|[6]|this|{}|0x76d941d9
12:41:03.0 (44946844)|VARIABLE_SCOPE_BEGIN|[6]|ex|Expense__c|true|false
12:41:03.0 (44961320)|VARIABLE_ASSIGNMENT|[6]|ex|{"Category__c":"Transportation","RecordTypeId":"012460000005G1FAAU","Amount__c":3500,"Tax__c":455.00,"Submitted__c":true,"Employee__c":"00346000002ojVWAAY","Id":"a0F46000000FBblEAG","RecordType":{"Name":"Business Trips","Id":"012460000005G1FAAU"},"Employee__r":{"Id":"00346000002ojVWAAY","Name":"Carol Ruiz","Birthdate":"2017-10-09T00:00:00.000Z"}}|0x7f55106d
12:41:03.0 (44967005)|VARIABLE_SCOPE_BEGIN|[6]|check|Boolean|false|false
12:41:03.0 (44969930)|VARIABLE_ASSIGNMENT|[6]|check|false
12:41:03.0 (44972147)|STATEMENT_EXECUTE|[1]
12:41:03.0 (44973556)|STATEMENT_EXECUTE|[3]
12:41:03.0 (44974619)|STATEMENT_EXECUTE|[4]
12:41:03.0 (44988498)|STATEMENT_EXECUTE|[6]
12:41:03.0 (44989708)|STATEMENT_EXECUTE|[8]
12:41:03.0 (45001071)|VARIABLE_ASSIGNMENT|[EXTERNAL]|this|{}|0x76d941d9
12:41:03.0 (45015098)|VARIABLE_ASSIGNMENT|[EXTERNAL]|value|{"Category__c":"Transportation","RecordTypeId":"012460000005G1FAAU","Amount__c":3500,"Tax__c":455.00,"Submitted__c":true,"Employee__c":"00346000002ojVWAAY","Id":"a0F46000000FBblEAG","RecordType":{"Name":"Business Trips","Id":"012460000005G1FAAU"},"Employee__r":{"Id":"00346000002ojVWAAY","Name":"Carol Ruiz","Birthdate":"2017-10-09T00:00:00.000Z"}}|0x7f55106d
12:41:03.0 (45030928)|VARIABLE_ASSIGNMENT|[3]|this.expense|{"Category__c":"Transportation","RecordTypeId":"012460000005G1FAAU","Amount__c":3500,"Tax__c":455.00,"Submitted__c":true,"Employee__c":"00346000002ojVWAAY","Id":"a0F46000000FBblEAG","RecordType":{"Name":"Business Trips","Id":"012460000005G1FAAU"},"Employee__r":{"Id":"00346000002ojVWAAY","Name":"Carol Ruiz","Birthdate":"2017-10-09T00:00:00.000Z"}}|0x76d941d9
12:41:03.0 (45037185)|STATEMENT_EXECUTE|[9]
12:41:03.0 (45048415)|VARIABLE_ASSIGNMENT|[EXTERNAL]|this|{"expense":"0x7f55106d"}|0x76d941d9
12:41:03.0 (45064978)|VARIABLE_ASSIGNMENT|[EXTERNAL]|value|false
12:41:03.0 (45070407)|HEAP_ALLOCATE|[4]|Bytes:5
12:41:03.0 (45077200)|VARIABLE_ASSIGNMENT|[4]|this.checked|false|0x76d941d9
12:41:03.0 (45090903)|CONSTRUCTOR_EXIT|[28]|01p46000003buu6|<init>(Expense__c,Boolean)
12:41:03.0 (45101360)|HEAP_ALLOCATE|[EXTERNAL]|Bytes:4
12:41:03.0 (45111107)|HEAP_ALLOCATE|[26]|Bytes:5
12:41:03.0 (45131281)|HEAP_ALLOCATE|[26]|Bytes:36
12:41:03.0 (45145958)|VARIABLE_SCOPE_BEGIN|[26]|ex|Expense__c|true|false
12:41:03.0 (45174642)|VARIABLE_ASSIGNMENT|[26]|ex|{"RecordTypeId":"012460000005G1FAAU","Amount__c":3000,"Tax__c":390.00,"Submitted__c":true,"Employee__c":"00346000002ojVWAAY","Id":"a0F46000000Fp6rEAC","RecordType":{"Name":"Business Trips","Id":"012460000005G1FAAU"},"Employee__r":{"Id":"00346000002ojVWAAY","Name":"Carol Ruiz","Birthdate":"2017-10-09T00:00:00.000Z"}}|0x330399e0
12:41:03.0 (45181268)|STATEMENT_EXECUTE|[26]
12:41:03.0 (45183321)|STATEMENT_EXECUTE|[28]
12:41:03.0 (45215910)|VARIABLE_ASSIGNMENT|[EXTERNAL]|this|{"CountTotalRecords":7,"OffsetSize":0,"QueryLimit":3,"queryString":"","wrappedExpenses":"0x754b3793"}|0x7cf6026b
12:41:03.0 (45229414)|HEAP_ALLOCATE|[28]|Bytes:12
12:41:03.0 (45249780)|CONSTRUCTOR_ENTRY|[28]|01p46000003buu6|<init>(Expense__c,Boolean)
12:41:03.0 (45253471)|VARIABLE_SCOPE_BEGIN|[6]|this|ExpenseWrapper|true|false
12:41:03.0 (45264115)|VARIABLE_ASSIGNMENT|[6]|this|{}|0x3542ab45
12:41:03.0 (45265729)|VARIABLE_SCOPE_BEGIN|[6]|ex|Expense__c|true|false
12:41:03.0 (45281491)|VARIABLE_ASSIGNMENT|[6]|ex|{"RecordTypeId":"012460000005G1FAAU","Amount__c":3000,"Tax__c":390.00,"Submitted__c":true,"Employee__c":"00346000002ojVWAAY","Id":"a0F46000000Fp6rEAC","RecordType":{"Name":"Business Trips","Id":"012460000005G1FAAU"},"Employee__r":{"Id":"00346000002ojVWAAY","Name":"Carol Ruiz","Birthdate":"2017-10-09T00:00:00.000Z"}}|0x330399e0
12:41:03.0 (45286738)|VARIABLE_SCOPE_BEGIN|[6]|check|Boolean|false|false
12:41:03.0 (45289116)|VARIABLE_ASSIGNMENT|[6]|check|false
12:41:03.0 (45291317)|STATEMENT_EXECUTE|[1]
12:41:03.0 (45292440)|STATEMENT_EXECUTE|[3]
12:41:03.0 (45293518)|STATEMENT_EXECUTE|[4]
12:41:03.0 (45302546)|STATEMENT_EXECUTE|[6]
12:41:03.0 (45303610)|STATEMENT_EXECUTE|[8]
12:41:03.0 (45324458)|VARIABLE_ASSIGNMENT|[EXTERNAL]|this|{}|0x3542ab45
12:41:03.0 (45347260)|VARIABLE_ASSIGNMENT|[EXTERNAL]|value|{"RecordTypeId":"012460000005G1FAAU","Amount__c":3000,"Tax__c":390.00,"Submitted__c":true,"Employee__c":"00346000002ojVWAAY","Id":"a0F46000000Fp6rEAC","RecordType":{"Name":"Business Trips","Id":"012460000005G1FAAU"},"Employee__r":{"Id":"00346000002ojVWAAY","Name":"Carol Ruiz","Birthdate":"2017-10-09T00:00:00.000Z"}}|0x330399e0
12:41:03.0 (45369104)|VARIABLE_ASSIGNMENT|[3]|this.expense|{"RecordTypeId":"012460000005G1FAAU","Amount__c":3000,"Tax__c":390.00,"Submitted__c":true,"Employee__c":"00346000002ojVWAAY","Id":"a0F46000000Fp6rEAC","RecordType":{"Name":"Business Trips","Id":"012460000005G1FAAU"},"Employee__r":{"Id":"00346000002ojVWAAY","Name":"Carol Ruiz","Birthdate":"2017-10-09T00:00:00.000Z"}}|0x3542ab45
12:41:03.0 (45376205)|STATEMENT_EXECUTE|[9]
12:41:03.0 (45388278)|VARIABLE_ASSIGNMENT|[EXTERNAL]|this|{"expense":"0x330399e0"}|0x3542ab45
12:41:03.0 (45392862)|VARIABLE_ASSIGNMENT|[EXTERNAL]|value|false
12:41:03.0 (45395914)|HEAP_ALLOCATE|[4]|Bytes:5
12:41:03.0 (45399463)|VARIABLE_ASSIGNMENT|[4]|this.checked|false|0x3542ab45
12:41:03.0 (45407590)|CONSTRUCTOR_EXIT|[28]|01p46000003buu6|<init>(Expense__c,Boolean)
12:41:03.0 (45414730)|HEAP_ALLOCATE|[EXTERNAL]|Bytes:4
12:41:03.0 (45423488)|HEAP_ALLOCATE|[26]|Bytes:5
12:41:03.0 (45450090)|HEAP_ALLOCATE|[26]|Bytes:40
12:41:03.0 (45456216)|VARIABLE_SCOPE_BEGIN|[26]|ex|Expense__c|true|false
12:41:03.0 (45474107)|VARIABLE_ASSIGNMENT|[26]|ex|{"Category__c":"Event Registration","RecordTypeId":"012460000005G1FAAU","Amount__c":3499,"Tax__c":454.87,"Submitted__c":true,"Employee__c":"00346000002ojVWAAY","Id":"a0F46000000Fp76EAC","RecordType":{"Name":"Business Trips","Id":"012460000005G1FAAU"},"Employee__r":{"Id":"00346000002ojVWAAY","Name":"Carol Ruiz","Birthdate":"2017-10-09T00:00:00.000Z"}}|0x1ceea869
12:41:03.0 (45478470)|STATEMENT_EXECUTE|[26]
12:41:03.0 (45479638)|STATEMENT_EXECUTE|[28]
12:41:03.0 (45500319)|VARIABLE_ASSIGNMENT|[EXTERNAL]|this|{"CountTotalRecords":7,"OffsetSize":0,"QueryLimit":3,"queryString":"","wrappedExpenses":"0x754b3793"}|0x7cf6026b
12:41:03.0 (45507551)|HEAP_ALLOCATE|[28]|Bytes:12
12:41:03.0 (45514866)|CONSTRUCTOR_ENTRY|[28]|01p46000003buu6|<init>(Expense__c,Boolean)
12:41:03.0 (45517477)|VARIABLE_SCOPE_BEGIN|[6]|this|ExpenseWrapper|true|false
12:41:03.0 (45524795)|VARIABLE_ASSIGNMENT|[6]|this|{}|0x3a82ffc9
12:41:03.0 (45526147)|VARIABLE_SCOPE_BEGIN|[6]|ex|Expense__c|true|false
12:41:03.0 (45563960)|VARIABLE_ASSIGNMENT|[6]|ex|{"Category__c":"Event Registration","RecordTypeId":"012460000005G1FAAU","Amount__c":3499,"Tax__c":454.87,"Submitted__c":true,"Employee__c":"00346000002ojVWAAY","Id":"a0F46000000Fp76EAC","RecordType":{"Name":"Business Trips","Id":"012460000005G1FAAU"},"Employee__r":{"Id":"00346000002ojVWAAY","Name":"Carol Ruiz","Birthdate":"2017-10-09T00:00:00.000Z"}}|0x1ceea869
12:41:03.0 (45571261)|VARIABLE_SCOPE_BEGIN|[6]|check|Boolean|false|false
12:41:03.0 (45575290)|VARIABLE_ASSIGNMENT|[6]|check|false
12:41:03.0 (45578493)|STATEMENT_EXECUTE|[1]
12:41:03.0 (45580275)|STATEMENT_EXECUTE|[3]
12:41:03.0 (45582042)|STATEMENT_EXECUTE|[4]
12:41:03.0 (45595543)|STATEMENT_EXECUTE|[6]
12:41:03.0 (45597368)|STATEMENT_EXECUTE|[8]
12:41:03.0 (45614271)|VARIABLE_ASSIGNMENT|[EXTERNAL]|this|{}|0x3a82ffc9
12:41:03.0 (45638318)|VARIABLE_ASSIGNMENT|[EXTERNAL]|value|{"Category__c":"Event Registration","RecordTypeId":"012460000005G1FAAU","Amount__c":3499,"Tax__c":454.87,"Submitted__c":true,"Employee__c":"00346000002ojVWAAY","Id":"a0F46000000Fp76EAC","RecordType":{"Name":"Business Trips","Id":"012460000005G1FAAU"},"Employee__r":{"Id":"00346000002ojVWAAY","Name":"Carol Ruiz","Birthdate":"2017-10-09T00:00:00.000Z"}}|0x1ceea869
12:41:03.0 (45663265)|VARIABLE_ASSIGNMENT|[3]|this.expense|{"Category__c":"Event Registration","RecordTypeId":"012460000005G1FAAU","Amount__c":3499,"Tax__c":454.87,"Submitted__c":true,"Employee__c":"00346000002ojVWAAY","Id":"a0F46000000Fp76EAC","RecordType":{"Name":"Business Trips","Id":"012460000005G1FAAU"},"Employee__r":{"Id":"00346000002ojVWAAY","Name":"Carol Ruiz","Birthdate":"2017-10-09T00:00:00.000Z"}}|0x3a82ffc9
12:41:03.0 (45671956)|STATEMENT_EXECUTE|[9]
12:41:03.0 (45703199)|VARIABLE_ASSIGNMENT|[EXTERNAL]|this|{"expense":"0x1ceea869"}|0x3a82ffc9
12:41:03.0 (45710120)|VARIABLE_ASSIGNMENT|[EXTERNAL]|value|false
12:41:03.0 (45714432)|HEAP_ALLOCATE|[4]|Bytes:5
12:41:03.0 (45720523)|VARIABLE_ASSIGNMENT|[4]|this.checked|false|0x3a82ffc9
12:41:03.0 (45732734)|CONSTRUCTOR_EXIT|[28]|01p46000003buu6|<init>(Expense__c,Boolean)
12:41:03.0 (45742755)|HEAP_ALLOCATE|[EXTERNAL]|Bytes:4
12:41:03.0 (45754796)|HEAP_ALLOCATE|[26]|Bytes:5
12:41:03.0 (45767150)|VARIABLE_ASSIGNMENT|[26]|ex|null|
12:41:03.0 (45771428)|STATEMENT_EXECUTE|[32]
12:41:03.0 (45799710)|VARIABLE_ASSIGNMENT|[EXTERNAL]|this|{"CountTotalRecords":7,"OffsetSize":0,"QueryLimit":3,"queryString":"","wrappedExpenses":"0x754b3793"}|0x7cf6026b
12:41:03.0 (47413102)|SYSTEM_MODE_ENTER|true
12:41:03.0 (47445180)|HEAP_ALLOCATE|[EXTERNAL]|Bytes:24
12:41:03.0 (47451032)|VARIABLE_SCOPE_BEGIN|[107]|this|ExpenseController|true|false
12:41:03.0 (47476807)|VARIABLE_ASSIGNMENT|[107]|this|{"CountTotalRecords":7,"OffsetSize":0,"QueryLimit":3,"queryString":"","wrappedExpenses":"0x754b3793"}|0x7cf6026b
12:41:03.0 (47483739)|STATEMENT_EXECUTE|[107]
12:41:03.0 (47488732)|STATEMENT_EXECUTE|[111]
12:41:03.0 (47494697)|HEAP_ALLOCATE|[111]|Bytes:5
12:41:03.0 (47695681)|SYSTEM_MODE_ENTER|true
12:41:03.0 (47717575)|HEAP_ALLOCATE|[EXTERNAL]|Bytes:24
12:41:03.0 (47722498)|VARIABLE_SCOPE_BEGIN|[114]|this|ExpenseController|true|false
12:41:03.0 (47743167)|VARIABLE_ASSIGNMENT|[114]|this|{"CountTotalRecords":7,"OffsetSize":0,"QueryLimit":3,"queryString":"","wrappedExpenses":"0x754b3793"}|0x7cf6026b
12:41:03.0 (47749413)|STATEMENT_EXECUTE|[114]
12:41:03.0 (47771995)|VARIABLE_ASSIGNMENT|[EXTERNAL]|this|{"CountTotalRecords":7,"OffsetSize":0,"QueryLimit":3,"queryString":"","wrappedExpenses":"0x754b3793"}|0x7cf6026b
12:41:03.0 (47779827)|STATEMENT_EXECUTE|[115]
12:41:03.0 (47781064)|STATEMENT_EXECUTE|[116]
12:41:03.0 (47785636)|HEAP_ALLOCATE|[116]|Bytes:5
12:41:03.0 (55938397)|VF_SERIALIZE_VIEWSTATE_BEGIN|06646000001BW08
12:41:03.0 (67826944)|VF_SERIALIZE_VIEWSTATE_END
12:41:03.0 (81062355)|CODE_UNIT_STARTED|[EXTERNAL]|Generate Metadata
12:41:03.0 (82839815)|CODE_UNIT_FINISHED|Generate Metadata
12:41:03.85 (85074565)|CUMULATIVE_LIMIT_USAGE
12:41:03.85 (85074565)|LIMIT_USAGE_FOR_NS|(default)|
  Number of SOQL queries: 2 out of 100
  Number of query rows: 6 out of 50000
  Number of SOSL queries: 0 out of 20
  Number of DML statements: 0 out of 150
  Number of DML rows: 0 out of 10000
  Maximum CPU time: 0 out of 10000
  Maximum heap size: 0 out of 6000000
  Number of callouts: 0 out of 100
  Number of Email Invocations: 0 out of 10
  Number of future calls: 0 out of 50
  Number of queueable jobs added to the queue: 0 out of 50
  Number of Mobile Apex push calls: 0 out of 10

12:41:03.85 (85074565)|CUMULATIVE_LIMIT_USAGE_END

12:41:03.0 (85105630)|CODE_UNIT_FINISHED|VF: /apex/ListOfEmployees
12:41:03.0 (85836773)|EXECUTION_FINISHED
