39.0 APEX_CODE,FINEST;APEX_PROFILING,INFO;CALLOUT,INFO;DB,INFO;SYSTEM,DEBUG;VALIDATION,INFO;VISUALFORCE,INFO;WAVE,INFO;WORKFLOW,INFO
14:48:54.0 (344520)|USER_INFO|[EXTERNAL]|00546000000Iihs|pacosta@altimetrik.com|Argentine Time|GMT-03:00
14:48:54.0 (371145)|EXECUTION_STARTED
14:48:54.0 (377518)|CODE_UNIT_STARTED|[EXTERNAL]|06646000001Bfzo|VF: /apex/showExpensesListForContact
14:48:54.0 (2078568)|SYSTEM_MODE_ENTER|true
14:48:54.0 (2420145)|HEAP_ALLOCATE|[72]|Bytes:3
14:48:54.0 (2460508)|HEAP_ALLOCATE|[77]|Bytes:152
14:48:54.0 (2475501)|HEAP_ALLOCATE|[342]|Bytes:408
14:48:54.0 (2492305)|HEAP_ALLOCATE|[355]|Bytes:408
14:48:54.0 (2505647)|HEAP_ALLOCATE|[467]|Bytes:48
14:48:54.0 (2535038)|HEAP_ALLOCATE|[139]|Bytes:6
14:48:54.0 (2548689)|HEAP_ALLOCATE|[EXTERNAL]|Bytes:100
14:48:54.0 (2552804)|HEAP_ALLOCATE|[EXTERNAL]|Bytes:31
14:48:54.0 (2560274)|METHOD_ENTRY|[1]|01p46000002x5eL|showExpensesListForContactController.showExpensesListForContactController()
14:48:54.0 (2564257)|STATEMENT_EXECUTE|[1]
14:48:54.0 (2568757)|STATEMENT_EXECUTE|[1]
14:48:54.0 (2572242)|METHOD_EXIT|[1]|showExpensesListForContactController
14:48:54.0 (2590664)|HEAP_ALLOCATE|[EXTERNAL]|Bytes:24
14:48:54.0 (2597333)|VARIABLE_SCOPE_BEGIN|[12]|this|showExpensesListForContactController|true|false
14:48:54.0 (2655581)|VARIABLE_ASSIGNMENT|[12]|this|{}|0x1f84d3a5
14:48:54.0 (2661712)|STATEMENT_EXECUTE|[1]
14:48:54.0 (2662974)|STATEMENT_EXECUTE|[3]
14:48:54.0 (2678437)|VARIABLE_ASSIGNMENT|[3]|this.queryString|""|0x1f84d3a5
14:48:54.0 (2680422)|STATEMENT_EXECUTE|[5]
14:48:54.0 (2681550)|STATEMENT_EXECUTE|[7]
14:48:54.0 (2710337)|HEAP_ALLOCATE|[50]|Bytes:5
14:48:54.0 (2731347)|HEAP_ALLOCATE|[56]|Bytes:5
14:48:54.0 (2737540)|HEAP_ALLOCATE|[64]|Bytes:7
14:48:54.0 (2827989)|HEAP_ALLOCATE|[7]|Bytes:53
14:48:54.0 (2879340)|HEAP_ALLOCATE|[7]|Bytes:17
14:48:54.0 (2894811)|HEAP_ALLOCATE|[7]|Bytes:2
14:48:54.0 (2926112)|VARIABLE_ASSIGNMENT|[7]|this.idContact|"00346000002ojVW"|0x1f84d3a5
14:48:54.0 (2929296)|STATEMENT_EXECUTE|[9]
14:48:54.0 (2935159)|HEAP_ALLOCATE|[9]|Bytes:4
14:48:54.0 (2940982)|VARIABLE_ASSIGNMENT|[9]|this.OffsetSize|0|0x1f84d3a5
14:48:54.0 (2942609)|STATEMENT_EXECUTE|[10]
14:48:54.0 (2944618)|HEAP_ALLOCATE|[10]|Bytes:4
14:48:54.0 (2947732)|VARIABLE_ASSIGNMENT|[10]|this.QueryLimit|3|0x1f84d3a5
14:48:54.0 (2953775)|HEAP_ALLOCATE|[10]|Bytes:6
14:48:54.0 (2977230)|STATEMENT_EXECUTE|[12]
14:48:54.0 (2978856)|STATEMENT_EXECUTE|[14]
14:48:54.0 (2981351)|HEAP_ALLOCATE|[14]|Bytes:30
14:48:54.0 (2988928)|HEAP_ALLOCATE|[14]|Bytes:4
14:48:54.0 (3183905)|SOQL_EXECUTE_BEGIN|[14]|Aggregations:0|SELECT COUNT() FROM Expense__c
14:48:54.0 (18675750)|SOQL_EXECUTE_END|[14]|Rows:7
14:48:54.0 (18711686)|HEAP_ALLOCATE|[14]|Bytes:4
14:48:54.0 (18830535)|VARIABLE_ASSIGNMENT|[EXTERNAL]|this|{"idContact":"00346000002ojVW","OffsetSize":0,"QueryLimit":3,"queryString":""}|0x1f84d3a5
14:48:54.0 (18840669)|VARIABLE_ASSIGNMENT|[EXTERNAL]|value|7
14:48:54.0 (18850260)|HEAP_ALLOCATE|[5]|Bytes:4
14:48:54.0 (18862112)|VARIABLE_ASSIGNMENT|[5]|this.CountTotalRecords|7|0x1f84d3a5
14:48:54.0 (18969277)|SYSTEM_MODE_ENTER|true
14:48:54.0 (19031150)|HEAP_ALLOCATE|[EXTERNAL]|Bytes:24
14:48:54.0 (19040039)|VARIABLE_SCOPE_BEGIN|[26]|this|showExpensesListForContactController|true|false
14:48:54.0 (19070254)|VARIABLE_ASSIGNMENT|[26]|this|{"CountTotalRecords":7,"idContact":"00346000002ojVW","OffsetSize":0,"QueryLimit":3,"queryString":""}|0x1f84d3a5
14:48:54.0 (19080483)|STATEMENT_EXECUTE|[26]
14:48:54.0 (19082196)|STATEMENT_EXECUTE|[28]
14:48:54.0 (19088610)|HEAP_ALLOCATE|[28]|Bytes:136
14:48:54.0 (19095684)|HEAP_ALLOCATE|[30]|Bytes:1
14:48:54.0 (19098725)|HEAP_ALLOCATE|[31]|Bytes:7
14:48:54.0 (19171138)|HEAP_ALLOCATE|[31]|Bytes:1
14:48:54.0 (19190933)|HEAP_ALLOCATE|[28]|Bytes:160
14:48:54.0 (19193802)|HEAP_ALLOCATE|[31]|Bytes:8
14:48:54.0 (19202501)|HEAP_ALLOCATE|[31]|Bytes:1
14:48:54.0 (19210824)|HEAP_ALLOCATE|[28]|Bytes:9
14:48:54.0 (19213548)|HEAP_ALLOCATE|[28]|Bytes:169
14:48:54.0 (21104853)|SOQL_EXECUTE_BEGIN|[28]|Aggregations:0|SELECT id, Name, Category__c, RecordType.Name, Amount__c, Tax__c, Client_Company__c, Submitted__c FROM Expense__c WHERE Employee__r.Id='00346000002ojVW' LIMIT 3 OFFSET 0
14:48:54.0 (40432425)|SOQL_EXECUTE_END|[28]|Rows:3
14:48:54.0 (40463283)|HEAP_ALLOCATE|[28]|Bytes:16
14:48:54.0 (40500693)|HEAP_ALLOCATE|[28]|Bytes:840
14:48:54.0 (40553467)|HEAP_ALLOCATE|[28]|Bytes:16
14:48:54.0 (40579480)|VARIABLE_SCOPE_BEGIN|[28]|results|List<Expense__c>|true|false
14:48:54.0 (40637224)|VARIABLE_ASSIGNMENT|[28]|results|[{"Id":"a0F46000000FBblEAG","Name":"Test","Category__c":"Transportation","RecordTypeId":"012460000005G1FAAU","Amount__c":3500,"Tax__c":455.00,"Submitted__c":true,"Employee__c":"00346000002ojVWAAY","RecordType":{"Name":"Business Trips","Id":"012460000005G1FAAU"}},{"Id":"a0F46000000Fp6rEAC","Name":"Test44","RecordTypeId":"012460000005G1FAAU","Amount__c":3000,"Tax__c":390.00,"Submitted__c":true,"Employee__c":"00346000002ojVWAAY","RecordType":{"Name":"Business Trips","Id":"012460000005G1FAAU"}},{"Id":"a0F46000000Fp76EAC","Name":"Travel to Las Vegas","Category__c":"Event Registration","RecordTypeId":"012460000005G1FAAU","Amount__c":3499,"Tax__c":454.87,"Submitted__c":true,"Employee__c":"00346000002ojVWAAY","RecordType":{"Name":"Business Trips","Id":"012460000005G1FAAU"}}]|0x45a24136
14:48:54.0 (40646759)|STATEMENT_EXECUTE|[33]
14:48:54.0 (48541874)|SYSTEM_MODE_ENTER|true
14:48:54.0 (48610440)|HEAP_ALLOCATE|[EXTERNAL]|Bytes:24
14:48:54.0 (48625200)|VARIABLE_SCOPE_BEGIN|[57]|this|showExpensesListForContactController|true|false
14:48:54.0 (48675973)|VARIABLE_ASSIGNMENT|[57]|this|{"CountTotalRecords":7,"idContact":"00346000002ojVW","OffsetSize":0,"QueryLimit":3,"queryString":""}|0x1f84d3a5
14:48:54.0 (48689504)|STATEMENT_EXECUTE|[57]
14:48:54.0 (48701368)|STATEMENT_EXECUTE|[61]
14:48:54.0 (48720777)|HEAP_ALLOCATE|[61]|Bytes:5
14:48:54.0 (48931975)|SYSTEM_MODE_ENTER|true
14:48:54.0 (48960567)|HEAP_ALLOCATE|[EXTERNAL]|Bytes:24
14:48:54.0 (48967610)|VARIABLE_SCOPE_BEGIN|[64]|this|showExpensesListForContactController|true|false
14:48:54.0 (48995629)|VARIABLE_ASSIGNMENT|[64]|this|{"CountTotalRecords":7,"idContact":"00346000002ojVW","OffsetSize":0,"QueryLimit":3,"queryString":""}|0x1f84d3a5
14:48:54.0 (49003501)|STATEMENT_EXECUTE|[64]
14:48:54.0 (49058916)|VARIABLE_ASSIGNMENT|[EXTERNAL]|this|{"CountTotalRecords":7,"idContact":"00346000002ojVW","OffsetSize":0,"QueryLimit":3,"queryString":""}|0x1f84d3a5
14:48:54.0 (49071953)|STATEMENT_EXECUTE|[65]
14:48:54.0 (49073355)|STATEMENT_EXECUTE|[66]
14:48:54.0 (49078325)|HEAP_ALLOCATE|[66]|Bytes:5
14:48:54.0 (55009075)|VF_SERIALIZE_VIEWSTATE_BEGIN|06646000001Bfzo
14:48:54.0 (57649994)|VF_SERIALIZE_VIEWSTATE_END
14:48:54.59 (59788462)|CUMULATIVE_LIMIT_USAGE
14:48:54.59 (59788462)|LIMIT_USAGE_FOR_NS|(default)|
  Number of SOQL queries: 2 out of 100
  Number of query rows: 10 out of 50000
  Number of SOSL queries: 0 out of 20
  Number of DML statements: 0 out of 150
  Number of DML rows: 0 out of 10000
  Maximum CPU time: 0 out of 10000
  Maximum heap size: 0 out of 6000000
  Number of callouts: 0 out of 100
  Number of Email Invocations: 0 out of 10
  Number of future calls: 0 out of 50
  Number of queueable jobs added to the queue: 0 out of 50
  Number of Mobile Apex push calls: 0 out of 10

14:48:54.59 (59788462)|CUMULATIVE_LIMIT_USAGE_END

14:48:54.0 (59823123)|CODE_UNIT_FINISHED|VF: /apex/showExpensesListForContact
14:48:54.0 (60721292)|EXECUTION_FINISHED
