39.0 APEX_CODE,FINEST;APEX_PROFILING,INFO;CALLOUT,INFO;DB,INFO;SYSTEM,DEBUG;VALIDATION,INFO;VISUALFORCE,INFO;WAVE,INFO;WORKFLOW,INFO
14:49:02.0 (288911)|USER_INFO|[EXTERNAL]|00546000000Iihs|pacosta@altimetrik.com|Argentine Time|GMT-03:00
14:49:02.0 (314404)|EXECUTION_STARTED
14:49:02.0 (318842)|CODE_UNIT_STARTED|[EXTERNAL]|06646000001Bfzo|VF: /apex/showExpensesListForContact
14:49:02.0 (776001)|VF_DESERIALIZE_VIEWSTATE_BEGIN|06646000001Bfzo
14:49:02.0 (5580785)|HEAP_ALLOCATE|[72]|Bytes:3
14:49:02.0 (5642193)|HEAP_ALLOCATE|[77]|Bytes:152
14:49:02.0 (5655691)|HEAP_ALLOCATE|[342]|Bytes:408
14:49:02.0 (5669294)|HEAP_ALLOCATE|[355]|Bytes:408
14:49:02.0 (5683684)|HEAP_ALLOCATE|[467]|Bytes:48
14:49:02.0 (5709905)|HEAP_ALLOCATE|[139]|Bytes:6
14:49:02.0 (6948413)|VF_DESERIALIZE_VIEWSTATE_END
14:49:02.0 (7887937)|SYSTEM_MODE_ENTER|true
14:49:02.0 (8230295)|HEAP_ALLOCATE|[EXTERNAL]|Bytes:100
14:49:02.0 (8258912)|HEAP_ALLOCATE|[EXTERNAL]|Bytes:31
14:49:02.0 (8267977)|METHOD_ENTRY|[1]|01p46000002x5eL|showExpensesListForContactController.showExpensesListForContactController()
14:49:02.0 (8271130)|STATEMENT_EXECUTE|[1]
14:49:02.0 (8275436)|STATEMENT_EXECUTE|[1]
14:49:02.0 (8280203)|METHOD_EXIT|[1]|showExpensesListForContactController
14:49:02.0 (8289239)|HEAP_ALLOCATE|[EXTERNAL]|Bytes:24
14:49:02.0 (8296050)|VARIABLE_SCOPE_BEGIN|[26]|this|showExpensesListForContactController|true|false
14:49:02.0 (8446926)|VARIABLE_ASSIGNMENT|[26]|this|{"CountTotalRecords":7,"idContact":"00346000002ojVW","OffsetSize":6,"QueryLimit":3,"queryString":""}|0x171e03d8
14:49:02.0 (8456579)|STATEMENT_EXECUTE|[26]
14:49:02.0 (8457986)|STATEMENT_EXECUTE|[28]
14:49:02.0 (8471680)|HEAP_ALLOCATE|[28]|Bytes:136
14:49:02.0 (8479082)|HEAP_ALLOCATE|[30]|Bytes:1
14:49:02.0 (8481815)|HEAP_ALLOCATE|[31]|Bytes:7
14:49:02.0 (8540394)|HEAP_ALLOCATE|[31]|Bytes:1
14:49:02.0 (8557993)|HEAP_ALLOCATE|[28]|Bytes:160
14:49:02.0 (8560525)|HEAP_ALLOCATE|[31]|Bytes:8
14:49:02.0 (8568630)|HEAP_ALLOCATE|[31]|Bytes:1
14:49:02.0 (8577421)|HEAP_ALLOCATE|[28]|Bytes:9
14:49:02.0 (8580204)|HEAP_ALLOCATE|[28]|Bytes:169
14:49:02.0 (8618344)|HEAP_ALLOCATE|[50]|Bytes:5
14:49:02.0 (8637694)|HEAP_ALLOCATE|[56]|Bytes:5
14:49:02.0 (8643002)|HEAP_ALLOCATE|[64]|Bytes:7
14:49:02.0 (10931858)|SOQL_EXECUTE_BEGIN|[28]|Aggregations:0|SELECT id, Name, Category__c, RecordType.Name, Amount__c, Tax__c, Client_Company__c, Submitted__c FROM Expense__c WHERE Employee__r.Id='00346000002ojVW' LIMIT 3 OFFSET 6
14:49:02.0 (17592901)|SOQL_EXECUTE_END|[28]|Rows:0
14:49:02.0 (17617113)|HEAP_ALLOCATE|[28]|Bytes:4
14:49:02.0 (17632244)|HEAP_ALLOCATE|[28]|Bytes:0
14:49:02.0 (17673282)|HEAP_ALLOCATE|[28]|Bytes:4
14:49:02.0 (17693845)|VARIABLE_SCOPE_BEGIN|[28]|results|List<Expense__c>|true|false
14:49:02.0 (17711659)|VARIABLE_ASSIGNMENT|[28]|results|[]|0x29d3aa76
14:49:02.0 (17715347)|STATEMENT_EXECUTE|[33]
14:49:02.0 (18208376)|SYSTEM_MODE_ENTER|true
14:49:02.0 (18247387)|HEAP_ALLOCATE|[EXTERNAL]|Bytes:24
14:49:02.0 (18255430)|VARIABLE_SCOPE_BEGIN|[57]|this|showExpensesListForContactController|true|false
14:49:02.0 (18300600)|VARIABLE_ASSIGNMENT|[57]|this|{"CountTotalRecords":7,"idContact":"00346000002ojVW","OffsetSize":6,"QueryLimit":3,"queryString":""}|0x171e03d8
14:49:02.0 (18307981)|STATEMENT_EXECUTE|[57]
14:49:02.0 (18316014)|STATEMENT_EXECUTE|[58]
14:49:02.0 (18317137)|STATEMENT_EXECUTE|[59]
14:49:02.0 (18325683)|HEAP_ALLOCATE|[59]|Bytes:5
14:49:02.0 (18408720)|SYSTEM_MODE_ENTER|true
14:49:02.0 (18430367)|HEAP_ALLOCATE|[EXTERNAL]|Bytes:24
14:49:02.0 (18435612)|VARIABLE_SCOPE_BEGIN|[64]|this|showExpensesListForContactController|true|false
14:49:02.0 (18455488)|VARIABLE_ASSIGNMENT|[64]|this|{"CountTotalRecords":7,"idContact":"00346000002ojVW","OffsetSize":6,"QueryLimit":3,"queryString":""}|0x171e03d8
14:49:02.0 (18461185)|STATEMENT_EXECUTE|[64]
14:49:02.0 (18502927)|VARIABLE_ASSIGNMENT|[EXTERNAL]|this|{"CountTotalRecords":7,"idContact":"00346000002ojVW","OffsetSize":6,"QueryLimit":3,"queryString":""}|0x171e03d8
14:49:02.0 (18513376)|STATEMENT_EXECUTE|[68]
14:49:02.0 (18517906)|HEAP_ALLOCATE|[68]|Bytes:5
14:49:02.0 (18780487)|HEAP_ALLOCATE|[EXTERNAL]|Bytes:24
14:49:02.0 (18786442)|VARIABLE_SCOPE_BEGIN|[76]|this|showExpensesListForContactController|true|false
14:49:02.0 (18806709)|VARIABLE_ASSIGNMENT|[76]|this|{"CountTotalRecords":7,"idContact":"00346000002ojVW","OffsetSize":6,"QueryLimit":3,"queryString":""}|0x171e03d8
14:49:02.0 (18812967)|STATEMENT_EXECUTE|[76]
14:49:02.0 (18814149)|STATEMENT_EXECUTE|[77]
14:49:02.0 (18821284)|HEAP_ALLOCATE|[77]|Bytes:4
14:49:02.0 (18842209)|VARIABLE_ASSIGNMENT|[77]|this.OffsetSize|3|0x171e03d8
14:49:02.0 (18844053)|STATEMENT_EXECUTE|[78]
14:49:02.0 (22062866)|SYSTEM_MODE_ENTER|true
14:49:02.0 (22089534)|HEAP_ALLOCATE|[EXTERNAL]|Bytes:24
14:49:02.0 (22095190)|VARIABLE_SCOPE_BEGIN|[26]|this|showExpensesListForContactController|true|false
14:49:02.0 (22119835)|VARIABLE_ASSIGNMENT|[26]|this|{"CountTotalRecords":7,"idContact":"00346000002ojVW","OffsetSize":3,"QueryLimit":3,"queryString":""}|0x171e03d8
14:49:02.0 (22126833)|STATEMENT_EXECUTE|[26]
14:49:02.0 (22128255)|STATEMENT_EXECUTE|[28]
14:49:02.0 (22154786)|HEAP_ALLOCATE|[31]|Bytes:1
14:49:02.0 (22167346)|HEAP_ALLOCATE|[28]|Bytes:160
14:49:02.0 (22174621)|HEAP_ALLOCATE|[31]|Bytes:1
14:49:02.0 (22182557)|HEAP_ALLOCATE|[28]|Bytes:9
14:49:02.0 (22185223)|HEAP_ALLOCATE|[28]|Bytes:169
14:49:02.0 (22499715)|SOQL_EXECUTE_BEGIN|[28]|Aggregations:0|SELECT id, Name, Category__c, RecordType.Name, Amount__c, Tax__c, Client_Company__c, Submitted__c FROM Expense__c WHERE Employee__r.Id='00346000002ojVW' LIMIT 3 OFFSET 3
14:49:02.0 (28956977)|SOQL_EXECUTE_END|[28]|Rows:1
14:49:02.0 (28972599)|HEAP_ALLOCATE|[28]|Bytes:8
14:49:02.0 (29002982)|HEAP_ALLOCATE|[28]|Bytes:325
14:49:02.0 (29023512)|HEAP_ALLOCATE|[28]|Bytes:8
14:49:02.0 (29040150)|VARIABLE_SCOPE_BEGIN|[28]|results|List<Expense__c>|true|false
14:49:02.0 (29069990)|VARIABLE_ASSIGNMENT|[28]|results|[{"Id":"a0F46000000FtpwEAC","Name":"Expense nueva","Category__c":"Transportation","RecordTypeId":"012460000005G1FAAU","Amount__c":4000,"Tax__c":520.00,"Submitted__c":true,"Employee__c":"00346000002ojVWAAY","RecordType":{"Name":"Business Trips","Id":"012460000005G1FAAU"}}]|0x3933aa4
14:49:02.0 (29075419)|STATEMENT_EXECUTE|[33]
14:49:02.0 (30380448)|SYSTEM_MODE_ENTER|true
14:49:02.0 (30408219)|HEAP_ALLOCATE|[EXTERNAL]|Bytes:24
14:49:02.0 (30413886)|VARIABLE_SCOPE_BEGIN|[57]|this|showExpensesListForContactController|true|false
14:49:02.0 (30439878)|VARIABLE_ASSIGNMENT|[57]|this|{"CountTotalRecords":7,"idContact":"00346000002ojVW","OffsetSize":3,"QueryLimit":3,"queryString":""}|0x171e03d8
14:49:02.0 (30446458)|STATEMENT_EXECUTE|[57]
14:49:02.0 (30451564)|STATEMENT_EXECUTE|[58]
14:49:02.0 (30452567)|STATEMENT_EXECUTE|[59]
14:49:02.0 (30458640)|HEAP_ALLOCATE|[59]|Bytes:5
14:49:02.0 (30835594)|SYSTEM_MODE_ENTER|true
14:49:02.0 (30858757)|HEAP_ALLOCATE|[EXTERNAL]|Bytes:24
14:49:02.0 (30863021)|VARIABLE_SCOPE_BEGIN|[64]|this|showExpensesListForContactController|true|false
14:49:02.0 (30886134)|VARIABLE_ASSIGNMENT|[64]|this|{"CountTotalRecords":7,"idContact":"00346000002ojVW","OffsetSize":3,"QueryLimit":3,"queryString":""}|0x171e03d8
14:49:02.0 (30892310)|STATEMENT_EXECUTE|[64]
14:49:02.0 (30915110)|VARIABLE_ASSIGNMENT|[EXTERNAL]|this|{"CountTotalRecords":7,"idContact":"00346000002ojVW","OffsetSize":3,"QueryLimit":3,"queryString":""}|0x171e03d8
14:49:02.0 (30923033)|STATEMENT_EXECUTE|[65]
14:49:02.0 (30924214)|STATEMENT_EXECUTE|[66]
14:49:02.0 (30928511)|HEAP_ALLOCATE|[66]|Bytes:5
14:49:02.0 (35059500)|VF_SERIALIZE_VIEWSTATE_BEGIN|06646000001Bfzo
14:49:02.0 (36719675)|VF_SERIALIZE_VIEWSTATE_END
14:49:02.38 (38433936)|CUMULATIVE_LIMIT_USAGE
14:49:02.38 (38433936)|LIMIT_USAGE_FOR_NS|(default)|
  Number of SOQL queries: 2 out of 100
  Number of query rows: 1 out of 50000
  Number of SOSL queries: 0 out of 20
  Number of DML statements: 0 out of 150
  Number of DML rows: 0 out of 10000
  Maximum CPU time: 0 out of 10000
  Maximum heap size: 0 out of 6000000
  Number of callouts: 0 out of 100
  Number of Email Invocations: 0 out of 10
  Number of future calls: 0 out of 50
  Number of queueable jobs added to the queue: 0 out of 50
  Number of Mobile Apex push calls: 0 out of 10

14:49:02.38 (38433936)|CUMULATIVE_LIMIT_USAGE_END

14:49:02.0 (38466088)|CODE_UNIT_FINISHED|VF: /apex/showExpensesListForContact
14:49:02.0 (39173265)|EXECUTION_FINISHED
