39.0 APEX_CODE,FINEST;APEX_PROFILING,INFO;CALLOUT,INFO;DB,INFO;SYSTEM,DEBUG;VALIDATION,INFO;VISUALFORCE,INFO;WAVE,INFO;WORKFLOW,INFO
17:42:43.0 (428552)|USER_INFO|[EXTERNAL]|00546000000Iihs|pacosta@altimetrik.com|Argentine Time|GMT-03:00
17:42:43.0 (459566)|EXECUTION_STARTED
17:42:43.0 (463707)|CODE_UNIT_STARTED|[EXTERNAL]|01p46000002xICK|TestExpenseUpdateOrDelete.testDeleteExpense
17:42:43.0 (650151)|HEAP_ALLOCATE|[72]|Bytes:3
17:42:43.0 (687571)|HEAP_ALLOCATE|[77]|Bytes:152
17:42:43.0 (702447)|HEAP_ALLOCATE|[342]|Bytes:408
17:42:43.0 (721050)|HEAP_ALLOCATE|[355]|Bytes:408
17:42:43.0 (739127)|HEAP_ALLOCATE|[467]|Bytes:48
17:42:43.0 (777096)|HEAP_ALLOCATE|[139]|Bytes:6
17:42:43.0 (790274)|HEAP_ALLOCATE|[EXTERNAL]|Bytes:20
17:42:43.0 (799660)|METHOD_ENTRY|[2]|01p46000002xICK|TestExpenseUpdateOrDelete.TestExpenseUpdateOrDelete()
17:42:43.0 (804241)|STATEMENT_EXECUTE|[2]
17:42:43.0 (810395)|STATEMENT_EXECUTE|[2]
17:42:43.0 (814319)|METHOD_EXIT|[2]|TestExpenseUpdateOrDelete
17:42:43.0 (847364)|HEAP_ALLOCATE|[50]|Bytes:5
17:42:43.0 (869941)|HEAP_ALLOCATE|[56]|Bytes:5
17:42:43.0 (875453)|HEAP_ALLOCATE|[64]|Bytes:7
17:42:43.0 (913926)|STATEMENT_EXECUTE|[4]
17:42:43.0 (915757)|STATEMENT_EXECUTE|[6]
17:42:43.0 (962943)|HEAP_ALLOCATE|[6]|Bytes:4
17:42:43.0 (1043990)|HEAP_ALLOCATE|[6]|Bytes:12
17:42:43.0 (1094045)|VARIABLE_ASSIGNMENT|[6]|this.Name|"Test Expense"|0x58d5debc
17:42:43.0 (1116083)|VARIABLE_ASSIGNMENT|[6]|this.Submitted__c|true|0x58d5debc
17:42:43.0 (1139797)|VARIABLE_SCOPE_BEGIN|[6]|expense|Expense__c|true|false
17:42:43.0 (1154374)|VARIABLE_ASSIGNMENT|[6]|expense|{"Name":"Test Expense","Submitted__c":true}|0x58d5debc
17:42:43.0 (1157401)|STATEMENT_EXECUTE|[7]
17:42:43.0 (1180862)|HEAP_ALLOCATE|[7]|Bytes:8
17:42:43.0 (1186217)|DML_BEGIN|[7]|Op:Insert|Type:Expense__c|Rows:1
17:42:43.0 (1207788)|HEAP_ALLOCATE|[EXTERNAL]|Bytes:8
17:42:43.0 (11793395)|CODE_UNIT_STARTED|[EXTERNAL]|Validation:Expense:new
17:42:43.0 (11801515)|VALIDATION_RULE|03d46000000DMqh|InsertOtherValue
17:42:43.0 (12035339)|VALIDATION_FORMULA|AND (IF (ISPICKVAL( Category__c , "Other"), true, false),  ISBLANK( Other__c ) )|Category__c=null , Other__c=null
17:42:43.0 (12042177)|VALIDATION_PASS
17:42:43.0 (12068362)|CODE_UNIT_FINISHED|Validation:Expense:new
17:42:43.0 (13237663)|DML_END|[7]
17:42:43.0 (13374483)|VF_PAGE_MESSAGE|Required fields are missing: [Employee__c, Amount__c]
17:42:43.0 (13484100)|EXCEPTION_THROWN|[7]|System.DmlException: Insert failed. First exception on row 0; first error: REQUIRED_FIELD_MISSING, Required fields are missing: [Employee__c, Amount__c]: [Employee__c, Amount__c]
17:42:43.0 (13770190)|HEAP_ALLOCATE|[7]|Bytes:161
17:42:43.0 (13983202)|FATAL_ERROR|System.DmlException: Insert failed. First exception on row 0; first error: REQUIRED_FIELD_MISSING, Required fields are missing: [Employee__c, Amount__c]: [Employee__c, Amount__c]

Class.TestExpenseUpdateOrDelete.testDeleteExpense: line 7, column 1
17:42:43.0 (13992276)|FATAL_ERROR|System.DmlException: Insert failed. First exception on row 0; first error: REQUIRED_FIELD_MISSING, Required fields are missing: [Employee__c, Amount__c]: [Employee__c, Amount__c]

Class.TestExpenseUpdateOrDelete.testDeleteExpense: line 7, column 1
17:42:43.13 (13999599)|CUMULATIVE_LIMIT_USAGE
17:42:43.13 (13999599)|LIMIT_USAGE_FOR_NS|(default)|
  Number of SOQL queries: 0 out of 100
  Number of query rows: 0 out of 50000
  Number of SOSL queries: 0 out of 20
  Number of DML statements: 1 out of 150
  Number of DML rows: 1 out of 10000
  Maximum CPU time: 0 out of 10000
  Maximum heap size: 0 out of 6000000
  Number of callouts: 0 out of 100
  Number of Email Invocations: 0 out of 10
  Number of future calls: 0 out of 50
  Number of queueable jobs added to the queue: 0 out of 50
  Number of Mobile Apex push calls: 0 out of 10

17:42:43.13 (13999599)|CUMULATIVE_LIMIT_USAGE_END

17:42:43.0 (14028039)|CODE_UNIT_FINISHED|TestExpenseUpdateOrDelete.testDeleteExpense
17:42:43.0 (15114891)|EXECUTION_FINISHED
