39.0 APEX_CODE,FINEST;APEX_PROFILING,INFO;CALLOUT,INFO;DB,INFO;SYSTEM,DEBUG;VALIDATION,INFO;VISUALFORCE,INFO;WAVE,INFO;WORKFLOW,INFO
17:11:00.0 (283606)|USER_INFO|[EXTERNAL]|00546000000Iihs|pacosta@altimetrik.com|Argentine Time|GMT-03:00
17:11:00.0 (305307)|EXECUTION_STARTED
17:11:00.0 (308805)|CODE_UNIT_STARTED|[EXTERNAL]|TRIGGERS
17:11:00.0 (1076896)|CODE_UNIT_STARTED|[EXTERNAL]|01q46000000Qd5z|UpdateOrDeleteExpenseTrigger on Expense trigger event BeforeDelete for [a0F46000000FmUw]
17:11:00.0 (1127684)|HEAP_ALLOCATE|[EXTERNAL]|Bytes:8
17:11:00.0 (1516304)|HEAP_ALLOCATE|[72]|Bytes:3
17:11:00.0 (1554918)|HEAP_ALLOCATE|[77]|Bytes:152
17:11:00.0 (1567744)|HEAP_ALLOCATE|[342]|Bytes:408
17:11:00.0 (1581780)|HEAP_ALLOCATE|[355]|Bytes:408
17:11:00.0 (1593763)|HEAP_ALLOCATE|[467]|Bytes:48
17:11:00.0 (1621168)|HEAP_ALLOCATE|[139]|Bytes:6
17:11:00.0 (1643736)|HEAP_ALLOCATE|[EXTERNAL]|Bytes:4
17:11:00.0 (1650174)|VARIABLE_SCOPE_BEGIN|[1]|this|UpdateOrDeleteExpenseTrigger|true|false
17:11:00.0 (1688007)|VARIABLE_ASSIGNMENT|[1]|this|{}|0x33dad37
17:11:00.0 (1721856)|HEAP_ALLOCATE|[EXTERNAL]|Bytes:4
17:11:00.0 (1725957)|VARIABLE_SCOPE_BEGIN|[1]|this|UpdateOrDeleteExpenseTrigger|true|false
17:11:00.0 (1732678)|VARIABLE_ASSIGNMENT|[1]|this|{}|0x33dad37
17:11:00.0 (1738244)|STATEMENT_EXECUTE|[1]
17:11:00.0 (1766837)|HEAP_ALLOCATE|[50]|Bytes:5
17:11:00.0 (1786727)|HEAP_ALLOCATE|[56]|Bytes:5
17:11:00.0 (1792460)|HEAP_ALLOCATE|[64]|Bytes:7
17:11:00.0 (1816131)|STATEMENT_EXECUTE|[3]
17:11:00.0 (2107412)|HEAP_ALLOCATE|[4]|Bytes:5
17:11:00.0 (2132973)|VARIABLE_SCOPE_BEGIN|[4]|ex|Expense__c|true|false
17:11:00.0 (3361062)|VARIABLE_ASSIGNMENT|[4]|ex|{"Expense_Status__c":"SUBMITTED","LastModifiedDate":"2017-03-23T20:10:07.000Z","IsDeleted":false,"Name":"Test 4","SystemModstamp":"2017-03-23T20:10:07.000Z","Employee__c":"00346000002ojeGAAQ","OwnerId":"00546000000IihsAAC","CreatedById":"00546000000IihsAAC","Amount__c":8900,"Submitted__c":true,"Category__c":"Road Meals","RecordTypeId":"012460000005G1KAAU","CreatedDate":"2017-03-22T13:23:31.000Z","Id":"a0F46000000FmUwEAK","LastModifiedById":"00546000000IihsAAC","Tax__c":1157.00}|0x578d3aa2
17:11:00.0 (3369402)|STATEMENT_EXECUTE|[4]
17:11:00.0 (3394066)|HEAP_ALLOCATE|[6]|Bytes:13
17:11:00.0 (3418474)|STATEMENT_EXECUTE|[6]
17:11:00.0 (3419998)|STATEMENT_EXECUTE|[8]
17:11:00.0 (3545876)|HEAP_ALLOCATE|[8]|Bytes:33
17:11:00.0 (3596952)|HEAP_ALLOCATE|[4]|Bytes:5
17:11:00.0 (3608922)|VARIABLE_ASSIGNMENT|[4]|ex|null|
17:11:00.0 (3625930)|STATEMENT_EXECUTE|[15]
17:11:00.3 (3633114)|CUMULATIVE_LIMIT_USAGE
17:11:00.3 (3633114)|LIMIT_USAGE_FOR_NS|(default)|
  Number of SOQL queries: 0 out of 100
  Number of query rows: 0 out of 50000
  Number of SOSL queries: 0 out of 20
  Number of DML statements: 0 out of 150
  Number of DML rows: 0 out of 10000
  Maximum CPU time: 0 out of 10000
  Maximum heap size: 0 out of 6000000
  Number of callouts: 0 out of 100
  Number of Email Invocations: 0 out of 10
  Number of future calls: 0 out of 50
  Number of queueable jobs added to the queue: 0 out of 50
  Number of Mobile Apex push calls: 0 out of 10

17:11:00.3 (3633114)|CUMULATIVE_LIMIT_USAGE_END

17:11:00.0 (4838000)|CODE_UNIT_FINISHED|UpdateOrDeleteExpenseTrigger on Expense trigger event BeforeDelete for [a0F46000000FmUw]
17:11:00.0 (7285729)|CODE_UNIT_FINISHED|TRIGGERS
17:11:00.0 (7290008)|EXECUTION_FINISHED
