39.0 APEX_CODE,FINEST;APEX_PROFILING,INFO;CALLOUT,INFO;DB,INFO;SYSTEM,DEBUG;VALIDATION,INFO;VISUALFORCE,INFO;WAVE,INFO;WORKFLOW,INFO
16:02:28.0 (254092)|USER_INFO|[EXTERNAL]|00546000000Iihs|pacosta@altimetrik.com|Argentine Time|GMT-03:00
16:02:28.0 (277574)|EXECUTION_STARTED
16:02:28.0 (280772)|CODE_UNIT_STARTED|[EXTERNAL]|06646000001BW08|VF: /apex/ListOfEmployees
16:02:28.0 (20346784)|SYSTEM_MODE_ENTER|true
16:02:28.0 (20616546)|HEAP_ALLOCATE|[72]|Bytes:3
16:02:28.0 (20648698)|HEAP_ALLOCATE|[77]|Bytes:152
16:02:28.0 (20661574)|HEAP_ALLOCATE|[342]|Bytes:408
16:02:28.0 (20675117)|HEAP_ALLOCATE|[355]|Bytes:408
16:02:28.0 (20687572)|HEAP_ALLOCATE|[467]|Bytes:48
16:02:28.0 (20711931)|HEAP_ALLOCATE|[139]|Bytes:6
16:02:28.0 (20722873)|HEAP_ALLOCATE|[EXTERNAL]|Bytes:14
16:02:28.0 (20726008)|HEAP_ALLOCATE|[EXTERNAL]|Bytes:88
16:02:28.0 (20727699)|HEAP_ALLOCATE|[EXTERNAL]|Bytes:18
16:02:28.0 (20734109)|METHOD_ENTRY|[1]|01p46000002wayn|ExpenseController.ExpenseController()
16:02:28.0 (20739411)|STATEMENT_EXECUTE|[1]
16:02:28.0 (20744124)|STATEMENT_EXECUTE|[1]
16:02:28.0 (20745484)|STATEMENT_EXECUTE|[59]
16:02:28.0 (20749421)|METHOD_EXIT|[1]|ExpenseController
16:02:28.0 (20762547)|HEAP_ALLOCATE|[EXTERNAL]|Bytes:12
16:02:28.0 (20767083)|VARIABLE_SCOPE_BEGIN|[1]|this|ExpenseController|true|false
16:02:28.0 (20805097)|VARIABLE_ASSIGNMENT|[1]|this|{}|0x34d18e9
16:02:28.0 (20814210)|HEAP_ALLOCATE|[3]|Bytes:6
16:02:28.0 (20849829)|STATEMENT_EXECUTE|[1]
16:02:28.0 (20851488)|STATEMENT_EXECUTE|[3]
16:02:28.0 (20863032)|VARIABLE_ASSIGNMENT|[3]|this.queryString|""|0x34d18e9
16:02:28.0 (20865905)|STATEMENT_EXECUTE|[5]
16:02:28.0 (20901948)|SYSTEM_MODE_ENTER|true
16:02:28.0 (28703175)|VF_SERIALIZE_VIEWSTATE_BEGIN|06646000001BW08
16:02:28.0 (37335241)|VF_SERIALIZE_VIEWSTATE_END
16:02:28.0 (38377209)|CODE_UNIT_STARTED|[EXTERNAL]|Generate Metadata
16:02:28.0 (38692508)|CODE_UNIT_FINISHED|Generate Metadata
16:02:28.40 (40220444)|CUMULATIVE_LIMIT_USAGE
16:02:28.40 (40220444)|LIMIT_USAGE_FOR_NS|(default)|
  Number of SOQL queries: 0 out of 100
  Number of query rows: 0 out of 50000
  Number of SOSL queries: 0 out of 20
  Number of DML statements: 0 out of 150
  Number of DML rows: 0 out of 10000
  Maximum CPU time: 0 out of 10000
  Maximum heap size: 0 out of 6000000
  Number of callouts: 0 out of 100
  Number of Email Invocations: 0 out of 10
  Number of future calls: 0 out of 50
  Number of queueable jobs added to the queue: 0 out of 50
  Number of Mobile Apex push calls: 0 out of 10

16:02:28.40 (40220444)|CUMULATIVE_LIMIT_USAGE_END

16:02:28.0 (40251855)|CODE_UNIT_FINISHED|VF: /apex/ListOfEmployees
16:02:28.0 (40966123)|EXECUTION_FINISHED
