39.0 APEX_CODE,FINEST;APEX_PROFILING,INFO;CALLOUT,INFO;DB,INFO;SYSTEM,DEBUG;VALIDATION,INFO;VISUALFORCE,INFO;WAVE,INFO;WORKFLOW,INFO
16:03:51.0 (280388)|USER_INFO|[EXTERNAL]|00546000000Iihs|pacosta@altimetrik.com|Argentine Time|GMT-03:00
16:03:51.0 (305325)|EXECUTION_STARTED
16:03:51.0 (308128)|CODE_UNIT_STARTED|[EXTERNAL]|06646000001BW08|VF: /apex/ListOfEmployees
16:03:51.0 (20425659)|SYSTEM_MODE_ENTER|true
16:03:51.0 (20704100)|HEAP_ALLOCATE|[72]|Bytes:3
16:03:51.0 (20733947)|HEAP_ALLOCATE|[77]|Bytes:152
16:03:51.0 (20745516)|HEAP_ALLOCATE|[342]|Bytes:408
16:03:51.0 (20762250)|HEAP_ALLOCATE|[355]|Bytes:408
16:03:51.0 (20774733)|HEAP_ALLOCATE|[467]|Bytes:48
16:03:51.0 (20796616)|HEAP_ALLOCATE|[139]|Bytes:6
16:03:51.0 (20807510)|HEAP_ALLOCATE|[EXTERNAL]|Bytes:14
16:03:51.0 (20814818)|HEAP_ALLOCATE|[EXTERNAL]|Bytes:88
16:03:51.0 (20816653)|HEAP_ALLOCATE|[EXTERNAL]|Bytes:21
16:03:51.0 (20823647)|METHOD_ENTRY|[1]|01p46000002wayn|ExpenseController.ExpenseController()
16:03:51.0 (20828976)|STATEMENT_EXECUTE|[1]
16:03:51.0 (20834514)|STATEMENT_EXECUTE|[1]
16:03:51.0 (20836137)|STATEMENT_EXECUTE|[70]
16:03:51.0 (20840086)|METHOD_EXIT|[1]|ExpenseController
16:03:51.0 (20852855)|HEAP_ALLOCATE|[EXTERNAL]|Bytes:12
16:03:51.0 (20857967)|VARIABLE_SCOPE_BEGIN|[1]|this|ExpenseController|true|false
16:03:51.0 (20896158)|VARIABLE_ASSIGNMENT|[1]|this|{}|0x55d410dc
16:03:51.0 (20904975)|HEAP_ALLOCATE|[3]|Bytes:6
16:03:51.0 (20940623)|STATEMENT_EXECUTE|[1]
16:03:51.0 (20942150)|STATEMENT_EXECUTE|[3]
16:03:51.0 (20954713)|VARIABLE_ASSIGNMENT|[3]|this.queryString|""|0x55d410dc
16:03:51.0 (20957190)|STATEMENT_EXECUTE|[5]
16:03:51.0 (20994798)|SYSTEM_MODE_ENTER|true
16:03:51.0 (28382499)|VF_SERIALIZE_VIEWSTATE_BEGIN|06646000001BW08
16:03:51.0 (37006261)|VF_SERIALIZE_VIEWSTATE_END
16:03:51.0 (38104199)|CODE_UNIT_STARTED|[EXTERNAL]|Generate Metadata
16:03:51.0 (38744077)|CODE_UNIT_FINISHED|Generate Metadata
16:03:51.40 (40362079)|CUMULATIVE_LIMIT_USAGE
16:03:51.40 (40362079)|LIMIT_USAGE_FOR_NS|(default)|
  Number of SOQL queries: 0 out of 100
  Number of query rows: 0 out of 50000
  Number of SOSL queries: 0 out of 20
  Number of DML statements: 0 out of 150
  Number of DML rows: 0 out of 10000
  Maximum CPU time: 0 out of 10000
  Maximum heap size: 0 out of 6000000
  Number of callouts: 0 out of 100
  Number of Email Invocations: 0 out of 10
  Number of future calls: 0 out of 50
  Number of queueable jobs added to the queue: 0 out of 50
  Number of Mobile Apex push calls: 0 out of 10

16:03:51.40 (40362079)|CUMULATIVE_LIMIT_USAGE_END

16:03:51.0 (40394189)|CODE_UNIT_FINISHED|VF: /apex/ListOfEmployees
16:03:51.0 (41140364)|EXECUTION_FINISHED
