39.0 APEX_CODE,FINEST;APEX_PROFILING,INFO;CALLOUT,INFO;DB,INFO;SYSTEM,DEBUG;VALIDATION,INFO;VISUALFORCE,INFO;WAVE,INFO;WORKFLOW,INFO
16:02:58.0 (305026)|USER_INFO|[EXTERNAL]|00546000000Iihs|pacosta@altimetrik.com|Argentine Time|GMT-03:00
16:02:58.0 (332945)|EXECUTION_STARTED
16:02:58.0 (336586)|CODE_UNIT_STARTED|[EXTERNAL]|Validation:Expense:new
16:02:58.0 (342134)|VALIDATION_RULE|03d46000000DMqh|InsertOtherValue
16:02:58.0 (505741)|VALIDATION_FORMULA|AND (IF (ISPICKVAL( Category__c , "Other"), true, false),  ISBLANK( Other__c ) )|Category__c=Printing & Copying , Other__c=null
16:02:58.0 (511526)|VALIDATION_PASS
16:02:58.0 (512733)|VALIDATION_RULE|03d46000000DP1e|SubmittedError
16:02:58.0 (591374)|VALIDATION_FORMULA|NOT(ISPICKVAL( Expense_Status__c , "NOT SUBMITTED"))|Expense_Status__c=NOT SUBMITTED
16:02:58.0 (593737)|VALIDATION_PASS
16:02:58.0 (619093)|CODE_UNIT_FINISHED|Validation:Expense:new
16:02:58.0 (622929)|EXECUTION_FINISHED
16:02:58.17 (17526906)|USER_INFO|[EXTERNAL]|00546000000Iihs|pacosta@altimetrik.com|Argentine Time|GMT-03:00
16:02:58.17 (17534074)|EXECUTION_STARTED
16:02:58.17 (17535798)|CODE_UNIT_STARTED|[EXTERNAL]|Workflow:01I46000000AdSk
16:02:58.17 (26365282)|WF_RULE_EVAL_BEGIN|Workflow
16:02:58.17 (26398790)|WF_CRITERIA_BEGIN|[Expense: Test444 a0F46000000Fp68]|High_Value_Expense_Email_Alert30146000000Cjmi|01Q460000000EDT|ON_ALL_CHANGES|0
16:02:58.17 (26668126)|WF_FORMULA|Formula:ENCODED:[treatNullAsNull]true|Values:
16:02:58.17 (26671159)|WF_CRITERIA_END|true
16:02:58.17 (34735228)|WF_CRITERIA_BEGIN|[Expense: Test444 a0F46000000Fp68]|Submitted_Expense30146000000CknX|01Q460000000F5G|ON_ALL_CHANGES|0
16:02:58.17 (34770945)|WF_FORMULA|Formula:ENCODED:[treatNullAsNull]true|Values:
16:02:58.17 (34773504)|WF_CRITERIA_END|true
16:02:58.17 (34785144)|WF_SPOOL_ACTION_BEGIN|Workflow
16:02:58.17 (34816784)|WF_ACTION| Flow Trigger: 2;
16:02:58.17 (34818685)|WF_RULE_EVAL_END
16:02:58.17 (37450079)|WF_FLOW_ACTION_BEGIN|09L46000000Lo2w
16:02:58.38 (38290750)|FLOW_CREATE_INTERVIEW_BEGIN|00D46000000buVW|30046000000Grmv|30146000000Cjmi
16:02:58.38 (39813816)|FLOW_CREATE_INTERVIEW_END|844733fda82e046a172432bade1215af761c130-6641|High Value Expense Email Alert
16:02:58.40 (40104439)|FLOW_START_INTERVIEWS_BEGIN|1
16:02:58.40 (40739759)|FLOW_START_INTERVIEW_BEGIN|844733fda82e046a172432bade1215af761c130-6641|High Value Expense Email Alert
16:02:58.40 (41458638)|FLOW_START_INTERVIEW_END|844733fda82e046a172432bade1215af761c130-6641|High Value Expense Email Alert
16:02:58.40 (41466944)|FLOW_START_INTERVIEWS_END|1
16:02:58.17 (42330329)|WF_FLOW_ACTION_END|09L46000000Lo2w
16:02:58.17 (42343499)|WF_FLOW_ACTION_BEGIN|09L46000000LqqJ
16:02:58.42 (42373806)|FLOW_CREATE_INTERVIEW_BEGIN|00D46000000buVW|30046000000GrvZ|30146000000CknX
16:02:58.42 (176593983)|FLOW_CREATE_INTERVIEW_END|844833fda82e046a172432bade1215af761c130-6640|Submitted Expense
16:02:58.176 (176888764)|FLOW_START_INTERVIEWS_BEGIN|1
16:02:58.176 (222600208)|FLOW_START_INTERVIEW_BEGIN|844833fda82e046a172432bade1215af761c130-6640|Submitted Expense
16:02:58.176 (223230513)|FLOW_START_INTERVIEW_END|844833fda82e046a172432bade1215af761c130-6640|Submitted Expense
16:02:58.247 (247435873)|CODE_UNIT_STARTED|[EXTERNAL]|Validation:Expense:a0F46000000Fp68
16:02:58.247 (247460801)|VALIDATION_RULE|03d46000000DMqh|InsertOtherValue
16:02:58.247 (247640163)|VALIDATION_FORMULA|AND (IF (ISPICKVAL( Category__c , "Other"), true, false),  ISBLANK( Other__c ) )|Category__c=Printing & Copying , Other__c=null
16:02:58.247 (247646090)|VALIDATION_PASS
16:02:58.247 (247647944)|VALIDATION_RULE|03d46000000DP1e|SubmittedError
16:02:58.247 (247716582)|VALIDATION_FORMULA|NOT(ISPICKVAL( Expense_Status__c , "NOT SUBMITTED"))|Expense_Status__c=SUBMITTED
16:02:58.247 (247745943)|VALIDATION_FAIL
16:02:58.247 (247787603)|CODE_UNIT_FINISHED|Validation:Expense:a0F46000000Fp68
16:02:58.176 (249225339)|FLOW_ELEMENT_ERROR|The flow tried to update these records: null. This error occurred: FIELD_CUSTOM_VALIDATION_EXCEPTION: Submitted Expenses cannot be Deleted or Updated. For details, see <a href='https://developer.salesforce.com/docs/atlas.en-us.api.meta/api/sforce_api_calls_concepts_core_data_objects.htm#'>API Exceptions</a>.|FlowRecordUpdate|myRule_1_A1
16:02:58.176 (263060141)|FLOW_START_INTERVIEWS_END|1
16:02:58.17 (263122175)|WF_FLOW_ACTION_ERROR|09L46000000LqqJ|30046000000GrvZ|Error executing flow: Submitted_Expense, FlowDefId: 30046000000GrvZ, FlowVersionId: 30146000000CknX
16:02:58.17 (263135312)|WF_FLOW_ACTION_ERROR_DETAIL|<b>An unhandled fault has occurred in this flow</b><br>An unhandled fault has occurred while processing the flow.  Please contact your system administrator for more information.
16:02:58.17 (263277414)|WF_FLOW_ACTION_END|09L46000000LqqJ
16:02:58.17 (263287803)|CODE_UNIT_FINISHED|Workflow:01I46000000AdSk
16:02:58.17 (264195430)|EXECUTION_FINISHED
