39.0 APEX_CODE,FINEST;APEX_PROFILING,INFO;CALLOUT,INFO;DB,INFO;SYSTEM,DEBUG;VALIDATION,INFO;VISUALFORCE,INFO;WAVE,INFO;WORKFLOW,INFO
17:09:52.0 (386971)|USER_INFO|[EXTERNAL]|00546000000Iihs|pacosta@altimetrik.com|Argentine Time|GMT-03:00
17:09:52.0 (411634)|EXECUTION_STARTED
17:09:52.0 (415046)|CODE_UNIT_STARTED|[EXTERNAL]|06646000001BW08|VF: /apex/ListOfEmployees
17:09:52.0 (21938663)|SYSTEM_MODE_ENTER|true
17:09:52.0 (22520912)|HEAP_ALLOCATE|[72]|Bytes:3
17:09:52.0 (22578816)|HEAP_ALLOCATE|[77]|Bytes:152
17:09:52.0 (22601591)|HEAP_ALLOCATE|[342]|Bytes:408
17:09:52.0 (22624370)|HEAP_ALLOCATE|[355]|Bytes:408
17:09:52.0 (22646525)|HEAP_ALLOCATE|[467]|Bytes:48
17:09:52.0 (22683770)|HEAP_ALLOCATE|[139]|Bytes:6
17:09:52.0 (22703564)|HEAP_ALLOCATE|[EXTERNAL]|Bytes:14
17:09:52.0 (22709033)|HEAP_ALLOCATE|[EXTERNAL]|Bytes:96
17:09:52.0 (22711752)|HEAP_ALLOCATE|[EXTERNAL]|Bytes:24
17:09:52.0 (22722424)|METHOD_ENTRY|[1]|01p46000002wayn|ExpenseController.ExpenseController()
17:09:52.0 (22730431)|STATEMENT_EXECUTE|[1]
17:09:52.0 (22736818)|STATEMENT_EXECUTE|[1]
17:09:52.0 (22738922)|STATEMENT_EXECUTE|[97]
17:09:52.0 (22744249)|METHOD_EXIT|[1]|ExpenseController
17:09:52.0 (22762717)|HEAP_ALLOCATE|[EXTERNAL]|Bytes:12
17:09:52.0 (22771423)|VARIABLE_SCOPE_BEGIN|[1]|this|ExpenseController|true|false
17:09:52.0 (22831597)|VARIABLE_ASSIGNMENT|[1]|this|{}|0x241cb2e1
17:09:52.0 (22845594)|HEAP_ALLOCATE|[3]|Bytes:6
17:09:52.0 (22893061)|STATEMENT_EXECUTE|[1]
17:09:52.0 (22895824)|STATEMENT_EXECUTE|[3]
17:09:52.0 (22910972)|VARIABLE_ASSIGNMENT|[3]|this.queryString|""|0x241cb2e1
17:09:52.0 (22914442)|STATEMENT_EXECUTE|[5]
17:09:52.0 (22976505)|SYSTEM_MODE_ENTER|true
17:09:52.0 (23016348)|HEAP_ALLOCATE|[EXTERNAL]|Bytes:12
17:09:52.0 (23024422)|VARIABLE_SCOPE_BEGIN|[8]|this|ExpenseController|true|false
17:09:52.0 (23044851)|VARIABLE_ASSIGNMENT|[8]|this|{"queryString":""}|0x241cb2e1
17:09:52.0 (23054487)|STATEMENT_EXECUTE|[8]
17:09:52.0 (23056497)|STATEMENT_EXECUTE|[10]
17:09:52.0 (23059855)|HEAP_ALLOCATE|[10]|Bytes:161
17:09:52.0 (23083721)|HEAP_ALLOCATE|[10]|Bytes:161
17:09:52.0 (23103469)|HEAP_ALLOCATE|[50]|Bytes:5
17:09:52.0 (23120011)|HEAP_ALLOCATE|[56]|Bytes:5
17:09:52.0 (23127498)|HEAP_ALLOCATE|[64]|Bytes:7
17:09:52.0 (25556960)|SOQL_EXECUTE_BEGIN|[10]|Aggregations:0|SELECT Category__c, RecordType.Name, Amount__c, Tax__c, Client_Company__c, Submitted__c, Employee__r.Id, Employee__r.Name, Employee__r.Birthdate FROM Expense__c 
17:09:52.0 (34711115)|SOQL_EXECUTE_END|[10]|Rows:5
17:09:52.0 (34731440)|HEAP_ALLOCATE|[10]|Bytes:24
17:09:52.0 (34777594)|HEAP_ALLOCATE|[10]|Bytes:1579
17:09:52.0 (34868027)|HEAP_ALLOCATE|[10]|Bytes:24
17:09:52.0 (34891608)|VARIABLE_SCOPE_BEGIN|[10]|results|List<Expense__c>|true|false
17:09:52.0 (34979084)|VARIABLE_ASSIGNMENT|[10]|results|[{"Category__c":"Road Meals","RecordTypeId":"012460000005G1KAAU","Amount__c":8900,"Tax__c":1157.00,"Submitted__c":false,"Employee__c":"00346000002ojeGAAQ","Id":"a0F46000000FmUwEAK","RecordType":{"Name":"Client Meetings","Id":"012460000005G1KAAU"},"Employee__r":{"Id":"00346000002ojeGAAQ","Name":"Paolo Smith"}},{"RecordTypeId":"012460000005G1FAAU","Amount__c":3000,"Tax__c":390.00,"Submitted__c":true,"Employee__c":"00346000002ojVWAAY","Id":"a0F46000000Fp6rEAC","RecordType":{"Name":"Business Trips","Id":"012460000005G1FAAU"},"Employee__r":{"Id":"00346000002ojVWAAY","Name":"Carol Ruiz","Birthdate":"2017-10-09T00:00:00.000Z"}},{"Category__c":"Event Registration","RecordTypeId":"012460000005G1FAAU","Amount__c":3499,"Tax__c":454.87,"Submitted__c":true,"Employee__c":"00346000002ojVWAAY","Id":"a0F46000000Fp76EAC","RecordType":{"Name":"Business Trips","Id":"012460000005G1FAAU"},"Employee__r":{"Id":"00346000002ojVWAAY","Name":"Carol Ruiz","Birthdate":"2017-10-09T00:00:00.000Z"}},{"Category__c":"Event Registration","RecordTypeId":"012460000005G1KAAU","Amount__c":5600,"Tax__c":728.00,"Submitted__c":false,"Employee__c":"00346000002oeLWAAY","Id":"a0F46000000FBc6EAG","RecordType":{"Name":"Client Meetings","Id":"012460000005G1KAAU"},"Employee__r":{"Id":"00346000002oeLWAAY","Name":"Paulo Acosta"}},{"Category__c":"Transportation","RecordTypeId":"012460000005G1FAAU","Amount__c":3500,"Tax__c":455.00,"Submitted__c":false,"Employee__c":"00346000002ojVWAAY","Id":"a0F46000000FBblEAG","RecordType":{"Name":"Business Trips","Id":"012460000005G1FAAU"},"Employee__r":{"Id":"00346000002ojVWAAY","Name":"Carol Ruiz","Birthdate":"2017-10-09T00:00:00.000Z"}}]|0x6aefd07b
17:09:52.0 (34994234)|STATEMENT_EXECUTE|[15]
17:09:52.0 (35003795)|HEAP_ALLOCATE|[15]|Bytes:4
17:09:52.0 (35132353)|VARIABLE_ASSIGNMENT|[EXTERNAL]|this|{"queryString":""}|0x241cb2e1
17:09:52.0 (35152227)|HEAP_ALLOCATE|[EXTERNAL]|Bytes:4
17:09:52.0 (35159876)|VARIABLE_ASSIGNMENT|[EXTERNAL]|value|[]|0x4d3e5cce
17:09:52.0 (35170279)|VARIABLE_ASSIGNMENT|[5]|this.wrappedExpenses|[]|0x241cb2e1
17:09:52.0 (35363737)|HEAP_ALLOCATE|[16]|Bytes:5
17:09:52.0 (35428366)|HEAP_ALLOCATE|[16]|Bytes:40
17:09:52.0 (35437932)|VARIABLE_SCOPE_BEGIN|[16]|ex|Expense__c|true|false
17:09:52.0 (35456015)|VARIABLE_ASSIGNMENT|[16]|ex|{"Category__c":"Road Meals","RecordTypeId":"012460000005G1KAAU","Amount__c":8900,"Tax__c":1157.00,"Submitted__c":false,"Employee__c":"00346000002ojeGAAQ","Id":"a0F46000000FmUwEAK","RecordType":{"Name":"Client Meetings","Id":"012460000005G1KAAU"},"Employee__r":{"Id":"00346000002ojeGAAQ","Name":"Paolo Smith"}}|0x38da4628
17:09:52.0 (35462395)|STATEMENT_EXECUTE|[16]
17:09:52.0 (35464107)|STATEMENT_EXECUTE|[18]
17:09:52.0 (35503469)|VARIABLE_ASSIGNMENT|[EXTERNAL]|this|{"queryString":"","wrappedExpenses":"0x4d3e5cce"}|0x241cb2e1
17:09:52.0 (35591240)|HEAP_ALLOCATE|[18]|Bytes:116
17:09:52.0 (35597254)|HEAP_ALLOCATE|[18]|Bytes:10
17:09:52.0 (35612738)|HEAP_ALLOCATE|[18]|Bytes:12
17:09:52.0 (35636412)|CONSTRUCTOR_ENTRY|[18]|01p46000002wayn|<init>(Expense__c,Boolean)
17:09:52.0 (35648676)|VARIABLE_SCOPE_BEGIN|[102]|this|ExpenseController.ExpenseWrapper|true|false
17:09:52.0 (35668663)|VARIABLE_ASSIGNMENT|[102]|this|{}|0x29338593
17:09:52.0 (35671542)|VARIABLE_SCOPE_BEGIN|[102]|ex|Expense__c|true|false
17:09:52.0 (35685083)|VARIABLE_ASSIGNMENT|[102]|ex|{"Category__c":"Road Meals","RecordTypeId":"012460000005G1KAAU","Amount__c":8900,"Tax__c":1157.00,"Submitted__c":false,"Employee__c":"00346000002ojeGAAQ","Id":"a0F46000000FmUwEAK","RecordType":{"Name":"Client Meetings","Id":"012460000005G1KAAU"},"Employee__r":{"Id":"00346000002ojeGAAQ","Name":"Paolo Smith"}}|0x38da4628
17:09:52.0 (35691681)|VARIABLE_SCOPE_BEGIN|[102]|check|Boolean|false|false
17:09:52.0 (35695249)|VARIABLE_ASSIGNMENT|[102]|check|false
17:09:52.0 (35699633)|STATEMENT_EXECUTE|[97]
17:09:52.0 (35701553)|STATEMENT_EXECUTE|[99]
17:09:52.0 (35702751)|STATEMENT_EXECUTE|[100]
17:09:52.0 (35718610)|STATEMENT_EXECUTE|[102]
17:09:52.0 (35720195)|STATEMENT_EXECUTE|[104]
17:09:52.0 (35774004)|VARIABLE_ASSIGNMENT|[EXTERNAL]|this|{}|0x29338593
17:09:52.0 (35787983)|VARIABLE_ASSIGNMENT|[EXTERNAL]|value|{"Category__c":"Road Meals","RecordTypeId":"012460000005G1KAAU","Amount__c":8900,"Tax__c":1157.00,"Submitted__c":false,"Employee__c":"00346000002ojeGAAQ","Id":"a0F46000000FmUwEAK","RecordType":{"Name":"Client Meetings","Id":"012460000005G1KAAU"},"Employee__r":{"Id":"00346000002ojeGAAQ","Name":"Paolo Smith"}}|0x38da4628
17:09:52.0 (35801988)|VARIABLE_ASSIGNMENT|[99]|this.expense|{"Category__c":"Road Meals","RecordTypeId":"012460000005G1KAAU","Amount__c":8900,"Tax__c":1157.00,"Submitted__c":false,"Employee__c":"00346000002ojeGAAQ","Id":"a0F46000000FmUwEAK","RecordType":{"Name":"Client Meetings","Id":"012460000005G1KAAU"},"Employee__r":{"Id":"00346000002ojeGAAQ","Name":"Paolo Smith"}}|0x29338593
17:09:52.0 (35810238)|STATEMENT_EXECUTE|[105]
17:09:52.0 (35839957)|VARIABLE_ASSIGNMENT|[EXTERNAL]|this|{"expense":"0x38da4628"}|0x29338593
17:09:52.0 (35846222)|VARIABLE_ASSIGNMENT|[EXTERNAL]|value|false
17:09:52.0 (35850089)|HEAP_ALLOCATE|[100]|Bytes:5
17:09:52.0 (35854751)|VARIABLE_ASSIGNMENT|[100]|this.checked|false|0x29338593
17:09:52.0 (35862927)|CONSTRUCTOR_EXIT|[18]|01p46000002wayn|<init>(Expense__c,Boolean)
17:09:52.0 (35875397)|HEAP_ALLOCATE|[EXTERNAL]|Bytes:4
17:09:52.0 (35885801)|HEAP_ALLOCATE|[16]|Bytes:5
17:09:52.0 (35907958)|HEAP_ALLOCATE|[16]|Bytes:36
17:09:52.0 (35913373)|VARIABLE_SCOPE_BEGIN|[16]|ex|Expense__c|true|false
17:09:52.0 (35934142)|VARIABLE_ASSIGNMENT|[16]|ex|{"RecordTypeId":"012460000005G1FAAU","Amount__c":3000,"Tax__c":390.00,"Submitted__c":true,"Employee__c":"00346000002ojVWAAY","Id":"a0F46000000Fp6rEAC","RecordType":{"Name":"Business Trips","Id":"012460000005G1FAAU"},"Employee__r":{"Id":"00346000002ojVWAAY","Name":"Carol Ruiz","Birthdate":"2017-10-09T00:00:00.000Z"}}|0x17d9bcc2
17:09:52.0 (35938909)|STATEMENT_EXECUTE|[16]
17:09:52.0 (35940245)|STATEMENT_EXECUTE|[18]
17:09:52.0 (35956968)|VARIABLE_ASSIGNMENT|[EXTERNAL]|this|{"queryString":"","wrappedExpenses":"0x4d3e5cce"}|0x241cb2e1
17:09:52.0 (35965066)|HEAP_ALLOCATE|[18]|Bytes:12
17:09:52.0 (35972788)|CONSTRUCTOR_ENTRY|[18]|01p46000002wayn|<init>(Expense__c,Boolean)
17:09:52.0 (35976073)|VARIABLE_SCOPE_BEGIN|[102]|this|ExpenseController.ExpenseWrapper|true|false
17:09:52.0 (35983721)|VARIABLE_ASSIGNMENT|[102]|this|{}|0x21242969
17:09:52.0 (35985341)|VARIABLE_SCOPE_BEGIN|[102]|ex|Expense__c|true|false
17:09:52.0 (35999507)|VARIABLE_ASSIGNMENT|[102]|ex|{"RecordTypeId":"012460000005G1FAAU","Amount__c":3000,"Tax__c":390.00,"Submitted__c":true,"Employee__c":"00346000002ojVWAAY","Id":"a0F46000000Fp6rEAC","RecordType":{"Name":"Business Trips","Id":"012460000005G1FAAU"},"Employee__r":{"Id":"00346000002ojVWAAY","Name":"Carol Ruiz","Birthdate":"2017-10-09T00:00:00.000Z"}}|0x17d9bcc2
17:09:52.0 (36003642)|VARIABLE_SCOPE_BEGIN|[102]|check|Boolean|false|false
17:09:52.0 (36006811)|VARIABLE_ASSIGNMENT|[102]|check|false
17:09:52.0 (36009691)|STATEMENT_EXECUTE|[97]
17:09:52.0 (36010949)|STATEMENT_EXECUTE|[99]
17:09:52.0 (36012310)|STATEMENT_EXECUTE|[100]
17:09:52.0 (36021101)|STATEMENT_EXECUTE|[102]
17:09:52.0 (36022461)|STATEMENT_EXECUTE|[104]
17:09:52.0 (36031833)|VARIABLE_ASSIGNMENT|[EXTERNAL]|this|{}|0x21242969
17:09:52.0 (36044254)|VARIABLE_ASSIGNMENT|[EXTERNAL]|value|{"RecordTypeId":"012460000005G1FAAU","Amount__c":3000,"Tax__c":390.00,"Submitted__c":true,"Employee__c":"00346000002ojVWAAY","Id":"a0F46000000Fp6rEAC","RecordType":{"Name":"Business Trips","Id":"012460000005G1FAAU"},"Employee__r":{"Id":"00346000002ojVWAAY","Name":"Carol Ruiz","Birthdate":"2017-10-09T00:00:00.000Z"}}|0x17d9bcc2
17:09:52.0 (36057942)|VARIABLE_ASSIGNMENT|[99]|this.expense|{"RecordTypeId":"012460000005G1FAAU","Amount__c":3000,"Tax__c":390.00,"Submitted__c":true,"Employee__c":"00346000002ojVWAAY","Id":"a0F46000000Fp6rEAC","RecordType":{"Name":"Business Trips","Id":"012460000005G1FAAU"},"Employee__r":{"Id":"00346000002ojVWAAY","Name":"Carol Ruiz","Birthdate":"2017-10-09T00:00:00.000Z"}}|0x21242969
17:09:52.0 (36062973)|STATEMENT_EXECUTE|[105]
17:09:52.0 (36072420)|VARIABLE_ASSIGNMENT|[EXTERNAL]|this|{"expense":"0x17d9bcc2"}|0x21242969
17:09:52.0 (36076381)|VARIABLE_ASSIGNMENT|[EXTERNAL]|value|false
17:09:52.0 (36079010)|HEAP_ALLOCATE|[100]|Bytes:5
17:09:52.0 (36082631)|VARIABLE_ASSIGNMENT|[100]|this.checked|false|0x21242969
17:09:52.0 (36089595)|CONSTRUCTOR_EXIT|[18]|01p46000002wayn|<init>(Expense__c,Boolean)
17:09:52.0 (36096283)|HEAP_ALLOCATE|[EXTERNAL]|Bytes:4
17:09:52.0 (36105037)|HEAP_ALLOCATE|[16]|Bytes:5
17:09:52.0 (36123542)|HEAP_ALLOCATE|[16]|Bytes:40
17:09:52.0 (36128201)|VARIABLE_SCOPE_BEGIN|[16]|ex|Expense__c|true|false
17:09:52.0 (36145585)|VARIABLE_ASSIGNMENT|[16]|ex|{"Category__c":"Event Registration","RecordTypeId":"012460000005G1FAAU","Amount__c":3499,"Tax__c":454.87,"Submitted__c":true,"Employee__c":"00346000002ojVWAAY","Id":"a0F46000000Fp76EAC","RecordType":{"Name":"Business Trips","Id":"012460000005G1FAAU"},"Employee__r":{"Id":"00346000002ojVWAAY","Name":"Carol Ruiz","Birthdate":"2017-10-09T00:00:00.000Z"}}|0x3f1c18f1
17:09:52.0 (36150314)|STATEMENT_EXECUTE|[16]
17:09:52.0 (36151568)|STATEMENT_EXECUTE|[18]
17:09:52.0 (36165692)|VARIABLE_ASSIGNMENT|[EXTERNAL]|this|{"queryString":"","wrappedExpenses":"0x4d3e5cce"}|0x241cb2e1
17:09:52.0 (36172724)|HEAP_ALLOCATE|[18]|Bytes:12
17:09:52.0 (36179605)|CONSTRUCTOR_ENTRY|[18]|01p46000002wayn|<init>(Expense__c,Boolean)
17:09:52.0 (36182354)|VARIABLE_SCOPE_BEGIN|[102]|this|ExpenseController.ExpenseWrapper|true|false
17:09:52.0 (36189338)|VARIABLE_ASSIGNMENT|[102]|this|{}|0x5df20bb4
17:09:52.0 (36190965)|VARIABLE_SCOPE_BEGIN|[102]|ex|Expense__c|true|false
17:09:52.0 (36204630)|VARIABLE_ASSIGNMENT|[102]|ex|{"Category__c":"Event Registration","RecordTypeId":"012460000005G1FAAU","Amount__c":3499,"Tax__c":454.87,"Submitted__c":true,"Employee__c":"00346000002ojVWAAY","Id":"a0F46000000Fp76EAC","RecordType":{"Name":"Business Trips","Id":"012460000005G1FAAU"},"Employee__r":{"Id":"00346000002ojVWAAY","Name":"Carol Ruiz","Birthdate":"2017-10-09T00:00:00.000Z"}}|0x3f1c18f1
17:09:52.0 (36208848)|VARIABLE_SCOPE_BEGIN|[102]|check|Boolean|false|false
17:09:52.0 (36211223)|VARIABLE_ASSIGNMENT|[102]|check|false
17:09:52.0 (36213718)|STATEMENT_EXECUTE|[97]
17:09:52.0 (36215474)|STATEMENT_EXECUTE|[99]
17:09:52.0 (36216633)|STATEMENT_EXECUTE|[100]
17:09:52.0 (36224625)|STATEMENT_EXECUTE|[102]
17:09:52.0 (36225997)|STATEMENT_EXECUTE|[104]
17:09:52.0 (36234838)|VARIABLE_ASSIGNMENT|[EXTERNAL]|this|{}|0x5df20bb4
17:09:52.0 (36247621)|VARIABLE_ASSIGNMENT|[EXTERNAL]|value|{"Category__c":"Event Registration","RecordTypeId":"012460000005G1FAAU","Amount__c":3499,"Tax__c":454.87,"Submitted__c":true,"Employee__c":"00346000002ojVWAAY","Id":"a0F46000000Fp76EAC","RecordType":{"Name":"Business Trips","Id":"012460000005G1FAAU"},"Employee__r":{"Id":"00346000002ojVWAAY","Name":"Carol Ruiz","Birthdate":"2017-10-09T00:00:00.000Z"}}|0x3f1c18f1
17:09:52.0 (36261365)|VARIABLE_ASSIGNMENT|[99]|this.expense|{"Category__c":"Event Registration","RecordTypeId":"012460000005G1FAAU","Amount__c":3499,"Tax__c":454.87,"Submitted__c":true,"Employee__c":"00346000002ojVWAAY","Id":"a0F46000000Fp76EAC","RecordType":{"Name":"Business Trips","Id":"012460000005G1FAAU"},"Employee__r":{"Id":"00346000002ojVWAAY","Name":"Carol Ruiz","Birthdate":"2017-10-09T00:00:00.000Z"}}|0x5df20bb4
17:09:52.0 (36266802)|STATEMENT_EXECUTE|[105]
17:09:52.0 (36275719)|VARIABLE_ASSIGNMENT|[EXTERNAL]|this|{"expense":"0x3f1c18f1"}|0x5df20bb4
17:09:52.0 (36279347)|VARIABLE_ASSIGNMENT|[EXTERNAL]|value|false
17:09:52.0 (36282002)|HEAP_ALLOCATE|[100]|Bytes:5
17:09:52.0 (36285262)|VARIABLE_ASSIGNMENT|[100]|this.checked|false|0x5df20bb4
17:09:52.0 (36291664)|CONSTRUCTOR_EXIT|[18]|01p46000002wayn|<init>(Expense__c,Boolean)
17:09:52.0 (36297655)|HEAP_ALLOCATE|[EXTERNAL]|Bytes:4
17:09:52.0 (36305404)|HEAP_ALLOCATE|[16]|Bytes:5
17:09:52.0 (36321694)|HEAP_ALLOCATE|[16]|Bytes:40
17:09:52.0 (36325557)|VARIABLE_SCOPE_BEGIN|[16]|ex|Expense__c|true|false
17:09:52.0 (36338047)|VARIABLE_ASSIGNMENT|[16]|ex|{"Category__c":"Event Registration","RecordTypeId":"012460000005G1KAAU","Amount__c":5600,"Tax__c":728.00,"Submitted__c":false,"Employee__c":"00346000002oeLWAAY","Id":"a0F46000000FBc6EAG","RecordType":{"Name":"Client Meetings","Id":"012460000005G1KAAU"},"Employee__r":{"Id":"00346000002oeLWAAY","Name":"Paulo Acosta"}}|0x75006689
17:09:52.0 (36341839)|STATEMENT_EXECUTE|[16]
17:09:52.0 (36344021)|STATEMENT_EXECUTE|[18]
17:09:52.0 (36357016)|VARIABLE_ASSIGNMENT|[EXTERNAL]|this|{"queryString":"","wrappedExpenses":"0x4d3e5cce"}|0x241cb2e1
17:09:52.0 (36363600)|HEAP_ALLOCATE|[18]|Bytes:12
17:09:52.0 (36369611)|CONSTRUCTOR_ENTRY|[18]|01p46000002wayn|<init>(Expense__c,Boolean)
17:09:52.0 (36372052)|VARIABLE_SCOPE_BEGIN|[102]|this|ExpenseController.ExpenseWrapper|true|false
17:09:52.0 (36378644)|VARIABLE_ASSIGNMENT|[102]|this|{}|0x427472da
17:09:52.0 (36380119)|VARIABLE_SCOPE_BEGIN|[102]|ex|Expense__c|true|false
17:09:52.0 (36391670)|VARIABLE_ASSIGNMENT|[102]|ex|{"Category__c":"Event Registration","RecordTypeId":"012460000005G1KAAU","Amount__c":5600,"Tax__c":728.00,"Submitted__c":false,"Employee__c":"00346000002oeLWAAY","Id":"a0F46000000FBc6EAG","RecordType":{"Name":"Client Meetings","Id":"012460000005G1KAAU"},"Employee__r":{"Id":"00346000002oeLWAAY","Name":"Paulo Acosta"}}|0x75006689
17:09:52.0 (36397332)|VARIABLE_SCOPE_BEGIN|[102]|check|Boolean|false|false
17:09:52.0 (36400595)|VARIABLE_ASSIGNMENT|[102]|check|false
17:09:52.0 (36404713)|STATEMENT_EXECUTE|[97]
17:09:52.0 (36407003)|STATEMENT_EXECUTE|[99]
17:09:52.0 (36408638)|STATEMENT_EXECUTE|[100]
17:09:52.0 (36421261)|STATEMENT_EXECUTE|[102]
17:09:52.0 (36423382)|STATEMENT_EXECUTE|[104]
17:09:52.0 (36440263)|VARIABLE_ASSIGNMENT|[EXTERNAL]|this|{}|0x427472da
17:09:52.0 (36459777)|VARIABLE_ASSIGNMENT|[EXTERNAL]|value|{"Category__c":"Event Registration","RecordTypeId":"012460000005G1KAAU","Amount__c":5600,"Tax__c":728.00,"Submitted__c":false,"Employee__c":"00346000002oeLWAAY","Id":"a0F46000000FBc6EAG","RecordType":{"Name":"Client Meetings","Id":"012460000005G1KAAU"},"Employee__r":{"Id":"00346000002oeLWAAY","Name":"Paulo Acosta"}}|0x75006689
17:09:52.0 (36479985)|VARIABLE_ASSIGNMENT|[99]|this.expense|{"Category__c":"Event Registration","RecordTypeId":"012460000005G1KAAU","Amount__c":5600,"Tax__c":728.00,"Submitted__c":false,"Employee__c":"00346000002oeLWAAY","Id":"a0F46000000FBc6EAG","RecordType":{"Name":"Client Meetings","Id":"012460000005G1KAAU"},"Employee__r":{"Id":"00346000002oeLWAAY","Name":"Paulo Acosta"}}|0x427472da
17:09:52.0 (36491991)|STATEMENT_EXECUTE|[105]
17:09:52.0 (36509505)|VARIABLE_ASSIGNMENT|[EXTERNAL]|this|{"expense":"0x75006689"}|0x427472da
17:09:52.0 (36516368)|VARIABLE_ASSIGNMENT|[EXTERNAL]|value|false
17:09:52.0 (36520379)|HEAP_ALLOCATE|[100]|Bytes:5
17:09:52.0 (36526869)|VARIABLE_ASSIGNMENT|[100]|this.checked|false|0x427472da
17:09:52.0 (36538644)|CONSTRUCTOR_EXIT|[18]|01p46000002wayn|<init>(Expense__c,Boolean)
17:09:52.0 (36554287)|HEAP_ALLOCATE|[EXTERNAL]|Bytes:4
17:09:52.0 (36568303)|HEAP_ALLOCATE|[16]|Bytes:5
17:09:52.0 (36597304)|HEAP_ALLOCATE|[16]|Bytes:40
17:09:52.0 (36604926)|VARIABLE_SCOPE_BEGIN|[16]|ex|Expense__c|true|false
17:09:52.0 (36633314)|VARIABLE_ASSIGNMENT|[16]|ex|{"Category__c":"Transportation","RecordTypeId":"012460000005G1FAAU","Amount__c":3500,"Tax__c":455.00,"Submitted__c":false,"Employee__c":"00346000002ojVWAAY","Id":"a0F46000000FBblEAG","RecordType":{"Name":"Business Trips","Id":"012460000005G1FAAU"},"Employee__r":{"Id":"00346000002ojVWAAY","Name":"Carol Ruiz","Birthdate":"2017-10-09T00:00:00.000Z"}}|0x1f818507
17:09:52.0 (36639534)|STATEMENT_EXECUTE|[16]
17:09:52.0 (36642043)|STATEMENT_EXECUTE|[18]
17:09:52.0 (36665625)|VARIABLE_ASSIGNMENT|[EXTERNAL]|this|{"queryString":"","wrappedExpenses":"0x4d3e5cce"}|0x241cb2e1
17:09:52.0 (36676115)|HEAP_ALLOCATE|[18]|Bytes:12
17:09:52.0 (36686737)|CONSTRUCTOR_ENTRY|[18]|01p46000002wayn|<init>(Expense__c,Boolean)
17:09:52.0 (36690749)|VARIABLE_SCOPE_BEGIN|[102]|this|ExpenseController.ExpenseWrapper|true|false
17:09:52.0 (36702915)|VARIABLE_ASSIGNMENT|[102]|this|{}|0x3817fd6f
17:09:52.0 (36705085)|VARIABLE_SCOPE_BEGIN|[102]|ex|Expense__c|true|false
17:09:52.0 (36728676)|VARIABLE_ASSIGNMENT|[102]|ex|{"Category__c":"Transportation","RecordTypeId":"012460000005G1FAAU","Amount__c":3500,"Tax__c":455.00,"Submitted__c":false,"Employee__c":"00346000002ojVWAAY","Id":"a0F46000000FBblEAG","RecordType":{"Name":"Business Trips","Id":"012460000005G1FAAU"},"Employee__r":{"Id":"00346000002ojVWAAY","Name":"Carol Ruiz","Birthdate":"2017-10-09T00:00:00.000Z"}}|0x1f818507
17:09:52.0 (36734841)|VARIABLE_SCOPE_BEGIN|[102]|check|Boolean|false|false
17:09:52.0 (36738377)|VARIABLE_ASSIGNMENT|[102]|check|false
17:09:52.0 (36743614)|STATEMENT_EXECUTE|[97]
17:09:52.0 (36745803)|STATEMENT_EXECUTE|[99]
17:09:52.0 (36747583)|STATEMENT_EXECUTE|[100]
17:09:52.0 (36760793)|STATEMENT_EXECUTE|[102]
17:09:52.0 (36762992)|STATEMENT_EXECUTE|[104]
17:09:52.0 (36779339)|VARIABLE_ASSIGNMENT|[EXTERNAL]|this|{}|0x3817fd6f
17:09:52.0 (36802627)|VARIABLE_ASSIGNMENT|[EXTERNAL]|value|{"Category__c":"Transportation","RecordTypeId":"012460000005G1FAAU","Amount__c":3500,"Tax__c":455.00,"Submitted__c":false,"Employee__c":"00346000002ojVWAAY","Id":"a0F46000000FBblEAG","RecordType":{"Name":"Business Trips","Id":"012460000005G1FAAU"},"Employee__r":{"Id":"00346000002ojVWAAY","Name":"Carol Ruiz","Birthdate":"2017-10-09T00:00:00.000Z"}}|0x1f818507
17:09:52.0 (36828441)|VARIABLE_ASSIGNMENT|[99]|this.expense|{"Category__c":"Transportation","RecordTypeId":"012460000005G1FAAU","Amount__c":3500,"Tax__c":455.00,"Submitted__c":false,"Employee__c":"00346000002ojVWAAY","Id":"a0F46000000FBblEAG","RecordType":{"Name":"Business Trips","Id":"012460000005G1FAAU"},"Employee__r":{"Id":"00346000002ojVWAAY","Name":"Carol Ruiz","Birthdate":"2017-10-09T00:00:00.000Z"}}|0x3817fd6f
17:09:52.0 (36839213)|STATEMENT_EXECUTE|[105]
17:09:52.0 (36857084)|VARIABLE_ASSIGNMENT|[EXTERNAL]|this|{"expense":"0x1f818507"}|0x3817fd6f
17:09:52.0 (36864636)|VARIABLE_ASSIGNMENT|[EXTERNAL]|value|false
17:09:52.0 (36868985)|HEAP_ALLOCATE|[100]|Bytes:5
17:09:52.0 (36875267)|VARIABLE_ASSIGNMENT|[100]|this.checked|false|0x3817fd6f
17:09:52.0 (36886610)|CONSTRUCTOR_EXIT|[18]|01p46000002wayn|<init>(Expense__c,Boolean)
17:09:52.0 (36896482)|HEAP_ALLOCATE|[EXTERNAL]|Bytes:4
17:09:52.0 (36909637)|HEAP_ALLOCATE|[16]|Bytes:5
17:09:52.0 (36923039)|VARIABLE_ASSIGNMENT|[16]|ex|null|
17:09:52.0 (36929064)|STATEMENT_EXECUTE|[21]
17:09:52.0 (36966362)|VARIABLE_ASSIGNMENT|[EXTERNAL]|this|{"queryString":"","wrappedExpenses":"0x4d3e5cce"}|0x241cb2e1
17:09:52.0 (53112488)|VF_SERIALIZE_VIEWSTATE_BEGIN|06646000001BW08
17:09:52.0 (90289865)|VF_SERIALIZE_VIEWSTATE_END
17:09:52.0 (106853810)|CODE_UNIT_STARTED|[EXTERNAL]|Generate Metadata
17:09:52.0 (109067927)|CODE_UNIT_FINISHED|Generate Metadata
17:09:52.111 (111352516)|CUMULATIVE_LIMIT_USAGE
17:09:52.111 (111352516)|LIMIT_USAGE_FOR_NS|(default)|
  Number of SOQL queries: 1 out of 100
  Number of query rows: 5 out of 50000
  Number of SOSL queries: 0 out of 20
  Number of DML statements: 0 out of 150
  Number of DML rows: 0 out of 10000
  Maximum CPU time: 0 out of 10000
  Maximum heap size: 0 out of 6000000
  Number of callouts: 0 out of 100
  Number of Email Invocations: 0 out of 10
  Number of future calls: 0 out of 50
  Number of queueable jobs added to the queue: 0 out of 50
  Number of Mobile Apex push calls: 0 out of 10

17:09:52.111 (111352516)|CUMULATIVE_LIMIT_USAGE_END

17:09:52.0 (111390795)|CODE_UNIT_FINISHED|VF: /apex/ListOfEmployees
17:09:52.0 (112098267)|EXECUTION_FINISHED
