39.0 APEX_CODE,FINEST;APEX_PROFILING,INFO;CALLOUT,INFO;DB,INFO;SYSTEM,DEBUG;VALIDATION,INFO;VISUALFORCE,INFO;WAVE,INFO;WORKFLOW,INFO
18:14:19.0 (298381)|USER_INFO|[EXTERNAL]|00546000000Iihs|pacosta@altimetrik.com|Argentine Time|GMT-03:00
18:14:19.0 (320483)|EXECUTION_STARTED
18:14:19.0 (324232)|CODE_UNIT_STARTED|[EXTERNAL]|06646000001BW08|VF: /apex/ListOfEmployees
18:14:19.0 (1620979)|SYSTEM_MODE_ENTER|true
18:14:19.0 (1939754)|HEAP_ALLOCATE|[72]|Bytes:3
18:14:19.0 (1976813)|HEAP_ALLOCATE|[77]|Bytes:152
18:14:19.0 (1992941)|HEAP_ALLOCATE|[342]|Bytes:408
18:14:19.0 (2005306)|HEAP_ALLOCATE|[355]|Bytes:408
18:14:19.0 (2017720)|HEAP_ALLOCATE|[467]|Bytes:48
18:14:19.0 (2042366)|HEAP_ALLOCATE|[139]|Bytes:6
18:14:19.0 (2053112)|HEAP_ALLOCATE|[EXTERNAL]|Bytes:14
18:14:19.0 (2056595)|HEAP_ALLOCATE|[EXTERNAL]|Bytes:96
18:14:19.0 (2058248)|HEAP_ALLOCATE|[EXTERNAL]|Bytes:27
18:14:19.0 (2064041)|METHOD_ENTRY|[1]|01p46000002wayn|ExpenseController.ExpenseController()
18:14:19.0 (2069202)|STATEMENT_EXECUTE|[1]
18:14:19.0 (2073590)|STATEMENT_EXECUTE|[1]
18:14:19.0 (2074736)|STATEMENT_EXECUTE|[102]
18:14:19.0 (2078569)|METHOD_EXIT|[1]|ExpenseController
18:14:19.0 (2092838)|HEAP_ALLOCATE|[EXTERNAL]|Bytes:12
18:14:19.0 (2098017)|VARIABLE_SCOPE_BEGIN|[1]|this|ExpenseController|true|false
18:14:19.0 (2143335)|VARIABLE_ASSIGNMENT|[1]|this|{}|0x6cc039f2
18:14:19.0 (2152620)|HEAP_ALLOCATE|[3]|Bytes:6
18:14:19.0 (2185397)|STATEMENT_EXECUTE|[1]
18:14:19.0 (2186792)|STATEMENT_EXECUTE|[3]
18:14:19.0 (2199566)|VARIABLE_ASSIGNMENT|[3]|this.queryString|""|0x6cc039f2
18:14:19.0 (2201980)|STATEMENT_EXECUTE|[5]
18:14:19.0 (2249826)|SYSTEM_MODE_ENTER|true
18:14:19.0 (2278146)|HEAP_ALLOCATE|[EXTERNAL]|Bytes:12
18:14:19.0 (2283009)|VARIABLE_SCOPE_BEGIN|[8]|this|ExpenseController|true|false
18:14:19.0 (2297468)|VARIABLE_ASSIGNMENT|[8]|this|{"queryString":""}|0x6cc039f2
18:14:19.0 (2304788)|STATEMENT_EXECUTE|[8]
18:14:19.0 (2305840)|STATEMENT_EXECUTE|[10]
18:14:19.0 (2308345)|HEAP_ALLOCATE|[10]|Bytes:161
18:14:19.0 (2326629)|HEAP_ALLOCATE|[10]|Bytes:161
18:14:19.0 (2339130)|HEAP_ALLOCATE|[50]|Bytes:5
18:14:19.0 (2351166)|HEAP_ALLOCATE|[56]|Bytes:5
18:14:19.0 (2356093)|HEAP_ALLOCATE|[64]|Bytes:7
18:14:19.0 (2699652)|SOQL_EXECUTE_BEGIN|[10]|Aggregations:0|SELECT Category__c, RecordType.Name, Amount__c, Tax__c, Client_Company__c, Submitted__c, Employee__r.Id, Employee__r.Name, Employee__r.Birthdate FROM Expense__c 
18:14:19.0 (10724301)|SOQL_EXECUTE_END|[10]|Rows:7
18:14:19.0 (10739681)|HEAP_ALLOCATE|[10]|Bytes:32
18:14:19.0 (10784769)|HEAP_ALLOCATE|[10]|Bytes:2135
18:14:19.0 (10829364)|HEAP_ALLOCATE|[10]|Bytes:32
18:14:19.0 (10844578)|VARIABLE_SCOPE_BEGIN|[10]|results|List<Expense__c>|true|false
18:14:19.0 (10857875)|VARIABLE_ASSIGNMENT|[10]|results|"List of size 7 too large to display"|0x41dd51ae
18:14:19.0 (10861739)|STATEMENT_EXECUTE|[15]
18:14:19.0 (10867520)|HEAP_ALLOCATE|[15]|Bytes:4
18:14:19.0 (10954159)|VARIABLE_ASSIGNMENT|[EXTERNAL]|this|{"queryString":""}|0x6cc039f2
18:14:19.0 (10969001)|HEAP_ALLOCATE|[EXTERNAL]|Bytes:4
18:14:19.0 (10975446)|VARIABLE_ASSIGNMENT|[EXTERNAL]|value|[]|0x198ab306
18:14:19.0 (10984124)|VARIABLE_ASSIGNMENT|[5]|this.wrappedExpenses|[]|0x6cc039f2
18:14:19.0 (11140118)|HEAP_ALLOCATE|[16]|Bytes:5
18:14:19.0 (11169671)|HEAP_ALLOCATE|[16]|Bytes:40
18:14:19.0 (11176920)|VARIABLE_SCOPE_BEGIN|[16]|ex|Expense__c|true|false
18:14:19.0 (11197696)|VARIABLE_ASSIGNMENT|[16]|ex|{"Category__c":"Road Meals","RecordTypeId":"012460000005G1KAAU","Amount__c":8900,"Tax__c":1157.00,"Submitted__c":true,"Employee__c":"00346000002ojeGAAQ","Id":"a0F46000000FmUwEAK","RecordType":{"Name":"Client Meetings","Id":"012460000005G1KAAU"},"Employee__r":{"Id":"00346000002ojeGAAQ","Name":"Paolo Smith"}}|0x4abf0893
18:14:19.0 (11202752)|STATEMENT_EXECUTE|[16]
18:14:19.0 (11204339)|STATEMENT_EXECUTE|[18]
18:14:19.0 (11232780)|VARIABLE_ASSIGNMENT|[EXTERNAL]|this|{"queryString":"","wrappedExpenses":"0x198ab306"}|0x6cc039f2
18:14:19.0 (11247105)|HEAP_ALLOCATE|[18]|Bytes:116
18:14:19.0 (11250584)|HEAP_ALLOCATE|[18]|Bytes:11
18:14:19.0 (11260712)|HEAP_ALLOCATE|[18]|Bytes:12
18:14:19.0 (11275220)|CONSTRUCTOR_ENTRY|[18]|01p46000002wayn|<init>(Expense__c,Boolean)
18:14:19.0 (11285070)|VARIABLE_SCOPE_BEGIN|[107]|this|ExpenseController.ExpenseWrapper|true|false
18:14:19.0 (11295817)|VARIABLE_ASSIGNMENT|[107]|this|{}|0x547452dc
18:14:19.0 (11298400)|VARIABLE_SCOPE_BEGIN|[107]|ex|Expense__c|true|false
18:14:19.0 (11309854)|VARIABLE_ASSIGNMENT|[107]|ex|{"Category__c":"Road Meals","RecordTypeId":"012460000005G1KAAU","Amount__c":8900,"Tax__c":1157.00,"Submitted__c":true,"Employee__c":"00346000002ojeGAAQ","Id":"a0F46000000FmUwEAK","RecordType":{"Name":"Client Meetings","Id":"012460000005G1KAAU"},"Employee__r":{"Id":"00346000002ojeGAAQ","Name":"Paolo Smith"}}|0x4abf0893
18:14:19.0 (11314389)|VARIABLE_SCOPE_BEGIN|[107]|check|Boolean|false|false
18:14:19.0 (11317553)|VARIABLE_ASSIGNMENT|[107]|check|false
18:14:19.0 (11320367)|STATEMENT_EXECUTE|[102]
18:14:19.0 (11322026)|STATEMENT_EXECUTE|[104]
18:14:19.0 (11323267)|STATEMENT_EXECUTE|[105]
18:14:19.0 (11332921)|STATEMENT_EXECUTE|[107]
18:14:19.0 (11334131)|STATEMENT_EXECUTE|[109]
18:14:19.0 (11372893)|VARIABLE_ASSIGNMENT|[EXTERNAL]|this|{}|0x547452dc
18:14:19.0 (11384554)|VARIABLE_ASSIGNMENT|[EXTERNAL]|value|{"Category__c":"Road Meals","RecordTypeId":"012460000005G1KAAU","Amount__c":8900,"Tax__c":1157.00,"Submitted__c":true,"Employee__c":"00346000002ojeGAAQ","Id":"a0F46000000FmUwEAK","RecordType":{"Name":"Client Meetings","Id":"012460000005G1KAAU"},"Employee__r":{"Id":"00346000002ojeGAAQ","Name":"Paolo Smith"}}|0x4abf0893
18:14:19.0 (11398051)|VARIABLE_ASSIGNMENT|[104]|this.expense|{"Category__c":"Road Meals","RecordTypeId":"012460000005G1KAAU","Amount__c":8900,"Tax__c":1157.00,"Submitted__c":true,"Employee__c":"00346000002ojeGAAQ","Id":"a0F46000000FmUwEAK","RecordType":{"Name":"Client Meetings","Id":"012460000005G1KAAU"},"Employee__r":{"Id":"00346000002ojeGAAQ","Name":"Paolo Smith"}}|0x547452dc
18:14:19.0 (11403592)|STATEMENT_EXECUTE|[110]
18:14:19.0 (11427850)|VARIABLE_ASSIGNMENT|[EXTERNAL]|this|{"expense":"0x4abf0893"}|0x547452dc
18:14:19.0 (11432513)|VARIABLE_ASSIGNMENT|[EXTERNAL]|value|false
18:14:19.0 (11435420)|HEAP_ALLOCATE|[105]|Bytes:5
18:14:19.0 (11439377)|VARIABLE_ASSIGNMENT|[105]|this.checked|false|0x547452dc
18:14:19.0 (11446147)|CONSTRUCTOR_EXIT|[18]|01p46000002wayn|<init>(Expense__c,Boolean)
18:14:19.0 (11456464)|HEAP_ALLOCATE|[EXTERNAL]|Bytes:4
18:14:19.0 (11466660)|HEAP_ALLOCATE|[16]|Bytes:5
18:14:19.0 (11484092)|HEAP_ALLOCATE|[16]|Bytes:36
18:14:19.0 (11488633)|VARIABLE_SCOPE_BEGIN|[16]|ex|Expense__c|true|false
18:14:19.0 (11516963)|VARIABLE_ASSIGNMENT|[16]|ex|{"RecordTypeId":"012460000005G1FAAU","Amount__c":3000,"Tax__c":390.00,"Submitted__c":true,"Employee__c":"00346000002ojVWAAY","Id":"a0F46000000Fp6rEAC","RecordType":{"Name":"Business Trips","Id":"012460000005G1FAAU"},"Employee__r":{"Id":"00346000002ojVWAAY","Name":"Carol Ruiz","Birthdate":"2017-10-09T00:00:00.000Z"}}|0x7f52f084
18:14:19.0 (11521173)|STATEMENT_EXECUTE|[16]
18:14:19.0 (11522356)|STATEMENT_EXECUTE|[18]
18:14:19.0 (11536327)|VARIABLE_ASSIGNMENT|[EXTERNAL]|this|{"queryString":"","wrappedExpenses":"0x198ab306"}|0x6cc039f2
18:14:19.0 (11543118)|HEAP_ALLOCATE|[18]|Bytes:12
18:14:19.0 (11549633)|CONSTRUCTOR_ENTRY|[18]|01p46000002wayn|<init>(Expense__c,Boolean)
18:14:19.0 (11552382)|VARIABLE_SCOPE_BEGIN|[107]|this|ExpenseController.ExpenseWrapper|true|false
18:14:19.0 (11559274)|VARIABLE_ASSIGNMENT|[107]|this|{}|0x7e1c4f11
18:14:19.0 (11560896)|VARIABLE_SCOPE_BEGIN|[107]|ex|Expense__c|true|false
18:14:19.0 (11572962)|VARIABLE_ASSIGNMENT|[107]|ex|{"RecordTypeId":"012460000005G1FAAU","Amount__c":3000,"Tax__c":390.00,"Submitted__c":true,"Employee__c":"00346000002ojVWAAY","Id":"a0F46000000Fp6rEAC","RecordType":{"Name":"Business Trips","Id":"012460000005G1FAAU"},"Employee__r":{"Id":"00346000002ojVWAAY","Name":"Carol Ruiz","Birthdate":"2017-10-09T00:00:00.000Z"}}|0x7f52f084
18:14:19.0 (11576814)|VARIABLE_SCOPE_BEGIN|[107]|check|Boolean|false|false
18:14:19.0 (11579080)|VARIABLE_ASSIGNMENT|[107]|check|false
18:14:19.0 (11581229)|STATEMENT_EXECUTE|[102]
18:14:19.0 (11582330)|STATEMENT_EXECUTE|[104]
18:14:19.0 (11583425)|STATEMENT_EXECUTE|[105]
18:14:19.0 (11590743)|STATEMENT_EXECUTE|[107]
18:14:19.0 (11591801)|STATEMENT_EXECUTE|[109]
18:14:19.0 (11599623)|VARIABLE_ASSIGNMENT|[EXTERNAL]|this|{}|0x7e1c4f11
18:14:19.0 (11610520)|VARIABLE_ASSIGNMENT|[EXTERNAL]|value|{"RecordTypeId":"012460000005G1FAAU","Amount__c":3000,"Tax__c":390.00,"Submitted__c":true,"Employee__c":"00346000002ojVWAAY","Id":"a0F46000000Fp6rEAC","RecordType":{"Name":"Business Trips","Id":"012460000005G1FAAU"},"Employee__r":{"Id":"00346000002ojVWAAY","Name":"Carol Ruiz","Birthdate":"2017-10-09T00:00:00.000Z"}}|0x7f52f084
18:14:19.0 (11622639)|VARIABLE_ASSIGNMENT|[104]|this.expense|{"RecordTypeId":"012460000005G1FAAU","Amount__c":3000,"Tax__c":390.00,"Submitted__c":true,"Employee__c":"00346000002ojVWAAY","Id":"a0F46000000Fp6rEAC","RecordType":{"Name":"Business Trips","Id":"012460000005G1FAAU"},"Employee__r":{"Id":"00346000002ojVWAAY","Name":"Carol Ruiz","Birthdate":"2017-10-09T00:00:00.000Z"}}|0x7e1c4f11
18:14:19.0 (11627156)|STATEMENT_EXECUTE|[110]
18:14:19.0 (11635467)|VARIABLE_ASSIGNMENT|[EXTERNAL]|this|{"expense":"0x7f52f084"}|0x7e1c4f11
18:14:19.0 (11638857)|VARIABLE_ASSIGNMENT|[EXTERNAL]|value|false
18:14:19.0 (11641038)|HEAP_ALLOCATE|[105]|Bytes:5
18:14:19.0 (11644376)|VARIABLE_ASSIGNMENT|[105]|this.checked|false|0x7e1c4f11
18:14:19.0 (11650260)|CONSTRUCTOR_EXIT|[18]|01p46000002wayn|<init>(Expense__c,Boolean)
18:14:19.0 (11655236)|HEAP_ALLOCATE|[EXTERNAL]|Bytes:4
18:14:19.0 (11661582)|HEAP_ALLOCATE|[16]|Bytes:5
18:14:19.0 (11675472)|HEAP_ALLOCATE|[16]|Bytes:40
18:14:19.0 (11679126)|VARIABLE_SCOPE_BEGIN|[16]|ex|Expense__c|true|false
18:14:19.0 (11693758)|VARIABLE_ASSIGNMENT|[16]|ex|{"Category__c":"Event Registration","RecordTypeId":"012460000005G1FAAU","Amount__c":3499,"Tax__c":454.87,"Submitted__c":true,"Employee__c":"00346000002ojVWAAY","Id":"a0F46000000Fp76EAC","RecordType":{"Name":"Business Trips","Id":"012460000005G1FAAU"},"Employee__r":{"Id":"00346000002ojVWAAY","Name":"Carol Ruiz","Birthdate":"2017-10-09T00:00:00.000Z"}}|0x183ec663
18:14:19.0 (11697212)|STATEMENT_EXECUTE|[16]
18:14:19.0 (11698344)|STATEMENT_EXECUTE|[18]
18:14:19.0 (11709894)|VARIABLE_ASSIGNMENT|[EXTERNAL]|this|{"queryString":"","wrappedExpenses":"0x198ab306"}|0x6cc039f2
18:14:19.0 (11715966)|HEAP_ALLOCATE|[18]|Bytes:12
18:14:19.0 (11721543)|CONSTRUCTOR_ENTRY|[18]|01p46000002wayn|<init>(Expense__c,Boolean)
18:14:19.0 (11723818)|VARIABLE_SCOPE_BEGIN|[107]|this|ExpenseController.ExpenseWrapper|true|false
18:14:19.0 (11730307)|VARIABLE_ASSIGNMENT|[107]|this|{}|0x2e34dce
18:14:19.0 (11731751)|VARIABLE_SCOPE_BEGIN|[107]|ex|Expense__c|true|false
18:14:19.0 (11743434)|VARIABLE_ASSIGNMENT|[107]|ex|{"Category__c":"Event Registration","RecordTypeId":"012460000005G1FAAU","Amount__c":3499,"Tax__c":454.87,"Submitted__c":true,"Employee__c":"00346000002ojVWAAY","Id":"a0F46000000Fp76EAC","RecordType":{"Name":"Business Trips","Id":"012460000005G1FAAU"},"Employee__r":{"Id":"00346000002ojVWAAY","Name":"Carol Ruiz","Birthdate":"2017-10-09T00:00:00.000Z"}}|0x183ec663
18:14:19.0 (11747004)|VARIABLE_SCOPE_BEGIN|[107]|check|Boolean|false|false
18:14:19.0 (11749164)|VARIABLE_ASSIGNMENT|[107]|check|false
18:14:19.0 (11751298)|STATEMENT_EXECUTE|[102]
18:14:19.0 (11752336)|STATEMENT_EXECUTE|[104]
18:14:19.0 (11753608)|STATEMENT_EXECUTE|[105]
18:14:19.0 (11760016)|STATEMENT_EXECUTE|[107]
18:14:19.0 (11761109)|STATEMENT_EXECUTE|[109]
18:14:19.0 (11768620)|VARIABLE_ASSIGNMENT|[EXTERNAL]|this|{}|0x2e34dce
18:14:19.0 (11780031)|VARIABLE_ASSIGNMENT|[EXTERNAL]|value|{"Category__c":"Event Registration","RecordTypeId":"012460000005G1FAAU","Amount__c":3499,"Tax__c":454.87,"Submitted__c":true,"Employee__c":"00346000002ojVWAAY","Id":"a0F46000000Fp76EAC","RecordType":{"Name":"Business Trips","Id":"012460000005G1FAAU"},"Employee__r":{"Id":"00346000002ojVWAAY","Name":"Carol Ruiz","Birthdate":"2017-10-09T00:00:00.000Z"}}|0x183ec663
18:14:19.0 (11791491)|VARIABLE_ASSIGNMENT|[104]|this.expense|{"Category__c":"Event Registration","RecordTypeId":"012460000005G1FAAU","Amount__c":3499,"Tax__c":454.87,"Submitted__c":true,"Employee__c":"00346000002ojVWAAY","Id":"a0F46000000Fp76EAC","RecordType":{"Name":"Business Trips","Id":"012460000005G1FAAU"},"Employee__r":{"Id":"00346000002ojVWAAY","Name":"Carol Ruiz","Birthdate":"2017-10-09T00:00:00.000Z"}}|0x2e34dce
18:14:19.0 (11796575)|STATEMENT_EXECUTE|[110]
18:14:19.0 (11804425)|VARIABLE_ASSIGNMENT|[EXTERNAL]|this|{"expense":"0x183ec663"}|0x2e34dce
18:14:19.0 (11807599)|VARIABLE_ASSIGNMENT|[EXTERNAL]|value|false
18:14:19.0 (11809770)|HEAP_ALLOCATE|[105]|Bytes:5
18:14:19.0 (11812593)|VARIABLE_ASSIGNMENT|[105]|this.checked|false|0x2e34dce
18:14:19.0 (11817730)|CONSTRUCTOR_EXIT|[18]|01p46000002wayn|<init>(Expense__c,Boolean)
18:14:19.0 (11822092)|HEAP_ALLOCATE|[EXTERNAL]|Bytes:4
18:14:19.0 (11827979)|HEAP_ALLOCATE|[16]|Bytes:5
18:14:19.0 (11840778)|HEAP_ALLOCATE|[16]|Bytes:40
18:14:19.0 (11843959)|VARIABLE_SCOPE_BEGIN|[16]|ex|Expense__c|true|false
18:14:19.0 (11854851)|VARIABLE_ASSIGNMENT|[16]|ex|{"Category__c":"Event Registration","RecordTypeId":"012460000005G1KAAU","Amount__c":5600,"Tax__c":728.00,"Submitted__c":true,"Employee__c":"00346000002oeLWAAY","Id":"a0F46000000FBc6EAG","RecordType":{"Name":"Client Meetings","Id":"012460000005G1KAAU"},"Employee__r":{"Id":"00346000002oeLWAAY","Name":"Paulo Acosta"}}|0x2469784a
18:14:19.0 (11858173)|STATEMENT_EXECUTE|[16]
18:14:19.0 (11859609)|STATEMENT_EXECUTE|[18]
18:14:19.0 (11869969)|VARIABLE_ASSIGNMENT|[EXTERNAL]|this|{"queryString":"","wrappedExpenses":"0x198ab306"}|0x6cc039f2
18:14:19.0 (11875112)|HEAP_ALLOCATE|[18]|Bytes:12
18:14:19.0 (11879951)|CONSTRUCTOR_ENTRY|[18]|01p46000002wayn|<init>(Expense__c,Boolean)
18:14:19.0 (11882018)|VARIABLE_SCOPE_BEGIN|[107]|this|ExpenseController.ExpenseWrapper|true|false
18:14:19.0 (11888153)|VARIABLE_ASSIGNMENT|[107]|this|{}|0x1063ebcf
18:14:19.0 (11889531)|VARIABLE_SCOPE_BEGIN|[107]|ex|Expense__c|true|false
18:14:19.0 (11897694)|VARIABLE_ASSIGNMENT|[107]|ex|{"Category__c":"Event Registration","RecordTypeId":"012460000005G1KAAU","Amount__c":5600,"Tax__c":728.00,"Submitted__c":true,"Employee__c":"00346000002oeLWAAY","Id":"a0F46000000FBc6EAG","RecordType":{"Name":"Client Meetings","Id":"012460000005G1KAAU"},"Employee__r":{"Id":"00346000002oeLWAAY","Name":"Paulo Acosta"}}|0x2469784a
18:14:19.0 (11900852)|VARIABLE_SCOPE_BEGIN|[107]|check|Boolean|false|false
18:14:19.0 (11903184)|VARIABLE_ASSIGNMENT|[107]|check|false
18:14:19.0 (11905019)|STATEMENT_EXECUTE|[102]
18:14:19.0 (11906318)|STATEMENT_EXECUTE|[104]
18:14:19.0 (11907434)|STATEMENT_EXECUTE|[105]
18:14:19.0 (11918350)|STATEMENT_EXECUTE|[107]
18:14:19.0 (11919493)|STATEMENT_EXECUTE|[109]
18:14:19.0 (11926876)|VARIABLE_ASSIGNMENT|[EXTERNAL]|this|{}|0x1063ebcf
18:14:19.0 (11935638)|VARIABLE_ASSIGNMENT|[EXTERNAL]|value|{"Category__c":"Event Registration","RecordTypeId":"012460000005G1KAAU","Amount__c":5600,"Tax__c":728.00,"Submitted__c":true,"Employee__c":"00346000002oeLWAAY","Id":"a0F46000000FBc6EAG","RecordType":{"Name":"Client Meetings","Id":"012460000005G1KAAU"},"Employee__r":{"Id":"00346000002oeLWAAY","Name":"Paulo Acosta"}}|0x2469784a
18:14:19.0 (11944801)|VARIABLE_ASSIGNMENT|[104]|this.expense|{"Category__c":"Event Registration","RecordTypeId":"012460000005G1KAAU","Amount__c":5600,"Tax__c":728.00,"Submitted__c":true,"Employee__c":"00346000002oeLWAAY","Id":"a0F46000000FBc6EAG","RecordType":{"Name":"Client Meetings","Id":"012460000005G1KAAU"},"Employee__r":{"Id":"00346000002oeLWAAY","Name":"Paulo Acosta"}}|0x1063ebcf
18:14:19.0 (11948838)|STATEMENT_EXECUTE|[110]
18:14:19.0 (11956371)|VARIABLE_ASSIGNMENT|[EXTERNAL]|this|{"expense":"0x2469784a"}|0x1063ebcf
18:14:19.0 (11959487)|VARIABLE_ASSIGNMENT|[EXTERNAL]|value|false
18:14:19.0 (11961579)|HEAP_ALLOCATE|[105]|Bytes:5
18:14:19.0 (11964254)|VARIABLE_ASSIGNMENT|[105]|this.checked|false|0x1063ebcf
18:14:19.0 (11969421)|CONSTRUCTOR_EXIT|[18]|01p46000002wayn|<init>(Expense__c,Boolean)
18:14:19.0 (11973522)|HEAP_ALLOCATE|[EXTERNAL]|Bytes:4
18:14:19.0 (11979267)|HEAP_ALLOCATE|[16]|Bytes:5
18:14:19.0 (11993211)|HEAP_ALLOCATE|[16]|Bytes:40
18:14:19.0 (11996707)|VARIABLE_SCOPE_BEGIN|[16]|ex|Expense__c|true|false
18:14:19.0 (12011056)|VARIABLE_ASSIGNMENT|[16]|ex|{"Category__c":"Transportation","RecordTypeId":"012460000005G1FAAU","Amount__c":3500,"Tax__c":455.00,"Submitted__c":true,"Employee__c":"00346000002ojVWAAY","Id":"a0F46000000FBblEAG","RecordType":{"Name":"Business Trips","Id":"012460000005G1FAAU"},"Employee__r":{"Id":"00346000002ojVWAAY","Name":"Carol Ruiz","Birthdate":"2017-10-09T00:00:00.000Z"}}|0x16a017c4
18:14:19.0 (12015120)|STATEMENT_EXECUTE|[16]
18:14:19.0 (12016424)|STATEMENT_EXECUTE|[18]
18:14:19.0 (12027233)|VARIABLE_ASSIGNMENT|[EXTERNAL]|this|{"queryString":"","wrappedExpenses":"0x198ab306"}|0x6cc039f2
18:14:19.0 (12032814)|HEAP_ALLOCATE|[18]|Bytes:12
18:14:19.0 (12037894)|CONSTRUCTOR_ENTRY|[18]|01p46000002wayn|<init>(Expense__c,Boolean)
18:14:19.0 (12039867)|VARIABLE_SCOPE_BEGIN|[107]|this|ExpenseController.ExpenseWrapper|true|false
18:14:19.0 (12045818)|VARIABLE_ASSIGNMENT|[107]|this|{}|0x56b9829d
18:14:19.0 (12047306)|VARIABLE_SCOPE_BEGIN|[107]|ex|Expense__c|true|false
18:14:19.0 (12058179)|VARIABLE_ASSIGNMENT|[107]|ex|{"Category__c":"Transportation","RecordTypeId":"012460000005G1FAAU","Amount__c":3500,"Tax__c":455.00,"Submitted__c":true,"Employee__c":"00346000002ojVWAAY","Id":"a0F46000000FBblEAG","RecordType":{"Name":"Business Trips","Id":"012460000005G1FAAU"},"Employee__r":{"Id":"00346000002ojVWAAY","Name":"Carol Ruiz","Birthdate":"2017-10-09T00:00:00.000Z"}}|0x16a017c4
18:14:19.0 (12061963)|VARIABLE_SCOPE_BEGIN|[107]|check|Boolean|false|false
18:14:19.0 (12064020)|VARIABLE_ASSIGNMENT|[107]|check|false
18:14:19.0 (12065968)|STATEMENT_EXECUTE|[102]
18:14:19.0 (12067219)|STATEMENT_EXECUTE|[104]
18:14:19.0 (12068183)|STATEMENT_EXECUTE|[105]
18:14:19.0 (12073711)|STATEMENT_EXECUTE|[107]
18:14:19.0 (12074792)|STATEMENT_EXECUTE|[109]
18:14:19.0 (12082287)|VARIABLE_ASSIGNMENT|[EXTERNAL]|this|{}|0x56b9829d
18:14:19.0 (12093329)|VARIABLE_ASSIGNMENT|[EXTERNAL]|value|{"Category__c":"Transportation","RecordTypeId":"012460000005G1FAAU","Amount__c":3500,"Tax__c":455.00,"Submitted__c":true,"Employee__c":"00346000002ojVWAAY","Id":"a0F46000000FBblEAG","RecordType":{"Name":"Business Trips","Id":"012460000005G1FAAU"},"Employee__r":{"Id":"00346000002ojVWAAY","Name":"Carol Ruiz","Birthdate":"2017-10-09T00:00:00.000Z"}}|0x16a017c4
18:14:19.0 (12104925)|VARIABLE_ASSIGNMENT|[104]|this.expense|{"Category__c":"Transportation","RecordTypeId":"012460000005G1FAAU","Amount__c":3500,"Tax__c":455.00,"Submitted__c":true,"Employee__c":"00346000002ojVWAAY","Id":"a0F46000000FBblEAG","RecordType":{"Name":"Business Trips","Id":"012460000005G1FAAU"},"Employee__r":{"Id":"00346000002ojVWAAY","Name":"Carol Ruiz","Birthdate":"2017-10-09T00:00:00.000Z"}}|0x56b9829d
18:14:19.0 (12109671)|STATEMENT_EXECUTE|[110]
18:14:19.0 (12117869)|VARIABLE_ASSIGNMENT|[EXTERNAL]|this|{"expense":"0x16a017c4"}|0x56b9829d
18:14:19.0 (12121001)|VARIABLE_ASSIGNMENT|[EXTERNAL]|value|false
18:14:19.0 (12123383)|HEAP_ALLOCATE|[105]|Bytes:5
18:14:19.0 (12126051)|VARIABLE_ASSIGNMENT|[105]|this.checked|false|0x56b9829d
18:14:19.0 (12130966)|CONSTRUCTOR_EXIT|[18]|01p46000002wayn|<init>(Expense__c,Boolean)
18:14:19.0 (12135246)|HEAP_ALLOCATE|[EXTERNAL]|Bytes:4
18:14:19.0 (12140943)|HEAP_ALLOCATE|[16]|Bytes:5
18:14:19.0 (12152738)|HEAP_ALLOCATE|[16]|Bytes:44
18:14:19.0 (12155782)|VARIABLE_SCOPE_BEGIN|[16]|ex|Expense__c|true|false
18:14:19.0 (12166955)|VARIABLE_ASSIGNMENT|[16]|ex|{"Category__c":"Lodging","RecordTypeId":"012460000005G1KAAU","Amount__c":4000,"Tax__c":520.00,"Client_Company__c":"At&t","Submitted__c":true,"Employee__c":"00346000002ojeGAAQ","Id":"a0F46000000Ftq1EAC","RecordType":{"Name":"Client Meetings","Id":"012460000005G1KAAU"},"Employee__r":{"Id":"00346000002ojeGAAQ","Name":"Paolo Smith"}}|0x7e1e1344
18:14:19.0 (12170493)|STATEMENT_EXECUTE|[16]
18:14:19.0 (12171520)|STATEMENT_EXECUTE|[18]
18:14:19.0 (12181803)|VARIABLE_ASSIGNMENT|[EXTERNAL]|this|{"queryString":"","wrappedExpenses":"0x198ab306"}|0x6cc039f2
18:14:19.0 (12186900)|HEAP_ALLOCATE|[18]|Bytes:12
18:14:19.0 (12191773)|CONSTRUCTOR_ENTRY|[18]|01p46000002wayn|<init>(Expense__c,Boolean)
18:14:19.0 (12193678)|VARIABLE_SCOPE_BEGIN|[107]|this|ExpenseController.ExpenseWrapper|true|false
18:14:19.0 (12199803)|VARIABLE_ASSIGNMENT|[107]|this|{}|0x4a413b9c
18:14:19.0 (12201083)|VARIABLE_SCOPE_BEGIN|[107]|ex|Expense__c|true|false
18:14:19.0 (12209689)|VARIABLE_ASSIGNMENT|[107]|ex|{"Category__c":"Lodging","RecordTypeId":"012460000005G1KAAU","Amount__c":4000,"Tax__c":520.00,"Client_Company__c":"At&t","Submitted__c":true,"Employee__c":"00346000002ojeGAAQ","Id":"a0F46000000Ftq1EAC","RecordType":{"Name":"Client Meetings","Id":"012460000005G1KAAU"},"Employee__r":{"Id":"00346000002ojeGAAQ","Name":"Paolo Smith"}}|0x7e1e1344
18:14:19.0 (12212888)|VARIABLE_SCOPE_BEGIN|[107]|check|Boolean|false|false
18:14:19.0 (12214827)|VARIABLE_ASSIGNMENT|[107]|check|false
18:14:19.0 (12216833)|STATEMENT_EXECUTE|[102]
18:14:19.0 (12217878)|STATEMENT_EXECUTE|[104]
18:14:19.0 (12218900)|STATEMENT_EXECUTE|[105]
18:14:19.0 (12224062)|STATEMENT_EXECUTE|[107]
18:14:19.0 (12225069)|STATEMENT_EXECUTE|[109]
18:14:19.0 (12231593)|VARIABLE_ASSIGNMENT|[EXTERNAL]|this|{}|0x4a413b9c
18:14:19.0 (12240106)|VARIABLE_ASSIGNMENT|[EXTERNAL]|value|{"Category__c":"Lodging","RecordTypeId":"012460000005G1KAAU","Amount__c":4000,"Tax__c":520.00,"Client_Company__c":"At&t","Submitted__c":true,"Employee__c":"00346000002ojeGAAQ","Id":"a0F46000000Ftq1EAC","RecordType":{"Name":"Client Meetings","Id":"012460000005G1KAAU"},"Employee__r":{"Id":"00346000002ojeGAAQ","Name":"Paolo Smith"}}|0x7e1e1344
18:14:19.0 (12249902)|VARIABLE_ASSIGNMENT|[104]|this.expense|{"Category__c":"Lodging","RecordTypeId":"012460000005G1KAAU","Amount__c":4000,"Tax__c":520.00,"Client_Company__c":"At&t","Submitted__c":true,"Employee__c":"00346000002ojeGAAQ","Id":"a0F46000000Ftq1EAC","RecordType":{"Name":"Client Meetings","Id":"012460000005G1KAAU"},"Employee__r":{"Id":"00346000002ojeGAAQ","Name":"Paolo Smith"}}|0x4a413b9c
18:14:19.0 (12254358)|STATEMENT_EXECUTE|[110]
18:14:19.0 (12261570)|VARIABLE_ASSIGNMENT|[EXTERNAL]|this|{"expense":"0x7e1e1344"}|0x4a413b9c
18:14:19.0 (12264586)|VARIABLE_ASSIGNMENT|[EXTERNAL]|value|false
18:14:19.0 (12266650)|HEAP_ALLOCATE|[105]|Bytes:5
18:14:19.0 (12269330)|VARIABLE_ASSIGNMENT|[105]|this.checked|false|0x4a413b9c
18:14:19.0 (12273902)|CONSTRUCTOR_EXIT|[18]|01p46000002wayn|<init>(Expense__c,Boolean)
18:14:19.0 (12277784)|HEAP_ALLOCATE|[EXTERNAL]|Bytes:4
18:14:19.0 (12283270)|HEAP_ALLOCATE|[16]|Bytes:5
18:14:19.0 (12294477)|HEAP_ALLOCATE|[16]|Bytes:40
18:14:19.0 (12297514)|VARIABLE_SCOPE_BEGIN|[16]|ex|Expense__c|true|false
18:14:19.0 (12311043)|VARIABLE_ASSIGNMENT|[16]|ex|{"Category__c":"Transportation","RecordTypeId":"012460000005G1FAAU","Amount__c":4000,"Tax__c":520.00,"Submitted__c":true,"Employee__c":"00346000002ojVWAAY","Id":"a0F46000000FtpwEAC","RecordType":{"Name":"Business Trips","Id":"012460000005G1FAAU"},"Employee__r":{"Id":"00346000002ojVWAAY","Name":"Carol Ruiz","Birthdate":"2017-10-09T00:00:00.000Z"}}|0x107dcf3a
18:14:19.0 (12314725)|STATEMENT_EXECUTE|[16]
18:14:19.0 (12315777)|STATEMENT_EXECUTE|[18]
18:14:19.0 (12326020)|VARIABLE_ASSIGNMENT|[EXTERNAL]|this|{"queryString":"","wrappedExpenses":"0x198ab306"}|0x6cc039f2
18:14:19.0 (12330934)|HEAP_ALLOCATE|[18]|Bytes:12
18:14:19.0 (12335715)|CONSTRUCTOR_ENTRY|[18]|01p46000002wayn|<init>(Expense__c,Boolean)
18:14:19.0 (12337710)|VARIABLE_SCOPE_BEGIN|[107]|this|ExpenseController.ExpenseWrapper|true|false
18:14:19.0 (12343436)|VARIABLE_ASSIGNMENT|[107]|this|{}|0x52d48227
18:14:19.0 (12344737)|VARIABLE_SCOPE_BEGIN|[107]|ex|Expense__c|true|false
18:14:19.0 (12355623)|VARIABLE_ASSIGNMENT|[107]|ex|{"Category__c":"Transportation","RecordTypeId":"012460000005G1FAAU","Amount__c":4000,"Tax__c":520.00,"Submitted__c":true,"Employee__c":"00346000002ojVWAAY","Id":"a0F46000000FtpwEAC","RecordType":{"Name":"Business Trips","Id":"012460000005G1FAAU"},"Employee__r":{"Id":"00346000002ojVWAAY","Name":"Carol Ruiz","Birthdate":"2017-10-09T00:00:00.000Z"}}|0x107dcf3a
18:14:19.0 (12358976)|VARIABLE_SCOPE_BEGIN|[107]|check|Boolean|false|false
18:14:19.0 (12361501)|VARIABLE_ASSIGNMENT|[107]|check|false
18:14:19.0 (12363383)|STATEMENT_EXECUTE|[102]
18:14:19.0 (12364360)|STATEMENT_EXECUTE|[104]
18:14:19.0 (12365381)|STATEMENT_EXECUTE|[105]
18:14:19.0 (12370699)|STATEMENT_EXECUTE|[107]
18:14:19.0 (12371693)|STATEMENT_EXECUTE|[109]
18:14:19.0 (12378870)|VARIABLE_ASSIGNMENT|[EXTERNAL]|this|{}|0x52d48227
18:14:19.0 (12389591)|VARIABLE_ASSIGNMENT|[EXTERNAL]|value|{"Category__c":"Transportation","RecordTypeId":"012460000005G1FAAU","Amount__c":4000,"Tax__c":520.00,"Submitted__c":true,"Employee__c":"00346000002ojVWAAY","Id":"a0F46000000FtpwEAC","RecordType":{"Name":"Business Trips","Id":"012460000005G1FAAU"},"Employee__r":{"Id":"00346000002ojVWAAY","Name":"Carol Ruiz","Birthdate":"2017-10-09T00:00:00.000Z"}}|0x107dcf3a
18:14:19.0 (12400893)|VARIABLE_ASSIGNMENT|[104]|this.expense|{"Category__c":"Transportation","RecordTypeId":"012460000005G1FAAU","Amount__c":4000,"Tax__c":520.00,"Submitted__c":true,"Employee__c":"00346000002ojVWAAY","Id":"a0F46000000FtpwEAC","RecordType":{"Name":"Business Trips","Id":"012460000005G1FAAU"},"Employee__r":{"Id":"00346000002ojVWAAY","Name":"Carol Ruiz","Birthdate":"2017-10-09T00:00:00.000Z"}}|0x52d48227
18:14:19.0 (12406333)|STATEMENT_EXECUTE|[110]
18:14:19.0 (12414472)|VARIABLE_ASSIGNMENT|[EXTERNAL]|this|{"expense":"0x107dcf3a"}|0x52d48227
18:14:19.0 (12417731)|VARIABLE_ASSIGNMENT|[EXTERNAL]|value|false
18:14:19.0 (12419782)|HEAP_ALLOCATE|[105]|Bytes:5
18:14:19.0 (12422499)|VARIABLE_ASSIGNMENT|[105]|this.checked|false|0x52d48227
18:14:19.0 (12427406)|CONSTRUCTOR_EXIT|[18]|01p46000002wayn|<init>(Expense__c,Boolean)
18:14:19.0 (12431502)|HEAP_ALLOCATE|[EXTERNAL]|Bytes:4
18:14:19.0 (12437033)|HEAP_ALLOCATE|[16]|Bytes:5
18:14:19.0 (12442898)|VARIABLE_ASSIGNMENT|[16]|ex|null|
18:14:19.0 (12445353)|STATEMENT_EXECUTE|[21]
18:14:19.0 (12462712)|VARIABLE_ASSIGNMENT|[EXTERNAL]|this|{"queryString":"","wrappedExpenses":"0x198ab306"}|0x6cc039f2
18:14:19.41 (41420262)|CUMULATIVE_LIMIT_USAGE
18:14:19.41 (41420262)|LIMIT_USAGE_FOR_NS|(default)|
  Number of SOQL queries: 1 out of 100
  Number of query rows: 7 out of 50000
  Number of SOSL queries: 0 out of 20
  Number of DML statements: 0 out of 150
  Number of DML rows: 0 out of 10000
  Maximum CPU time: 0 out of 10000
  Maximum heap size: 0 out of 6000000
  Number of callouts: 0 out of 100
  Number of Email Invocations: 0 out of 10
  Number of future calls: 0 out of 50
  Number of queueable jobs added to the queue: 0 out of 50
  Number of Mobile Apex push calls: 0 out of 10

18:14:19.41 (41420262)|CUMULATIVE_LIMIT_USAGE_END

18:14:19.0 (41452638)|CODE_UNIT_FINISHED|VF: /apex/ListOfEmployees
18:14:19.0 (42140241)|EXECUTION_FINISHED
