39.0 APEX_CODE,FINEST;APEX_PROFILING,INFO;CALLOUT,INFO;DB,INFO;SYSTEM,DEBUG;VALIDATION,INFO;VISUALFORCE,INFO;WAVE,INFO;WORKFLOW,INFO
12:41:06.0 (322675)|USER_INFO|[EXTERNAL]|00546000000Iihs|pacosta@altimetrik.com|Argentine Time|GMT-03:00
12:41:06.0 (345709)|EXECUTION_STARTED
12:41:06.0 (349761)|CODE_UNIT_STARTED|[EXTERNAL]|06646000001BW08|VF: /apex/ListOfEmployees
12:41:06.0 (897772)|VF_DESERIALIZE_VIEWSTATE_BEGIN|06646000001BW08
12:41:06.0 (5335624)|HEAP_ALLOCATE|[72]|Bytes:3
12:41:06.0 (5376610)|HEAP_ALLOCATE|[77]|Bytes:152
12:41:06.0 (5390928)|HEAP_ALLOCATE|[342]|Bytes:408
12:41:06.0 (5402648)|HEAP_ALLOCATE|[355]|Bytes:408
12:41:06.0 (5413045)|HEAP_ALLOCATE|[467]|Bytes:48
12:41:06.0 (5440266)|HEAP_ALLOCATE|[139]|Bytes:6
12:41:06.0 (6919992)|HEAP_ALLOCATE|[50]|Bytes:5
12:41:06.0 (6946813)|HEAP_ALLOCATE|[56]|Bytes:5
12:41:06.0 (6953854)|HEAP_ALLOCATE|[64]|Bytes:7
12:41:06.0 (8457212)|VF_DESERIALIZE_VIEWSTATE_END
12:41:06.0 (9196850)|SYSTEM_MODE_ENTER|true
12:41:06.0 (9416383)|HEAP_ALLOCATE|[EXTERNAL]|Bytes:140
12:41:06.0 (9423146)|HEAP_ALLOCATE|[EXTERNAL]|Bytes:46
12:41:06.0 (9432348)|METHOD_ENTRY|[1]|01p46000002wayn|ExpenseController.ExpenseController()
12:41:06.0 (9435776)|STATEMENT_EXECUTE|[1]
12:41:06.0 (9440962)|STATEMENT_EXECUTE|[1]
12:41:06.0 (9446239)|METHOD_EXIT|[1]|ExpenseController
12:41:06.0 (9450282)|HEAP_ALLOCATE|[EXTERNAL]|Bytes:24
12:41:06.0 (9456208)|VARIABLE_SCOPE_BEGIN|[17]|this|ExpenseController|true|false
12:41:06.0 (9510621)|VARIABLE_ASSIGNMENT|[17]|this|{"CountTotalRecords":7,"OffsetSize":3,"QueryLimit":3,"queryString":"","wrappedExpenses":"0x3e18f65"}|0x7252d282
12:41:06.0 (9521416)|STATEMENT_EXECUTE|[17]
12:41:06.0 (9522986)|STATEMENT_EXECUTE|[19]
12:41:06.0 (9525989)|HEAP_ALLOCATE|[19]|Bytes:161
12:41:06.0 (9531123)|HEAP_ALLOCATE|[22]|Bytes:33
12:41:06.0 (9591466)|HEAP_ALLOCATE|[22]|Bytes:1
12:41:06.0 (9601329)|HEAP_ALLOCATE|[22]|Bytes:8
12:41:06.0 (9608319)|HEAP_ALLOCATE|[22]|Bytes:1
12:41:06.0 (9620017)|HEAP_ALLOCATE|[19]|Bytes:204
12:41:06.0 (11945992)|SOQL_EXECUTE_BEGIN|[19]|Aggregations:0|SELECT Category__c, RecordType.Name, Amount__c, Tax__c, Client_Company__c, Submitted__c, Employee__r.Id, Employee__r.Name, Employee__r.Birthdate FROM Expense__c  ORDER BY Employee__r.Name LIMIT 3 OFFSET 3
12:41:06.0 (20527270)|SOQL_EXECUTE_END|[19]|Rows:3
12:41:06.0 (20543969)|HEAP_ALLOCATE|[19]|Bytes:16
12:41:06.0 (20581248)|HEAP_ALLOCATE|[19]|Bytes:1032
12:41:06.0 (20645928)|HEAP_ALLOCATE|[19]|Bytes:16
12:41:06.0 (20665026)|VARIABLE_SCOPE_BEGIN|[19]|results|List<Expense__c>|true|false
12:41:06.0 (20735750)|VARIABLE_ASSIGNMENT|[19]|results|[{"Category__c":"Transportation","RecordTypeId":"012460000005G1FAAU","Amount__c":4000,"Tax__c":520.00,"Submitted__c":true,"Employee__c":"00346000002ojVWAAY","Id":"a0F46000000FtpwEAC","RecordType":{"Name":"Business Trips","Id":"012460000005G1FAAU"},"Employee__r":{"Id":"00346000002ojVWAAY","Name":"Carol Ruiz","Birthdate":"2017-10-09T00:00:00.000Z"}},{"Category__c":"Road Meals","RecordTypeId":"012460000005G1KAAU","Amount__c":8900,"Tax__c":1157.00,"Submitted__c":true,"Employee__c":"00346000002ojeGAAQ","Id":"a0F46000000FmUwEAK","RecordType":{"Name":"Client Meetings","Id":"012460000005G1KAAU"},"Employee__r":{"Id":"00346000002ojeGAAQ","Name":"Paolo Smith"}},{"Category__c":"Lodging","RecordTypeId":"012460000005G1KAAU","Amount__c":4000,"Tax__c":520.00,"Client_Company__c":"At&t","Submitted__c":true,"Employee__c":"00346000002ojeGAAQ","Id":"a0F46000000Ftq1EAC","RecordType":{"Name":"Client Meetings","Id":"012460000005G1KAAU"},"Employee__r":{"Id":"00346000002ojeGAAQ","Name":"Paolo Smith"}}]|0x5864b450
12:41:06.0 (20746045)|STATEMENT_EXECUTE|[25]
12:41:06.0 (20752410)|HEAP_ALLOCATE|[25]|Bytes:4
12:41:06.0 (20853585)|VARIABLE_ASSIGNMENT|[EXTERNAL]|this|{"CountTotalRecords":7,"OffsetSize":3,"QueryLimit":3,"queryString":"","wrappedExpenses":"0x3e18f65"}|0x7252d282
12:41:06.0 (20870774)|HEAP_ALLOCATE|[EXTERNAL]|Bytes:4
12:41:06.0 (20877555)|VARIABLE_ASSIGNMENT|[EXTERNAL]|value|[]|0x6e7ae4c7
12:41:06.0 (20888240)|VARIABLE_ASSIGNMENT|[14]|this.wrappedExpenses|[]|0x7252d282
12:41:06.0 (21061828)|HEAP_ALLOCATE|[26]|Bytes:5
12:41:06.0 (21120454)|HEAP_ALLOCATE|[26]|Bytes:40
12:41:06.0 (21130041)|VARIABLE_SCOPE_BEGIN|[26]|ex|Expense__c|true|false
12:41:06.0 (21153846)|VARIABLE_ASSIGNMENT|[26]|ex|{"Category__c":"Transportation","RecordTypeId":"012460000005G1FAAU","Amount__c":4000,"Tax__c":520.00,"Submitted__c":true,"Employee__c":"00346000002ojVWAAY","Id":"a0F46000000FtpwEAC","RecordType":{"Name":"Business Trips","Id":"012460000005G1FAAU"},"Employee__r":{"Id":"00346000002ojVWAAY","Name":"Carol Ruiz","Birthdate":"2017-10-09T00:00:00.000Z"}}|0x4e9b02ee
12:41:06.0 (21158759)|STATEMENT_EXECUTE|[26]
12:41:06.0 (21160286)|STATEMENT_EXECUTE|[28]
12:41:06.0 (21198360)|VARIABLE_ASSIGNMENT|[EXTERNAL]|this|{"CountTotalRecords":7,"OffsetSize":3,"QueryLimit":3,"queryString":"","wrappedExpenses":"0x6e7ae4c7"}|0x7252d282
12:41:06.0 (21210639)|HEAP_ALLOCATE|[28]|Bytes:112
12:41:06.0 (21215781)|HEAP_ALLOCATE|[28]|Bytes:5
12:41:06.0 (21239016)|METHOD_ENTRY|[1]|01p46000003buu6|ExpenseWrapper.ExpenseWrapper()
12:41:06.0 (21241371)|STATEMENT_EXECUTE|[1]
12:41:06.0 (21244545)|STATEMENT_EXECUTE|[1]
12:41:06.0 (21248740)|METHOD_EXIT|[1]|ExpenseWrapper
12:41:06.0 (21253833)|HEAP_ALLOCATE|[28]|Bytes:12
12:41:06.0 (21267406)|CONSTRUCTOR_ENTRY|[28]|01p46000003buu6|<init>(Expense__c,Boolean)
12:41:06.0 (21271531)|VARIABLE_SCOPE_BEGIN|[6]|this|ExpenseWrapper|true|false
12:41:06.0 (21282834)|VARIABLE_ASSIGNMENT|[6]|this|{}|0x1a052107
12:41:06.0 (21284765)|VARIABLE_SCOPE_BEGIN|[6]|ex|Expense__c|true|false
12:41:06.0 (21302087)|VARIABLE_ASSIGNMENT|[6]|ex|{"Category__c":"Transportation","RecordTypeId":"012460000005G1FAAU","Amount__c":4000,"Tax__c":520.00,"Submitted__c":true,"Employee__c":"00346000002ojVWAAY","Id":"a0F46000000FtpwEAC","RecordType":{"Name":"Business Trips","Id":"012460000005G1FAAU"},"Employee__r":{"Id":"00346000002ojVWAAY","Name":"Carol Ruiz","Birthdate":"2017-10-09T00:00:00.000Z"}}|0x4e9b02ee
12:41:06.0 (21307746)|VARIABLE_SCOPE_BEGIN|[6]|check|Boolean|false|false
12:41:06.0 (21310725)|VARIABLE_ASSIGNMENT|[6]|check|false
12:41:06.0 (21313261)|STATEMENT_EXECUTE|[1]
12:41:06.0 (21314937)|STATEMENT_EXECUTE|[3]
12:41:06.0 (21316344)|STATEMENT_EXECUTE|[4]
12:41:06.0 (21321280)|HEAP_ALLOCATE|[8]|Bytes:6
12:41:06.0 (21338883)|STATEMENT_EXECUTE|[6]
12:41:06.0 (21340248)|STATEMENT_EXECUTE|[8]
12:41:06.0 (21364933)|VARIABLE_ASSIGNMENT|[EXTERNAL]|this|{}|0x1a052107
12:41:06.0 (21380638)|VARIABLE_ASSIGNMENT|[EXTERNAL]|value|{"Category__c":"Transportation","RecordTypeId":"012460000005G1FAAU","Amount__c":4000,"Tax__c":520.00,"Submitted__c":true,"Employee__c":"00346000002ojVWAAY","Id":"a0F46000000FtpwEAC","RecordType":{"Name":"Business Trips","Id":"012460000005G1FAAU"},"Employee__r":{"Id":"00346000002ojVWAAY","Name":"Carol Ruiz","Birthdate":"2017-10-09T00:00:00.000Z"}}|0x4e9b02ee
12:41:06.0 (21395786)|VARIABLE_ASSIGNMENT|[3]|this.expense|{"Category__c":"Transportation","RecordTypeId":"012460000005G1FAAU","Amount__c":4000,"Tax__c":520.00,"Submitted__c":true,"Employee__c":"00346000002ojVWAAY","Id":"a0F46000000FtpwEAC","RecordType":{"Name":"Business Trips","Id":"012460000005G1FAAU"},"Employee__r":{"Id":"00346000002ojVWAAY","Name":"Carol Ruiz","Birthdate":"2017-10-09T00:00:00.000Z"}}|0x1a052107
12:41:06.0 (21402212)|STATEMENT_EXECUTE|[9]
12:41:06.0 (21421653)|VARIABLE_ASSIGNMENT|[EXTERNAL]|this|{"expense":"0x4e9b02ee"}|0x1a052107
12:41:06.0 (21426815)|VARIABLE_ASSIGNMENT|[EXTERNAL]|value|false
12:41:06.0 (21429885)|HEAP_ALLOCATE|[4]|Bytes:5
12:41:06.0 (21433467)|VARIABLE_ASSIGNMENT|[4]|this.checked|false|0x1a052107
12:41:06.0 (21442019)|CONSTRUCTOR_EXIT|[28]|01p46000003buu6|<init>(Expense__c,Boolean)
12:41:06.0 (21452589)|HEAP_ALLOCATE|[EXTERNAL]|Bytes:4
12:41:06.0 (21463053)|HEAP_ALLOCATE|[26]|Bytes:5
12:41:06.0 (21484017)|HEAP_ALLOCATE|[26]|Bytes:40
12:41:06.0 (21489581)|VARIABLE_SCOPE_BEGIN|[26]|ex|Expense__c|true|false
12:41:06.0 (21503103)|VARIABLE_ASSIGNMENT|[26]|ex|{"Category__c":"Road Meals","RecordTypeId":"012460000005G1KAAU","Amount__c":8900,"Tax__c":1157.00,"Submitted__c":true,"Employee__c":"00346000002ojeGAAQ","Id":"a0F46000000FmUwEAK","RecordType":{"Name":"Client Meetings","Id":"012460000005G1KAAU"},"Employee__r":{"Id":"00346000002ojeGAAQ","Name":"Paolo Smith"}}|0x61e272d5
12:41:06.0 (21506683)|STATEMENT_EXECUTE|[26]
12:41:06.0 (21507853)|STATEMENT_EXECUTE|[28]
12:41:06.0 (21527906)|VARIABLE_ASSIGNMENT|[EXTERNAL]|this|{"CountTotalRecords":7,"OffsetSize":3,"QueryLimit":3,"queryString":"","wrappedExpenses":"0x6e7ae4c7"}|0x7252d282
12:41:06.0 (21535519)|HEAP_ALLOCATE|[28]|Bytes:12
12:41:06.0 (21541722)|CONSTRUCTOR_ENTRY|[28]|01p46000003buu6|<init>(Expense__c,Boolean)
12:41:06.0 (21544991)|VARIABLE_SCOPE_BEGIN|[6]|this|ExpenseWrapper|true|false
12:41:06.0 (21552604)|VARIABLE_ASSIGNMENT|[6]|this|{}|0x1734b76a
12:41:06.0 (21554066)|VARIABLE_SCOPE_BEGIN|[6]|ex|Expense__c|true|false
12:41:06.0 (21563287)|VARIABLE_ASSIGNMENT|[6]|ex|{"Category__c":"Road Meals","RecordTypeId":"012460000005G1KAAU","Amount__c":8900,"Tax__c":1157.00,"Submitted__c":true,"Employee__c":"00346000002ojeGAAQ","Id":"a0F46000000FmUwEAK","RecordType":{"Name":"Client Meetings","Id":"012460000005G1KAAU"},"Employee__r":{"Id":"00346000002ojeGAAQ","Name":"Paolo Smith"}}|0x61e272d5
12:41:06.0 (21567310)|VARIABLE_SCOPE_BEGIN|[6]|check|Boolean|false|false
12:41:06.0 (21569710)|VARIABLE_ASSIGNMENT|[6]|check|false
12:41:06.0 (21572077)|STATEMENT_EXECUTE|[1]
12:41:06.0 (21573137)|STATEMENT_EXECUTE|[3]
12:41:06.0 (21574181)|STATEMENT_EXECUTE|[4]
12:41:06.0 (21581934)|STATEMENT_EXECUTE|[6]
12:41:06.0 (21583094)|STATEMENT_EXECUTE|[8]
12:41:06.0 (21591877)|VARIABLE_ASSIGNMENT|[EXTERNAL]|this|{}|0x1734b76a
12:41:06.0 (21601090)|VARIABLE_ASSIGNMENT|[EXTERNAL]|value|{"Category__c":"Road Meals","RecordTypeId":"012460000005G1KAAU","Amount__c":8900,"Tax__c":1157.00,"Submitted__c":true,"Employee__c":"00346000002ojeGAAQ","Id":"a0F46000000FmUwEAK","RecordType":{"Name":"Client Meetings","Id":"012460000005G1KAAU"},"Employee__r":{"Id":"00346000002ojeGAAQ","Name":"Paolo Smith"}}|0x61e272d5
12:41:06.0 (21612541)|VARIABLE_ASSIGNMENT|[3]|this.expense|{"Category__c":"Road Meals","RecordTypeId":"012460000005G1KAAU","Amount__c":8900,"Tax__c":1157.00,"Submitted__c":true,"Employee__c":"00346000002ojeGAAQ","Id":"a0F46000000FmUwEAK","RecordType":{"Name":"Client Meetings","Id":"012460000005G1KAAU"},"Employee__r":{"Id":"00346000002ojeGAAQ","Name":"Paolo Smith"}}|0x1734b76a
12:41:06.0 (21617889)|STATEMENT_EXECUTE|[9]
12:41:06.0 (21626824)|VARIABLE_ASSIGNMENT|[EXTERNAL]|this|{"expense":"0x61e272d5"}|0x1734b76a
12:41:06.0 (21630601)|VARIABLE_ASSIGNMENT|[EXTERNAL]|value|false
12:41:06.0 (21632988)|HEAP_ALLOCATE|[4]|Bytes:5
12:41:06.0 (21636056)|VARIABLE_ASSIGNMENT|[4]|this.checked|false|0x1734b76a
12:41:06.0 (21642237)|CONSTRUCTOR_EXIT|[28]|01p46000003buu6|<init>(Expense__c,Boolean)
12:41:06.0 (21647695)|HEAP_ALLOCATE|[EXTERNAL]|Bytes:4
12:41:06.0 (21655036)|HEAP_ALLOCATE|[26]|Bytes:5
12:41:06.0 (21671283)|HEAP_ALLOCATE|[26]|Bytes:44
12:41:06.0 (21675648)|VARIABLE_SCOPE_BEGIN|[26]|ex|Expense__c|true|false
12:41:06.0 (21688522)|VARIABLE_ASSIGNMENT|[26]|ex|{"Category__c":"Lodging","RecordTypeId":"012460000005G1KAAU","Amount__c":4000,"Tax__c":520.00,"Client_Company__c":"At&t","Submitted__c":true,"Employee__c":"00346000002ojeGAAQ","Id":"a0F46000000Ftq1EAC","RecordType":{"Name":"Client Meetings","Id":"012460000005G1KAAU"},"Employee__r":{"Id":"00346000002ojeGAAQ","Name":"Paolo Smith"}}|0x130dc498
12:41:06.0 (21691618)|STATEMENT_EXECUTE|[26]
12:41:06.0 (21693170)|STATEMENT_EXECUTE|[28]
12:41:06.0 (21716161)|VARIABLE_ASSIGNMENT|[EXTERNAL]|this|{"CountTotalRecords":7,"OffsetSize":3,"QueryLimit":3,"queryString":"","wrappedExpenses":"0x6e7ae4c7"}|0x7252d282
12:41:06.0 (21722792)|HEAP_ALLOCATE|[28]|Bytes:12
12:41:06.0 (21729104)|CONSTRUCTOR_ENTRY|[28]|01p46000003buu6|<init>(Expense__c,Boolean)
12:41:06.0 (21731936)|VARIABLE_SCOPE_BEGIN|[6]|this|ExpenseWrapper|true|false
12:41:06.0 (21739146)|VARIABLE_ASSIGNMENT|[6]|this|{}|0x66718e7
12:41:06.0 (21740713)|VARIABLE_SCOPE_BEGIN|[6]|ex|Expense__c|true|false
12:41:06.0 (21750582)|VARIABLE_ASSIGNMENT|[6]|ex|{"Category__c":"Lodging","RecordTypeId":"012460000005G1KAAU","Amount__c":4000,"Tax__c":520.00,"Client_Company__c":"At&t","Submitted__c":true,"Employee__c":"00346000002ojeGAAQ","Id":"a0F46000000Ftq1EAC","RecordType":{"Name":"Client Meetings","Id":"012460000005G1KAAU"},"Employee__r":{"Id":"00346000002ojeGAAQ","Name":"Paolo Smith"}}|0x130dc498
12:41:06.0 (21754590)|VARIABLE_SCOPE_BEGIN|[6]|check|Boolean|false|false
12:41:06.0 (21756785)|VARIABLE_ASSIGNMENT|[6]|check|false
12:41:06.0 (21758829)|STATEMENT_EXECUTE|[1]
12:41:06.0 (21760105)|STATEMENT_EXECUTE|[3]
12:41:06.0 (21761239)|STATEMENT_EXECUTE|[4]
12:41:06.0 (21768357)|STATEMENT_EXECUTE|[6]
12:41:06.0 (21769681)|STATEMENT_EXECUTE|[8]
12:41:06.0 (21777873)|VARIABLE_ASSIGNMENT|[EXTERNAL]|this|{}|0x66718e7
12:41:06.0 (21787537)|VARIABLE_ASSIGNMENT|[EXTERNAL]|value|{"Category__c":"Lodging","RecordTypeId":"012460000005G1KAAU","Amount__c":4000,"Tax__c":520.00,"Client_Company__c":"At&t","Submitted__c":true,"Employee__c":"00346000002ojeGAAQ","Id":"a0F46000000Ftq1EAC","RecordType":{"Name":"Client Meetings","Id":"012460000005G1KAAU"},"Employee__r":{"Id":"00346000002ojeGAAQ","Name":"Paolo Smith"}}|0x130dc498
12:41:06.0 (21798979)|VARIABLE_ASSIGNMENT|[3]|this.expense|{"Category__c":"Lodging","RecordTypeId":"012460000005G1KAAU","Amount__c":4000,"Tax__c":520.00,"Client_Company__c":"At&t","Submitted__c":true,"Employee__c":"00346000002ojeGAAQ","Id":"a0F46000000Ftq1EAC","RecordType":{"Name":"Client Meetings","Id":"012460000005G1KAAU"},"Employee__r":{"Id":"00346000002ojeGAAQ","Name":"Paolo Smith"}}|0x66718e7
12:41:06.0 (21804136)|STATEMENT_EXECUTE|[9]
12:41:06.0 (21812587)|VARIABLE_ASSIGNMENT|[EXTERNAL]|this|{"expense":"0x130dc498"}|0x66718e7
12:41:06.0 (21816117)|VARIABLE_ASSIGNMENT|[EXTERNAL]|value|false
12:41:06.0 (21818464)|HEAP_ALLOCATE|[4]|Bytes:5
12:41:06.0 (21821494)|VARIABLE_ASSIGNMENT|[4]|this.checked|false|0x66718e7
12:41:06.0 (21827613)|CONSTRUCTOR_EXIT|[28]|01p46000003buu6|<init>(Expense__c,Boolean)
12:41:06.0 (21832952)|HEAP_ALLOCATE|[EXTERNAL]|Bytes:4
12:41:06.0 (21840329)|HEAP_ALLOCATE|[26]|Bytes:5
12:41:06.0 (21848113)|VARIABLE_ASSIGNMENT|[26]|ex|null|
12:41:06.0 (21850771)|STATEMENT_EXECUTE|[32]
12:41:06.0 (21876692)|VARIABLE_ASSIGNMENT|[EXTERNAL]|this|{"CountTotalRecords":7,"OffsetSize":3,"QueryLimit":3,"queryString":"","wrappedExpenses":"0x6e7ae4c7"}|0x7252d282
12:41:06.0 (22429555)|SYSTEM_MODE_ENTER|true
12:41:06.0 (22460280)|HEAP_ALLOCATE|[EXTERNAL]|Bytes:24
12:41:06.0 (22466087)|VARIABLE_SCOPE_BEGIN|[107]|this|ExpenseController|true|false
12:41:06.0 (22492497)|VARIABLE_ASSIGNMENT|[107]|this|{"CountTotalRecords":7,"OffsetSize":3,"QueryLimit":3,"queryString":"","wrappedExpenses":"0x6e7ae4c7"}|0x7252d282
12:41:06.0 (22500340)|STATEMENT_EXECUTE|[107]
12:41:06.0 (22507230)|STATEMENT_EXECUTE|[108]
12:41:06.0 (22508459)|STATEMENT_EXECUTE|[109]
12:41:06.0 (22513072)|HEAP_ALLOCATE|[109]|Bytes:5
12:41:06.0 (22602795)|SYSTEM_MODE_ENTER|true
12:41:06.0 (22623651)|HEAP_ALLOCATE|[EXTERNAL]|Bytes:24
12:41:06.0 (22628592)|VARIABLE_SCOPE_BEGIN|[114]|this|ExpenseController|true|false
12:41:06.0 (22648590)|VARIABLE_ASSIGNMENT|[114]|this|{"CountTotalRecords":7,"OffsetSize":3,"QueryLimit":3,"queryString":"","wrappedExpenses":"0x6e7ae4c7"}|0x7252d282
12:41:06.0 (22654678)|STATEMENT_EXECUTE|[114]
12:41:06.0 (22687609)|VARIABLE_ASSIGNMENT|[EXTERNAL]|this|{"CountTotalRecords":7,"OffsetSize":3,"QueryLimit":3,"queryString":"","wrappedExpenses":"0x6e7ae4c7"}|0x7252d282
12:41:06.0 (22695965)|STATEMENT_EXECUTE|[115]
12:41:06.0 (22697390)|STATEMENT_EXECUTE|[116]
12:41:06.0 (22705889)|HEAP_ALLOCATE|[116]|Bytes:5
12:41:06.0 (23016500)|HEAP_ALLOCATE|[EXTERNAL]|Bytes:5
12:41:06.0 (23021078)|HEAP_ALLOCATE|[EXTERNAL]|Bytes:12
12:41:06.0 (23045771)|VARIABLE_ASSIGNMENT|[EXTERNAL]|this.checked|false|0x1a052107
12:41:06.0 (23092201)|HEAP_ALLOCATE|[EXTERNAL]|Bytes:5
12:41:06.0 (23095039)|HEAP_ALLOCATE|[EXTERNAL]|Bytes:12
12:41:06.0 (23099944)|VARIABLE_ASSIGNMENT|[EXTERNAL]|this.checked|false|0x1734b76a
12:41:06.0 (23133350)|HEAP_ALLOCATE|[EXTERNAL]|Bytes:5
12:41:06.0 (23135792)|HEAP_ALLOCATE|[EXTERNAL]|Bytes:12
12:41:06.0 (23140147)|VARIABLE_ASSIGNMENT|[EXTERNAL]|this.checked|false|0x66718e7
12:41:06.0 (23269349)|HEAP_ALLOCATE|[EXTERNAL]|Bytes:24
12:41:06.0 (23275726)|VARIABLE_SCOPE_BEGIN|[126]|this|ExpenseController|true|false
12:41:06.0 (23299419)|VARIABLE_ASSIGNMENT|[126]|this|{"CountTotalRecords":7,"OffsetSize":3,"QueryLimit":3,"queryString":"","wrappedExpenses":"0x6e7ae4c7"}|0x7252d282
12:41:06.0 (23305731)|STATEMENT_EXECUTE|[126]
12:41:06.0 (23307318)|STATEMENT_EXECUTE|[127]
12:41:06.0 (23313824)|HEAP_ALLOCATE|[127]|Bytes:4
12:41:06.0 (23319190)|VARIABLE_ASSIGNMENT|[127]|this.OffsetSize|0|0x7252d282
12:41:06.0 (23320996)|STATEMENT_EXECUTE|[128]
12:41:06.0 (26429801)|SYSTEM_MODE_ENTER|true
12:41:06.0 (26450133)|HEAP_ALLOCATE|[EXTERNAL]|Bytes:96
12:41:06.0 (26455898)|HEAP_ALLOCATE|[EXTERNAL]|Bytes:6
12:41:06.0 (26462508)|METHOD_ENTRY|[1]|01p46000002ySm2|SaveAsPdfExtension.SaveAsPdfExtension()
12:41:06.0 (26465119)|STATEMENT_EXECUTE|[1]
12:41:06.0 (26468435)|STATEMENT_EXECUTE|[1]
12:41:06.0 (26472265)|METHOD_EXIT|[1]|SaveAsPdfExtension
12:41:06.0 (26648427)|SYSTEM_MODE_ENTER|true
12:41:06.0 (26672436)|HEAP_ALLOCATE|[EXTERNAL]|Bytes:24
12:41:06.0 (26677246)|VARIABLE_SCOPE_BEGIN|[17]|this|ExpenseController|true|false
12:41:06.0 (26706833)|VARIABLE_ASSIGNMENT|[17]|this|{"CountTotalRecords":7,"OffsetSize":0,"QueryLimit":3,"queryString":"","wrappedExpenses":"0x6e7ae4c7"}|0x7252d282
12:41:06.0 (26713543)|STATEMENT_EXECUTE|[17]
12:41:06.0 (26714997)|STATEMENT_EXECUTE|[19]
12:41:06.0 (26733474)|HEAP_ALLOCATE|[22]|Bytes:1
12:41:06.0 (26744312)|HEAP_ALLOCATE|[22]|Bytes:1
12:41:06.0 (26752556)|HEAP_ALLOCATE|[19]|Bytes:204
12:41:06.0 (27082401)|SOQL_EXECUTE_BEGIN|[19]|Aggregations:0|SELECT Category__c, RecordType.Name, Amount__c, Tax__c, Client_Company__c, Submitted__c, Employee__r.Id, Employee__r.Name, Employee__r.Birthdate FROM Expense__c  ORDER BY Employee__r.Name LIMIT 3 OFFSET 0
12:41:06.0 (31808844)|SOQL_EXECUTE_END|[19]|Rows:3
12:41:06.0 (31822792)|HEAP_ALLOCATE|[19]|Bytes:16
12:41:06.0 (31850887)|HEAP_ALLOCATE|[19]|Bytes:895
12:41:06.0 (31866313)|HEAP_ALLOCATE|[19]|Bytes:16
12:41:06.0 (31879719)|VARIABLE_SCOPE_BEGIN|[19]|results|List<Expense__c>|true|false
12:41:06.0 (31927024)|VARIABLE_ASSIGNMENT|[19]|results|[{"Category__c":"Transportation","RecordTypeId":"012460000005G1FAAU","Amount__c":3500,"Tax__c":455.00,"Submitted__c":true,"Employee__c":"00346000002ojVWAAY","Id":"a0F46000000FBblEAG","RecordType":{"Name":"Business Trips","Id":"012460000005G1FAAU"},"Employee__r":{"Id":"00346000002ojVWAAY","Name":"Carol Ruiz","Birthdate":"2017-10-09T00:00:00.000Z"}},{"RecordTypeId":"012460000005G1FAAU","Amount__c":3000,"Tax__c":390.00,"Submitted__c":true,"Employee__c":"00346000002ojVWAAY","Id":"a0F46000000Fp6rEAC","RecordType":{"Name":"Business Trips","Id":"012460000005G1FAAU"},"Employee__r":{"Id":"00346000002ojVWAAY","Name":"Carol Ruiz","Birthdate":"2017-10-09T00:00:00.000Z"}},{"Category__c":"Event Registration","RecordTypeId":"012460000005G1FAAU","Amount__c":3499,"Tax__c":454.87,"Submitted__c":true,"Employee__c":"00346000002ojVWAAY","Id":"a0F46000000Fp76EAC","RecordType":{"Name":"Business Trips","Id":"012460000005G1FAAU"},"Employee__r":{"Id":"00346000002ojVWAAY","Name":"Carol Ruiz","Birthdate":"2017-10-09T00:00:00.000Z"}}]|0x74001df0
12:41:06.0 (31934434)|STATEMENT_EXECUTE|[25]
12:41:06.0 (31938919)|HEAP_ALLOCATE|[25]|Bytes:4
12:41:06.0 (31975693)|VARIABLE_ASSIGNMENT|[EXTERNAL]|this|{"CountTotalRecords":7,"OffsetSize":0,"QueryLimit":3,"queryString":"","wrappedExpenses":"0x6e7ae4c7"}|0x7252d282
12:41:06.0 (31985192)|HEAP_ALLOCATE|[EXTERNAL]|Bytes:4
12:41:06.0 (31989390)|VARIABLE_ASSIGNMENT|[EXTERNAL]|value|[]|0x3b0fcf46
12:41:06.0 (31995938)|VARIABLE_ASSIGNMENT|[14]|this.wrappedExpenses|[]|0x7252d282
12:41:06.0 (32015572)|HEAP_ALLOCATE|[26]|Bytes:5
12:41:06.0 (32038911)|HEAP_ALLOCATE|[26]|Bytes:40
12:41:06.0 (32045534)|VARIABLE_SCOPE_BEGIN|[26]|ex|Expense__c|true|false
12:41:06.0 (32064408)|VARIABLE_ASSIGNMENT|[26]|ex|{"Category__c":"Transportation","RecordTypeId":"012460000005G1FAAU","Amount__c":3500,"Tax__c":455.00,"Submitted__c":true,"Employee__c":"00346000002ojVWAAY","Id":"a0F46000000FBblEAG","RecordType":{"Name":"Business Trips","Id":"012460000005G1FAAU"},"Employee__r":{"Id":"00346000002ojVWAAY","Name":"Carol Ruiz","Birthdate":"2017-10-09T00:00:00.000Z"}}|0x7fbd561a
12:41:06.0 (32069021)|STATEMENT_EXECUTE|[26]
12:41:06.0 (32070426)|STATEMENT_EXECUTE|[28]
12:41:06.0 (32092155)|VARIABLE_ASSIGNMENT|[EXTERNAL]|this|{"CountTotalRecords":7,"OffsetSize":0,"QueryLimit":3,"queryString":"","wrappedExpenses":"0x3b0fcf46"}|0x7252d282
12:41:06.0 (32100512)|HEAP_ALLOCATE|[28]|Bytes:12
12:41:06.0 (32108883)|CONSTRUCTOR_ENTRY|[28]|01p46000003buu6|<init>(Expense__c,Boolean)
12:41:06.0 (32112658)|VARIABLE_SCOPE_BEGIN|[6]|this|ExpenseWrapper|true|false
12:41:06.0 (32121935)|VARIABLE_ASSIGNMENT|[6]|this|{}|0x33500337
12:41:06.0 (32123601)|VARIABLE_SCOPE_BEGIN|[6]|ex|Expense__c|true|false
12:41:06.0 (32137139)|VARIABLE_ASSIGNMENT|[6]|ex|{"Category__c":"Transportation","RecordTypeId":"012460000005G1FAAU","Amount__c":3500,"Tax__c":455.00,"Submitted__c":true,"Employee__c":"00346000002ojVWAAY","Id":"a0F46000000FBblEAG","RecordType":{"Name":"Business Trips","Id":"012460000005G1FAAU"},"Employee__r":{"Id":"00346000002ojVWAAY","Name":"Carol Ruiz","Birthdate":"2017-10-09T00:00:00.000Z"}}|0x7fbd561a
12:41:06.0 (32142371)|VARIABLE_SCOPE_BEGIN|[6]|check|Boolean|false|false
12:41:06.0 (32145143)|VARIABLE_ASSIGNMENT|[6]|check|false
12:41:06.0 (32147354)|STATEMENT_EXECUTE|[1]
12:41:06.0 (32148571)|STATEMENT_EXECUTE|[3]
12:41:06.0 (32149558)|STATEMENT_EXECUTE|[4]
12:41:06.0 (32159253)|STATEMENT_EXECUTE|[6]
12:41:06.0 (32160358)|STATEMENT_EXECUTE|[8]
12:41:06.0 (32170460)|VARIABLE_ASSIGNMENT|[EXTERNAL]|this|{}|0x33500337
12:41:06.0 (32183756)|VARIABLE_ASSIGNMENT|[EXTERNAL]|value|{"Category__c":"Transportation","RecordTypeId":"012460000005G1FAAU","Amount__c":3500,"Tax__c":455.00,"Submitted__c":true,"Employee__c":"00346000002ojVWAAY","Id":"a0F46000000FBblEAG","RecordType":{"Name":"Business Trips","Id":"012460000005G1FAAU"},"Employee__r":{"Id":"00346000002ojVWAAY","Name":"Carol Ruiz","Birthdate":"2017-10-09T00:00:00.000Z"}}|0x7fbd561a
12:41:06.0 (32198310)|VARIABLE_ASSIGNMENT|[3]|this.expense|{"Category__c":"Transportation","RecordTypeId":"012460000005G1FAAU","Amount__c":3500,"Tax__c":455.00,"Submitted__c":true,"Employee__c":"00346000002ojVWAAY","Id":"a0F46000000FBblEAG","RecordType":{"Name":"Business Trips","Id":"012460000005G1FAAU"},"Employee__r":{"Id":"00346000002ojVWAAY","Name":"Carol Ruiz","Birthdate":"2017-10-09T00:00:00.000Z"}}|0x33500337
12:41:06.0 (32203913)|STATEMENT_EXECUTE|[9]
12:41:06.0 (32213889)|VARIABLE_ASSIGNMENT|[EXTERNAL]|this|{"expense":"0x7fbd561a"}|0x33500337
12:41:06.0 (32218350)|VARIABLE_ASSIGNMENT|[EXTERNAL]|value|false
12:41:06.0 (32220888)|HEAP_ALLOCATE|[4]|Bytes:5
12:41:06.0 (32224317)|VARIABLE_ASSIGNMENT|[4]|this.checked|false|0x33500337
12:41:06.0 (32231523)|CONSTRUCTOR_EXIT|[28]|01p46000003buu6|<init>(Expense__c,Boolean)
12:41:06.0 (32237689)|HEAP_ALLOCATE|[EXTERNAL]|Bytes:4
12:41:06.0 (32246479)|HEAP_ALLOCATE|[26]|Bytes:5
12:41:06.0 (32264083)|HEAP_ALLOCATE|[26]|Bytes:36
12:41:06.0 (32268783)|VARIABLE_SCOPE_BEGIN|[26]|ex|Expense__c|true|false
12:41:06.0 (32284387)|VARIABLE_ASSIGNMENT|[26]|ex|{"RecordTypeId":"012460000005G1FAAU","Amount__c":3000,"Tax__c":390.00,"Submitted__c":true,"Employee__c":"00346000002ojVWAAY","Id":"a0F46000000Fp6rEAC","RecordType":{"Name":"Business Trips","Id":"012460000005G1FAAU"},"Employee__r":{"Id":"00346000002ojVWAAY","Name":"Carol Ruiz","Birthdate":"2017-10-09T00:00:00.000Z"}}|0xbade3db
12:41:06.0 (32288230)|STATEMENT_EXECUTE|[26]
12:41:06.0 (32289319)|STATEMENT_EXECUTE|[28]
12:41:06.0 (32308641)|VARIABLE_ASSIGNMENT|[EXTERNAL]|this|{"CountTotalRecords":7,"OffsetSize":0,"QueryLimit":3,"queryString":"","wrappedExpenses":"0x3b0fcf46"}|0x7252d282
12:41:06.0 (32315704)|HEAP_ALLOCATE|[28]|Bytes:12
12:41:06.0 (32321859)|CONSTRUCTOR_ENTRY|[28]|01p46000003buu6|<init>(Expense__c,Boolean)
12:41:06.0 (32324454)|VARIABLE_SCOPE_BEGIN|[6]|this|ExpenseWrapper|true|false
12:41:06.0 (32331409)|VARIABLE_ASSIGNMENT|[6]|this|{}|0x28b7df3f
12:41:06.0 (32333149)|VARIABLE_SCOPE_BEGIN|[6]|ex|Expense__c|true|false
12:41:06.0 (32345323)|VARIABLE_ASSIGNMENT|[6]|ex|{"RecordTypeId":"012460000005G1FAAU","Amount__c":3000,"Tax__c":390.00,"Submitted__c":true,"Employee__c":"00346000002ojVWAAY","Id":"a0F46000000Fp6rEAC","RecordType":{"Name":"Business Trips","Id":"012460000005G1FAAU"},"Employee__r":{"Id":"00346000002ojVWAAY","Name":"Carol Ruiz","Birthdate":"2017-10-09T00:00:00.000Z"}}|0xbade3db
12:41:06.0 (32349819)|VARIABLE_SCOPE_BEGIN|[6]|check|Boolean|false|false
12:41:06.0 (32352215)|VARIABLE_ASSIGNMENT|[6]|check|false
12:41:06.0 (32354188)|STATEMENT_EXECUTE|[1]
12:41:06.0 (32355357)|STATEMENT_EXECUTE|[3]
12:41:06.0 (32356377)|STATEMENT_EXECUTE|[4]
12:41:06.0 (32363865)|STATEMENT_EXECUTE|[6]
12:41:06.0 (32365006)|STATEMENT_EXECUTE|[8]
12:41:06.0 (32374521)|VARIABLE_ASSIGNMENT|[EXTERNAL]|this|{}|0x28b7df3f
12:41:06.0 (32386081)|VARIABLE_ASSIGNMENT|[EXTERNAL]|value|{"RecordTypeId":"012460000005G1FAAU","Amount__c":3000,"Tax__c":390.00,"Submitted__c":true,"Employee__c":"00346000002ojVWAAY","Id":"a0F46000000Fp6rEAC","RecordType":{"Name":"Business Trips","Id":"012460000005G1FAAU"},"Employee__r":{"Id":"00346000002ojVWAAY","Name":"Carol Ruiz","Birthdate":"2017-10-09T00:00:00.000Z"}}|0xbade3db
12:41:06.0 (32398829)|VARIABLE_ASSIGNMENT|[3]|this.expense|{"RecordTypeId":"012460000005G1FAAU","Amount__c":3000,"Tax__c":390.00,"Submitted__c":true,"Employee__c":"00346000002ojVWAAY","Id":"a0F46000000Fp6rEAC","RecordType":{"Name":"Business Trips","Id":"012460000005G1FAAU"},"Employee__r":{"Id":"00346000002ojVWAAY","Name":"Carol Ruiz","Birthdate":"2017-10-09T00:00:00.000Z"}}|0x28b7df3f
12:41:06.0 (32403999)|STATEMENT_EXECUTE|[9]
12:41:06.0 (32413577)|VARIABLE_ASSIGNMENT|[EXTERNAL]|this|{"expense":"0xbade3db"}|0x28b7df3f
12:41:06.0 (32417409)|VARIABLE_ASSIGNMENT|[EXTERNAL]|value|false
12:41:06.0 (32419792)|HEAP_ALLOCATE|[4]|Bytes:5
12:41:06.0 (32422937)|VARIABLE_ASSIGNMENT|[4]|this.checked|false|0x28b7df3f
12:41:06.0 (32429208)|CONSTRUCTOR_EXIT|[28]|01p46000003buu6|<init>(Expense__c,Boolean)
12:41:06.0 (32434560)|HEAP_ALLOCATE|[EXTERNAL]|Bytes:4
12:41:06.0 (32442172)|HEAP_ALLOCATE|[26]|Bytes:5
12:41:06.0 (32457692)|HEAP_ALLOCATE|[26]|Bytes:40
12:41:06.0 (32462107)|VARIABLE_SCOPE_BEGIN|[26]|ex|Expense__c|true|false
12:41:06.0 (32477412)|VARIABLE_ASSIGNMENT|[26]|ex|{"Category__c":"Event Registration","RecordTypeId":"012460000005G1FAAU","Amount__c":3499,"Tax__c":454.87,"Submitted__c":true,"Employee__c":"00346000002ojVWAAY","Id":"a0F46000000Fp76EAC","RecordType":{"Name":"Business Trips","Id":"012460000005G1FAAU"},"Employee__r":{"Id":"00346000002ojVWAAY","Name":"Carol Ruiz","Birthdate":"2017-10-09T00:00:00.000Z"}}|0x44025f4d
12:41:06.0 (32481336)|STATEMENT_EXECUTE|[26]
12:41:06.0 (32482512)|STATEMENT_EXECUTE|[28]
12:41:06.0 (32501216)|VARIABLE_ASSIGNMENT|[EXTERNAL]|this|{"CountTotalRecords":7,"OffsetSize":0,"QueryLimit":3,"queryString":"","wrappedExpenses":"0x3b0fcf46"}|0x7252d282
12:41:06.0 (32507448)|HEAP_ALLOCATE|[28]|Bytes:12
12:41:06.0 (32513396)|CONSTRUCTOR_ENTRY|[28]|01p46000003buu6|<init>(Expense__c,Boolean)
12:41:06.0 (32515860)|VARIABLE_SCOPE_BEGIN|[6]|this|ExpenseWrapper|true|false
12:41:06.0 (32522932)|VARIABLE_ASSIGNMENT|[6]|this|{}|0x5c2ca844
12:41:06.0 (32524350)|VARIABLE_SCOPE_BEGIN|[6]|ex|Expense__c|true|false
12:41:06.0 (32536767)|VARIABLE_ASSIGNMENT|[6]|ex|{"Category__c":"Event Registration","RecordTypeId":"012460000005G1FAAU","Amount__c":3499,"Tax__c":454.87,"Submitted__c":true,"Employee__c":"00346000002ojVWAAY","Id":"a0F46000000Fp76EAC","RecordType":{"Name":"Business Trips","Id":"012460000005G1FAAU"},"Employee__r":{"Id":"00346000002ojVWAAY","Name":"Carol Ruiz","Birthdate":"2017-10-09T00:00:00.000Z"}}|0x44025f4d
12:41:06.0 (32541353)|VARIABLE_SCOPE_BEGIN|[6]|check|Boolean|false|false
12:41:06.0 (32543621)|VARIABLE_ASSIGNMENT|[6]|check|false
12:41:06.0 (32545592)|STATEMENT_EXECUTE|[1]
12:41:06.0 (32546648)|STATEMENT_EXECUTE|[3]
12:41:06.0 (32547753)|STATEMENT_EXECUTE|[4]
12:41:06.0 (32554874)|STATEMENT_EXECUTE|[6]
12:41:06.0 (32556022)|STATEMENT_EXECUTE|[8]
12:41:06.0 (32565055)|VARIABLE_ASSIGNMENT|[EXTERNAL]|this|{}|0x5c2ca844
12:41:06.0 (32577267)|VARIABLE_ASSIGNMENT|[EXTERNAL]|value|{"Category__c":"Event Registration","RecordTypeId":"012460000005G1FAAU","Amount__c":3499,"Tax__c":454.87,"Submitted__c":true,"Employee__c":"00346000002ojVWAAY","Id":"a0F46000000Fp76EAC","RecordType":{"Name":"Business Trips","Id":"012460000005G1FAAU"},"Employee__r":{"Id":"00346000002ojVWAAY","Name":"Carol Ruiz","Birthdate":"2017-10-09T00:00:00.000Z"}}|0x44025f4d
12:41:06.0 (32590738)|VARIABLE_ASSIGNMENT|[3]|this.expense|{"Category__c":"Event Registration","RecordTypeId":"012460000005G1FAAU","Amount__c":3499,"Tax__c":454.87,"Submitted__c":true,"Employee__c":"00346000002ojVWAAY","Id":"a0F46000000Fp76EAC","RecordType":{"Name":"Business Trips","Id":"012460000005G1FAAU"},"Employee__r":{"Id":"00346000002ojVWAAY","Name":"Carol Ruiz","Birthdate":"2017-10-09T00:00:00.000Z"}}|0x5c2ca844
12:41:06.0 (32595601)|STATEMENT_EXECUTE|[9]
12:41:06.0 (32604724)|VARIABLE_ASSIGNMENT|[EXTERNAL]|this|{"expense":"0x44025f4d"}|0x5c2ca844
12:41:06.0 (32608424)|VARIABLE_ASSIGNMENT|[EXTERNAL]|value|false
12:41:06.0 (32610638)|HEAP_ALLOCATE|[4]|Bytes:5
12:41:06.0 (32613981)|VARIABLE_ASSIGNMENT|[4]|this.checked|false|0x5c2ca844
12:41:06.0 (32620101)|CONSTRUCTOR_EXIT|[28]|01p46000003buu6|<init>(Expense__c,Boolean)
12:41:06.0 (32625309)|HEAP_ALLOCATE|[EXTERNAL]|Bytes:4
12:41:06.0 (32636452)|HEAP_ALLOCATE|[26]|Bytes:5
12:41:06.0 (32643418)|VARIABLE_ASSIGNMENT|[26]|ex|null|
12:41:06.0 (32645599)|STATEMENT_EXECUTE|[32]
12:41:06.0 (32662122)|VARIABLE_ASSIGNMENT|[EXTERNAL]|this|{"CountTotalRecords":7,"OffsetSize":0,"QueryLimit":3,"queryString":"","wrappedExpenses":"0x3b0fcf46"}|0x7252d282
12:41:06.0 (34117556)|SYSTEM_MODE_ENTER|true
12:41:06.0 (34144738)|HEAP_ALLOCATE|[EXTERNAL]|Bytes:24
12:41:06.0 (34149937)|VARIABLE_SCOPE_BEGIN|[107]|this|ExpenseController|true|false
12:41:06.0 (34175874)|VARIABLE_ASSIGNMENT|[107]|this|{"CountTotalRecords":7,"OffsetSize":0,"QueryLimit":3,"queryString":"","wrappedExpenses":"0x3b0fcf46"}|0x7252d282
12:41:06.0 (34182710)|STATEMENT_EXECUTE|[107]
12:41:06.0 (34186461)|STATEMENT_EXECUTE|[111]
12:41:06.0 (34191209)|HEAP_ALLOCATE|[111]|Bytes:5
12:41:06.0 (34385832)|SYSTEM_MODE_ENTER|true
12:41:06.0 (34408284)|HEAP_ALLOCATE|[EXTERNAL]|Bytes:24
12:41:06.0 (34412803)|VARIABLE_SCOPE_BEGIN|[114]|this|ExpenseController|true|false
12:41:06.0 (34434122)|VARIABLE_ASSIGNMENT|[114]|this|{"CountTotalRecords":7,"OffsetSize":0,"QueryLimit":3,"queryString":"","wrappedExpenses":"0x3b0fcf46"}|0x7252d282
12:41:06.0 (34440046)|STATEMENT_EXECUTE|[114]
12:41:06.0 (34461996)|VARIABLE_ASSIGNMENT|[EXTERNAL]|this|{"CountTotalRecords":7,"OffsetSize":0,"QueryLimit":3,"queryString":"","wrappedExpenses":"0x3b0fcf46"}|0x7252d282
12:41:06.0 (34469945)|STATEMENT_EXECUTE|[115]
12:41:06.0 (34471169)|STATEMENT_EXECUTE|[116]
12:41:06.0 (34475316)|HEAP_ALLOCATE|[116]|Bytes:5
12:41:06.0 (41518297)|VF_SERIALIZE_VIEWSTATE_BEGIN|06646000001BW08
12:41:06.0 (52479943)|VF_SERIALIZE_VIEWSTATE_END
12:41:06.0 (64084127)|CODE_UNIT_STARTED|[EXTERNAL]|Generate Metadata
12:41:06.0 (65432228)|CODE_UNIT_FINISHED|Generate Metadata
12:41:06.67 (67544784)|CUMULATIVE_LIMIT_USAGE
12:41:06.67 (67544784)|LIMIT_USAGE_FOR_NS|(default)|
  Number of SOQL queries: 2 out of 100
  Number of query rows: 6 out of 50000
  Number of SOSL queries: 0 out of 20
  Number of DML statements: 0 out of 150
  Number of DML rows: 0 out of 10000
  Maximum CPU time: 0 out of 10000
  Maximum heap size: 0 out of 6000000
  Number of callouts: 0 out of 100
  Number of Email Invocations: 0 out of 10
  Number of future calls: 0 out of 50
  Number of queueable jobs added to the queue: 0 out of 50
  Number of Mobile Apex push calls: 0 out of 10

12:41:06.67 (67544784)|CUMULATIVE_LIMIT_USAGE_END

12:41:06.0 (67575302)|CODE_UNIT_FINISHED|VF: /apex/ListOfEmployees
12:41:06.0 (68309376)|EXECUTION_FINISHED
3530)|EXECUTION_FINISHED
