39.0 APEX_CODE,FINEST;APEX_PROFILING,INFO;CALLOUT,INFO;DB,INFO;SYSTEM,DEBUG;VALIDATION,INFO;VISUALFORCE,INFO;WAVE,INFO;WORKFLOW,INFO
16:44:03.0 (325386)|USER_INFO|[EXTERNAL]|00546000000Iihs|pacosta@altimetrik.com|Argentine Time|GMT-03:00
16:44:03.0 (348801)|EXECUTION_STARTED
16:44:03.0 (352121)|CODE_UNIT_STARTED|[EXTERNAL]|TRIGGERS
16:44:03.0 (393193)|CODE_UNIT_STARTED|[EXTERNAL]|01q46000000Qd5z|UpdateOrDelete on Expense trigger event BeforeUpdate for [a0F46000000Fp76]
16:44:03.0 (448609)|HEAP_ALLOCATE|[EXTERNAL]|Bytes:8
16:44:03.0 (539527)|HEAP_ALLOCATE|[EXTERNAL]|Bytes:8
16:44:03.0 (1015313)|HEAP_ALLOCATE|[72]|Bytes:3
16:44:03.0 (1062168)|HEAP_ALLOCATE|[77]|Bytes:152
16:44:03.0 (1081215)|HEAP_ALLOCATE|[342]|Bytes:408
16:44:03.0 (1105021)|HEAP_ALLOCATE|[355]|Bytes:408
16:44:03.0 (1132190)|HEAP_ALLOCATE|[467]|Bytes:48
16:44:03.0 (1167894)|HEAP_ALLOCATE|[139]|Bytes:6
16:44:03.0 (1205264)|HEAP_ALLOCATE|[EXTERNAL]|Bytes:4
16:44:03.0 (1215563)|VARIABLE_SCOPE_BEGIN|[1]|this|UpdateOrDelete|true|false
16:44:03.0 (1261528)|VARIABLE_ASSIGNMENT|[1]|this|{}|0xe830072
16:44:03.0 (1314721)|HEAP_ALLOCATE|[EXTERNAL]|Bytes:4
16:44:03.0 (1322135)|VARIABLE_SCOPE_BEGIN|[1]|this|UpdateOrDelete|true|false
16:44:03.0 (1332945)|VARIABLE_ASSIGNMENT|[1]|this|{}|0xe830072
16:44:03.0 (1340992)|STATEMENT_EXECUTE|[1]
16:44:03.0 (1382185)|HEAP_ALLOCATE|[50]|Bytes:5
16:44:03.0 (1409155)|HEAP_ALLOCATE|[56]|Bytes:5
16:44:03.0 (1419352)|HEAP_ALLOCATE|[64]|Bytes:7
16:44:03.0 (1785773)|HEAP_ALLOCATE|[3]|Bytes:5
16:44:03.0 (1814169)|HEAP_ALLOCATE|[3]|Bytes:4
16:44:03.0 (1825151)|VARIABLE_SCOPE_BEGIN|[3]|ex|Expense__c|true|false
16:44:03.0 (2339048)|VARIABLE_ASSIGNMENT|[3]|ex|{"Expense_Status__c":"SUBMITTED","LastModifiedDate":"2017-03-22T19:17:26.000Z","IsDeleted":false,"Travel_Country__c":"United States","Name":"Travel to Las Vegas","SystemModstamp":"2017-03-22T19:17:26.000Z","Employee__c":"00346000002ojVWAAY","OwnerId":"00546000000IihsAAC","CreatedById":"00546000000IihsAAC","Amount__c":432,"Submitted__c":true,"Category__c":"Event Registration","RecordTypeId":"012460000005G1FAAU","CreatedDate":"2017-03-22T19:17:26.000Z","Travel_Region__c":"North America","Id":"a0F46000000Fp76EAC","LastModifiedById":"00546000000IihsAAC","Tax__c":56.16}|0x64c3cc8f
16:44:03.0 (2349555)|STATEMENT_EXECUTE|[3]
16:44:03.0 (2376892)|HEAP_ALLOCATE|[5]|Bytes:13
16:44:03.0 (2402142)|STATEMENT_EXECUTE|[5]
16:44:03.0 (2403792)|STATEMENT_EXECUTE|[7]
16:44:03.0 (2523205)|HEAP_ALLOCATE|[7]|Bytes:43
16:44:03.0 (2723433)|EXCEPTION_THROWN|[7]|System.FinalException: SObject row does not allow errors
16:44:03.0 (3054291)|HEAP_ALLOCATE|[7]|Bytes:37
16:44:03.0 (3338972)|FATAL_ERROR|System.FinalException: SObject row does not allow errors

Trigger.UpdateOrDelete: line 7, column 1
16:44:03.0 (3351485)|FATAL_ERROR|System.FinalException: SObject row does not allow errors

Trigger.UpdateOrDelete: line 7, column 1
16:44:03.3 (3410218)|CUMULATIVE_LIMIT_USAGE
16:44:03.3 (3410218)|LIMIT_USAGE_FOR_NS|(default)|
  Number of SOQL queries: 0 out of 100
  Number of query rows: 0 out of 50000
  Number of SOSL queries: 0 out of 20
  Number of DML statements: 0 out of 150
  Number of DML rows: 0 out of 10000
  Maximum CPU time: 0 out of 10000
  Maximum heap size: 0 out of 6000000
  Number of callouts: 0 out of 100
  Number of Email Invocations: 0 out of 10
  Number of future calls: 0 out of 50
  Number of queueable jobs added to the queue: 0 out of 50
  Number of Mobile Apex push calls: 0 out of 10

16:44:03.3 (3410218)|CUMULATIVE_LIMIT_USAGE_END

16:44:03.0 (4206770)|CODE_UNIT_FINISHED|UpdateOrDelete on Expense trigger event BeforeUpdate for [a0F46000000Fp76]
