39.0 APEX_CODE,FINEST;APEX_PROFILING,INFO;CALLOUT,INFO;DB,INFO;SYSTEM,DEBUG;VALIDATION,INFO;VISUALFORCE,INFO;WAVE,INFO;WORKFLOW,INFO
16:11:20.0 (258169)|USER_INFO|[EXTERNAL]|00546000000Iihs|pacosta@altimetrik.com|Argentine Time|GMT-03:00
16:11:20.0 (277530)|EXECUTION_STARTED
16:11:20.0 (281323)|CODE_UNIT_STARTED|[EXTERNAL]|Validation:Expense:a0F46000000Fp6r
16:11:20.0 (288017)|VALIDATION_RULE|03d46000000DMqh|InsertOtherValue
16:11:20.0 (497159)|VALIDATION_FORMULA|AND (IF (ISPICKVAL( Category__c , "Other"), true, false),  ISBLANK( Other__c ) )|Category__c=null , Other__c=null
16:11:20.0 (501009)|VALIDATION_PASS
16:11:20.0 (502268)|VALIDATION_RULE|03d46000000DP1e|SubmittedError
16:11:20.0 (573266)|VALIDATION_FORMULA|NOT(ISPICKVAL( Expense_Status__c , "NOT SUBMITTED"))|Expense_Status__c=NOT SUBMITTED
16:11:20.0 (575271)|VALIDATION_PASS
16:11:20.0 (603598)|CODE_UNIT_FINISHED|Validation:Expense:a0F46000000Fp6r
16:11:20.0 (606647)|EXECUTION_FINISHED
16:11:20.11 (11215963)|USER_INFO|[EXTERNAL]|00546000000Iihs|pacosta@altimetrik.com|Argentine Time|GMT-03:00
16:11:20.11 (11222031)|EXECUTION_STARTED
16:11:20.11 (11223831)|CODE_UNIT_STARTED|[EXTERNAL]|Workflow:01I46000000AdSk
16:11:20.11 (24452485)|WF_RULE_EVAL_BEGIN|Workflow
16:11:20.11 (24467155)|WF_CRITERIA_BEGIN|[Expense: Test44 a0F46000000Fp6r]|High_Value_Expense_Email_Alert30146000000Cjmi|01Q460000000EDT|ON_ALL_CHANGES|0
16:11:20.11 (24683794)|WF_FORMULA|Formula:ENCODED:[treatNullAsNull]true|Values:
16:11:20.11 (24686922)|WF_CRITERIA_END|true
16:11:20.11 (32599300)|WF_CRITERIA_BEGIN|[Expense: Test44 a0F46000000Fp6r]|Submitted_Expense_Update_Status30146000000CkoG|01Q460000000F5V|ON_ALL_CHANGES|0
16:11:20.11 (32634208)|WF_FORMULA|Formula:ENCODED:[treatNullAsNull]true|Values:
16:11:20.11 (32636858)|WF_CRITERIA_END|true
16:11:20.11 (32649836)|WF_SPOOL_ACTION_BEGIN|Workflow
16:11:20.11 (32668923)|WF_ACTION| Flow Trigger: 2;
16:11:20.11 (32671383)|WF_RULE_EVAL_END
16:11:20.11 (35609239)|WF_FLOW_ACTION_BEGIN|09L46000000LqqY
16:11:20.36 (36548099)|FLOW_CREATE_INTERVIEW_BEGIN|00D46000000buVW|30046000000Gs2p|30146000000CkoG
16:11:20.36 (188200728)|FLOW_CREATE_INTERVIEW_END|8666f12c2d19306f3de3622308815af75a70c2-19b9|Submitted Expense Update Status
16:11:20.188 (188534165)|FLOW_START_INTERVIEWS_BEGIN|1
16:11:20.188 (225470676)|FLOW_START_INTERVIEW_BEGIN|8666f12c2d19306f3de3622308815af75a70c2-19b9|Submitted Expense Update Status
16:11:20.188 (226175552)|FLOW_START_INTERVIEW_END|8666f12c2d19306f3de3622308815af75a70c2-19b9|Submitted Expense Update Status
16:11:20.261 (261574044)|CODE_UNIT_STARTED|[EXTERNAL]|Validation:Expense:a0F46000000Fp6r
16:11:20.261 (261592066)|VALIDATION_RULE|03d46000000DMqh|InsertOtherValue
16:11:20.261 (261855426)|VALIDATION_FORMULA|AND (IF (ISPICKVAL( Category__c , "Other"), true, false),  ISBLANK( Other__c ) )|Category__c=null , Other__c=null
16:11:20.261 (261860812)|VALIDATION_PASS
16:11:20.261 (261862734)|VALIDATION_RULE|03d46000000DP1e|SubmittedError
16:11:20.261 (261919749)|VALIDATION_FORMULA|NOT(ISPICKVAL( Expense_Status__c , "NOT SUBMITTED"))|Expense_Status__c=SUBMITTED
16:11:20.261 (261923308)|VALIDATION_FAIL
16:11:20.261 (261954408)|CODE_UNIT_FINISHED|Validation:Expense:a0F46000000Fp6r
16:11:20.188 (263115377)|FLOW_ELEMENT_ERROR|The flow tried to update these records: null. This error occurred: FIELD_CUSTOM_VALIDATION_EXCEPTION: Submitted Expenses cannot be Deleted or Updated. For details, see <a href='https://developer.salesforce.com/docs/atlas.en-us.api.meta/api/sforce_api_calls_concepts_core_data_objects.htm#'>API Exceptions</a>.|FlowRecordUpdate|myRule_1_A1
16:11:20.188 (276487904)|FLOW_START_INTERVIEWS_END|1
16:11:20.11 (276528021)|WF_FLOW_ACTION_ERROR|09L46000000LqqY|30046000000Gs2p|Error executing flow: Submitted_Expense_Update_Status, FlowDefId: 30046000000Gs2p, FlowVersionId: 30146000000CkoG
16:11:20.11 (276546223)|WF_FLOW_ACTION_ERROR_DETAIL|<b>An unhandled fault has occurred in this flow</b><br>An unhandled fault has occurred while processing the flow.  Please contact your system administrator for more information.
16:11:20.11 (276644753)|WF_FLOW_ACTION_END|09L46000000LqqY
16:11:20.11 (276661148)|CODE_UNIT_FINISHED|Workflow:01I46000000AdSk
16:11:20.11 (277562311)|EXECUTION_FINISHED
