39.0 APEX_CODE,FINEST;APEX_PROFILING,INFO;CALLOUT,INFO;DB,INFO;SYSTEM,DEBUG;VALIDATION,INFO;VISUALFORCE,INFO;WAVE,INFO;WORKFLOW,INFO
17:20:00.0 (343968)|USER_INFO|[EXTERNAL]|00546000000Iihs|pacosta@altimetrik.com|Argentine Time|GMT-03:00
17:20:00.0 (369307)|EXECUTION_STARTED
17:20:00.0 (373198)|CODE_UNIT_STARTED|[EXTERNAL]|06646000001BW08|VF: /apex/ListOfEmployees
17:20:00.0 (6804500)|SYSTEM_MODE_ENTER|true
17:20:00.0 (7073201)|HEAP_ALLOCATE|[72]|Bytes:3
17:20:00.0 (7103064)|HEAP_ALLOCATE|[77]|Bytes:152
17:20:00.0 (7113378)|HEAP_ALLOCATE|[342]|Bytes:408
17:20:00.0 (7127784)|HEAP_ALLOCATE|[355]|Bytes:408
17:20:00.0 (7141110)|HEAP_ALLOCATE|[467]|Bytes:48
17:20:00.0 (7165668)|HEAP_ALLOCATE|[139]|Bytes:6
17:20:00.0 (7180398)|HEAP_ALLOCATE|[EXTERNAL]|Bytes:14
17:20:00.0 (7183783)|HEAP_ALLOCATE|[EXTERNAL]|Bytes:96
17:20:00.0 (7185748)|HEAP_ALLOCATE|[EXTERNAL]|Bytes:24
17:20:00.0 (7193707)|METHOD_ENTRY|[1]|01p46000002wayn|ExpenseController.ExpenseController()
17:20:00.0 (7199536)|STATEMENT_EXECUTE|[1]
17:20:00.0 (7204782)|STATEMENT_EXECUTE|[1]
17:20:00.0 (7206260)|STATEMENT_EXECUTE|[97]
17:20:00.0 (7210457)|METHOD_EXIT|[1]|ExpenseController
17:20:00.0 (7224600)|HEAP_ALLOCATE|[EXTERNAL]|Bytes:12
17:20:00.0 (7230517)|VARIABLE_SCOPE_BEGIN|[1]|this|ExpenseController|true|false
17:20:00.0 (7282908)|VARIABLE_ASSIGNMENT|[1]|this|{}|0x2a650a43
17:20:00.0 (7291442)|HEAP_ALLOCATE|[3]|Bytes:6
17:20:00.0 (7324400)|STATEMENT_EXECUTE|[1]
17:20:00.0 (7326126)|STATEMENT_EXECUTE|[3]
17:20:00.0 (7337930)|VARIABLE_ASSIGNMENT|[3]|this.queryString|""|0x2a650a43
17:20:00.0 (7341034)|STATEMENT_EXECUTE|[5]
17:20:00.0 (7386038)|SYSTEM_MODE_ENTER|true
17:20:00.0 (7419088)|HEAP_ALLOCATE|[EXTERNAL]|Bytes:12
17:20:00.0 (7424776)|VARIABLE_SCOPE_BEGIN|[8]|this|ExpenseController|true|false
17:20:00.0 (7442831)|VARIABLE_ASSIGNMENT|[8]|this|{"queryString":""}|0x2a650a43
17:20:00.0 (7450241)|STATEMENT_EXECUTE|[8]
17:20:00.0 (7451688)|STATEMENT_EXECUTE|[10]
17:20:00.0 (7454386)|HEAP_ALLOCATE|[10]|Bytes:161
17:20:00.0 (7485251)|HEAP_ALLOCATE|[10]|Bytes:161
17:20:00.0 (7501914)|HEAP_ALLOCATE|[50]|Bytes:5
17:20:00.0 (7514077)|HEAP_ALLOCATE|[56]|Bytes:5
17:20:00.0 (7519406)|HEAP_ALLOCATE|[64]|Bytes:7
17:20:00.0 (9979326)|SOQL_EXECUTE_BEGIN|[10]|Aggregations:0|SELECT Category__c, RecordType.Name, Amount__c, Tax__c, Client_Company__c, Submitted__c, Employee__r.Id, Employee__r.Name, Employee__r.Birthdate FROM Expense__c 
17:20:00.0 (19357575)|SOQL_EXECUTE_END|[10]|Rows:7
17:20:00.0 (19379350)|HEAP_ALLOCATE|[10]|Bytes:32
17:20:00.0 (19436782)|HEAP_ALLOCATE|[10]|Bytes:2135
17:20:00.0 (19505463)|HEAP_ALLOCATE|[10]|Bytes:32
17:20:00.0 (19531482)|VARIABLE_SCOPE_BEGIN|[10]|results|List<Expense__c>|true|false
17:20:00.0 (19566591)|VARIABLE_ASSIGNMENT|[10]|results|"List of size 7 too large to display"|0x1945dd42
17:20:00.0 (19573093)|STATEMENT_EXECUTE|[15]
17:20:00.0 (19579632)|HEAP_ALLOCATE|[15]|Bytes:4
17:20:00.0 (19712370)|VARIABLE_ASSIGNMENT|[EXTERNAL]|this|{"queryString":""}|0x2a650a43
17:20:00.0 (19734783)|HEAP_ALLOCATE|[EXTERNAL]|Bytes:4
17:20:00.0 (19742373)|VARIABLE_ASSIGNMENT|[EXTERNAL]|value|[]|0x3bc6d965
17:20:00.0 (19753658)|VARIABLE_ASSIGNMENT|[5]|this.wrappedExpenses|[]|0x2a650a43
17:20:00.0 (19949836)|HEAP_ALLOCATE|[16]|Bytes:5
17:20:00.0 (20021649)|HEAP_ALLOCATE|[16]|Bytes:40
17:20:00.0 (20031732)|VARIABLE_SCOPE_BEGIN|[16]|ex|Expense__c|true|false
17:20:00.0 (20060264)|VARIABLE_ASSIGNMENT|[16]|ex|{"Category__c":"Road Meals","RecordTypeId":"012460000005G1KAAU","Amount__c":8900,"Tax__c":1157.00,"Submitted__c":true,"Employee__c":"00346000002ojeGAAQ","Id":"a0F46000000FmUwEAK","RecordType":{"Name":"Client Meetings","Id":"012460000005G1KAAU"},"Employee__r":{"Id":"00346000002ojeGAAQ","Name":"Paolo Smith"}}|0x38a74c6f
17:20:00.0 (20068655)|STATEMENT_EXECUTE|[16]
17:20:00.0 (20070996)|STATEMENT_EXECUTE|[18]
17:20:00.0 (20114282)|VARIABLE_ASSIGNMENT|[EXTERNAL]|this|{"queryString":"","wrappedExpenses":"0x3bc6d965"}|0x2a650a43
17:20:00.0 (20199374)|HEAP_ALLOCATE|[18]|Bytes:116
17:20:00.0 (20204999)|HEAP_ALLOCATE|[18]|Bytes:10
17:20:00.0 (20219306)|HEAP_ALLOCATE|[18]|Bytes:12
17:20:00.0 (20243088)|CONSTRUCTOR_ENTRY|[18]|01p46000002wayn|<init>(Expense__c,Boolean)
17:20:00.0 (20256712)|VARIABLE_SCOPE_BEGIN|[102]|this|ExpenseController.ExpenseWrapper|true|false
17:20:00.0 (20281121)|VARIABLE_ASSIGNMENT|[102]|this|{}|0x6a658d0e
17:20:00.0 (20284505)|VARIABLE_SCOPE_BEGIN|[102]|ex|Expense__c|true|false
17:20:00.0 (20301610)|VARIABLE_ASSIGNMENT|[102]|ex|{"Category__c":"Road Meals","RecordTypeId":"012460000005G1KAAU","Amount__c":8900,"Tax__c":1157.00,"Submitted__c":true,"Employee__c":"00346000002ojeGAAQ","Id":"a0F46000000FmUwEAK","RecordType":{"Name":"Client Meetings","Id":"012460000005G1KAAU"},"Employee__r":{"Id":"00346000002ojeGAAQ","Name":"Paolo Smith"}}|0x38a74c6f
17:20:00.0 (20308247)|VARIABLE_SCOPE_BEGIN|[102]|check|Boolean|false|false
17:20:00.0 (20311651)|VARIABLE_ASSIGNMENT|[102]|check|false
17:20:00.0 (20316036)|STATEMENT_EXECUTE|[97]
17:20:00.0 (20318318)|STATEMENT_EXECUTE|[99]
17:20:00.0 (20319751)|STATEMENT_EXECUTE|[100]
17:20:00.0 (20334279)|STATEMENT_EXECUTE|[102]
17:20:00.0 (20335923)|STATEMENT_EXECUTE|[104]
17:20:00.0 (20395991)|VARIABLE_ASSIGNMENT|[EXTERNAL]|this|{}|0x6a658d0e
17:20:00.0 (20413646)|VARIABLE_ASSIGNMENT|[EXTERNAL]|value|{"Category__c":"Road Meals","RecordTypeId":"012460000005G1KAAU","Amount__c":8900,"Tax__c":1157.00,"Submitted__c":true,"Employee__c":"00346000002ojeGAAQ","Id":"a0F46000000FmUwEAK","RecordType":{"Name":"Client Meetings","Id":"012460000005G1KAAU"},"Employee__r":{"Id":"00346000002ojeGAAQ","Name":"Paolo Smith"}}|0x38a74c6f
17:20:00.0 (20429488)|VARIABLE_ASSIGNMENT|[99]|this.expense|{"Category__c":"Road Meals","RecordTypeId":"012460000005G1KAAU","Amount__c":8900,"Tax__c":1157.00,"Submitted__c":true,"Employee__c":"00346000002ojeGAAQ","Id":"a0F46000000FmUwEAK","RecordType":{"Name":"Client Meetings","Id":"012460000005G1KAAU"},"Employee__r":{"Id":"00346000002ojeGAAQ","Name":"Paolo Smith"}}|0x6a658d0e
17:20:00.0 (20437352)|STATEMENT_EXECUTE|[105]
17:20:00.0 (20474859)|VARIABLE_ASSIGNMENT|[EXTERNAL]|this|{"expense":"0x38a74c6f"}|0x6a658d0e
17:20:00.0 (20481446)|VARIABLE_ASSIGNMENT|[EXTERNAL]|value|false
17:20:00.0 (20485783)|HEAP_ALLOCATE|[100]|Bytes:5
17:20:00.0 (20491142)|VARIABLE_ASSIGNMENT|[100]|this.checked|false|0x6a658d0e
17:20:00.0 (20500648)|CONSTRUCTOR_EXIT|[18]|01p46000002wayn|<init>(Expense__c,Boolean)
17:20:00.0 (20514426)|HEAP_ALLOCATE|[EXTERNAL]|Bytes:4
17:20:00.0 (20527635)|HEAP_ALLOCATE|[16]|Bytes:5
17:20:00.0 (20553080)|HEAP_ALLOCATE|[16]|Bytes:36
17:20:00.0 (20559688)|VARIABLE_SCOPE_BEGIN|[16]|ex|Expense__c|true|false
17:20:00.0 (20595897)|VARIABLE_ASSIGNMENT|[16]|ex|{"RecordTypeId":"012460000005G1FAAU","Amount__c":3000,"Tax__c":390.00,"Submitted__c":true,"Employee__c":"00346000002ojVWAAY","Id":"a0F46000000Fp6rEAC","RecordType":{"Name":"Business Trips","Id":"012460000005G1FAAU"},"Employee__r":{"Id":"00346000002ojVWAAY","Name":"Carol Ruiz","Birthdate":"2017-10-09T00:00:00.000Z"}}|0x544d206d
17:20:00.0 (20601948)|STATEMENT_EXECUTE|[16]
17:20:00.0 (20603965)|STATEMENT_EXECUTE|[18]
17:20:00.0 (20625588)|VARIABLE_ASSIGNMENT|[EXTERNAL]|this|{"queryString":"","wrappedExpenses":"0x3bc6d965"}|0x2a650a43
17:20:00.0 (20636526)|HEAP_ALLOCATE|[18]|Bytes:12
17:20:00.0 (20645173)|CONSTRUCTOR_ENTRY|[18]|01p46000002wayn|<init>(Expense__c,Boolean)
17:20:00.0 (20648580)|VARIABLE_SCOPE_BEGIN|[102]|this|ExpenseController.ExpenseWrapper|true|false
17:20:00.0 (20658295)|VARIABLE_ASSIGNMENT|[102]|this|{}|0x64985762
17:20:00.0 (20660102)|VARIABLE_SCOPE_BEGIN|[102]|ex|Expense__c|true|false
17:20:00.0 (20675344)|VARIABLE_ASSIGNMENT|[102]|ex|{"RecordTypeId":"012460000005G1FAAU","Amount__c":3000,"Tax__c":390.00,"Submitted__c":true,"Employee__c":"00346000002ojVWAAY","Id":"a0F46000000Fp6rEAC","RecordType":{"Name":"Business Trips","Id":"012460000005G1FAAU"},"Employee__r":{"Id":"00346000002ojVWAAY","Name":"Carol Ruiz","Birthdate":"2017-10-09T00:00:00.000Z"}}|0x544d206d
17:20:00.0 (20680895)|VARIABLE_SCOPE_BEGIN|[102]|check|Boolean|false|false
17:20:00.0 (20684984)|VARIABLE_ASSIGNMENT|[102]|check|false
17:20:00.0 (20689040)|STATEMENT_EXECUTE|[97]
17:20:00.0 (20690472)|STATEMENT_EXECUTE|[99]
17:20:00.0 (20691768)|STATEMENT_EXECUTE|[100]
17:20:00.0 (20702004)|STATEMENT_EXECUTE|[102]
17:20:00.0 (20703377)|STATEMENT_EXECUTE|[104]
17:20:00.0 (20715382)|VARIABLE_ASSIGNMENT|[EXTERNAL]|this|{}|0x64985762
17:20:00.0 (20729028)|VARIABLE_ASSIGNMENT|[EXTERNAL]|value|{"RecordTypeId":"012460000005G1FAAU","Amount__c":3000,"Tax__c":390.00,"Submitted__c":true,"Employee__c":"00346000002ojVWAAY","Id":"a0F46000000Fp6rEAC","RecordType":{"Name":"Business Trips","Id":"012460000005G1FAAU"},"Employee__r":{"Id":"00346000002ojVWAAY","Name":"Carol Ruiz","Birthdate":"2017-10-09T00:00:00.000Z"}}|0x544d206d
17:20:00.0 (20747511)|VARIABLE_ASSIGNMENT|[99]|this.expense|{"RecordTypeId":"012460000005G1FAAU","Amount__c":3000,"Tax__c":390.00,"Submitted__c":true,"Employee__c":"00346000002ojVWAAY","Id":"a0F46000000Fp6rEAC","RecordType":{"Name":"Business Trips","Id":"012460000005G1FAAU"},"Employee__r":{"Id":"00346000002ojVWAAY","Name":"Carol Ruiz","Birthdate":"2017-10-09T00:00:00.000Z"}}|0x64985762
17:20:00.0 (20753702)|STATEMENT_EXECUTE|[105]
17:20:00.0 (20765935)|VARIABLE_ASSIGNMENT|[EXTERNAL]|this|{"expense":"0x544d206d"}|0x64985762
17:20:00.0 (20770883)|VARIABLE_ASSIGNMENT|[EXTERNAL]|value|false
17:20:00.0 (20773788)|HEAP_ALLOCATE|[100]|Bytes:5
17:20:00.0 (20777966)|VARIABLE_ASSIGNMENT|[100]|this.checked|false|0x64985762
17:20:00.0 (20785587)|CONSTRUCTOR_EXIT|[18]|01p46000002wayn|<init>(Expense__c,Boolean)
17:20:00.0 (20794329)|HEAP_ALLOCATE|[EXTERNAL]|Bytes:4
17:20:00.0 (20805150)|HEAP_ALLOCATE|[16]|Bytes:5
17:20:00.0 (20826769)|HEAP_ALLOCATE|[16]|Bytes:40
17:20:00.0 (20832397)|VARIABLE_SCOPE_BEGIN|[16]|ex|Expense__c|true|false
17:20:00.0 (20854656)|VARIABLE_ASSIGNMENT|[16]|ex|{"Category__c":"Event Registration","RecordTypeId":"012460000005G1FAAU","Amount__c":3499,"Tax__c":454.87,"Submitted__c":true,"Employee__c":"00346000002ojVWAAY","Id":"a0F46000000Fp76EAC","RecordType":{"Name":"Business Trips","Id":"012460000005G1FAAU"},"Employee__r":{"Id":"00346000002ojVWAAY","Name":"Carol Ruiz","Birthdate":"2017-10-09T00:00:00.000Z"}}|0x33877063
17:20:00.0 (20859918)|STATEMENT_EXECUTE|[16]
17:20:00.0 (20861346)|STATEMENT_EXECUTE|[18]
17:20:00.0 (20878542)|VARIABLE_ASSIGNMENT|[EXTERNAL]|this|{"queryString":"","wrappedExpenses":"0x3bc6d965"}|0x2a650a43
17:20:00.0 (20886587)|HEAP_ALLOCATE|[18]|Bytes:12
17:20:00.0 (20893785)|CONSTRUCTOR_ENTRY|[18]|01p46000002wayn|<init>(Expense__c,Boolean)
17:20:00.0 (20896504)|VARIABLE_SCOPE_BEGIN|[102]|this|ExpenseController.ExpenseWrapper|true|false
17:20:00.0 (20906979)|VARIABLE_ASSIGNMENT|[102]|this|{}|0x9c61658
17:20:00.0 (20909894)|VARIABLE_SCOPE_BEGIN|[102]|ex|Expense__c|true|false
17:20:00.0 (20924241)|VARIABLE_ASSIGNMENT|[102]|ex|{"Category__c":"Event Registration","RecordTypeId":"012460000005G1FAAU","Amount__c":3499,"Tax__c":454.87,"Submitted__c":true,"Employee__c":"00346000002ojVWAAY","Id":"a0F46000000Fp76EAC","RecordType":{"Name":"Business Trips","Id":"012460000005G1FAAU"},"Employee__r":{"Id":"00346000002ojVWAAY","Name":"Carol Ruiz","Birthdate":"2017-10-09T00:00:00.000Z"}}|0x33877063
17:20:00.0 (20928525)|VARIABLE_SCOPE_BEGIN|[102]|check|Boolean|false|false
17:20:00.0 (20931002)|VARIABLE_ASSIGNMENT|[102]|check|false
17:20:00.0 (20934298)|STATEMENT_EXECUTE|[97]
17:20:00.0 (20935680)|STATEMENT_EXECUTE|[99]
17:20:00.0 (20937195)|STATEMENT_EXECUTE|[100]
17:20:00.0 (20946126)|STATEMENT_EXECUTE|[102]
17:20:00.0 (20947507)|STATEMENT_EXECUTE|[104]
17:20:00.0 (20959282)|VARIABLE_ASSIGNMENT|[EXTERNAL]|this|{}|0x9c61658
17:20:00.0 (20975306)|VARIABLE_ASSIGNMENT|[EXTERNAL]|value|{"Category__c":"Event Registration","RecordTypeId":"012460000005G1FAAU","Amount__c":3499,"Tax__c":454.87,"Submitted__c":true,"Employee__c":"00346000002ojVWAAY","Id":"a0F46000000Fp76EAC","RecordType":{"Name":"Business Trips","Id":"012460000005G1FAAU"},"Employee__r":{"Id":"00346000002ojVWAAY","Name":"Carol Ruiz","Birthdate":"2017-10-09T00:00:00.000Z"}}|0x33877063
17:20:00.0 (20989570)|VARIABLE_ASSIGNMENT|[99]|this.expense|{"Category__c":"Event Registration","RecordTypeId":"012460000005G1FAAU","Amount__c":3499,"Tax__c":454.87,"Submitted__c":true,"Employee__c":"00346000002ojVWAAY","Id":"a0F46000000Fp76EAC","RecordType":{"Name":"Business Trips","Id":"012460000005G1FAAU"},"Employee__r":{"Id":"00346000002ojVWAAY","Name":"Carol Ruiz","Birthdate":"2017-10-09T00:00:00.000Z"}}|0x9c61658
17:20:00.0 (20995915)|STATEMENT_EXECUTE|[105]
17:20:00.0 (21006978)|VARIABLE_ASSIGNMENT|[EXTERNAL]|this|{"expense":"0x33877063"}|0x9c61658
17:20:00.0 (21012424)|VARIABLE_ASSIGNMENT|[EXTERNAL]|value|false
17:20:00.0 (21016527)|HEAP_ALLOCATE|[100]|Bytes:5
17:20:00.0 (21022830)|VARIABLE_ASSIGNMENT|[100]|this.checked|false|0x9c61658
17:20:00.0 (21031242)|CONSTRUCTOR_EXIT|[18]|01p46000002wayn|<init>(Expense__c,Boolean)
17:20:00.0 (21038273)|HEAP_ALLOCATE|[EXTERNAL]|Bytes:4
17:20:00.0 (21047223)|HEAP_ALLOCATE|[16]|Bytes:5
17:20:00.0 (21089563)|HEAP_ALLOCATE|[16]|Bytes:40
17:20:00.0 (21095958)|VARIABLE_SCOPE_BEGIN|[16]|ex|Expense__c|true|false
17:20:00.0 (21111318)|VARIABLE_ASSIGNMENT|[16]|ex|{"Category__c":"Event Registration","RecordTypeId":"012460000005G1KAAU","Amount__c":5600,"Tax__c":728.00,"Submitted__c":true,"Employee__c":"00346000002oeLWAAY","Id":"a0F46000000FBc6EAG","RecordType":{"Name":"Client Meetings","Id":"012460000005G1KAAU"},"Employee__r":{"Id":"00346000002oeLWAAY","Name":"Paulo Acosta"}}|0x23abc19c
17:20:00.0 (21115758)|STATEMENT_EXECUTE|[16]
17:20:00.0 (21117531)|STATEMENT_EXECUTE|[18]
17:20:00.0 (21138957)|VARIABLE_ASSIGNMENT|[EXTERNAL]|this|{"queryString":"","wrappedExpenses":"0x3bc6d965"}|0x2a650a43
17:20:00.0 (21147008)|HEAP_ALLOCATE|[18]|Bytes:12
17:20:00.0 (21154272)|CONSTRUCTOR_ENTRY|[18]|01p46000002wayn|<init>(Expense__c,Boolean)
17:20:00.0 (21156756)|VARIABLE_SCOPE_BEGIN|[102]|this|ExpenseController.ExpenseWrapper|true|false
17:20:00.0 (21164928)|VARIABLE_ASSIGNMENT|[102]|this|{}|0x64375864
17:20:00.0 (21166533)|VARIABLE_SCOPE_BEGIN|[102]|ex|Expense__c|true|false
17:20:00.0 (21176403)|VARIABLE_ASSIGNMENT|[102]|ex|{"Category__c":"Event Registration","RecordTypeId":"012460000005G1KAAU","Amount__c":5600,"Tax__c":728.00,"Submitted__c":true,"Employee__c":"00346000002oeLWAAY","Id":"a0F46000000FBc6EAG","RecordType":{"Name":"Client Meetings","Id":"012460000005G1KAAU"},"Employee__r":{"Id":"00346000002oeLWAAY","Name":"Paulo Acosta"}}|0x23abc19c
17:20:00.0 (21180688)|VARIABLE_SCOPE_BEGIN|[102]|check|Boolean|false|false
17:20:00.0 (21183141)|VARIABLE_ASSIGNMENT|[102]|check|false
17:20:00.0 (21186133)|STATEMENT_EXECUTE|[97]
17:20:00.0 (21187441)|STATEMENT_EXECUTE|[99]
17:20:00.0 (21189174)|STATEMENT_EXECUTE|[100]
17:20:00.0 (21197432)|STATEMENT_EXECUTE|[102]
17:20:00.0 (21198766)|STATEMENT_EXECUTE|[104]
17:20:00.0 (21208466)|VARIABLE_ASSIGNMENT|[EXTERNAL]|this|{}|0x64375864
17:20:00.0 (21218235)|VARIABLE_ASSIGNMENT|[EXTERNAL]|value|{"Category__c":"Event Registration","RecordTypeId":"012460000005G1KAAU","Amount__c":5600,"Tax__c":728.00,"Submitted__c":true,"Employee__c":"00346000002oeLWAAY","Id":"a0F46000000FBc6EAG","RecordType":{"Name":"Client Meetings","Id":"012460000005G1KAAU"},"Employee__r":{"Id":"00346000002oeLWAAY","Name":"Paulo Acosta"}}|0x23abc19c
17:20:00.0 (21230011)|VARIABLE_ASSIGNMENT|[99]|this.expense|{"Category__c":"Event Registration","RecordTypeId":"012460000005G1KAAU","Amount__c":5600,"Tax__c":728.00,"Submitted__c":true,"Employee__c":"00346000002oeLWAAY","Id":"a0F46000000FBc6EAG","RecordType":{"Name":"Client Meetings","Id":"012460000005G1KAAU"},"Employee__r":{"Id":"00346000002oeLWAAY","Name":"Paulo Acosta"}}|0x64375864
17:20:00.0 (21235032)|STATEMENT_EXECUTE|[105]
17:20:00.0 (21244947)|VARIABLE_ASSIGNMENT|[EXTERNAL]|this|{"expense":"0x23abc19c"}|0x64375864
17:20:00.0 (21249702)|VARIABLE_ASSIGNMENT|[EXTERNAL]|value|false
17:20:00.0 (21252440)|HEAP_ALLOCATE|[100]|Bytes:5
17:20:00.0 (21256418)|VARIABLE_ASSIGNMENT|[100]|this.checked|false|0x64375864
17:20:00.0 (21263574)|CONSTRUCTOR_EXIT|[18]|01p46000002wayn|<init>(Expense__c,Boolean)
17:20:00.0 (21269732)|HEAP_ALLOCATE|[EXTERNAL]|Bytes:4
17:20:00.0 (21277987)|HEAP_ALLOCATE|[16]|Bytes:5
17:20:00.0 (21296866)|HEAP_ALLOCATE|[16]|Bytes:40
17:20:00.0 (21301673)|VARIABLE_SCOPE_BEGIN|[16]|ex|Expense__c|true|false
17:20:00.0 (21319667)|VARIABLE_ASSIGNMENT|[16]|ex|{"Category__c":"Transportation","RecordTypeId":"012460000005G1FAAU","Amount__c":3500,"Tax__c":455.00,"Submitted__c":true,"Employee__c":"00346000002ojVWAAY","Id":"a0F46000000FBblEAG","RecordType":{"Name":"Business Trips","Id":"012460000005G1FAAU"},"Employee__r":{"Id":"00346000002ojVWAAY","Name":"Carol Ruiz","Birthdate":"2017-10-09T00:00:00.000Z"}}|0x21ed35b2
17:20:00.0 (21324395)|STATEMENT_EXECUTE|[16]
17:20:00.0 (21325762)|STATEMENT_EXECUTE|[18]
17:20:00.0 (21341054)|VARIABLE_ASSIGNMENT|[EXTERNAL]|this|{"queryString":"","wrappedExpenses":"0x3bc6d965"}|0x2a650a43
17:20:00.0 (21347524)|HEAP_ALLOCATE|[18]|Bytes:12
17:20:00.0 (21354316)|CONSTRUCTOR_ENTRY|[18]|01p46000002wayn|<init>(Expense__c,Boolean)
17:20:00.0 (21356855)|VARIABLE_SCOPE_BEGIN|[102]|this|ExpenseController.ExpenseWrapper|true|false
17:20:00.0 (21364177)|VARIABLE_ASSIGNMENT|[102]|this|{}|0x10698a7a
17:20:00.0 (21365661)|VARIABLE_SCOPE_BEGIN|[102]|ex|Expense__c|true|false
17:20:00.0 (21378375)|VARIABLE_ASSIGNMENT|[102]|ex|{"Category__c":"Transportation","RecordTypeId":"012460000005G1FAAU","Amount__c":3500,"Tax__c":455.00,"Submitted__c":true,"Employee__c":"00346000002ojVWAAY","Id":"a0F46000000FBblEAG","RecordType":{"Name":"Business Trips","Id":"012460000005G1FAAU"},"Employee__r":{"Id":"00346000002ojVWAAY","Name":"Carol Ruiz","Birthdate":"2017-10-09T00:00:00.000Z"}}|0x21ed35b2
17:20:00.0 (21382444)|VARIABLE_SCOPE_BEGIN|[102]|check|Boolean|false|false
17:20:00.0 (21384794)|VARIABLE_ASSIGNMENT|[102]|check|false
17:20:00.0 (21387767)|STATEMENT_EXECUTE|[97]
17:20:00.0 (21389367)|STATEMENT_EXECUTE|[99]
17:20:00.0 (21390627)|STATEMENT_EXECUTE|[100]
17:20:00.0 (21398970)|STATEMENT_EXECUTE|[102]
17:20:00.0 (21400336)|STATEMENT_EXECUTE|[104]
17:20:00.0 (21410183)|VARIABLE_ASSIGNMENT|[EXTERNAL]|this|{}|0x10698a7a
17:20:00.0 (21422952)|VARIABLE_ASSIGNMENT|[EXTERNAL]|value|{"Category__c":"Transportation","RecordTypeId":"012460000005G1FAAU","Amount__c":3500,"Tax__c":455.00,"Submitted__c":true,"Employee__c":"00346000002ojVWAAY","Id":"a0F46000000FBblEAG","RecordType":{"Name":"Business Trips","Id":"012460000005G1FAAU"},"Employee__r":{"Id":"00346000002ojVWAAY","Name":"Carol Ruiz","Birthdate":"2017-10-09T00:00:00.000Z"}}|0x21ed35b2
17:20:00.0 (21436383)|VARIABLE_ASSIGNMENT|[99]|this.expense|{"Category__c":"Transportation","RecordTypeId":"012460000005G1FAAU","Amount__c":3500,"Tax__c":455.00,"Submitted__c":true,"Employee__c":"00346000002ojVWAAY","Id":"a0F46000000FBblEAG","RecordType":{"Name":"Business Trips","Id":"012460000005G1FAAU"},"Employee__r":{"Id":"00346000002ojVWAAY","Name":"Carol Ruiz","Birthdate":"2017-10-09T00:00:00.000Z"}}|0x10698a7a
17:20:00.0 (21445458)|STATEMENT_EXECUTE|[105]
17:20:00.0 (21456591)|VARIABLE_ASSIGNMENT|[EXTERNAL]|this|{"expense":"0x21ed35b2"}|0x10698a7a
17:20:00.0 (21460915)|VARIABLE_ASSIGNMENT|[EXTERNAL]|value|false
17:20:00.0 (21463650)|HEAP_ALLOCATE|[100]|Bytes:5
17:20:00.0 (21467688)|VARIABLE_ASSIGNMENT|[100]|this.checked|false|0x10698a7a
17:20:00.0 (21474817)|CONSTRUCTOR_EXIT|[18]|01p46000002wayn|<init>(Expense__c,Boolean)
17:20:00.0 (21480451)|HEAP_ALLOCATE|[EXTERNAL]|Bytes:4
17:20:00.0 (21488501)|HEAP_ALLOCATE|[16]|Bytes:5
17:20:00.0 (21505688)|HEAP_ALLOCATE|[16]|Bytes:44
17:20:00.0 (21510384)|VARIABLE_SCOPE_BEGIN|[16]|ex|Expense__c|true|false
17:20:00.0 (21525051)|VARIABLE_ASSIGNMENT|[16]|ex|{"Category__c":"Lodging","RecordTypeId":"012460000005G1KAAU","Amount__c":4000,"Tax__c":520.00,"Client_Company__c":"At&t","Submitted__c":true,"Employee__c":"00346000002ojeGAAQ","Id":"a0F46000000Ftq1EAC","RecordType":{"Name":"Client Meetings","Id":"012460000005G1KAAU"},"Employee__r":{"Id":"00346000002ojeGAAQ","Name":"Paolo Smith"}}|0x1c9e27aa
17:20:00.0 (21529655)|STATEMENT_EXECUTE|[16]
17:20:00.0 (21530998)|STATEMENT_EXECUTE|[18]
17:20:00.0 (21545346)|VARIABLE_ASSIGNMENT|[EXTERNAL]|this|{"queryString":"","wrappedExpenses":"0x3bc6d965"}|0x2a650a43
17:20:00.0 (21552103)|HEAP_ALLOCATE|[18]|Bytes:12
17:20:00.0 (21558600)|CONSTRUCTOR_ENTRY|[18]|01p46000002wayn|<init>(Expense__c,Boolean)
17:20:00.0 (21561083)|VARIABLE_SCOPE_BEGIN|[102]|this|ExpenseController.ExpenseWrapper|true|false
17:20:00.0 (21568464)|VARIABLE_ASSIGNMENT|[102]|this|{}|0x366cfc52
17:20:00.0 (21569958)|VARIABLE_SCOPE_BEGIN|[102]|ex|Expense__c|true|false
17:20:00.0 (21580024)|VARIABLE_ASSIGNMENT|[102]|ex|{"Category__c":"Lodging","RecordTypeId":"012460000005G1KAAU","Amount__c":4000,"Tax__c":520.00,"Client_Company__c":"At&t","Submitted__c":true,"Employee__c":"00346000002ojeGAAQ","Id":"a0F46000000Ftq1EAC","RecordType":{"Name":"Client Meetings","Id":"012460000005G1KAAU"},"Employee__r":{"Id":"00346000002ojeGAAQ","Name":"Paolo Smith"}}|0x1c9e27aa
17:20:00.0 (21587912)|VARIABLE_SCOPE_BEGIN|[102]|check|Boolean|false|false
17:20:00.0 (21590324)|VARIABLE_ASSIGNMENT|[102]|check|false
17:20:00.0 (21593470)|STATEMENT_EXECUTE|[97]
17:20:00.0 (21594750)|STATEMENT_EXECUTE|[99]
17:20:00.0 (21595988)|STATEMENT_EXECUTE|[100]
17:20:00.0 (21603842)|STATEMENT_EXECUTE|[102]
17:20:00.0 (21605175)|STATEMENT_EXECUTE|[104]
17:20:00.0 (21614803)|VARIABLE_ASSIGNMENT|[EXTERNAL]|this|{}|0x366cfc52
17:20:00.0 (21625146)|VARIABLE_ASSIGNMENT|[EXTERNAL]|value|{"Category__c":"Lodging","RecordTypeId":"012460000005G1KAAU","Amount__c":4000,"Tax__c":520.00,"Client_Company__c":"At&t","Submitted__c":true,"Employee__c":"00346000002ojeGAAQ","Id":"a0F46000000Ftq1EAC","RecordType":{"Name":"Client Meetings","Id":"012460000005G1KAAU"},"Employee__r":{"Id":"00346000002ojeGAAQ","Name":"Paolo Smith"}}|0x1c9e27aa
17:20:00.0 (21636911)|VARIABLE_ASSIGNMENT|[99]|this.expense|{"Category__c":"Lodging","RecordTypeId":"012460000005G1KAAU","Amount__c":4000,"Tax__c":520.00,"Client_Company__c":"At&t","Submitted__c":true,"Employee__c":"00346000002ojeGAAQ","Id":"a0F46000000Ftq1EAC","RecordType":{"Name":"Client Meetings","Id":"012460000005G1KAAU"},"Employee__r":{"Id":"00346000002ojeGAAQ","Name":"Paolo Smith"}}|0x366cfc52
17:20:00.0 (21642121)|STATEMENT_EXECUTE|[105]
17:20:00.0 (21651161)|VARIABLE_ASSIGNMENT|[EXTERNAL]|this|{"expense":"0x1c9e27aa"}|0x366cfc52
17:20:00.0 (21655035)|VARIABLE_ASSIGNMENT|[EXTERNAL]|value|false
17:20:00.0 (21657534)|HEAP_ALLOCATE|[100]|Bytes:5
17:20:00.0 (21661329)|VARIABLE_ASSIGNMENT|[100]|this.checked|false|0x366cfc52
17:20:00.0 (21668309)|CONSTRUCTOR_EXIT|[18]|01p46000002wayn|<init>(Expense__c,Boolean)
17:20:00.0 (21673555)|HEAP_ALLOCATE|[EXTERNAL]|Bytes:4
17:20:00.0 (21681063)|HEAP_ALLOCATE|[16]|Bytes:5
17:20:00.0 (21698064)|HEAP_ALLOCATE|[16]|Bytes:40
17:20:00.0 (21702787)|VARIABLE_SCOPE_BEGIN|[16]|ex|Expense__c|true|false
17:20:00.0 (21719727)|VARIABLE_ASSIGNMENT|[16]|ex|{"Category__c":"Transportation","RecordTypeId":"012460000005G1FAAU","Amount__c":4000,"Tax__c":520.00,"Submitted__c":true,"Employee__c":"00346000002ojVWAAY","Id":"a0F46000000FtpwEAC","RecordType":{"Name":"Business Trips","Id":"012460000005G1FAAU"},"Employee__r":{"Id":"00346000002ojVWAAY","Name":"Carol Ruiz","Birthdate":"2017-10-09T00:00:00.000Z"}}|0x14125832
17:20:00.0 (21724399)|STATEMENT_EXECUTE|[16]
17:20:00.0 (21725834)|STATEMENT_EXECUTE|[18]
17:20:00.0 (21740353)|VARIABLE_ASSIGNMENT|[EXTERNAL]|this|{"queryString":"","wrappedExpenses":"0x3bc6d965"}|0x2a650a43
17:20:00.0 (21746979)|HEAP_ALLOCATE|[18]|Bytes:12
17:20:00.0 (21753472)|CONSTRUCTOR_ENTRY|[18]|01p46000002wayn|<init>(Expense__c,Boolean)
17:20:00.0 (21755915)|VARIABLE_SCOPE_BEGIN|[102]|this|ExpenseController.ExpenseWrapper|true|false
17:20:00.0 (21762982)|VARIABLE_ASSIGNMENT|[102]|this|{}|0xfa14811
17:20:00.0 (21764610)|VARIABLE_SCOPE_BEGIN|[102]|ex|Expense__c|true|false
17:20:00.0 (21777166)|VARIABLE_ASSIGNMENT|[102]|ex|{"Category__c":"Transportation","RecordTypeId":"012460000005G1FAAU","Amount__c":4000,"Tax__c":520.00,"Submitted__c":true,"Employee__c":"00346000002ojVWAAY","Id":"a0F46000000FtpwEAC","RecordType":{"Name":"Business Trips","Id":"012460000005G1FAAU"},"Employee__r":{"Id":"00346000002ojVWAAY","Name":"Carol Ruiz","Birthdate":"2017-10-09T00:00:00.000Z"}}|0x14125832
17:20:00.0 (21781422)|VARIABLE_SCOPE_BEGIN|[102]|check|Boolean|false|false
17:20:00.0 (21783872)|VARIABLE_ASSIGNMENT|[102]|check|false
17:20:00.0 (21786844)|STATEMENT_EXECUTE|[97]
17:20:00.0 (21788136)|STATEMENT_EXECUTE|[99]
17:20:00.0 (21789387)|STATEMENT_EXECUTE|[100]
17:20:00.0 (21797547)|STATEMENT_EXECUTE|[102]
17:20:00.0 (21798807)|STATEMENT_EXECUTE|[104]
17:20:00.0 (21808337)|VARIABLE_ASSIGNMENT|[EXTERNAL]|this|{}|0xfa14811
17:20:00.0 (21820805)|VARIABLE_ASSIGNMENT|[EXTERNAL]|value|{"Category__c":"Transportation","RecordTypeId":"012460000005G1FAAU","Amount__c":4000,"Tax__c":520.00,"Submitted__c":true,"Employee__c":"00346000002ojVWAAY","Id":"a0F46000000FtpwEAC","RecordType":{"Name":"Business Trips","Id":"012460000005G1FAAU"},"Employee__r":{"Id":"00346000002ojVWAAY","Name":"Carol Ruiz","Birthdate":"2017-10-09T00:00:00.000Z"}}|0x14125832
17:20:00.0 (21834160)|VARIABLE_ASSIGNMENT|[99]|this.expense|{"Category__c":"Transportation","RecordTypeId":"012460000005G1FAAU","Amount__c":4000,"Tax__c":520.00,"Submitted__c":true,"Employee__c":"00346000002ojVWAAY","Id":"a0F46000000FtpwEAC","RecordType":{"Name":"Business Trips","Id":"012460000005G1FAAU"},"Employee__r":{"Id":"00346000002ojVWAAY","Name":"Carol Ruiz","Birthdate":"2017-10-09T00:00:00.000Z"}}|0xfa14811
17:20:00.0 (21839947)|STATEMENT_EXECUTE|[105]
17:20:00.0 (21849560)|VARIABLE_ASSIGNMENT|[EXTERNAL]|this|{"expense":"0x14125832"}|0xfa14811
17:20:00.0 (21853389)|VARIABLE_ASSIGNMENT|[EXTERNAL]|value|false
17:20:00.0 (21855942)|HEAP_ALLOCATE|[100]|Bytes:5
17:20:00.0 (21859688)|VARIABLE_ASSIGNMENT|[100]|this.checked|false|0xfa14811
17:20:00.0 (21866585)|CONSTRUCTOR_EXIT|[18]|01p46000002wayn|<init>(Expense__c,Boolean)
17:20:00.0 (21872124)|HEAP_ALLOCATE|[EXTERNAL]|Bytes:4
17:20:00.0 (21879971)|HEAP_ALLOCATE|[16]|Bytes:5
17:20:00.0 (21888047)|VARIABLE_ASSIGNMENT|[16]|ex|null|
17:20:00.0 (21891228)|STATEMENT_EXECUTE|[21]
17:20:00.0 (21915002)|VARIABLE_ASSIGNMENT|[EXTERNAL]|this|{"queryString":"","wrappedExpenses":"0x3bc6d965"}|0x2a650a43
17:20:00.0 (41369323)|VF_SERIALIZE_VIEWSTATE_BEGIN|06646000001BW08
17:20:00.0 (52744259)|VF_SERIALIZE_VIEWSTATE_END
17:20:00.0 (77701809)|CODE_UNIT_STARTED|[EXTERNAL]|Generate Metadata
17:20:00.0 (80497371)|CODE_UNIT_FINISHED|Generate Metadata
17:20:00.83 (83145268)|CUMULATIVE_LIMIT_USAGE
17:20:00.83 (83145268)|LIMIT_USAGE_FOR_NS|(default)|
  Number of SOQL queries: 1 out of 100
  Number of query rows: 7 out of 50000
  Number of SOSL queries: 0 out of 20
  Number of DML statements: 0 out of 150
  Number of DML rows: 0 out of 10000
  Maximum CPU time: 0 out of 10000
  Maximum heap size: 0 out of 6000000
  Number of callouts: 0 out of 100
  Number of Email Invocations: 0 out of 10
  Number of future calls: 0 out of 50
  Number of queueable jobs added to the queue: 0 out of 50
  Number of Mobile Apex push calls: 0 out of 10

17:20:00.83 (83145268)|CUMULATIVE_LIMIT_USAGE_END

17:20:00.0 (83181845)|CODE_UNIT_FINISHED|VF: /apex/ListOfEmployees
17:20:00.0 (83999350)|EXECUTION_FINISHED
