39.0 APEX_CODE,FINEST;APEX_PROFILING,INFO;CALLOUT,INFO;DB,INFO;SYSTEM,DEBUG;VALIDATION,INFO;VISUALFORCE,INFO;WAVE,INFO;WORKFLOW,INFO
14:05:37.0 (290824)|USER_INFO|[EXTERNAL]|00546000000Iihs|pacosta@altimetrik.com|Argentine Time|GMT-03:00
14:05:37.0 (310797)|EXECUTION_STARTED
14:05:37.0 (314245)|CODE_UNIT_STARTED|[EXTERNAL]|06646000001BW08|VF: /apex/ListOfEmployees
14:05:37.0 (786120)|VF_DESERIALIZE_VIEWSTATE_BEGIN|06646000001BW08
14:05:37.0 (6301596)|HEAP_ALLOCATE|[72]|Bytes:3
14:05:37.0 (6339833)|HEAP_ALLOCATE|[77]|Bytes:152
14:05:37.0 (6351446)|HEAP_ALLOCATE|[342]|Bytes:408
14:05:37.0 (6362837)|HEAP_ALLOCATE|[355]|Bytes:408
14:05:37.0 (6372827)|HEAP_ALLOCATE|[467]|Bytes:48
14:05:37.0 (6398623)|HEAP_ALLOCATE|[139]|Bytes:6
14:05:37.0 (7783406)|HEAP_ALLOCATE|[50]|Bytes:5
14:05:37.0 (7808666)|HEAP_ALLOCATE|[56]|Bytes:5
14:05:37.0 (7816743)|HEAP_ALLOCATE|[64]|Bytes:7
14:05:37.0 (9395747)|VF_DESERIALIZE_VIEWSTATE_END
14:05:37.0 (10208066)|SYSTEM_MODE_ENTER|true
14:05:37.0 (10424323)|HEAP_ALLOCATE|[EXTERNAL]|Bytes:140
14:05:37.0 (10431143)|HEAP_ALLOCATE|[EXTERNAL]|Bytes:46
14:05:37.0 (10439504)|METHOD_ENTRY|[1]|01p46000002wayn|ExpenseController.ExpenseController()
14:05:37.0 (10442879)|STATEMENT_EXECUTE|[1]
14:05:37.0 (10446846)|STATEMENT_EXECUTE|[1]
14:05:37.0 (10451798)|METHOD_EXIT|[1]|ExpenseController
14:05:37.0 (10458999)|HEAP_ALLOCATE|[EXTERNAL]|Bytes:24
14:05:37.0 (10465380)|VARIABLE_SCOPE_BEGIN|[17]|this|ExpenseController|true|false
14:05:37.0 (10528272)|VARIABLE_ASSIGNMENT|[17]|this|{"CountTotalRecords":7,"OffsetSize":0,"QueryLimit":3,"queryString":"","wrappedExpenses":"0x483541d9"}|0x7b6ab477
14:05:37.0 (10538197)|STATEMENT_EXECUTE|[17]
14:05:37.0 (10539538)|STATEMENT_EXECUTE|[19]
14:05:37.0 (10542402)|HEAP_ALLOCATE|[19]|Bytes:161
14:05:37.0 (10548710)|HEAP_ALLOCATE|[22]|Bytes:33
14:05:37.0 (10605113)|HEAP_ALLOCATE|[22]|Bytes:1
14:05:37.0 (10615536)|HEAP_ALLOCATE|[22]|Bytes:8
14:05:37.0 (10624011)|HEAP_ALLOCATE|[22]|Bytes:1
14:05:37.0 (10636082)|HEAP_ALLOCATE|[19]|Bytes:204
14:05:37.0 (12885343)|SOQL_EXECUTE_BEGIN|[19]|Aggregations:0|SELECT Category__c, RecordType.Name, Amount__c, Tax__c, Client_Company__c, Submitted__c, Employee__r.Id, Employee__r.Name, Employee__r.Birthdate FROM Expense__c  ORDER BY Employee__r.Name LIMIT 3 OFFSET 0
14:05:37.0 (21278137)|SOQL_EXECUTE_END|[19]|Rows:3
14:05:37.0 (21295509)|HEAP_ALLOCATE|[19]|Bytes:16
14:05:37.0 (21328536)|HEAP_ALLOCATE|[19]|Bytes:895
14:05:37.0 (21393481)|HEAP_ALLOCATE|[19]|Bytes:16
14:05:37.0 (21411598)|VARIABLE_SCOPE_BEGIN|[19]|results|List<Expense__c>|true|false
14:05:37.0 (21479025)|VARIABLE_ASSIGNMENT|[19]|results|[{"Category__c":"Transportation","RecordTypeId":"012460000005G1FAAU","Amount__c":3500,"Tax__c":455.00,"Submitted__c":true,"Employee__c":"00346000002ojVWAAY","Id":"a0F46000000FBblEAG","RecordType":{"Name":"Business Trips","Id":"012460000005G1FAAU"},"Employee__r":{"Id":"00346000002ojVWAAY","Name":"Carol Ruiz","Birthdate":"2017-10-09T00:00:00.000Z"}},{"RecordTypeId":"012460000005G1FAAU","Amount__c":3000,"Tax__c":390.00,"Submitted__c":true,"Employee__c":"00346000002ojVWAAY","Id":"a0F46000000Fp6rEAC","RecordType":{"Name":"Business Trips","Id":"012460000005G1FAAU"},"Employee__r":{"Id":"00346000002ojVWAAY","Name":"Carol Ruiz","Birthdate":"2017-10-09T00:00:00.000Z"}},{"Category__c":"Event Registration","RecordTypeId":"012460000005G1FAAU","Amount__c":3499,"Tax__c":454.87,"Submitted__c":true,"Employee__c":"00346000002ojVWAAY","Id":"a0F46000000Fp76EAC","RecordType":{"Name":"Business Trips","Id":"012460000005G1FAAU"},"Employee__r":{"Id":"00346000002ojVWAAY","Name":"Carol Ruiz","Birthdate":"2017-10-09T00:00:00.000Z"}}]|0x1f06e6cb
14:05:37.0 (21488325)|STATEMENT_EXECUTE|[25]
14:05:37.0 (21494747)|HEAP_ALLOCATE|[25]|Bytes:4
14:05:37.0 (21599296)|VARIABLE_ASSIGNMENT|[EXTERNAL]|this|{"CountTotalRecords":7,"OffsetSize":0,"QueryLimit":3,"queryString":"","wrappedExpenses":"0x483541d9"}|0x7b6ab477
14:05:37.0 (21620987)|HEAP_ALLOCATE|[EXTERNAL]|Bytes:4
14:05:37.0 (21627278)|VARIABLE_ASSIGNMENT|[EXTERNAL]|value|[]|0x4eb97c52
14:05:37.0 (21638229)|VARIABLE_ASSIGNMENT|[14]|this.wrappedExpenses|[]|0x7b6ab477
14:05:37.0 (21804253)|HEAP_ALLOCATE|[26]|Bytes:5
14:05:37.0 (21877797)|HEAP_ALLOCATE|[26]|Bytes:40
14:05:37.0 (21887969)|VARIABLE_SCOPE_BEGIN|[26]|ex|Expense__c|true|false
14:05:37.0 (21911804)|VARIABLE_ASSIGNMENT|[26]|ex|{"Category__c":"Transportation","RecordTypeId":"012460000005G1FAAU","Amount__c":3500,"Tax__c":455.00,"Submitted__c":true,"Employee__c":"00346000002ojVWAAY","Id":"a0F46000000FBblEAG","RecordType":{"Name":"Business Trips","Id":"012460000005G1FAAU"},"Employee__r":{"Id":"00346000002ojVWAAY","Name":"Carol Ruiz","Birthdate":"2017-10-09T00:00:00.000Z"}}|0x13b75162
14:05:37.0 (21916403)|STATEMENT_EXECUTE|[26]
14:05:37.0 (21917747)|STATEMENT_EXECUTE|[28]
14:05:37.0 (21960526)|VARIABLE_ASSIGNMENT|[EXTERNAL]|this|{"CountTotalRecords":7,"OffsetSize":0,"QueryLimit":3,"queryString":"","wrappedExpenses":"0x4eb97c52"}|0x7b6ab477
14:05:37.0 (21974777)|HEAP_ALLOCATE|[28]|Bytes:112
14:05:37.0 (21979846)|HEAP_ALLOCATE|[28]|Bytes:5
14:05:37.0 (22001352)|METHOD_ENTRY|[1]|01p46000003buu6|ExpenseWrapper.ExpenseWrapper()
14:05:37.0 (22004477)|STATEMENT_EXECUTE|[1]
14:05:37.0 (22007198)|STATEMENT_EXECUTE|[1]
14:05:37.0 (22010831)|METHOD_EXIT|[1]|ExpenseWrapper
14:05:37.0 (22015751)|HEAP_ALLOCATE|[28]|Bytes:12
14:05:37.0 (22028518)|CONSTRUCTOR_ENTRY|[28]|01p46000003buu6|<init>(Expense__c,Boolean)
14:05:37.0 (22032688)|VARIABLE_SCOPE_BEGIN|[6]|this|ExpenseWrapper|true|false
14:05:37.0 (22043392)|VARIABLE_ASSIGNMENT|[6]|this|{}|0x23c1e41a
14:05:37.0 (22045444)|VARIABLE_SCOPE_BEGIN|[6]|ex|Expense__c|true|false
14:05:37.0 (22062556)|VARIABLE_ASSIGNMENT|[6]|ex|{"Category__c":"Transportation","RecordTypeId":"012460000005G1FAAU","Amount__c":3500,"Tax__c":455.00,"Submitted__c":true,"Employee__c":"00346000002ojVWAAY","Id":"a0F46000000FBblEAG","RecordType":{"Name":"Business Trips","Id":"012460000005G1FAAU"},"Employee__r":{"Id":"00346000002ojVWAAY","Name":"Carol Ruiz","Birthdate":"2017-10-09T00:00:00.000Z"}}|0x13b75162
14:05:37.0 (22068140)|VARIABLE_SCOPE_BEGIN|[6]|check|Boolean|false|false
14:05:37.0 (22071673)|VARIABLE_ASSIGNMENT|[6]|check|false
14:05:37.0 (22074665)|STATEMENT_EXECUTE|[1]
14:05:37.0 (22076026)|STATEMENT_EXECUTE|[3]
14:05:37.0 (22077051)|STATEMENT_EXECUTE|[4]
14:05:37.0 (22082857)|HEAP_ALLOCATE|[8]|Bytes:6
14:05:37.0 (22100083)|STATEMENT_EXECUTE|[6]
14:05:37.0 (22101538)|STATEMENT_EXECUTE|[8]
14:05:37.0 (22125154)|VARIABLE_ASSIGNMENT|[EXTERNAL]|this|{}|0x23c1e41a
14:05:37.0 (22141108)|VARIABLE_ASSIGNMENT|[EXTERNAL]|value|{"Category__c":"Transportation","RecordTypeId":"012460000005G1FAAU","Amount__c":3500,"Tax__c":455.00,"Submitted__c":true,"Employee__c":"00346000002ojVWAAY","Id":"a0F46000000FBblEAG","RecordType":{"Name":"Business Trips","Id":"012460000005G1FAAU"},"Employee__r":{"Id":"00346000002ojVWAAY","Name":"Carol Ruiz","Birthdate":"2017-10-09T00:00:00.000Z"}}|0x13b75162
14:05:37.0 (22157404)|VARIABLE_ASSIGNMENT|[3]|this.expense|{"Category__c":"Transportation","RecordTypeId":"012460000005G1FAAU","Amount__c":3500,"Tax__c":455.00,"Submitted__c":true,"Employee__c":"00346000002ojVWAAY","Id":"a0F46000000FBblEAG","RecordType":{"Name":"Business Trips","Id":"012460000005G1FAAU"},"Employee__r":{"Id":"00346000002ojVWAAY","Name":"Carol Ruiz","Birthdate":"2017-10-09T00:00:00.000Z"}}|0x23c1e41a
14:05:37.0 (22164061)|STATEMENT_EXECUTE|[9]
14:05:37.0 (22183471)|VARIABLE_ASSIGNMENT|[EXTERNAL]|this|{"expense":"0x13b75162"}|0x23c1e41a
14:05:37.0 (22188781)|VARIABLE_ASSIGNMENT|[EXTERNAL]|value|false
14:05:37.0 (22192203)|HEAP_ALLOCATE|[4]|Bytes:5
14:05:37.0 (22196452)|VARIABLE_ASSIGNMENT|[4]|this.checked|false|0x23c1e41a
14:05:37.0 (22204979)|CONSTRUCTOR_EXIT|[28]|01p46000003buu6|<init>(Expense__c,Boolean)
14:05:37.0 (22215928)|HEAP_ALLOCATE|[EXTERNAL]|Bytes:4
14:05:37.0 (22226060)|HEAP_ALLOCATE|[26]|Bytes:5
14:05:37.0 (22247988)|HEAP_ALLOCATE|[26]|Bytes:36
14:05:37.0 (22253683)|VARIABLE_SCOPE_BEGIN|[26]|ex|Expense__c|true|false
14:05:37.0 (22271580)|VARIABLE_ASSIGNMENT|[26]|ex|{"RecordTypeId":"012460000005G1FAAU","Amount__c":3000,"Tax__c":390.00,"Submitted__c":true,"Employee__c":"00346000002ojVWAAY","Id":"a0F46000000Fp6rEAC","RecordType":{"Name":"Business Trips","Id":"012460000005G1FAAU"},"Employee__r":{"Id":"00346000002ojVWAAY","Name":"Carol Ruiz","Birthdate":"2017-10-09T00:00:00.000Z"}}|0x32cf0a98
14:05:37.0 (22276007)|STATEMENT_EXECUTE|[26]
14:05:37.0 (22277200)|STATEMENT_EXECUTE|[28]
14:05:37.0 (22298630)|VARIABLE_ASSIGNMENT|[EXTERNAL]|this|{"CountTotalRecords":7,"OffsetSize":0,"QueryLimit":3,"queryString":"","wrappedExpenses":"0x4eb97c52"}|0x7b6ab477
14:05:37.0 (22307195)|HEAP_ALLOCATE|[28]|Bytes:12
14:05:37.0 (22314109)|CONSTRUCTOR_ENTRY|[28]|01p46000003buu6|<init>(Expense__c,Boolean)
14:05:37.0 (22317093)|VARIABLE_SCOPE_BEGIN|[6]|this|ExpenseWrapper|true|false
14:05:37.0 (22325166)|VARIABLE_ASSIGNMENT|[6]|this|{}|0x4f854ffb
14:05:37.0 (22326715)|VARIABLE_SCOPE_BEGIN|[6]|ex|Expense__c|true|false
14:05:37.0 (22339531)|VARIABLE_ASSIGNMENT|[6]|ex|{"RecordTypeId":"012460000005G1FAAU","Amount__c":3000,"Tax__c":390.00,"Submitted__c":true,"Employee__c":"00346000002ojVWAAY","Id":"a0F46000000Fp6rEAC","RecordType":{"Name":"Business Trips","Id":"012460000005G1FAAU"},"Employee__r":{"Id":"00346000002ojVWAAY","Name":"Carol Ruiz","Birthdate":"2017-10-09T00:00:00.000Z"}}|0x32cf0a98
14:05:37.0 (22343900)|VARIABLE_SCOPE_BEGIN|[6]|check|Boolean|false|false
14:05:37.0 (22346838)|VARIABLE_ASSIGNMENT|[6]|check|false
14:05:37.0 (22348914)|STATEMENT_EXECUTE|[1]
14:05:37.0 (22349962)|STATEMENT_EXECUTE|[3]
14:05:37.0 (22350968)|STATEMENT_EXECUTE|[4]
14:05:37.0 (22358888)|STATEMENT_EXECUTE|[6]
14:05:37.0 (22360000)|STATEMENT_EXECUTE|[8]
14:05:37.0 (22369375)|VARIABLE_ASSIGNMENT|[EXTERNAL]|this|{}|0x4f854ffb
14:05:37.0 (22381606)|VARIABLE_ASSIGNMENT|[EXTERNAL]|value|{"RecordTypeId":"012460000005G1FAAU","Amount__c":3000,"Tax__c":390.00,"Submitted__c":true,"Employee__c":"00346000002ojVWAAY","Id":"a0F46000000Fp6rEAC","RecordType":{"Name":"Business Trips","Id":"012460000005G1FAAU"},"Employee__r":{"Id":"00346000002ojVWAAY","Name":"Carol Ruiz","Birthdate":"2017-10-09T00:00:00.000Z"}}|0x32cf0a98
14:05:37.0 (22395385)|VARIABLE_ASSIGNMENT|[3]|this.expense|{"RecordTypeId":"012460000005G1FAAU","Amount__c":3000,"Tax__c":390.00,"Submitted__c":true,"Employee__c":"00346000002ojVWAAY","Id":"a0F46000000Fp6rEAC","RecordType":{"Name":"Business Trips","Id":"012460000005G1FAAU"},"Employee__r":{"Id":"00346000002ojVWAAY","Name":"Carol Ruiz","Birthdate":"2017-10-09T00:00:00.000Z"}}|0x4f854ffb
14:05:37.0 (22400431)|STATEMENT_EXECUTE|[9]
14:05:37.0 (22409432)|VARIABLE_ASSIGNMENT|[EXTERNAL]|this|{"expense":"0x32cf0a98"}|0x4f854ffb
14:05:37.0 (22413411)|VARIABLE_ASSIGNMENT|[EXTERNAL]|value|false
14:05:37.0 (22416120)|HEAP_ALLOCATE|[4]|Bytes:5
14:05:37.0 (22419850)|VARIABLE_ASSIGNMENT|[4]|this.checked|false|0x4f854ffb
14:05:37.0 (22426658)|CONSTRUCTOR_EXIT|[28]|01p46000003buu6|<init>(Expense__c,Boolean)
14:05:37.0 (22432572)|HEAP_ALLOCATE|[EXTERNAL]|Bytes:4
14:05:37.0 (22440601)|HEAP_ALLOCATE|[26]|Bytes:5
14:05:37.0 (22458514)|HEAP_ALLOCATE|[26]|Bytes:40
14:05:37.0 (22463254)|VARIABLE_SCOPE_BEGIN|[26]|ex|Expense__c|true|false
14:05:37.0 (22480534)|VARIABLE_ASSIGNMENT|[26]|ex|{"Category__c":"Event Registration","RecordTypeId":"012460000005G1FAAU","Amount__c":3499,"Tax__c":454.87,"Submitted__c":true,"Employee__c":"00346000002ojVWAAY","Id":"a0F46000000Fp76EAC","RecordType":{"Name":"Business Trips","Id":"012460000005G1FAAU"},"Employee__r":{"Id":"00346000002ojVWAAY","Name":"Carol Ruiz","Birthdate":"2017-10-09T00:00:00.000Z"}}|0x697f2b7b
14:05:37.0 (22484838)|STATEMENT_EXECUTE|[26]
14:05:37.0 (22485991)|STATEMENT_EXECUTE|[28]
14:05:37.0 (22504855)|VARIABLE_ASSIGNMENT|[EXTERNAL]|this|{"CountTotalRecords":7,"OffsetSize":0,"QueryLimit":3,"queryString":"","wrappedExpenses":"0x4eb97c52"}|0x7b6ab477
14:05:37.0 (22512182)|HEAP_ALLOCATE|[28]|Bytes:12
14:05:37.0 (22518517)|CONSTRUCTOR_ENTRY|[28]|01p46000003buu6|<init>(Expense__c,Boolean)
14:05:37.0 (22520975)|VARIABLE_SCOPE_BEGIN|[6]|this|ExpenseWrapper|true|false
14:05:37.0 (22528200)|VARIABLE_ASSIGNMENT|[6]|this|{}|0x13fd8d03
14:05:37.0 (22529676)|VARIABLE_SCOPE_BEGIN|[6]|ex|Expense__c|true|false
14:05:37.0 (22543089)|VARIABLE_ASSIGNMENT|[6]|ex|{"Category__c":"Event Registration","RecordTypeId":"012460000005G1FAAU","Amount__c":3499,"Tax__c":454.87,"Submitted__c":true,"Employee__c":"00346000002ojVWAAY","Id":"a0F46000000Fp76EAC","RecordType":{"Name":"Business Trips","Id":"012460000005G1FAAU"},"Employee__r":{"Id":"00346000002ojVWAAY","Name":"Carol Ruiz","Birthdate":"2017-10-09T00:00:00.000Z"}}|0x697f2b7b
14:05:37.0 (22547493)|VARIABLE_SCOPE_BEGIN|[6]|check|Boolean|false|false
14:05:37.0 (22550029)|VARIABLE_ASSIGNMENT|[6]|check|false
14:05:37.0 (22552050)|STATEMENT_EXECUTE|[1]
14:05:37.0 (22553111)|STATEMENT_EXECUTE|[3]
14:05:37.0 (22554104)|STATEMENT_EXECUTE|[4]
14:05:37.0 (22561060)|STATEMENT_EXECUTE|[6]
14:05:37.0 (22562175)|STATEMENT_EXECUTE|[8]
14:05:37.0 (22571278)|VARIABLE_ASSIGNMENT|[EXTERNAL]|this|{}|0x13fd8d03
14:05:37.0 (22584226)|VARIABLE_ASSIGNMENT|[EXTERNAL]|value|{"Category__c":"Event Registration","RecordTypeId":"012460000005G1FAAU","Amount__c":3499,"Tax__c":454.87,"Submitted__c":true,"Employee__c":"00346000002ojVWAAY","Id":"a0F46000000Fp76EAC","RecordType":{"Name":"Business Trips","Id":"012460000005G1FAAU"},"Employee__r":{"Id":"00346000002ojVWAAY","Name":"Carol Ruiz","Birthdate":"2017-10-09T00:00:00.000Z"}}|0x697f2b7b
14:05:37.0 (22597874)|VARIABLE_ASSIGNMENT|[3]|this.expense|{"Category__c":"Event Registration","RecordTypeId":"012460000005G1FAAU","Amount__c":3499,"Tax__c":454.87,"Submitted__c":true,"Employee__c":"00346000002ojVWAAY","Id":"a0F46000000Fp76EAC","RecordType":{"Name":"Business Trips","Id":"012460000005G1FAAU"},"Employee__r":{"Id":"00346000002ojVWAAY","Name":"Carol Ruiz","Birthdate":"2017-10-09T00:00:00.000Z"}}|0x13fd8d03
14:05:37.0 (22603578)|STATEMENT_EXECUTE|[9]
14:05:37.0 (22612448)|VARIABLE_ASSIGNMENT|[EXTERNAL]|this|{"expense":"0x697f2b7b"}|0x13fd8d03
14:05:37.0 (22616031)|VARIABLE_ASSIGNMENT|[EXTERNAL]|value|false
14:05:37.0 (22618578)|HEAP_ALLOCATE|[4]|Bytes:5
14:05:37.0 (22621909)|VARIABLE_ASSIGNMENT|[4]|this.checked|false|0x13fd8d03
14:05:37.0 (22627915)|CONSTRUCTOR_EXIT|[28]|01p46000003buu6|<init>(Expense__c,Boolean)
14:05:37.0 (22633423)|HEAP_ALLOCATE|[EXTERNAL]|Bytes:4
14:05:37.0 (22640751)|HEAP_ALLOCATE|[26]|Bytes:5
14:05:37.0 (22648194)|VARIABLE_ASSIGNMENT|[26]|ex|null|
14:05:37.0 (22651166)|STATEMENT_EXECUTE|[32]
14:05:37.0 (22677621)|VARIABLE_ASSIGNMENT|[EXTERNAL]|this|{"CountTotalRecords":7,"OffsetSize":0,"QueryLimit":3,"queryString":"","wrappedExpenses":"0x4eb97c52"}|0x7b6ab477
14:05:37.0 (23248027)|SYSTEM_MODE_ENTER|true
14:05:37.0 (23278691)|HEAP_ALLOCATE|[EXTERNAL]|Bytes:24
14:05:37.0 (23285785)|VARIABLE_SCOPE_BEGIN|[107]|this|ExpenseController|true|false
14:05:37.0 (23309136)|VARIABLE_ASSIGNMENT|[107]|this|{"CountTotalRecords":7,"OffsetSize":0,"QueryLimit":3,"queryString":"","wrappedExpenses":"0x4eb97c52"}|0x7b6ab477
14:05:37.0 (23316206)|STATEMENT_EXECUTE|[107]
14:05:37.0 (23322742)|STATEMENT_EXECUTE|[111]
14:05:37.0 (23328157)|HEAP_ALLOCATE|[111]|Bytes:5
14:05:37.0 (23403890)|SYSTEM_MODE_ENTER|true
14:05:37.0 (23424012)|HEAP_ALLOCATE|[EXTERNAL]|Bytes:24
14:05:37.0 (23429537)|VARIABLE_SCOPE_BEGIN|[114]|this|ExpenseController|true|false
14:05:37.0 (23449118)|VARIABLE_ASSIGNMENT|[114]|this|{"CountTotalRecords":7,"OffsetSize":0,"QueryLimit":3,"queryString":"","wrappedExpenses":"0x4eb97c52"}|0x7b6ab477
14:05:37.0 (23454812)|STATEMENT_EXECUTE|[114]
14:05:37.0 (23490565)|VARIABLE_ASSIGNMENT|[EXTERNAL]|this|{"CountTotalRecords":7,"OffsetSize":0,"QueryLimit":3,"queryString":"","wrappedExpenses":"0x4eb97c52"}|0x7b6ab477
14:05:37.0 (23499976)|STATEMENT_EXECUTE|[115]
14:05:37.0 (23501355)|STATEMENT_EXECUTE|[116]
14:05:37.0 (23505685)|HEAP_ALLOCATE|[116]|Bytes:5
14:05:37.0 (23825018)|HEAP_ALLOCATE|[EXTERNAL]|Bytes:5
14:05:37.0 (23828472)|HEAP_ALLOCATE|[EXTERNAL]|Bytes:12
14:05:37.0 (23850326)|VARIABLE_ASSIGNMENT|[EXTERNAL]|this.checked|false|0x23c1e41a
14:05:37.0 (23895585)|HEAP_ALLOCATE|[EXTERNAL]|Bytes:5
14:05:37.0 (23898064)|HEAP_ALLOCATE|[EXTERNAL]|Bytes:12
14:05:37.0 (23903642)|VARIABLE_ASSIGNMENT|[EXTERNAL]|this.checked|false|0x4f854ffb
14:05:37.0 (23937819)|HEAP_ALLOCATE|[EXTERNAL]|Bytes:5
14:05:37.0 (23940446)|HEAP_ALLOCATE|[EXTERNAL]|Bytes:12
14:05:37.0 (23945059)|VARIABLE_ASSIGNMENT|[EXTERNAL]|this.checked|false|0x13fd8d03
14:05:37.0 (24084363)|HEAP_ALLOCATE|[EXTERNAL]|Bytes:24
14:05:37.0 (24091457)|VARIABLE_SCOPE_BEGIN|[73]|this|ExpenseController|true|false
14:05:37.0 (24114309)|VARIABLE_ASSIGNMENT|[73]|this|{"CountTotalRecords":7,"OffsetSize":0,"QueryLimit":3,"queryString":"","wrappedExpenses":"0x4eb97c52"}|0x7b6ab477
14:05:37.0 (24121010)|STATEMENT_EXECUTE|[73]
14:05:37.0 (24122425)|STATEMENT_EXECUTE|[75]
14:05:37.0 (24125905)|HEAP_ALLOCATE|[75]|Bytes:27
14:05:37.0 (24136319)|VARIABLE_ASSIGNMENT|[75]|this.queryString|" WHERE Submitted__c  (7 more) ..."|0x7b6ab477
14:05:37.0 (27226993)|SYSTEM_MODE_ENTER|true
14:05:37.0 (27246711)|HEAP_ALLOCATE|[EXTERNAL]|Bytes:96
14:05:37.0 (27252702)|HEAP_ALLOCATE|[EXTERNAL]|Bytes:6
14:05:37.0 (27258682)|METHOD_ENTRY|[1]|01p46000002ySm2|SaveAsPdfExtension.SaveAsPdfExtension()
14:05:37.0 (27260910)|STATEMENT_EXECUTE|[1]
14:05:37.0 (27263689)|STATEMENT_EXECUTE|[1]
14:05:37.0 (27267211)|METHOD_EXIT|[1]|SaveAsPdfExtension
14:05:37.0 (27434045)|SYSTEM_MODE_ENTER|true
14:05:37.0 (27457344)|HEAP_ALLOCATE|[EXTERNAL]|Bytes:24
14:05:37.0 (27461920)|VARIABLE_SCOPE_BEGIN|[17]|this|ExpenseController|true|false
14:05:37.0 (27487826)|VARIABLE_ASSIGNMENT|[17]|this|{"CountTotalRecords":7,"OffsetSize":0,"QueryLimit":3,"queryString":" WHERE Submitted__c  (7 more) ...","wrappedExpenses":"0x4eb97c52"}|0x7b6ab477
14:05:37.0 (27494676)|STATEMENT_EXECUTE|[17]
14:05:37.0 (27496024)|STATEMENT_EXECUTE|[19]
14:05:37.0 (27516204)|HEAP_ALLOCATE|[22]|Bytes:1
14:05:37.0 (27530001)|HEAP_ALLOCATE|[22]|Bytes:1
14:05:37.0 (27540053)|HEAP_ALLOCATE|[19]|Bytes:231
14:05:37.0 (27907223)|SOQL_EXECUTE_BEGIN|[19]|Aggregations:0|SELECT Category__c, RecordType.Name, Amount__c, Tax__c, Client_Company__c, Submitted__c, Employee__r.Id, Employee__r.Name, Employee__r.Birthdate FROM Expense__c  WHERE Submitted__c = false ORDER BY Employee__r.Name LIMIT 3 OFFSET 0
14:05:37.0 (44420333)|SOQL_EXECUTE_END|[19]|Rows:0
14:05:37.0 (44439809)|HEAP_ALLOCATE|[19]|Bytes:4
14:05:37.0 (44452202)|HEAP_ALLOCATE|[19]|Bytes:0
14:05:37.0 (44471266)|HEAP_ALLOCATE|[19]|Bytes:4
14:05:37.0 (44487207)|VARIABLE_SCOPE_BEGIN|[19]|results|List<Expense__c>|true|false
14:05:37.0 (44499198)|VARIABLE_ASSIGNMENT|[19]|results|[]|0x3270342e
14:05:37.0 (44501782)|STATEMENT_EXECUTE|[25]
14:05:37.0 (44506908)|HEAP_ALLOCATE|[25]|Bytes:4
14:05:37.0 (44561403)|VARIABLE_ASSIGNMENT|[EXTERNAL]|this|{"CountTotalRecords":7,"OffsetSize":0,"QueryLimit":3,"queryString":" WHERE Submitted__c  (7 more) ...","wrappedExpenses":"0x4eb97c52"}|0x7b6ab477
14:05:37.0 (44576593)|HEAP_ALLOCATE|[EXTERNAL]|Bytes:4
14:05:37.0 (44582319)|VARIABLE_ASSIGNMENT|[EXTERNAL]|value|[]|0x36ef3020
14:05:37.0 (44591127)|VARIABLE_ASSIGNMENT|[14]|this.wrappedExpenses|[]|0x7b6ab477
14:05:37.0 (44616333)|HEAP_ALLOCATE|[26]|Bytes:5
14:05:37.0 (44627757)|VARIABLE_ASSIGNMENT|[26]|ex|null|
14:05:37.0 (44630679)|STATEMENT_EXECUTE|[26]
14:05:37.0 (44631958)|STATEMENT_EXECUTE|[32]
14:05:37.0 (44653465)|VARIABLE_ASSIGNMENT|[EXTERNAL]|this|{"CountTotalRecords":7,"OffsetSize":0,"QueryLimit":3,"queryString":" WHERE Submitted__c  (7 more) ...","wrappedExpenses":"0x36ef3020"}|0x7b6ab477
14:05:37.0 (46051555)|SYSTEM_MODE_ENTER|true
14:05:37.0 (46079835)|HEAP_ALLOCATE|[EXTERNAL]|Bytes:24
14:05:37.0 (46085575)|VARIABLE_SCOPE_BEGIN|[107]|this|ExpenseController|true|false
14:05:37.0 (46112282)|VARIABLE_ASSIGNMENT|[107]|this|{"CountTotalRecords":7,"OffsetSize":0,"QueryLimit":3,"queryString":" WHERE Submitted__c  (7 more) ...","wrappedExpenses":"0x36ef3020"}|0x7b6ab477
14:05:37.0 (46119582)|STATEMENT_EXECUTE|[107]
14:05:37.0 (46124403)|STATEMENT_EXECUTE|[111]
14:05:37.0 (46129591)|HEAP_ALLOCATE|[111]|Bytes:5
14:05:37.0 (46329066)|SYSTEM_MODE_ENTER|true
14:05:37.0 (46351412)|HEAP_ALLOCATE|[EXTERNAL]|Bytes:24
14:05:37.0 (46355510)|VARIABLE_SCOPE_BEGIN|[114]|this|ExpenseController|true|false
14:05:37.0 (46378025)|VARIABLE_ASSIGNMENT|[114]|this|{"CountTotalRecords":7,"OffsetSize":0,"QueryLimit":3,"queryString":" WHERE Submitted__c  (7 more) ...","wrappedExpenses":"0x36ef3020"}|0x7b6ab477
14:05:37.0 (46384244)|STATEMENT_EXECUTE|[114]
14:05:37.0 (46406898)|VARIABLE_ASSIGNMENT|[EXTERNAL]|this|{"CountTotalRecords":7,"OffsetSize":0,"QueryLimit":3,"queryString":" WHERE Submitted__c  (7 more) ...","wrappedExpenses":"0x36ef3020"}|0x7b6ab477
14:05:37.0 (46415373)|STATEMENT_EXECUTE|[115]
14:05:37.0 (46416807)|STATEMENT_EXECUTE|[116]
14:05:37.0 (46421108)|HEAP_ALLOCATE|[116]|Bytes:5
14:05:37.0 (48168250)|VF_SERIALIZE_VIEWSTATE_BEGIN|06646000001BW08
14:05:37.0 (58717746)|VF_SERIALIZE_VIEWSTATE_END
14:05:37.0 (61117527)|CODE_UNIT_STARTED|[EXTERNAL]|Generate Metadata
14:05:37.0 (61770578)|CODE_UNIT_FINISHED|Generate Metadata
14:05:37.63 (63642126)|CUMULATIVE_LIMIT_USAGE
14:05:37.63 (63642126)|LIMIT_USAGE_FOR_NS|(default)|
  Number of SOQL queries: 2 out of 100
  Number of query rows: 3 out of 50000
  Number of SOSL queries: 0 out of 20
  Number of DML statements: 0 out of 150
  Number of DML rows: 0 out of 10000
  Maximum CPU time: 0 out of 10000
  Maximum heap size: 0 out of 6000000
  Number of callouts: 0 out of 100
  Number of Email Invocations: 0 out of 10
  Number of future calls: 0 out of 50
  Number of queueable jobs added to the queue: 0 out of 50
  Number of Mobile Apex push calls: 0 out of 10

14:05:37.63 (63642126)|CUMULATIVE_LIMIT_USAGE_END

14:05:37.0 (63674440)|CODE_UNIT_FINISHED|VF: /apex/ListOfEmployees
14:05:37.0 (64419619)|EXECUTION_FINISHED
