39.0 APEX_CODE,FINEST;APEX_PROFILING,INFO;CALLOUT,INFO;DB,INFO;SYSTEM,DEBUG;VALIDATION,INFO;VISUALFORCE,INFO;WAVE,INFO;WORKFLOW,INFO
15:07:50.0 (320236)|USER_INFO|[EXTERNAL]|00546000000Iihs|pacosta@altimetrik.com|Argentine Time|GMT-03:00
15:07:50.0 (348186)|EXECUTION_STARTED
15:07:50.0 (352025)|CODE_UNIT_STARTED|[EXTERNAL]|06646000001BW08|VF: /apex/ListOfEmployees
15:07:50.0 (2064641)|SYSTEM_MODE_ENTER|true
15:07:50.0 (2293741)|HEAP_ALLOCATE|[72]|Bytes:3
15:07:50.0 (2322705)|HEAP_ALLOCATE|[77]|Bytes:152
15:07:50.0 (2333292)|HEAP_ALLOCATE|[342]|Bytes:408
15:07:50.0 (2370036)|HEAP_ALLOCATE|[355]|Bytes:408
15:07:50.0 (2390566)|HEAP_ALLOCATE|[467]|Bytes:48
15:07:50.0 (2417306)|HEAP_ALLOCATE|[139]|Bytes:6
15:07:50.0 (2443060)|HEAP_ALLOCATE|[EXTERNAL]|Bytes:140
15:07:50.0 (2449599)|HEAP_ALLOCATE|[EXTERNAL]|Bytes:46
15:07:50.0 (2457441)|METHOD_ENTRY|[1]|01p46000002wayn|ExpenseController.ExpenseController()
15:07:50.0 (2460512)|STATEMENT_EXECUTE|[1]
15:07:50.0 (2464721)|STATEMENT_EXECUTE|[1]
15:07:50.0 (2467760)|METHOD_EXIT|[1]|ExpenseController
15:07:50.0 (2481968)|HEAP_ALLOCATE|[EXTERNAL]|Bytes:24
15:07:50.0 (2487934)|VARIABLE_SCOPE_BEGIN|[8]|this|ExpenseController|true|false
15:07:50.0 (2539728)|VARIABLE_ASSIGNMENT|[8]|this|{}|0x10419055
15:07:50.0 (2545054)|STATEMENT_EXECUTE|[1]
15:07:50.0 (2546422)|STATEMENT_EXECUTE|[3]
15:07:50.0 (2561963)|VARIABLE_ASSIGNMENT|[3]|this.queryString|""|0x10419055
15:07:50.0 (2563817)|STATEMENT_EXECUTE|[4]
15:07:50.0 (2564816)|STATEMENT_EXECUTE|[5]
15:07:50.0 (2568289)|HEAP_ALLOCATE|[5]|Bytes:4
15:07:50.0 (2573536)|VARIABLE_ASSIGNMENT|[5]|this.OffsetSize|0|0x10419055
15:07:50.0 (2575264)|STATEMENT_EXECUTE|[6]
15:07:50.0 (2577018)|HEAP_ALLOCATE|[6]|Bytes:4
15:07:50.0 (2580041)|VARIABLE_ASSIGNMENT|[6]|this.QueryLimit|3|0x10419055
15:07:50.0 (2581321)|STATEMENT_EXECUTE|[14]
15:07:50.0 (2587838)|HEAP_ALLOCATE|[6]|Bytes:6
15:07:50.0 (2622725)|STATEMENT_EXECUTE|[8]
15:07:50.0 (2624264)|STATEMENT_EXECUTE|[10]
15:07:50.0 (2626356)|HEAP_ALLOCATE|[10]|Bytes:30
15:07:50.0 (2632538)|HEAP_ALLOCATE|[10]|Bytes:4
15:07:50.0 (2646407)|HEAP_ALLOCATE|[50]|Bytes:5
15:07:50.0 (2657449)|HEAP_ALLOCATE|[56]|Bytes:5
15:07:50.0 (2662115)|HEAP_ALLOCATE|[64]|Bytes:7
15:07:50.0 (2814411)|SOQL_EXECUTE_BEGIN|[10]|Aggregations:0|SELECT COUNT() FROM Expense__c
15:07:50.0 (4616516)|SOQL_EXECUTE_END|[10]|Rows:7
15:07:50.0 (4627794)|HEAP_ALLOCATE|[10]|Bytes:4
15:07:50.0 (4679797)|VARIABLE_ASSIGNMENT|[EXTERNAL]|this|{"OffsetSize":0,"QueryLimit":3,"queryString":""}|0x10419055
15:07:50.0 (4685877)|VARIABLE_ASSIGNMENT|[EXTERNAL]|value|7
15:07:50.0 (4689877)|HEAP_ALLOCATE|[4]|Bytes:4
15:07:50.0 (4696205)|VARIABLE_ASSIGNMENT|[4]|this.CountTotalRecords|7|0x10419055
15:07:50.0 (4766525)|SYSTEM_MODE_ENTER|true
15:07:50.0 (4799064)|HEAP_ALLOCATE|[EXTERNAL]|Bytes:96
15:07:50.0 (4804109)|HEAP_ALLOCATE|[EXTERNAL]|Bytes:6
15:07:50.0 (4809894)|METHOD_ENTRY|[1]|01p46000002ySm2|SaveAsPdfExtension.SaveAsPdfExtension()
15:07:50.0 (4812152)|STATEMENT_EXECUTE|[1]
15:07:50.0 (4815122)|STATEMENT_EXECUTE|[1]
15:07:50.0 (4818845)|METHOD_EXIT|[1]|SaveAsPdfExtension
15:07:50.0 (4827961)|HEAP_ALLOCATE|[EXTERNAL]|Bytes:8
15:07:50.0 (4830390)|HEAP_ALLOCATE|[EXTERNAL]|Bytes:24
15:07:50.0 (4833452)|VARIABLE_SCOPE_BEGIN|[4]|this|SaveAsPdfExtension|true|false
15:07:50.0 (4845528)|VARIABLE_ASSIGNMENT|[4]|this|{}|0x74ebfd02
15:07:50.0 (4847926)|VARIABLE_SCOPE_BEGIN|[4]|controller|ExpenseController|true|false
15:07:50.0 (4862597)|VARIABLE_ASSIGNMENT|[4]|controller|{"CountTotalRecords":7,"OffsetSize":0,"QueryLimit":3,"queryString":""}|0x10419055
15:07:50.0 (4867302)|STATEMENT_EXECUTE|[1]
15:07:50.0 (4868592)|STATEMENT_EXECUTE|[7]
15:07:50.0 (4880583)|STATEMENT_EXECUTE|[4]
15:07:50.0 (4912748)|SYSTEM_MODE_ENTER|true
15:07:50.0 (5441071)|SYSTEM_MODE_ENTER|true
15:07:50.0 (5473754)|HEAP_ALLOCATE|[EXTERNAL]|Bytes:24
15:07:50.0 (5480294)|VARIABLE_SCOPE_BEGIN|[17]|this|ExpenseController|true|false
15:07:50.0 (5501431)|VARIABLE_ASSIGNMENT|[17]|this|{"CountTotalRecords":7,"OffsetSize":0,"QueryLimit":3,"queryString":""}|0x10419055
15:07:50.0 (5508588)|STATEMENT_EXECUTE|[17]
15:07:50.0 (5509904)|STATEMENT_EXECUTE|[19]
15:07:50.0 (5513592)|HEAP_ALLOCATE|[19]|Bytes:161
15:07:50.0 (5519164)|HEAP_ALLOCATE|[22]|Bytes:33
15:07:50.0 (5563469)|HEAP_ALLOCATE|[22]|Bytes:1
15:07:50.0 (5572386)|HEAP_ALLOCATE|[22]|Bytes:8
15:07:50.0 (5580548)|HEAP_ALLOCATE|[22]|Bytes:1
15:07:50.0 (5592215)|HEAP_ALLOCATE|[19]|Bytes:204
15:07:50.0 (5971978)|SOQL_EXECUTE_BEGIN|[19]|Aggregations:0|SELECT Category__c, RecordType.Name, Amount__c, Tax__c, Client_Company__c, Submitted__c, Employee__r.Id, Employee__r.Name, Employee__r.Birthdate FROM Expense__c  ORDER BY Employee__r.Name LIMIT 3 OFFSET 0
15:07:50.0 (14494902)|SOQL_EXECUTE_END|[19]|Rows:3
15:07:50.0 (14510289)|HEAP_ALLOCATE|[19]|Bytes:16
15:07:50.0 (14551662)|HEAP_ALLOCATE|[19]|Bytes:895
15:07:50.0 (14604294)|HEAP_ALLOCATE|[19]|Bytes:16
15:07:50.0 (14628855)|VARIABLE_SCOPE_BEGIN|[19]|results|List<Expense__c>|true|false
15:07:50.0 (14692699)|VARIABLE_ASSIGNMENT|[19]|results|[{"Category__c":"Transportation","RecordTypeId":"012460000005G1FAAU","Amount__c":3500,"Tax__c":455.00,"Submitted__c":true,"Employee__c":"00346000002ojVWAAY","Id":"a0F46000000FBblEAG","RecordType":{"Name":"Business Trips","Id":"012460000005G1FAAU"},"Employee__r":{"Id":"00346000002ojVWAAY","Name":"Carol Ruiz","Birthdate":"2017-10-09T00:00:00.000Z"}},{"RecordTypeId":"012460000005G1FAAU","Amount__c":3000,"Tax__c":390.00,"Submitted__c":true,"Employee__c":"00346000002ojVWAAY","Id":"a0F46000000Fp6rEAC","RecordType":{"Name":"Business Trips","Id":"012460000005G1FAAU"},"Employee__r":{"Id":"00346000002ojVWAAY","Name":"Carol Ruiz","Birthdate":"2017-10-09T00:00:00.000Z"}},{"Category__c":"Event Registration","RecordTypeId":"012460000005G1FAAU","Amount__c":3499,"Tax__c":454.87,"Submitted__c":true,"Employee__c":"00346000002ojVWAAY","Id":"a0F46000000Fp76EAC","RecordType":{"Name":"Business Trips","Id":"012460000005G1FAAU"},"Employee__r":{"Id":"00346000002ojVWAAY","Name":"Carol Ruiz","Birthdate":"2017-10-09T00:00:00.000Z"}}]|0x5737648d
15:07:50.0 (14703014)|STATEMENT_EXECUTE|[25]
15:07:50.0 (14708652)|HEAP_ALLOCATE|[25]|Bytes:4
15:07:50.0 (14796601)|VARIABLE_ASSIGNMENT|[EXTERNAL]|this|{"CountTotalRecords":7,"OffsetSize":0,"QueryLimit":3,"queryString":""}|0x10419055
15:07:50.0 (14813328)|HEAP_ALLOCATE|[EXTERNAL]|Bytes:4
15:07:50.0 (14819281)|VARIABLE_ASSIGNMENT|[EXTERNAL]|value|[]|0x15783a20
15:07:50.0 (14828329)|VARIABLE_ASSIGNMENT|[14]|this.wrappedExpenses|[]|0x10419055
15:07:50.0 (15008200)|HEAP_ALLOCATE|[26]|Bytes:5
15:07:50.0 (15060878)|HEAP_ALLOCATE|[26]|Bytes:40
15:07:50.0 (15073749)|VARIABLE_SCOPE_BEGIN|[26]|ex|Expense__c|true|false
15:07:50.0 (15099666)|VARIABLE_ASSIGNMENT|[26]|ex|{"Category__c":"Transportation","RecordTypeId":"012460000005G1FAAU","Amount__c":3500,"Tax__c":455.00,"Submitted__c":true,"Employee__c":"00346000002ojVWAAY","Id":"a0F46000000FBblEAG","RecordType":{"Name":"Business Trips","Id":"012460000005G1FAAU"},"Employee__r":{"Id":"00346000002ojVWAAY","Name":"Carol Ruiz","Birthdate":"2017-10-09T00:00:00.000Z"}}|0x295ec5df
15:07:50.0 (15104437)|STATEMENT_EXECUTE|[26]
15:07:50.0 (15105792)|STATEMENT_EXECUTE|[28]
15:07:50.0 (15151027)|VARIABLE_ASSIGNMENT|[EXTERNAL]|this|{"CountTotalRecords":7,"OffsetSize":0,"QueryLimit":3,"queryString":"","wrappedExpenses":"0x15783a20"}|0x10419055
15:07:50.0 (15170862)|HEAP_ALLOCATE|[28]|Bytes:112
15:07:50.0 (15175249)|HEAP_ALLOCATE|[28]|Bytes:5
15:07:50.0 (15187411)|METHOD_ENTRY|[1]|01p46000003buu6|ExpenseWrapper.ExpenseWrapper()
15:07:50.0 (15189966)|STATEMENT_EXECUTE|[1]
15:07:50.0 (15192578)|STATEMENT_EXECUTE|[1]
15:07:50.0 (15196352)|METHOD_EXIT|[1]|ExpenseWrapper
15:07:50.0 (15208977)|HEAP_ALLOCATE|[28]|Bytes:12
15:07:50.0 (15222501)|CONSTRUCTOR_ENTRY|[28]|01p46000003buu6|<init>(Expense__c,Boolean)
15:07:50.0 (15232163)|VARIABLE_SCOPE_BEGIN|[6]|this|ExpenseWrapper|true|false
15:07:50.0 (15244389)|VARIABLE_ASSIGNMENT|[6]|this|{}|0x5da578f
15:07:50.0 (15247423)|VARIABLE_SCOPE_BEGIN|[6]|ex|Expense__c|true|false
15:07:50.0 (15265340)|VARIABLE_ASSIGNMENT|[6]|ex|{"Category__c":"Transportation","RecordTypeId":"012460000005G1FAAU","Amount__c":3500,"Tax__c":455.00,"Submitted__c":true,"Employee__c":"00346000002ojVWAAY","Id":"a0F46000000FBblEAG","RecordType":{"Name":"Business Trips","Id":"012460000005G1FAAU"},"Employee__r":{"Id":"00346000002ojVWAAY","Name":"Carol Ruiz","Birthdate":"2017-10-09T00:00:00.000Z"}}|0x295ec5df
15:07:50.0 (15276003)|VARIABLE_SCOPE_BEGIN|[6]|check|Boolean|false|false
15:07:50.0 (15280822)|VARIABLE_ASSIGNMENT|[6]|check|false
15:07:50.0 (15283349)|STATEMENT_EXECUTE|[1]
15:07:50.0 (15284600)|STATEMENT_EXECUTE|[3]
15:07:50.0 (15285738)|STATEMENT_EXECUTE|[4]
15:07:50.0 (15297078)|STATEMENT_EXECUTE|[6]
15:07:50.0 (15298229)|STATEMENT_EXECUTE|[8]
15:07:50.0 (15358122)|VARIABLE_ASSIGNMENT|[EXTERNAL]|this|{}|0x5da578f
15:07:50.0 (15376221)|VARIABLE_ASSIGNMENT|[EXTERNAL]|value|{"Category__c":"Transportation","RecordTypeId":"012460000005G1FAAU","Amount__c":3500,"Tax__c":455.00,"Submitted__c":true,"Employee__c":"00346000002ojVWAAY","Id":"a0F46000000FBblEAG","RecordType":{"Name":"Business Trips","Id":"012460000005G1FAAU"},"Employee__r":{"Id":"00346000002ojVWAAY","Name":"Carol Ruiz","Birthdate":"2017-10-09T00:00:00.000Z"}}|0x295ec5df
15:07:50.0 (15393841)|VARIABLE_ASSIGNMENT|[3]|this.expense|{"Category__c":"Transportation","RecordTypeId":"012460000005G1FAAU","Amount__c":3500,"Tax__c":455.00,"Submitted__c":true,"Employee__c":"00346000002ojVWAAY","Id":"a0F46000000FBblEAG","RecordType":{"Name":"Business Trips","Id":"012460000005G1FAAU"},"Employee__r":{"Id":"00346000002ojVWAAY","Name":"Carol Ruiz","Birthdate":"2017-10-09T00:00:00.000Z"}}|0x5da578f
15:07:50.0 (15401772)|STATEMENT_EXECUTE|[9]
15:07:50.0 (15432129)|VARIABLE_ASSIGNMENT|[EXTERNAL]|this|{"expense":"0x295ec5df"}|0x5da578f
15:07:50.0 (15438194)|VARIABLE_ASSIGNMENT|[EXTERNAL]|value|false
15:07:50.0 (15442413)|HEAP_ALLOCATE|[4]|Bytes:5
15:07:50.0 (15447440)|VARIABLE_ASSIGNMENT|[4]|this.checked|false|0x5da578f
15:07:50.0 (15456039)|CONSTRUCTOR_EXIT|[28]|01p46000003buu6|<init>(Expense__c,Boolean)
15:07:50.0 (15469377)|HEAP_ALLOCATE|[EXTERNAL]|Bytes:4
15:07:50.0 (15479280)|HEAP_ALLOCATE|[26]|Bytes:5
15:07:50.0 (15502324)|HEAP_ALLOCATE|[26]|Bytes:36
15:07:50.0 (15508296)|VARIABLE_SCOPE_BEGIN|[26]|ex|Expense__c|true|false
15:07:50.0 (15525855)|VARIABLE_ASSIGNMENT|[26]|ex|{"RecordTypeId":"012460000005G1FAAU","Amount__c":3000,"Tax__c":390.00,"Submitted__c":true,"Employee__c":"00346000002ojVWAAY","Id":"a0F46000000Fp6rEAC","RecordType":{"Name":"Business Trips","Id":"012460000005G1FAAU"},"Employee__r":{"Id":"00346000002ojVWAAY","Name":"Carol Ruiz","Birthdate":"2017-10-09T00:00:00.000Z"}}|0x32108b77
15:07:50.0 (15529924)|STATEMENT_EXECUTE|[26]
15:07:50.0 (15531102)|STATEMENT_EXECUTE|[28]
15:07:50.0 (15552832)|VARIABLE_ASSIGNMENT|[EXTERNAL]|this|{"CountTotalRecords":7,"OffsetSize":0,"QueryLimit":3,"queryString":"","wrappedExpenses":"0x15783a20"}|0x10419055
15:07:50.0 (15561200)|HEAP_ALLOCATE|[28]|Bytes:12
15:07:50.0 (15568520)|CONSTRUCTOR_ENTRY|[28]|01p46000003buu6|<init>(Expense__c,Boolean)
15:07:50.0 (15571588)|VARIABLE_SCOPE_BEGIN|[6]|this|ExpenseWrapper|true|false
15:07:50.0 (15579153)|VARIABLE_ASSIGNMENT|[6]|this|{}|0x731fe76c
15:07:50.0 (15580746)|VARIABLE_SCOPE_BEGIN|[6]|ex|Expense__c|true|false
15:07:50.0 (15593057)|VARIABLE_ASSIGNMENT|[6]|ex|{"RecordTypeId":"012460000005G1FAAU","Amount__c":3000,"Tax__c":390.00,"Submitted__c":true,"Employee__c":"00346000002ojVWAAY","Id":"a0F46000000Fp6rEAC","RecordType":{"Name":"Business Trips","Id":"012460000005G1FAAU"},"Employee__r":{"Id":"00346000002ojVWAAY","Name":"Carol Ruiz","Birthdate":"2017-10-09T00:00:00.000Z"}}|0x32108b77
15:07:50.0 (15597533)|VARIABLE_SCOPE_BEGIN|[6]|check|Boolean|false|false
15:07:50.0 (15600448)|VARIABLE_ASSIGNMENT|[6]|check|false
15:07:50.0 (15602668)|STATEMENT_EXECUTE|[1]
15:07:50.0 (15603824)|STATEMENT_EXECUTE|[3]
15:07:50.0 (15604855)|STATEMENT_EXECUTE|[4]
15:07:50.0 (15613035)|STATEMENT_EXECUTE|[6]
15:07:50.0 (15614072)|STATEMENT_EXECUTE|[8]
15:07:50.0 (15623375)|VARIABLE_ASSIGNMENT|[EXTERNAL]|this|{}|0x731fe76c
15:07:50.0 (15635985)|VARIABLE_ASSIGNMENT|[EXTERNAL]|value|{"RecordTypeId":"012460000005G1FAAU","Amount__c":3000,"Tax__c":390.00,"Submitted__c":true,"Employee__c":"00346000002ojVWAAY","Id":"a0F46000000Fp6rEAC","RecordType":{"Name":"Business Trips","Id":"012460000005G1FAAU"},"Employee__r":{"Id":"00346000002ojVWAAY","Name":"Carol Ruiz","Birthdate":"2017-10-09T00:00:00.000Z"}}|0x32108b77
15:07:50.0 (15649641)|VARIABLE_ASSIGNMENT|[3]|this.expense|{"RecordTypeId":"012460000005G1FAAU","Amount__c":3000,"Tax__c":390.00,"Submitted__c":true,"Employee__c":"00346000002ojVWAAY","Id":"a0F46000000Fp6rEAC","RecordType":{"Name":"Business Trips","Id":"012460000005G1FAAU"},"Employee__r":{"Id":"00346000002ojVWAAY","Name":"Carol Ruiz","Birthdate":"2017-10-09T00:00:00.000Z"}}|0x731fe76c
15:07:50.0 (15654525)|STATEMENT_EXECUTE|[9]
15:07:50.0 (15664192)|VARIABLE_ASSIGNMENT|[EXTERNAL]|this|{"expense":"0x32108b77"}|0x731fe76c
15:07:50.0 (15668240)|VARIABLE_ASSIGNMENT|[EXTERNAL]|value|false
15:07:50.0 (15670864)|HEAP_ALLOCATE|[4]|Bytes:5
15:07:50.0 (15674204)|VARIABLE_ASSIGNMENT|[4]|this.checked|false|0x731fe76c
15:07:50.0 (15680953)|CONSTRUCTOR_EXIT|[28]|01p46000003buu6|<init>(Expense__c,Boolean)
15:07:50.0 (15687047)|HEAP_ALLOCATE|[EXTERNAL]|Bytes:4
15:07:50.0 (15694932)|HEAP_ALLOCATE|[26]|Bytes:5
15:07:50.0 (15712646)|HEAP_ALLOCATE|[26]|Bytes:40
15:07:50.0 (15717264)|VARIABLE_SCOPE_BEGIN|[26]|ex|Expense__c|true|false
15:07:50.0 (15734082)|VARIABLE_ASSIGNMENT|[26]|ex|{"Category__c":"Event Registration","RecordTypeId":"012460000005G1FAAU","Amount__c":3499,"Tax__c":454.87,"Submitted__c":true,"Employee__c":"00346000002ojVWAAY","Id":"a0F46000000Fp76EAC","RecordType":{"Name":"Business Trips","Id":"012460000005G1FAAU"},"Employee__r":{"Id":"00346000002ojVWAAY","Name":"Carol Ruiz","Birthdate":"2017-10-09T00:00:00.000Z"}}|0x653d163a
15:07:50.0 (15738312)|STATEMENT_EXECUTE|[26]
15:07:50.0 (15739467)|STATEMENT_EXECUTE|[28]
15:07:50.0 (15759150)|VARIABLE_ASSIGNMENT|[EXTERNAL]|this|{"CountTotalRecords":7,"OffsetSize":0,"QueryLimit":3,"queryString":"","wrappedExpenses":"0x15783a20"}|0x10419055
15:07:50.0 (15766092)|HEAP_ALLOCATE|[28]|Bytes:12
15:07:50.0 (15772760)|CONSTRUCTOR_ENTRY|[28]|01p46000003buu6|<init>(Expense__c,Boolean)
15:07:50.0 (15775143)|VARIABLE_SCOPE_BEGIN|[6]|this|ExpenseWrapper|true|false
15:07:50.0 (15781858)|VARIABLE_ASSIGNMENT|[6]|this|{}|0x5b5371aa
15:07:50.0 (15783346)|VARIABLE_SCOPE_BEGIN|[6]|ex|Expense__c|true|false
15:07:50.0 (15796347)|VARIABLE_ASSIGNMENT|[6]|ex|{"Category__c":"Event Registration","RecordTypeId":"012460000005G1FAAU","Amount__c":3499,"Tax__c":454.87,"Submitted__c":true,"Employee__c":"00346000002ojVWAAY","Id":"a0F46000000Fp76EAC","RecordType":{"Name":"Business Trips","Id":"012460000005G1FAAU"},"Employee__r":{"Id":"00346000002ojVWAAY","Name":"Carol Ruiz","Birthdate":"2017-10-09T00:00:00.000Z"}}|0x653d163a
15:07:50.0 (15800811)|VARIABLE_SCOPE_BEGIN|[6]|check|Boolean|false|false
15:07:50.0 (15803615)|VARIABLE_ASSIGNMENT|[6]|check|false
15:07:50.0 (15805416)|STATEMENT_EXECUTE|[1]
15:07:50.0 (15806471)|STATEMENT_EXECUTE|[3]
15:07:50.0 (15807540)|STATEMENT_EXECUTE|[4]
15:07:50.0 (15814921)|STATEMENT_EXECUTE|[6]
15:07:50.0 (15816066)|STATEMENT_EXECUTE|[8]
15:07:50.0 (15824686)|VARIABLE_ASSIGNMENT|[EXTERNAL]|this|{}|0x5b5371aa
15:07:50.0 (15836998)|VARIABLE_ASSIGNMENT|[EXTERNAL]|value|{"Category__c":"Event Registration","RecordTypeId":"012460000005G1FAAU","Amount__c":3499,"Tax__c":454.87,"Submitted__c":true,"Employee__c":"00346000002ojVWAAY","Id":"a0F46000000Fp76EAC","RecordType":{"Name":"Business Trips","Id":"012460000005G1FAAU"},"Employee__r":{"Id":"00346000002ojVWAAY","Name":"Carol Ruiz","Birthdate":"2017-10-09T00:00:00.000Z"}}|0x653d163a
15:07:50.0 (15850294)|VARIABLE_ASSIGNMENT|[3]|this.expense|{"Category__c":"Event Registration","RecordTypeId":"012460000005G1FAAU","Amount__c":3499,"Tax__c":454.87,"Submitted__c":true,"Employee__c":"00346000002ojVWAAY","Id":"a0F46000000Fp76EAC","RecordType":{"Name":"Business Trips","Id":"012460000005G1FAAU"},"Employee__r":{"Id":"00346000002ojVWAAY","Name":"Carol Ruiz","Birthdate":"2017-10-09T00:00:00.000Z"}}|0x5b5371aa
15:07:50.0 (15854981)|STATEMENT_EXECUTE|[9]
15:07:50.0 (15863889)|VARIABLE_ASSIGNMENT|[EXTERNAL]|this|{"expense":"0x653d163a"}|0x5b5371aa
15:07:50.0 (15867645)|VARIABLE_ASSIGNMENT|[EXTERNAL]|value|false
15:07:50.0 (15870260)|HEAP_ALLOCATE|[4]|Bytes:5
15:07:50.0 (15873417)|VARIABLE_ASSIGNMENT|[4]|this.checked|false|0x5b5371aa
15:07:50.0 (15879663)|CONSTRUCTOR_EXIT|[28]|01p46000003buu6|<init>(Expense__c,Boolean)
15:07:50.0 (15885344)|HEAP_ALLOCATE|[EXTERNAL]|Bytes:4
15:07:50.0 (15892938)|HEAP_ALLOCATE|[26]|Bytes:5
15:07:50.0 (15899925)|VARIABLE_ASSIGNMENT|[26]|ex|null|
15:07:50.0 (15902131)|STATEMENT_EXECUTE|[32]
15:07:50.0 (15928464)|VARIABLE_ASSIGNMENT|[EXTERNAL]|this|{"CountTotalRecords":7,"OffsetSize":0,"QueryLimit":3,"queryString":"","wrappedExpenses":"0x15783a20"}|0x10419055
15:07:50.0 (22953100)|SYSTEM_MODE_ENTER|true
15:07:50.0 (23012068)|HEAP_ALLOCATE|[EXTERNAL]|Bytes:24
15:07:50.0 (23021756)|VARIABLE_SCOPE_BEGIN|[107]|this|ExpenseController|true|false
15:07:50.0 (23067257)|VARIABLE_ASSIGNMENT|[107]|this|{"CountTotalRecords":7,"OffsetSize":0,"QueryLimit":3,"queryString":"","wrappedExpenses":"0x15783a20"}|0x10419055
15:07:50.0 (23077832)|STATEMENT_EXECUTE|[107]
15:07:50.0 (23085633)|STATEMENT_EXECUTE|[111]
15:07:50.0 (23091905)|HEAP_ALLOCATE|[111]|Bytes:5
15:07:50.0 (23306177)|SYSTEM_MODE_ENTER|true
15:07:50.0 (23333056)|HEAP_ALLOCATE|[EXTERNAL]|Bytes:24
15:07:50.0 (23343908)|VARIABLE_SCOPE_BEGIN|[114]|this|ExpenseController|true|false
15:07:50.0 (23367244)|VARIABLE_ASSIGNMENT|[114]|this|{"CountTotalRecords":7,"OffsetSize":0,"QueryLimit":3,"queryString":"","wrappedExpenses":"0x15783a20"}|0x10419055
15:07:50.0 (23373966)|STATEMENT_EXECUTE|[114]
15:07:50.0 (23412626)|VARIABLE_ASSIGNMENT|[EXTERNAL]|this|{"CountTotalRecords":7,"OffsetSize":0,"QueryLimit":3,"queryString":"","wrappedExpenses":"0x15783a20"}|0x10419055
15:07:50.0 (23421650)|STATEMENT_EXECUTE|[115]
15:07:50.0 (23423083)|STATEMENT_EXECUTE|[116]
15:07:50.0 (23428406)|HEAP_ALLOCATE|[116]|Bytes:5
15:07:50.0 (30809042)|VF_SERIALIZE_VIEWSTATE_BEGIN|06646000001BW08
15:07:50.0 (41106122)|VF_SERIALIZE_VIEWSTATE_END
15:07:50.0 (52955320)|CODE_UNIT_STARTED|[EXTERNAL]|Generate Metadata
15:07:50.0 (54325804)|CODE_UNIT_FINISHED|Generate Metadata
15:07:50.56 (56570091)|CUMULATIVE_LIMIT_USAGE
15:07:50.56 (56570091)|LIMIT_USAGE_FOR_NS|(default)|
  Number of SOQL queries: 2 out of 100
  Number of query rows: 10 out of 50000
  Number of SOSL queries: 0 out of 20
  Number of DML statements: 0 out of 150
  Number of DML rows: 0 out of 10000
  Maximum CPU time: 0 out of 10000
  Maximum heap size: 0 out of 6000000
  Number of callouts: 0 out of 100
  Number of Email Invocations: 0 out of 10
  Number of future calls: 0 out of 50
  Number of queueable jobs added to the queue: 0 out of 50
  Number of Mobile Apex push calls: 0 out of 10

15:07:50.56 (56570091)|CUMULATIVE_LIMIT_USAGE_END

15:07:50.0 (56602531)|CODE_UNIT_FINISHED|VF: /apex/ListOfEmployees
15:07:50.0 (57349289)|EXECUTION_FINISHED
