39.0 APEX_CODE,FINEST;APEX_PROFILING,INFO;CALLOUT,INFO;DB,INFO;SYSTEM,DEBUG;VALIDATION,INFO;VISUALFORCE,INFO;WAVE,INFO;WORKFLOW,INFO
16:25:02.0 (289136)|USER_INFO|[EXTERNAL]|00546000000Iihs|pacosta@altimetrik.com|Argentine Time|GMT-03:00
16:25:02.0 (317936)|EXECUTION_STARTED
16:25:02.0 (321958)|CODE_UNIT_STARTED|[EXTERNAL]|06646000001BW08|VF: /apex/ListOfEmployees
16:25:02.0 (856840)|VF_DESERIALIZE_VIEWSTATE_BEGIN|06646000001BW08
16:25:02.0 (7149942)|HEAP_ALLOCATE|[72]|Bytes:3
16:25:02.0 (7194634)|HEAP_ALLOCATE|[77]|Bytes:152
16:25:02.0 (7208030)|HEAP_ALLOCATE|[342]|Bytes:408
16:25:02.0 (7221418)|HEAP_ALLOCATE|[355]|Bytes:408
16:25:02.0 (7234235)|HEAP_ALLOCATE|[467]|Bytes:48
16:25:02.0 (7259475)|HEAP_ALLOCATE|[139]|Bytes:6
16:25:02.0 (7281874)|HEAP_ALLOCATE|[50]|Bytes:5
16:25:02.0 (7301232)|HEAP_ALLOCATE|[56]|Bytes:5
16:25:02.0 (7306856)|HEAP_ALLOCATE|[64]|Bytes:7
16:25:02.0 (8326576)|VF_DESERIALIZE_VIEWSTATE_END
16:25:02.0 (9561332)|SYSTEM_MODE_ENTER|true
16:25:02.0 (9793879)|HEAP_ALLOCATE|[EXTERNAL]|Bytes:14
16:25:02.0 (9799798)|HEAP_ALLOCATE|[EXTERNAL]|Bytes:96
16:25:02.0 (9801932)|HEAP_ALLOCATE|[EXTERNAL]|Bytes:21
16:25:02.0 (9809308)|METHOD_ENTRY|[1]|01p46000002wayn|ExpenseController.ExpenseController()
16:25:02.0 (9813892)|STATEMENT_EXECUTE|[1]
16:25:02.0 (9819129)|STATEMENT_EXECUTE|[1]
16:25:02.0 (9820792)|STATEMENT_EXECUTE|[76]
16:25:02.0 (9825760)|METHOD_EXIT|[1]|ExpenseController
16:25:02.0 (9834095)|HEAP_ALLOCATE|[EXTERNAL]|Bytes:12
16:25:02.0 (9840764)|VARIABLE_SCOPE_BEGIN|[8]|this|ExpenseController|true|false
16:25:02.0 (9895976)|VARIABLE_ASSIGNMENT|[8]|this|{"queryString":"WHERE Submitted__c = (5 more) ...","wrappedExpenses":"0x558e215b"}|0x7a11b912
16:25:02.0 (9905255)|STATEMENT_EXECUTE|[8]
16:25:02.0 (9906842)|STATEMENT_EXECUTE|[10]
16:25:02.0 (9910335)|HEAP_ALLOCATE|[10]|Bytes:161
16:25:02.0 (9931099)|HEAP_ALLOCATE|[10]|Bytes:186
16:25:02.0 (12554213)|SOQL_EXECUTE_BEGIN|[10]|Aggregations:0|SELECT Category__c, RecordType.Name, Amount__c, Tax__c, Client_Company__c, Submitted__c, Employee__r.Id, Employee__r.Name, Employee__r.Birthdate FROM Expense__c WHERE Submitted__c = true
16:25:02.0 (21668135)|SOQL_EXECUTE_END|[10]|Rows:2
16:25:02.0 (21692383)|HEAP_ALLOCATE|[10]|Bytes:12
16:25:02.0 (21737819)|HEAP_ALLOCATE|[10]|Bytes:626
16:25:02.0 (21797066)|HEAP_ALLOCATE|[10]|Bytes:12
16:25:02.0 (21816449)|VARIABLE_SCOPE_BEGIN|[10]|results|List<Expense__c>|true|false
16:25:02.0 (21880095)|VARIABLE_ASSIGNMENT|[10]|results|[{"RecordTypeId":"012460000005G1FAAU","Amount__c":3000,"Tax__c":390.00,"Submitted__c":true,"Employee__c":"00346000002ojVWAAY","Id":"a0F46000000Fp6rEAC","RecordType":{"Name":"Business Trips","Id":"012460000005G1FAAU"},"Employee__r":{"Id":"00346000002ojVWAAY","Name":"Carol Ruiz","Birthdate":"2017-10-09T00:00:00.000Z"}},{"Category__c":"Event Registration","RecordTypeId":"012460000005G1FAAU","Amount__c":3499,"Tax__c":454.87,"Submitted__c":true,"Employee__c":"00346000002ojVWAAY","Id":"a0F46000000Fp76EAC","RecordType":{"Name":"Business Trips","Id":"012460000005G1FAAU"},"Employee__r":{"Id":"00346000002ojVWAAY","Name":"Carol Ruiz","Birthdate":"2017-10-09T00:00:00.000Z"}}]|0x30bfa48
16:25:02.0 (22108886)|HEAP_ALLOCATE|[14]|Bytes:5
16:25:02.0 (22152576)|HEAP_ALLOCATE|[14]|Bytes:36
16:25:02.0 (22163397)|VARIABLE_SCOPE_BEGIN|[14]|ex|Expense__c|true|false
16:25:02.0 (22190893)|VARIABLE_ASSIGNMENT|[14]|ex|{"RecordTypeId":"012460000005G1FAAU","Amount__c":3000,"Tax__c":390.00,"Submitted__c":true,"Employee__c":"00346000002ojVWAAY","Id":"a0F46000000Fp6rEAC","RecordType":{"Name":"Business Trips","Id":"012460000005G1FAAU"},"Employee__r":{"Id":"00346000002ojVWAAY","Name":"Carol Ruiz","Birthdate":"2017-10-09T00:00:00.000Z"}}|0x74262f90
16:25:02.0 (22197991)|STATEMENT_EXECUTE|[14]
16:25:02.0 (22199720)|STATEMENT_EXECUTE|[15]
16:25:02.0 (22205711)|HEAP_ALLOCATE|[15]|Bytes:4
16:25:02.0 (22289505)|VARIABLE_ASSIGNMENT|[EXTERNAL]|this|{"queryString":"WHERE Submitted__c = (5 more) ...","wrappedExpenses":"0x558e215b"}|0x7a11b912
16:25:02.0 (22309305)|HEAP_ALLOCATE|[EXTERNAL]|Bytes:4
16:25:02.0 (22315643)|VARIABLE_ASSIGNMENT|[EXTERNAL]|value|[]|0x458ea986
16:25:02.0 (22325048)|VARIABLE_ASSIGNMENT|[5]|this.wrappedExpenses|[]|0x7a11b912
16:25:02.0 (22332122)|STATEMENT_EXECUTE|[16]
16:25:02.0 (22362442)|VARIABLE_ASSIGNMENT|[EXTERNAL]|this|{"queryString":"WHERE Submitted__c = (5 more) ...","wrappedExpenses":"0x458ea986"}|0x7a11b912
16:25:02.0 (22374126)|HEAP_ALLOCATE|[16]|Bytes:116
16:25:02.0 (22378932)|HEAP_ALLOCATE|[16]|Bytes:8
16:25:02.0 (22387376)|HEAP_ALLOCATE|[16]|Bytes:12
16:25:02.0 (22404000)|CONSTRUCTOR_ENTRY|[16]|01p46000002wayn|<init>(Expense__c,Boolean)
16:25:02.0 (22413814)|VARIABLE_SCOPE_BEGIN|[81]|this|ExpenseController.ExpenseWrapper|true|false
16:25:02.0 (22435271)|VARIABLE_ASSIGNMENT|[81]|this|{}|0x4abbbc0a
16:25:02.0 (22438156)|VARIABLE_SCOPE_BEGIN|[81]|ex|Expense__c|true|false
16:25:02.0 (22459841)|VARIABLE_ASSIGNMENT|[81]|ex|{"RecordTypeId":"012460000005G1FAAU","Amount__c":3000,"Tax__c":390.00,"Submitted__c":true,"Employee__c":"00346000002ojVWAAY","Id":"a0F46000000Fp6rEAC","RecordType":{"Name":"Business Trips","Id":"012460000005G1FAAU"},"Employee__r":{"Id":"00346000002ojVWAAY","Name":"Carol Ruiz","Birthdate":"2017-10-09T00:00:00.000Z"}}|0x74262f90
16:25:02.0 (22468422)|VARIABLE_SCOPE_BEGIN|[81]|check|Boolean|false|false
16:25:02.0 (22473367)|VARIABLE_ASSIGNMENT|[81]|check|false
16:25:02.0 (22478732)|STATEMENT_EXECUTE|[76]
16:25:02.0 (22480215)|STATEMENT_EXECUTE|[78]
16:25:02.0 (22481815)|STATEMENT_EXECUTE|[79]
16:25:02.0 (22488295)|HEAP_ALLOCATE|[83]|Bytes:6
16:25:02.0 (22525097)|STATEMENT_EXECUTE|[81]
16:25:02.0 (22526823)|STATEMENT_EXECUTE|[83]
16:25:02.0 (22577133)|VARIABLE_ASSIGNMENT|[EXTERNAL]|this|{}|0x4abbbc0a
16:25:02.0 (22595620)|VARIABLE_ASSIGNMENT|[EXTERNAL]|value|{"RecordTypeId":"012460000005G1FAAU","Amount__c":3000,"Tax__c":390.00,"Submitted__c":true,"Employee__c":"00346000002ojVWAAY","Id":"a0F46000000Fp6rEAC","RecordType":{"Name":"Business Trips","Id":"012460000005G1FAAU"},"Employee__r":{"Id":"00346000002ojVWAAY","Name":"Carol Ruiz","Birthdate":"2017-10-09T00:00:00.000Z"}}|0x74262f90
16:25:02.0 (22611783)|VARIABLE_ASSIGNMENT|[78]|this.expense|{"RecordTypeId":"012460000005G1FAAU","Amount__c":3000,"Tax__c":390.00,"Submitted__c":true,"Employee__c":"00346000002ojVWAAY","Id":"a0F46000000Fp6rEAC","RecordType":{"Name":"Business Trips","Id":"012460000005G1FAAU"},"Employee__r":{"Id":"00346000002ojVWAAY","Name":"Carol Ruiz","Birthdate":"2017-10-09T00:00:00.000Z"}}|0x4abbbc0a
16:25:02.0 (22619045)|STATEMENT_EXECUTE|[84]
16:25:02.0 (22648703)|VARIABLE_ASSIGNMENT|[EXTERNAL]|this|{"expense":"0x74262f90"}|0x4abbbc0a
16:25:02.0 (22654307)|VARIABLE_ASSIGNMENT|[EXTERNAL]|value|false
16:25:02.0 (22658152)|HEAP_ALLOCATE|[79]|Bytes:5
16:25:02.0 (22664727)|VARIABLE_ASSIGNMENT|[79]|this.checked|false|0x4abbbc0a
16:25:02.0 (22677028)|CONSTRUCTOR_EXIT|[16]|01p46000002wayn|<init>(Expense__c,Boolean)
16:25:02.0 (22694324)|HEAP_ALLOCATE|[EXTERNAL]|Bytes:4
16:25:02.0 (22707931)|HEAP_ALLOCATE|[14]|Bytes:5
16:25:02.0 (22731643)|HEAP_ALLOCATE|[14]|Bytes:40
16:25:02.0 (22737519)|VARIABLE_SCOPE_BEGIN|[14]|ex|Expense__c|true|false
16:25:02.0 (22765619)|VARIABLE_ASSIGNMENT|[14]|ex|{"Category__c":"Event Registration","RecordTypeId":"012460000005G1FAAU","Amount__c":3499,"Tax__c":454.87,"Submitted__c":true,"Employee__c":"00346000002ojVWAAY","Id":"a0F46000000Fp76EAC","RecordType":{"Name":"Business Trips","Id":"012460000005G1FAAU"},"Employee__r":{"Id":"00346000002ojVWAAY","Name":"Carol Ruiz","Birthdate":"2017-10-09T00:00:00.000Z"}}|0x514ba95b
16:25:02.0 (22773099)|STATEMENT_EXECUTE|[14]
16:25:02.0 (22775364)|STATEMENT_EXECUTE|[15]
16:25:02.0 (22779992)|HEAP_ALLOCATE|[15]|Bytes:4
16:25:02.0 (22808527)|VARIABLE_ASSIGNMENT|[EXTERNAL]|this|{"queryString":"WHERE Submitted__c = (5 more) ...","wrappedExpenses":"0x458ea986"}|0x7a11b912
16:25:02.0 (22816985)|HEAP_ALLOCATE|[EXTERNAL]|Bytes:4
16:25:02.0 (22821800)|VARIABLE_ASSIGNMENT|[EXTERNAL]|value|[]|0x6855ae9f
16:25:02.0 (22827156)|VARIABLE_ASSIGNMENT|[5]|this.wrappedExpenses|[]|0x7a11b912
16:25:02.0 (22832419)|STATEMENT_EXECUTE|[16]
16:25:02.0 (22844494)|VARIABLE_ASSIGNMENT|[EXTERNAL]|this|{"queryString":"WHERE Submitted__c = (5 more) ...","wrappedExpenses":"0x6855ae9f"}|0x7a11b912
16:25:02.0 (22851803)|HEAP_ALLOCATE|[16]|Bytes:12
16:25:02.0 (22859370)|CONSTRUCTOR_ENTRY|[16]|01p46000002wayn|<init>(Expense__c,Boolean)
16:25:02.0 (22862173)|VARIABLE_SCOPE_BEGIN|[81]|this|ExpenseController.ExpenseWrapper|true|false
16:25:02.0 (22869843)|VARIABLE_ASSIGNMENT|[81]|this|{}|0x791b13fe
16:25:02.0 (22871497)|VARIABLE_SCOPE_BEGIN|[81]|ex|Expense__c|true|false
16:25:02.0 (22887836)|VARIABLE_ASSIGNMENT|[81]|ex|{"Category__c":"Event Registration","RecordTypeId":"012460000005G1FAAU","Amount__c":3499,"Tax__c":454.87,"Submitted__c":true,"Employee__c":"00346000002ojVWAAY","Id":"a0F46000000Fp76EAC","RecordType":{"Name":"Business Trips","Id":"012460000005G1FAAU"},"Employee__r":{"Id":"00346000002ojVWAAY","Name":"Carol Ruiz","Birthdate":"2017-10-09T00:00:00.000Z"}}|0x514ba95b
16:25:02.0 (22892063)|VARIABLE_SCOPE_BEGIN|[81]|check|Boolean|false|false
16:25:02.0 (22894668)|VARIABLE_ASSIGNMENT|[81]|check|false
16:25:02.0 (22897855)|STATEMENT_EXECUTE|[76]
16:25:02.0 (22899166)|STATEMENT_EXECUTE|[78]
16:25:02.0 (22900657)|STATEMENT_EXECUTE|[79]
16:25:02.0 (22909905)|STATEMENT_EXECUTE|[81]
16:25:02.0 (22911181)|STATEMENT_EXECUTE|[83]
16:25:02.0 (22920417)|VARIABLE_ASSIGNMENT|[EXTERNAL]|this|{}|0x791b13fe
16:25:02.0 (22933612)|VARIABLE_ASSIGNMENT|[EXTERNAL]|value|{"Category__c":"Event Registration","RecordTypeId":"012460000005G1FAAU","Amount__c":3499,"Tax__c":454.87,"Submitted__c":true,"Employee__c":"00346000002ojVWAAY","Id":"a0F46000000Fp76EAC","RecordType":{"Name":"Business Trips","Id":"012460000005G1FAAU"},"Employee__r":{"Id":"00346000002ojVWAAY","Name":"Carol Ruiz","Birthdate":"2017-10-09T00:00:00.000Z"}}|0x514ba95b
16:25:02.0 (22946984)|VARIABLE_ASSIGNMENT|[78]|this.expense|{"Category__c":"Event Registration","RecordTypeId":"012460000005G1FAAU","Amount__c":3499,"Tax__c":454.87,"Submitted__c":true,"Employee__c":"00346000002ojVWAAY","Id":"a0F46000000Fp76EAC","RecordType":{"Name":"Business Trips","Id":"012460000005G1FAAU"},"Employee__r":{"Id":"00346000002ojVWAAY","Name":"Carol Ruiz","Birthdate":"2017-10-09T00:00:00.000Z"}}|0x791b13fe
16:25:02.0 (22952696)|STATEMENT_EXECUTE|[84]
16:25:02.0 (22966592)|VARIABLE_ASSIGNMENT|[EXTERNAL]|this|{"expense":"0x514ba95b"}|0x791b13fe
16:25:02.0 (22971168)|VARIABLE_ASSIGNMENT|[EXTERNAL]|value|false
16:25:02.0 (22974124)|HEAP_ALLOCATE|[79]|Bytes:5
16:25:02.0 (22977925)|VARIABLE_ASSIGNMENT|[79]|this.checked|false|0x791b13fe
16:25:02.0 (22985025)|CONSTRUCTOR_EXIT|[16]|01p46000002wayn|<init>(Expense__c,Boolean)
16:25:02.0 (22991835)|HEAP_ALLOCATE|[EXTERNAL]|Bytes:4
16:25:02.0 (22999991)|HEAP_ALLOCATE|[14]|Bytes:5
16:25:02.0 (23008221)|VARIABLE_ASSIGNMENT|[14]|ex|null|
16:25:02.0 (23012404)|STATEMENT_EXECUTE|[19]
16:25:02.0 (23036389)|VARIABLE_ASSIGNMENT|[EXTERNAL]|this|{"queryString":"WHERE Submitted__c = (5 more) ...","wrappedExpenses":"0x6855ae9f"}|0x7a11b912
16:25:02.0 (23769576)|HEAP_ALLOCATE|[EXTERNAL]|Bytes:12
16:25:02.0 (23778285)|VARIABLE_SCOPE_BEGIN|[62]|this|ExpenseController|true|false
16:25:02.0 (23797958)|VARIABLE_ASSIGNMENT|[62]|this|{"queryString":"WHERE Submitted__c = (5 more) ...","wrappedExpenses":"0x6855ae9f"}|0x7a11b912
16:25:02.0 (23806298)|STATEMENT_EXECUTE|[62]
16:25:02.0 (23808299)|STATEMENT_EXECUTE|[64]
16:25:02.0 (23811597)|HEAP_ALLOCATE|[64]|Bytes:26
16:25:02.0 (23820015)|VARIABLE_ASSIGNMENT|[64]|this.queryString|"WHERE Submitted__c = (6 more) ..."|0x7a11b912
16:25:02.0 (26894931)|SYSTEM_MODE_ENTER|true
16:25:02.0 (26923205)|HEAP_ALLOCATE|[EXTERNAL]|Bytes:12
16:25:02.0 (26928778)|VARIABLE_SCOPE_BEGIN|[8]|this|ExpenseController|true|false
16:25:02.0 (26949480)|VARIABLE_ASSIGNMENT|[8]|this|{"queryString":"WHERE Submitted__c = (6 more) ...","wrappedExpenses":"0x6855ae9f"}|0x7a11b912
16:25:02.0 (26956448)|STATEMENT_EXECUTE|[8]
16:25:02.0 (26958285)|STATEMENT_EXECUTE|[10]
16:25:02.0 (26968692)|HEAP_ALLOCATE|[10]|Bytes:187
16:25:02.0 (27335526)|SOQL_EXECUTE_BEGIN|[10]|Aggregations:0|SELECT Category__c, RecordType.Name, Amount__c, Tax__c, Client_Company__c, Submitted__c, Employee__r.Id, Employee__r.Name, Employee__r.Birthdate FROM Expense__c WHERE Submitted__c = false
16:25:02.0 (43018016)|SOQL_EXECUTE_END|[10]|Rows:3
16:25:02.0 (43033578)|HEAP_ALLOCATE|[10]|Bytes:16
16:25:02.0 (43068985)|HEAP_ALLOCATE|[10]|Bytes:1066
16:25:02.0 (43090601)|HEAP_ALLOCATE|[10]|Bytes:16
16:25:02.0 (43108690)|VARIABLE_SCOPE_BEGIN|[10]|results|List<Expense__c>|true|false
16:25:02.0 (43165566)|VARIABLE_ASSIGNMENT|[10]|results|[{"Category__c":"Road Meals","RecordTypeId":"012460000005G1KAAU","Amount__c":8900,"Tax__c":1157.00,"Submitted__c":false,"Employee__c":"00346000002ojeGAAQ","Id":"a0F46000000FmUwEAK","RecordType":{"Name":"Client Meetings","Id":"012460000005G1KAAU"},"Employee__r":{"Id":"00346000002ojeGAAQ","Name":"Paolo Smith"}},{"Category__c":"Event Registration","RecordTypeId":"012460000005G1KAAU","Amount__c":5600,"Tax__c":728.00,"Submitted__c":false,"Employee__c":"00346000002oeLWAAY","Id":"a0F46000000FBc6EAG","RecordType":{"Name":"Client Meetings","Id":"012460000005G1KAAU"},"Employee__r":{"Id":"00346000002oeLWAAY","Name":"Paulo Acosta"}},{"Category__c":"Transportation","RecordTypeId":"012460000005G1FAAU","Amount__c":3500,"Tax__c":455.00,"Submitted__c":false,"Employee__c":"00346000002ojVWAAY","Id":"a0F46000000FBblEAG","RecordType":{"Name":"Business Trips","Id":"012460000005G1FAAU"},"Employee__r":{"Id":"00346000002ojVWAAY","Name":"Carol Ruiz","Birthdate":"2017-10-09T00:00:00.000Z"}}]|0x8fe418e
16:25:02.0 (43201209)|HEAP_ALLOCATE|[14]|Bytes:5
16:25:02.0 (43226316)|HEAP_ALLOCATE|[14]|Bytes:40
16:25:02.0 (43234345)|VARIABLE_SCOPE_BEGIN|[14]|ex|Expense__c|true|false
16:25:02.0 (43249014)|VARIABLE_ASSIGNMENT|[14]|ex|{"Category__c":"Road Meals","RecordTypeId":"012460000005G1KAAU","Amount__c":8900,"Tax__c":1157.00,"Submitted__c":false,"Employee__c":"00346000002ojeGAAQ","Id":"a0F46000000FmUwEAK","RecordType":{"Name":"Client Meetings","Id":"012460000005G1KAAU"},"Employee__r":{"Id":"00346000002ojeGAAQ","Name":"Paolo Smith"}}|0x4bf6234f
16:25:02.0 (43254465)|STATEMENT_EXECUTE|[14]
16:25:02.0 (43256107)|STATEMENT_EXECUTE|[15]
16:25:02.0 (43260417)|HEAP_ALLOCATE|[15]|Bytes:4
16:25:02.0 (43291750)|VARIABLE_ASSIGNMENT|[EXTERNAL]|this|{"queryString":"WHERE Submitted__c = (6 more) ...","wrappedExpenses":"0x6855ae9f"}|0x7a11b912
16:25:02.0 (43301299)|HEAP_ALLOCATE|[EXTERNAL]|Bytes:4
16:25:02.0 (43306343)|VARIABLE_ASSIGNMENT|[EXTERNAL]|value|[]|0x4c3d1865
16:25:02.0 (43313099)|VARIABLE_ASSIGNMENT|[5]|this.wrappedExpenses|[]|0x7a11b912
16:25:02.0 (43318773)|STATEMENT_EXECUTE|[16]
16:25:02.0 (43331892)|VARIABLE_ASSIGNMENT|[EXTERNAL]|this|{"queryString":"WHERE Submitted__c = (6 more) ...","wrappedExpenses":"0x4c3d1865"}|0x7a11b912
16:25:02.0 (43340070)|HEAP_ALLOCATE|[16]|Bytes:12
16:25:02.0 (43348968)|CONSTRUCTOR_ENTRY|[16]|01p46000002wayn|<init>(Expense__c,Boolean)
16:25:02.0 (43352060)|VARIABLE_SCOPE_BEGIN|[81]|this|ExpenseController.ExpenseWrapper|true|false
16:25:02.0 (43360468)|VARIABLE_ASSIGNMENT|[81]|this|{}|0x1d537fd0
16:25:02.0 (43361996)|VARIABLE_SCOPE_BEGIN|[81]|ex|Expense__c|true|false
16:25:02.0 (43373180)|VARIABLE_ASSIGNMENT|[81]|ex|{"Category__c":"Road Meals","RecordTypeId":"012460000005G1KAAU","Amount__c":8900,"Tax__c":1157.00,"Submitted__c":false,"Employee__c":"00346000002ojeGAAQ","Id":"a0F46000000FmUwEAK","RecordType":{"Name":"Client Meetings","Id":"012460000005G1KAAU"},"Employee__r":{"Id":"00346000002ojeGAAQ","Name":"Paolo Smith"}}|0x4bf6234f
16:25:02.0 (43377460)|VARIABLE_SCOPE_BEGIN|[81]|check|Boolean|false|false
16:25:02.0 (43380193)|VARIABLE_ASSIGNMENT|[81]|check|false
16:25:02.0 (43383139)|STATEMENT_EXECUTE|[76]
16:25:02.0 (43384492)|STATEMENT_EXECUTE|[78]
16:25:02.0 (43385885)|STATEMENT_EXECUTE|[79]
16:25:02.0 (43398884)|STATEMENT_EXECUTE|[81]
16:25:02.0 (43400309)|STATEMENT_EXECUTE|[83]
16:25:02.0 (43409893)|VARIABLE_ASSIGNMENT|[EXTERNAL]|this|{}|0x1d537fd0
16:25:02.0 (43420376)|VARIABLE_ASSIGNMENT|[EXTERNAL]|value|{"Category__c":"Road Meals","RecordTypeId":"012460000005G1KAAU","Amount__c":8900,"Tax__c":1157.00,"Submitted__c":false,"Employee__c":"00346000002ojeGAAQ","Id":"a0F46000000FmUwEAK","RecordType":{"Name":"Client Meetings","Id":"012460000005G1KAAU"},"Employee__r":{"Id":"00346000002ojeGAAQ","Name":"Paolo Smith"}}|0x4bf6234f
16:25:02.0 (43431946)|VARIABLE_ASSIGNMENT|[78]|this.expense|{"Category__c":"Road Meals","RecordTypeId":"012460000005G1KAAU","Amount__c":8900,"Tax__c":1157.00,"Submitted__c":false,"Employee__c":"00346000002ojeGAAQ","Id":"a0F46000000FmUwEAK","RecordType":{"Name":"Client Meetings","Id":"012460000005G1KAAU"},"Employee__r":{"Id":"00346000002ojeGAAQ","Name":"Paolo Smith"}}|0x1d537fd0
16:25:02.0 (43436919)|STATEMENT_EXECUTE|[84]
16:25:02.0 (43446408)|VARIABLE_ASSIGNMENT|[EXTERNAL]|this|{"expense":"0x4bf6234f"}|0x1d537fd0
16:25:02.0 (43450713)|VARIABLE_ASSIGNMENT|[EXTERNAL]|value|false
16:25:02.0 (43453623)|HEAP_ALLOCATE|[79]|Bytes:5
16:25:02.0 (43456827)|VARIABLE_ASSIGNMENT|[79]|this.checked|false|0x1d537fd0
16:25:02.0 (43469021)|CONSTRUCTOR_EXIT|[16]|01p46000002wayn|<init>(Expense__c,Boolean)
16:25:02.0 (43477299)|HEAP_ALLOCATE|[EXTERNAL]|Bytes:4
16:25:02.0 (43485994)|HEAP_ALLOCATE|[14]|Bytes:5
16:25:02.0 (43504751)|HEAP_ALLOCATE|[14]|Bytes:40
16:25:02.0 (43509756)|VARIABLE_SCOPE_BEGIN|[14]|ex|Expense__c|true|false
16:25:02.0 (43523397)|VARIABLE_ASSIGNMENT|[14]|ex|{"Category__c":"Event Registration","RecordTypeId":"012460000005G1KAAU","Amount__c":5600,"Tax__c":728.00,"Submitted__c":false,"Employee__c":"00346000002oeLWAAY","Id":"a0F46000000FBc6EAG","RecordType":{"Name":"Client Meetings","Id":"012460000005G1KAAU"},"Employee__r":{"Id":"00346000002oeLWAAY","Name":"Paulo Acosta"}}|0x58eeeada
16:25:02.0 (43527584)|STATEMENT_EXECUTE|[14]
16:25:02.0 (43528877)|STATEMENT_EXECUTE|[15]
16:25:02.0 (43531988)|HEAP_ALLOCATE|[15]|Bytes:4
16:25:02.0 (43552663)|VARIABLE_ASSIGNMENT|[EXTERNAL]|this|{"queryString":"WHERE Submitted__c = (6 more) ...","wrappedExpenses":"0x4c3d1865"}|0x7a11b912
16:25:02.0 (43559392)|HEAP_ALLOCATE|[EXTERNAL]|Bytes:4
16:25:02.0 (43563538)|VARIABLE_ASSIGNMENT|[EXTERNAL]|value|[]|0x24da151
16:25:02.0 (43568319)|VARIABLE_ASSIGNMENT|[5]|this.wrappedExpenses|[]|0x7a11b912
16:25:02.0 (43572647)|STATEMENT_EXECUTE|[16]
16:25:02.0 (43584099)|VARIABLE_ASSIGNMENT|[EXTERNAL]|this|{"queryString":"WHERE Submitted__c = (6 more) ...","wrappedExpenses":"0x24da151"}|0x7a11b912
16:25:02.0 (43590405)|HEAP_ALLOCATE|[16]|Bytes:12
16:25:02.0 (43596828)|CONSTRUCTOR_ENTRY|[16]|01p46000002wayn|<init>(Expense__c,Boolean)
16:25:02.0 (43599495)|VARIABLE_SCOPE_BEGIN|[81]|this|ExpenseController.ExpenseWrapper|true|false
16:25:02.0 (43608274)|VARIABLE_ASSIGNMENT|[81]|this|{}|0x78c572a7
16:25:02.0 (43610777)|VARIABLE_SCOPE_BEGIN|[81]|ex|Expense__c|true|false
16:25:02.0 (43622807)|VARIABLE_ASSIGNMENT|[81]|ex|{"Category__c":"Event Registration","RecordTypeId":"012460000005G1KAAU","Amount__c":5600,"Tax__c":728.00,"Submitted__c":false,"Employee__c":"00346000002oeLWAAY","Id":"a0F46000000FBc6EAG","RecordType":{"Name":"Client Meetings","Id":"012460000005G1KAAU"},"Employee__r":{"Id":"00346000002oeLWAAY","Name":"Paulo Acosta"}}|0x58eeeada
16:25:02.0 (43627071)|VARIABLE_SCOPE_BEGIN|[81]|check|Boolean|false|false
16:25:02.0 (43629401)|VARIABLE_ASSIGNMENT|[81]|check|false
16:25:02.0 (43632493)|STATEMENT_EXECUTE|[76]
16:25:02.0 (43633784)|STATEMENT_EXECUTE|[78]
16:25:02.0 (43635089)|STATEMENT_EXECUTE|[79]
16:25:02.0 (43643797)|STATEMENT_EXECUTE|[81]
16:25:02.0 (43645137)|STATEMENT_EXECUTE|[83]
16:25:02.0 (43654340)|VARIABLE_ASSIGNMENT|[EXTERNAL]|this|{}|0x78c572a7
16:25:02.0 (43664298)|VARIABLE_ASSIGNMENT|[EXTERNAL]|value|{"Category__c":"Event Registration","RecordTypeId":"012460000005G1KAAU","Amount__c":5600,"Tax__c":728.00,"Submitted__c":false,"Employee__c":"00346000002oeLWAAY","Id":"a0F46000000FBc6EAG","RecordType":{"Name":"Client Meetings","Id":"012460000005G1KAAU"},"Employee__r":{"Id":"00346000002oeLWAAY","Name":"Paulo Acosta"}}|0x58eeeada
16:25:02.0 (43675349)|VARIABLE_ASSIGNMENT|[78]|this.expense|{"Category__c":"Event Registration","RecordTypeId":"012460000005G1KAAU","Amount__c":5600,"Tax__c":728.00,"Submitted__c":false,"Employee__c":"00346000002oeLWAAY","Id":"a0F46000000FBc6EAG","RecordType":{"Name":"Client Meetings","Id":"012460000005G1KAAU"},"Employee__r":{"Id":"00346000002oeLWAAY","Name":"Paulo Acosta"}}|0x78c572a7
16:25:02.0 (43680321)|STATEMENT_EXECUTE|[84]
16:25:02.0 (43688821)|VARIABLE_ASSIGNMENT|[EXTERNAL]|this|{"expense":"0x58eeeada"}|0x78c572a7
16:25:02.0 (43692590)|VARIABLE_ASSIGNMENT|[EXTERNAL]|value|false
16:25:02.0 (43696200)|HEAP_ALLOCATE|[79]|Bytes:5
16:25:02.0 (43700941)|VARIABLE_ASSIGNMENT|[79]|this.checked|false|0x78c572a7
16:25:02.0 (43711226)|CONSTRUCTOR_EXIT|[16]|01p46000002wayn|<init>(Expense__c,Boolean)
16:25:02.0 (43720965)|HEAP_ALLOCATE|[EXTERNAL]|Bytes:4
16:25:02.0 (43730859)|HEAP_ALLOCATE|[14]|Bytes:5
16:25:02.0 (43749631)|HEAP_ALLOCATE|[14]|Bytes:40
16:25:02.0 (43754476)|VARIABLE_SCOPE_BEGIN|[14]|ex|Expense__c|true|false
16:25:02.0 (43774296)|VARIABLE_ASSIGNMENT|[14]|ex|{"Category__c":"Transportation","RecordTypeId":"012460000005G1FAAU","Amount__c":3500,"Tax__c":455.00,"Submitted__c":false,"Employee__c":"00346000002ojVWAAY","Id":"a0F46000000FBblEAG","RecordType":{"Name":"Business Trips","Id":"012460000005G1FAAU"},"Employee__r":{"Id":"00346000002ojVWAAY","Name":"Carol Ruiz","Birthdate":"2017-10-09T00:00:00.000Z"}}|0x24a2c2ef
16:25:02.0 (43779242)|STATEMENT_EXECUTE|[14]
16:25:02.0 (43780446)|STATEMENT_EXECUTE|[15]
16:25:02.0 (43787076)|HEAP_ALLOCATE|[15]|Bytes:4
16:25:02.0 (43808924)|VARIABLE_ASSIGNMENT|[EXTERNAL]|this|{"queryString":"WHERE Submitted__c = (6 more) ...","wrappedExpenses":"0x24da151"}|0x7a11b912
16:25:02.0 (43818683)|HEAP_ALLOCATE|[EXTERNAL]|Bytes:4
16:25:02.0 (43825148)|VARIABLE_ASSIGNMENT|[EXTERNAL]|value|[]|0x5c1fa3ea
16:25:02.0 (43833029)|VARIABLE_ASSIGNMENT|[5]|this.wrappedExpenses|[]|0x7a11b912
16:25:02.0 (43840045)|STATEMENT_EXECUTE|[16]
16:25:02.0 (43853961)|VARIABLE_ASSIGNMENT|[EXTERNAL]|this|{"queryString":"WHERE Submitted__c = (6 more) ...","wrappedExpenses":"0x5c1fa3ea"}|0x7a11b912
16:25:02.0 (43860905)|HEAP_ALLOCATE|[16]|Bytes:12
16:25:02.0 (43868239)|CONSTRUCTOR_ENTRY|[16]|01p46000002wayn|<init>(Expense__c,Boolean)
16:25:02.0 (43870767)|VARIABLE_SCOPE_BEGIN|[81]|this|ExpenseController.ExpenseWrapper|true|false
16:25:02.0 (43878009)|VARIABLE_ASSIGNMENT|[81]|this|{}|0x5ab4ea46
16:25:02.0 (43879488)|VARIABLE_SCOPE_BEGIN|[81]|ex|Expense__c|true|false
16:25:02.0 (43894720)|VARIABLE_ASSIGNMENT|[81]|ex|{"Category__c":"Transportation","RecordTypeId":"012460000005G1FAAU","Amount__c":3500,"Tax__c":455.00,"Submitted__c":false,"Employee__c":"00346000002ojVWAAY","Id":"a0F46000000FBblEAG","RecordType":{"Name":"Business Trips","Id":"012460000005G1FAAU"},"Employee__r":{"Id":"00346000002ojVWAAY","Name":"Carol Ruiz","Birthdate":"2017-10-09T00:00:00.000Z"}}|0x24a2c2ef
16:25:02.0 (43898769)|VARIABLE_SCOPE_BEGIN|[81]|check|Boolean|false|false
16:25:02.0 (43901244)|VARIABLE_ASSIGNMENT|[81]|check|false
16:25:02.0 (43904091)|STATEMENT_EXECUTE|[76]
16:25:02.0 (43905322)|STATEMENT_EXECUTE|[78]
16:25:02.0 (43906542)|STATEMENT_EXECUTE|[79]
16:25:02.0 (43914849)|STATEMENT_EXECUTE|[81]
16:25:02.0 (43916127)|STATEMENT_EXECUTE|[83]
16:25:02.0 (43925414)|VARIABLE_ASSIGNMENT|[EXTERNAL]|this|{}|0x5ab4ea46
16:25:02.0 (43937746)|VARIABLE_ASSIGNMENT|[EXTERNAL]|value|{"Category__c":"Transportation","RecordTypeId":"012460000005G1FAAU","Amount__c":3500,"Tax__c":455.00,"Submitted__c":false,"Employee__c":"00346000002ojVWAAY","Id":"a0F46000000FBblEAG","RecordType":{"Name":"Business Trips","Id":"012460000005G1FAAU"},"Employee__r":{"Id":"00346000002ojVWAAY","Name":"Carol Ruiz","Birthdate":"2017-10-09T00:00:00.000Z"}}|0x24a2c2ef
16:25:02.0 (43950379)|VARIABLE_ASSIGNMENT|[78]|this.expense|{"Category__c":"Transportation","RecordTypeId":"012460000005G1FAAU","Amount__c":3500,"Tax__c":455.00,"Submitted__c":false,"Employee__c":"00346000002ojVWAAY","Id":"a0F46000000FBblEAG","RecordType":{"Name":"Business Trips","Id":"012460000005G1FAAU"},"Employee__r":{"Id":"00346000002ojVWAAY","Name":"Carol Ruiz","Birthdate":"2017-10-09T00:00:00.000Z"}}|0x5ab4ea46
16:25:02.0 (43955637)|STATEMENT_EXECUTE|[84]
16:25:02.0 (43964129)|VARIABLE_ASSIGNMENT|[EXTERNAL]|this|{"expense":"0x24a2c2ef"}|0x5ab4ea46
16:25:02.0 (43968126)|VARIABLE_ASSIGNMENT|[EXTERNAL]|value|false
16:25:02.0 (43970644)|HEAP_ALLOCATE|[79]|Bytes:5
16:25:02.0 (43973727)|VARIABLE_ASSIGNMENT|[79]|this.checked|false|0x5ab4ea46
16:25:02.0 (43979874)|CONSTRUCTOR_EXIT|[16]|01p46000002wayn|<init>(Expense__c,Boolean)
16:25:02.0 (43985750)|HEAP_ALLOCATE|[EXTERNAL]|Bytes:4
16:25:02.0 (43993300)|HEAP_ALLOCATE|[14]|Bytes:5
16:25:02.0 (44001185)|VARIABLE_ASSIGNMENT|[14]|ex|null|
16:25:02.0 (44005853)|STATEMENT_EXECUTE|[19]
16:25:02.0 (44018250)|VARIABLE_ASSIGNMENT|[EXTERNAL]|this|{"queryString":"WHERE Submitted__c = (6 more) ...","wrappedExpenses":"0x5c1fa3ea"}|0x7a11b912
16:25:02.0 (50040215)|VF_SERIALIZE_VIEWSTATE_BEGIN|06646000001BW08
16:25:02.0 (59331980)|VF_SERIALIZE_VIEWSTATE_END
16:25:02.0 (65224003)|CODE_UNIT_STARTED|[EXTERNAL]|Generate Metadata
16:25:02.0 (66078325)|CODE_UNIT_FINISHED|Generate Metadata
16:25:02.68 (68024484)|CUMULATIVE_LIMIT_USAGE
16:25:02.68 (68024484)|LIMIT_USAGE_FOR_NS|(default)|
  Number of SOQL queries: 2 out of 100
  Number of query rows: 5 out of 50000
  Number of SOSL queries: 0 out of 20
  Number of DML statements: 0 out of 150
  Number of DML rows: 0 out of 10000
  Maximum CPU time: 0 out of 10000
  Maximum heap size: 0 out of 6000000
  Number of callouts: 0 out of 100
  Number of Email Invocations: 0 out of 10
  Number of future calls: 0 out of 50
  Number of queueable jobs added to the queue: 0 out of 50
  Number of Mobile Apex push calls: 0 out of 10

16:25:02.68 (68024484)|CUMULATIVE_LIMIT_USAGE_END

16:25:02.0 (68053093)|CODE_UNIT_FINISHED|VF: /apex/ListOfEmployees
16:25:02.0 (68796138)|EXECUTION_FINISHED
