39.0 APEX_CODE,FINEST;APEX_PROFILING,INFO;CALLOUT,INFO;DB,INFO;SYSTEM,DEBUG;VALIDATION,INFO;VISUALFORCE,INFO;WAVE,INFO;WORKFLOW,INFO
14:13:27.0 (302947)|USER_INFO|[EXTERNAL]|00546000000Iihs|pacosta@altimetrik.com|Argentine Time|GMT-03:00
14:13:27.0 (323748)|EXECUTION_STARTED
14:13:27.0 (328082)|CODE_UNIT_STARTED|[EXTERNAL]|06646000001BW08|VF: /apex/ListOfEmployees
14:13:27.0 (871547)|VF_DESERIALIZE_VIEWSTATE_BEGIN|06646000001BW08
14:13:27.0 (12419792)|HEAP_ALLOCATE|[72]|Bytes:3
14:13:27.0 (12462181)|HEAP_ALLOCATE|[77]|Bytes:152
14:13:27.0 (12474060)|HEAP_ALLOCATE|[342]|Bytes:408
14:13:27.0 (12484771)|HEAP_ALLOCATE|[355]|Bytes:408
14:13:27.0 (12494972)|HEAP_ALLOCATE|[467]|Bytes:48
14:13:27.0 (12521070)|HEAP_ALLOCATE|[139]|Bytes:6
14:13:27.0 (14525030)|HEAP_ALLOCATE|[50]|Bytes:5
14:13:27.0 (14552031)|HEAP_ALLOCATE|[56]|Bytes:5
14:13:27.0 (14559828)|HEAP_ALLOCATE|[64]|Bytes:7
14:13:27.0 (16742847)|VF_DESERIALIZE_VIEWSTATE_END
14:13:27.0 (17600639)|SYSTEM_MODE_ENTER|true
14:13:27.0 (17829921)|HEAP_ALLOCATE|[EXTERNAL]|Bytes:140
14:13:27.0 (17837644)|HEAP_ALLOCATE|[EXTERNAL]|Bytes:46
14:13:27.0 (17846366)|METHOD_ENTRY|[1]|01p46000002wayn|ExpenseController.ExpenseController()
14:13:27.0 (17849647)|STATEMENT_EXECUTE|[1]
14:13:27.0 (17854232)|STATEMENT_EXECUTE|[1]
14:13:27.0 (17859463)|METHOD_EXIT|[1]|ExpenseController
14:13:27.0 (17869129)|HEAP_ALLOCATE|[EXTERNAL]|Bytes:24
14:13:27.0 (17875228)|VARIABLE_SCOPE_BEGIN|[17]|this|ExpenseController|true|false
14:13:27.0 (17941785)|VARIABLE_ASSIGNMENT|[17]|this|{"CountTotalRecords":7,"OffsetSize":3,"QueryLimit":3,"queryString":"","wrappedExpenses":"0x6c26695b"}|0x3bd8f53
14:13:27.0 (17952227)|STATEMENT_EXECUTE|[17]
14:13:27.0 (17953751)|STATEMENT_EXECUTE|[19]
14:13:27.0 (17957393)|HEAP_ALLOCATE|[19]|Bytes:161
14:13:27.0 (17963644)|HEAP_ALLOCATE|[22]|Bytes:33
14:13:27.0 (18019926)|HEAP_ALLOCATE|[22]|Bytes:1
14:13:27.0 (18030852)|HEAP_ALLOCATE|[22]|Bytes:8
14:13:27.0 (18038736)|HEAP_ALLOCATE|[22]|Bytes:1
14:13:27.0 (18051536)|HEAP_ALLOCATE|[19]|Bytes:204
14:13:27.0 (20440997)|SOQL_EXECUTE_BEGIN|[19]|Aggregations:0|SELECT Category__c, RecordType.Name, Amount__c, Tax__c, Client_Company__c, Submitted__c, Employee__r.Id, Employee__r.Name, Employee__r.Birthdate FROM Expense__c  ORDER BY Employee__r.Name LIMIT 3 OFFSET 3
14:13:27.0 (30225545)|SOQL_EXECUTE_END|[19]|Rows:3
14:13:27.0 (30242519)|HEAP_ALLOCATE|[19]|Bytes:16
14:13:27.0 (30278332)|HEAP_ALLOCATE|[19]|Bytes:1032
14:13:27.0 (30329949)|HEAP_ALLOCATE|[19]|Bytes:16
14:13:27.0 (30347290)|VARIABLE_SCOPE_BEGIN|[19]|results|List<Expense__c>|true|false
14:13:27.0 (30411286)|VARIABLE_ASSIGNMENT|[19]|results|[{"Category__c":"Transportation","RecordTypeId":"012460000005G1FAAU","Amount__c":4000,"Tax__c":520.00,"Submitted__c":true,"Employee__c":"00346000002ojVWAAY","Id":"a0F46000000FtpwEAC","RecordType":{"Name":"Business Trips","Id":"012460000005G1FAAU"},"Employee__r":{"Id":"00346000002ojVWAAY","Name":"Carol Ruiz","Birthdate":"2017-10-09T00:00:00.000Z"}},{"Category__c":"Road Meals","RecordTypeId":"012460000005G1KAAU","Amount__c":8900,"Tax__c":1157.00,"Submitted__c":true,"Employee__c":"00346000002ojeGAAQ","Id":"a0F46000000FmUwEAK","RecordType":{"Name":"Client Meetings","Id":"012460000005G1KAAU"},"Employee__r":{"Id":"00346000002ojeGAAQ","Name":"Paolo Smith"}},{"Category__c":"Lodging","RecordTypeId":"012460000005G1KAAU","Amount__c":4000,"Tax__c":520.00,"Client_Company__c":"At&t","Submitted__c":true,"Employee__c":"00346000002ojeGAAQ","Id":"a0F46000000Ftq1EAC","RecordType":{"Name":"Client Meetings","Id":"012460000005G1KAAU"},"Employee__r":{"Id":"00346000002ojeGAAQ","Name":"Paolo Smith"}}]|0x50ea18b0
14:13:27.0 (30419980)|STATEMENT_EXECUTE|[25]
14:13:27.0 (30426729)|HEAP_ALLOCATE|[25]|Bytes:4
14:13:27.0 (30531951)|VARIABLE_ASSIGNMENT|[EXTERNAL]|this|{"CountTotalRecords":7,"OffsetSize":3,"QueryLimit":3,"queryString":"","wrappedExpenses":"0x6c26695b"}|0x3bd8f53
14:13:27.0 (30550075)|HEAP_ALLOCATE|[EXTERNAL]|Bytes:4
14:13:27.0 (30556332)|VARIABLE_ASSIGNMENT|[EXTERNAL]|value|[]|0x7aeccff8
14:13:27.0 (30567606)|VARIABLE_ASSIGNMENT|[14]|this.wrappedExpenses|[]|0x3bd8f53
14:13:27.0 (30731756)|HEAP_ALLOCATE|[26]|Bytes:5
14:13:27.0 (30762800)|HEAP_ALLOCATE|[26]|Bytes:40
14:13:27.0 (30771196)|VARIABLE_SCOPE_BEGIN|[26]|ex|Expense__c|true|false
14:13:27.0 (30795185)|VARIABLE_ASSIGNMENT|[26]|ex|{"Category__c":"Transportation","RecordTypeId":"012460000005G1FAAU","Amount__c":4000,"Tax__c":520.00,"Submitted__c":true,"Employee__c":"00346000002ojVWAAY","Id":"a0F46000000FtpwEAC","RecordType":{"Name":"Business Trips","Id":"012460000005G1FAAU"},"Employee__r":{"Id":"00346000002ojVWAAY","Name":"Carol Ruiz","Birthdate":"2017-10-09T00:00:00.000Z"}}|0x986b378
14:13:27.0 (30799798)|STATEMENT_EXECUTE|[26]
14:13:27.0 (30801279)|STATEMENT_EXECUTE|[28]
14:13:27.0 (30841841)|VARIABLE_ASSIGNMENT|[EXTERNAL]|this|{"CountTotalRecords":7,"OffsetSize":3,"QueryLimit":3,"queryString":"","wrappedExpenses":"0x7aeccff8"}|0x3bd8f53
14:13:27.0 (30854897)|HEAP_ALLOCATE|[28]|Bytes:112
14:13:27.0 (30859429)|HEAP_ALLOCATE|[28]|Bytes:5
14:13:27.0 (30883936)|METHOD_ENTRY|[1]|01p46000003buu6|ExpenseWrapper.ExpenseWrapper()
14:13:27.0 (30886344)|STATEMENT_EXECUTE|[1]
14:13:27.0 (30889894)|STATEMENT_EXECUTE|[1]
14:13:27.0 (30893953)|METHOD_EXIT|[1]|ExpenseWrapper
14:13:27.0 (30902082)|HEAP_ALLOCATE|[28]|Bytes:12
14:13:27.0 (30914958)|CONSTRUCTOR_ENTRY|[28]|01p46000003buu6|<init>(Expense__c,Boolean)
14:13:27.0 (30925090)|VARIABLE_SCOPE_BEGIN|[6]|this|ExpenseWrapper|true|false
14:13:27.0 (30943011)|VARIABLE_ASSIGNMENT|[6]|this|{}|0x28b44259
14:13:27.0 (30945719)|VARIABLE_SCOPE_BEGIN|[6]|ex|Expense__c|true|false
14:13:27.0 (30962838)|VARIABLE_ASSIGNMENT|[6]|ex|{"Category__c":"Transportation","RecordTypeId":"012460000005G1FAAU","Amount__c":4000,"Tax__c":520.00,"Submitted__c":true,"Employee__c":"00346000002ojVWAAY","Id":"a0F46000000FtpwEAC","RecordType":{"Name":"Business Trips","Id":"012460000005G1FAAU"},"Employee__r":{"Id":"00346000002ojVWAAY","Name":"Carol Ruiz","Birthdate":"2017-10-09T00:00:00.000Z"}}|0x986b378
14:13:27.0 (30968547)|VARIABLE_SCOPE_BEGIN|[6]|check|Boolean|false|false
14:13:27.0 (30971431)|VARIABLE_ASSIGNMENT|[6]|check|false
14:13:27.0 (30974035)|STATEMENT_EXECUTE|[1]
14:13:27.0 (30975484)|STATEMENT_EXECUTE|[3]
14:13:27.0 (30976647)|STATEMENT_EXECUTE|[4]
14:13:27.0 (30982163)|HEAP_ALLOCATE|[8]|Bytes:6
14:13:27.0 (31000381)|STATEMENT_EXECUTE|[6]
14:13:27.0 (31002249)|STATEMENT_EXECUTE|[8]
14:13:27.0 (31051686)|VARIABLE_ASSIGNMENT|[EXTERNAL]|this|{}|0x28b44259
14:13:27.0 (31069555)|VARIABLE_ASSIGNMENT|[EXTERNAL]|value|{"Category__c":"Transportation","RecordTypeId":"012460000005G1FAAU","Amount__c":4000,"Tax__c":520.00,"Submitted__c":true,"Employee__c":"00346000002ojVWAAY","Id":"a0F46000000FtpwEAC","RecordType":{"Name":"Business Trips","Id":"012460000005G1FAAU"},"Employee__r":{"Id":"00346000002ojVWAAY","Name":"Carol Ruiz","Birthdate":"2017-10-09T00:00:00.000Z"}}|0x986b378
14:13:27.0 (31086555)|VARIABLE_ASSIGNMENT|[3]|this.expense|{"Category__c":"Transportation","RecordTypeId":"012460000005G1FAAU","Amount__c":4000,"Tax__c":520.00,"Submitted__c":true,"Employee__c":"00346000002ojVWAAY","Id":"a0F46000000FtpwEAC","RecordType":{"Name":"Business Trips","Id":"012460000005G1FAAU"},"Employee__r":{"Id":"00346000002ojVWAAY","Name":"Carol Ruiz","Birthdate":"2017-10-09T00:00:00.000Z"}}|0x28b44259
14:13:27.0 (31093765)|STATEMENT_EXECUTE|[9]
14:13:27.0 (31125588)|VARIABLE_ASSIGNMENT|[EXTERNAL]|this|{"expense":"0x986b378"}|0x28b44259
14:13:27.0 (31131339)|VARIABLE_ASSIGNMENT|[EXTERNAL]|value|false
14:13:27.0 (31134942)|HEAP_ALLOCATE|[4]|Bytes:5
14:13:27.0 (31139913)|VARIABLE_ASSIGNMENT|[4]|this.checked|false|0x28b44259
14:13:27.0 (31148657)|CONSTRUCTOR_EXIT|[28]|01p46000003buu6|<init>(Expense__c,Boolean)
14:13:27.0 (31159388)|HEAP_ALLOCATE|[EXTERNAL]|Bytes:4
14:13:27.0 (31169451)|HEAP_ALLOCATE|[26]|Bytes:5
14:13:27.0 (31192698)|HEAP_ALLOCATE|[26]|Bytes:40
14:13:27.0 (31198681)|VARIABLE_SCOPE_BEGIN|[26]|ex|Expense__c|true|false
14:13:27.0 (31213732)|VARIABLE_ASSIGNMENT|[26]|ex|{"Category__c":"Road Meals","RecordTypeId":"012460000005G1KAAU","Amount__c":8900,"Tax__c":1157.00,"Submitted__c":true,"Employee__c":"00346000002ojeGAAQ","Id":"a0F46000000FmUwEAK","RecordType":{"Name":"Client Meetings","Id":"012460000005G1KAAU"},"Employee__r":{"Id":"00346000002ojeGAAQ","Name":"Paolo Smith"}}|0x553828f0
14:13:27.0 (31217352)|STATEMENT_EXECUTE|[26]
14:13:27.0 (31218746)|STATEMENT_EXECUTE|[28]
14:13:27.0 (31240232)|VARIABLE_ASSIGNMENT|[EXTERNAL]|this|{"CountTotalRecords":7,"OffsetSize":3,"QueryLimit":3,"queryString":"","wrappedExpenses":"0x7aeccff8"}|0x3bd8f53
14:13:27.0 (31248624)|HEAP_ALLOCATE|[28]|Bytes:12
14:13:27.0 (31256152)|CONSTRUCTOR_ENTRY|[28]|01p46000003buu6|<init>(Expense__c,Boolean)
14:13:27.0 (31259274)|VARIABLE_SCOPE_BEGIN|[6]|this|ExpenseWrapper|true|false
14:13:27.0 (31267031)|VARIABLE_ASSIGNMENT|[6]|this|{}|0x145b79c3
14:13:27.0 (31268645)|VARIABLE_SCOPE_BEGIN|[6]|ex|Expense__c|true|false
14:13:27.0 (31278555)|VARIABLE_ASSIGNMENT|[6]|ex|{"Category__c":"Road Meals","RecordTypeId":"012460000005G1KAAU","Amount__c":8900,"Tax__c":1157.00,"Submitted__c":true,"Employee__c":"00346000002ojeGAAQ","Id":"a0F46000000FmUwEAK","RecordType":{"Name":"Client Meetings","Id":"012460000005G1KAAU"},"Employee__r":{"Id":"00346000002ojeGAAQ","Name":"Paolo Smith"}}|0x553828f0
14:13:27.0 (31282422)|VARIABLE_SCOPE_BEGIN|[6]|check|Boolean|false|false
14:13:27.0 (31284896)|VARIABLE_ASSIGNMENT|[6]|check|false
14:13:27.0 (31287185)|STATEMENT_EXECUTE|[1]
14:13:27.0 (31288302)|STATEMENT_EXECUTE|[3]
14:13:27.0 (31289398)|STATEMENT_EXECUTE|[4]
14:13:27.0 (31297381)|STATEMENT_EXECUTE|[6]
14:13:27.0 (31298530)|STATEMENT_EXECUTE|[8]
14:13:27.0 (31307364)|VARIABLE_ASSIGNMENT|[EXTERNAL]|this|{}|0x145b79c3
14:13:27.0 (31317195)|VARIABLE_ASSIGNMENT|[EXTERNAL]|value|{"Category__c":"Road Meals","RecordTypeId":"012460000005G1KAAU","Amount__c":8900,"Tax__c":1157.00,"Submitted__c":true,"Employee__c":"00346000002ojeGAAQ","Id":"a0F46000000FmUwEAK","RecordType":{"Name":"Client Meetings","Id":"012460000005G1KAAU"},"Employee__r":{"Id":"00346000002ojeGAAQ","Name":"Paolo Smith"}}|0x553828f0
14:13:27.0 (31328406)|VARIABLE_ASSIGNMENT|[3]|this.expense|{"Category__c":"Road Meals","RecordTypeId":"012460000005G1KAAU","Amount__c":8900,"Tax__c":1157.00,"Submitted__c":true,"Employee__c":"00346000002ojeGAAQ","Id":"a0F46000000FmUwEAK","RecordType":{"Name":"Client Meetings","Id":"012460000005G1KAAU"},"Employee__r":{"Id":"00346000002ojeGAAQ","Name":"Paolo Smith"}}|0x145b79c3
14:13:27.0 (31332955)|STATEMENT_EXECUTE|[9]
14:13:27.0 (31342141)|VARIABLE_ASSIGNMENT|[EXTERNAL]|this|{"expense":"0x553828f0"}|0x145b79c3
14:13:27.0 (31345854)|VARIABLE_ASSIGNMENT|[EXTERNAL]|value|false
14:13:27.0 (31348584)|HEAP_ALLOCATE|[4]|Bytes:5
14:13:27.0 (31352311)|VARIABLE_ASSIGNMENT|[4]|this.checked|false|0x145b79c3
14:13:27.0 (31358978)|CONSTRUCTOR_EXIT|[28]|01p46000003buu6|<init>(Expense__c,Boolean)
14:13:27.0 (31365012)|HEAP_ALLOCATE|[EXTERNAL]|Bytes:4
14:13:27.0 (31373113)|HEAP_ALLOCATE|[26]|Bytes:5
14:13:27.0 (31391738)|HEAP_ALLOCATE|[26]|Bytes:44
14:13:27.0 (31399045)|VARIABLE_SCOPE_BEGIN|[26]|ex|Expense__c|true|false
14:13:27.0 (31413368)|VARIABLE_ASSIGNMENT|[26]|ex|{"Category__c":"Lodging","RecordTypeId":"012460000005G1KAAU","Amount__c":4000,"Tax__c":520.00,"Client_Company__c":"At&t","Submitted__c":true,"Employee__c":"00346000002ojeGAAQ","Id":"a0F46000000Ftq1EAC","RecordType":{"Name":"Client Meetings","Id":"012460000005G1KAAU"},"Employee__r":{"Id":"00346000002ojeGAAQ","Name":"Paolo Smith"}}|0x1a5989dc
14:13:27.0 (31416553)|STATEMENT_EXECUTE|[26]
14:13:27.0 (31418240)|STATEMENT_EXECUTE|[28]
14:13:27.0 (31437850)|VARIABLE_ASSIGNMENT|[EXTERNAL]|this|{"CountTotalRecords":7,"OffsetSize":3,"QueryLimit":3,"queryString":"","wrappedExpenses":"0x7aeccff8"}|0x3bd8f53
14:13:27.0 (31445191)|HEAP_ALLOCATE|[28]|Bytes:12
14:13:27.0 (31452001)|CONSTRUCTOR_ENTRY|[28]|01p46000003buu6|<init>(Expense__c,Boolean)
14:13:27.0 (31454554)|VARIABLE_SCOPE_BEGIN|[6]|this|ExpenseWrapper|true|false
14:13:27.0 (31461744)|VARIABLE_ASSIGNMENT|[6]|this|{}|0x777480c5
14:13:27.0 (31463290)|VARIABLE_SCOPE_BEGIN|[6]|ex|Expense__c|true|false
14:13:27.0 (31473691)|VARIABLE_ASSIGNMENT|[6]|ex|{"Category__c":"Lodging","RecordTypeId":"012460000005G1KAAU","Amount__c":4000,"Tax__c":520.00,"Client_Company__c":"At&t","Submitted__c":true,"Employee__c":"00346000002ojeGAAQ","Id":"a0F46000000Ftq1EAC","RecordType":{"Name":"Client Meetings","Id":"012460000005G1KAAU"},"Employee__r":{"Id":"00346000002ojeGAAQ","Name":"Paolo Smith"}}|0x1a5989dc
14:13:27.0 (31477628)|VARIABLE_SCOPE_BEGIN|[6]|check|Boolean|false|false
14:13:27.0 (31480293)|VARIABLE_ASSIGNMENT|[6]|check|false
14:13:27.0 (31482549)|STATEMENT_EXECUTE|[1]
14:13:27.0 (31483711)|STATEMENT_EXECUTE|[3]
14:13:27.0 (31484752)|STATEMENT_EXECUTE|[4]
14:13:27.0 (31494542)|STATEMENT_EXECUTE|[6]
14:13:27.0 (31495761)|STATEMENT_EXECUTE|[8]
14:13:27.0 (31504853)|VARIABLE_ASSIGNMENT|[EXTERNAL]|this|{}|0x777480c5
14:13:27.0 (31520519)|VARIABLE_ASSIGNMENT|[EXTERNAL]|value|{"Category__c":"Lodging","RecordTypeId":"012460000005G1KAAU","Amount__c":4000,"Tax__c":520.00,"Client_Company__c":"At&t","Submitted__c":true,"Employee__c":"00346000002ojeGAAQ","Id":"a0F46000000Ftq1EAC","RecordType":{"Name":"Client Meetings","Id":"012460000005G1KAAU"},"Employee__r":{"Id":"00346000002ojeGAAQ","Name":"Paolo Smith"}}|0x1a5989dc
14:13:27.0 (31532529)|VARIABLE_ASSIGNMENT|[3]|this.expense|{"Category__c":"Lodging","RecordTypeId":"012460000005G1KAAU","Amount__c":4000,"Tax__c":520.00,"Client_Company__c":"At&t","Submitted__c":true,"Employee__c":"00346000002ojeGAAQ","Id":"a0F46000000Ftq1EAC","RecordType":{"Name":"Client Meetings","Id":"012460000005G1KAAU"},"Employee__r":{"Id":"00346000002ojeGAAQ","Name":"Paolo Smith"}}|0x777480c5
14:13:27.0 (31537752)|STATEMENT_EXECUTE|[9]
14:13:27.0 (31547599)|VARIABLE_ASSIGNMENT|[EXTERNAL]|this|{"expense":"0x1a5989dc"}|0x777480c5
14:13:27.0 (31551613)|VARIABLE_ASSIGNMENT|[EXTERNAL]|value|false
14:13:27.0 (31554139)|HEAP_ALLOCATE|[4]|Bytes:5
14:13:27.0 (31557738)|VARIABLE_ASSIGNMENT|[4]|this.checked|false|0x777480c5
14:13:27.0 (31564755)|CONSTRUCTOR_EXIT|[28]|01p46000003buu6|<init>(Expense__c,Boolean)
14:13:27.0 (31570156)|HEAP_ALLOCATE|[EXTERNAL]|Bytes:4
14:13:27.0 (31578025)|HEAP_ALLOCATE|[26]|Bytes:5
14:13:27.0 (31584904)|VARIABLE_ASSIGNMENT|[26]|ex|null|
14:13:27.0 (31587395)|STATEMENT_EXECUTE|[32]
14:13:27.0 (31615526)|VARIABLE_ASSIGNMENT|[EXTERNAL]|this|{"CountTotalRecords":7,"OffsetSize":3,"QueryLimit":3,"queryString":"","wrappedExpenses":"0x7aeccff8"}|0x3bd8f53
14:13:27.0 (32156682)|SYSTEM_MODE_ENTER|true
14:13:27.0 (32186808)|HEAP_ALLOCATE|[EXTERNAL]|Bytes:24
14:13:27.0 (32193651)|VARIABLE_SCOPE_BEGIN|[107]|this|ExpenseController|true|false
14:13:27.0 (32217506)|VARIABLE_ASSIGNMENT|[107]|this|{"CountTotalRecords":7,"OffsetSize":3,"QueryLimit":3,"queryString":"","wrappedExpenses":"0x7aeccff8"}|0x3bd8f53
14:13:27.0 (32225130)|STATEMENT_EXECUTE|[107]
14:13:27.0 (32231630)|STATEMENT_EXECUTE|[108]
14:13:27.0 (32232683)|STATEMENT_EXECUTE|[109]
14:13:27.0 (32237455)|HEAP_ALLOCATE|[109]|Bytes:5
14:13:27.0 (32330736)|SYSTEM_MODE_ENTER|true
14:13:27.0 (32353580)|HEAP_ALLOCATE|[EXTERNAL]|Bytes:24
14:13:27.0 (32359662)|VARIABLE_SCOPE_BEGIN|[114]|this|ExpenseController|true|false
14:13:27.0 (32379274)|VARIABLE_ASSIGNMENT|[114]|this|{"CountTotalRecords":7,"OffsetSize":3,"QueryLimit":3,"queryString":"","wrappedExpenses":"0x7aeccff8"}|0x3bd8f53
14:13:27.0 (32385040)|STATEMENT_EXECUTE|[114]
14:13:27.0 (32420382)|VARIABLE_ASSIGNMENT|[EXTERNAL]|this|{"CountTotalRecords":7,"OffsetSize":3,"QueryLimit":3,"queryString":"","wrappedExpenses":"0x7aeccff8"}|0x3bd8f53
14:13:27.0 (32429343)|STATEMENT_EXECUTE|[115]
14:13:27.0 (32430458)|STATEMENT_EXECUTE|[116]
14:13:27.0 (32434783)|HEAP_ALLOCATE|[116]|Bytes:5
14:13:27.0 (32767109)|HEAP_ALLOCATE|[EXTERNAL]|Bytes:5
14:13:27.0 (32771566)|HEAP_ALLOCATE|[EXTERNAL]|Bytes:12
14:13:27.0 (32779548)|VARIABLE_ASSIGNMENT|[EXTERNAL]|this.checked|false|0x28b44259
14:13:27.0 (32820591)|HEAP_ALLOCATE|[EXTERNAL]|Bytes:5
14:13:27.0 (32823247)|HEAP_ALLOCATE|[EXTERNAL]|Bytes:12
14:13:27.0 (32828333)|VARIABLE_ASSIGNMENT|[EXTERNAL]|this.checked|false|0x145b79c3
14:13:27.0 (32861251)|HEAP_ALLOCATE|[EXTERNAL]|Bytes:5
14:13:27.0 (32863915)|HEAP_ALLOCATE|[EXTERNAL]|Bytes:12
14:13:27.0 (32868294)|VARIABLE_ASSIGNMENT|[EXTERNAL]|this.checked|false|0x777480c5
14:13:27.0 (32993003)|HEAP_ALLOCATE|[EXTERNAL]|Bytes:24
14:13:27.0 (32999048)|VARIABLE_SCOPE_BEGIN|[126]|this|ExpenseController|true|false
14:13:27.0 (33021707)|VARIABLE_ASSIGNMENT|[126]|this|{"CountTotalRecords":7,"OffsetSize":3,"QueryLimit":3,"queryString":"","wrappedExpenses":"0x7aeccff8"}|0x3bd8f53
14:13:27.0 (33029032)|STATEMENT_EXECUTE|[126]
14:13:27.0 (33030477)|STATEMENT_EXECUTE|[127]
14:13:27.0 (33037304)|HEAP_ALLOCATE|[127]|Bytes:4
14:13:27.0 (33042993)|VARIABLE_ASSIGNMENT|[127]|this.OffsetSize|0|0x3bd8f53
14:13:27.0 (33044905)|STATEMENT_EXECUTE|[128]
14:13:27.0 (36049888)|SYSTEM_MODE_ENTER|true
14:13:27.0 (36070687)|HEAP_ALLOCATE|[EXTERNAL]|Bytes:96
14:13:27.0 (36076539)|HEAP_ALLOCATE|[EXTERNAL]|Bytes:6
14:13:27.0 (36083036)|METHOD_ENTRY|[1]|01p46000002ySm2|SaveAsPdfExtension.SaveAsPdfExtension()
14:13:27.0 (36085638)|STATEMENT_EXECUTE|[1]
14:13:27.0 (36088740)|STATEMENT_EXECUTE|[1]
14:13:27.0 (36092310)|METHOD_EXIT|[1]|SaveAsPdfExtension
14:13:27.0 (36258875)|SYSTEM_MODE_ENTER|true
14:13:27.0 (36282107)|HEAP_ALLOCATE|[EXTERNAL]|Bytes:24
14:13:27.0 (36286542)|VARIABLE_SCOPE_BEGIN|[17]|this|ExpenseController|true|false
14:13:27.0 (36312537)|VARIABLE_ASSIGNMENT|[17]|this|{"CountTotalRecords":7,"OffsetSize":0,"QueryLimit":3,"queryString":"","wrappedExpenses":"0x7aeccff8"}|0x3bd8f53
14:13:27.0 (36319089)|STATEMENT_EXECUTE|[17]
14:13:27.0 (36320505)|STATEMENT_EXECUTE|[19]
14:13:27.0 (36338155)|HEAP_ALLOCATE|[22]|Bytes:1
14:13:27.0 (36349684)|HEAP_ALLOCATE|[22]|Bytes:1
14:13:27.0 (36358274)|HEAP_ALLOCATE|[19]|Bytes:204
14:13:27.0 (36679937)|SOQL_EXECUTE_BEGIN|[19]|Aggregations:0|SELECT Category__c, RecordType.Name, Amount__c, Tax__c, Client_Company__c, Submitted__c, Employee__r.Id, Employee__r.Name, Employee__r.Birthdate FROM Expense__c  ORDER BY Employee__r.Name LIMIT 3 OFFSET 0
14:13:27.0 (41210553)|SOQL_EXECUTE_END|[19]|Rows:3
14:13:27.0 (41224899)|HEAP_ALLOCATE|[19]|Bytes:16
14:13:27.0 (41252293)|HEAP_ALLOCATE|[19]|Bytes:895
14:13:27.0 (41265909)|HEAP_ALLOCATE|[19]|Bytes:16
14:13:27.0 (41278825)|VARIABLE_SCOPE_BEGIN|[19]|results|List<Expense__c>|true|false
14:13:27.0 (41325646)|VARIABLE_ASSIGNMENT|[19]|results|[{"Category__c":"Transportation","RecordTypeId":"012460000005G1FAAU","Amount__c":3500,"Tax__c":455.00,"Submitted__c":true,"Employee__c":"00346000002ojVWAAY","Id":"a0F46000000FBblEAG","RecordType":{"Name":"Business Trips","Id":"012460000005G1FAAU"},"Employee__r":{"Id":"00346000002ojVWAAY","Name":"Carol Ruiz","Birthdate":"2017-10-09T00:00:00.000Z"}},{"RecordTypeId":"012460000005G1FAAU","Amount__c":3000,"Tax__c":390.00,"Submitted__c":true,"Employee__c":"00346000002ojVWAAY","Id":"a0F46000000Fp6rEAC","RecordType":{"Name":"Business Trips","Id":"012460000005G1FAAU"},"Employee__r":{"Id":"00346000002ojVWAAY","Name":"Carol Ruiz","Birthdate":"2017-10-09T00:00:00.000Z"}},{"Category__c":"Event Registration","RecordTypeId":"012460000005G1FAAU","Amount__c":3499,"Tax__c":454.87,"Submitted__c":true,"Employee__c":"00346000002ojVWAAY","Id":"a0F46000000Fp76EAC","RecordType":{"Name":"Business Trips","Id":"012460000005G1FAAU"},"Employee__r":{"Id":"00346000002ojVWAAY","Name":"Carol Ruiz","Birthdate":"2017-10-09T00:00:00.000Z"}}]|0x5bd3fd7b
14:13:27.0 (41332012)|STATEMENT_EXECUTE|[25]
14:13:27.0 (41336508)|HEAP_ALLOCATE|[25]|Bytes:4
14:13:27.0 (41374812)|VARIABLE_ASSIGNMENT|[EXTERNAL]|this|{"CountTotalRecords":7,"OffsetSize":0,"QueryLimit":3,"queryString":"","wrappedExpenses":"0x7aeccff8"}|0x3bd8f53
14:13:27.0 (41383178)|HEAP_ALLOCATE|[EXTERNAL]|Bytes:4
14:13:27.0 (41387634)|VARIABLE_ASSIGNMENT|[EXTERNAL]|value|[]|0x3a2468a7
14:13:27.0 (41394530)|VARIABLE_ASSIGNMENT|[14]|this.wrappedExpenses|[]|0x3bd8f53
14:13:27.0 (41414109)|HEAP_ALLOCATE|[26]|Bytes:5
14:13:27.0 (41436574)|HEAP_ALLOCATE|[26]|Bytes:40
14:13:27.0 (41442838)|VARIABLE_SCOPE_BEGIN|[26]|ex|Expense__c|true|false
14:13:27.0 (41462329)|VARIABLE_ASSIGNMENT|[26]|ex|{"Category__c":"Transportation","RecordTypeId":"012460000005G1FAAU","Amount__c":3500,"Tax__c":455.00,"Submitted__c":true,"Employee__c":"00346000002ojVWAAY","Id":"a0F46000000FBblEAG","RecordType":{"Name":"Business Trips","Id":"012460000005G1FAAU"},"Employee__r":{"Id":"00346000002ojVWAAY","Name":"Carol Ruiz","Birthdate":"2017-10-09T00:00:00.000Z"}}|0x2d2eab41
14:13:27.0 (41466531)|STATEMENT_EXECUTE|[26]
14:13:27.0 (41467830)|STATEMENT_EXECUTE|[28]
14:13:27.0 (41489746)|VARIABLE_ASSIGNMENT|[EXTERNAL]|this|{"CountTotalRecords":7,"OffsetSize":0,"QueryLimit":3,"queryString":"","wrappedExpenses":"0x3a2468a7"}|0x3bd8f53
14:13:27.0 (41498410)|HEAP_ALLOCATE|[28]|Bytes:12
14:13:27.0 (41506706)|CONSTRUCTOR_ENTRY|[28]|01p46000003buu6|<init>(Expense__c,Boolean)
14:13:27.0 (41515709)|VARIABLE_SCOPE_BEGIN|[6]|this|ExpenseWrapper|true|false
14:13:27.0 (41525739)|VARIABLE_ASSIGNMENT|[6]|this|{}|0x2c320b
14:13:27.0 (41527623)|VARIABLE_SCOPE_BEGIN|[6]|ex|Expense__c|true|false
14:13:27.0 (41542101)|VARIABLE_ASSIGNMENT|[6]|ex|{"Category__c":"Transportation","RecordTypeId":"012460000005G1FAAU","Amount__c":3500,"Tax__c":455.00,"Submitted__c":true,"Employee__c":"00346000002ojVWAAY","Id":"a0F46000000FBblEAG","RecordType":{"Name":"Business Trips","Id":"012460000005G1FAAU"},"Employee__r":{"Id":"00346000002ojVWAAY","Name":"Carol Ruiz","Birthdate":"2017-10-09T00:00:00.000Z"}}|0x2d2eab41
14:13:27.0 (41546974)|VARIABLE_SCOPE_BEGIN|[6]|check|Boolean|false|false
14:13:27.0 (41549805)|VARIABLE_ASSIGNMENT|[6]|check|false
14:13:27.0 (41552100)|STATEMENT_EXECUTE|[1]
14:13:27.0 (41553221)|STATEMENT_EXECUTE|[3]
14:13:27.0 (41554386)|STATEMENT_EXECUTE|[4]
14:13:27.0 (41564534)|STATEMENT_EXECUTE|[6]
14:13:27.0 (41565650)|STATEMENT_EXECUTE|[8]
14:13:27.0 (41576294)|VARIABLE_ASSIGNMENT|[EXTERNAL]|this|{}|0x2c320b
14:13:27.0 (41589929)|VARIABLE_ASSIGNMENT|[EXTERNAL]|value|{"Category__c":"Transportation","RecordTypeId":"012460000005G1FAAU","Amount__c":3500,"Tax__c":455.00,"Submitted__c":true,"Employee__c":"00346000002ojVWAAY","Id":"a0F46000000FBblEAG","RecordType":{"Name":"Business Trips","Id":"012460000005G1FAAU"},"Employee__r":{"Id":"00346000002ojVWAAY","Name":"Carol Ruiz","Birthdate":"2017-10-09T00:00:00.000Z"}}|0x2d2eab41
14:13:27.0 (41604353)|VARIABLE_ASSIGNMENT|[3]|this.expense|{"Category__c":"Transportation","RecordTypeId":"012460000005G1FAAU","Amount__c":3500,"Tax__c":455.00,"Submitted__c":true,"Employee__c":"00346000002ojVWAAY","Id":"a0F46000000FBblEAG","RecordType":{"Name":"Business Trips","Id":"012460000005G1FAAU"},"Employee__r":{"Id":"00346000002ojVWAAY","Name":"Carol Ruiz","Birthdate":"2017-10-09T00:00:00.000Z"}}|0x2c320b
14:13:27.0 (41610107)|STATEMENT_EXECUTE|[9]
14:13:27.0 (41620830)|VARIABLE_ASSIGNMENT|[EXTERNAL]|this|{"expense":"0x2d2eab41"}|0x2c320b
14:13:27.0 (41625212)|VARIABLE_ASSIGNMENT|[EXTERNAL]|value|false
14:13:27.0 (41628238)|HEAP_ALLOCATE|[4]|Bytes:5
14:13:27.0 (41632557)|VARIABLE_ASSIGNMENT|[4]|this.checked|false|0x2c320b
14:13:27.0 (41640713)|CONSTRUCTOR_EXIT|[28]|01p46000003buu6|<init>(Expense__c,Boolean)
14:13:27.0 (41647551)|HEAP_ALLOCATE|[EXTERNAL]|Bytes:4
14:13:27.0 (41656021)|HEAP_ALLOCATE|[26]|Bytes:5
14:13:27.0 (41674645)|HEAP_ALLOCATE|[26]|Bytes:36
14:13:27.0 (41679829)|VARIABLE_SCOPE_BEGIN|[26]|ex|Expense__c|true|false
14:13:27.0 (41696511)|VARIABLE_ASSIGNMENT|[26]|ex|{"RecordTypeId":"012460000005G1FAAU","Amount__c":3000,"Tax__c":390.00,"Submitted__c":true,"Employee__c":"00346000002ojVWAAY","Id":"a0F46000000Fp6rEAC","RecordType":{"Name":"Business Trips","Id":"012460000005G1FAAU"},"Employee__r":{"Id":"00346000002ojVWAAY","Name":"Carol Ruiz","Birthdate":"2017-10-09T00:00:00.000Z"}}|0x427d9c0a
14:13:27.0 (41700494)|STATEMENT_EXECUTE|[26]
14:13:27.0 (41701761)|STATEMENT_EXECUTE|[28]
14:13:27.0 (41721868)|VARIABLE_ASSIGNMENT|[EXTERNAL]|this|{"CountTotalRecords":7,"OffsetSize":0,"QueryLimit":3,"queryString":"","wrappedExpenses":"0x3a2468a7"}|0x3bd8f53
14:13:27.0 (41729724)|HEAP_ALLOCATE|[28]|Bytes:12
14:13:27.0 (41736657)|CONSTRUCTOR_ENTRY|[28]|01p46000003buu6|<init>(Expense__c,Boolean)
14:13:27.0 (41739235)|VARIABLE_SCOPE_BEGIN|[6]|this|ExpenseWrapper|true|false
14:13:27.0 (41746978)|VARIABLE_ASSIGNMENT|[6]|this|{}|0x92442e1
14:13:27.0 (41748659)|VARIABLE_SCOPE_BEGIN|[6]|ex|Expense__c|true|false
14:13:27.0 (41761423)|VARIABLE_ASSIGNMENT|[6]|ex|{"RecordTypeId":"012460000005G1FAAU","Amount__c":3000,"Tax__c":390.00,"Submitted__c":true,"Employee__c":"00346000002ojVWAAY","Id":"a0F46000000Fp6rEAC","RecordType":{"Name":"Business Trips","Id":"012460000005G1FAAU"},"Employee__r":{"Id":"00346000002ojVWAAY","Name":"Carol Ruiz","Birthdate":"2017-10-09T00:00:00.000Z"}}|0x427d9c0a
14:13:27.0 (41765677)|VARIABLE_SCOPE_BEGIN|[6]|check|Boolean|false|false
14:13:27.0 (41768362)|VARIABLE_ASSIGNMENT|[6]|check|false
14:13:27.0 (41770432)|STATEMENT_EXECUTE|[1]
14:13:27.0 (41771481)|STATEMENT_EXECUTE|[3]
14:13:27.0 (41772553)|STATEMENT_EXECUTE|[4]
14:13:27.0 (41780683)|STATEMENT_EXECUTE|[6]
14:13:27.0 (41781772)|STATEMENT_EXECUTE|[8]
14:13:27.0 (41790896)|VARIABLE_ASSIGNMENT|[EXTERNAL]|this|{}|0x92442e1
14:13:27.0 (41803482)|VARIABLE_ASSIGNMENT|[EXTERNAL]|value|{"RecordTypeId":"012460000005G1FAAU","Amount__c":3000,"Tax__c":390.00,"Submitted__c":true,"Employee__c":"00346000002ojVWAAY","Id":"a0F46000000Fp6rEAC","RecordType":{"Name":"Business Trips","Id":"012460000005G1FAAU"},"Employee__r":{"Id":"00346000002ojVWAAY","Name":"Carol Ruiz","Birthdate":"2017-10-09T00:00:00.000Z"}}|0x427d9c0a
14:13:27.0 (41816719)|VARIABLE_ASSIGNMENT|[3]|this.expense|{"RecordTypeId":"012460000005G1FAAU","Amount__c":3000,"Tax__c":390.00,"Submitted__c":true,"Employee__c":"00346000002ojVWAAY","Id":"a0F46000000Fp6rEAC","RecordType":{"Name":"Business Trips","Id":"012460000005G1FAAU"},"Employee__r":{"Id":"00346000002ojVWAAY","Name":"Carol Ruiz","Birthdate":"2017-10-09T00:00:00.000Z"}}|0x92442e1
14:13:27.0 (41821860)|STATEMENT_EXECUTE|[9]
14:13:27.0 (41831716)|VARIABLE_ASSIGNMENT|[EXTERNAL]|this|{"expense":"0x427d9c0a"}|0x92442e1
14:13:27.0 (41835868)|VARIABLE_ASSIGNMENT|[EXTERNAL]|value|false
14:13:27.0 (41838579)|HEAP_ALLOCATE|[4]|Bytes:5
14:13:27.0 (41842445)|VARIABLE_ASSIGNMENT|[4]|this.checked|false|0x92442e1
14:13:27.0 (41849488)|CONSTRUCTOR_EXIT|[28]|01p46000003buu6|<init>(Expense__c,Boolean)
14:13:27.0 (41854835)|HEAP_ALLOCATE|[EXTERNAL]|Bytes:4
14:13:27.0 (41862866)|HEAP_ALLOCATE|[26]|Bytes:5
14:13:27.0 (41879522)|HEAP_ALLOCATE|[26]|Bytes:40
14:13:27.0 (41884310)|VARIABLE_SCOPE_BEGIN|[26]|ex|Expense__c|true|false
14:13:27.0 (41901270)|VARIABLE_ASSIGNMENT|[26]|ex|{"Category__c":"Event Registration","RecordTypeId":"012460000005G1FAAU","Amount__c":3499,"Tax__c":454.87,"Submitted__c":true,"Employee__c":"00346000002ojVWAAY","Id":"a0F46000000Fp76EAC","RecordType":{"Name":"Business Trips","Id":"012460000005G1FAAU"},"Employee__r":{"Id":"00346000002ojVWAAY","Name":"Carol Ruiz","Birthdate":"2017-10-09T00:00:00.000Z"}}|0x4ba19386
14:13:27.0 (41905173)|STATEMENT_EXECUTE|[26]
14:13:27.0 (41906528)|STATEMENT_EXECUTE|[28]
14:13:27.0 (41926060)|VARIABLE_ASSIGNMENT|[EXTERNAL]|this|{"CountTotalRecords":7,"OffsetSize":0,"QueryLimit":3,"queryString":"","wrappedExpenses":"0x3a2468a7"}|0x3bd8f53
14:13:27.0 (41933290)|HEAP_ALLOCATE|[28]|Bytes:12
14:13:27.0 (41939916)|CONSTRUCTOR_ENTRY|[28]|01p46000003buu6|<init>(Expense__c,Boolean)
14:13:27.0 (41942380)|VARIABLE_SCOPE_BEGIN|[6]|this|ExpenseWrapper|true|false
14:13:27.0 (41949419)|VARIABLE_ASSIGNMENT|[6]|this|{}|0x4d585e9b
14:13:27.0 (41951065)|VARIABLE_SCOPE_BEGIN|[6]|ex|Expense__c|true|false
14:13:27.0 (41963995)|VARIABLE_ASSIGNMENT|[6]|ex|{"Category__c":"Event Registration","RecordTypeId":"012460000005G1FAAU","Amount__c":3499,"Tax__c":454.87,"Submitted__c":true,"Employee__c":"00346000002ojVWAAY","Id":"a0F46000000Fp76EAC","RecordType":{"Name":"Business Trips","Id":"012460000005G1FAAU"},"Employee__r":{"Id":"00346000002ojVWAAY","Name":"Carol Ruiz","Birthdate":"2017-10-09T00:00:00.000Z"}}|0x4ba19386
14:13:27.0 (41968029)|VARIABLE_SCOPE_BEGIN|[6]|check|Boolean|false|false
14:13:27.0 (41970584)|VARIABLE_ASSIGNMENT|[6]|check|false
14:13:27.0 (41972518)|STATEMENT_EXECUTE|[1]
14:13:27.0 (41973532)|STATEMENT_EXECUTE|[3]
14:13:27.0 (41974719)|STATEMENT_EXECUTE|[4]
14:13:27.0 (41982365)|STATEMENT_EXECUTE|[6]
14:13:27.0 (41983468)|STATEMENT_EXECUTE|[8]
14:13:27.0 (41992596)|VARIABLE_ASSIGNMENT|[EXTERNAL]|this|{}|0x4d585e9b
14:13:27.0 (42005044)|VARIABLE_ASSIGNMENT|[EXTERNAL]|value|{"Category__c":"Event Registration","RecordTypeId":"012460000005G1FAAU","Amount__c":3499,"Tax__c":454.87,"Submitted__c":true,"Employee__c":"00346000002ojVWAAY","Id":"a0F46000000Fp76EAC","RecordType":{"Name":"Business Trips","Id":"012460000005G1FAAU"},"Employee__r":{"Id":"00346000002ojVWAAY","Name":"Carol Ruiz","Birthdate":"2017-10-09T00:00:00.000Z"}}|0x4ba19386
14:13:27.0 (42019842)|VARIABLE_ASSIGNMENT|[3]|this.expense|{"Category__c":"Event Registration","RecordTypeId":"012460000005G1FAAU","Amount__c":3499,"Tax__c":454.87,"Submitted__c":true,"Employee__c":"00346000002ojVWAAY","Id":"a0F46000000Fp76EAC","RecordType":{"Name":"Business Trips","Id":"012460000005G1FAAU"},"Employee__r":{"Id":"00346000002ojVWAAY","Name":"Carol Ruiz","Birthdate":"2017-10-09T00:00:00.000Z"}}|0x4d585e9b
14:13:27.0 (42024312)|STATEMENT_EXECUTE|[9]
14:13:27.0 (42034119)|VARIABLE_ASSIGNMENT|[EXTERNAL]|this|{"expense":"0x4ba19386"}|0x4d585e9b
14:13:27.0 (42037835)|VARIABLE_ASSIGNMENT|[EXTERNAL]|value|false
14:13:27.0 (42040412)|HEAP_ALLOCATE|[4]|Bytes:5
14:13:27.0 (42044142)|VARIABLE_ASSIGNMENT|[4]|this.checked|false|0x4d585e9b
14:13:27.0 (42050790)|CONSTRUCTOR_EXIT|[28]|01p46000003buu6|<init>(Expense__c,Boolean)
14:13:27.0 (42055992)|HEAP_ALLOCATE|[EXTERNAL]|Bytes:4
14:13:27.0 (42063578)|HEAP_ALLOCATE|[26]|Bytes:5
14:13:27.0 (42070346)|VARIABLE_ASSIGNMENT|[26]|ex|null|
14:13:27.0 (42072504)|STATEMENT_EXECUTE|[32]
14:13:27.0 (42088902)|VARIABLE_ASSIGNMENT|[EXTERNAL]|this|{"CountTotalRecords":7,"OffsetSize":0,"QueryLimit":3,"queryString":"","wrappedExpenses":"0x3a2468a7"}|0x3bd8f53
14:13:27.0 (43495243)|SYSTEM_MODE_ENTER|true
14:13:27.0 (43528041)|HEAP_ALLOCATE|[EXTERNAL]|Bytes:24
14:13:27.0 (43533288)|VARIABLE_SCOPE_BEGIN|[107]|this|ExpenseController|true|false
14:13:27.0 (43559616)|VARIABLE_ASSIGNMENT|[107]|this|{"CountTotalRecords":7,"OffsetSize":0,"QueryLimit":3,"queryString":"","wrappedExpenses":"0x3a2468a7"}|0x3bd8f53
14:13:27.0 (43566505)|STATEMENT_EXECUTE|[107]
14:13:27.0 (43570302)|STATEMENT_EXECUTE|[111]
14:13:27.0 (43575534)|HEAP_ALLOCATE|[111]|Bytes:5
14:13:27.0 (43815742)|SYSTEM_MODE_ENTER|true
14:13:27.0 (43840618)|HEAP_ALLOCATE|[EXTERNAL]|Bytes:24
14:13:27.0 (43845285)|VARIABLE_SCOPE_BEGIN|[114]|this|ExpenseController|true|false
14:13:27.0 (43868775)|VARIABLE_ASSIGNMENT|[114]|this|{"CountTotalRecords":7,"OffsetSize":0,"QueryLimit":3,"queryString":"","wrappedExpenses":"0x3a2468a7"}|0x3bd8f53
14:13:27.0 (43875082)|STATEMENT_EXECUTE|[114]
14:13:27.0 (43896639)|VARIABLE_ASSIGNMENT|[EXTERNAL]|this|{"CountTotalRecords":7,"OffsetSize":0,"QueryLimit":3,"queryString":"","wrappedExpenses":"0x3a2468a7"}|0x3bd8f53
14:13:27.0 (43904275)|STATEMENT_EXECUTE|[115]
14:13:27.0 (43905635)|STATEMENT_EXECUTE|[116]
14:13:27.0 (43910081)|HEAP_ALLOCATE|[116]|Bytes:5
14:13:27.0 (51058693)|VF_SERIALIZE_VIEWSTATE_BEGIN|06646000001BW08
14:13:27.0 (61692395)|VF_SERIALIZE_VIEWSTATE_END
14:13:27.0 (73906898)|CODE_UNIT_STARTED|[EXTERNAL]|Generate Metadata
14:13:27.0 (75235722)|CODE_UNIT_FINISHED|Generate Metadata
14:13:27.77 (77828041)|CUMULATIVE_LIMIT_USAGE
14:13:27.77 (77828041)|LIMIT_USAGE_FOR_NS|(default)|
  Number of SOQL queries: 2 out of 100
  Number of query rows: 6 out of 50000
  Number of SOSL queries: 0 out of 20
  Number of DML statements: 0 out of 150
  Number of DML rows: 0 out of 10000
  Maximum CPU time: 0 out of 10000
  Maximum heap size: 0 out of 6000000
  Number of callouts: 0 out of 100
  Number of Email Invocations: 0 out of 10
  Number of future calls: 0 out of 50
  Number of queueable jobs added to the queue: 0 out of 50
  Number of Mobile Apex push calls: 0 out of 10

14:13:27.77 (77828041)|CUMULATIVE_LIMIT_USAGE_END

14:13:27.0 (77875255)|CODE_UNIT_FINISHED|VF: /apex/ListOfEmployees
14:13:27.0 (78670505)|EXECUTION_FINISHED
