39.0 APEX_CODE,FINEST;APEX_PROFILING,INFO;CALLOUT,INFO;DB,INFO;SYSTEM,DEBUG;VALIDATION,INFO;VISUALFORCE,INFO;WAVE,INFO;WORKFLOW,INFO
17:09:59.0 (319313)|USER_INFO|[EXTERNAL]|00546000000Iihs|pacosta@altimetrik.com|Argentine Time|GMT-03:00
17:09:59.0 (339031)|EXECUTION_STARTED
17:09:59.0 (342202)|CODE_UNIT_STARTED|[EXTERNAL]|06646000001BW08|VF: /apex/ListOfEmployees
17:09:59.0 (863760)|VF_DESERIALIZE_VIEWSTATE_BEGIN|06646000001BW08
17:09:59.0 (6872648)|HEAP_ALLOCATE|[72]|Bytes:3
17:09:59.0 (6902577)|HEAP_ALLOCATE|[77]|Bytes:152
17:09:59.0 (6916136)|HEAP_ALLOCATE|[342]|Bytes:408
17:09:59.0 (6932728)|HEAP_ALLOCATE|[355]|Bytes:408
17:09:59.0 (6949126)|HEAP_ALLOCATE|[467]|Bytes:48
17:09:59.0 (6973960)|HEAP_ALLOCATE|[139]|Bytes:6
17:09:59.0 (6993895)|HEAP_ALLOCATE|[50]|Bytes:5
17:09:59.0 (7010154)|HEAP_ALLOCATE|[56]|Bytes:5
17:09:59.0 (7016193)|HEAP_ALLOCATE|[64]|Bytes:7
17:09:59.0 (8316438)|VF_DESERIALIZE_VIEWSTATE_END
17:09:59.0 (9555564)|SYSTEM_MODE_ENTER|true
17:09:59.0 (9771545)|HEAP_ALLOCATE|[EXTERNAL]|Bytes:14
17:09:59.0 (9777614)|HEAP_ALLOCATE|[EXTERNAL]|Bytes:96
17:09:59.0 (9779735)|HEAP_ALLOCATE|[EXTERNAL]|Bytes:24
17:09:59.0 (9786751)|METHOD_ENTRY|[1]|01p46000002wayn|ExpenseController.ExpenseController()
17:09:59.0 (9791480)|STATEMENT_EXECUTE|[1]
17:09:59.0 (9796313)|STATEMENT_EXECUTE|[1]
17:09:59.0 (9797809)|STATEMENT_EXECUTE|[97]
17:09:59.0 (9802729)|METHOD_EXIT|[1]|ExpenseController
17:09:59.0 (9809990)|HEAP_ALLOCATE|[EXTERNAL]|Bytes:12
17:09:59.0 (9815198)|VARIABLE_SCOPE_BEGIN|[8]|this|ExpenseController|true|false
17:09:59.0 (9859112)|VARIABLE_ASSIGNMENT|[8]|this|{"queryString":"","wrappedExpenses":"0x503da1d3"}|0x5f8147ec
17:09:59.0 (9866602)|STATEMENT_EXECUTE|[8]
17:09:59.0 (9867941)|STATEMENT_EXECUTE|[10]
17:09:59.0 (9870969)|HEAP_ALLOCATE|[10]|Bytes:161
17:09:59.0 (9889963)|HEAP_ALLOCATE|[10]|Bytes:161
17:09:59.0 (12390796)|SOQL_EXECUTE_BEGIN|[10]|Aggregations:0|SELECT Category__c, RecordType.Name, Amount__c, Tax__c, Client_Company__c, Submitted__c, Employee__r.Id, Employee__r.Name, Employee__r.Birthdate FROM Expense__c 
17:09:59.0 (20270026)|SOQL_EXECUTE_END|[10]|Rows:5
17:09:59.0 (20286365)|HEAP_ALLOCATE|[10]|Bytes:24
17:09:59.0 (20330864)|HEAP_ALLOCATE|[10]|Bytes:1579
17:09:59.0 (20380147)|HEAP_ALLOCATE|[10]|Bytes:24
17:09:59.0 (20396833)|VARIABLE_SCOPE_BEGIN|[10]|results|List<Expense__c>|true|false
17:09:59.0 (20470718)|VARIABLE_ASSIGNMENT|[10]|results|[{"Category__c":"Road Meals","RecordTypeId":"012460000005G1KAAU","Amount__c":8900,"Tax__c":1157.00,"Submitted__c":false,"Employee__c":"00346000002ojeGAAQ","Id":"a0F46000000FmUwEAK","RecordType":{"Name":"Client Meetings","Id":"012460000005G1KAAU"},"Employee__r":{"Id":"00346000002ojeGAAQ","Name":"Paolo Smith"}},{"RecordTypeId":"012460000005G1FAAU","Amount__c":3000,"Tax__c":390.00,"Submitted__c":true,"Employee__c":"00346000002ojVWAAY","Id":"a0F46000000Fp6rEAC","RecordType":{"Name":"Business Trips","Id":"012460000005G1FAAU"},"Employee__r":{"Id":"00346000002ojVWAAY","Name":"Carol Ruiz","Birthdate":"2017-10-09T00:00:00.000Z"}},{"Category__c":"Event Registration","RecordTypeId":"012460000005G1FAAU","Amount__c":3499,"Tax__c":454.87,"Submitted__c":true,"Employee__c":"00346000002ojVWAAY","Id":"a0F46000000Fp76EAC","RecordType":{"Name":"Business Trips","Id":"012460000005G1FAAU"},"Employee__r":{"Id":"00346000002ojVWAAY","Name":"Carol Ruiz","Birthdate":"2017-10-09T00:00:00.000Z"}},{"Category__c":"Event Registration","RecordTypeId":"012460000005G1KAAU","Amount__c":5600,"Tax__c":728.00,"Submitted__c":false,"Employee__c":"00346000002oeLWAAY","Id":"a0F46000000FBc6EAG","RecordType":{"Name":"Client Meetings","Id":"012460000005G1KAAU"},"Employee__r":{"Id":"00346000002oeLWAAY","Name":"Paulo Acosta"}},{"Category__c":"Transportation","RecordTypeId":"012460000005G1FAAU","Amount__c":3500,"Tax__c":455.00,"Submitted__c":false,"Employee__c":"00346000002ojVWAAY","Id":"a0F46000000FBblEAG","RecordType":{"Name":"Business Trips","Id":"012460000005G1FAAU"},"Employee__r":{"Id":"00346000002ojVWAAY","Name":"Carol Ruiz","Birthdate":"2017-10-09T00:00:00.000Z"}}]|0x36f9acb5
17:09:59.0 (20482643)|STATEMENT_EXECUTE|[15]
17:09:59.0 (20488888)|HEAP_ALLOCATE|[15]|Bytes:4
17:09:59.0 (20582303)|VARIABLE_ASSIGNMENT|[EXTERNAL]|this|{"queryString":"","wrappedExpenses":"0x503da1d3"}|0x5f8147ec
17:09:59.0 (20600970)|HEAP_ALLOCATE|[EXTERNAL]|Bytes:4
17:09:59.0 (20606511)|VARIABLE_ASSIGNMENT|[EXTERNAL]|value|[]|0x4dc14e6d
17:09:59.0 (20615969)|VARIABLE_ASSIGNMENT|[5]|this.wrappedExpenses|[]|0x5f8147ec
17:09:59.0 (20778683)|HEAP_ALLOCATE|[16]|Bytes:5
17:09:59.0 (20813172)|HEAP_ALLOCATE|[16]|Bytes:40
17:09:59.0 (20821900)|VARIABLE_SCOPE_BEGIN|[16]|ex|Expense__c|true|false
17:09:59.0 (20839389)|VARIABLE_ASSIGNMENT|[16]|ex|{"Category__c":"Road Meals","RecordTypeId":"012460000005G1KAAU","Amount__c":8900,"Tax__c":1157.00,"Submitted__c":false,"Employee__c":"00346000002ojeGAAQ","Id":"a0F46000000FmUwEAK","RecordType":{"Name":"Client Meetings","Id":"012460000005G1KAAU"},"Employee__r":{"Id":"00346000002ojeGAAQ","Name":"Paolo Smith"}}|0x31bff2f4
17:09:59.0 (20844785)|STATEMENT_EXECUTE|[16]
17:09:59.0 (20846595)|STATEMENT_EXECUTE|[18]
17:09:59.0 (20883700)|VARIABLE_ASSIGNMENT|[EXTERNAL]|this|{"queryString":"","wrappedExpenses":"0x4dc14e6d"}|0x5f8147ec
17:09:59.0 (20896376)|HEAP_ALLOCATE|[18]|Bytes:116
17:09:59.0 (20901180)|HEAP_ALLOCATE|[18]|Bytes:10
17:09:59.0 (20909393)|HEAP_ALLOCATE|[18]|Bytes:12
17:09:59.0 (20926066)|CONSTRUCTOR_ENTRY|[18]|01p46000002wayn|<init>(Expense__c,Boolean)
17:09:59.0 (20936336)|VARIABLE_SCOPE_BEGIN|[102]|this|ExpenseController.ExpenseWrapper|true|false
17:09:59.0 (20955306)|VARIABLE_ASSIGNMENT|[102]|this|{}|0x2bacc078
17:09:59.0 (20957948)|VARIABLE_SCOPE_BEGIN|[102]|ex|Expense__c|true|false
17:09:59.0 (20970851)|VARIABLE_ASSIGNMENT|[102]|ex|{"Category__c":"Road Meals","RecordTypeId":"012460000005G1KAAU","Amount__c":8900,"Tax__c":1157.00,"Submitted__c":false,"Employee__c":"00346000002ojeGAAQ","Id":"a0F46000000FmUwEAK","RecordType":{"Name":"Client Meetings","Id":"012460000005G1KAAU"},"Employee__r":{"Id":"00346000002ojeGAAQ","Name":"Paolo Smith"}}|0x31bff2f4
17:09:59.0 (20976329)|VARIABLE_SCOPE_BEGIN|[102]|check|Boolean|false|false
17:09:59.0 (20979168)|VARIABLE_ASSIGNMENT|[102]|check|false
17:09:59.0 (20982965)|STATEMENT_EXECUTE|[97]
17:09:59.0 (20984516)|STATEMENT_EXECUTE|[99]
17:09:59.0 (20985729)|STATEMENT_EXECUTE|[100]
17:09:59.0 (20991895)|HEAP_ALLOCATE|[104]|Bytes:6
17:09:59.0 (21024404)|STATEMENT_EXECUTE|[102]
17:09:59.0 (21027021)|STATEMENT_EXECUTE|[104]
17:09:59.0 (21088269)|VARIABLE_ASSIGNMENT|[EXTERNAL]|this|{}|0x2bacc078
17:09:59.0 (21102707)|VARIABLE_ASSIGNMENT|[EXTERNAL]|value|{"Category__c":"Road Meals","RecordTypeId":"012460000005G1KAAU","Amount__c":8900,"Tax__c":1157.00,"Submitted__c":false,"Employee__c":"00346000002ojeGAAQ","Id":"a0F46000000FmUwEAK","RecordType":{"Name":"Client Meetings","Id":"012460000005G1KAAU"},"Employee__r":{"Id":"00346000002ojeGAAQ","Name":"Paolo Smith"}}|0x31bff2f4
17:09:59.0 (21117085)|VARIABLE_ASSIGNMENT|[99]|this.expense|{"Category__c":"Road Meals","RecordTypeId":"012460000005G1KAAU","Amount__c":8900,"Tax__c":1157.00,"Submitted__c":false,"Employee__c":"00346000002ojeGAAQ","Id":"a0F46000000FmUwEAK","RecordType":{"Name":"Client Meetings","Id":"012460000005G1KAAU"},"Employee__r":{"Id":"00346000002ojeGAAQ","Name":"Paolo Smith"}}|0x2bacc078
17:09:59.0 (21126071)|STATEMENT_EXECUTE|[105]
17:09:59.0 (21162044)|VARIABLE_ASSIGNMENT|[EXTERNAL]|this|{"expense":"0x31bff2f4"}|0x2bacc078
17:09:59.0 (21169002)|VARIABLE_ASSIGNMENT|[EXTERNAL]|value|false
17:09:59.0 (21173063)|HEAP_ALLOCATE|[100]|Bytes:5
17:09:59.0 (21177369)|VARIABLE_ASSIGNMENT|[100]|this.checked|false|0x2bacc078
17:09:59.0 (21187085)|CONSTRUCTOR_EXIT|[18]|01p46000002wayn|<init>(Expense__c,Boolean)
17:09:59.0 (21199266)|HEAP_ALLOCATE|[EXTERNAL]|Bytes:4
17:09:59.0 (21209735)|HEAP_ALLOCATE|[16]|Bytes:5
17:09:59.0 (21233548)|HEAP_ALLOCATE|[16]|Bytes:36
17:09:59.0 (21239169)|VARIABLE_SCOPE_BEGIN|[16]|ex|Expense__c|true|false
17:09:59.0 (21259453)|VARIABLE_ASSIGNMENT|[16]|ex|{"RecordTypeId":"012460000005G1FAAU","Amount__c":3000,"Tax__c":390.00,"Submitted__c":true,"Employee__c":"00346000002ojVWAAY","Id":"a0F46000000Fp6rEAC","RecordType":{"Name":"Business Trips","Id":"012460000005G1FAAU"},"Employee__r":{"Id":"00346000002ojVWAAY","Name":"Carol Ruiz","Birthdate":"2017-10-09T00:00:00.000Z"}}|0x6a155299
17:09:59.0 (21264316)|STATEMENT_EXECUTE|[16]
17:09:59.0 (21265773)|STATEMENT_EXECUTE|[18]
17:09:59.0 (21283496)|VARIABLE_ASSIGNMENT|[EXTERNAL]|this|{"queryString":"","wrappedExpenses":"0x4dc14e6d"}|0x5f8147ec
17:09:59.0 (21291452)|HEAP_ALLOCATE|[18]|Bytes:12
17:09:59.0 (21299422)|CONSTRUCTOR_ENTRY|[18]|01p46000002wayn|<init>(Expense__c,Boolean)
17:09:59.0 (21302744)|VARIABLE_SCOPE_BEGIN|[102]|this|ExpenseController.ExpenseWrapper|true|false
17:09:59.0 (21311368)|VARIABLE_ASSIGNMENT|[102]|this|{}|0x4e11b7b5
17:09:59.0 (21313185)|VARIABLE_SCOPE_BEGIN|[102]|ex|Expense__c|true|false
17:09:59.0 (21327081)|VARIABLE_ASSIGNMENT|[102]|ex|{"RecordTypeId":"012460000005G1FAAU","Amount__c":3000,"Tax__c":390.00,"Submitted__c":true,"Employee__c":"00346000002ojVWAAY","Id":"a0F46000000Fp6rEAC","RecordType":{"Name":"Business Trips","Id":"012460000005G1FAAU"},"Employee__r":{"Id":"00346000002ojVWAAY","Name":"Carol Ruiz","Birthdate":"2017-10-09T00:00:00.000Z"}}|0x6a155299
17:09:59.0 (21330950)|VARIABLE_SCOPE_BEGIN|[102]|check|Boolean|false|false
17:09:59.0 (21333407)|VARIABLE_ASSIGNMENT|[102]|check|false
17:09:59.0 (21336636)|STATEMENT_EXECUTE|[97]
17:09:59.0 (21337966)|STATEMENT_EXECUTE|[99]
17:09:59.0 (21339235)|STATEMENT_EXECUTE|[100]
17:09:59.0 (21348404)|STATEMENT_EXECUTE|[102]
17:09:59.0 (21349688)|STATEMENT_EXECUTE|[104]
17:09:59.0 (21360073)|VARIABLE_ASSIGNMENT|[EXTERNAL]|this|{}|0x4e11b7b5
17:09:59.0 (21373504)|VARIABLE_ASSIGNMENT|[EXTERNAL]|value|{"RecordTypeId":"012460000005G1FAAU","Amount__c":3000,"Tax__c":390.00,"Submitted__c":true,"Employee__c":"00346000002ojVWAAY","Id":"a0F46000000Fp6rEAC","RecordType":{"Name":"Business Trips","Id":"012460000005G1FAAU"},"Employee__r":{"Id":"00346000002ojVWAAY","Name":"Carol Ruiz","Birthdate":"2017-10-09T00:00:00.000Z"}}|0x6a155299
17:09:59.0 (21387415)|VARIABLE_ASSIGNMENT|[99]|this.expense|{"RecordTypeId":"012460000005G1FAAU","Amount__c":3000,"Tax__c":390.00,"Submitted__c":true,"Employee__c":"00346000002ojVWAAY","Id":"a0F46000000Fp6rEAC","RecordType":{"Name":"Business Trips","Id":"012460000005G1FAAU"},"Employee__r":{"Id":"00346000002ojVWAAY","Name":"Carol Ruiz","Birthdate":"2017-10-09T00:00:00.000Z"}}|0x4e11b7b5
17:09:59.0 (21393186)|STATEMENT_EXECUTE|[105]
17:09:59.0 (21404103)|VARIABLE_ASSIGNMENT|[EXTERNAL]|this|{"expense":"0x6a155299"}|0x4e11b7b5
17:09:59.0 (21408453)|VARIABLE_ASSIGNMENT|[EXTERNAL]|value|false
17:09:59.0 (21411277)|HEAP_ALLOCATE|[100]|Bytes:5
17:09:59.0 (21415013)|VARIABLE_ASSIGNMENT|[100]|this.checked|false|0x4e11b7b5
17:09:59.0 (21423141)|CONSTRUCTOR_EXIT|[18]|01p46000002wayn|<init>(Expense__c,Boolean)
17:09:59.0 (21429940)|HEAP_ALLOCATE|[EXTERNAL]|Bytes:4
17:09:59.0 (21438529)|HEAP_ALLOCATE|[16]|Bytes:5
17:09:59.0 (21457542)|HEAP_ALLOCATE|[16]|Bytes:40
17:09:59.0 (21462238)|VARIABLE_SCOPE_BEGIN|[16]|ex|Expense__c|true|false
17:09:59.0 (21484131)|VARIABLE_ASSIGNMENT|[16]|ex|{"Category__c":"Event Registration","RecordTypeId":"012460000005G1FAAU","Amount__c":3499,"Tax__c":454.87,"Submitted__c":true,"Employee__c":"00346000002ojVWAAY","Id":"a0F46000000Fp76EAC","RecordType":{"Name":"Business Trips","Id":"012460000005G1FAAU"},"Employee__r":{"Id":"00346000002ojVWAAY","Name":"Carol Ruiz","Birthdate":"2017-10-09T00:00:00.000Z"}}|0x4940e1dc
17:09:59.0 (21489159)|STATEMENT_EXECUTE|[16]
17:09:59.0 (21490463)|STATEMENT_EXECUTE|[18]
17:09:59.0 (21506232)|VARIABLE_ASSIGNMENT|[EXTERNAL]|this|{"queryString":"","wrappedExpenses":"0x4dc14e6d"}|0x5f8147ec
17:09:59.0 (21513860)|HEAP_ALLOCATE|[18]|Bytes:12
17:09:59.0 (21521358)|CONSTRUCTOR_ENTRY|[18]|01p46000002wayn|<init>(Expense__c,Boolean)
17:09:59.0 (21524148)|VARIABLE_SCOPE_BEGIN|[102]|this|ExpenseController.ExpenseWrapper|true|false
17:09:59.0 (21531849)|VARIABLE_ASSIGNMENT|[102]|this|{}|0x666927a1
17:09:59.0 (21533407)|VARIABLE_SCOPE_BEGIN|[102]|ex|Expense__c|true|false
17:09:59.0 (21546941)|VARIABLE_ASSIGNMENT|[102]|ex|{"Category__c":"Event Registration","RecordTypeId":"012460000005G1FAAU","Amount__c":3499,"Tax__c":454.87,"Submitted__c":true,"Employee__c":"00346000002ojVWAAY","Id":"a0F46000000Fp76EAC","RecordType":{"Name":"Business Trips","Id":"012460000005G1FAAU"},"Employee__r":{"Id":"00346000002ojVWAAY","Name":"Carol Ruiz","Birthdate":"2017-10-09T00:00:00.000Z"}}|0x4940e1dc
17:09:59.0 (21551243)|VARIABLE_SCOPE_BEGIN|[102]|check|Boolean|false|false
17:09:59.0 (21553651)|VARIABLE_ASSIGNMENT|[102]|check|false
17:09:59.0 (21556485)|STATEMENT_EXECUTE|[97]
17:09:59.0 (21557715)|STATEMENT_EXECUTE|[99]
17:09:59.0 (21558953)|STATEMENT_EXECUTE|[100]
17:09:59.0 (21567467)|STATEMENT_EXECUTE|[102]
17:09:59.0 (21568670)|STATEMENT_EXECUTE|[104]
17:09:59.0 (21578720)|VARIABLE_ASSIGNMENT|[EXTERNAL]|this|{}|0x666927a1
17:09:59.0 (21591668)|VARIABLE_ASSIGNMENT|[EXTERNAL]|value|{"Category__c":"Event Registration","RecordTypeId":"012460000005G1FAAU","Amount__c":3499,"Tax__c":454.87,"Submitted__c":true,"Employee__c":"00346000002ojVWAAY","Id":"a0F46000000Fp76EAC","RecordType":{"Name":"Business Trips","Id":"012460000005G1FAAU"},"Employee__r":{"Id":"00346000002ojVWAAY","Name":"Carol Ruiz","Birthdate":"2017-10-09T00:00:00.000Z"}}|0x4940e1dc
17:09:59.0 (21605325)|VARIABLE_ASSIGNMENT|[99]|this.expense|{"Category__c":"Event Registration","RecordTypeId":"012460000005G1FAAU","Amount__c":3499,"Tax__c":454.87,"Submitted__c":true,"Employee__c":"00346000002ojVWAAY","Id":"a0F46000000Fp76EAC","RecordType":{"Name":"Business Trips","Id":"012460000005G1FAAU"},"Employee__r":{"Id":"00346000002ojVWAAY","Name":"Carol Ruiz","Birthdate":"2017-10-09T00:00:00.000Z"}}|0x666927a1
17:09:59.0 (21610948)|STATEMENT_EXECUTE|[105]
17:09:59.0 (21621771)|VARIABLE_ASSIGNMENT|[EXTERNAL]|this|{"expense":"0x4940e1dc"}|0x666927a1
17:09:59.0 (21626050)|VARIABLE_ASSIGNMENT|[EXTERNAL]|value|false
17:09:59.0 (21628808)|HEAP_ALLOCATE|[100]|Bytes:5
17:09:59.0 (21632463)|VARIABLE_ASSIGNMENT|[100]|this.checked|false|0x666927a1
17:09:59.0 (21639706)|CONSTRUCTOR_EXIT|[18]|01p46000002wayn|<init>(Expense__c,Boolean)
17:09:59.0 (21645861)|HEAP_ALLOCATE|[EXTERNAL]|Bytes:4
17:09:59.0 (21654119)|HEAP_ALLOCATE|[16]|Bytes:5
17:09:59.0 (21672549)|HEAP_ALLOCATE|[16]|Bytes:40
17:09:59.0 (21676933)|VARIABLE_SCOPE_BEGIN|[16]|ex|Expense__c|true|false
17:09:59.0 (21690236)|VARIABLE_ASSIGNMENT|[16]|ex|{"Category__c":"Event Registration","RecordTypeId":"012460000005G1KAAU","Amount__c":5600,"Tax__c":728.00,"Submitted__c":false,"Employee__c":"00346000002oeLWAAY","Id":"a0F46000000FBc6EAG","RecordType":{"Name":"Client Meetings","Id":"012460000005G1KAAU"},"Employee__r":{"Id":"00346000002oeLWAAY","Name":"Paulo Acosta"}}|0x6f870ef0
17:09:59.0 (21694534)|STATEMENT_EXECUTE|[16]
17:09:59.0 (21695750)|STATEMENT_EXECUTE|[18]
17:09:59.0 (21710068)|VARIABLE_ASSIGNMENT|[EXTERNAL]|this|{"queryString":"","wrappedExpenses":"0x4dc14e6d"}|0x5f8147ec
17:09:59.0 (21716695)|HEAP_ALLOCATE|[18]|Bytes:12
17:09:59.0 (21723468)|CONSTRUCTOR_ENTRY|[18]|01p46000002wayn|<init>(Expense__c,Boolean)
17:09:59.0 (21726097)|VARIABLE_SCOPE_BEGIN|[102]|this|ExpenseController.ExpenseWrapper|true|false
17:09:59.0 (21733635)|VARIABLE_ASSIGNMENT|[102]|this|{}|0x17fbaf79
17:09:59.0 (21735002)|VARIABLE_SCOPE_BEGIN|[102]|ex|Expense__c|true|false
17:09:59.0 (21745227)|VARIABLE_ASSIGNMENT|[102]|ex|{"Category__c":"Event Registration","RecordTypeId":"012460000005G1KAAU","Amount__c":5600,"Tax__c":728.00,"Submitted__c":false,"Employee__c":"00346000002oeLWAAY","Id":"a0F46000000FBc6EAG","RecordType":{"Name":"Client Meetings","Id":"012460000005G1KAAU"},"Employee__r":{"Id":"00346000002oeLWAAY","Name":"Paulo Acosta"}}|0x6f870ef0
17:09:59.0 (21749038)|VARIABLE_SCOPE_BEGIN|[102]|check|Boolean|false|false
17:09:59.0 (21751520)|VARIABLE_ASSIGNMENT|[102]|check|false
17:09:59.0 (21754070)|STATEMENT_EXECUTE|[97]
17:09:59.0 (21755374)|STATEMENT_EXECUTE|[99]
17:09:59.0 (21756616)|STATEMENT_EXECUTE|[100]
17:09:59.0 (21764233)|STATEMENT_EXECUTE|[102]
17:09:59.0 (21765537)|STATEMENT_EXECUTE|[104]
17:09:59.0 (21774564)|VARIABLE_ASSIGNMENT|[EXTERNAL]|this|{}|0x17fbaf79
17:09:59.0 (21784276)|VARIABLE_ASSIGNMENT|[EXTERNAL]|value|{"Category__c":"Event Registration","RecordTypeId":"012460000005G1KAAU","Amount__c":5600,"Tax__c":728.00,"Submitted__c":false,"Employee__c":"00346000002oeLWAAY","Id":"a0F46000000FBc6EAG","RecordType":{"Name":"Client Meetings","Id":"012460000005G1KAAU"},"Employee__r":{"Id":"00346000002oeLWAAY","Name":"Paulo Acosta"}}|0x6f870ef0
17:09:59.0 (21795382)|VARIABLE_ASSIGNMENT|[99]|this.expense|{"Category__c":"Event Registration","RecordTypeId":"012460000005G1KAAU","Amount__c":5600,"Tax__c":728.00,"Submitted__c":false,"Employee__c":"00346000002oeLWAAY","Id":"a0F46000000FBc6EAG","RecordType":{"Name":"Client Meetings","Id":"012460000005G1KAAU"},"Employee__r":{"Id":"00346000002oeLWAAY","Name":"Paulo Acosta"}}|0x17fbaf79
17:09:59.0 (21800796)|STATEMENT_EXECUTE|[105]
17:09:59.0 (21810275)|VARIABLE_ASSIGNMENT|[EXTERNAL]|this|{"expense":"0x6f870ef0"}|0x17fbaf79
17:09:59.0 (21814424)|VARIABLE_ASSIGNMENT|[EXTERNAL]|value|false
17:09:59.0 (21817096)|HEAP_ALLOCATE|[100]|Bytes:5
17:09:59.0 (21820455)|VARIABLE_ASSIGNMENT|[100]|this.checked|false|0x17fbaf79
17:09:59.0 (21827508)|CONSTRUCTOR_EXIT|[18]|01p46000002wayn|<init>(Expense__c,Boolean)
17:09:59.0 (21833351)|HEAP_ALLOCATE|[EXTERNAL]|Bytes:4
17:09:59.0 (21841211)|HEAP_ALLOCATE|[16]|Bytes:5
17:09:59.0 (21857288)|HEAP_ALLOCATE|[16]|Bytes:40
17:09:59.0 (21861620)|VARIABLE_SCOPE_BEGIN|[16]|ex|Expense__c|true|false
17:09:59.0 (21878603)|VARIABLE_ASSIGNMENT|[16]|ex|{"Category__c":"Transportation","RecordTypeId":"012460000005G1FAAU","Amount__c":3500,"Tax__c":455.00,"Submitted__c":false,"Employee__c":"00346000002ojVWAAY","Id":"a0F46000000FBblEAG","RecordType":{"Name":"Business Trips","Id":"012460000005G1FAAU"},"Employee__r":{"Id":"00346000002ojVWAAY","Name":"Carol Ruiz","Birthdate":"2017-10-09T00:00:00.000Z"}}|0x216179a6
17:09:59.0 (21883012)|STATEMENT_EXECUTE|[16]
17:09:59.0 (21884224)|STATEMENT_EXECUTE|[18]
17:09:59.0 (21899099)|VARIABLE_ASSIGNMENT|[EXTERNAL]|this|{"queryString":"","wrappedExpenses":"0x4dc14e6d"}|0x5f8147ec
17:09:59.0 (21905733)|HEAP_ALLOCATE|[18]|Bytes:12
17:09:59.0 (21912279)|CONSTRUCTOR_ENTRY|[18]|01p46000002wayn|<init>(Expense__c,Boolean)
17:09:59.0 (21914854)|VARIABLE_SCOPE_BEGIN|[102]|this|ExpenseController.ExpenseWrapper|true|false
17:09:59.0 (21921970)|VARIABLE_ASSIGNMENT|[102]|this|{}|0x3e1a2311
17:09:59.0 (21923405)|VARIABLE_SCOPE_BEGIN|[102]|ex|Expense__c|true|false
17:09:59.0 (21936150)|VARIABLE_ASSIGNMENT|[102]|ex|{"Category__c":"Transportation","RecordTypeId":"012460000005G1FAAU","Amount__c":3500,"Tax__c":455.00,"Submitted__c":false,"Employee__c":"00346000002ojVWAAY","Id":"a0F46000000FBblEAG","RecordType":{"Name":"Business Trips","Id":"012460000005G1FAAU"},"Employee__r":{"Id":"00346000002ojVWAAY","Name":"Carol Ruiz","Birthdate":"2017-10-09T00:00:00.000Z"}}|0x216179a6
17:09:59.0 (21940316)|VARIABLE_SCOPE_BEGIN|[102]|check|Boolean|false|false
17:09:59.0 (21942962)|VARIABLE_ASSIGNMENT|[102]|check|false
17:09:59.0 (21949224)|STATEMENT_EXECUTE|[97]
17:09:59.0 (21951532)|STATEMENT_EXECUTE|[99]
17:09:59.0 (21952759)|STATEMENT_EXECUTE|[100]
17:09:59.0 (21962279)|STATEMENT_EXECUTE|[102]
17:09:59.0 (21963510)|STATEMENT_EXECUTE|[104]
17:09:59.0 (21976760)|VARIABLE_ASSIGNMENT|[EXTERNAL]|this|{}|0x3e1a2311
17:09:59.0 (21991796)|VARIABLE_ASSIGNMENT|[EXTERNAL]|value|{"Category__c":"Transportation","RecordTypeId":"012460000005G1FAAU","Amount__c":3500,"Tax__c":455.00,"Submitted__c":false,"Employee__c":"00346000002ojVWAAY","Id":"a0F46000000FBblEAG","RecordType":{"Name":"Business Trips","Id":"012460000005G1FAAU"},"Employee__r":{"Id":"00346000002ojVWAAY","Name":"Carol Ruiz","Birthdate":"2017-10-09T00:00:00.000Z"}}|0x216179a6
17:09:59.0 (22005613)|VARIABLE_ASSIGNMENT|[99]|this.expense|{"Category__c":"Transportation","RecordTypeId":"012460000005G1FAAU","Amount__c":3500,"Tax__c":455.00,"Submitted__c":false,"Employee__c":"00346000002ojVWAAY","Id":"a0F46000000FBblEAG","RecordType":{"Name":"Business Trips","Id":"012460000005G1FAAU"},"Employee__r":{"Id":"00346000002ojVWAAY","Name":"Carol Ruiz","Birthdate":"2017-10-09T00:00:00.000Z"}}|0x3e1a2311
17:09:59.0 (22012019)|STATEMENT_EXECUTE|[105]
17:09:59.0 (22022743)|VARIABLE_ASSIGNMENT|[EXTERNAL]|this|{"expense":"0x216179a6"}|0x3e1a2311
17:09:59.0 (22027252)|VARIABLE_ASSIGNMENT|[EXTERNAL]|value|false
17:09:59.0 (22029996)|HEAP_ALLOCATE|[100]|Bytes:5
17:09:59.0 (22033379)|VARIABLE_ASSIGNMENT|[100]|this.checked|false|0x3e1a2311
17:09:59.0 (22041028)|CONSTRUCTOR_EXIT|[18]|01p46000002wayn|<init>(Expense__c,Boolean)
17:09:59.0 (22046936)|HEAP_ALLOCATE|[EXTERNAL]|Bytes:4
17:09:59.0 (22054805)|HEAP_ALLOCATE|[16]|Bytes:5
17:09:59.0 (22067277)|VARIABLE_ASSIGNMENT|[16]|ex|null|
17:09:59.0 (22070819)|STATEMENT_EXECUTE|[21]
17:09:59.0 (22096397)|VARIABLE_ASSIGNMENT|[EXTERNAL]|this|{"queryString":"","wrappedExpenses":"0x4dc14e6d"}|0x5f8147ec
17:09:59.0 (22954556)|HEAP_ALLOCATE|[EXTERNAL]|Bytes:5
17:09:59.0 (22958759)|HEAP_ALLOCATE|[EXTERNAL]|Bytes:12
17:09:59.0 (22966537)|VARIABLE_ASSIGNMENT|[EXTERNAL]|this.checked|false|0x2bacc078
17:09:59.0 (23009178)|HEAP_ALLOCATE|[EXTERNAL]|Bytes:5
17:09:59.0 (23012630)|HEAP_ALLOCATE|[EXTERNAL]|Bytes:12
17:09:59.0 (23017793)|VARIABLE_ASSIGNMENT|[EXTERNAL]|this.checked|false|0x4e11b7b5
17:09:59.0 (23051483)|HEAP_ALLOCATE|[EXTERNAL]|Bytes:5
17:09:59.0 (23053808)|HEAP_ALLOCATE|[EXTERNAL]|Bytes:12
17:09:59.0 (23058099)|VARIABLE_ASSIGNMENT|[EXTERNAL]|this.checked|false|0x666927a1
17:09:59.0 (23097784)|HEAP_ALLOCATE|[EXTERNAL]|Bytes:5
17:09:59.0 (23100246)|HEAP_ALLOCATE|[EXTERNAL]|Bytes:12
17:09:59.0 (23104847)|VARIABLE_ASSIGNMENT|[EXTERNAL]|this.checked|true|0x17fbaf79
17:09:59.0 (23138903)|HEAP_ALLOCATE|[EXTERNAL]|Bytes:5
17:09:59.0 (23141109)|HEAP_ALLOCATE|[EXTERNAL]|Bytes:12
17:09:59.0 (23145457)|VARIABLE_ASSIGNMENT|[EXTERNAL]|this.checked|false|0x3e1a2311
17:09:59.0 (23288418)|HEAP_ALLOCATE|[EXTERNAL]|Bytes:12
17:09:59.0 (23294287)|VARIABLE_SCOPE_BEGIN|[78]|this|ExpenseController|true|false
17:09:59.0 (23313496)|VARIABLE_ASSIGNMENT|[78]|this|{"queryString":"","wrappedExpenses":"0x4dc14e6d"}|0x5f8147ec
17:09:59.0 (23321306)|STATEMENT_EXECUTE|[78]
17:09:59.0 (23323228)|STATEMENT_EXECUTE|[80]
17:09:59.0 (23327812)|HEAP_ALLOCATE|[80]|Bytes:4
17:09:59.0 (23348308)|VARIABLE_SCOPE_BEGIN|[80]|updateExpenses|List<Expense__c>|true|false
17:09:59.0 (23353757)|HEAP_ALLOCATE|[EXTERNAL]|Bytes:4
17:09:59.0 (23358785)|VARIABLE_ASSIGNMENT|[80]|updateExpenses|[]|0x528ef358
17:09:59.0 (23384284)|VARIABLE_ASSIGNMENT|[EXTERNAL]|this|{"queryString":"","wrappedExpenses":"0x4dc14e6d"}|0x5f8147ec
17:09:59.0 (23458376)|HEAP_ALLOCATE|[82]|Bytes:5
17:09:59.0 (23469442)|HEAP_ALLOCATE|[82]|Bytes:12
17:09:59.0 (23473920)|VARIABLE_SCOPE_BEGIN|[82]|ep|ExpenseController.ExpenseWrapper|true|false
17:09:59.0 (23490019)|VARIABLE_ASSIGNMENT|[82]|ep|{"checked":false,"expense":"0x31bff2f4"}|0x2bacc078
17:09:59.0 (23493776)|STATEMENT_EXECUTE|[82]
17:09:59.0 (23522270)|VARIABLE_ASSIGNMENT|[EXTERNAL]|this|{"checked":false,"expense":"0x31bff2f4"}|0x2bacc078
17:09:59.0 (23531517)|STATEMENT_EXECUTE|[84]
17:09:59.0 (23539186)|HEAP_ALLOCATE|[82]|Bytes:5
17:09:59.0 (23545336)|HEAP_ALLOCATE|[82]|Bytes:12
17:09:59.0 (23548902)|VARIABLE_SCOPE_BEGIN|[82]|ep|ExpenseController.ExpenseWrapper|true|false
17:09:59.0 (23558893)|VARIABLE_ASSIGNMENT|[82]|ep|{"checked":false,"expense":"0x6a155299"}|0x4e11b7b5
17:09:59.0 (23561330)|STATEMENT_EXECUTE|[82]
17:09:59.0 (23571490)|VARIABLE_ASSIGNMENT|[EXTERNAL]|this|{"checked":false,"expense":"0x6a155299"}|0x4e11b7b5
17:09:59.0 (23577246)|STATEMENT_EXECUTE|[84]
17:09:59.0 (23582755)|HEAP_ALLOCATE|[82]|Bytes:5
17:09:59.0 (23588057)|HEAP_ALLOCATE|[82]|Bytes:12
17:09:59.0 (23590905)|VARIABLE_SCOPE_BEGIN|[82]|ep|ExpenseController.ExpenseWrapper|true|false
17:09:59.0 (23599299)|VARIABLE_ASSIGNMENT|[82]|ep|{"checked":false,"expense":"0x4940e1dc"}|0x666927a1
17:09:59.0 (23601457)|STATEMENT_EXECUTE|[82]
17:09:59.0 (23610873)|VARIABLE_ASSIGNMENT|[EXTERNAL]|this|{"checked":false,"expense":"0x4940e1dc"}|0x666927a1
17:09:59.0 (23615333)|STATEMENT_EXECUTE|[84]
17:09:59.0 (23620136)|HEAP_ALLOCATE|[82]|Bytes:5
17:09:59.0 (23625155)|HEAP_ALLOCATE|[82]|Bytes:12
17:09:59.0 (23627784)|VARIABLE_SCOPE_BEGIN|[82]|ep|ExpenseController.ExpenseWrapper|true|false
17:09:59.0 (23636221)|VARIABLE_ASSIGNMENT|[82]|ep|{"checked":true,"expense":"0x6f870ef0"}|0x17fbaf79
17:09:59.0 (23638463)|STATEMENT_EXECUTE|[82]
17:09:59.0 (23647521)|VARIABLE_ASSIGNMENT|[EXTERNAL]|this|{"checked":true,"expense":"0x6f870ef0"}|0x17fbaf79
17:09:59.0 (23652274)|STATEMENT_EXECUTE|[84]
17:09:59.0 (23653724)|STATEMENT_EXECUTE|[86]
17:09:59.0 (23678396)|VARIABLE_ASSIGNMENT|[EXTERNAL]|this|{"checked":true,"expense":"0x6f870ef0"}|0x17fbaf79
17:09:59.0 (23745080)|VARIABLE_ASSIGNMENT|[86]|this.Submitted__c|true|0x6f870ef0
17:09:59.0 (23748887)|STATEMENT_EXECUTE|[87]
17:09:59.0 (23774222)|VARIABLE_ASSIGNMENT|[EXTERNAL]|this|{"checked":true,"expense":"0x6f870ef0"}|0x17fbaf79
17:09:59.0 (23786748)|HEAP_ALLOCATE|[EXTERNAL]|Bytes:4
17:09:59.0 (23796939)|HEAP_ALLOCATE|[82]|Bytes:5
17:09:59.0 (23802945)|HEAP_ALLOCATE|[82]|Bytes:12
17:09:59.0 (23806256)|VARIABLE_SCOPE_BEGIN|[82]|ep|ExpenseController.ExpenseWrapper|true|false
17:09:59.0 (23817011)|VARIABLE_ASSIGNMENT|[82]|ep|{"checked":false,"expense":"0x216179a6"}|0x3e1a2311
17:09:59.0 (23819809)|STATEMENT_EXECUTE|[82]
17:09:59.0 (23829665)|VARIABLE_ASSIGNMENT|[EXTERNAL]|this|{"checked":false,"expense":"0x216179a6"}|0x3e1a2311
17:09:59.0 (23834471)|STATEMENT_EXECUTE|[84]
17:09:59.0 (23839520)|HEAP_ALLOCATE|[82]|Bytes:5
17:09:59.0 (23845425)|VARIABLE_ASSIGNMENT|[82]|ep|null|
17:09:59.0 (23847727)|STATEMENT_EXECUTE|[92]
17:09:59.0 (23884249)|DML_BEGIN|[92]|Op:Update|Type:Expense__c|Rows:1
17:09:59.0 (23904500)|HEAP_ALLOCATE|[EXTERNAL]|Bytes:8
17:09:59.0 (47735285)|CODE_UNIT_STARTED|[EXTERNAL]|01q46000000Qd5z|UpdateOrDeleteExpenseTrigger on Expense trigger event BeforeUpdate for [a0F46000000FBc6]
17:09:59.0 (47771795)|HEAP_ALLOCATE|[EXTERNAL]|Bytes:8
17:09:59.0 (47794550)|HEAP_ALLOCATE|[EXTERNAL]|Bytes:8
17:09:59.0 (47861746)|HEAP_ALLOCATE|[EXTERNAL]|Bytes:4
17:09:59.0 (47868092)|VARIABLE_SCOPE_BEGIN|[1]|this|UpdateOrDeleteExpenseTrigger|true|false
17:09:59.0 (47888944)|VARIABLE_ASSIGNMENT|[1]|this|{}|0x57c35d2e
17:09:59.0 (47922123)|HEAP_ALLOCATE|[EXTERNAL]|Bytes:4
17:09:59.0 (47926566)|VARIABLE_SCOPE_BEGIN|[1]|this|UpdateOrDeleteExpenseTrigger|true|false
17:09:59.0 (47934033)|VARIABLE_ASSIGNMENT|[1]|this|{}|0x57c35d2e
17:09:59.0 (47938417)|STATEMENT_EXECUTE|[1]
17:09:59.0 (47954294)|STATEMENT_EXECUTE|[3]
17:09:59.0 (47959297)|STATEMENT_EXECUTE|[15]
17:09:59.0 (48006595)|HEAP_ALLOCATE|[17]|Bytes:5
17:09:59.0 (48020938)|HEAP_ALLOCATE|[17]|Bytes:4
17:09:59.0 (48026484)|VARIABLE_SCOPE_BEGIN|[17]|ex|Expense__c|true|false
17:09:59.0 (48648593)|VARIABLE_ASSIGNMENT|[17]|ex|{"Expense_Status__c":"NOT SUBMITTED","LastModifiedDate":"2017-03-21T17:55:43.000Z","IsDeleted":false,"Name":"test2","SystemModstamp":"2017-03-23T10:31:00.000Z","Employee__c":"00346000002oeLWAAY","OwnerId":"00546000000IihsAAC","CreatedById":"00546000000IihsAAC","Amount__c":5600,"Submitted__c":true,"Category__c":"Event Registration","RecordTypeId":"012460000005G1KAAU","CreatedDate":"2017-03-21T17:55:43.000Z","Id":"a0F46000000FBc6EAG","LastModifiedById":"00546000000IihsAAC","Tax__c":728.00}|0x21ba7ac1
17:09:59.0 (48656091)|STATEMENT_EXECUTE|[17]
17:09:59.0 (67791037)|HEAP_ALLOCATE|[20]|Bytes:13
17:09:59.0 (67867044)|STATEMENT_EXECUTE|[26]
17:09:59.0 (67961623)|STATEMENT_EXECUTE|[28]
17:09:59.0 (67963849)|STATEMENT_EXECUTE|[30]
17:09:59.0 (67967119)|HEAP_ALLOCATE|[30]|Bytes:9
17:09:59.0 (68169693)|VARIABLE_ASSIGNMENT|[30]|this.Expense_Status__c|"SUBMITTED"|0x21ba7ac1
17:09:59.0 (68201630)|HEAP_ALLOCATE|[17]|Bytes:5
17:09:59.0 (68222400)|VARIABLE_ASSIGNMENT|[17]|ex|null|
17:09:59.68 (68235454)|CUMULATIVE_LIMIT_USAGE
17:09:59.68 (68235454)|LIMIT_USAGE_FOR_NS|(default)|
  Number of SOQL queries: 1 out of 100
  Number of query rows: 5 out of 50000
  Number of SOSL queries: 0 out of 20
  Number of DML statements: 1 out of 150
  Number of DML rows: 1 out of 10000
  Maximum CPU time: 0 out of 10000
  Maximum heap size: 0 out of 6000000
  Number of callouts: 0 out of 100
  Number of Email Invocations: 0 out of 10
  Number of future calls: 0 out of 50
  Number of queueable jobs added to the queue: 0 out of 50
  Number of Mobile Apex push calls: 0 out of 10

17:09:59.68 (68235454)|CUMULATIVE_LIMIT_USAGE_END

17:09:59.0 (70205101)|CODE_UNIT_FINISHED|UpdateOrDeleteExpenseTrigger on Expense trigger event BeforeUpdate for [a0F46000000FBc6]
17:09:59.0 (74257260)|CODE_UNIT_STARTED|[EXTERNAL]|Validation:Expense:a0F46000000FBc6
17:09:59.0 (74266225)|VALIDATION_RULE|03d46000000DMqh|InsertOtherValue
17:09:59.0 (74420165)|VALIDATION_FORMULA|AND (IF (ISPICKVAL( Category__c , "Other"), true, false),  ISBLANK( Other__c ) )|Category__c=Event Registration , Other__c=null
17:09:59.0 (74424971)|VALIDATION_PASS
17:09:59.0 (74453065)|CODE_UNIT_FINISHED|Validation:Expense:a0F46000000FBc6
17:09:59.0 (84632172)|CODE_UNIT_STARTED|[EXTERNAL]|Workflow:01I46000000AdSk
17:09:59.0 (91274918)|WF_RULE_EVAL_BEGIN|Workflow
17:09:59.0 (91292689)|WF_CRITERIA_BEGIN|[Expense: test2 a0F46000000FBc6]|High_Value_Expense_Email_Alert30146000000Cjmi|01Q460000000EDT|ON_ALL_CHANGES|0
17:09:59.0 (91357211)|WF_FORMULA|Formula:ENCODED:[treatNullAsNull]true|Values:
17:09:59.0 (91361156)|WF_CRITERIA_END|true
17:09:59.0 (91805327)|WF_SPOOL_ACTION_BEGIN|Workflow
17:09:59.0 (91826391)|WF_ACTION| Flow Trigger: 1;
17:09:59.0 (91829198)|WF_RULE_EVAL_END
17:09:59.0 (92343990)|WF_FLOW_ACTION_BEGIN|09L46000000Lo2w
17:09:59.92 (92404459)|FLOW_CREATE_INTERVIEW_BEGIN|00D46000000buVW|30046000000Grmv|30146000000Cjmi
17:09:59.92 (93872960)|FLOW_CREATE_INTERVIEW_END|568735fbfd7cedc79b646cff9eb815afcaa7cf8-2501|High Value Expense Email Alert
17:09:59.94 (94199264)|FLOW_START_INTERVIEWS_BEGIN|1
17:09:59.94 (94849930)|FLOW_START_INTERVIEW_BEGIN|568735fbfd7cedc79b646cff9eb815afcaa7cf8-2501|High Value Expense Email Alert
17:09:59.94 (95507802)|FLOW_START_INTERVIEW_END|568735fbfd7cedc79b646cff9eb815afcaa7cf8-2501|High Value Expense Email Alert
17:09:59.94 (135946168)|WF_EMAIL_SENT|Reference:Expense__c.HIgh_value_Expense_Created|Recipients:pacosta@altimetrik.com |CcEmails:
17:09:59.94 (136179147)|FLOW_START_INTERVIEWS_END|1
17:09:59.0 (137113910)|WF_FLOW_ACTION_END|09L46000000Lo2w
17:09:59.0 (137185861)|WF_ACTIONS_END| Flow Trigger: 1;
17:09:59.0 (137191533)|CODE_UNIT_FINISHED|Workflow:01I46000000AdSk
17:09:59.0 (139370838)|DML_END|[92]
17:09:59.0 (139442698)|HEAP_ALLOCATE|[EXTERNAL]|Bytes:8
17:09:59.0 (157777717)|SYSTEM_MODE_ENTER|true
17:09:59.0 (157825551)|HEAP_ALLOCATE|[EXTERNAL]|Bytes:12
17:09:59.0 (157833464)|VARIABLE_SCOPE_BEGIN|[8]|this|ExpenseController|true|false
17:09:59.0 (157868609)|VARIABLE_ASSIGNMENT|[8]|this|{"queryString":"","wrappedExpenses":"0x4dc14e6d"}|0x5f8147ec
17:09:59.0 (157878360)|STATEMENT_EXECUTE|[8]
17:09:59.0 (157880326)|STATEMENT_EXECUTE|[10]
17:09:59.0 (157891879)|HEAP_ALLOCATE|[10]|Bytes:161
17:09:59.0 (158231591)|SOQL_EXECUTE_BEGIN|[10]|Aggregations:0|SELECT Category__c, RecordType.Name, Amount__c, Tax__c, Client_Company__c, Submitted__c, Employee__r.Id, Employee__r.Name, Employee__r.Birthdate FROM Expense__c 
17:09:59.0 (165557932)|SOQL_EXECUTE_END|[10]|Rows:5
17:09:59.0 (165573396)|HEAP_ALLOCATE|[10]|Bytes:24
17:09:59.0 (165619749)|HEAP_ALLOCATE|[10]|Bytes:1579
17:09:59.0 (165642892)|HEAP_ALLOCATE|[10]|Bytes:24
17:09:59.0 (165657095)|VARIABLE_SCOPE_BEGIN|[10]|results|List<Expense__c>|true|false
17:09:59.0 (165731786)|VARIABLE_ASSIGNMENT|[10]|results|[{"Category__c":"Road Meals","RecordTypeId":"012460000005G1KAAU","Amount__c":8900,"Tax__c":1157.00,"Submitted__c":false,"Employee__c":"00346000002ojeGAAQ","Id":"a0F46000000FmUwEAK","RecordType":{"Name":"Client Meetings","Id":"012460000005G1KAAU"},"Employee__r":{"Id":"00346000002ojeGAAQ","Name":"Paolo Smith"}},{"RecordTypeId":"012460000005G1FAAU","Amount__c":3000,"Tax__c":390.00,"Submitted__c":true,"Employee__c":"00346000002ojVWAAY","Id":"a0F46000000Fp6rEAC","RecordType":{"Name":"Business Trips","Id":"012460000005G1FAAU"},"Employee__r":{"Id":"00346000002ojVWAAY","Name":"Carol Ruiz","Birthdate":"2017-10-09T00:00:00.000Z"}},{"Category__c":"Event Registration","RecordTypeId":"012460000005G1FAAU","Amount__c":3499,"Tax__c":454.87,"Submitted__c":true,"Employee__c":"00346000002ojVWAAY","Id":"a0F46000000Fp76EAC","RecordType":{"Name":"Business Trips","Id":"012460000005G1FAAU"},"Employee__r":{"Id":"00346000002ojVWAAY","Name":"Carol Ruiz","Birthdate":"2017-10-09T00:00:00.000Z"}},{"Category__c":"Event Registration","RecordTypeId":"012460000005G1KAAU","Amount__c":5600,"Tax__c":728.00,"Submitted__c":true,"Employee__c":"00346000002oeLWAAY","Id":"a0F46000000FBc6EAG","RecordType":{"Name":"Client Meetings","Id":"012460000005G1KAAU"},"Employee__r":{"Id":"00346000002oeLWAAY","Name":"Paulo Acosta"}},{"Category__c":"Transportation","RecordTypeId":"012460000005G1FAAU","Amount__c":3500,"Tax__c":455.00,"Submitted__c":false,"Employee__c":"00346000002ojVWAAY","Id":"a0F46000000FBblEAG","RecordType":{"Name":"Business Trips","Id":"012460000005G1FAAU"},"Employee__r":{"Id":"00346000002ojVWAAY","Name":"Carol Ruiz","Birthdate":"2017-10-09T00:00:00.000Z"}}]|0x7fa068e4
17:09:59.0 (165742275)|STATEMENT_EXECUTE|[15]
17:09:59.0 (165749300)|HEAP_ALLOCATE|[15]|Bytes:4
17:09:59.0 (165789025)|VARIABLE_ASSIGNMENT|[EXTERNAL]|this|{"queryString":"","wrappedExpenses":"0x4dc14e6d"}|0x5f8147ec
17:09:59.0 (165800880)|HEAP_ALLOCATE|[EXTERNAL]|Bytes:4
17:09:59.0 (165806159)|VARIABLE_ASSIGNMENT|[EXTERNAL]|value|[]|0x3d4271e
17:09:59.0 (165815051)|VARIABLE_ASSIGNMENT|[5]|this.wrappedExpenses|[]|0x5f8147ec
17:09:59.0 (165838990)|HEAP_ALLOCATE|[16]|Bytes:5
17:09:59.0 (165863714)|HEAP_ALLOCATE|[16]|Bytes:40
17:09:59.0 (165871559)|VARIABLE_SCOPE_BEGIN|[16]|ex|Expense__c|true|false
17:09:59.0 (165887230)|VARIABLE_ASSIGNMENT|[16]|ex|{"Category__c":"Road Meals","RecordTypeId":"012460000005G1KAAU","Amount__c":8900,"Tax__c":1157.00,"Submitted__c":false,"Employee__c":"00346000002ojeGAAQ","Id":"a0F46000000FmUwEAK","RecordType":{"Name":"Client Meetings","Id":"012460000005G1KAAU"},"Employee__r":{"Id":"00346000002ojeGAAQ","Name":"Paolo Smith"}}|0x38fbd902
17:09:59.0 (165891964)|STATEMENT_EXECUTE|[16]
17:09:59.0 (165893691)|STATEMENT_EXECUTE|[18]
17:09:59.0 (165911779)|VARIABLE_ASSIGNMENT|[EXTERNAL]|this|{"queryString":"","wrappedExpenses":"0x3d4271e"}|0x5f8147ec
17:09:59.0 (165922824)|HEAP_ALLOCATE|[18]|Bytes:12
17:09:59.0 (165935035)|CONSTRUCTOR_ENTRY|[18]|01p46000002wayn|<init>(Expense__c,Boolean)
17:09:59.0 (165938857)|VARIABLE_SCOPE_BEGIN|[102]|this|ExpenseController.ExpenseWrapper|true|false
17:09:59.0 (165949843)|VARIABLE_ASSIGNMENT|[102]|this|{}|0x5b2de8c2
17:09:59.0 (165951892)|VARIABLE_SCOPE_BEGIN|[102]|ex|Expense__c|true|false
17:09:59.0 (165962738)|VARIABLE_ASSIGNMENT|[102]|ex|{"Category__c":"Road Meals","RecordTypeId":"012460000005G1KAAU","Amount__c":8900,"Tax__c":1157.00,"Submitted__c":false,"Employee__c":"00346000002ojeGAAQ","Id":"a0F46000000FmUwEAK","RecordType":{"Name":"Client Meetings","Id":"012460000005G1KAAU"},"Employee__r":{"Id":"00346000002ojeGAAQ","Name":"Paolo Smith"}}|0x38fbd902
17:09:59.0 (165967767)|VARIABLE_SCOPE_BEGIN|[102]|check|Boolean|false|false
17:09:59.0 (165970766)|VARIABLE_ASSIGNMENT|[102]|check|false
17:09:59.0 (165974470)|STATEMENT_EXECUTE|[97]
17:09:59.0 (165976142)|STATEMENT_EXECUTE|[99]
17:09:59.0 (165977597)|STATEMENT_EXECUTE|[100]
17:09:59.0 (165993516)|STATEMENT_EXECUTE|[102]
17:09:59.0 (165995117)|STATEMENT_EXECUTE|[104]
17:09:59.0 (166006767)|VARIABLE_ASSIGNMENT|[EXTERNAL]|this|{}|0x5b2de8c2
17:09:59.0 (166018044)|VARIABLE_ASSIGNMENT|[EXTERNAL]|value|{"Category__c":"Road Meals","RecordTypeId":"012460000005G1KAAU","Amount__c":8900,"Tax__c":1157.00,"Submitted__c":false,"Employee__c":"00346000002ojeGAAQ","Id":"a0F46000000FmUwEAK","RecordType":{"Name":"Client Meetings","Id":"012460000005G1KAAU"},"Employee__r":{"Id":"00346000002ojeGAAQ","Name":"Paolo Smith"}}|0x38fbd902
17:09:59.0 (166030862)|VARIABLE_ASSIGNMENT|[99]|this.expense|{"Category__c":"Road Meals","RecordTypeId":"012460000005G1KAAU","Amount__c":8900,"Tax__c":1157.00,"Submitted__c":false,"Employee__c":"00346000002ojeGAAQ","Id":"a0F46000000FmUwEAK","RecordType":{"Name":"Client Meetings","Id":"012460000005G1KAAU"},"Employee__r":{"Id":"00346000002ojeGAAQ","Name":"Paolo Smith"}}|0x5b2de8c2
17:09:59.0 (166036226)|STATEMENT_EXECUTE|[105]
17:09:59.0 (166048209)|VARIABLE_ASSIGNMENT|[EXTERNAL]|this|{"expense":"0x38fbd902"}|0x5b2de8c2
17:09:59.0 (166053033)|VARIABLE_ASSIGNMENT|[EXTERNAL]|value|false
17:09:59.0 (166056385)|HEAP_ALLOCATE|[100]|Bytes:5
17:09:59.0 (166064930)|VARIABLE_ASSIGNMENT|[100]|this.checked|false|0x5b2de8c2
17:09:59.0 (166073608)|CONSTRUCTOR_EXIT|[18]|01p46000002wayn|<init>(Expense__c,Boolean)
17:09:59.0 (166083402)|HEAP_ALLOCATE|[EXTERNAL]|Bytes:4
17:09:59.0 (166093463)|HEAP_ALLOCATE|[16]|Bytes:5
17:09:59.0 (166114033)|HEAP_ALLOCATE|[16]|Bytes:36
17:09:59.0 (166118852)|VARIABLE_SCOPE_BEGIN|[16]|ex|Expense__c|true|false
17:09:59.0 (166137272)|VARIABLE_ASSIGNMENT|[16]|ex|{"RecordTypeId":"012460000005G1FAAU","Amount__c":3000,"Tax__c":390.00,"Submitted__c":true,"Employee__c":"00346000002ojVWAAY","Id":"a0F46000000Fp6rEAC","RecordType":{"Name":"Business Trips","Id":"012460000005G1FAAU"},"Employee__r":{"Id":"00346000002ojVWAAY","Name":"Carol Ruiz","Birthdate":"2017-10-09T00:00:00.000Z"}}|0x5ba68ff1
17:09:59.0 (166141530)|STATEMENT_EXECUTE|[16]
17:09:59.0 (166142911)|STATEMENT_EXECUTE|[18]
17:09:59.0 (166160170)|VARIABLE_ASSIGNMENT|[EXTERNAL]|this|{"queryString":"","wrappedExpenses":"0x3d4271e"}|0x5f8147ec
17:09:59.0 (166168577)|HEAP_ALLOCATE|[18]|Bytes:12
17:09:59.0 (166176538)|CONSTRUCTOR_ENTRY|[18]|01p46000002wayn|<init>(Expense__c,Boolean)
17:09:59.0 (166179489)|VARIABLE_SCOPE_BEGIN|[102]|this|ExpenseController.ExpenseWrapper|true|false
17:09:59.0 (166187927)|VARIABLE_ASSIGNMENT|[102]|this|{}|0x62f809db
17:09:59.0 (166189733)|VARIABLE_SCOPE_BEGIN|[102]|ex|Expense__c|true|false
17:09:59.0 (166202945)|VARIABLE_ASSIGNMENT|[102]|ex|{"RecordTypeId":"012460000005G1FAAU","Amount__c":3000,"Tax__c":390.00,"Submitted__c":true,"Employee__c":"00346000002ojVWAAY","Id":"a0F46000000Fp6rEAC","RecordType":{"Name":"Business Trips","Id":"012460000005G1FAAU"},"Employee__r":{"Id":"00346000002ojVWAAY","Name":"Carol Ruiz","Birthdate":"2017-10-09T00:00:00.000Z"}}|0x5ba68ff1
17:09:59.0 (166207058)|VARIABLE_SCOPE_BEGIN|[102]|check|Boolean|false|false
17:09:59.0 (166209877)|VARIABLE_ASSIGNMENT|[102]|check|false
17:09:59.0 (166212753)|STATEMENT_EXECUTE|[97]
17:09:59.0 (166214030)|STATEMENT_EXECUTE|[99]
17:09:59.0 (166215261)|STATEMENT_EXECUTE|[100]
17:09:59.0 (166224030)|STATEMENT_EXECUTE|[102]
17:09:59.0 (166225468)|STATEMENT_EXECUTE|[104]
17:09:59.0 (166235677)|VARIABLE_ASSIGNMENT|[EXTERNAL]|this|{}|0x62f809db
17:09:59.0 (166248406)|VARIABLE_ASSIGNMENT|[EXTERNAL]|value|{"RecordTypeId":"012460000005G1FAAU","Amount__c":3000,"Tax__c":390.00,"Submitted__c":true,"Employee__c":"00346000002ojVWAAY","Id":"a0F46000000Fp6rEAC","RecordType":{"Name":"Business Trips","Id":"012460000005G1FAAU"},"Employee__r":{"Id":"00346000002ojVWAAY","Name":"Carol Ruiz","Birthdate":"2017-10-09T00:00:00.000Z"}}|0x5ba68ff1
17:09:59.0 (166262149)|VARIABLE_ASSIGNMENT|[99]|this.expense|{"RecordTypeId":"012460000005G1FAAU","Amount__c":3000,"Tax__c":390.00,"Submitted__c":true,"Employee__c":"00346000002ojVWAAY","Id":"a0F46000000Fp6rEAC","RecordType":{"Name":"Business Trips","Id":"012460000005G1FAAU"},"Employee__r":{"Id":"00346000002ojVWAAY","Name":"Carol Ruiz","Birthdate":"2017-10-09T00:00:00.000Z"}}|0x62f809db
17:09:59.0 (166267311)|STATEMENT_EXECUTE|[105]
17:09:59.0 (166278154)|VARIABLE_ASSIGNMENT|[EXTERNAL]|this|{"expense":"0x5ba68ff1"}|0x62f809db
17:09:59.0 (166282272)|VARIABLE_ASSIGNMENT|[EXTERNAL]|value|false
17:09:59.0 (166285079)|HEAP_ALLOCATE|[100]|Bytes:5
17:09:59.0 (166288775)|VARIABLE_ASSIGNMENT|[100]|this.checked|false|0x62f809db
17:09:59.0 (166296104)|CONSTRUCTOR_EXIT|[18]|01p46000002wayn|<init>(Expense__c,Boolean)
17:09:59.0 (166302376)|HEAP_ALLOCATE|[EXTERNAL]|Bytes:4
17:09:59.0 (166310971)|HEAP_ALLOCATE|[16]|Bytes:5
17:09:59.0 (166328888)|HEAP_ALLOCATE|[16]|Bytes:40
17:09:59.0 (166333453)|VARIABLE_SCOPE_BEGIN|[16]|ex|Expense__c|true|false
17:09:59.0 (166349837)|VARIABLE_ASSIGNMENT|[16]|ex|{"Category__c":"Event Registration","RecordTypeId":"012460000005G1FAAU","Amount__c":3499,"Tax__c":454.87,"Submitted__c":true,"Employee__c":"00346000002ojVWAAY","Id":"a0F46000000Fp76EAC","RecordType":{"Name":"Business Trips","Id":"012460000005G1FAAU"},"Employee__r":{"Id":"00346000002ojVWAAY","Name":"Carol Ruiz","Birthdate":"2017-10-09T00:00:00.000Z"}}|0x8f15059
17:09:59.0 (166354089)|STATEMENT_EXECUTE|[16]
17:09:59.0 (166355354)|STATEMENT_EXECUTE|[18]
17:09:59.0 (166370699)|VARIABLE_ASSIGNMENT|[EXTERNAL]|this|{"queryString":"","wrappedExpenses":"0x3d4271e"}|0x5f8147ec
17:09:59.0 (166378063)|HEAP_ALLOCATE|[18]|Bytes:12
17:09:59.0 (166385476)|CONSTRUCTOR_ENTRY|[18]|01p46000002wayn|<init>(Expense__c,Boolean)
17:09:59.0 (166388051)|VARIABLE_SCOPE_BEGIN|[102]|this|ExpenseController.ExpenseWrapper|true|false
17:09:59.0 (166395602)|VARIABLE_ASSIGNMENT|[102]|this|{}|0x1e63aa28
17:09:59.0 (166397220)|VARIABLE_SCOPE_BEGIN|[102]|ex|Expense__c|true|false
17:09:59.0 (166410225)|VARIABLE_ASSIGNMENT|[102]|ex|{"Category__c":"Event Registration","RecordTypeId":"012460000005G1FAAU","Amount__c":3499,"Tax__c":454.87,"Submitted__c":true,"Employee__c":"00346000002ojVWAAY","Id":"a0F46000000Fp76EAC","RecordType":{"Name":"Business Trips","Id":"012460000005G1FAAU"},"Employee__r":{"Id":"00346000002ojVWAAY","Name":"Carol Ruiz","Birthdate":"2017-10-09T00:00:00.000Z"}}|0x8f15059
17:09:59.0 (166414298)|VARIABLE_SCOPE_BEGIN|[102]|check|Boolean|false|false
17:09:59.0 (166416662)|VARIABLE_ASSIGNMENT|[102]|check|false
17:09:59.0 (166419128)|STATEMENT_EXECUTE|[97]
17:09:59.0 (166420656)|STATEMENT_EXECUTE|[99]
17:09:59.0 (166421964)|STATEMENT_EXECUTE|[100]
17:09:59.0 (166429657)|STATEMENT_EXECUTE|[102]
17:09:59.0 (166430930)|STATEMENT_EXECUTE|[104]
17:09:59.0 (166440710)|VARIABLE_ASSIGNMENT|[EXTERNAL]|this|{}|0x1e63aa28
17:09:59.0 (166452903)|VARIABLE_ASSIGNMENT|[EXTERNAL]|value|{"Category__c":"Event Registration","RecordTypeId":"012460000005G1FAAU","Amount__c":3499,"Tax__c":454.87,"Submitted__c":true,"Employee__c":"00346000002ojVWAAY","Id":"a0F46000000Fp76EAC","RecordType":{"Name":"Business Trips","Id":"012460000005G1FAAU"},"Employee__r":{"Id":"00346000002ojVWAAY","Name":"Carol Ruiz","Birthdate":"2017-10-09T00:00:00.000Z"}}|0x8f15059
17:09:59.0 (166466950)|VARIABLE_ASSIGNMENT|[99]|this.expense|{"Category__c":"Event Registration","RecordTypeId":"012460000005G1FAAU","Amount__c":3499,"Tax__c":454.87,"Submitted__c":true,"Employee__c":"00346000002ojVWAAY","Id":"a0F46000000Fp76EAC","RecordType":{"Name":"Business Trips","Id":"012460000005G1FAAU"},"Employee__r":{"Id":"00346000002ojVWAAY","Name":"Carol Ruiz","Birthdate":"2017-10-09T00:00:00.000Z"}}|0x1e63aa28
17:09:59.0 (166472672)|STATEMENT_EXECUTE|[105]
17:09:59.0 (166483509)|VARIABLE_ASSIGNMENT|[EXTERNAL]|this|{"expense":"0x8f15059"}|0x1e63aa28
17:09:59.0 (166487788)|VARIABLE_ASSIGNMENT|[EXTERNAL]|value|false
17:09:59.0 (166490554)|HEAP_ALLOCATE|[100]|Bytes:5
17:09:59.0 (166494012)|VARIABLE_ASSIGNMENT|[100]|this.checked|false|0x1e63aa28
17:09:59.0 (166501071)|CONSTRUCTOR_EXIT|[18]|01p46000002wayn|<init>(Expense__c,Boolean)
17:09:59.0 (166507229)|HEAP_ALLOCATE|[EXTERNAL]|Bytes:4
17:09:59.0 (166515425)|HEAP_ALLOCATE|[16]|Bytes:5
17:09:59.0 (166532623)|HEAP_ALLOCATE|[16]|Bytes:40
17:09:59.0 (166536759)|VARIABLE_SCOPE_BEGIN|[16]|ex|Expense__c|true|false
17:09:59.0 (166549444)|VARIABLE_ASSIGNMENT|[16]|ex|{"Category__c":"Event Registration","RecordTypeId":"012460000005G1KAAU","Amount__c":5600,"Tax__c":728.00,"Submitted__c":true,"Employee__c":"00346000002oeLWAAY","Id":"a0F46000000FBc6EAG","RecordType":{"Name":"Client Meetings","Id":"012460000005G1KAAU"},"Employee__r":{"Id":"00346000002oeLWAAY","Name":"Paulo Acosta"}}|0x3e086dd6
17:09:59.0 (166553749)|STATEMENT_EXECUTE|[16]
17:09:59.0 (166555106)|STATEMENT_EXECUTE|[18]
17:09:59.0 (166569509)|VARIABLE_ASSIGNMENT|[EXTERNAL]|this|{"queryString":"","wrappedExpenses":"0x3d4271e"}|0x5f8147ec
17:09:59.0 (166576209)|HEAP_ALLOCATE|[18]|Bytes:12
17:09:59.0 (166582854)|CONSTRUCTOR_ENTRY|[18]|01p46000002wayn|<init>(Expense__c,Boolean)
17:09:59.0 (166585424)|VARIABLE_SCOPE_BEGIN|[102]|this|ExpenseController.ExpenseWrapper|true|false
17:09:59.0 (166592786)|VARIABLE_ASSIGNMENT|[102]|this|{}|0x3cad922d
17:09:59.0 (166594249)|VARIABLE_SCOPE_BEGIN|[102]|ex|Expense__c|true|false
17:09:59.0 (166603999)|VARIABLE_ASSIGNMENT|[102]|ex|{"Category__c":"Event Registration","RecordTypeId":"012460000005G1KAAU","Amount__c":5600,"Tax__c":728.00,"Submitted__c":true,"Employee__c":"00346000002oeLWAAY","Id":"a0F46000000FBc6EAG","RecordType":{"Name":"Client Meetings","Id":"012460000005G1KAAU"},"Employee__r":{"Id":"00346000002oeLWAAY","Name":"Paulo Acosta"}}|0x3e086dd6
17:09:59.0 (166607739)|VARIABLE_SCOPE_BEGIN|[102]|check|Boolean|false|false
17:09:59.0 (166610011)|VARIABLE_ASSIGNMENT|[102]|check|false
17:09:59.0 (166612587)|STATEMENT_EXECUTE|[97]
17:09:59.0 (166613826)|STATEMENT_EXECUTE|[99]
17:09:59.0 (166615115)|STATEMENT_EXECUTE|[100]
17:09:59.0 (166622367)|STATEMENT_EXECUTE|[102]
17:09:59.0 (166623626)|STATEMENT_EXECUTE|[104]
17:09:59.0 (166632870)|VARIABLE_ASSIGNMENT|[EXTERNAL]|this|{}|0x3cad922d
17:09:59.0 (166642764)|VARIABLE_ASSIGNMENT|[EXTERNAL]|value|{"Category__c":"Event Registration","RecordTypeId":"012460000005G1KAAU","Amount__c":5600,"Tax__c":728.00,"Submitted__c":true,"Employee__c":"00346000002oeLWAAY","Id":"a0F46000000FBc6EAG","RecordType":{"Name":"Client Meetings","Id":"012460000005G1KAAU"},"Employee__r":{"Id":"00346000002oeLWAAY","Name":"Paulo Acosta"}}|0x3e086dd6
17:09:59.0 (166654231)|VARIABLE_ASSIGNMENT|[99]|this.expense|{"Category__c":"Event Registration","RecordTypeId":"012460000005G1KAAU","Amount__c":5600,"Tax__c":728.00,"Submitted__c":true,"Employee__c":"00346000002oeLWAAY","Id":"a0F46000000FBc6EAG","RecordType":{"Name":"Client Meetings","Id":"012460000005G1KAAU"},"Employee__r":{"Id":"00346000002oeLWAAY","Name":"Paulo Acosta"}}|0x3cad922d
17:09:59.0 (166659266)|STATEMENT_EXECUTE|[105]
17:09:59.0 (166668510)|VARIABLE_ASSIGNMENT|[EXTERNAL]|this|{"expense":"0x3e086dd6"}|0x3cad922d
17:09:59.0 (166672353)|VARIABLE_ASSIGNMENT|[EXTERNAL]|value|false
17:09:59.0 (166674880)|HEAP_ALLOCATE|[100]|Bytes:5
17:09:59.0 (166678146)|VARIABLE_ASSIGNMENT|[100]|this.checked|false|0x3cad922d
17:09:59.0 (166685233)|CONSTRUCTOR_EXIT|[18]|01p46000002wayn|<init>(Expense__c,Boolean)
17:09:59.0 (166690965)|HEAP_ALLOCATE|[EXTERNAL]|Bytes:4
17:09:59.0 (166698649)|HEAP_ALLOCATE|[16]|Bytes:5
17:09:59.0 (166714852)|HEAP_ALLOCATE|[16]|Bytes:40
17:09:59.0 (166718798)|VARIABLE_SCOPE_BEGIN|[16]|ex|Expense__c|true|false
17:09:59.0 (166734966)|VARIABLE_ASSIGNMENT|[16]|ex|{"Category__c":"Transportation","RecordTypeId":"012460000005G1FAAU","Amount__c":3500,"Tax__c":455.00,"Submitted__c":false,"Employee__c":"00346000002ojVWAAY","Id":"a0F46000000FBblEAG","RecordType":{"Name":"Business Trips","Id":"012460000005G1FAAU"},"Employee__r":{"Id":"00346000002ojVWAAY","Name":"Carol Ruiz","Birthdate":"2017-10-09T00:00:00.000Z"}}|0x58dd90dc
17:09:59.0 (166739454)|STATEMENT_EXECUTE|[16]
17:09:59.0 (166740742)|STATEMENT_EXECUTE|[18]
17:09:59.0 (166754752)|VARIABLE_ASSIGNMENT|[EXTERNAL]|this|{"queryString":"","wrappedExpenses":"0x3d4271e"}|0x5f8147ec
17:09:59.0 (166761323)|HEAP_ALLOCATE|[18]|Bytes:12
17:09:59.0 (166768107)|CONSTRUCTOR_ENTRY|[18]|01p46000002wayn|<init>(Expense__c,Boolean)
17:09:59.0 (166771052)|VARIABLE_SCOPE_BEGIN|[102]|this|ExpenseController.ExpenseWrapper|true|false
17:09:59.0 (166778424)|VARIABLE_ASSIGNMENT|[102]|this|{}|0x8f20682
17:09:59.0 (166779955)|VARIABLE_SCOPE_BEGIN|[102]|ex|Expense__c|true|false
17:09:59.0 (166792290)|VARIABLE_ASSIGNMENT|[102]|ex|{"Category__c":"Transportation","RecordTypeId":"012460000005G1FAAU","Amount__c":3500,"Tax__c":455.00,"Submitted__c":false,"Employee__c":"00346000002ojVWAAY","Id":"a0F46000000FBblEAG","RecordType":{"Name":"Business Trips","Id":"012460000005G1FAAU"},"Employee__r":{"Id":"00346000002ojVWAAY","Name":"Carol Ruiz","Birthdate":"2017-10-09T00:00:00.000Z"}}|0x58dd90dc
17:09:59.0 (166796164)|VARIABLE_SCOPE_BEGIN|[102]|check|Boolean|false|false
17:09:59.0 (166798391)|VARIABLE_ASSIGNMENT|[102]|check|false
17:09:59.0 (166801114)|STATEMENT_EXECUTE|[97]
17:09:59.0 (166802656)|STATEMENT_EXECUTE|[99]
17:09:59.0 (166803883)|STATEMENT_EXECUTE|[100]
17:09:59.0 (166811318)|STATEMENT_EXECUTE|[102]
17:09:59.0 (166812756)|STATEMENT_EXECUTE|[104]
17:09:59.0 (166822617)|VARIABLE_ASSIGNMENT|[EXTERNAL]|this|{}|0x8f20682
17:09:59.0 (166835324)|VARIABLE_ASSIGNMENT|[EXTERNAL]|value|{"Category__c":"Transportation","RecordTypeId":"012460000005G1FAAU","Amount__c":3500,"Tax__c":455.00,"Submitted__c":false,"Employee__c":"00346000002ojVWAAY","Id":"a0F46000000FBblEAG","RecordType":{"Name":"Business Trips","Id":"012460000005G1FAAU"},"Employee__r":{"Id":"00346000002ojVWAAY","Name":"Carol Ruiz","Birthdate":"2017-10-09T00:00:00.000Z"}}|0x58dd90dc
17:09:59.0 (166849036)|VARIABLE_ASSIGNMENT|[99]|this.expense|{"Category__c":"Transportation","RecordTypeId":"012460000005G1FAAU","Amount__c":3500,"Tax__c":455.00,"Submitted__c":false,"Employee__c":"00346000002ojVWAAY","Id":"a0F46000000FBblEAG","RecordType":{"Name":"Business Trips","Id":"012460000005G1FAAU"},"Employee__r":{"Id":"00346000002ojVWAAY","Name":"Carol Ruiz","Birthdate":"2017-10-09T00:00:00.000Z"}}|0x8f20682
17:09:59.0 (166854557)|STATEMENT_EXECUTE|[105]
17:09:59.0 (166865066)|VARIABLE_ASSIGNMENT|[EXTERNAL]|this|{"expense":"0x58dd90dc"}|0x8f20682
17:09:59.0 (166869341)|VARIABLE_ASSIGNMENT|[EXTERNAL]|value|false
17:09:59.0 (166872084)|HEAP_ALLOCATE|[100]|Bytes:5
17:09:59.0 (166875606)|VARIABLE_ASSIGNMENT|[100]|this.checked|false|0x8f20682
17:09:59.0 (166882695)|CONSTRUCTOR_EXIT|[18]|01p46000002wayn|<init>(Expense__c,Boolean)
17:09:59.0 (166888305)|HEAP_ALLOCATE|[EXTERNAL]|Bytes:4
17:09:59.0 (166896315)|HEAP_ALLOCATE|[16]|Bytes:5
17:09:59.0 (166904303)|VARIABLE_ASSIGNMENT|[16]|ex|null|
17:09:59.0 (166907815)|STATEMENT_EXECUTE|[21]
17:09:59.0 (166920487)|VARIABLE_ASSIGNMENT|[EXTERNAL]|this|{"queryString":"","wrappedExpenses":"0x3d4271e"}|0x5f8147ec
17:09:59.0 (182840186)|VF_SERIALIZE_VIEWSTATE_BEGIN|06646000001BW08
17:09:59.0 (193850118)|VF_SERIALIZE_VIEWSTATE_END
17:09:59.0 (211892648)|CODE_UNIT_STARTED|[EXTERNAL]|Generate Metadata
17:09:59.0 (213747446)|CODE_UNIT_FINISHED|Generate Metadata
17:09:59.216 (216258491)|CUMULATIVE_LIMIT_USAGE
17:09:59.216 (216258491)|LIMIT_USAGE_FOR_NS|(default)|
  Number of SOQL queries: 2 out of 100
  Number of query rows: 10 out of 50000
  Number of SOSL queries: 0 out of 20
  Number of DML statements: 1 out of 150
  Number of DML rows: 1 out of 10000
  Maximum CPU time: 0 out of 10000
  Maximum heap size: 0 out of 6000000
  Number of callouts: 0 out of 100
  Number of Email Invocations: 0 out of 10
  Number of future calls: 0 out of 50
  Number of queueable jobs added to the queue: 0 out of 50
  Number of Mobile Apex push calls: 0 out of 10

17:09:59.216 (216258491)|CUMULATIVE_LIMIT_USAGE_END

17:09:59.0 (216298334)|CODE_UNIT_FINISHED|VF: /apex/ListOfEmployees
17:09:59.0 (217065898)|EXECUTION_FINISHED
