39.0 APEX_CODE,FINEST;APEX_PROFILING,INFO;CALLOUT,INFO;DB,INFO;SYSTEM,DEBUG;VALIDATION,INFO;VISUALFORCE,INFO;WAVE,INFO;WORKFLOW,INFO
16:21:06.0 (387797)|USER_INFO|[EXTERNAL]|00546000000Iihs|pacosta@altimetrik.com|Argentine Time|GMT-03:00
16:21:06.0 (419845)|EXECUTION_STARTED
16:21:06.0 (426004)|CODE_UNIT_STARTED|[EXTERNAL]|06646000001BW08|VF: /apex/ListOfEmployees
16:21:06.0 (2674080)|SYSTEM_MODE_ENTER|true
16:21:06.0 (3103079)|HEAP_ALLOCATE|[72]|Bytes:3
16:21:06.0 (3147287)|HEAP_ALLOCATE|[77]|Bytes:152
16:21:06.0 (3162058)|HEAP_ALLOCATE|[342]|Bytes:408
16:21:06.0 (3175276)|HEAP_ALLOCATE|[355]|Bytes:408
16:21:06.0 (3188579)|HEAP_ALLOCATE|[467]|Bytes:48
16:21:06.0 (3214900)|HEAP_ALLOCATE|[139]|Bytes:6
16:21:06.0 (3233719)|HEAP_ALLOCATE|[EXTERNAL]|Bytes:14
16:21:06.0 (3239625)|HEAP_ALLOCATE|[EXTERNAL]|Bytes:96
16:21:06.0 (3242755)|HEAP_ALLOCATE|[EXTERNAL]|Bytes:21
16:21:06.0 (3253619)|METHOD_ENTRY|[1]|01p46000002wayn|ExpenseController.ExpenseController()
16:21:06.0 (3261292)|STATEMENT_EXECUTE|[1]
16:21:06.0 (3269177)|STATEMENT_EXECUTE|[1]
16:21:06.0 (3271591)|STATEMENT_EXECUTE|[76]
16:21:06.0 (3279392)|METHOD_EXIT|[1]|ExpenseController
16:21:06.0 (3301940)|HEAP_ALLOCATE|[EXTERNAL]|Bytes:12
16:21:06.0 (3312013)|VARIABLE_SCOPE_BEGIN|[1]|this|ExpenseController|true|false
16:21:06.0 (3384896)|VARIABLE_ASSIGNMENT|[1]|this|{}|0x3981f670
16:21:06.0 (3400892)|HEAP_ALLOCATE|[3]|Bytes:6
16:21:06.0 (3450375)|STATEMENT_EXECUTE|[1]
16:21:06.0 (3453164)|STATEMENT_EXECUTE|[3]
16:21:06.0 (3470155)|VARIABLE_ASSIGNMENT|[3]|this.queryString|""|0x3981f670
16:21:06.0 (3475016)|STATEMENT_EXECUTE|[5]
16:21:06.0 (3533464)|SYSTEM_MODE_ENTER|true
16:21:06.0 (3578395)|HEAP_ALLOCATE|[EXTERNAL]|Bytes:12
16:21:06.0 (3585088)|VARIABLE_SCOPE_BEGIN|[8]|this|ExpenseController|true|false
16:21:06.0 (3607137)|VARIABLE_ASSIGNMENT|[8]|this|{"queryString":""}|0x3981f670
16:21:06.0 (3617903)|STATEMENT_EXECUTE|[8]
16:21:06.0 (3620367)|STATEMENT_EXECUTE|[10]
16:21:06.0 (3624189)|HEAP_ALLOCATE|[10]|Bytes:161
16:21:06.0 (3649842)|HEAP_ALLOCATE|[10]|Bytes:161
16:21:06.0 (3671346)|HEAP_ALLOCATE|[50]|Bytes:5
16:21:06.0 (3689703)|HEAP_ALLOCATE|[56]|Bytes:5
16:21:06.0 (3697686)|HEAP_ALLOCATE|[64]|Bytes:7
16:21:06.0 (4372616)|SOQL_EXECUTE_BEGIN|[10]|Aggregations:0|SELECT Category__c, RecordType.Name, Amount__c, Tax__c, Client_Company__c, Submitted__c, Employee__r.Id, Employee__r.Name, Employee__r.Birthdate FROM Expense__c 
16:21:06.0 (13605546)|SOQL_EXECUTE_END|[10]|Rows:5
16:21:06.0 (13621050)|HEAP_ALLOCATE|[10]|Bytes:24
16:21:06.0 (13666210)|HEAP_ALLOCATE|[10]|Bytes:1579
16:21:06.0 (13744304)|HEAP_ALLOCATE|[10]|Bytes:24
16:21:06.0 (13770104)|VARIABLE_SCOPE_BEGIN|[10]|results|List<Expense__c>|true|false
16:21:06.0 (13884730)|VARIABLE_ASSIGNMENT|[10]|results|[{"Category__c":"Road Meals","RecordTypeId":"012460000005G1KAAU","Amount__c":8900,"Tax__c":1157.00,"Submitted__c":false,"Employee__c":"00346000002ojeGAAQ","Id":"a0F46000000FmUwEAK","RecordType":{"Name":"Client Meetings","Id":"012460000005G1KAAU"},"Employee__r":{"Id":"00346000002ojeGAAQ","Name":"Paolo Smith"}},{"RecordTypeId":"012460000005G1FAAU","Amount__c":3000,"Tax__c":390.00,"Submitted__c":true,"Employee__c":"00346000002ojVWAAY","Id":"a0F46000000Fp6rEAC","RecordType":{"Name":"Business Trips","Id":"012460000005G1FAAU"},"Employee__r":{"Id":"00346000002ojVWAAY","Name":"Carol Ruiz","Birthdate":"2017-10-09T00:00:00.000Z"}},{"Category__c":"Event Registration","RecordTypeId":"012460000005G1FAAU","Amount__c":3499,"Tax__c":454.87,"Submitted__c":true,"Employee__c":"00346000002ojVWAAY","Id":"a0F46000000Fp76EAC","RecordType":{"Name":"Business Trips","Id":"012460000005G1FAAU"},"Employee__r":{"Id":"00346000002ojVWAAY","Name":"Carol Ruiz","Birthdate":"2017-10-09T00:00:00.000Z"}},{"Category__c":"Event Registration","RecordTypeId":"012460000005G1KAAU","Amount__c":5600,"Tax__c":728.00,"Submitted__c":false,"Employee__c":"00346000002oeLWAAY","Id":"a0F46000000FBc6EAG","RecordType":{"Name":"Client Meetings","Id":"012460000005G1KAAU"},"Employee__r":{"Id":"00346000002oeLWAAY","Name":"Paulo Acosta"}},{"Category__c":"Transportation","RecordTypeId":"012460000005G1FAAU","Amount__c":3500,"Tax__c":455.00,"Submitted__c":false,"Employee__c":"00346000002ojVWAAY","Id":"a0F46000000FBblEAG","RecordType":{"Name":"Business Trips","Id":"012460000005G1FAAU"},"Employee__r":{"Id":"00346000002ojVWAAY","Name":"Carol Ruiz","Birthdate":"2017-10-09T00:00:00.000Z"}}]|0x2bb7b182
16:21:06.0 (14169448)|HEAP_ALLOCATE|[14]|Bytes:5
16:21:06.0 (14216424)|HEAP_ALLOCATE|[14]|Bytes:40
16:21:06.0 (14229613)|VARIABLE_SCOPE_BEGIN|[14]|ex|Expense__c|true|false
16:21:06.0 (14256389)|VARIABLE_ASSIGNMENT|[14]|ex|{"Category__c":"Road Meals","RecordTypeId":"012460000005G1KAAU","Amount__c":8900,"Tax__c":1157.00,"Submitted__c":false,"Employee__c":"00346000002ojeGAAQ","Id":"a0F46000000FmUwEAK","RecordType":{"Name":"Client Meetings","Id":"012460000005G1KAAU"},"Employee__r":{"Id":"00346000002ojeGAAQ","Name":"Paolo Smith"}}|0x7652295f
16:21:06.0 (14265052)|STATEMENT_EXECUTE|[14]
16:21:06.0 (14267714)|STATEMENT_EXECUTE|[16]
16:21:06.0 (14324658)|VARIABLE_ASSIGNMENT|[EXTERNAL]|this|{"queryString":""}|0x3981f670
16:21:06.0 (14350914)|HEAP_ALLOCATE|[16]|Bytes:116
16:21:06.0 (14357151)|HEAP_ALLOCATE|[16]|Bytes:8
16:21:06.0 (14374051)|HEAP_ALLOCATE|[16]|Bytes:12
16:21:06.0 (14406016)|CONSTRUCTOR_ENTRY|[16]|01p46000002wayn|<init>(Expense__c,Boolean)
16:21:06.0 (14426490)|VARIABLE_SCOPE_BEGIN|[81]|this|ExpenseController.ExpenseWrapper|true|false
16:21:06.0 (14455217)|VARIABLE_ASSIGNMENT|[81]|this|{}|0x7b132f9
16:21:06.0 (14461105)|VARIABLE_SCOPE_BEGIN|[81]|ex|Expense__c|true|false
16:21:06.0 (14481956)|VARIABLE_ASSIGNMENT|[81]|ex|{"Category__c":"Road Meals","RecordTypeId":"012460000005G1KAAU","Amount__c":8900,"Tax__c":1157.00,"Submitted__c":false,"Employee__c":"00346000002ojeGAAQ","Id":"a0F46000000FmUwEAK","RecordType":{"Name":"Client Meetings","Id":"012460000005G1KAAU"},"Employee__r":{"Id":"00346000002ojeGAAQ","Name":"Paolo Smith"}}|0x7652295f
16:21:06.0 (14490307)|VARIABLE_SCOPE_BEGIN|[81]|check|Boolean|false|false
16:21:06.0 (14495316)|VARIABLE_ASSIGNMENT|[81]|check|false
16:21:06.0 (14501112)|STATEMENT_EXECUTE|[76]
16:21:06.0 (14503641)|STATEMENT_EXECUTE|[78]
16:21:06.0 (14505796)|STATEMENT_EXECUTE|[79]
16:21:06.0 (14525269)|STATEMENT_EXECUTE|[81]
16:21:06.0 (14527681)|STATEMENT_EXECUTE|[83]
16:21:06.0 (14610569)|VARIABLE_ASSIGNMENT|[EXTERNAL]|this|{}|0x7b132f9
16:21:06.0 (14633358)|VARIABLE_ASSIGNMENT|[EXTERNAL]|value|{"Category__c":"Road Meals","RecordTypeId":"012460000005G1KAAU","Amount__c":8900,"Tax__c":1157.00,"Submitted__c":false,"Employee__c":"00346000002ojeGAAQ","Id":"a0F46000000FmUwEAK","RecordType":{"Name":"Client Meetings","Id":"012460000005G1KAAU"},"Employee__r":{"Id":"00346000002ojeGAAQ","Name":"Paolo Smith"}}|0x7652295f
16:21:06.0 (14658851)|VARIABLE_ASSIGNMENT|[78]|this.expense|{"Category__c":"Road Meals","RecordTypeId":"012460000005G1KAAU","Amount__c":8900,"Tax__c":1157.00,"Submitted__c":false,"Employee__c":"00346000002ojeGAAQ","Id":"a0F46000000FmUwEAK","RecordType":{"Name":"Client Meetings","Id":"012460000005G1KAAU"},"Employee__r":{"Id":"00346000002ojeGAAQ","Name":"Paolo Smith"}}|0x7b132f9
16:21:06.0 (14669931)|STATEMENT_EXECUTE|[84]
16:21:06.0 (14725803)|VARIABLE_ASSIGNMENT|[EXTERNAL]|this|{"expense":"0x7652295f"}|0x7b132f9
16:21:06.0 (14735411)|VARIABLE_ASSIGNMENT|[EXTERNAL]|value|false
16:21:06.0 (14741562)|HEAP_ALLOCATE|[79]|Bytes:5
16:21:06.0 (14749917)|VARIABLE_ASSIGNMENT|[79]|this.checked|false|0x7b132f9
16:21:06.0 (14769138)|CONSTRUCTOR_EXIT|[16]|01p46000002wayn|<init>(Expense__c,Boolean)
16:21:06.0 (14821517)|HEAP_ALLOCATE|[16]|Bytes:41
16:21:06.0 (14932764)|FATAL_ERROR|System.NullPointerException: Attempt to de-reference a null object

Class.ExpenseController.getExpenses: line 16, column 1
