39.0 APEX_CODE,FINEST;APEX_PROFILING,INFO;CALLOUT,INFO;DB,INFO;SYSTEM,DEBUG;VALIDATION,INFO;VISUALFORCE,INFO;WAVE,INFO;WORKFLOW,INFO
17:41:16.0 (337768)|USER_INFO|[EXTERNAL]|00546000000Iihs|pacosta@altimetrik.com|Argentine Time|GMT-03:00
17:41:16.0 (371763)|EXECUTION_STARTED
17:41:16.0 (375253)|CODE_UNIT_STARTED|[EXTERNAL]|01p46000002xICK|TestExpenseUpdateOrDelete.testDeleteExpense
17:41:16.0 (517700)|HEAP_ALLOCATE|[72]|Bytes:3
17:41:16.0 (539298)|HEAP_ALLOCATE|[77]|Bytes:152
17:41:16.0 (548506)|HEAP_ALLOCATE|[342]|Bytes:408
17:41:16.0 (559890)|HEAP_ALLOCATE|[355]|Bytes:408
17:41:16.0 (571600)|HEAP_ALLOCATE|[467]|Bytes:48
17:41:16.0 (593339)|HEAP_ALLOCATE|[139]|Bytes:6
17:41:16.0 (604756)|HEAP_ALLOCATE|[EXTERNAL]|Bytes:20
17:41:16.0 (613645)|METHOD_ENTRY|[2]|01p46000002xICK|TestExpenseUpdateOrDelete.TestExpenseUpdateOrDelete()
17:41:16.0 (619958)|STATEMENT_EXECUTE|[2]
17:41:16.0 (624790)|STATEMENT_EXECUTE|[2]
17:41:16.0 (628519)|METHOD_EXIT|[2]|TestExpenseUpdateOrDelete
17:41:16.0 (657898)|HEAP_ALLOCATE|[50]|Bytes:5
17:41:16.0 (671553)|HEAP_ALLOCATE|[56]|Bytes:5
17:41:16.0 (677121)|HEAP_ALLOCATE|[64]|Bytes:7
17:41:16.0 (707898)|STATEMENT_EXECUTE|[4]
17:41:16.0 (709622)|STATEMENT_EXECUTE|[6]
17:41:16.0 (744879)|HEAP_ALLOCATE|[6]|Bytes:4
17:41:16.0 (835478)|HEAP_ALLOCATE|[6]|Bytes:12
17:41:16.0 (886107)|VARIABLE_ASSIGNMENT|[6]|this.Name|"Test Expense"|0x2e9e92da
17:41:16.0 (909124)|VARIABLE_ASSIGNMENT|[6]|this.Submitted__c|true|0x2e9e92da
17:41:16.0 (932217)|VARIABLE_SCOPE_BEGIN|[6]|expense|Expense__c|true|false
17:41:16.0 (948739)|VARIABLE_ASSIGNMENT|[6]|expense|{"Name":"Test Expense","Submitted__c":true}|0x2e9e92da
17:41:16.0 (951554)|STATEMENT_EXECUTE|[7]
17:41:16.0 (974926)|HEAP_ALLOCATE|[7]|Bytes:8
17:41:16.0 (981285)|DML_BEGIN|[7]|Op:Insert|Type:Expense__c|Rows:1
17:41:16.0 (1000356)|HEAP_ALLOCATE|[EXTERNAL]|Bytes:8
17:41:16.0 (7592914)|CODE_UNIT_STARTED|[EXTERNAL]|Validation:Expense:new
17:41:16.0 (7602455)|VALIDATION_RULE|03d46000000DMqh|InsertOtherValue
17:41:16.0 (7890565)|VALIDATION_FORMULA|AND (IF (ISPICKVAL( Category__c , "Other"), true, false),  ISBLANK( Other__c ) )|Category__c=null , Other__c=null
17:41:16.0 (7896691)|VALIDATION_PASS
17:41:16.0 (7930941)|CODE_UNIT_FINISHED|Validation:Expense:new
17:41:16.0 (9041991)|DML_END|[7]
17:41:16.0 (9133560)|VF_PAGE_MESSAGE|Required fields are missing: [Employee__c, Amount__c]
17:41:16.0 (9277097)|EXCEPTION_THROWN|[7]|System.DmlException: Insert failed. First exception on row 0; first error: REQUIRED_FIELD_MISSING, Required fields are missing: [Employee__c, Amount__c]: [Employee__c, Amount__c]
17:41:16.0 (9559684)|HEAP_ALLOCATE|[7]|Bytes:161
17:41:16.0 (9631597)|FATAL_ERROR|System.DmlException: Insert failed. First exception on row 0; first error: REQUIRED_FIELD_MISSING, Required fields are missing: [Employee__c, Amount__c]: [Employee__c, Amount__c]

Class.TestExpenseUpdateOrDelete.testDeleteExpense: line 7, column 1
17:41:16.0 (9639362)|FATAL_ERROR|System.DmlException: Insert failed. First exception on row 0; first error: REQUIRED_FIELD_MISSING, Required fields are missing: [Employee__c, Amount__c]: [Employee__c, Amount__c]

Class.TestExpenseUpdateOrDelete.testDeleteExpense: line 7, column 1
17:41:16.9 (9645739)|CUMULATIVE_LIMIT_USAGE
17:41:16.9 (9645739)|LIMIT_USAGE_FOR_NS|(default)|
  Number of SOQL queries: 0 out of 100
  Number of query rows: 0 out of 50000
  Number of SOSL queries: 0 out of 20
  Number of DML statements: 1 out of 150
  Number of DML rows: 1 out of 10000
  Maximum CPU time: 0 out of 10000
  Maximum heap size: 0 out of 6000000
  Number of callouts: 0 out of 100
  Number of Email Invocations: 0 out of 10
  Number of future calls: 0 out of 50
  Number of queueable jobs added to the queue: 0 out of 50
  Number of Mobile Apex push calls: 0 out of 10

17:41:16.9 (9645739)|CUMULATIVE_LIMIT_USAGE_END

17:41:16.0 (9685143)|CODE_UNIT_FINISHED|TestExpenseUpdateOrDelete.testDeleteExpense
17:41:16.0 (10403064)|EXECUTION_FINISHED
