39.0 APEX_CODE,FINEST;APEX_PROFILING,INFO;CALLOUT,INFO;DB,INFO;SYSTEM,DEBUG;VALIDATION,INFO;VISUALFORCE,INFO;WAVE,INFO;WORKFLOW,INFO
16:26:14.0 (315673)|USER_INFO|[EXTERNAL]|00546000000Iihs|pacosta@altimetrik.com|Argentine Time|GMT-03:00
16:26:14.0 (335570)|EXECUTION_STARTED
16:26:14.0 (339198)|CODE_UNIT_STARTED|[EXTERNAL]|06646000001BW08|VF: /apex/ListOfEmployees
16:26:14.0 (822796)|VF_DESERIALIZE_VIEWSTATE_BEGIN|06646000001BW08
16:26:14.0 (6636249)|HEAP_ALLOCATE|[72]|Bytes:3
16:26:14.0 (6674317)|HEAP_ALLOCATE|[77]|Bytes:152
16:26:14.0 (6687991)|HEAP_ALLOCATE|[342]|Bytes:408
16:26:14.0 (6702354)|HEAP_ALLOCATE|[355]|Bytes:408
16:26:14.0 (6716180)|HEAP_ALLOCATE|[467]|Bytes:48
16:26:14.0 (6742145)|HEAP_ALLOCATE|[139]|Bytes:6
16:26:14.0 (6763385)|HEAP_ALLOCATE|[50]|Bytes:5
16:26:14.0 (6782637)|HEAP_ALLOCATE|[56]|Bytes:5
16:26:14.0 (6788350)|HEAP_ALLOCATE|[64]|Bytes:7
16:26:14.0 (8026550)|VF_DESERIALIZE_VIEWSTATE_END
16:26:14.0 (9218541)|SYSTEM_MODE_ENTER|true
16:26:14.0 (9445028)|HEAP_ALLOCATE|[EXTERNAL]|Bytes:14
16:26:14.0 (9451043)|HEAP_ALLOCATE|[EXTERNAL]|Bytes:96
16:26:14.0 (9453129)|HEAP_ALLOCATE|[EXTERNAL]|Bytes:21
16:26:14.0 (9460657)|METHOD_ENTRY|[1]|01p46000002wayn|ExpenseController.ExpenseController()
16:26:14.0 (9465302)|STATEMENT_EXECUTE|[1]
16:26:14.0 (9470946)|STATEMENT_EXECUTE|[1]
16:26:14.0 (9472433)|STATEMENT_EXECUTE|[78]
16:26:14.0 (9478094)|METHOD_EXIT|[1]|ExpenseController
16:26:14.0 (9486274)|HEAP_ALLOCATE|[EXTERNAL]|Bytes:12
16:26:14.0 (9493440)|VARIABLE_SCOPE_BEGIN|[8]|this|ExpenseController|true|false
16:26:14.0 (9545914)|VARIABLE_ASSIGNMENT|[8]|this|{"queryString":"","wrappedExpenses":"0x289bc89a"}|0x4db3b547
16:26:14.0 (9554829)|STATEMENT_EXECUTE|[8]
16:26:14.0 (9556252)|STATEMENT_EXECUTE|[10]
16:26:14.0 (9558798)|HEAP_ALLOCATE|[10]|Bytes:161
16:26:14.0 (9579557)|HEAP_ALLOCATE|[10]|Bytes:161
16:26:14.0 (12042879)|SOQL_EXECUTE_BEGIN|[10]|Aggregations:0|SELECT Category__c, RecordType.Name, Amount__c, Tax__c, Client_Company__c, Submitted__c, Employee__r.Id, Employee__r.Name, Employee__r.Birthdate FROM Expense__c 
16:26:14.0 (21264182)|SOQL_EXECUTE_END|[10]|Rows:5
16:26:14.0 (21279334)|HEAP_ALLOCATE|[10]|Bytes:24
16:26:14.0 (21323240)|HEAP_ALLOCATE|[10]|Bytes:1579
16:26:14.0 (21374677)|HEAP_ALLOCATE|[10]|Bytes:24
16:26:14.0 (21391979)|VARIABLE_SCOPE_BEGIN|[10]|results|List<Expense__c>|true|false
16:26:14.0 (21470259)|VARIABLE_ASSIGNMENT|[10]|results|[{"Category__c":"Road Meals","RecordTypeId":"012460000005G1KAAU","Amount__c":8900,"Tax__c":1157.00,"Submitted__c":false,"Employee__c":"00346000002ojeGAAQ","Id":"a0F46000000FmUwEAK","RecordType":{"Name":"Client Meetings","Id":"012460000005G1KAAU"},"Employee__r":{"Id":"00346000002ojeGAAQ","Name":"Paolo Smith"}},{"RecordTypeId":"012460000005G1FAAU","Amount__c":3000,"Tax__c":390.00,"Submitted__c":true,"Employee__c":"00346000002ojVWAAY","Id":"a0F46000000Fp6rEAC","RecordType":{"Name":"Business Trips","Id":"012460000005G1FAAU"},"Employee__r":{"Id":"00346000002ojVWAAY","Name":"Carol Ruiz","Birthdate":"2017-10-09T00:00:00.000Z"}},{"Category__c":"Event Registration","RecordTypeId":"012460000005G1FAAU","Amount__c":3499,"Tax__c":454.87,"Submitted__c":true,"Employee__c":"00346000002ojVWAAY","Id":"a0F46000000Fp76EAC","RecordType":{"Name":"Business Trips","Id":"012460000005G1FAAU"},"Employee__r":{"Id":"00346000002ojVWAAY","Name":"Carol Ruiz","Birthdate":"2017-10-09T00:00:00.000Z"}},{"Category__c":"Event Registration","RecordTypeId":"012460000005G1KAAU","Amount__c":5600,"Tax__c":728.00,"Submitted__c":false,"Employee__c":"00346000002oeLWAAY","Id":"a0F46000000FBc6EAG","RecordType":{"Name":"Client Meetings","Id":"012460000005G1KAAU"},"Employee__r":{"Id":"00346000002oeLWAAY","Name":"Paulo Acosta"}},{"Category__c":"Transportation","RecordTypeId":"012460000005G1FAAU","Amount__c":3500,"Tax__c":455.00,"Submitted__c":false,"Employee__c":"00346000002ojVWAAY","Id":"a0F46000000FBblEAG","RecordType":{"Name":"Business Trips","Id":"012460000005G1FAAU"},"Employee__r":{"Id":"00346000002ojVWAAY","Name":"Carol Ruiz","Birthdate":"2017-10-09T00:00:00.000Z"}}]|0x370ca2f1
16:26:14.0 (21484025)|STATEMENT_EXECUTE|[15]
16:26:14.0 (21490694)|HEAP_ALLOCATE|[15]|Bytes:4
16:26:14.0 (21589428)|VARIABLE_ASSIGNMENT|[EXTERNAL]|this|{"queryString":"","wrappedExpenses":"0x289bc89a"}|0x4db3b547
16:26:14.0 (21606942)|HEAP_ALLOCATE|[EXTERNAL]|Bytes:4
16:26:14.0 (21612899)|VARIABLE_ASSIGNMENT|[EXTERNAL]|value|[]|0x41e64ec9
16:26:14.0 (21624450)|VARIABLE_ASSIGNMENT|[5]|this.wrappedExpenses|[]|0x4db3b547
16:26:14.0 (21788087)|HEAP_ALLOCATE|[16]|Bytes:5
16:26:14.0 (21823462)|HEAP_ALLOCATE|[16]|Bytes:40
16:26:14.0 (21832498)|VARIABLE_SCOPE_BEGIN|[16]|ex|Expense__c|true|false
16:26:14.0 (21849444)|VARIABLE_ASSIGNMENT|[16]|ex|{"Category__c":"Road Meals","RecordTypeId":"012460000005G1KAAU","Amount__c":8900,"Tax__c":1157.00,"Submitted__c":false,"Employee__c":"00346000002ojeGAAQ","Id":"a0F46000000FmUwEAK","RecordType":{"Name":"Client Meetings","Id":"012460000005G1KAAU"},"Employee__r":{"Id":"00346000002ojeGAAQ","Name":"Paolo Smith"}}|0x4b03ed19
16:26:14.0 (21854879)|STATEMENT_EXECUTE|[16]
16:26:14.0 (21856535)|STATEMENT_EXECUTE|[18]
16:26:14.0 (21897227)|VARIABLE_ASSIGNMENT|[EXTERNAL]|this|{"queryString":"","wrappedExpenses":"0x41e64ec9"}|0x4db3b547
16:26:14.0 (21909472)|HEAP_ALLOCATE|[18]|Bytes:116
16:26:14.0 (21914154)|HEAP_ALLOCATE|[18]|Bytes:8
16:26:14.0 (21922029)|HEAP_ALLOCATE|[18]|Bytes:12
16:26:14.0 (21939923)|CONSTRUCTOR_ENTRY|[18]|01p46000002wayn|<init>(Expense__c,Boolean)
16:26:14.0 (21950636)|VARIABLE_SCOPE_BEGIN|[83]|this|ExpenseController.ExpenseWrapper|true|false
16:26:14.0 (21968766)|VARIABLE_ASSIGNMENT|[83]|this|{}|0x6725a66f
16:26:14.0 (21971408)|VARIABLE_SCOPE_BEGIN|[83]|ex|Expense__c|true|false
16:26:14.0 (21982777)|VARIABLE_ASSIGNMENT|[83]|ex|{"Category__c":"Road Meals","RecordTypeId":"012460000005G1KAAU","Amount__c":8900,"Tax__c":1157.00,"Submitted__c":false,"Employee__c":"00346000002ojeGAAQ","Id":"a0F46000000FmUwEAK","RecordType":{"Name":"Client Meetings","Id":"012460000005G1KAAU"},"Employee__r":{"Id":"00346000002ojeGAAQ","Name":"Paolo Smith"}}|0x4b03ed19
16:26:14.0 (21988371)|VARIABLE_SCOPE_BEGIN|[83]|check|Boolean|false|false
16:26:14.0 (21991604)|VARIABLE_ASSIGNMENT|[83]|check|false
16:26:14.0 (21995367)|STATEMENT_EXECUTE|[78]
16:26:14.0 (21996856)|STATEMENT_EXECUTE|[80]
16:26:14.0 (21997992)|STATEMENT_EXECUTE|[81]
16:26:14.0 (22003919)|HEAP_ALLOCATE|[85]|Bytes:6
16:26:14.0 (22039185)|STATEMENT_EXECUTE|[83]
16:26:14.0 (22040761)|STATEMENT_EXECUTE|[85]
16:26:14.0 (22090711)|VARIABLE_ASSIGNMENT|[EXTERNAL]|this|{}|0x6725a66f
16:26:14.0 (22103879)|VARIABLE_ASSIGNMENT|[EXTERNAL]|value|{"Category__c":"Road Meals","RecordTypeId":"012460000005G1KAAU","Amount__c":8900,"Tax__c":1157.00,"Submitted__c":false,"Employee__c":"00346000002ojeGAAQ","Id":"a0F46000000FmUwEAK","RecordType":{"Name":"Client Meetings","Id":"012460000005G1KAAU"},"Employee__r":{"Id":"00346000002ojeGAAQ","Name":"Paolo Smith"}}|0x4b03ed19
16:26:14.0 (22117981)|VARIABLE_ASSIGNMENT|[80]|this.expense|{"Category__c":"Road Meals","RecordTypeId":"012460000005G1KAAU","Amount__c":8900,"Tax__c":1157.00,"Submitted__c":false,"Employee__c":"00346000002ojeGAAQ","Id":"a0F46000000FmUwEAK","RecordType":{"Name":"Client Meetings","Id":"012460000005G1KAAU"},"Employee__r":{"Id":"00346000002ojeGAAQ","Name":"Paolo Smith"}}|0x6725a66f
16:26:14.0 (22125802)|STATEMENT_EXECUTE|[86]
16:26:14.0 (22154466)|VARIABLE_ASSIGNMENT|[EXTERNAL]|this|{"expense":"0x4b03ed19"}|0x6725a66f
16:26:14.0 (22160230)|VARIABLE_ASSIGNMENT|[EXTERNAL]|value|false
16:26:14.0 (22164125)|HEAP_ALLOCATE|[81]|Bytes:5
16:26:14.0 (22169052)|VARIABLE_ASSIGNMENT|[81]|this.checked|false|0x6725a66f
16:26:14.0 (22177528)|CONSTRUCTOR_EXIT|[18]|01p46000002wayn|<init>(Expense__c,Boolean)
16:26:14.0 (22188761)|HEAP_ALLOCATE|[EXTERNAL]|Bytes:4
16:26:14.0 (22198422)|HEAP_ALLOCATE|[16]|Bytes:5
16:26:14.0 (22220077)|HEAP_ALLOCATE|[16]|Bytes:36
16:26:14.0 (22225968)|VARIABLE_SCOPE_BEGIN|[16]|ex|Expense__c|true|false
16:26:14.0 (22245486)|VARIABLE_ASSIGNMENT|[16]|ex|{"RecordTypeId":"012460000005G1FAAU","Amount__c":3000,"Tax__c":390.00,"Submitted__c":true,"Employee__c":"00346000002ojVWAAY","Id":"a0F46000000Fp6rEAC","RecordType":{"Name":"Business Trips","Id":"012460000005G1FAAU"},"Employee__r":{"Id":"00346000002ojVWAAY","Name":"Carol Ruiz","Birthdate":"2017-10-09T00:00:00.000Z"}}|0x5e679277
16:26:14.0 (22250411)|STATEMENT_EXECUTE|[16]
16:26:14.0 (22251673)|STATEMENT_EXECUTE|[18]
16:26:14.0 (22268214)|VARIABLE_ASSIGNMENT|[EXTERNAL]|this|{"queryString":"","wrappedExpenses":"0x41e64ec9"}|0x4db3b547
16:26:14.0 (22275819)|HEAP_ALLOCATE|[18]|Bytes:12
16:26:14.0 (22283355)|CONSTRUCTOR_ENTRY|[18]|01p46000002wayn|<init>(Expense__c,Boolean)
16:26:14.0 (22286249)|VARIABLE_SCOPE_BEGIN|[83]|this|ExpenseController.ExpenseWrapper|true|false
16:26:14.0 (22294346)|VARIABLE_ASSIGNMENT|[83]|this|{}|0x136fb078
16:26:14.0 (22295924)|VARIABLE_SCOPE_BEGIN|[83]|ex|Expense__c|true|false
16:26:14.0 (22309423)|VARIABLE_ASSIGNMENT|[83]|ex|{"RecordTypeId":"012460000005G1FAAU","Amount__c":3000,"Tax__c":390.00,"Submitted__c":true,"Employee__c":"00346000002ojVWAAY","Id":"a0F46000000Fp6rEAC","RecordType":{"Name":"Business Trips","Id":"012460000005G1FAAU"},"Employee__r":{"Id":"00346000002ojVWAAY","Name":"Carol Ruiz","Birthdate":"2017-10-09T00:00:00.000Z"}}|0x5e679277
16:26:14.0 (22313598)|VARIABLE_SCOPE_BEGIN|[83]|check|Boolean|false|false
16:26:14.0 (22316150)|VARIABLE_ASSIGNMENT|[83]|check|false
16:26:14.0 (22318726)|STATEMENT_EXECUTE|[78]
16:26:14.0 (22320312)|STATEMENT_EXECUTE|[80]
16:26:14.0 (22321496)|STATEMENT_EXECUTE|[81]
16:26:14.0 (22329902)|STATEMENT_EXECUTE|[83]
16:26:14.0 (22331206)|STATEMENT_EXECUTE|[85]
16:26:14.0 (22340420)|VARIABLE_ASSIGNMENT|[EXTERNAL]|this|{}|0x136fb078
16:26:14.0 (22352881)|VARIABLE_ASSIGNMENT|[EXTERNAL]|value|{"RecordTypeId":"012460000005G1FAAU","Amount__c":3000,"Tax__c":390.00,"Submitted__c":true,"Employee__c":"00346000002ojVWAAY","Id":"a0F46000000Fp6rEAC","RecordType":{"Name":"Business Trips","Id":"012460000005G1FAAU"},"Employee__r":{"Id":"00346000002ojVWAAY","Name":"Carol Ruiz","Birthdate":"2017-10-09T00:00:00.000Z"}}|0x5e679277
16:26:14.0 (22366651)|VARIABLE_ASSIGNMENT|[80]|this.expense|{"RecordTypeId":"012460000005G1FAAU","Amount__c":3000,"Tax__c":390.00,"Submitted__c":true,"Employee__c":"00346000002ojVWAAY","Id":"a0F46000000Fp6rEAC","RecordType":{"Name":"Business Trips","Id":"012460000005G1FAAU"},"Employee__r":{"Id":"00346000002ojVWAAY","Name":"Carol Ruiz","Birthdate":"2017-10-09T00:00:00.000Z"}}|0x136fb078
16:26:14.0 (22371985)|STATEMENT_EXECUTE|[86]
16:26:14.0 (22381339)|VARIABLE_ASSIGNMENT|[EXTERNAL]|this|{"expense":"0x5e679277"}|0x136fb078
16:26:14.0 (22385078)|VARIABLE_ASSIGNMENT|[EXTERNAL]|value|false
16:26:14.0 (22388008)|HEAP_ALLOCATE|[81]|Bytes:5
16:26:14.0 (22391800)|VARIABLE_ASSIGNMENT|[81]|this.checked|false|0x136fb078
16:26:14.0 (22398637)|CONSTRUCTOR_EXIT|[18]|01p46000002wayn|<init>(Expense__c,Boolean)
16:26:14.0 (22404564)|HEAP_ALLOCATE|[EXTERNAL]|Bytes:4
16:26:14.0 (22412329)|HEAP_ALLOCATE|[16]|Bytes:5
16:26:14.0 (22429724)|HEAP_ALLOCATE|[16]|Bytes:40
16:26:14.0 (22434409)|VARIABLE_SCOPE_BEGIN|[16]|ex|Expense__c|true|false
16:26:14.0 (22452140)|VARIABLE_ASSIGNMENT|[16]|ex|{"Category__c":"Event Registration","RecordTypeId":"012460000005G1FAAU","Amount__c":3499,"Tax__c":454.87,"Submitted__c":true,"Employee__c":"00346000002ojVWAAY","Id":"a0F46000000Fp76EAC","RecordType":{"Name":"Business Trips","Id":"012460000005G1FAAU"},"Employee__r":{"Id":"00346000002ojVWAAY","Name":"Carol Ruiz","Birthdate":"2017-10-09T00:00:00.000Z"}}|0x7e81e42a
16:26:14.0 (22456930)|STATEMENT_EXECUTE|[16]
16:26:14.0 (22458513)|STATEMENT_EXECUTE|[18]
16:26:14.0 (22472231)|VARIABLE_ASSIGNMENT|[EXTERNAL]|this|{"queryString":"","wrappedExpenses":"0x41e64ec9"}|0x4db3b547
16:26:14.0 (22478492)|HEAP_ALLOCATE|[18]|Bytes:12
16:26:14.0 (22484777)|CONSTRUCTOR_ENTRY|[18]|01p46000002wayn|<init>(Expense__c,Boolean)
16:26:14.0 (22487385)|VARIABLE_SCOPE_BEGIN|[83]|this|ExpenseController.ExpenseWrapper|true|false
16:26:14.0 (22494405)|VARIABLE_ASSIGNMENT|[83]|this|{}|0x6435d531
16:26:14.0 (22495830)|VARIABLE_SCOPE_BEGIN|[83]|ex|Expense__c|true|false
16:26:14.0 (22508220)|VARIABLE_ASSIGNMENT|[83]|ex|{"Category__c":"Event Registration","RecordTypeId":"012460000005G1FAAU","Amount__c":3499,"Tax__c":454.87,"Submitted__c":true,"Employee__c":"00346000002ojVWAAY","Id":"a0F46000000Fp76EAC","RecordType":{"Name":"Business Trips","Id":"012460000005G1FAAU"},"Employee__r":{"Id":"00346000002ojVWAAY","Name":"Carol Ruiz","Birthdate":"2017-10-09T00:00:00.000Z"}}|0x7e81e42a
16:26:14.0 (22512650)|VARIABLE_SCOPE_BEGIN|[83]|check|Boolean|false|false
16:26:14.0 (22515171)|VARIABLE_ASSIGNMENT|[83]|check|false
16:26:14.0 (22517560)|STATEMENT_EXECUTE|[78]
16:26:14.0 (22518767)|STATEMENT_EXECUTE|[80]
16:26:14.0 (22519932)|STATEMENT_EXECUTE|[81]
16:26:14.0 (22527096)|STATEMENT_EXECUTE|[83]
16:26:14.0 (22528328)|STATEMENT_EXECUTE|[85]
16:26:14.0 (22537106)|VARIABLE_ASSIGNMENT|[EXTERNAL]|this|{}|0x6435d531
16:26:14.0 (22549182)|VARIABLE_ASSIGNMENT|[EXTERNAL]|value|{"Category__c":"Event Registration","RecordTypeId":"012460000005G1FAAU","Amount__c":3499,"Tax__c":454.87,"Submitted__c":true,"Employee__c":"00346000002ojVWAAY","Id":"a0F46000000Fp76EAC","RecordType":{"Name":"Business Trips","Id":"012460000005G1FAAU"},"Employee__r":{"Id":"00346000002ojVWAAY","Name":"Carol Ruiz","Birthdate":"2017-10-09T00:00:00.000Z"}}|0x7e81e42a
16:26:14.0 (22562642)|VARIABLE_ASSIGNMENT|[80]|this.expense|{"Category__c":"Event Registration","RecordTypeId":"012460000005G1FAAU","Amount__c":3499,"Tax__c":454.87,"Submitted__c":true,"Employee__c":"00346000002ojVWAAY","Id":"a0F46000000Fp76EAC","RecordType":{"Name":"Business Trips","Id":"012460000005G1FAAU"},"Employee__r":{"Id":"00346000002ojVWAAY","Name":"Carol Ruiz","Birthdate":"2017-10-09T00:00:00.000Z"}}|0x6435d531
16:26:14.0 (22568514)|STATEMENT_EXECUTE|[86]
16:26:14.0 (22577100)|VARIABLE_ASSIGNMENT|[EXTERNAL]|this|{"expense":"0x7e81e42a"}|0x6435d531
16:26:14.0 (22580634)|VARIABLE_ASSIGNMENT|[EXTERNAL]|value|false
16:26:14.0 (22583351)|HEAP_ALLOCATE|[81]|Bytes:5
16:26:14.0 (22586799)|VARIABLE_ASSIGNMENT|[81]|this.checked|false|0x6435d531
16:26:14.0 (22593222)|CONSTRUCTOR_EXIT|[18]|01p46000002wayn|<init>(Expense__c,Boolean)
16:26:14.0 (22598919)|HEAP_ALLOCATE|[EXTERNAL]|Bytes:4
16:26:14.0 (22606605)|HEAP_ALLOCATE|[16]|Bytes:5
16:26:14.0 (22623102)|HEAP_ALLOCATE|[16]|Bytes:40
16:26:14.0 (22627247)|VARIABLE_SCOPE_BEGIN|[16]|ex|Expense__c|true|false
16:26:14.0 (22640011)|VARIABLE_ASSIGNMENT|[16]|ex|{"Category__c":"Event Registration","RecordTypeId":"012460000005G1KAAU","Amount__c":5600,"Tax__c":728.00,"Submitted__c":false,"Employee__c":"00346000002oeLWAAY","Id":"a0F46000000FBc6EAG","RecordType":{"Name":"Client Meetings","Id":"012460000005G1KAAU"},"Employee__r":{"Id":"00346000002oeLWAAY","Name":"Paulo Acosta"}}|0x5f54b4c7
16:26:14.0 (22644040)|STATEMENT_EXECUTE|[16]
16:26:14.0 (22645250)|STATEMENT_EXECUTE|[18]
16:26:14.0 (22658094)|VARIABLE_ASSIGNMENT|[EXTERNAL]|this|{"queryString":"","wrappedExpenses":"0x41e64ec9"}|0x4db3b547
16:26:14.0 (22664153)|HEAP_ALLOCATE|[18]|Bytes:12
16:26:14.0 (22669450)|CONSTRUCTOR_ENTRY|[18]|01p46000002wayn|<init>(Expense__c,Boolean)
16:26:14.0 (22671691)|VARIABLE_SCOPE_BEGIN|[83]|this|ExpenseController.ExpenseWrapper|true|false
16:26:14.0 (22678555)|VARIABLE_ASSIGNMENT|[83]|this|{}|0x1e0bd7bb
16:26:14.0 (22679998)|VARIABLE_SCOPE_BEGIN|[83]|ex|Expense__c|true|false
16:26:14.0 (22688938)|VARIABLE_ASSIGNMENT|[83]|ex|{"Category__c":"Event Registration","RecordTypeId":"012460000005G1KAAU","Amount__c":5600,"Tax__c":728.00,"Submitted__c":false,"Employee__c":"00346000002oeLWAAY","Id":"a0F46000000FBc6EAG","RecordType":{"Name":"Client Meetings","Id":"012460000005G1KAAU"},"Employee__r":{"Id":"00346000002oeLWAAY","Name":"Paulo Acosta"}}|0x5f54b4c7
16:26:14.0 (22692860)|VARIABLE_SCOPE_BEGIN|[83]|check|Boolean|false|false
16:26:14.0 (22695148)|VARIABLE_ASSIGNMENT|[83]|check|false
16:26:14.0 (22697486)|STATEMENT_EXECUTE|[78]
16:26:14.0 (22698643)|STATEMENT_EXECUTE|[80]
16:26:14.0 (22699792)|STATEMENT_EXECUTE|[81]
16:26:14.0 (22706190)|STATEMENT_EXECUTE|[83]
16:26:14.0 (22707462)|STATEMENT_EXECUTE|[85]
16:26:14.0 (22715501)|VARIABLE_ASSIGNMENT|[EXTERNAL]|this|{}|0x1e0bd7bb
16:26:14.0 (22724494)|VARIABLE_ASSIGNMENT|[EXTERNAL]|value|{"Category__c":"Event Registration","RecordTypeId":"012460000005G1KAAU","Amount__c":5600,"Tax__c":728.00,"Submitted__c":false,"Employee__c":"00346000002oeLWAAY","Id":"a0F46000000FBc6EAG","RecordType":{"Name":"Client Meetings","Id":"012460000005G1KAAU"},"Employee__r":{"Id":"00346000002oeLWAAY","Name":"Paulo Acosta"}}|0x5f54b4c7
16:26:14.0 (22735608)|VARIABLE_ASSIGNMENT|[80]|this.expense|{"Category__c":"Event Registration","RecordTypeId":"012460000005G1KAAU","Amount__c":5600,"Tax__c":728.00,"Submitted__c":false,"Employee__c":"00346000002oeLWAAY","Id":"a0F46000000FBc6EAG","RecordType":{"Name":"Client Meetings","Id":"012460000005G1KAAU"},"Employee__r":{"Id":"00346000002oeLWAAY","Name":"Paulo Acosta"}}|0x1e0bd7bb
16:26:14.0 (22740800)|STATEMENT_EXECUTE|[86]
16:26:14.0 (22748939)|VARIABLE_ASSIGNMENT|[EXTERNAL]|this|{"expense":"0x5f54b4c7"}|0x1e0bd7bb
16:26:14.0 (22752196)|VARIABLE_ASSIGNMENT|[EXTERNAL]|value|false
16:26:14.0 (22754616)|HEAP_ALLOCATE|[81]|Bytes:5
16:26:14.0 (22757974)|VARIABLE_ASSIGNMENT|[81]|this.checked|false|0x1e0bd7bb
16:26:14.0 (22764288)|CONSTRUCTOR_EXIT|[18]|01p46000002wayn|<init>(Expense__c,Boolean)
16:26:14.0 (22769444)|HEAP_ALLOCATE|[EXTERNAL]|Bytes:4
16:26:14.0 (22776734)|HEAP_ALLOCATE|[16]|Bytes:5
16:26:14.0 (22791390)|HEAP_ALLOCATE|[16]|Bytes:40
16:26:14.0 (22795181)|VARIABLE_SCOPE_BEGIN|[16]|ex|Expense__c|true|false
16:26:14.0 (22811075)|VARIABLE_ASSIGNMENT|[16]|ex|{"Category__c":"Transportation","RecordTypeId":"012460000005G1FAAU","Amount__c":3500,"Tax__c":455.00,"Submitted__c":false,"Employee__c":"00346000002ojVWAAY","Id":"a0F46000000FBblEAG","RecordType":{"Name":"Business Trips","Id":"012460000005G1FAAU"},"Employee__r":{"Id":"00346000002ojVWAAY","Name":"Carol Ruiz","Birthdate":"2017-10-09T00:00:00.000Z"}}|0xbebe111
16:26:14.0 (22815920)|STATEMENT_EXECUTE|[16]
16:26:14.0 (22817939)|STATEMENT_EXECUTE|[18]
16:26:14.0 (22835432)|VARIABLE_ASSIGNMENT|[EXTERNAL]|this|{"queryString":"","wrappedExpenses":"0x41e64ec9"}|0x4db3b547
16:26:14.0 (22841950)|HEAP_ALLOCATE|[18]|Bytes:12
16:26:14.0 (22848001)|CONSTRUCTOR_ENTRY|[18]|01p46000002wayn|<init>(Expense__c,Boolean)
16:26:14.0 (22850448)|VARIABLE_SCOPE_BEGIN|[83]|this|ExpenseController.ExpenseWrapper|true|false
16:26:14.0 (22857245)|VARIABLE_ASSIGNMENT|[83]|this|{}|0x484d472c
16:26:14.0 (22858686)|VARIABLE_SCOPE_BEGIN|[83]|ex|Expense__c|true|false
16:26:14.0 (22871762)|VARIABLE_ASSIGNMENT|[83]|ex|{"Category__c":"Transportation","RecordTypeId":"012460000005G1FAAU","Amount__c":3500,"Tax__c":455.00,"Submitted__c":false,"Employee__c":"00346000002ojVWAAY","Id":"a0F46000000FBblEAG","RecordType":{"Name":"Business Trips","Id":"012460000005G1FAAU"},"Employee__r":{"Id":"00346000002ojVWAAY","Name":"Carol Ruiz","Birthdate":"2017-10-09T00:00:00.000Z"}}|0xbebe111
16:26:14.0 (22875756)|VARIABLE_SCOPE_BEGIN|[83]|check|Boolean|false|false
16:26:14.0 (22878017)|VARIABLE_ASSIGNMENT|[83]|check|false
16:26:14.0 (22885250)|STATEMENT_EXECUTE|[78]
16:26:14.0 (22886548)|STATEMENT_EXECUTE|[80]
16:26:14.0 (22887714)|STATEMENT_EXECUTE|[81]
16:26:14.0 (22894855)|STATEMENT_EXECUTE|[83]
16:26:14.0 (22896078)|STATEMENT_EXECUTE|[85]
16:26:14.0 (22904988)|VARIABLE_ASSIGNMENT|[EXTERNAL]|this|{}|0x484d472c
16:26:14.0 (22917183)|VARIABLE_ASSIGNMENT|[EXTERNAL]|value|{"Category__c":"Transportation","RecordTypeId":"012460000005G1FAAU","Amount__c":3500,"Tax__c":455.00,"Submitted__c":false,"Employee__c":"00346000002ojVWAAY","Id":"a0F46000000FBblEAG","RecordType":{"Name":"Business Trips","Id":"012460000005G1FAAU"},"Employee__r":{"Id":"00346000002ojVWAAY","Name":"Carol Ruiz","Birthdate":"2017-10-09T00:00:00.000Z"}}|0xbebe111
16:26:14.0 (22933967)|VARIABLE_ASSIGNMENT|[80]|this.expense|{"Category__c":"Transportation","RecordTypeId":"012460000005G1FAAU","Amount__c":3500,"Tax__c":455.00,"Submitted__c":false,"Employee__c":"00346000002ojVWAAY","Id":"a0F46000000FBblEAG","RecordType":{"Name":"Business Trips","Id":"012460000005G1FAAU"},"Employee__r":{"Id":"00346000002ojVWAAY","Name":"Carol Ruiz","Birthdate":"2017-10-09T00:00:00.000Z"}}|0x484d472c
16:26:14.0 (22940325)|STATEMENT_EXECUTE|[86]
16:26:14.0 (22950043)|VARIABLE_ASSIGNMENT|[EXTERNAL]|this|{"expense":"0xbebe111"}|0x484d472c
16:26:14.0 (22953964)|VARIABLE_ASSIGNMENT|[EXTERNAL]|value|false
16:26:14.0 (22956649)|HEAP_ALLOCATE|[81]|Bytes:5
16:26:14.0 (22960254)|VARIABLE_ASSIGNMENT|[81]|this.checked|false|0x484d472c
16:26:14.0 (22966409)|CONSTRUCTOR_EXIT|[18]|01p46000002wayn|<init>(Expense__c,Boolean)
16:26:14.0 (22971762)|HEAP_ALLOCATE|[EXTERNAL]|Bytes:4
16:26:14.0 (22980912)|HEAP_ALLOCATE|[16]|Bytes:5
16:26:14.0 (22988357)|VARIABLE_ASSIGNMENT|[16]|ex|null|
16:26:14.0 (22991268)|STATEMENT_EXECUTE|[21]
16:26:14.0 (23013458)|VARIABLE_ASSIGNMENT|[EXTERNAL]|this|{"queryString":"","wrappedExpenses":"0x41e64ec9"}|0x4db3b547
16:26:14.0 (23677077)|HEAP_ALLOCATE|[EXTERNAL]|Bytes:12
16:26:14.0 (23685205)|VARIABLE_SCOPE_BEGIN|[44]|this|ExpenseController|true|false
16:26:14.0 (23704152)|VARIABLE_ASSIGNMENT|[44]|this|{"queryString":"","wrappedExpenses":"0x41e64ec9"}|0x4db3b547
16:26:14.0 (23711883)|STATEMENT_EXECUTE|[44]
16:26:14.0 (23713523)|STATEMENT_EXECUTE|[46]
16:26:14.0 (23716409)|HEAP_ALLOCATE|[46]|Bytes:40
16:26:14.0 (23726699)|VARIABLE_ASSIGNMENT|[46]|this.queryString|"WHERE RecordType.Nam (20 more) ..."|0x4db3b547
16:26:14.0 (26483960)|SYSTEM_MODE_ENTER|true
16:26:14.0 (26511028)|HEAP_ALLOCATE|[EXTERNAL]|Bytes:12
16:26:14.0 (26516348)|VARIABLE_SCOPE_BEGIN|[8]|this|ExpenseController|true|false
16:26:14.0 (26536659)|VARIABLE_ASSIGNMENT|[8]|this|{"queryString":"WHERE RecordType.Nam (20 more) ...","wrappedExpenses":"0x41e64ec9"}|0x4db3b547
16:26:14.0 (26543998)|STATEMENT_EXECUTE|[8]
16:26:14.0 (26545758)|STATEMENT_EXECUTE|[10]
16:26:14.0 (26554568)|HEAP_ALLOCATE|[10]|Bytes:201
16:26:14.0 (26883652)|SOQL_EXECUTE_BEGIN|[10]|Aggregations:0|SELECT Category__c, RecordType.Name, Amount__c, Tax__c, Client_Company__c, Submitted__c, Employee__r.Id, Employee__r.Name, Employee__r.Birthdate FROM Expense__c WHERE RecordType.Name = 'Business Trips'
16:26:14.0 (31572365)|SOQL_EXECUTE_END|[10]|Rows:3
16:26:14.0 (31585668)|HEAP_ALLOCATE|[10]|Bytes:16
16:26:14.0 (31614629)|HEAP_ALLOCATE|[10]|Bytes:895
16:26:14.0 (31629306)|HEAP_ALLOCATE|[10]|Bytes:16
16:26:14.0 (31641928)|VARIABLE_SCOPE_BEGIN|[10]|results|List<Expense__c>|true|false
16:26:14.0 (31689195)|VARIABLE_ASSIGNMENT|[10]|results|[{"RecordTypeId":"012460000005G1FAAU","Amount__c":3000,"Tax__c":390.00,"Submitted__c":true,"Employee__c":"00346000002ojVWAAY","Id":"a0F46000000Fp6rEAC","RecordType":{"Name":"Business Trips","Id":"012460000005G1FAAU"},"Employee__r":{"Id":"00346000002ojVWAAY","Name":"Carol Ruiz","Birthdate":"2017-10-09T00:00:00.000Z"}},{"Category__c":"Event Registration","RecordTypeId":"012460000005G1FAAU","Amount__c":3499,"Tax__c":454.87,"Submitted__c":true,"Employee__c":"00346000002ojVWAAY","Id":"a0F46000000Fp76EAC","RecordType":{"Name":"Business Trips","Id":"012460000005G1FAAU"},"Employee__r":{"Id":"00346000002ojVWAAY","Name":"Carol Ruiz","Birthdate":"2017-10-09T00:00:00.000Z"}},{"Category__c":"Transportation","RecordTypeId":"012460000005G1FAAU","Amount__c":3500,"Tax__c":455.00,"Submitted__c":false,"Employee__c":"00346000002ojVWAAY","Id":"a0F46000000FBblEAG","RecordType":{"Name":"Business Trips","Id":"012460000005G1FAAU"},"Employee__r":{"Id":"00346000002ojVWAAY","Name":"Carol Ruiz","Birthdate":"2017-10-09T00:00:00.000Z"}}]|0x5d0da2ac
16:26:14.0 (31698092)|STATEMENT_EXECUTE|[15]
16:26:14.0 (31702713)|HEAP_ALLOCATE|[15]|Bytes:4
16:26:14.0 (31736298)|VARIABLE_ASSIGNMENT|[EXTERNAL]|this|{"queryString":"WHERE RecordType.Nam (20 more) ...","wrappedExpenses":"0x41e64ec9"}|0x4db3b547
16:26:14.0 (31746047)|HEAP_ALLOCATE|[EXTERNAL]|Bytes:4
16:26:14.0 (31750610)|VARIABLE_ASSIGNMENT|[EXTERNAL]|value|[]|0x39ffea98
16:26:14.0 (31758074)|VARIABLE_ASSIGNMENT|[5]|this.wrappedExpenses|[]|0x4db3b547
16:26:14.0 (31778118)|HEAP_ALLOCATE|[16]|Bytes:5
16:26:14.0 (31807817)|HEAP_ALLOCATE|[16]|Bytes:36
16:26:14.0 (31814535)|VARIABLE_SCOPE_BEGIN|[16]|ex|Expense__c|true|false
16:26:14.0 (31834128)|VARIABLE_ASSIGNMENT|[16]|ex|{"RecordTypeId":"012460000005G1FAAU","Amount__c":3000,"Tax__c":390.00,"Submitted__c":true,"Employee__c":"00346000002ojVWAAY","Id":"a0F46000000Fp6rEAC","RecordType":{"Name":"Business Trips","Id":"012460000005G1FAAU"},"Employee__r":{"Id":"00346000002ojVWAAY","Name":"Carol Ruiz","Birthdate":"2017-10-09T00:00:00.000Z"}}|0x7de57d0e
16:26:14.0 (31839531)|STATEMENT_EXECUTE|[16]
16:26:14.0 (31841422)|STATEMENT_EXECUTE|[18]
16:26:14.0 (31860186)|VARIABLE_ASSIGNMENT|[EXTERNAL]|this|{"queryString":"WHERE RecordType.Nam (20 more) ...","wrappedExpenses":"0x39ffea98"}|0x4db3b547
16:26:14.0 (31868403)|HEAP_ALLOCATE|[18]|Bytes:12
16:26:14.0 (31877586)|CONSTRUCTOR_ENTRY|[18]|01p46000002wayn|<init>(Expense__c,Boolean)
16:26:14.0 (31886366)|VARIABLE_SCOPE_BEGIN|[83]|this|ExpenseController.ExpenseWrapper|true|false
16:26:14.0 (31896228)|VARIABLE_ASSIGNMENT|[83]|this|{}|0x501f135c
16:26:14.0 (31898091)|VARIABLE_SCOPE_BEGIN|[83]|ex|Expense__c|true|false
16:26:14.0 (31911913)|VARIABLE_ASSIGNMENT|[83]|ex|{"RecordTypeId":"012460000005G1FAAU","Amount__c":3000,"Tax__c":390.00,"Submitted__c":true,"Employee__c":"00346000002ojVWAAY","Id":"a0F46000000Fp6rEAC","RecordType":{"Name":"Business Trips","Id":"012460000005G1FAAU"},"Employee__r":{"Id":"00346000002ojVWAAY","Name":"Carol Ruiz","Birthdate":"2017-10-09T00:00:00.000Z"}}|0x7de57d0e
16:26:14.0 (31916712)|VARIABLE_SCOPE_BEGIN|[83]|check|Boolean|false|false
16:26:14.0 (31919606)|VARIABLE_ASSIGNMENT|[83]|check|false
16:26:14.0 (31922525)|STATEMENT_EXECUTE|[78]
16:26:14.0 (31924159)|STATEMENT_EXECUTE|[80]
16:26:14.0 (31925350)|STATEMENT_EXECUTE|[81]
16:26:14.0 (31934738)|STATEMENT_EXECUTE|[83]
16:26:14.0 (31936115)|STATEMENT_EXECUTE|[85]
16:26:14.0 (31946004)|VARIABLE_ASSIGNMENT|[EXTERNAL]|this|{}|0x501f135c
16:26:14.0 (31958575)|VARIABLE_ASSIGNMENT|[EXTERNAL]|value|{"RecordTypeId":"012460000005G1FAAU","Amount__c":3000,"Tax__c":390.00,"Submitted__c":true,"Employee__c":"00346000002ojVWAAY","Id":"a0F46000000Fp6rEAC","RecordType":{"Name":"Business Trips","Id":"012460000005G1FAAU"},"Employee__r":{"Id":"00346000002ojVWAAY","Name":"Carol Ruiz","Birthdate":"2017-10-09T00:00:00.000Z"}}|0x7de57d0e
16:26:14.0 (31973226)|VARIABLE_ASSIGNMENT|[80]|this.expense|{"RecordTypeId":"012460000005G1FAAU","Amount__c":3000,"Tax__c":390.00,"Submitted__c":true,"Employee__c":"00346000002ojVWAAY","Id":"a0F46000000Fp6rEAC","RecordType":{"Name":"Business Trips","Id":"012460000005G1FAAU"},"Employee__r":{"Id":"00346000002ojVWAAY","Name":"Carol Ruiz","Birthdate":"2017-10-09T00:00:00.000Z"}}|0x501f135c
16:26:14.0 (31979117)|STATEMENT_EXECUTE|[86]
16:26:14.0 (31989204)|VARIABLE_ASSIGNMENT|[EXTERNAL]|this|{"expense":"0x7de57d0e"}|0x501f135c
16:26:14.0 (31993560)|VARIABLE_ASSIGNMENT|[EXTERNAL]|value|false
16:26:14.0 (31996617)|HEAP_ALLOCATE|[81]|Bytes:5
16:26:14.0 (32000814)|VARIABLE_ASSIGNMENT|[81]|this.checked|false|0x501f135c
16:26:14.0 (32009416)|CONSTRUCTOR_EXIT|[18]|01p46000002wayn|<init>(Expense__c,Boolean)
16:26:14.0 (32016859)|HEAP_ALLOCATE|[EXTERNAL]|Bytes:4
16:26:14.0 (32025663)|HEAP_ALLOCATE|[16]|Bytes:5
16:26:14.0 (32044290)|HEAP_ALLOCATE|[16]|Bytes:40
16:26:14.0 (32049143)|VARIABLE_SCOPE_BEGIN|[16]|ex|Expense__c|true|false
16:26:14.0 (32066939)|VARIABLE_ASSIGNMENT|[16]|ex|{"Category__c":"Event Registration","RecordTypeId":"012460000005G1FAAU","Amount__c":3499,"Tax__c":454.87,"Submitted__c":true,"Employee__c":"00346000002ojVWAAY","Id":"a0F46000000Fp76EAC","RecordType":{"Name":"Business Trips","Id":"012460000005G1FAAU"},"Employee__r":{"Id":"00346000002ojVWAAY","Name":"Carol Ruiz","Birthdate":"2017-10-09T00:00:00.000Z"}}|0x19eeaa84
16:26:14.0 (32076672)|STATEMENT_EXECUTE|[16]
16:26:14.0 (32079215)|STATEMENT_EXECUTE|[18]
16:26:14.0 (32104503)|VARIABLE_ASSIGNMENT|[EXTERNAL]|this|{"queryString":"WHERE RecordType.Nam (20 more) ...","wrappedExpenses":"0x39ffea98"}|0x4db3b547
16:26:14.0 (32116960)|HEAP_ALLOCATE|[18]|Bytes:12
16:26:14.0 (32128569)|CONSTRUCTOR_ENTRY|[18]|01p46000002wayn|<init>(Expense__c,Boolean)
16:26:14.0 (32133758)|VARIABLE_SCOPE_BEGIN|[83]|this|ExpenseController.ExpenseWrapper|true|false
16:26:14.0 (32149729)|VARIABLE_ASSIGNMENT|[83]|this|{}|0x436232eb
16:26:14.0 (32152477)|VARIABLE_SCOPE_BEGIN|[83]|ex|Expense__c|true|false
16:26:14.0 (32199509)|VARIABLE_ASSIGNMENT|[83]|ex|{"Category__c":"Event Registration","RecordTypeId":"012460000005G1FAAU","Amount__c":3499,"Tax__c":454.87,"Submitted__c":true,"Employee__c":"00346000002ojVWAAY","Id":"a0F46000000Fp76EAC","RecordType":{"Name":"Business Trips","Id":"012460000005G1FAAU"},"Employee__r":{"Id":"00346000002ojVWAAY","Name":"Carol Ruiz","Birthdate":"2017-10-09T00:00:00.000Z"}}|0x19eeaa84
16:26:14.0 (32206415)|VARIABLE_SCOPE_BEGIN|[83]|check|Boolean|false|false
16:26:14.0 (32209578)|VARIABLE_ASSIGNMENT|[83]|check|false
16:26:14.0 (32214210)|STATEMENT_EXECUTE|[78]
16:26:14.0 (32215490)|STATEMENT_EXECUTE|[80]
16:26:14.0 (32216628)|STATEMENT_EXECUTE|[81]
16:26:14.0 (32227046)|STATEMENT_EXECUTE|[83]
16:26:14.0 (32228304)|STATEMENT_EXECUTE|[85]
16:26:14.0 (32240898)|VARIABLE_ASSIGNMENT|[EXTERNAL]|this|{}|0x436232eb
16:26:14.0 (32255163)|VARIABLE_ASSIGNMENT|[EXTERNAL]|value|{"Category__c":"Event Registration","RecordTypeId":"012460000005G1FAAU","Amount__c":3499,"Tax__c":454.87,"Submitted__c":true,"Employee__c":"00346000002ojVWAAY","Id":"a0F46000000Fp76EAC","RecordType":{"Name":"Business Trips","Id":"012460000005G1FAAU"},"Employee__r":{"Id":"00346000002ojVWAAY","Name":"Carol Ruiz","Birthdate":"2017-10-09T00:00:00.000Z"}}|0x19eeaa84
16:26:14.0 (32271255)|VARIABLE_ASSIGNMENT|[80]|this.expense|{"Category__c":"Event Registration","RecordTypeId":"012460000005G1FAAU","Amount__c":3499,"Tax__c":454.87,"Submitted__c":true,"Employee__c":"00346000002ojVWAAY","Id":"a0F46000000Fp76EAC","RecordType":{"Name":"Business Trips","Id":"012460000005G1FAAU"},"Employee__r":{"Id":"00346000002ojVWAAY","Name":"Carol Ruiz","Birthdate":"2017-10-09T00:00:00.000Z"}}|0x436232eb
16:26:14.0 (32277547)|STATEMENT_EXECUTE|[86]
16:26:14.0 (32287510)|VARIABLE_ASSIGNMENT|[EXTERNAL]|this|{"expense":"0x19eeaa84"}|0x436232eb
16:26:14.0 (32291166)|VARIABLE_ASSIGNMENT|[EXTERNAL]|value|false
16:26:14.0 (32294319)|HEAP_ALLOCATE|[81]|Bytes:5
16:26:14.0 (32298744)|VARIABLE_ASSIGNMENT|[81]|this.checked|false|0x436232eb
16:26:14.0 (32307015)|CONSTRUCTOR_EXIT|[18]|01p46000002wayn|<init>(Expense__c,Boolean)
16:26:14.0 (32313957)|HEAP_ALLOCATE|[EXTERNAL]|Bytes:4
16:26:14.0 (32322549)|HEAP_ALLOCATE|[16]|Bytes:5
16:26:14.0 (32343717)|HEAP_ALLOCATE|[16]|Bytes:40
16:26:14.0 (32348796)|VARIABLE_SCOPE_BEGIN|[16]|ex|Expense__c|true|false
16:26:14.0 (32365978)|VARIABLE_ASSIGNMENT|[16]|ex|{"Category__c":"Transportation","RecordTypeId":"012460000005G1FAAU","Amount__c":3500,"Tax__c":455.00,"Submitted__c":false,"Employee__c":"00346000002ojVWAAY","Id":"a0F46000000FBblEAG","RecordType":{"Name":"Business Trips","Id":"012460000005G1FAAU"},"Employee__r":{"Id":"00346000002ojVWAAY","Name":"Carol Ruiz","Birthdate":"2017-10-09T00:00:00.000Z"}}|0x52ed0d05
16:26:14.0 (32370452)|STATEMENT_EXECUTE|[16]
16:26:14.0 (32371597)|STATEMENT_EXECUTE|[18]
16:26:14.0 (32387944)|VARIABLE_ASSIGNMENT|[EXTERNAL]|this|{"queryString":"WHERE RecordType.Nam (20 more) ...","wrappedExpenses":"0x39ffea98"}|0x4db3b547
16:26:14.0 (32395345)|HEAP_ALLOCATE|[18]|Bytes:12
16:26:14.0 (32402213)|CONSTRUCTOR_ENTRY|[18]|01p46000002wayn|<init>(Expense__c,Boolean)
16:26:14.0 (32405113)|VARIABLE_SCOPE_BEGIN|[83]|this|ExpenseController.ExpenseWrapper|true|false
16:26:14.0 (32412956)|VARIABLE_ASSIGNMENT|[83]|this|{}|0x734ae0e9
16:26:14.0 (32414508)|VARIABLE_SCOPE_BEGIN|[83]|ex|Expense__c|true|false
16:26:14.0 (32427175)|VARIABLE_ASSIGNMENT|[83]|ex|{"Category__c":"Transportation","RecordTypeId":"012460000005G1FAAU","Amount__c":3500,"Tax__c":455.00,"Submitted__c":false,"Employee__c":"00346000002ojVWAAY","Id":"a0F46000000FBblEAG","RecordType":{"Name":"Business Trips","Id":"012460000005G1FAAU"},"Employee__r":{"Id":"00346000002ojVWAAY","Name":"Carol Ruiz","Birthdate":"2017-10-09T00:00:00.000Z"}}|0x52ed0d05
16:26:14.0 (32433622)|VARIABLE_SCOPE_BEGIN|[83]|check|Boolean|false|false
16:26:14.0 (32437273)|VARIABLE_ASSIGNMENT|[83]|check|false
16:26:14.0 (32440999)|STATEMENT_EXECUTE|[78]
16:26:14.0 (32442854)|STATEMENT_EXECUTE|[80]
16:26:14.0 (32444510)|STATEMENT_EXECUTE|[81]
16:26:14.0 (32455414)|STATEMENT_EXECUTE|[83]
16:26:14.0 (32457582)|STATEMENT_EXECUTE|[85]
16:26:14.0 (32472293)|VARIABLE_ASSIGNMENT|[EXTERNAL]|this|{}|0x734ae0e9
16:26:14.0 (32493315)|VARIABLE_ASSIGNMENT|[EXTERNAL]|value|{"Category__c":"Transportation","RecordTypeId":"012460000005G1FAAU","Amount__c":3500,"Tax__c":455.00,"Submitted__c":false,"Employee__c":"00346000002ojVWAAY","Id":"a0F46000000FBblEAG","RecordType":{"Name":"Business Trips","Id":"012460000005G1FAAU"},"Employee__r":{"Id":"00346000002ojVWAAY","Name":"Carol Ruiz","Birthdate":"2017-10-09T00:00:00.000Z"}}|0x52ed0d05
16:26:14.0 (32511457)|VARIABLE_ASSIGNMENT|[80]|this.expense|{"Category__c":"Transportation","RecordTypeId":"012460000005G1FAAU","Amount__c":3500,"Tax__c":455.00,"Submitted__c":false,"Employee__c":"00346000002ojVWAAY","Id":"a0F46000000FBblEAG","RecordType":{"Name":"Business Trips","Id":"012460000005G1FAAU"},"Employee__r":{"Id":"00346000002ojVWAAY","Name":"Carol Ruiz","Birthdate":"2017-10-09T00:00:00.000Z"}}|0x734ae0e9
16:26:14.0 (32518797)|STATEMENT_EXECUTE|[86]
16:26:14.0 (32529412)|VARIABLE_ASSIGNMENT|[EXTERNAL]|this|{"expense":"0x52ed0d05"}|0x734ae0e9
16:26:14.0 (32533536)|VARIABLE_ASSIGNMENT|[EXTERNAL]|value|false
16:26:14.0 (32536457)|HEAP_ALLOCATE|[81]|Bytes:5
16:26:14.0 (32540527)|VARIABLE_ASSIGNMENT|[81]|this.checked|false|0x734ae0e9
16:26:14.0 (32552099)|CONSTRUCTOR_EXIT|[18]|01p46000002wayn|<init>(Expense__c,Boolean)
16:26:14.0 (32562195)|HEAP_ALLOCATE|[EXTERNAL]|Bytes:4
16:26:14.0 (32572182)|HEAP_ALLOCATE|[16]|Bytes:5
16:26:14.0 (32580537)|VARIABLE_ASSIGNMENT|[16]|ex|null|
16:26:14.0 (32583589)|STATEMENT_EXECUTE|[21]
16:26:14.0 (32598609)|VARIABLE_ASSIGNMENT|[EXTERNAL]|this|{"queryString":"WHERE RecordType.Nam (20 more) ...","wrappedExpenses":"0x39ffea98"}|0x4db3b547
16:26:14.0 (40242898)|VF_SERIALIZE_VIEWSTATE_BEGIN|06646000001BW08
16:26:14.0 (49235373)|VF_SERIALIZE_VIEWSTATE_END
16:26:14.0 (61091495)|CODE_UNIT_STARTED|[EXTERNAL]|Generate Metadata
16:26:14.0 (62279708)|CODE_UNIT_FINISHED|Generate Metadata
16:26:14.64 (64240443)|CUMULATIVE_LIMIT_USAGE
16:26:14.64 (64240443)|LIMIT_USAGE_FOR_NS|(default)|
  Number of SOQL queries: 2 out of 100
  Number of query rows: 8 out of 50000
  Number of SOSL queries: 0 out of 20
  Number of DML statements: 0 out of 150
  Number of DML rows: 0 out of 10000
  Maximum CPU time: 0 out of 10000
  Maximum heap size: 0 out of 6000000
  Number of callouts: 0 out of 100
  Number of Email Invocations: 0 out of 10
  Number of future calls: 0 out of 50
  Number of queueable jobs added to the queue: 0 out of 50
  Number of Mobile Apex push calls: 0 out of 10

16:26:14.64 (64240443)|CUMULATIVE_LIMIT_USAGE_END

16:26:14.0 (64270486)|CODE_UNIT_FINISHED|VF: /apex/ListOfEmployees
16:26:14.0 (64967625)|EXECUTION_FINISHED
