39.0 APEX_CODE,FINEST;APEX_PROFILING,INFO;CALLOUT,INFO;DB,INFO;SYSTEM,DEBUG;VALIDATION,INFO;VISUALFORCE,INFO;WAVE,INFO;WORKFLOW,INFO
17:19:26.0 (338232)|USER_INFO|[EXTERNAL]|00546000000Iihs|pacosta@altimetrik.com|Argentine Time|GMT-03:00
17:19:26.0 (381495)|EXECUTION_STARTED
17:19:26.0 (385929)|CODE_UNIT_STARTED|[EXTERNAL]|06646000001BW08|VF: /apex/ListOfEmployees
17:19:26.0 (538902)|VF_DESERIALIZE_VIEWSTATE_BEGIN|06646000001BW08
17:19:26.0 (7415807)|HEAP_ALLOCATE|[72]|Bytes:3
17:19:26.0 (7456813)|HEAP_ALLOCATE|[77]|Bytes:152
17:19:26.0 (7473630)|HEAP_ALLOCATE|[342]|Bytes:408
17:19:26.0 (7497163)|HEAP_ALLOCATE|[355]|Bytes:408
17:19:26.0 (7518860)|HEAP_ALLOCATE|[467]|Bytes:48
17:19:26.0 (7555274)|HEAP_ALLOCATE|[139]|Bytes:6
17:19:26.0 (7586050)|HEAP_ALLOCATE|[50]|Bytes:5
17:19:26.0 (7604187)|HEAP_ALLOCATE|[56]|Bytes:5
17:19:26.0 (7613082)|HEAP_ALLOCATE|[64]|Bytes:7
17:19:26.0 (9717809)|VF_DESERIALIZE_VIEWSTATE_END
17:19:26.0 (11567780)|SYSTEM_MODE_ENTER|true
17:19:26.0 (11836564)|HEAP_ALLOCATE|[EXTERNAL]|Bytes:14
17:19:26.0 (11847958)|HEAP_ALLOCATE|[EXTERNAL]|Bytes:96
17:19:26.0 (11851813)|HEAP_ALLOCATE|[EXTERNAL]|Bytes:24
17:19:26.0 (11863244)|METHOD_ENTRY|[1]|01p46000002wayn|ExpenseController.ExpenseController()
17:19:26.0 (11871368)|STATEMENT_EXECUTE|[1]
17:19:26.0 (11880140)|STATEMENT_EXECUTE|[1]
17:19:26.0 (11882617)|STATEMENT_EXECUTE|[97]
17:19:26.0 (11889903)|METHOD_EXIT|[1]|ExpenseController
17:19:26.0 (11899312)|HEAP_ALLOCATE|[EXTERNAL]|Bytes:12
17:19:26.0 (11909219)|VARIABLE_SCOPE_BEGIN|[8]|this|ExpenseController|true|false
17:19:26.0 (11980736)|VARIABLE_ASSIGNMENT|[8]|this|{"queryString":"","wrappedExpenses":"0x52e2039d"}|0x65fea2b5
17:19:26.0 (11990048)|STATEMENT_EXECUTE|[8]
17:19:26.0 (11991612)|STATEMENT_EXECUTE|[10]
17:19:26.0 (11995369)|HEAP_ALLOCATE|[10]|Bytes:161
17:19:26.0 (12013144)|HEAP_ALLOCATE|[10]|Bytes:161
17:19:26.0 (14514658)|SOQL_EXECUTE_BEGIN|[10]|Aggregations:0|SELECT Category__c, RecordType.Name, Amount__c, Tax__c, Client_Company__c, Submitted__c, Employee__r.Id, Employee__r.Name, Employee__r.Birthdate FROM Expense__c 
17:19:26.0 (23843664)|SOQL_EXECUTE_END|[10]|Rows:7
17:19:26.0 (23866605)|HEAP_ALLOCATE|[10]|Bytes:32
17:19:26.0 (23918176)|HEAP_ALLOCATE|[10]|Bytes:2135
17:19:26.0 (23997772)|HEAP_ALLOCATE|[10]|Bytes:32
17:19:26.0 (24021405)|VARIABLE_SCOPE_BEGIN|[10]|results|List<Expense__c>|true|false
17:19:26.0 (24046119)|VARIABLE_ASSIGNMENT|[10]|results|"List of size 7 too large to display"|0xb3f5d12
17:19:26.0 (24053696)|STATEMENT_EXECUTE|[15]
17:19:26.0 (24060944)|HEAP_ALLOCATE|[15]|Bytes:4
17:19:26.0 (24195594)|VARIABLE_ASSIGNMENT|[EXTERNAL]|this|{"queryString":"","wrappedExpenses":"0x52e2039d"}|0x65fea2b5
17:19:26.0 (24216375)|HEAP_ALLOCATE|[EXTERNAL]|Bytes:4
17:19:26.0 (24223806)|VARIABLE_ASSIGNMENT|[EXTERNAL]|value|[]|0x52e5963a
17:19:26.0 (24235635)|VARIABLE_ASSIGNMENT|[5]|this.wrappedExpenses|[]|0x65fea2b5
17:19:26.0 (24433794)|HEAP_ALLOCATE|[16]|Bytes:5
17:19:26.0 (24465624)|HEAP_ALLOCATE|[16]|Bytes:40
17:19:26.0 (24473434)|VARIABLE_SCOPE_BEGIN|[16]|ex|Expense__c|true|false
17:19:26.0 (24495880)|VARIABLE_ASSIGNMENT|[16]|ex|{"Category__c":"Road Meals","RecordTypeId":"012460000005G1KAAU","Amount__c":8900,"Tax__c":1157.00,"Submitted__c":true,"Employee__c":"00346000002ojeGAAQ","Id":"a0F46000000FmUwEAK","RecordType":{"Name":"Client Meetings","Id":"012460000005G1KAAU"},"Employee__r":{"Id":"00346000002ojeGAAQ","Name":"Paolo Smith"}}|0x248339b7
17:19:26.0 (24502506)|STATEMENT_EXECUTE|[16]
17:19:26.0 (24504148)|STATEMENT_EXECUTE|[18]
17:19:26.0 (24543586)|VARIABLE_ASSIGNMENT|[EXTERNAL]|this|{"queryString":"","wrappedExpenses":"0x52e5963a"}|0x65fea2b5
17:19:26.0 (24557308)|HEAP_ALLOCATE|[18]|Bytes:116
17:19:26.0 (24565618)|HEAP_ALLOCATE|[18]|Bytes:10
17:19:26.0 (24578900)|HEAP_ALLOCATE|[18]|Bytes:12
17:19:26.0 (24602334)|CONSTRUCTOR_ENTRY|[18]|01p46000002wayn|<init>(Expense__c,Boolean)
17:19:26.0 (24613170)|VARIABLE_SCOPE_BEGIN|[102]|this|ExpenseController.ExpenseWrapper|true|false
17:19:26.0 (24637134)|VARIABLE_ASSIGNMENT|[102]|this|{}|0x164577e4
17:19:26.0 (24640037)|VARIABLE_SCOPE_BEGIN|[102]|ex|Expense__c|true|false
17:19:26.0 (24653615)|VARIABLE_ASSIGNMENT|[102]|ex|{"Category__c":"Road Meals","RecordTypeId":"012460000005G1KAAU","Amount__c":8900,"Tax__c":1157.00,"Submitted__c":true,"Employee__c":"00346000002ojeGAAQ","Id":"a0F46000000FmUwEAK","RecordType":{"Name":"Client Meetings","Id":"012460000005G1KAAU"},"Employee__r":{"Id":"00346000002ojeGAAQ","Name":"Paolo Smith"}}|0x248339b7
17:19:26.0 (24659350)|VARIABLE_SCOPE_BEGIN|[102]|check|Boolean|false|false
17:19:26.0 (24662524)|VARIABLE_ASSIGNMENT|[102]|check|false
17:19:26.0 (24666784)|STATEMENT_EXECUTE|[97]
17:19:26.0 (24668697)|STATEMENT_EXECUTE|[99]
17:19:26.0 (24670224)|STATEMENT_EXECUTE|[100]
17:19:26.0 (24677281)|HEAP_ALLOCATE|[104]|Bytes:6
17:19:26.0 (24720524)|STATEMENT_EXECUTE|[102]
17:19:26.0 (24722735)|STATEMENT_EXECUTE|[104]
17:19:26.0 (24781931)|VARIABLE_ASSIGNMENT|[EXTERNAL]|this|{}|0x164577e4
17:19:26.0 (24796669)|VARIABLE_ASSIGNMENT|[EXTERNAL]|value|{"Category__c":"Road Meals","RecordTypeId":"012460000005G1KAAU","Amount__c":8900,"Tax__c":1157.00,"Submitted__c":true,"Employee__c":"00346000002ojeGAAQ","Id":"a0F46000000FmUwEAK","RecordType":{"Name":"Client Meetings","Id":"012460000005G1KAAU"},"Employee__r":{"Id":"00346000002ojeGAAQ","Name":"Paolo Smith"}}|0x248339b7
17:19:26.0 (24811116)|VARIABLE_ASSIGNMENT|[99]|this.expense|{"Category__c":"Road Meals","RecordTypeId":"012460000005G1KAAU","Amount__c":8900,"Tax__c":1157.00,"Submitted__c":true,"Employee__c":"00346000002ojeGAAQ","Id":"a0F46000000FmUwEAK","RecordType":{"Name":"Client Meetings","Id":"012460000005G1KAAU"},"Employee__r":{"Id":"00346000002ojeGAAQ","Name":"Paolo Smith"}}|0x164577e4
17:19:26.0 (24818806)|STATEMENT_EXECUTE|[105]
17:19:26.0 (24849748)|VARIABLE_ASSIGNMENT|[EXTERNAL]|this|{"expense":"0x248339b7"}|0x164577e4
17:19:26.0 (24856332)|VARIABLE_ASSIGNMENT|[EXTERNAL]|value|false
17:19:26.0 (24860327)|HEAP_ALLOCATE|[100]|Bytes:5
17:19:26.0 (24864821)|VARIABLE_ASSIGNMENT|[100]|this.checked|false|0x164577e4
17:19:26.0 (24873656)|CONSTRUCTOR_EXIT|[18]|01p46000002wayn|<init>(Expense__c,Boolean)
17:19:26.0 (24885635)|HEAP_ALLOCATE|[EXTERNAL]|Bytes:4
17:19:26.0 (24895606)|HEAP_ALLOCATE|[16]|Bytes:5
17:19:26.0 (24918640)|HEAP_ALLOCATE|[16]|Bytes:36
17:19:26.0 (24924286)|VARIABLE_SCOPE_BEGIN|[16]|ex|Expense__c|true|false
17:19:26.0 (24957798)|VARIABLE_ASSIGNMENT|[16]|ex|{"RecordTypeId":"012460000005G1FAAU","Amount__c":3000,"Tax__c":390.00,"Submitted__c":true,"Employee__c":"00346000002ojVWAAY","Id":"a0F46000000Fp6rEAC","RecordType":{"Name":"Business Trips","Id":"012460000005G1FAAU"},"Employee__r":{"Id":"00346000002ojVWAAY","Name":"Carol Ruiz","Birthdate":"2017-10-09T00:00:00.000Z"}}|0x95bee69
17:19:26.0 (24963012)|STATEMENT_EXECUTE|[16]
17:19:26.0 (24964379)|STATEMENT_EXECUTE|[18]
17:19:26.0 (24981959)|VARIABLE_ASSIGNMENT|[EXTERNAL]|this|{"queryString":"","wrappedExpenses":"0x52e5963a"}|0x65fea2b5
17:19:26.0 (24989852)|HEAP_ALLOCATE|[18]|Bytes:12
17:19:26.0 (24997790)|CONSTRUCTOR_ENTRY|[18]|01p46000002wayn|<init>(Expense__c,Boolean)
17:19:26.0 (25001097)|VARIABLE_SCOPE_BEGIN|[102]|this|ExpenseController.ExpenseWrapper|true|false
17:19:26.0 (25009972)|VARIABLE_ASSIGNMENT|[102]|this|{}|0x143ead57
17:19:26.0 (25011741)|VARIABLE_SCOPE_BEGIN|[102]|ex|Expense__c|true|false
17:19:26.0 (25026224)|VARIABLE_ASSIGNMENT|[102]|ex|{"RecordTypeId":"012460000005G1FAAU","Amount__c":3000,"Tax__c":390.00,"Submitted__c":true,"Employee__c":"00346000002ojVWAAY","Id":"a0F46000000Fp6rEAC","RecordType":{"Name":"Business Trips","Id":"012460000005G1FAAU"},"Employee__r":{"Id":"00346000002ojVWAAY","Name":"Carol Ruiz","Birthdate":"2017-10-09T00:00:00.000Z"}}|0x95bee69
17:19:26.0 (25030763)|VARIABLE_SCOPE_BEGIN|[102]|check|Boolean|false|false
17:19:26.0 (25033442)|VARIABLE_ASSIGNMENT|[102]|check|false
17:19:26.0 (25037127)|STATEMENT_EXECUTE|[97]
17:19:26.0 (25039142)|STATEMENT_EXECUTE|[99]
17:19:26.0 (25040900)|STATEMENT_EXECUTE|[100]
17:19:26.0 (25050363)|STATEMENT_EXECUTE|[102]
17:19:26.0 (25051748)|STATEMENT_EXECUTE|[104]
17:19:26.0 (25062218)|VARIABLE_ASSIGNMENT|[EXTERNAL]|this|{}|0x143ead57
17:19:26.0 (25079017)|VARIABLE_ASSIGNMENT|[EXTERNAL]|value|{"RecordTypeId":"012460000005G1FAAU","Amount__c":3000,"Tax__c":390.00,"Submitted__c":true,"Employee__c":"00346000002ojVWAAY","Id":"a0F46000000Fp6rEAC","RecordType":{"Name":"Business Trips","Id":"012460000005G1FAAU"},"Employee__r":{"Id":"00346000002ojVWAAY","Name":"Carol Ruiz","Birthdate":"2017-10-09T00:00:00.000Z"}}|0x95bee69
17:19:26.0 (25093627)|VARIABLE_ASSIGNMENT|[99]|this.expense|{"RecordTypeId":"012460000005G1FAAU","Amount__c":3000,"Tax__c":390.00,"Submitted__c":true,"Employee__c":"00346000002ojVWAAY","Id":"a0F46000000Fp6rEAC","RecordType":{"Name":"Business Trips","Id":"012460000005G1FAAU"},"Employee__r":{"Id":"00346000002ojVWAAY","Name":"Carol Ruiz","Birthdate":"2017-10-09T00:00:00.000Z"}}|0x143ead57
17:19:26.0 (25104041)|STATEMENT_EXECUTE|[105]
17:19:26.0 (25115021)|VARIABLE_ASSIGNMENT|[EXTERNAL]|this|{"expense":"0x95bee69"}|0x143ead57
17:19:26.0 (25119324)|VARIABLE_ASSIGNMENT|[EXTERNAL]|value|false
17:19:26.0 (25122061)|HEAP_ALLOCATE|[100]|Bytes:5
17:19:26.0 (25125986)|VARIABLE_ASSIGNMENT|[100]|this.checked|false|0x143ead57
17:19:26.0 (25133987)|CONSTRUCTOR_EXIT|[18]|01p46000002wayn|<init>(Expense__c,Boolean)
17:19:26.0 (25141262)|HEAP_ALLOCATE|[EXTERNAL]|Bytes:4
17:19:26.0 (25149596)|HEAP_ALLOCATE|[16]|Bytes:5
17:19:26.0 (25169636)|HEAP_ALLOCATE|[16]|Bytes:40
17:19:26.0 (25174528)|VARIABLE_SCOPE_BEGIN|[16]|ex|Expense__c|true|false
17:19:26.0 (25192967)|VARIABLE_ASSIGNMENT|[16]|ex|{"Category__c":"Event Registration","RecordTypeId":"012460000005G1FAAU","Amount__c":3499,"Tax__c":454.87,"Submitted__c":true,"Employee__c":"00346000002ojVWAAY","Id":"a0F46000000Fp76EAC","RecordType":{"Name":"Business Trips","Id":"012460000005G1FAAU"},"Employee__r":{"Id":"00346000002ojVWAAY","Name":"Carol Ruiz","Birthdate":"2017-10-09T00:00:00.000Z"}}|0x4b83ca88
17:19:26.0 (25197775)|STATEMENT_EXECUTE|[16]
17:19:26.0 (25199212)|STATEMENT_EXECUTE|[18]
17:19:26.0 (25214449)|VARIABLE_ASSIGNMENT|[EXTERNAL]|this|{"queryString":"","wrappedExpenses":"0x52e5963a"}|0x65fea2b5
17:19:26.0 (25221273)|HEAP_ALLOCATE|[18]|Bytes:12
17:19:26.0 (25228176)|CONSTRUCTOR_ENTRY|[18]|01p46000002wayn|<init>(Expense__c,Boolean)
17:19:26.0 (25230859)|VARIABLE_SCOPE_BEGIN|[102]|this|ExpenseController.ExpenseWrapper|true|false
17:19:26.0 (25241344)|VARIABLE_ASSIGNMENT|[102]|this|{}|0x2247d286
17:19:26.0 (25242793)|VARIABLE_SCOPE_BEGIN|[102]|ex|Expense__c|true|false
17:19:26.0 (25256460)|VARIABLE_ASSIGNMENT|[102]|ex|{"Category__c":"Event Registration","RecordTypeId":"012460000005G1FAAU","Amount__c":3499,"Tax__c":454.87,"Submitted__c":true,"Employee__c":"00346000002ojVWAAY","Id":"a0F46000000Fp76EAC","RecordType":{"Name":"Business Trips","Id":"012460000005G1FAAU"},"Employee__r":{"Id":"00346000002ojVWAAY","Name":"Carol Ruiz","Birthdate":"2017-10-09T00:00:00.000Z"}}|0x4b83ca88
17:19:26.0 (25260789)|VARIABLE_SCOPE_BEGIN|[102]|check|Boolean|false|false
17:19:26.0 (25263279)|VARIABLE_ASSIGNMENT|[102]|check|false
17:19:26.0 (25266062)|STATEMENT_EXECUTE|[97]
17:19:26.0 (25267326)|STATEMENT_EXECUTE|[99]
17:19:26.0 (25268576)|STATEMENT_EXECUTE|[100]
17:19:26.0 (25276576)|STATEMENT_EXECUTE|[102]
17:19:26.0 (25278124)|STATEMENT_EXECUTE|[104]
17:19:26.0 (25287616)|VARIABLE_ASSIGNMENT|[EXTERNAL]|this|{}|0x2247d286
17:19:26.0 (25302971)|VARIABLE_ASSIGNMENT|[EXTERNAL]|value|{"Category__c":"Event Registration","RecordTypeId":"012460000005G1FAAU","Amount__c":3499,"Tax__c":454.87,"Submitted__c":true,"Employee__c":"00346000002ojVWAAY","Id":"a0F46000000Fp76EAC","RecordType":{"Name":"Business Trips","Id":"012460000005G1FAAU"},"Employee__r":{"Id":"00346000002ojVWAAY","Name":"Carol Ruiz","Birthdate":"2017-10-09T00:00:00.000Z"}}|0x4b83ca88
17:19:26.0 (25318330)|VARIABLE_ASSIGNMENT|[99]|this.expense|{"Category__c":"Event Registration","RecordTypeId":"012460000005G1FAAU","Amount__c":3499,"Tax__c":454.87,"Submitted__c":true,"Employee__c":"00346000002ojVWAAY","Id":"a0F46000000Fp76EAC","RecordType":{"Name":"Business Trips","Id":"012460000005G1FAAU"},"Employee__r":{"Id":"00346000002ojVWAAY","Name":"Carol Ruiz","Birthdate":"2017-10-09T00:00:00.000Z"}}|0x2247d286
17:19:26.0 (25324396)|STATEMENT_EXECUTE|[105]
17:19:26.0 (25334428)|VARIABLE_ASSIGNMENT|[EXTERNAL]|this|{"expense":"0x4b83ca88"}|0x2247d286
17:19:26.0 (25338709)|VARIABLE_ASSIGNMENT|[EXTERNAL]|value|false
17:19:26.0 (25341509)|HEAP_ALLOCATE|[100]|Bytes:5
17:19:26.0 (25345483)|VARIABLE_ASSIGNMENT|[100]|this.checked|false|0x2247d286
17:19:26.0 (25352642)|CONSTRUCTOR_EXIT|[18]|01p46000002wayn|<init>(Expense__c,Boolean)
17:19:26.0 (25358877)|HEAP_ALLOCATE|[EXTERNAL]|Bytes:4
17:19:26.0 (25366596)|HEAP_ALLOCATE|[16]|Bytes:5
17:19:26.0 (25384476)|HEAP_ALLOCATE|[16]|Bytes:40
17:19:26.0 (25388850)|VARIABLE_SCOPE_BEGIN|[16]|ex|Expense__c|true|false
17:19:26.0 (25402510)|VARIABLE_ASSIGNMENT|[16]|ex|{"Category__c":"Event Registration","RecordTypeId":"012460000005G1KAAU","Amount__c":5600,"Tax__c":728.00,"Submitted__c":true,"Employee__c":"00346000002oeLWAAY","Id":"a0F46000000FBc6EAG","RecordType":{"Name":"Client Meetings","Id":"012460000005G1KAAU"},"Employee__r":{"Id":"00346000002oeLWAAY","Name":"Paulo Acosta"}}|0x19f98783
17:19:26.0 (25406698)|STATEMENT_EXECUTE|[16]
17:19:26.0 (25407978)|STATEMENT_EXECUTE|[18]
17:19:26.0 (25421909)|VARIABLE_ASSIGNMENT|[EXTERNAL]|this|{"queryString":"","wrappedExpenses":"0x52e5963a"}|0x65fea2b5
17:19:26.0 (25430858)|HEAP_ALLOCATE|[18]|Bytes:12
17:19:26.0 (25440965)|CONSTRUCTOR_ENTRY|[18]|01p46000002wayn|<init>(Expense__c,Boolean)
17:19:26.0 (25445019)|VARIABLE_SCOPE_BEGIN|[102]|this|ExpenseController.ExpenseWrapper|true|false
17:19:26.0 (25458592)|VARIABLE_ASSIGNMENT|[102]|this|{}|0x562ce21a
17:19:26.0 (25461478)|VARIABLE_SCOPE_BEGIN|[102]|ex|Expense__c|true|false
17:19:26.0 (25478550)|VARIABLE_ASSIGNMENT|[102]|ex|{"Category__c":"Event Registration","RecordTypeId":"012460000005G1KAAU","Amount__c":5600,"Tax__c":728.00,"Submitted__c":true,"Employee__c":"00346000002oeLWAAY","Id":"a0F46000000FBc6EAG","RecordType":{"Name":"Client Meetings","Id":"012460000005G1KAAU"},"Employee__r":{"Id":"00346000002oeLWAAY","Name":"Paulo Acosta"}}|0x19f98783
17:19:26.0 (25483496)|VARIABLE_SCOPE_BEGIN|[102]|check|Boolean|false|false
17:19:26.0 (25485921)|VARIABLE_ASSIGNMENT|[102]|check|false
17:19:26.0 (25489643)|STATEMENT_EXECUTE|[97]
17:19:26.0 (25490883)|STATEMENT_EXECUTE|[99]
17:19:26.0 (25492164)|STATEMENT_EXECUTE|[100]
17:19:26.0 (25501500)|STATEMENT_EXECUTE|[102]
17:19:26.0 (25502815)|STATEMENT_EXECUTE|[104]
17:19:26.0 (25513973)|VARIABLE_ASSIGNMENT|[EXTERNAL]|this|{}|0x562ce21a
17:19:26.0 (25527264)|VARIABLE_ASSIGNMENT|[EXTERNAL]|value|{"Category__c":"Event Registration","RecordTypeId":"012460000005G1KAAU","Amount__c":5600,"Tax__c":728.00,"Submitted__c":true,"Employee__c":"00346000002oeLWAAY","Id":"a0F46000000FBc6EAG","RecordType":{"Name":"Client Meetings","Id":"012460000005G1KAAU"},"Employee__r":{"Id":"00346000002oeLWAAY","Name":"Paulo Acosta"}}|0x19f98783
17:19:26.0 (25548655)|VARIABLE_ASSIGNMENT|[99]|this.expense|{"Category__c":"Event Registration","RecordTypeId":"012460000005G1KAAU","Amount__c":5600,"Tax__c":728.00,"Submitted__c":true,"Employee__c":"00346000002oeLWAAY","Id":"a0F46000000FBc6EAG","RecordType":{"Name":"Client Meetings","Id":"012460000005G1KAAU"},"Employee__r":{"Id":"00346000002oeLWAAY","Name":"Paulo Acosta"}}|0x562ce21a
17:19:26.0 (25558326)|STATEMENT_EXECUTE|[105]
17:19:26.0 (25577782)|VARIABLE_ASSIGNMENT|[EXTERNAL]|this|{"expense":"0x19f98783"}|0x562ce21a
17:19:26.0 (25584977)|VARIABLE_ASSIGNMENT|[EXTERNAL]|value|false
17:19:26.0 (25588377)|HEAP_ALLOCATE|[100]|Bytes:5
17:19:26.0 (25593705)|VARIABLE_ASSIGNMENT|[100]|this.checked|false|0x562ce21a
17:19:26.0 (25602873)|CONSTRUCTOR_EXIT|[18]|01p46000002wayn|<init>(Expense__c,Boolean)
17:19:26.0 (25610545)|HEAP_ALLOCATE|[EXTERNAL]|Bytes:4
17:19:26.0 (25619012)|HEAP_ALLOCATE|[16]|Bytes:5
17:19:26.0 (25641274)|HEAP_ALLOCATE|[16]|Bytes:40
17:19:26.0 (25646569)|VARIABLE_SCOPE_BEGIN|[16]|ex|Expense__c|true|false
17:19:26.0 (25667258)|VARIABLE_ASSIGNMENT|[16]|ex|{"Category__c":"Transportation","RecordTypeId":"012460000005G1FAAU","Amount__c":3500,"Tax__c":455.00,"Submitted__c":true,"Employee__c":"00346000002ojVWAAY","Id":"a0F46000000FBblEAG","RecordType":{"Name":"Business Trips","Id":"012460000005G1FAAU"},"Employee__r":{"Id":"00346000002ojVWAAY","Name":"Carol Ruiz","Birthdate":"2017-10-09T00:00:00.000Z"}}|0x248a5b8a
17:19:26.0 (25672451)|STATEMENT_EXECUTE|[16]
17:19:26.0 (25673682)|STATEMENT_EXECUTE|[18]
17:19:26.0 (25689890)|VARIABLE_ASSIGNMENT|[EXTERNAL]|this|{"queryString":"","wrappedExpenses":"0x52e5963a"}|0x65fea2b5
17:19:26.0 (25696820)|HEAP_ALLOCATE|[18]|Bytes:12
17:19:26.0 (25704015)|CONSTRUCTOR_ENTRY|[18]|01p46000002wayn|<init>(Expense__c,Boolean)
17:19:26.0 (25706418)|VARIABLE_SCOPE_BEGIN|[102]|this|ExpenseController.ExpenseWrapper|true|false
17:19:26.0 (25714553)|VARIABLE_ASSIGNMENT|[102]|this|{}|0x229b3b43
17:19:26.0 (25716067)|VARIABLE_SCOPE_BEGIN|[102]|ex|Expense__c|true|false
17:19:26.0 (25730271)|VARIABLE_ASSIGNMENT|[102]|ex|{"Category__c":"Transportation","RecordTypeId":"012460000005G1FAAU","Amount__c":3500,"Tax__c":455.00,"Submitted__c":true,"Employee__c":"00346000002ojVWAAY","Id":"a0F46000000FBblEAG","RecordType":{"Name":"Business Trips","Id":"012460000005G1FAAU"},"Employee__r":{"Id":"00346000002ojVWAAY","Name":"Carol Ruiz","Birthdate":"2017-10-09T00:00:00.000Z"}}|0x248a5b8a
17:19:26.0 (25735114)|VARIABLE_SCOPE_BEGIN|[102]|check|Boolean|false|false
17:19:26.0 (25737390)|VARIABLE_ASSIGNMENT|[102]|check|false
17:19:26.0 (25740132)|STATEMENT_EXECUTE|[97]
17:19:26.0 (25741408)|STATEMENT_EXECUTE|[99]
17:19:26.0 (25742701)|STATEMENT_EXECUTE|[100]
17:19:26.0 (25750965)|STATEMENT_EXECUTE|[102]
17:19:26.0 (25752244)|STATEMENT_EXECUTE|[104]
17:19:26.0 (25761505)|VARIABLE_ASSIGNMENT|[EXTERNAL]|this|{}|0x229b3b43
17:19:26.0 (25775022)|VARIABLE_ASSIGNMENT|[EXTERNAL]|value|{"Category__c":"Transportation","RecordTypeId":"012460000005G1FAAU","Amount__c":3500,"Tax__c":455.00,"Submitted__c":true,"Employee__c":"00346000002ojVWAAY","Id":"a0F46000000FBblEAG","RecordType":{"Name":"Business Trips","Id":"012460000005G1FAAU"},"Employee__r":{"Id":"00346000002ojVWAAY","Name":"Carol Ruiz","Birthdate":"2017-10-09T00:00:00.000Z"}}|0x248a5b8a
17:19:26.0 (25789705)|VARIABLE_ASSIGNMENT|[99]|this.expense|{"Category__c":"Transportation","RecordTypeId":"012460000005G1FAAU","Amount__c":3500,"Tax__c":455.00,"Submitted__c":true,"Employee__c":"00346000002ojVWAAY","Id":"a0F46000000FBblEAG","RecordType":{"Name":"Business Trips","Id":"012460000005G1FAAU"},"Employee__r":{"Id":"00346000002ojVWAAY","Name":"Carol Ruiz","Birthdate":"2017-10-09T00:00:00.000Z"}}|0x229b3b43
17:19:26.0 (25795820)|STATEMENT_EXECUTE|[105]
17:19:26.0 (25805411)|VARIABLE_ASSIGNMENT|[EXTERNAL]|this|{"expense":"0x248a5b8a"}|0x229b3b43
17:19:26.0 (25809402)|VARIABLE_ASSIGNMENT|[EXTERNAL]|value|false
17:19:26.0 (25812294)|HEAP_ALLOCATE|[100]|Bytes:5
17:19:26.0 (25815675)|VARIABLE_ASSIGNMENT|[100]|this.checked|false|0x229b3b43
17:19:26.0 (25822377)|CONSTRUCTOR_EXIT|[18]|01p46000002wayn|<init>(Expense__c,Boolean)
17:19:26.0 (25828459)|HEAP_ALLOCATE|[EXTERNAL]|Bytes:4
17:19:26.0 (25836085)|HEAP_ALLOCATE|[16]|Bytes:5
17:19:26.0 (25854123)|HEAP_ALLOCATE|[16]|Bytes:44
17:19:26.0 (25858484)|VARIABLE_SCOPE_BEGIN|[16]|ex|Expense__c|true|false
17:19:26.0 (25873072)|VARIABLE_ASSIGNMENT|[16]|ex|{"Category__c":"Lodging","RecordTypeId":"012460000005G1KAAU","Amount__c":4000,"Tax__c":520.00,"Client_Company__c":"At&t","Submitted__c":false,"Employee__c":"00346000002ojeGAAQ","Id":"a0F46000000Ftq1EAC","RecordType":{"Name":"Client Meetings","Id":"012460000005G1KAAU"},"Employee__r":{"Id":"00346000002ojeGAAQ","Name":"Paolo Smith"}}|0x72f4c1d4
17:19:26.0 (25877414)|STATEMENT_EXECUTE|[16]
17:19:26.0 (25878626)|STATEMENT_EXECUTE|[18]
17:19:26.0 (25892282)|VARIABLE_ASSIGNMENT|[EXTERNAL]|this|{"queryString":"","wrappedExpenses":"0x52e5963a"}|0x65fea2b5
17:19:26.0 (25898453)|HEAP_ALLOCATE|[18]|Bytes:12
17:19:26.0 (25906302)|CONSTRUCTOR_ENTRY|[18]|01p46000002wayn|<init>(Expense__c,Boolean)
17:19:26.0 (25909895)|VARIABLE_SCOPE_BEGIN|[102]|this|ExpenseController.ExpenseWrapper|true|false
17:19:26.0 (25921536)|VARIABLE_ASSIGNMENT|[102]|this|{}|0x43ae6e52
17:19:26.0 (25923972)|VARIABLE_SCOPE_BEGIN|[102]|ex|Expense__c|true|false
17:19:26.0 (25941201)|VARIABLE_ASSIGNMENT|[102]|ex|{"Category__c":"Lodging","RecordTypeId":"012460000005G1KAAU","Amount__c":4000,"Tax__c":520.00,"Client_Company__c":"At&t","Submitted__c":false,"Employee__c":"00346000002ojeGAAQ","Id":"a0F46000000Ftq1EAC","RecordType":{"Name":"Client Meetings","Id":"012460000005G1KAAU"},"Employee__r":{"Id":"00346000002ojeGAAQ","Name":"Paolo Smith"}}|0x72f4c1d4
17:19:26.0 (25948212)|VARIABLE_SCOPE_BEGIN|[102]|check|Boolean|false|false
17:19:26.0 (25951972)|VARIABLE_ASSIGNMENT|[102]|check|false
17:19:26.0 (25955827)|STATEMENT_EXECUTE|[97]
17:19:26.0 (25957143)|STATEMENT_EXECUTE|[99]
17:19:26.0 (25958325)|STATEMENT_EXECUTE|[100]
17:19:26.0 (25967334)|STATEMENT_EXECUTE|[102]
17:19:26.0 (25968582)|STATEMENT_EXECUTE|[104]
17:19:26.0 (25980519)|VARIABLE_ASSIGNMENT|[EXTERNAL]|this|{}|0x43ae6e52
17:19:26.0 (25993913)|VARIABLE_ASSIGNMENT|[EXTERNAL]|value|{"Category__c":"Lodging","RecordTypeId":"012460000005G1KAAU","Amount__c":4000,"Tax__c":520.00,"Client_Company__c":"At&t","Submitted__c":false,"Employee__c":"00346000002ojeGAAQ","Id":"a0F46000000Ftq1EAC","RecordType":{"Name":"Client Meetings","Id":"012460000005G1KAAU"},"Employee__r":{"Id":"00346000002ojeGAAQ","Name":"Paolo Smith"}}|0x72f4c1d4
17:19:26.0 (26015635)|VARIABLE_ASSIGNMENT|[99]|this.expense|{"Category__c":"Lodging","RecordTypeId":"012460000005G1KAAU","Amount__c":4000,"Tax__c":520.00,"Client_Company__c":"At&t","Submitted__c":false,"Employee__c":"00346000002ojeGAAQ","Id":"a0F46000000Ftq1EAC","RecordType":{"Name":"Client Meetings","Id":"012460000005G1KAAU"},"Employee__r":{"Id":"00346000002ojeGAAQ","Name":"Paolo Smith"}}|0x43ae6e52
17:19:26.0 (26027353)|STATEMENT_EXECUTE|[105]
17:19:26.0 (26046823)|VARIABLE_ASSIGNMENT|[EXTERNAL]|this|{"expense":"0x72f4c1d4"}|0x43ae6e52
17:19:26.0 (26054064)|VARIABLE_ASSIGNMENT|[EXTERNAL]|value|false
17:19:26.0 (26057941)|HEAP_ALLOCATE|[100]|Bytes:5
17:19:26.0 (26062722)|VARIABLE_ASSIGNMENT|[100]|this.checked|false|0x43ae6e52
17:19:26.0 (26071845)|CONSTRUCTOR_EXIT|[18]|01p46000002wayn|<init>(Expense__c,Boolean)
17:19:26.0 (26078971)|HEAP_ALLOCATE|[EXTERNAL]|Bytes:4
17:19:26.0 (26086781)|HEAP_ALLOCATE|[16]|Bytes:5
17:19:26.0 (26112159)|HEAP_ALLOCATE|[16]|Bytes:40
17:19:26.0 (26117616)|VARIABLE_SCOPE_BEGIN|[16]|ex|Expense__c|true|false
17:19:26.0 (26137110)|VARIABLE_ASSIGNMENT|[16]|ex|{"Category__c":"Transportation","RecordTypeId":"012460000005G1FAAU","Amount__c":4000,"Tax__c":520.00,"Submitted__c":false,"Employee__c":"00346000002ojVWAAY","Id":"a0F46000000FtpwEAC","RecordType":{"Name":"Business Trips","Id":"012460000005G1FAAU"},"Employee__r":{"Id":"00346000002ojVWAAY","Name":"Carol Ruiz","Birthdate":"2017-10-09T00:00:00.000Z"}}|0x27f68288
17:19:26.0 (26142232)|STATEMENT_EXECUTE|[16]
17:19:26.0 (26143539)|STATEMENT_EXECUTE|[18]
17:19:26.0 (26159544)|VARIABLE_ASSIGNMENT|[EXTERNAL]|this|{"queryString":"","wrappedExpenses":"0x52e5963a"}|0x65fea2b5
17:19:26.0 (26169590)|HEAP_ALLOCATE|[18]|Bytes:12
17:19:26.0 (26181848)|CONSTRUCTOR_ENTRY|[18]|01p46000002wayn|<init>(Expense__c,Boolean)
17:19:26.0 (26186111)|VARIABLE_SCOPE_BEGIN|[102]|this|ExpenseController.ExpenseWrapper|true|false
17:19:26.0 (26199096)|VARIABLE_ASSIGNMENT|[102]|this|{}|0x5fe14743
17:19:26.0 (26202005)|VARIABLE_SCOPE_BEGIN|[102]|ex|Expense__c|true|false
17:19:26.0 (26219345)|VARIABLE_ASSIGNMENT|[102]|ex|{"Category__c":"Transportation","RecordTypeId":"012460000005G1FAAU","Amount__c":4000,"Tax__c":520.00,"Submitted__c":false,"Employee__c":"00346000002ojVWAAY","Id":"a0F46000000FtpwEAC","RecordType":{"Name":"Business Trips","Id":"012460000005G1FAAU"},"Employee__r":{"Id":"00346000002ojVWAAY","Name":"Carol Ruiz","Birthdate":"2017-10-09T00:00:00.000Z"}}|0x27f68288
17:19:26.0 (26223805)|VARIABLE_SCOPE_BEGIN|[102]|check|Boolean|false|false
17:19:26.0 (26226278)|VARIABLE_ASSIGNMENT|[102]|check|false
17:19:26.0 (26229752)|STATEMENT_EXECUTE|[97]
17:19:26.0 (26231096)|STATEMENT_EXECUTE|[99]
17:19:26.0 (26232315)|STATEMENT_EXECUTE|[100]
17:19:26.0 (26241158)|STATEMENT_EXECUTE|[102]
17:19:26.0 (26242430)|STATEMENT_EXECUTE|[104]
17:19:26.0 (26253120)|VARIABLE_ASSIGNMENT|[EXTERNAL]|this|{}|0x5fe14743
17:19:26.0 (26292532)|VARIABLE_ASSIGNMENT|[EXTERNAL]|value|{"Category__c":"Transportation","RecordTypeId":"012460000005G1FAAU","Amount__c":4000,"Tax__c":520.00,"Submitted__c":false,"Employee__c":"00346000002ojVWAAY","Id":"a0F46000000FtpwEAC","RecordType":{"Name":"Business Trips","Id":"012460000005G1FAAU"},"Employee__r":{"Id":"00346000002ojVWAAY","Name":"Carol Ruiz","Birthdate":"2017-10-09T00:00:00.000Z"}}|0x27f68288
17:19:26.0 (26315876)|VARIABLE_ASSIGNMENT|[99]|this.expense|{"Category__c":"Transportation","RecordTypeId":"012460000005G1FAAU","Amount__c":4000,"Tax__c":520.00,"Submitted__c":false,"Employee__c":"00346000002ojVWAAY","Id":"a0F46000000FtpwEAC","RecordType":{"Name":"Business Trips","Id":"012460000005G1FAAU"},"Employee__r":{"Id":"00346000002ojVWAAY","Name":"Carol Ruiz","Birthdate":"2017-10-09T00:00:00.000Z"}}|0x5fe14743
17:19:26.0 (26324223)|STATEMENT_EXECUTE|[105]
17:19:26.0 (26337444)|VARIABLE_ASSIGNMENT|[EXTERNAL]|this|{"expense":"0x27f68288"}|0x5fe14743
17:19:26.0 (26342938)|VARIABLE_ASSIGNMENT|[EXTERNAL]|value|false
17:19:26.0 (26345811)|HEAP_ALLOCATE|[100]|Bytes:5
17:19:26.0 (26349782)|VARIABLE_ASSIGNMENT|[100]|this.checked|false|0x5fe14743
17:19:26.0 (26358161)|CONSTRUCTOR_EXIT|[18]|01p46000002wayn|<init>(Expense__c,Boolean)
17:19:26.0 (26365191)|HEAP_ALLOCATE|[EXTERNAL]|Bytes:4
17:19:26.0 (26373188)|HEAP_ALLOCATE|[16]|Bytes:5
17:19:26.0 (26382094)|VARIABLE_ASSIGNMENT|[16]|ex|null|
17:19:26.0 (26385812)|STATEMENT_EXECUTE|[21]
17:19:26.0 (26411087)|VARIABLE_ASSIGNMENT|[EXTERNAL]|this|{"queryString":"","wrappedExpenses":"0x52e5963a"}|0x65fea2b5
17:19:26.0 (28007174)|HEAP_ALLOCATE|[EXTERNAL]|Bytes:5
17:19:26.0 (28012721)|HEAP_ALLOCATE|[EXTERNAL]|Bytes:12
17:19:26.0 (28020389)|VARIABLE_ASSIGNMENT|[EXTERNAL]|this.checked|false|0x164577e4
17:19:26.0 (28073006)|HEAP_ALLOCATE|[EXTERNAL]|Bytes:5
17:19:26.0 (28076032)|HEAP_ALLOCATE|[EXTERNAL]|Bytes:12
17:19:26.0 (28081040)|VARIABLE_ASSIGNMENT|[EXTERNAL]|this.checked|false|0x143ead57
17:19:26.0 (28119969)|HEAP_ALLOCATE|[EXTERNAL]|Bytes:5
17:19:26.0 (28123039)|HEAP_ALLOCATE|[EXTERNAL]|Bytes:12
17:19:26.0 (28127578)|VARIABLE_ASSIGNMENT|[EXTERNAL]|this.checked|false|0x2247d286
17:19:26.0 (28160720)|HEAP_ALLOCATE|[EXTERNAL]|Bytes:5
17:19:26.0 (28163112)|HEAP_ALLOCATE|[EXTERNAL]|Bytes:12
17:19:26.0 (28167364)|VARIABLE_ASSIGNMENT|[EXTERNAL]|this.checked|false|0x562ce21a
17:19:26.0 (28198190)|HEAP_ALLOCATE|[EXTERNAL]|Bytes:5
17:19:26.0 (28200657)|HEAP_ALLOCATE|[EXTERNAL]|Bytes:12
17:19:26.0 (28204671)|VARIABLE_ASSIGNMENT|[EXTERNAL]|this.checked|false|0x229b3b43
17:19:26.0 (28235674)|HEAP_ALLOCATE|[EXTERNAL]|Bytes:5
17:19:26.0 (28238133)|HEAP_ALLOCATE|[EXTERNAL]|Bytes:12
17:19:26.0 (28242201)|VARIABLE_ASSIGNMENT|[EXTERNAL]|this.checked|true|0x43ae6e52
17:19:26.0 (28273552)|HEAP_ALLOCATE|[EXTERNAL]|Bytes:5
17:19:26.0 (28275936)|HEAP_ALLOCATE|[EXTERNAL]|Bytes:12
17:19:26.0 (28280389)|VARIABLE_ASSIGNMENT|[EXTERNAL]|this.checked|true|0x5fe14743
17:19:26.0 (28426783)|HEAP_ALLOCATE|[EXTERNAL]|Bytes:12
17:19:26.0 (28433822)|VARIABLE_SCOPE_BEGIN|[78]|this|ExpenseController|true|false
17:19:26.0 (28453822)|VARIABLE_ASSIGNMENT|[78]|this|{"queryString":"","wrappedExpenses":"0x52e5963a"}|0x65fea2b5
17:19:26.0 (28462180)|STATEMENT_EXECUTE|[78]
17:19:26.0 (28463904)|STATEMENT_EXECUTE|[80]
17:19:26.0 (28468940)|HEAP_ALLOCATE|[80]|Bytes:4
17:19:26.0 (28494460)|VARIABLE_SCOPE_BEGIN|[80]|updateExpenses|List<Expense__c>|true|false
17:19:26.0 (28500302)|HEAP_ALLOCATE|[EXTERNAL]|Bytes:4
17:19:26.0 (28507188)|VARIABLE_ASSIGNMENT|[80]|updateExpenses|[]|0x15563d3a
17:19:26.0 (28534694)|VARIABLE_ASSIGNMENT|[EXTERNAL]|this|{"queryString":"","wrappedExpenses":"0x52e5963a"}|0x65fea2b5
17:19:26.0 (28649693)|HEAP_ALLOCATE|[82]|Bytes:5
17:19:26.0 (28662024)|HEAP_ALLOCATE|[82]|Bytes:12
17:19:26.0 (28667495)|VARIABLE_SCOPE_BEGIN|[82]|ep|ExpenseController.ExpenseWrapper|true|false
17:19:26.0 (28684555)|VARIABLE_ASSIGNMENT|[82]|ep|{"checked":false,"expense":"0x248339b7"}|0x164577e4
17:19:26.0 (28690735)|STATEMENT_EXECUTE|[82]
17:19:26.0 (28735499)|VARIABLE_ASSIGNMENT|[EXTERNAL]|this|{"checked":false,"expense":"0x248339b7"}|0x164577e4
17:19:26.0 (28751010)|STATEMENT_EXECUTE|[84]
17:19:26.0 (28760306)|HEAP_ALLOCATE|[82]|Bytes:5
17:19:26.0 (28767020)|HEAP_ALLOCATE|[82]|Bytes:12
17:19:26.0 (28770914)|VARIABLE_SCOPE_BEGIN|[82]|ep|ExpenseController.ExpenseWrapper|true|false
17:19:26.0 (28783508)|VARIABLE_ASSIGNMENT|[82]|ep|{"checked":false,"expense":"0x95bee69"}|0x143ead57
17:19:26.0 (28786272)|STATEMENT_EXECUTE|[82]
17:19:26.0 (28796863)|VARIABLE_ASSIGNMENT|[EXTERNAL]|this|{"checked":false,"expense":"0x95bee69"}|0x143ead57
17:19:26.0 (28801554)|STATEMENT_EXECUTE|[84]
17:19:26.0 (28807070)|HEAP_ALLOCATE|[82]|Bytes:5
17:19:26.0 (28811880)|HEAP_ALLOCATE|[82]|Bytes:12
17:19:26.0 (28814742)|VARIABLE_SCOPE_BEGIN|[82]|ep|ExpenseController.ExpenseWrapper|true|false
17:19:26.0 (28823471)|VARIABLE_ASSIGNMENT|[82]|ep|{"checked":false,"expense":"0x4b83ca88"}|0x2247d286
17:19:26.0 (28825710)|STATEMENT_EXECUTE|[82]
17:19:26.0 (28834844)|VARIABLE_ASSIGNMENT|[EXTERNAL]|this|{"checked":false,"expense":"0x4b83ca88"}|0x2247d286
17:19:26.0 (28839231)|STATEMENT_EXECUTE|[84]
17:19:26.0 (28844081)|HEAP_ALLOCATE|[82]|Bytes:5
17:19:26.0 (28848517)|HEAP_ALLOCATE|[82]|Bytes:12
17:19:26.0 (28851199)|VARIABLE_SCOPE_BEGIN|[82]|ep|ExpenseController.ExpenseWrapper|true|false
17:19:26.0 (28859219)|VARIABLE_ASSIGNMENT|[82]|ep|{"checked":false,"expense":"0x19f98783"}|0x562ce21a
17:19:26.0 (28861323)|STATEMENT_EXECUTE|[82]
17:19:26.0 (28869987)|VARIABLE_ASSIGNMENT|[EXTERNAL]|this|{"checked":false,"expense":"0x19f98783"}|0x562ce21a
17:19:26.0 (28873995)|STATEMENT_EXECUTE|[84]
17:19:26.0 (28878413)|HEAP_ALLOCATE|[82]|Bytes:5
17:19:26.0 (28882658)|HEAP_ALLOCATE|[82]|Bytes:12
17:19:26.0 (28885210)|VARIABLE_SCOPE_BEGIN|[82]|ep|ExpenseController.ExpenseWrapper|true|false
17:19:26.0 (28894553)|VARIABLE_ASSIGNMENT|[82]|ep|{"checked":false,"expense":"0x248a5b8a"}|0x229b3b43
17:19:26.0 (28897866)|STATEMENT_EXECUTE|[82]
17:19:26.0 (28913893)|VARIABLE_ASSIGNMENT|[EXTERNAL]|this|{"checked":false,"expense":"0x248a5b8a"}|0x229b3b43
17:19:26.0 (28921949)|STATEMENT_EXECUTE|[84]
17:19:26.0 (28932904)|HEAP_ALLOCATE|[82]|Bytes:5
17:19:26.0 (28942011)|HEAP_ALLOCATE|[82]|Bytes:12
17:19:26.0 (28947120)|VARIABLE_SCOPE_BEGIN|[82]|ep|ExpenseController.ExpenseWrapper|true|false
17:19:26.0 (28963854)|VARIABLE_ASSIGNMENT|[82]|ep|{"checked":true,"expense":"0x72f4c1d4"}|0x43ae6e52
17:19:26.0 (28967417)|STATEMENT_EXECUTE|[82]
17:19:26.0 (28978164)|VARIABLE_ASSIGNMENT|[EXTERNAL]|this|{"checked":true,"expense":"0x72f4c1d4"}|0x43ae6e52
17:19:26.0 (28983116)|STATEMENT_EXECUTE|[84]
17:19:26.0 (28984366)|STATEMENT_EXECUTE|[86]
17:19:26.0 (29012255)|VARIABLE_ASSIGNMENT|[EXTERNAL]|this|{"checked":true,"expense":"0x72f4c1d4"}|0x43ae6e52
17:19:26.0 (29099504)|VARIABLE_ASSIGNMENT|[86]|this.Submitted__c|true|0x72f4c1d4
17:19:26.0 (29104585)|STATEMENT_EXECUTE|[87]
17:19:26.0 (29130145)|VARIABLE_ASSIGNMENT|[EXTERNAL]|this|{"checked":true,"expense":"0x72f4c1d4"}|0x43ae6e52
17:19:26.0 (29143277)|HEAP_ALLOCATE|[EXTERNAL]|Bytes:4
17:19:26.0 (29153016)|HEAP_ALLOCATE|[82]|Bytes:5
17:19:26.0 (29158857)|HEAP_ALLOCATE|[82]|Bytes:12
17:19:26.0 (29162830)|VARIABLE_SCOPE_BEGIN|[82]|ep|ExpenseController.ExpenseWrapper|true|false
17:19:26.0 (29173609)|VARIABLE_ASSIGNMENT|[82]|ep|{"checked":true,"expense":"0x27f68288"}|0x5fe14743
17:19:26.0 (29176464)|STATEMENT_EXECUTE|[82]
17:19:26.0 (29185945)|VARIABLE_ASSIGNMENT|[EXTERNAL]|this|{"checked":true,"expense":"0x27f68288"}|0x5fe14743
17:19:26.0 (29190511)|STATEMENT_EXECUTE|[84]
17:19:26.0 (29191844)|STATEMENT_EXECUTE|[86]
17:19:26.0 (29200592)|VARIABLE_ASSIGNMENT|[EXTERNAL]|this|{"checked":true,"expense":"0x27f68288"}|0x5fe14743
17:19:26.0 (29238951)|VARIABLE_ASSIGNMENT|[86]|this.Submitted__c|true|0x27f68288
17:19:26.0 (29242555)|STATEMENT_EXECUTE|[87]
17:19:26.0 (29256880)|VARIABLE_ASSIGNMENT|[EXTERNAL]|this|{"checked":true,"expense":"0x27f68288"}|0x5fe14743
17:19:26.0 (29265759)|HEAP_ALLOCATE|[EXTERNAL]|Bytes:4
17:19:26.0 (29274946)|HEAP_ALLOCATE|[82]|Bytes:5
17:19:26.0 (29282210)|VARIABLE_ASSIGNMENT|[82]|ep|null|
17:19:26.0 (29285631)|STATEMENT_EXECUTE|[92]
17:19:26.0 (29330675)|DML_BEGIN|[92]|Op:Update|Type:Expense__c|Rows:2
17:19:26.0 (29357966)|HEAP_ALLOCATE|[EXTERNAL]|Bytes:12
17:19:26.0 (41585739)|CODE_UNIT_STARTED|[EXTERNAL]|01q46000000Qd5z|UpdateOrDeleteExpenseTrigger on Expense trigger event BeforeUpdate for [a0F46000000Ftpw, a0F46000000Ftq1]
17:19:26.0 (41639898)|HEAP_ALLOCATE|[EXTERNAL]|Bytes:12
17:19:26.0 (41669994)|HEAP_ALLOCATE|[EXTERNAL]|Bytes:12
17:19:26.0 (41758142)|HEAP_ALLOCATE|[EXTERNAL]|Bytes:4
17:19:26.0 (41769013)|VARIABLE_SCOPE_BEGIN|[1]|this|UpdateOrDeleteExpenseTrigger|true|false
17:19:26.0 (41811784)|VARIABLE_ASSIGNMENT|[1]|this|{}|0x4101c413
17:19:26.0 (41851451)|HEAP_ALLOCATE|[EXTERNAL]|Bytes:4
17:19:26.0 (41856587)|VARIABLE_SCOPE_BEGIN|[1]|this|UpdateOrDeleteExpenseTrigger|true|false
17:19:26.0 (41864917)|VARIABLE_ASSIGNMENT|[1]|this|{}|0x4101c413
17:19:26.0 (41871337)|STATEMENT_EXECUTE|[1]
17:19:26.0 (41892497)|STATEMENT_EXECUTE|[3]
17:19:26.0 (41898810)|STATEMENT_EXECUTE|[15]
17:19:26.0 (41964181)|HEAP_ALLOCATE|[17]|Bytes:5
17:19:26.0 (41979658)|HEAP_ALLOCATE|[17]|Bytes:4
17:19:26.0 (41987384)|VARIABLE_SCOPE_BEGIN|[17]|ex|Expense__c|true|false
17:19:26.0 (43205424)|VARIABLE_ASSIGNMENT|[17]|ex|{"Expense_Status__c":"NOT SUBMITTED","LastModifiedDate":"2017-03-23T20:17:22.000Z","IsDeleted":false,"Travel_Country__c":"Italy","Name":"Expense nueva","SystemModstamp":"2017-03-23T20:17:22.000Z","Employee__c":"00346000002ojVWAAY","OwnerId":"00546000000IihsAAC","CreatedById":"00546000000IihsAAC","Amount__c":4000,"Submitted__c":true,"Category__c":"Transportation","RecordTypeId":"012460000005G1FAAU","CreatedDate":"2017-03-23T20:17:22.000Z","Travel_Region__c":"Europe","Id":"a0F46000000FtpwEAC","LastModifiedById":"00546000000IihsAAC","Tax__c":520.00}|0xc4be361
17:19:26.0 (43216520)|STATEMENT_EXECUTE|[17]
17:19:26.0 (43241999)|HEAP_ALLOCATE|[20]|Bytes:13
17:19:26.0 (43274242)|STATEMENT_EXECUTE|[26]
17:19:26.0 (43303705)|STATEMENT_EXECUTE|[28]
17:19:26.0 (43305467)|STATEMENT_EXECUTE|[30]
17:19:26.0 (43307870)|HEAP_ALLOCATE|[30]|Bytes:9
17:19:26.0 (43411155)|VARIABLE_ASSIGNMENT|[30]|this.Expense_Status__c|"SUBMITTED"|0xc4be361
17:19:26.0 (43425950)|HEAP_ALLOCATE|[17]|Bytes:5
17:19:26.0 (43437679)|HEAP_ALLOCATE|[17]|Bytes:4
17:19:26.0 (43444394)|VARIABLE_SCOPE_BEGIN|[17]|ex|Expense__c|true|false
17:19:26.0 (43700490)|VARIABLE_ASSIGNMENT|[17]|ex|{"Expense_Status__c":"NOT SUBMITTED","LastModifiedDate":"2017-03-23T20:18:41.000Z","Client_Name__c":"Sheldon Cooper","IsDeleted":false,"Client_Company__c":"At&t","Name":"Another Meeting","SystemModstamp":"2017-03-23T20:18:41.000Z","Employee__c":"00346000002ojeGAAQ","Project_Name__c":"New Phones","OwnerId":"00546000000IihsAAC","CreatedById":"00546000000IihsAAC","Amount__c":4000,"Submitted__c":true,"Category__c":"Lodging","RecordTypeId":"012460000005G1KAAU","CreatedDate":"2017-03-23T20:18:41.000Z","Id":"a0F46000000Ftq1EAC","LastModifiedById":"00546000000IihsAAC","Tax__c":520.00}|0x1d792f3e
17:19:26.0 (43708967)|STATEMENT_EXECUTE|[17]
17:19:26.0 (43726708)|STATEMENT_EXECUTE|[26]
17:19:26.0 (43740622)|STATEMENT_EXECUTE|[28]
17:19:26.0 (43742013)|STATEMENT_EXECUTE|[30]
17:19:26.0 (43834781)|VARIABLE_ASSIGNMENT|[30]|this.Expense_Status__c|"SUBMITTED"|0x1d792f3e
17:19:26.0 (43849300)|HEAP_ALLOCATE|[17]|Bytes:5
17:19:26.0 (43861922)|VARIABLE_ASSIGNMENT|[17]|ex|null|
17:19:26.43 (43869733)|CUMULATIVE_LIMIT_USAGE
17:19:26.43 (43869733)|LIMIT_USAGE_FOR_NS|(default)|
  Number of SOQL queries: 1 out of 100
  Number of query rows: 7 out of 50000
  Number of SOSL queries: 0 out of 20
  Number of DML statements: 1 out of 150
  Number of DML rows: 2 out of 10000
  Maximum CPU time: 0 out of 10000
  Maximum heap size: 0 out of 6000000
  Number of callouts: 0 out of 100
  Number of Email Invocations: 0 out of 10
  Number of future calls: 0 out of 50
  Number of queueable jobs added to the queue: 0 out of 50
  Number of Mobile Apex push calls: 0 out of 10

17:19:26.43 (43869733)|CUMULATIVE_LIMIT_USAGE_END

17:19:26.0 (45772789)|CODE_UNIT_FINISHED|UpdateOrDeleteExpenseTrigger on Expense trigger event BeforeUpdate for [a0F46000000Ftpw, a0F46000000Ftq1]
17:19:26.0 (48824437)|CODE_UNIT_STARTED|[EXTERNAL]|Validation:Expense:a0F46000000Ftpw
17:19:26.0 (48834166)|VALIDATION_RULE|03d46000000DMqh|InsertOtherValue
17:19:26.0 (49027464)|VALIDATION_FORMULA|AND (IF (ISPICKVAL( Category__c , "Other"), true, false),  ISBLANK( Other__c ) )|Category__c=Transportation , Other__c=null
17:19:26.0 (49033181)|VALIDATION_PASS
17:19:26.0 (49064168)|CODE_UNIT_FINISHED|Validation:Expense:a0F46000000Ftpw
17:19:26.0 (49086157)|CODE_UNIT_STARTED|[EXTERNAL]|Validation:Expense:a0F46000000Ftq1
17:19:26.0 (49089304)|VALIDATION_RULE|03d46000000DMqh|InsertOtherValue
17:19:26.0 (49209442)|VALIDATION_FORMULA|AND (IF (ISPICKVAL( Category__c , "Other"), true, false),  ISBLANK( Other__c ) )|Category__c=Lodging , Other__c=null
17:19:26.0 (49213759)|VALIDATION_PASS
17:19:26.0 (49232167)|CODE_UNIT_FINISHED|Validation:Expense:a0F46000000Ftq1
17:19:26.0 (62972662)|CODE_UNIT_STARTED|[EXTERNAL]|Workflow:01I46000000AdSk
17:19:26.0 (70664013)|WF_RULE_EVAL_BEGIN|Workflow
17:19:26.0 (70697293)|WF_CRITERIA_BEGIN|[Expense: Expense nueva a0F46000000Ftpw]|High_Value_Expense_Email_Alert30146000000Cjmi|01Q460000000EDT|ON_ALL_CHANGES|0
17:19:26.0 (71051849)|WF_FORMULA|Formula:ENCODED:[treatNullAsNull]true|Values:
17:19:26.0 (71058058)|WF_CRITERIA_END|true
17:19:26.0 (71833627)|WF_CRITERIA_BEGIN|[Expense: Another Meeting a0F46000000Ftq1]|High_Value_Expense_Email_Alert30146000000Cjmi|01Q460000000EDT|ON_ALL_CHANGES|0
17:19:26.0 (71872342)|WF_FORMULA|Formula:ENCODED:[treatNullAsNull]true|Values:
17:19:26.0 (71876354)|WF_CRITERIA_END|true
17:19:26.0 (71894609)|WF_SPOOL_ACTION_BEGIN|Workflow
17:19:26.0 (71924860)|WF_ACTION| Flow Trigger: 2;
17:19:26.0 (71928677)|WF_RULE_EVAL_END
17:19:26.0 (72543832)|WF_FLOW_ACTION_BEGIN|09L46000000Lo2w
17:19:26.72 (72624928)|FLOW_CREATE_INTERVIEW_BEGIN|00D46000000buVW|30046000000Grmv|30146000000Cjmi
17:19:26.72 (74620060)|FLOW_CREATE_INTERVIEW_END|980936d2a78cac5932a959a33b4d15afca8f2fb-6054|High Value Expense Email Alert
17:19:26.0 (74874816)|WF_FLOW_ACTION_BEGIN|09L46000000Lo2w
17:19:26.74 (74924393)|FLOW_CREATE_INTERVIEW_BEGIN|00D46000000buVW|30046000000Grmv|30146000000Cjmi
17:19:26.74 (74958159)|FLOW_CREATE_INTERVIEW_END|981036d2a78cac5932a959a33b4d15afca8f2fb-6055|High Value Expense Email Alert
17:19:26.75 (75159313)|FLOW_START_INTERVIEWS_BEGIN|2
17:19:26.75 (75951241)|FLOW_START_INTERVIEW_BEGIN|980936d2a78cac5932a959a33b4d15afca8f2fb-6054|High Value Expense Email Alert
17:19:26.75 (76734713)|FLOW_START_INTERVIEW_END|980936d2a78cac5932a959a33b4d15afca8f2fb-6054|High Value Expense Email Alert
17:19:26.75 (76740173)|FLOW_START_INTERVIEW_BEGIN|981036d2a78cac5932a959a33b4d15afca8f2fb-6055|High Value Expense Email Alert
17:19:26.75 (77189784)|FLOW_START_INTERVIEW_END|981036d2a78cac5932a959a33b4d15afca8f2fb-6055|High Value Expense Email Alert
17:19:26.75 (77207184)|FLOW_START_INTERVIEWS_END|2
17:19:26.0 (78228987)|WF_FLOW_ACTION_END|09L46000000Lo2w
17:19:26.0 (78234581)|WF_FLOW_ACTION_END|09L46000000Lo2w
17:19:26.0 (78321478)|WF_ACTIONS_END| Flow Trigger: 2;
17:19:26.0 (78327607)|CODE_UNIT_FINISHED|Workflow:01I46000000AdSk
17:19:26.0 (81014801)|DML_END|[92]
17:19:26.0 (81092096)|HEAP_ALLOCATE|[EXTERNAL]|Bytes:12
17:19:26.0 (87212021)|SYSTEM_MODE_ENTER|true
17:19:26.0 (87266476)|HEAP_ALLOCATE|[EXTERNAL]|Bytes:12
17:19:26.0 (87277355)|VARIABLE_SCOPE_BEGIN|[8]|this|ExpenseController|true|false
17:19:26.0 (87323788)|VARIABLE_ASSIGNMENT|[8]|this|{"queryString":"","wrappedExpenses":"0x52e5963a"}|0x65fea2b5
17:19:26.0 (87335860)|STATEMENT_EXECUTE|[8]
17:19:26.0 (87337705)|STATEMENT_EXECUTE|[10]
17:19:26.0 (87348034)|HEAP_ALLOCATE|[10]|Bytes:161
17:19:26.0 (87677163)|SOQL_EXECUTE_BEGIN|[10]|Aggregations:0|SELECT Category__c, RecordType.Name, Amount__c, Tax__c, Client_Company__c, Submitted__c, Employee__r.Id, Employee__r.Name, Employee__r.Birthdate FROM Expense__c 
17:19:26.0 (92681191)|SOQL_EXECUTE_END|[10]|Rows:7
17:19:26.0 (92699139)|HEAP_ALLOCATE|[10]|Bytes:32
17:19:26.0 (92750363)|HEAP_ALLOCATE|[10]|Bytes:2135
17:19:26.0 (92775481)|HEAP_ALLOCATE|[10]|Bytes:32
17:19:26.0 (92794554)|VARIABLE_SCOPE_BEGIN|[10]|results|List<Expense__c>|true|false
17:19:26.0 (92813411)|VARIABLE_ASSIGNMENT|[10]|results|"List of size 7 too large to display"|0x132aadf
17:19:26.0 (92818763)|STATEMENT_EXECUTE|[15]
17:19:26.0 (92824509)|HEAP_ALLOCATE|[15]|Bytes:4
17:19:26.0 (92874097)|VARIABLE_ASSIGNMENT|[EXTERNAL]|this|{"queryString":"","wrappedExpenses":"0x52e5963a"}|0x65fea2b5
17:19:26.0 (92886794)|HEAP_ALLOCATE|[EXTERNAL]|Bytes:4
17:19:26.0 (92893953)|VARIABLE_ASSIGNMENT|[EXTERNAL]|value|[]|0x336d5c4d
17:19:26.0 (92903922)|VARIABLE_ASSIGNMENT|[5]|this.wrappedExpenses|[]|0x65fea2b5
17:19:26.0 (92931775)|HEAP_ALLOCATE|[16]|Bytes:5
17:19:26.0 (92956272)|HEAP_ALLOCATE|[16]|Bytes:40
17:19:26.0 (92964293)|VARIABLE_SCOPE_BEGIN|[16]|ex|Expense__c|true|false
17:19:26.0 (93001397)|VARIABLE_ASSIGNMENT|[16]|ex|{"Category__c":"Road Meals","RecordTypeId":"012460000005G1KAAU","Amount__c":8900,"Tax__c":1157.00,"Submitted__c":true,"Employee__c":"00346000002ojeGAAQ","Id":"a0F46000000FmUwEAK","RecordType":{"Name":"Client Meetings","Id":"012460000005G1KAAU"},"Employee__r":{"Id":"00346000002ojeGAAQ","Name":"Paolo Smith"}}|0xb40ff7
17:19:26.0 (93008853)|STATEMENT_EXECUTE|[16]
17:19:26.0 (93010449)|STATEMENT_EXECUTE|[18]
17:19:26.0 (93032315)|VARIABLE_ASSIGNMENT|[EXTERNAL]|this|{"queryString":"","wrappedExpenses":"0x336d5c4d"}|0x65fea2b5
17:19:26.0 (93043946)|HEAP_ALLOCATE|[18]|Bytes:12
17:19:26.0 (93058564)|CONSTRUCTOR_ENTRY|[18]|01p46000002wayn|<init>(Expense__c,Boolean)
17:19:26.0 (93062223)|VARIABLE_SCOPE_BEGIN|[102]|this|ExpenseController.ExpenseWrapper|true|false
17:19:26.0 (93074581)|VARIABLE_ASSIGNMENT|[102]|this|{}|0x11e8c379
17:19:26.0 (93076731)|VARIABLE_SCOPE_BEGIN|[102]|ex|Expense__c|true|false
17:19:26.0 (93088136)|VARIABLE_ASSIGNMENT|[102]|ex|{"Category__c":"Road Meals","RecordTypeId":"012460000005G1KAAU","Amount__c":8900,"Tax__c":1157.00,"Submitted__c":true,"Employee__c":"00346000002ojeGAAQ","Id":"a0F46000000FmUwEAK","RecordType":{"Name":"Client Meetings","Id":"012460000005G1KAAU"},"Employee__r":{"Id":"00346000002ojeGAAQ","Name":"Paolo Smith"}}|0xb40ff7
17:19:26.0 (93092898)|VARIABLE_SCOPE_BEGIN|[102]|check|Boolean|false|false
17:19:26.0 (93096056)|VARIABLE_ASSIGNMENT|[102]|check|false
17:19:26.0 (93104020)|STATEMENT_EXECUTE|[97]
17:19:26.0 (93105677)|STATEMENT_EXECUTE|[99]
17:19:26.0 (93107329)|STATEMENT_EXECUTE|[100]
17:19:26.0 (93123594)|STATEMENT_EXECUTE|[102]
17:19:26.0 (93125190)|STATEMENT_EXECUTE|[104]
17:19:26.0 (93137897)|VARIABLE_ASSIGNMENT|[EXTERNAL]|this|{}|0x11e8c379
17:19:26.0 (93148532)|VARIABLE_ASSIGNMENT|[EXTERNAL]|value|{"Category__c":"Road Meals","RecordTypeId":"012460000005G1KAAU","Amount__c":8900,"Tax__c":1157.00,"Submitted__c":true,"Employee__c":"00346000002ojeGAAQ","Id":"a0F46000000FmUwEAK","RecordType":{"Name":"Client Meetings","Id":"012460000005G1KAAU"},"Employee__r":{"Id":"00346000002ojeGAAQ","Name":"Paolo Smith"}}|0xb40ff7
17:19:26.0 (93161800)|VARIABLE_ASSIGNMENT|[99]|this.expense|{"Category__c":"Road Meals","RecordTypeId":"012460000005G1KAAU","Amount__c":8900,"Tax__c":1157.00,"Submitted__c":true,"Employee__c":"00346000002ojeGAAQ","Id":"a0F46000000FmUwEAK","RecordType":{"Name":"Client Meetings","Id":"012460000005G1KAAU"},"Employee__r":{"Id":"00346000002ojeGAAQ","Name":"Paolo Smith"}}|0x11e8c379
17:19:26.0 (93167647)|STATEMENT_EXECUTE|[105]
17:19:26.0 (93179160)|VARIABLE_ASSIGNMENT|[EXTERNAL]|this|{"expense":"0xb40ff7"}|0x11e8c379
17:19:26.0 (93183493)|VARIABLE_ASSIGNMENT|[EXTERNAL]|value|false
17:19:26.0 (93186869)|HEAP_ALLOCATE|[100]|Bytes:5
17:19:26.0 (93191126)|VARIABLE_ASSIGNMENT|[100]|this.checked|false|0x11e8c379
17:19:26.0 (93199377)|CONSTRUCTOR_EXIT|[18]|01p46000002wayn|<init>(Expense__c,Boolean)
17:19:26.0 (93210477)|HEAP_ALLOCATE|[EXTERNAL]|Bytes:4
17:19:26.0 (93219271)|HEAP_ALLOCATE|[16]|Bytes:5
17:19:26.0 (93240291)|HEAP_ALLOCATE|[16]|Bytes:36
17:19:26.0 (93245036)|VARIABLE_SCOPE_BEGIN|[16]|ex|Expense__c|true|false
17:19:26.0 (93277757)|VARIABLE_ASSIGNMENT|[16]|ex|{"RecordTypeId":"012460000005G1FAAU","Amount__c":3000,"Tax__c":390.00,"Submitted__c":true,"Employee__c":"00346000002ojVWAAY","Id":"a0F46000000Fp6rEAC","RecordType":{"Name":"Business Trips","Id":"012460000005G1FAAU"},"Employee__r":{"Id":"00346000002ojVWAAY","Name":"Carol Ruiz","Birthdate":"2017-10-09T00:00:00.000Z"}}|0xe6b5b45
17:19:26.0 (93282203)|STATEMENT_EXECUTE|[16]
17:19:26.0 (93283483)|STATEMENT_EXECUTE|[18]
17:19:26.0 (93299323)|VARIABLE_ASSIGNMENT|[EXTERNAL]|this|{"queryString":"","wrappedExpenses":"0x336d5c4d"}|0x65fea2b5
17:19:26.0 (93306336)|HEAP_ALLOCATE|[18]|Bytes:12
17:19:26.0 (93313678)|CONSTRUCTOR_ENTRY|[18]|01p46000002wayn|<init>(Expense__c,Boolean)
17:19:26.0 (93316105)|VARIABLE_SCOPE_BEGIN|[102]|this|ExpenseController.ExpenseWrapper|true|false
17:19:26.0 (93324074)|VARIABLE_ASSIGNMENT|[102]|this|{}|0x35e2639b
17:19:26.0 (93326050)|VARIABLE_SCOPE_BEGIN|[102]|ex|Expense__c|true|false
17:19:26.0 (93339839)|VARIABLE_ASSIGNMENT|[102]|ex|{"RecordTypeId":"012460000005G1FAAU","Amount__c":3000,"Tax__c":390.00,"Submitted__c":true,"Employee__c":"00346000002ojVWAAY","Id":"a0F46000000Fp6rEAC","RecordType":{"Name":"Business Trips","Id":"012460000005G1FAAU"},"Employee__r":{"Id":"00346000002ojVWAAY","Name":"Carol Ruiz","Birthdate":"2017-10-09T00:00:00.000Z"}}|0xe6b5b45
17:19:26.0 (93343537)|VARIABLE_SCOPE_BEGIN|[102]|check|Boolean|false|false
17:19:26.0 (93346066)|VARIABLE_ASSIGNMENT|[102]|check|false
17:19:26.0 (93348943)|STATEMENT_EXECUTE|[97]
17:19:26.0 (93350151)|STATEMENT_EXECUTE|[99]
17:19:26.0 (93351382)|STATEMENT_EXECUTE|[100]
17:19:26.0 (93359177)|STATEMENT_EXECUTE|[102]
17:19:26.0 (93360452)|STATEMENT_EXECUTE|[104]
17:19:26.0 (93369760)|VARIABLE_ASSIGNMENT|[EXTERNAL]|this|{}|0x35e2639b
17:19:26.0 (93381892)|VARIABLE_ASSIGNMENT|[EXTERNAL]|value|{"RecordTypeId":"012460000005G1FAAU","Amount__c":3000,"Tax__c":390.00,"Submitted__c":true,"Employee__c":"00346000002ojVWAAY","Id":"a0F46000000Fp6rEAC","RecordType":{"Name":"Business Trips","Id":"012460000005G1FAAU"},"Employee__r":{"Id":"00346000002ojVWAAY","Name":"Carol Ruiz","Birthdate":"2017-10-09T00:00:00.000Z"}}|0xe6b5b45
17:19:26.0 (93395099)|VARIABLE_ASSIGNMENT|[99]|this.expense|{"RecordTypeId":"012460000005G1FAAU","Amount__c":3000,"Tax__c":390.00,"Submitted__c":true,"Employee__c":"00346000002ojVWAAY","Id":"a0F46000000Fp6rEAC","RecordType":{"Name":"Business Trips","Id":"012460000005G1FAAU"},"Employee__r":{"Id":"00346000002ojVWAAY","Name":"Carol Ruiz","Birthdate":"2017-10-09T00:00:00.000Z"}}|0x35e2639b
17:19:26.0 (93400394)|STATEMENT_EXECUTE|[105]
17:19:26.0 (93410296)|VARIABLE_ASSIGNMENT|[EXTERNAL]|this|{"expense":"0xe6b5b45"}|0x35e2639b
17:19:26.0 (93414203)|VARIABLE_ASSIGNMENT|[EXTERNAL]|value|false
17:19:26.0 (93417003)|HEAP_ALLOCATE|[100]|Bytes:5
17:19:26.0 (93420917)|VARIABLE_ASSIGNMENT|[100]|this.checked|false|0x35e2639b
17:19:26.0 (93428108)|CONSTRUCTOR_EXIT|[18]|01p46000002wayn|<init>(Expense__c,Boolean)
17:19:26.0 (93434359)|HEAP_ALLOCATE|[EXTERNAL]|Bytes:4
17:19:26.0 (93442304)|HEAP_ALLOCATE|[16]|Bytes:5
17:19:26.0 (93459896)|HEAP_ALLOCATE|[16]|Bytes:40
17:19:26.0 (93464638)|VARIABLE_SCOPE_BEGIN|[16]|ex|Expense__c|true|false
17:19:26.0 (93481881)|VARIABLE_ASSIGNMENT|[16]|ex|{"Category__c":"Event Registration","RecordTypeId":"012460000005G1FAAU","Amount__c":3499,"Tax__c":454.87,"Submitted__c":true,"Employee__c":"00346000002ojVWAAY","Id":"a0F46000000Fp76EAC","RecordType":{"Name":"Business Trips","Id":"012460000005G1FAAU"},"Employee__r":{"Id":"00346000002ojVWAAY","Name":"Carol Ruiz","Birthdate":"2017-10-09T00:00:00.000Z"}}|0xa3e1dea
17:19:26.0 (93486256)|STATEMENT_EXECUTE|[16]
17:19:26.0 (93487479)|STATEMENT_EXECUTE|[18]
17:19:26.0 (93501813)|VARIABLE_ASSIGNMENT|[EXTERNAL]|this|{"queryString":"","wrappedExpenses":"0x336d5c4d"}|0x65fea2b5
17:19:26.0 (93507971)|HEAP_ALLOCATE|[18]|Bytes:12
17:19:26.0 (93515135)|CONSTRUCTOR_ENTRY|[18]|01p46000002wayn|<init>(Expense__c,Boolean)
17:19:26.0 (93517692)|VARIABLE_SCOPE_BEGIN|[102]|this|ExpenseController.ExpenseWrapper|true|false
17:19:26.0 (93525357)|VARIABLE_ASSIGNMENT|[102]|this|{}|0x211243aa
17:19:26.0 (93527107)|VARIABLE_SCOPE_BEGIN|[102]|ex|Expense__c|true|false
17:19:26.0 (93540267)|VARIABLE_ASSIGNMENT|[102]|ex|{"Category__c":"Event Registration","RecordTypeId":"012460000005G1FAAU","Amount__c":3499,"Tax__c":454.87,"Submitted__c":true,"Employee__c":"00346000002ojVWAAY","Id":"a0F46000000Fp76EAC","RecordType":{"Name":"Business Trips","Id":"012460000005G1FAAU"},"Employee__r":{"Id":"00346000002ojVWAAY","Name":"Carol Ruiz","Birthdate":"2017-10-09T00:00:00.000Z"}}|0xa3e1dea
17:19:26.0 (93544280)|VARIABLE_SCOPE_BEGIN|[102]|check|Boolean|false|false
17:19:26.0 (93546536)|VARIABLE_ASSIGNMENT|[102]|check|false
17:19:26.0 (93549319)|STATEMENT_EXECUTE|[97]
17:19:26.0 (93550546)|STATEMENT_EXECUTE|[99]
17:19:26.0 (93551773)|STATEMENT_EXECUTE|[100]
17:19:26.0 (93559243)|STATEMENT_EXECUTE|[102]
17:19:26.0 (93560598)|STATEMENT_EXECUTE|[104]
17:19:26.0 (93569931)|VARIABLE_ASSIGNMENT|[EXTERNAL]|this|{}|0x211243aa
17:19:26.0 (93582590)|VARIABLE_ASSIGNMENT|[EXTERNAL]|value|{"Category__c":"Event Registration","RecordTypeId":"012460000005G1FAAU","Amount__c":3499,"Tax__c":454.87,"Submitted__c":true,"Employee__c":"00346000002ojVWAAY","Id":"a0F46000000Fp76EAC","RecordType":{"Name":"Business Trips","Id":"012460000005G1FAAU"},"Employee__r":{"Id":"00346000002ojVWAAY","Name":"Carol Ruiz","Birthdate":"2017-10-09T00:00:00.000Z"}}|0xa3e1dea
17:19:26.0 (93596027)|VARIABLE_ASSIGNMENT|[99]|this.expense|{"Category__c":"Event Registration","RecordTypeId":"012460000005G1FAAU","Amount__c":3499,"Tax__c":454.87,"Submitted__c":true,"Employee__c":"00346000002ojVWAAY","Id":"a0F46000000Fp76EAC","RecordType":{"Name":"Business Trips","Id":"012460000005G1FAAU"},"Employee__r":{"Id":"00346000002ojVWAAY","Name":"Carol Ruiz","Birthdate":"2017-10-09T00:00:00.000Z"}}|0x211243aa
17:19:26.0 (93601213)|STATEMENT_EXECUTE|[105]
17:19:26.0 (93610820)|VARIABLE_ASSIGNMENT|[EXTERNAL]|this|{"expense":"0xa3e1dea"}|0x211243aa
17:19:26.0 (93614589)|VARIABLE_ASSIGNMENT|[EXTERNAL]|value|false
17:19:26.0 (93617238)|HEAP_ALLOCATE|[100]|Bytes:5
17:19:26.0 (93620953)|VARIABLE_ASSIGNMENT|[100]|this.checked|false|0x211243aa
17:19:26.0 (93627715)|CONSTRUCTOR_EXIT|[18]|01p46000002wayn|<init>(Expense__c,Boolean)
17:19:26.0 (93633387)|HEAP_ALLOCATE|[EXTERNAL]|Bytes:4
17:19:26.0 (93640583)|HEAP_ALLOCATE|[16]|Bytes:5
17:19:26.0 (93657799)|HEAP_ALLOCATE|[16]|Bytes:40
17:19:26.0 (93662306)|VARIABLE_SCOPE_BEGIN|[16]|ex|Expense__c|true|false
17:19:26.0 (93675951)|VARIABLE_ASSIGNMENT|[16]|ex|{"Category__c":"Event Registration","RecordTypeId":"012460000005G1KAAU","Amount__c":5600,"Tax__c":728.00,"Submitted__c":true,"Employee__c":"00346000002oeLWAAY","Id":"a0F46000000FBc6EAG","RecordType":{"Name":"Client Meetings","Id":"012460000005G1KAAU"},"Employee__r":{"Id":"00346000002oeLWAAY","Name":"Paulo Acosta"}}|0x6cb13734
17:19:26.0 (93679690)|STATEMENT_EXECUTE|[16]
17:19:26.0 (93680943)|STATEMENT_EXECUTE|[18]
17:19:26.0 (93694556)|VARIABLE_ASSIGNMENT|[EXTERNAL]|this|{"queryString":"","wrappedExpenses":"0x336d5c4d"}|0x65fea2b5
17:19:26.0 (93700470)|HEAP_ALLOCATE|[18]|Bytes:12
17:19:26.0 (93707007)|CONSTRUCTOR_ENTRY|[18]|01p46000002wayn|<init>(Expense__c,Boolean)
17:19:26.0 (93709457)|VARIABLE_SCOPE_BEGIN|[102]|this|ExpenseController.ExpenseWrapper|true|false
17:19:26.0 (93716990)|VARIABLE_ASSIGNMENT|[102]|this|{}|0x78c4fcf1
17:19:26.0 (93718454)|VARIABLE_SCOPE_BEGIN|[102]|ex|Expense__c|true|false
17:19:26.0 (93727911)|VARIABLE_ASSIGNMENT|[102]|ex|{"Category__c":"Event Registration","RecordTypeId":"012460000005G1KAAU","Amount__c":5600,"Tax__c":728.00,"Submitted__c":true,"Employee__c":"00346000002oeLWAAY","Id":"a0F46000000FBc6EAG","RecordType":{"Name":"Client Meetings","Id":"012460000005G1KAAU"},"Employee__r":{"Id":"00346000002oeLWAAY","Name":"Paulo Acosta"}}|0x6cb13734
17:19:26.0 (93731369)|VARIABLE_SCOPE_BEGIN|[102]|check|Boolean|false|false
17:19:26.0 (93733639)|VARIABLE_ASSIGNMENT|[102]|check|false
17:19:26.0 (93736335)|STATEMENT_EXECUTE|[97]
17:19:26.0 (93737558)|STATEMENT_EXECUTE|[99]
17:19:26.0 (93738714)|STATEMENT_EXECUTE|[100]
17:19:26.0 (93745733)|STATEMENT_EXECUTE|[102]
17:19:26.0 (93747057)|STATEMENT_EXECUTE|[104]
17:19:26.0 (93755733)|VARIABLE_ASSIGNMENT|[EXTERNAL]|this|{}|0x78c4fcf1
17:19:26.0 (93765204)|VARIABLE_ASSIGNMENT|[EXTERNAL]|value|{"Category__c":"Event Registration","RecordTypeId":"012460000005G1KAAU","Amount__c":5600,"Tax__c":728.00,"Submitted__c":true,"Employee__c":"00346000002oeLWAAY","Id":"a0F46000000FBc6EAG","RecordType":{"Name":"Client Meetings","Id":"012460000005G1KAAU"},"Employee__r":{"Id":"00346000002oeLWAAY","Name":"Paulo Acosta"}}|0x6cb13734
17:19:26.0 (93776166)|VARIABLE_ASSIGNMENT|[99]|this.expense|{"Category__c":"Event Registration","RecordTypeId":"012460000005G1KAAU","Amount__c":5600,"Tax__c":728.00,"Submitted__c":true,"Employee__c":"00346000002oeLWAAY","Id":"a0F46000000FBc6EAG","RecordType":{"Name":"Client Meetings","Id":"012460000005G1KAAU"},"Employee__r":{"Id":"00346000002oeLWAAY","Name":"Paulo Acosta"}}|0x78c4fcf1
17:19:26.0 (93781284)|STATEMENT_EXECUTE|[105]
17:19:26.0 (93789973)|VARIABLE_ASSIGNMENT|[EXTERNAL]|this|{"expense":"0x6cb13734"}|0x78c4fcf1
17:19:26.0 (93793698)|VARIABLE_ASSIGNMENT|[EXTERNAL]|value|false
17:19:26.0 (93796284)|HEAP_ALLOCATE|[100]|Bytes:5
17:19:26.0 (93799858)|VARIABLE_ASSIGNMENT|[100]|this.checked|false|0x78c4fcf1
17:19:26.0 (93806796)|CONSTRUCTOR_EXIT|[18]|01p46000002wayn|<init>(Expense__c,Boolean)
17:19:26.0 (93813534)|HEAP_ALLOCATE|[EXTERNAL]|Bytes:4
17:19:26.0 (93820407)|HEAP_ALLOCATE|[16]|Bytes:5
17:19:26.0 (93836459)|HEAP_ALLOCATE|[16]|Bytes:40
17:19:26.0 (93841028)|VARIABLE_SCOPE_BEGIN|[16]|ex|Expense__c|true|false
17:19:26.0 (93857716)|VARIABLE_ASSIGNMENT|[16]|ex|{"Category__c":"Transportation","RecordTypeId":"012460000005G1FAAU","Amount__c":3500,"Tax__c":455.00,"Submitted__c":true,"Employee__c":"00346000002ojVWAAY","Id":"a0F46000000FBblEAG","RecordType":{"Name":"Business Trips","Id":"012460000005G1FAAU"},"Employee__r":{"Id":"00346000002ojVWAAY","Name":"Carol Ruiz","Birthdate":"2017-10-09T00:00:00.000Z"}}|0x4c5a56e2
17:19:26.0 (93861721)|STATEMENT_EXECUTE|[16]
17:19:26.0 (93862897)|STATEMENT_EXECUTE|[18]
17:19:26.0 (93877017)|VARIABLE_ASSIGNMENT|[EXTERNAL]|this|{"queryString":"","wrappedExpenses":"0x336d5c4d"}|0x65fea2b5
17:19:26.0 (93883313)|HEAP_ALLOCATE|[18]|Bytes:12
17:19:26.0 (93889946)|CONSTRUCTOR_ENTRY|[18]|01p46000002wayn|<init>(Expense__c,Boolean)
17:19:26.0 (93892456)|VARIABLE_SCOPE_BEGIN|[102]|this|ExpenseController.ExpenseWrapper|true|false
17:19:26.0 (93899942)|VARIABLE_ASSIGNMENT|[102]|this|{}|0x2f600b9b
17:19:26.0 (93901435)|VARIABLE_SCOPE_BEGIN|[102]|ex|Expense__c|true|false
17:19:26.0 (93913765)|VARIABLE_ASSIGNMENT|[102]|ex|{"Category__c":"Transportation","RecordTypeId":"012460000005G1FAAU","Amount__c":3500,"Tax__c":455.00,"Submitted__c":true,"Employee__c":"00346000002ojVWAAY","Id":"a0F46000000FBblEAG","RecordType":{"Name":"Business Trips","Id":"012460000005G1FAAU"},"Employee__r":{"Id":"00346000002ojVWAAY","Name":"Carol Ruiz","Birthdate":"2017-10-09T00:00:00.000Z"}}|0x4c5a56e2
17:19:26.0 (93917501)|VARIABLE_SCOPE_BEGIN|[102]|check|Boolean|false|false
17:19:26.0 (93919804)|VARIABLE_ASSIGNMENT|[102]|check|false
17:19:26.0 (93922578)|STATEMENT_EXECUTE|[97]
17:19:26.0 (93923831)|STATEMENT_EXECUTE|[99]
17:19:26.0 (93925083)|STATEMENT_EXECUTE|[100]
17:19:26.0 (93932122)|STATEMENT_EXECUTE|[102]
17:19:26.0 (93933404)|STATEMENT_EXECUTE|[104]
17:19:26.0 (93942514)|VARIABLE_ASSIGNMENT|[EXTERNAL]|this|{}|0x2f600b9b
17:19:26.0 (93954587)|VARIABLE_ASSIGNMENT|[EXTERNAL]|value|{"Category__c":"Transportation","RecordTypeId":"012460000005G1FAAU","Amount__c":3500,"Tax__c":455.00,"Submitted__c":true,"Employee__c":"00346000002ojVWAAY","Id":"a0F46000000FBblEAG","RecordType":{"Name":"Business Trips","Id":"012460000005G1FAAU"},"Employee__r":{"Id":"00346000002ojVWAAY","Name":"Carol Ruiz","Birthdate":"2017-10-09T00:00:00.000Z"}}|0x4c5a56e2
17:19:26.0 (93967954)|VARIABLE_ASSIGNMENT|[99]|this.expense|{"Category__c":"Transportation","RecordTypeId":"012460000005G1FAAU","Amount__c":3500,"Tax__c":455.00,"Submitted__c":true,"Employee__c":"00346000002ojVWAAY","Id":"a0F46000000FBblEAG","RecordType":{"Name":"Business Trips","Id":"012460000005G1FAAU"},"Employee__r":{"Id":"00346000002ojVWAAY","Name":"Carol Ruiz","Birthdate":"2017-10-09T00:00:00.000Z"}}|0x2f600b9b
17:19:26.0 (93973337)|STATEMENT_EXECUTE|[105]
17:19:26.0 (93982492)|VARIABLE_ASSIGNMENT|[EXTERNAL]|this|{"expense":"0x4c5a56e2"}|0x2f600b9b
17:19:26.0 (93986349)|VARIABLE_ASSIGNMENT|[EXTERNAL]|value|false
17:19:26.0 (93989018)|HEAP_ALLOCATE|[100]|Bytes:5
17:19:26.0 (93992977)|VARIABLE_ASSIGNMENT|[100]|this.checked|false|0x2f600b9b
17:19:26.0 (93999670)|CONSTRUCTOR_EXIT|[18]|01p46000002wayn|<init>(Expense__c,Boolean)
17:19:26.0 (94005539)|HEAP_ALLOCATE|[EXTERNAL]|Bytes:4
17:19:26.0 (94013142)|HEAP_ALLOCATE|[16]|Bytes:5
17:19:26.0 (94029269)|HEAP_ALLOCATE|[16]|Bytes:44
17:19:26.0 (94033684)|VARIABLE_SCOPE_BEGIN|[16]|ex|Expense__c|true|false
17:19:26.0 (94046881)|VARIABLE_ASSIGNMENT|[16]|ex|{"Category__c":"Lodging","RecordTypeId":"012460000005G1KAAU","Amount__c":4000,"Tax__c":520.00,"Client_Company__c":"At&t","Submitted__c":true,"Employee__c":"00346000002ojeGAAQ","Id":"a0F46000000Ftq1EAC","RecordType":{"Name":"Client Meetings","Id":"012460000005G1KAAU"},"Employee__r":{"Id":"00346000002ojeGAAQ","Name":"Paolo Smith"}}|0x18bf8d5f
17:19:26.0 (94050929)|STATEMENT_EXECUTE|[16]
17:19:26.0 (94052134)|STATEMENT_EXECUTE|[18]
17:19:26.0 (94065472)|VARIABLE_ASSIGNMENT|[EXTERNAL]|this|{"queryString":"","wrappedExpenses":"0x336d5c4d"}|0x65fea2b5
17:19:26.0 (94071497)|HEAP_ALLOCATE|[18]|Bytes:12
17:19:26.0 (94078239)|CONSTRUCTOR_ENTRY|[18]|01p46000002wayn|<init>(Expense__c,Boolean)
17:19:26.0 (94080531)|VARIABLE_SCOPE_BEGIN|[102]|this|ExpenseController.ExpenseWrapper|true|false
17:19:26.0 (94087856)|VARIABLE_ASSIGNMENT|[102]|this|{}|0x9384b57
17:19:26.0 (94089371)|VARIABLE_SCOPE_BEGIN|[102]|ex|Expense__c|true|false
17:19:26.0 (94103213)|VARIABLE_ASSIGNMENT|[102]|ex|{"Category__c":"Lodging","RecordTypeId":"012460000005G1KAAU","Amount__c":4000,"Tax__c":520.00,"Client_Company__c":"At&t","Submitted__c":true,"Employee__c":"00346000002ojeGAAQ","Id":"a0F46000000Ftq1EAC","RecordType":{"Name":"Client Meetings","Id":"012460000005G1KAAU"},"Employee__r":{"Id":"00346000002ojeGAAQ","Name":"Paolo Smith"}}|0x18bf8d5f
17:19:26.0 (94106950)|VARIABLE_SCOPE_BEGIN|[102]|check|Boolean|false|false
17:19:26.0 (94109144)|VARIABLE_ASSIGNMENT|[102]|check|false
17:19:26.0 (94111801)|STATEMENT_EXECUTE|[97]
17:19:26.0 (94113022)|STATEMENT_EXECUTE|[99]
17:19:26.0 (94114209)|STATEMENT_EXECUTE|[100]
17:19:26.0 (94120997)|STATEMENT_EXECUTE|[102]
17:19:26.0 (94122333)|STATEMENT_EXECUTE|[104]
17:19:26.0 (94131283)|VARIABLE_ASSIGNMENT|[EXTERNAL]|this|{}|0x9384b57
17:19:26.0 (94141491)|VARIABLE_ASSIGNMENT|[EXTERNAL]|value|{"Category__c":"Lodging","RecordTypeId":"012460000005G1KAAU","Amount__c":4000,"Tax__c":520.00,"Client_Company__c":"At&t","Submitted__c":true,"Employee__c":"00346000002ojeGAAQ","Id":"a0F46000000Ftq1EAC","RecordType":{"Name":"Client Meetings","Id":"012460000005G1KAAU"},"Employee__r":{"Id":"00346000002ojeGAAQ","Name":"Paolo Smith"}}|0x18bf8d5f
17:19:26.0 (94152823)|VARIABLE_ASSIGNMENT|[99]|this.expense|{"Category__c":"Lodging","RecordTypeId":"012460000005G1KAAU","Amount__c":4000,"Tax__c":520.00,"Client_Company__c":"At&t","Submitted__c":true,"Employee__c":"00346000002ojeGAAQ","Id":"a0F46000000Ftq1EAC","RecordType":{"Name":"Client Meetings","Id":"012460000005G1KAAU"},"Employee__r":{"Id":"00346000002ojeGAAQ","Name":"Paolo Smith"}}|0x9384b57
17:19:26.0 (94157774)|STATEMENT_EXECUTE|[105]
17:19:26.0 (94166448)|VARIABLE_ASSIGNMENT|[EXTERNAL]|this|{"expense":"0x18bf8d5f"}|0x9384b57
17:19:26.0 (94170243)|VARIABLE_ASSIGNMENT|[EXTERNAL]|value|false
17:19:26.0 (94172891)|HEAP_ALLOCATE|[100]|Bytes:5
17:19:26.0 (94176383)|VARIABLE_ASSIGNMENT|[100]|this.checked|false|0x9384b57
17:19:26.0 (94183437)|CONSTRUCTOR_EXIT|[18]|01p46000002wayn|<init>(Expense__c,Boolean)
17:19:26.0 (94189065)|HEAP_ALLOCATE|[EXTERNAL]|Bytes:4
17:19:26.0 (94195927)|HEAP_ALLOCATE|[16]|Bytes:5
17:19:26.0 (94212223)|HEAP_ALLOCATE|[16]|Bytes:40
17:19:26.0 (94216623)|VARIABLE_SCOPE_BEGIN|[16]|ex|Expense__c|true|false
17:19:26.0 (94232661)|VARIABLE_ASSIGNMENT|[16]|ex|{"Category__c":"Transportation","RecordTypeId":"012460000005G1FAAU","Amount__c":4000,"Tax__c":520.00,"Submitted__c":true,"Employee__c":"00346000002ojVWAAY","Id":"a0F46000000FtpwEAC","RecordType":{"Name":"Business Trips","Id":"012460000005G1FAAU"},"Employee__r":{"Id":"00346000002ojVWAAY","Name":"Carol Ruiz","Birthdate":"2017-10-09T00:00:00.000Z"}}|0x621402ef
17:19:26.0 (94236607)|STATEMENT_EXECUTE|[16]
17:19:26.0 (94237886)|STATEMENT_EXECUTE|[18]
17:19:26.0 (94252617)|VARIABLE_ASSIGNMENT|[EXTERNAL]|this|{"queryString":"","wrappedExpenses":"0x336d5c4d"}|0x65fea2b5
17:19:26.0 (94258735)|HEAP_ALLOCATE|[18]|Bytes:12
17:19:26.0 (94265723)|CONSTRUCTOR_ENTRY|[18]|01p46000002wayn|<init>(Expense__c,Boolean)
17:19:26.0 (94268018)|VARIABLE_SCOPE_BEGIN|[102]|this|ExpenseController.ExpenseWrapper|true|false
17:19:26.0 (94275187)|VARIABLE_ASSIGNMENT|[102]|this|{}|0x3a8446c9
17:19:26.0 (94276591)|VARIABLE_SCOPE_BEGIN|[102]|ex|Expense__c|true|false
17:19:26.0 (94288551)|VARIABLE_ASSIGNMENT|[102]|ex|{"Category__c":"Transportation","RecordTypeId":"012460000005G1FAAU","Amount__c":4000,"Tax__c":520.00,"Submitted__c":true,"Employee__c":"00346000002ojVWAAY","Id":"a0F46000000FtpwEAC","RecordType":{"Name":"Business Trips","Id":"012460000005G1FAAU"},"Employee__r":{"Id":"00346000002ojVWAAY","Name":"Carol Ruiz","Birthdate":"2017-10-09T00:00:00.000Z"}}|0x621402ef
17:19:26.0 (94292211)|VARIABLE_SCOPE_BEGIN|[102]|check|Boolean|false|false
17:19:26.0 (94294415)|VARIABLE_ASSIGNMENT|[102]|check|false
17:19:26.0 (94297192)|STATEMENT_EXECUTE|[97]
17:19:26.0 (94298404)|STATEMENT_EXECUTE|[99]
17:19:26.0 (94299611)|STATEMENT_EXECUTE|[100]
17:19:26.0 (94306484)|STATEMENT_EXECUTE|[102]
17:19:26.0 (94307736)|STATEMENT_EXECUTE|[104]
17:19:26.0 (94316740)|VARIABLE_ASSIGNMENT|[EXTERNAL]|this|{}|0x3a8446c9
17:19:26.0 (94328806)|VARIABLE_ASSIGNMENT|[EXTERNAL]|value|{"Category__c":"Transportation","RecordTypeId":"012460000005G1FAAU","Amount__c":4000,"Tax__c":520.00,"Submitted__c":true,"Employee__c":"00346000002ojVWAAY","Id":"a0F46000000FtpwEAC","RecordType":{"Name":"Business Trips","Id":"012460000005G1FAAU"},"Employee__r":{"Id":"00346000002ojVWAAY","Name":"Carol Ruiz","Birthdate":"2017-10-09T00:00:00.000Z"}}|0x621402ef
17:19:26.0 (94341865)|VARIABLE_ASSIGNMENT|[99]|this.expense|{"Category__c":"Transportation","RecordTypeId":"012460000005G1FAAU","Amount__c":4000,"Tax__c":520.00,"Submitted__c":true,"Employee__c":"00346000002ojVWAAY","Id":"a0F46000000FtpwEAC","RecordType":{"Name":"Business Trips","Id":"012460000005G1FAAU"},"Employee__r":{"Id":"00346000002ojVWAAY","Name":"Carol Ruiz","Birthdate":"2017-10-09T00:00:00.000Z"}}|0x3a8446c9
17:19:26.0 (94347409)|STATEMENT_EXECUTE|[105]
17:19:26.0 (94356522)|VARIABLE_ASSIGNMENT|[EXTERNAL]|this|{"expense":"0x621402ef"}|0x3a8446c9
17:19:26.0 (94360734)|VARIABLE_ASSIGNMENT|[EXTERNAL]|value|false
17:19:26.0 (94363315)|HEAP_ALLOCATE|[100]|Bytes:5
17:19:26.0 (94366810)|VARIABLE_ASSIGNMENT|[100]|this.checked|false|0x3a8446c9
17:19:26.0 (94373516)|CONSTRUCTOR_EXIT|[18]|01p46000002wayn|<init>(Expense__c,Boolean)
17:19:26.0 (94378756)|HEAP_ALLOCATE|[EXTERNAL]|Bytes:4
17:19:26.0 (94385555)|HEAP_ALLOCATE|[16]|Bytes:5
17:19:26.0 (94393144)|VARIABLE_ASSIGNMENT|[16]|ex|null|
17:19:26.0 (94396817)|STATEMENT_EXECUTE|[21]
17:19:26.0 (94409373)|VARIABLE_ASSIGNMENT|[EXTERNAL]|this|{"queryString":"","wrappedExpenses":"0x336d5c4d"}|0x65fea2b5
17:19:26.0 (110886641)|VF_SERIALIZE_VIEWSTATE_BEGIN|06646000001BW08
17:19:26.0 (120846322)|VF_SERIALIZE_VIEWSTATE_END
17:19:26.0 (143531524)|CODE_UNIT_STARTED|[EXTERNAL]|Generate Metadata
17:19:26.0 (146132734)|CODE_UNIT_FINISHED|Generate Metadata
17:19:26.149 (149351880)|CUMULATIVE_LIMIT_USAGE
17:19:26.149 (149351880)|LIMIT_USAGE_FOR_NS|(default)|
  Number of SOQL queries: 2 out of 100
  Number of query rows: 14 out of 50000
  Number of SOSL queries: 0 out of 20
  Number of DML statements: 1 out of 150
  Number of DML rows: 2 out of 10000
  Maximum CPU time: 0 out of 10000
  Maximum heap size: 0 out of 6000000
  Number of callouts: 0 out of 100
  Number of Email Invocations: 0 out of 10
  Number of future calls: 0 out of 50
  Number of queueable jobs added to the queue: 0 out of 50
  Number of Mobile Apex push calls: 0 out of 10

17:19:26.149 (149351880)|CUMULATIVE_LIMIT_USAGE_END

17:19:26.0 (149407040)|CODE_UNIT_FINISHED|VF: /apex/ListOfEmployees
17:19:26.0 (150329914)|EXECUTION_FINISHED
