39.0 APEX_CODE,FINEST;APEX_PROFILING,INFO;CALLOUT,INFO;DB,INFO;SYSTEM,DEBUG;VALIDATION,INFO;VISUALFORCE,INFO;WAVE,INFO;WORKFLOW,INFO
16:25:36.0 (59496)|USER_INFO|[EXTERNAL]|00546000000Iihs|pacosta@altimetrik.com|Argentine Time|GMT-03:00
16:25:36.0 (82909)|EXECUTION_STARTED
16:25:36.0 (85966)|CODE_UNIT_STARTED|[EXTERNAL]|06646000001BW08|VF: /apex/ListOfEmployees
16:25:36.0 (4071153)|SYSTEM_MODE_ENTER|true
16:25:36.0 (4365388)|HEAP_ALLOCATE|[72]|Bytes:3
16:25:36.0 (4406643)|HEAP_ALLOCATE|[77]|Bytes:152
16:25:36.0 (4425298)|HEAP_ALLOCATE|[342]|Bytes:408
16:25:36.0 (4445579)|HEAP_ALLOCATE|[355]|Bytes:408
16:25:36.0 (4464915)|HEAP_ALLOCATE|[467]|Bytes:48
16:25:36.0 (4500811)|HEAP_ALLOCATE|[139]|Bytes:6
16:25:36.0 (4565891)|HEAP_ALLOCATE|[EXTERNAL]|Bytes:14
16:25:36.0 (4570056)|HEAP_ALLOCATE|[EXTERNAL]|Bytes:96
16:25:36.0 (4572172)|HEAP_ALLOCATE|[EXTERNAL]|Bytes:21
16:25:36.0 (4579158)|METHOD_ENTRY|[1]|01p46000002wayn|ExpenseController.ExpenseController()
16:25:36.0 (4584468)|STATEMENT_EXECUTE|[1]
16:25:36.0 (4593879)|STATEMENT_EXECUTE|[1]
16:25:36.0 (4595752)|STATEMENT_EXECUTE|[76]
16:25:36.0 (4600657)|METHOD_EXIT|[1]|ExpenseController
16:25:36.0 (4606184)|HEAP_ALLOCATE|[EXTERNAL]|Bytes:12
16:25:36.0 (4610355)|VARIABLE_SCOPE_BEGIN|[1]|this|ExpenseController|true|false
16:25:36.0 (4645436)|VARIABLE_ASSIGNMENT|[1]|this|{}|0x453a4502
16:25:36.0 (4655993)|HEAP_ALLOCATE|[3]|Bytes:6
16:25:36.0 (4692898)|STATEMENT_EXECUTE|[1]
16:25:36.0 (4694689)|STATEMENT_EXECUTE|[3]
16:25:36.0 (4704958)|VARIABLE_ASSIGNMENT|[3]|this.queryString|""|0x453a4502
16:25:36.0 (4707511)|STATEMENT_EXECUTE|[5]
16:25:36.0 (4751793)|SYSTEM_MODE_ENTER|true
16:25:36.0 (4778042)|HEAP_ALLOCATE|[EXTERNAL]|Bytes:12
16:25:36.0 (4782820)|VARIABLE_SCOPE_BEGIN|[8]|this|ExpenseController|true|false
16:25:36.0 (4796275)|VARIABLE_ASSIGNMENT|[8]|this|{"queryString":""}|0x453a4502
16:25:36.0 (4804768)|STATEMENT_EXECUTE|[8]
16:25:36.0 (4806183)|STATEMENT_EXECUTE|[10]
16:25:36.0 (4808665)|HEAP_ALLOCATE|[10]|Bytes:161
16:25:36.0 (4826501)|HEAP_ALLOCATE|[10]|Bytes:161
16:25:36.0 (4844614)|HEAP_ALLOCATE|[50]|Bytes:5
16:25:36.0 (4862138)|HEAP_ALLOCATE|[56]|Bytes:5
16:25:36.0 (4870390)|HEAP_ALLOCATE|[64]|Bytes:7
16:25:36.0 (5728279)|SOQL_EXECUTE_BEGIN|[10]|Aggregations:0|SELECT Category__c, RecordType.Name, Amount__c, Tax__c, Client_Company__c, Submitted__c, Employee__r.Id, Employee__r.Name, Employee__r.Birthdate FROM Expense__c 
16:25:36.0 (16086451)|SOQL_EXECUTE_END|[10]|Rows:5
16:25:36.0 (16104880)|HEAP_ALLOCATE|[10]|Bytes:24
16:25:36.0 (16154640)|HEAP_ALLOCATE|[10]|Bytes:1579
16:25:36.0 (16251798)|HEAP_ALLOCATE|[10]|Bytes:24
16:25:36.0 (16268879)|VARIABLE_SCOPE_BEGIN|[10]|results|List<Expense__c>|true|false
16:25:36.0 (16345319)|VARIABLE_ASSIGNMENT|[10]|results|[{"Category__c":"Road Meals","RecordTypeId":"012460000005G1KAAU","Amount__c":8900,"Tax__c":1157.00,"Submitted__c":false,"Employee__c":"00346000002ojeGAAQ","Id":"a0F46000000FmUwEAK","RecordType":{"Name":"Client Meetings","Id":"012460000005G1KAAU"},"Employee__r":{"Id":"00346000002ojeGAAQ","Name":"Paolo Smith"}},{"RecordTypeId":"012460000005G1FAAU","Amount__c":3000,"Tax__c":390.00,"Submitted__c":true,"Employee__c":"00346000002ojVWAAY","Id":"a0F46000000Fp6rEAC","RecordType":{"Name":"Business Trips","Id":"012460000005G1FAAU"},"Employee__r":{"Id":"00346000002ojVWAAY","Name":"Carol Ruiz","Birthdate":"2017-10-09T00:00:00.000Z"}},{"Category__c":"Event Registration","RecordTypeId":"012460000005G1FAAU","Amount__c":3499,"Tax__c":454.87,"Submitted__c":true,"Employee__c":"00346000002ojVWAAY","Id":"a0F46000000Fp76EAC","RecordType":{"Name":"Business Trips","Id":"012460000005G1FAAU"},"Employee__r":{"Id":"00346000002ojVWAAY","Name":"Carol Ruiz","Birthdate":"2017-10-09T00:00:00.000Z"}},{"Category__c":"Event Registration","RecordTypeId":"012460000005G1KAAU","Amount__c":5600,"Tax__c":728.00,"Submitted__c":false,"Employee__c":"00346000002oeLWAAY","Id":"a0F46000000FBc6EAG","RecordType":{"Name":"Client Meetings","Id":"012460000005G1KAAU"},"Employee__r":{"Id":"00346000002oeLWAAY","Name":"Paulo Acosta"}},{"Category__c":"Transportation","RecordTypeId":"012460000005G1FAAU","Amount__c":3500,"Tax__c":455.00,"Submitted__c":false,"Employee__c":"00346000002ojVWAAY","Id":"a0F46000000FBblEAG","RecordType":{"Name":"Business Trips","Id":"012460000005G1FAAU"},"Employee__r":{"Id":"00346000002ojVWAAY","Name":"Carol Ruiz","Birthdate":"2017-10-09T00:00:00.000Z"}}]|0x6902376e
16:25:36.0 (16538225)|HEAP_ALLOCATE|[14]|Bytes:5
16:25:36.0 (16576108)|HEAP_ALLOCATE|[14]|Bytes:40
16:25:36.0 (16585194)|VARIABLE_SCOPE_BEGIN|[14]|ex|Expense__c|true|false
16:25:36.0 (16607926)|VARIABLE_ASSIGNMENT|[14]|ex|{"Category__c":"Road Meals","RecordTypeId":"012460000005G1KAAU","Amount__c":8900,"Tax__c":1157.00,"Submitted__c":false,"Employee__c":"00346000002ojeGAAQ","Id":"a0F46000000FmUwEAK","RecordType":{"Name":"Client Meetings","Id":"012460000005G1KAAU"},"Employee__r":{"Id":"00346000002ojeGAAQ","Name":"Paolo Smith"}}|0x34c61ee7
16:25:36.0 (16614515)|STATEMENT_EXECUTE|[14]
16:25:36.0 (16616210)|STATEMENT_EXECUTE|[15]
16:25:36.0 (16666960)|HEAP_ALLOCATE|[15]|Bytes:4
16:25:36.0 (16729660)|VARIABLE_ASSIGNMENT|[EXTERNAL]|this|{"queryString":""}|0x453a4502
16:25:36.0 (16746598)|HEAP_ALLOCATE|[EXTERNAL]|Bytes:4
16:25:36.0 (16753109)|VARIABLE_ASSIGNMENT|[EXTERNAL]|value|[]|0x259d6eda
16:25:36.0 (16761921)|VARIABLE_ASSIGNMENT|[5]|this.wrappedExpenses|[]|0x453a4502
16:25:36.0 (16771362)|STATEMENT_EXECUTE|[16]
16:25:36.0 (16794982)|VARIABLE_ASSIGNMENT|[EXTERNAL]|this|{"queryString":"","wrappedExpenses":"0x259d6eda"}|0x453a4502
16:25:36.0 (16810441)|HEAP_ALLOCATE|[16]|Bytes:116
16:25:36.0 (16814638)|HEAP_ALLOCATE|[16]|Bytes:8
16:25:36.0 (16819272)|HEAP_ALLOCATE|[16]|Bytes:12
16:25:36.0 (16831698)|CONSTRUCTOR_ENTRY|[16]|01p46000002wayn|<init>(Expense__c,Boolean)
16:25:36.0 (16835270)|VARIABLE_SCOPE_BEGIN|[81]|this|ExpenseController.ExpenseWrapper|true|false
16:25:36.0 (16844076)|VARIABLE_ASSIGNMENT|[81]|this|{}|0x5ddc8440
16:25:36.0 (16845843)|VARIABLE_SCOPE_BEGIN|[81]|ex|Expense__c|true|false
16:25:36.0 (16858522)|VARIABLE_ASSIGNMENT|[81]|ex|{"Category__c":"Road Meals","RecordTypeId":"012460000005G1KAAU","Amount__c":8900,"Tax__c":1157.00,"Submitted__c":false,"Employee__c":"00346000002ojeGAAQ","Id":"a0F46000000FmUwEAK","RecordType":{"Name":"Client Meetings","Id":"012460000005G1KAAU"},"Employee__r":{"Id":"00346000002ojeGAAQ","Name":"Paolo Smith"}}|0x34c61ee7
16:25:36.0 (16864064)|VARIABLE_SCOPE_BEGIN|[81]|check|Boolean|false|false
16:25:36.0 (16867428)|VARIABLE_ASSIGNMENT|[81]|check|false
16:25:36.0 (16870943)|STATEMENT_EXECUTE|[76]
16:25:36.0 (16872652)|STATEMENT_EXECUTE|[78]
16:25:36.0 (16874111)|STATEMENT_EXECUTE|[79]
16:25:36.0 (16886694)|STATEMENT_EXECUTE|[81]
16:25:36.0 (16888256)|STATEMENT_EXECUTE|[83]
16:25:36.0 (16909760)|VARIABLE_ASSIGNMENT|[EXTERNAL]|this|{}|0x5ddc8440
16:25:36.0 (16921155)|VARIABLE_ASSIGNMENT|[EXTERNAL]|value|{"Category__c":"Road Meals","RecordTypeId":"012460000005G1KAAU","Amount__c":8900,"Tax__c":1157.00,"Submitted__c":false,"Employee__c":"00346000002ojeGAAQ","Id":"a0F46000000FmUwEAK","RecordType":{"Name":"Client Meetings","Id":"012460000005G1KAAU"},"Employee__r":{"Id":"00346000002ojeGAAQ","Name":"Paolo Smith"}}|0x34c61ee7
16:25:36.0 (16933649)|VARIABLE_ASSIGNMENT|[78]|this.expense|{"Category__c":"Road Meals","RecordTypeId":"012460000005G1KAAU","Amount__c":8900,"Tax__c":1157.00,"Submitted__c":false,"Employee__c":"00346000002ojeGAAQ","Id":"a0F46000000FmUwEAK","RecordType":{"Name":"Client Meetings","Id":"012460000005G1KAAU"},"Employee__r":{"Id":"00346000002ojeGAAQ","Name":"Paolo Smith"}}|0x5ddc8440
16:25:36.0 (16939851)|STATEMENT_EXECUTE|[84]
16:25:36.0 (16955782)|VARIABLE_ASSIGNMENT|[EXTERNAL]|this|{"expense":"0x34c61ee7"}|0x5ddc8440
16:25:36.0 (16960608)|VARIABLE_ASSIGNMENT|[EXTERNAL]|value|false
16:25:36.0 (16963595)|HEAP_ALLOCATE|[79]|Bytes:5
16:25:36.0 (16967373)|VARIABLE_ASSIGNMENT|[79]|this.checked|false|0x5ddc8440
16:25:36.0 (16975143)|CONSTRUCTOR_EXIT|[16]|01p46000002wayn|<init>(Expense__c,Boolean)
16:25:36.0 (16985027)|HEAP_ALLOCATE|[EXTERNAL]|Bytes:4
16:25:36.0 (16995194)|HEAP_ALLOCATE|[14]|Bytes:5
16:25:36.0 (17015410)|HEAP_ALLOCATE|[14]|Bytes:36
16:25:36.0 (17021597)|VARIABLE_SCOPE_BEGIN|[14]|ex|Expense__c|true|false
16:25:36.0 (17041053)|VARIABLE_ASSIGNMENT|[14]|ex|{"RecordTypeId":"012460000005G1FAAU","Amount__c":3000,"Tax__c":390.00,"Submitted__c":true,"Employee__c":"00346000002ojVWAAY","Id":"a0F46000000Fp6rEAC","RecordType":{"Name":"Business Trips","Id":"012460000005G1FAAU"},"Employee__r":{"Id":"00346000002ojVWAAY","Name":"Carol Ruiz","Birthdate":"2017-10-09T00:00:00.000Z"}}|0x2cd1dcbf
16:25:36.0 (17045644)|STATEMENT_EXECUTE|[14]
16:25:36.0 (17046950)|STATEMENT_EXECUTE|[15]
16:25:36.0 (17050282)|HEAP_ALLOCATE|[15]|Bytes:4
16:25:36.0 (17071699)|VARIABLE_ASSIGNMENT|[EXTERNAL]|this|{"queryString":"","wrappedExpenses":"0x259d6eda"}|0x453a4502
16:25:36.0 (17079225)|HEAP_ALLOCATE|[EXTERNAL]|Bytes:4
16:25:36.0 (17083349)|VARIABLE_ASSIGNMENT|[EXTERNAL]|value|[]|0x70d3a85b
16:25:36.0 (17088522)|VARIABLE_ASSIGNMENT|[5]|this.wrappedExpenses|[]|0x453a4502
16:25:36.0 (17092970)|STATEMENT_EXECUTE|[16]
16:25:36.0 (17102930)|VARIABLE_ASSIGNMENT|[EXTERNAL]|this|{"queryString":"","wrappedExpenses":"0x70d3a85b"}|0x453a4502
16:25:36.0 (17108889)|HEAP_ALLOCATE|[16]|Bytes:12
16:25:36.0 (17115116)|CONSTRUCTOR_ENTRY|[16]|01p46000002wayn|<init>(Expense__c,Boolean)
16:25:36.0 (17117896)|VARIABLE_SCOPE_BEGIN|[81]|this|ExpenseController.ExpenseWrapper|true|false
16:25:36.0 (17124436)|VARIABLE_ASSIGNMENT|[81]|this|{}|0x3e76e325
16:25:36.0 (17126404)|VARIABLE_SCOPE_BEGIN|[81]|ex|Expense__c|true|false
16:25:36.0 (17149198)|VARIABLE_ASSIGNMENT|[81]|ex|{"RecordTypeId":"012460000005G1FAAU","Amount__c":3000,"Tax__c":390.00,"Submitted__c":true,"Employee__c":"00346000002ojVWAAY","Id":"a0F46000000Fp6rEAC","RecordType":{"Name":"Business Trips","Id":"012460000005G1FAAU"},"Employee__r":{"Id":"00346000002ojVWAAY","Name":"Carol Ruiz","Birthdate":"2017-10-09T00:00:00.000Z"}}|0x2cd1dcbf
16:25:36.0 (17157578)|VARIABLE_SCOPE_BEGIN|[81]|check|Boolean|false|false
16:25:36.0 (17162201)|VARIABLE_ASSIGNMENT|[81]|check|false
16:25:36.0 (17167029)|STATEMENT_EXECUTE|[76]
16:25:36.0 (17169029)|STATEMENT_EXECUTE|[78]
16:25:36.0 (17170930)|STATEMENT_EXECUTE|[79]
16:25:36.0 (17185237)|STATEMENT_EXECUTE|[81]
16:25:36.0 (17187357)|STATEMENT_EXECUTE|[83]
16:25:36.0 (17204243)|VARIABLE_ASSIGNMENT|[EXTERNAL]|this|{}|0x3e76e325
16:25:36.0 (17228451)|VARIABLE_ASSIGNMENT|[EXTERNAL]|value|{"RecordTypeId":"012460000005G1FAAU","Amount__c":3000,"Tax__c":390.00,"Submitted__c":true,"Employee__c":"00346000002ojVWAAY","Id":"a0F46000000Fp6rEAC","RecordType":{"Name":"Business Trips","Id":"012460000005G1FAAU"},"Employee__r":{"Id":"00346000002ojVWAAY","Name":"Carol Ruiz","Birthdate":"2017-10-09T00:00:00.000Z"}}|0x2cd1dcbf
16:25:36.0 (17248021)|VARIABLE_ASSIGNMENT|[78]|this.expense|{"RecordTypeId":"012460000005G1FAAU","Amount__c":3000,"Tax__c":390.00,"Submitted__c":true,"Employee__c":"00346000002ojVWAAY","Id":"a0F46000000Fp6rEAC","RecordType":{"Name":"Business Trips","Id":"012460000005G1FAAU"},"Employee__r":{"Id":"00346000002ojVWAAY","Name":"Carol Ruiz","Birthdate":"2017-10-09T00:00:00.000Z"}}|0x3e76e325
16:25:36.0 (17256259)|STATEMENT_EXECUTE|[84]
16:25:36.0 (17268293)|VARIABLE_ASSIGNMENT|[EXTERNAL]|this|{"expense":"0x2cd1dcbf"}|0x3e76e325
16:25:36.0 (17273412)|VARIABLE_ASSIGNMENT|[EXTERNAL]|value|false
16:25:36.0 (17276202)|HEAP_ALLOCATE|[79]|Bytes:5
16:25:36.0 (17279970)|VARIABLE_ASSIGNMENT|[79]|this.checked|false|0x3e76e325
16:25:36.0 (17288004)|CONSTRUCTOR_EXIT|[16]|01p46000002wayn|<init>(Expense__c,Boolean)
16:25:36.0 (17294783)|HEAP_ALLOCATE|[EXTERNAL]|Bytes:4
16:25:36.0 (17303568)|HEAP_ALLOCATE|[14]|Bytes:5
16:25:36.0 (17324277)|HEAP_ALLOCATE|[14]|Bytes:40
16:25:36.0 (17329544)|VARIABLE_SCOPE_BEGIN|[14]|ex|Expense__c|true|false
16:25:36.0 (17346975)|VARIABLE_ASSIGNMENT|[14]|ex|{"Category__c":"Event Registration","RecordTypeId":"012460000005G1FAAU","Amount__c":3499,"Tax__c":454.87,"Submitted__c":true,"Employee__c":"00346000002ojVWAAY","Id":"a0F46000000Fp76EAC","RecordType":{"Name":"Business Trips","Id":"012460000005G1FAAU"},"Employee__r":{"Id":"00346000002ojVWAAY","Name":"Carol Ruiz","Birthdate":"2017-10-09T00:00:00.000Z"}}|0x5e3abc4a
16:25:36.0 (17352026)|STATEMENT_EXECUTE|[14]
16:25:36.0 (17353290)|STATEMENT_EXECUTE|[15]
16:25:36.0 (17356230)|HEAP_ALLOCATE|[15]|Bytes:4
16:25:36.0 (17375895)|VARIABLE_ASSIGNMENT|[EXTERNAL]|this|{"queryString":"","wrappedExpenses":"0x70d3a85b"}|0x453a4502
16:25:36.0 (17383521)|HEAP_ALLOCATE|[EXTERNAL]|Bytes:4
16:25:36.0 (17387702)|VARIABLE_ASSIGNMENT|[EXTERNAL]|value|[]|0x7318e2f
16:25:36.0 (17392914)|VARIABLE_ASSIGNMENT|[5]|this.wrappedExpenses|[]|0x453a4502
16:25:36.0 (17397274)|STATEMENT_EXECUTE|[16]
16:25:36.0 (17407155)|VARIABLE_ASSIGNMENT|[EXTERNAL]|this|{"queryString":"","wrappedExpenses":"0x7318e2f"}|0x453a4502
16:25:36.0 (17413320)|HEAP_ALLOCATE|[16]|Bytes:12
16:25:36.0 (17419485)|CONSTRUCTOR_ENTRY|[16]|01p46000002wayn|<init>(Expense__c,Boolean)
16:25:36.0 (17421953)|VARIABLE_SCOPE_BEGIN|[81]|this|ExpenseController.ExpenseWrapper|true|false
16:25:36.0 (17429180)|VARIABLE_ASSIGNMENT|[81]|this|{}|0x4f79d743
16:25:36.0 (17430624)|VARIABLE_SCOPE_BEGIN|[81]|ex|Expense__c|true|false
16:25:36.0 (17444896)|VARIABLE_ASSIGNMENT|[81]|ex|{"Category__c":"Event Registration","RecordTypeId":"012460000005G1FAAU","Amount__c":3499,"Tax__c":454.87,"Submitted__c":true,"Employee__c":"00346000002ojVWAAY","Id":"a0F46000000Fp76EAC","RecordType":{"Name":"Business Trips","Id":"012460000005G1FAAU"},"Employee__r":{"Id":"00346000002ojVWAAY","Name":"Carol Ruiz","Birthdate":"2017-10-09T00:00:00.000Z"}}|0x5e3abc4a
16:25:36.0 (17449652)|VARIABLE_SCOPE_BEGIN|[81]|check|Boolean|false|false
16:25:36.0 (17452168)|VARIABLE_ASSIGNMENT|[81]|check|false
16:25:36.0 (17454791)|STATEMENT_EXECUTE|[76]
16:25:36.0 (17455964)|STATEMENT_EXECUTE|[78]
16:25:36.0 (17457146)|STATEMENT_EXECUTE|[79]
16:25:36.0 (17465393)|STATEMENT_EXECUTE|[81]
16:25:36.0 (17466622)|STATEMENT_EXECUTE|[83]
16:25:36.0 (17474892)|VARIABLE_ASSIGNMENT|[EXTERNAL]|this|{}|0x4f79d743
16:25:36.0 (17493561)|VARIABLE_ASSIGNMENT|[EXTERNAL]|value|{"Category__c":"Event Registration","RecordTypeId":"012460000005G1FAAU","Amount__c":3499,"Tax__c":454.87,"Submitted__c":true,"Employee__c":"00346000002ojVWAAY","Id":"a0F46000000Fp76EAC","RecordType":{"Name":"Business Trips","Id":"012460000005G1FAAU"},"Employee__r":{"Id":"00346000002ojVWAAY","Name":"Carol Ruiz","Birthdate":"2017-10-09T00:00:00.000Z"}}|0x5e3abc4a
16:25:36.0 (17508571)|VARIABLE_ASSIGNMENT|[78]|this.expense|{"Category__c":"Event Registration","RecordTypeId":"012460000005G1FAAU","Amount__c":3499,"Tax__c":454.87,"Submitted__c":true,"Employee__c":"00346000002ojVWAAY","Id":"a0F46000000Fp76EAC","RecordType":{"Name":"Business Trips","Id":"012460000005G1FAAU"},"Employee__r":{"Id":"00346000002ojVWAAY","Name":"Carol Ruiz","Birthdate":"2017-10-09T00:00:00.000Z"}}|0x4f79d743
16:25:36.0 (17514528)|STATEMENT_EXECUTE|[84]
16:25:36.0 (17524490)|VARIABLE_ASSIGNMENT|[EXTERNAL]|this|{"expense":"0x5e3abc4a"}|0x4f79d743
16:25:36.0 (17529408)|VARIABLE_ASSIGNMENT|[EXTERNAL]|value|false
16:25:36.0 (17533067)|HEAP_ALLOCATE|[79]|Bytes:5
16:25:36.0 (17536886)|VARIABLE_ASSIGNMENT|[79]|this.checked|false|0x4f79d743
16:25:36.0 (17543674)|CONSTRUCTOR_EXIT|[16]|01p46000002wayn|<init>(Expense__c,Boolean)
16:25:36.0 (17549015)|HEAP_ALLOCATE|[EXTERNAL]|Bytes:4
16:25:36.0 (17556634)|HEAP_ALLOCATE|[14]|Bytes:5
16:25:36.0 (17573769)|HEAP_ALLOCATE|[14]|Bytes:40
16:25:36.0 (17578210)|VARIABLE_SCOPE_BEGIN|[14]|ex|Expense__c|true|false
16:25:36.0 (17599197)|VARIABLE_ASSIGNMENT|[14]|ex|{"Category__c":"Event Registration","RecordTypeId":"012460000005G1KAAU","Amount__c":5600,"Tax__c":728.00,"Submitted__c":false,"Employee__c":"00346000002oeLWAAY","Id":"a0F46000000FBc6EAG","RecordType":{"Name":"Client Meetings","Id":"012460000005G1KAAU"},"Employee__r":{"Id":"00346000002oeLWAAY","Name":"Paulo Acosta"}}|0xcfc2a23
16:25:36.0 (17605944)|STATEMENT_EXECUTE|[14]
16:25:36.0 (17607980)|STATEMENT_EXECUTE|[15]
16:25:36.0 (17612108)|HEAP_ALLOCATE|[15]|Bytes:4
16:25:36.0 (17643118)|VARIABLE_ASSIGNMENT|[EXTERNAL]|this|{"queryString":"","wrappedExpenses":"0x7318e2f"}|0x453a4502
16:25:36.0 (17653654)|HEAP_ALLOCATE|[EXTERNAL]|Bytes:4
16:25:36.0 (17659587)|VARIABLE_ASSIGNMENT|[EXTERNAL]|value|[]|0x22853f87
16:25:36.0 (17666794)|VARIABLE_ASSIGNMENT|[5]|this.wrappedExpenses|[]|0x453a4502
16:25:36.0 (17674031)|STATEMENT_EXECUTE|[16]
16:25:36.0 (17690769)|VARIABLE_ASSIGNMENT|[EXTERNAL]|this|{"queryString":"","wrappedExpenses":"0x22853f87"}|0x453a4502
16:25:36.0 (17699884)|HEAP_ALLOCATE|[16]|Bytes:12
16:25:36.0 (17709334)|CONSTRUCTOR_ENTRY|[16]|01p46000002wayn|<init>(Expense__c,Boolean)
16:25:36.0 (17713087)|VARIABLE_SCOPE_BEGIN|[81]|this|ExpenseController.ExpenseWrapper|true|false
16:25:36.0 (17724129)|VARIABLE_ASSIGNMENT|[81]|this|{}|0x2be39f39
16:25:36.0 (17726358)|VARIABLE_SCOPE_BEGIN|[81]|ex|Expense__c|true|false
16:25:36.0 (17743733)|VARIABLE_ASSIGNMENT|[81]|ex|{"Category__c":"Event Registration","RecordTypeId":"012460000005G1KAAU","Amount__c":5600,"Tax__c":728.00,"Submitted__c":false,"Employee__c":"00346000002oeLWAAY","Id":"a0F46000000FBc6EAG","RecordType":{"Name":"Client Meetings","Id":"012460000005G1KAAU"},"Employee__r":{"Id":"00346000002oeLWAAY","Name":"Paulo Acosta"}}|0xcfc2a23
16:25:36.0 (17751510)|VARIABLE_SCOPE_BEGIN|[81]|check|Boolean|false|false
16:25:36.0 (17755395)|VARIABLE_ASSIGNMENT|[81]|check|false
16:25:36.0 (17760283)|STATEMENT_EXECUTE|[76]
16:25:36.0 (17762374)|STATEMENT_EXECUTE|[78]
16:25:36.0 (17764365)|STATEMENT_EXECUTE|[79]
16:25:36.0 (17778036)|STATEMENT_EXECUTE|[81]
16:25:36.0 (17780407)|STATEMENT_EXECUTE|[83]
16:25:36.0 (17798427)|VARIABLE_ASSIGNMENT|[EXTERNAL]|this|{}|0x2be39f39
16:25:36.0 (17812702)|VARIABLE_ASSIGNMENT|[EXTERNAL]|value|{"Category__c":"Event Registration","RecordTypeId":"012460000005G1KAAU","Amount__c":5600,"Tax__c":728.00,"Submitted__c":false,"Employee__c":"00346000002oeLWAAY","Id":"a0F46000000FBc6EAG","RecordType":{"Name":"Client Meetings","Id":"012460000005G1KAAU"},"Employee__r":{"Id":"00346000002oeLWAAY","Name":"Paulo Acosta"}}|0xcfc2a23
16:25:36.0 (17825560)|VARIABLE_ASSIGNMENT|[78]|this.expense|{"Category__c":"Event Registration","RecordTypeId":"012460000005G1KAAU","Amount__c":5600,"Tax__c":728.00,"Submitted__c":false,"Employee__c":"00346000002oeLWAAY","Id":"a0F46000000FBc6EAG","RecordType":{"Name":"Client Meetings","Id":"012460000005G1KAAU"},"Employee__r":{"Id":"00346000002oeLWAAY","Name":"Paulo Acosta"}}|0x2be39f39
16:25:36.0 (17832106)|STATEMENT_EXECUTE|[84]
16:25:36.0 (17841713)|VARIABLE_ASSIGNMENT|[EXTERNAL]|this|{"expense":"0xcfc2a23"}|0x2be39f39
16:25:36.0 (17846335)|VARIABLE_ASSIGNMENT|[EXTERNAL]|value|false
16:25:36.0 (17849348)|HEAP_ALLOCATE|[79]|Bytes:5
16:25:36.0 (17852960)|VARIABLE_ASSIGNMENT|[79]|this.checked|false|0x2be39f39
16:25:36.0 (17860534)|CONSTRUCTOR_EXIT|[16]|01p46000002wayn|<init>(Expense__c,Boolean)
16:25:36.0 (17866459)|HEAP_ALLOCATE|[EXTERNAL]|Bytes:4
16:25:36.0 (17874822)|HEAP_ALLOCATE|[14]|Bytes:5
16:25:36.0 (17895657)|HEAP_ALLOCATE|[14]|Bytes:40
16:25:36.0 (17900660)|VARIABLE_SCOPE_BEGIN|[14]|ex|Expense__c|true|false
16:25:36.0 (17919796)|VARIABLE_ASSIGNMENT|[14]|ex|{"Category__c":"Transportation","RecordTypeId":"012460000005G1FAAU","Amount__c":3500,"Tax__c":455.00,"Submitted__c":false,"Employee__c":"00346000002ojVWAAY","Id":"a0F46000000FBblEAG","RecordType":{"Name":"Business Trips","Id":"012460000005G1FAAU"},"Employee__r":{"Id":"00346000002ojVWAAY","Name":"Carol Ruiz","Birthdate":"2017-10-09T00:00:00.000Z"}}|0x8c93c7d
16:25:36.0 (17924486)|STATEMENT_EXECUTE|[14]
16:25:36.0 (17925682)|STATEMENT_EXECUTE|[15]
16:25:36.0 (17928575)|HEAP_ALLOCATE|[15]|Bytes:4
16:25:36.0 (17947956)|VARIABLE_ASSIGNMENT|[EXTERNAL]|this|{"queryString":"","wrappedExpenses":"0x22853f87"}|0x453a4502
16:25:36.0 (17955248)|HEAP_ALLOCATE|[EXTERNAL]|Bytes:4
16:25:36.0 (17959113)|VARIABLE_ASSIGNMENT|[EXTERNAL]|value|[]|0x20282c9c
16:25:36.0 (17963793)|VARIABLE_ASSIGNMENT|[5]|this.wrappedExpenses|[]|0x453a4502
16:25:36.0 (17967926)|STATEMENT_EXECUTE|[16]
16:25:36.0 (17978163)|VARIABLE_ASSIGNMENT|[EXTERNAL]|this|{"queryString":"","wrappedExpenses":"0x20282c9c"}|0x453a4502
16:25:36.0 (17984203)|HEAP_ALLOCATE|[16]|Bytes:12
16:25:36.0 (17990210)|CONSTRUCTOR_ENTRY|[16]|01p46000002wayn|<init>(Expense__c,Boolean)
16:25:36.0 (17992571)|VARIABLE_SCOPE_BEGIN|[81]|this|ExpenseController.ExpenseWrapper|true|false
16:25:36.0 (17998868)|VARIABLE_ASSIGNMENT|[81]|this|{}|0x216a3415
16:25:36.0 (18000255)|VARIABLE_SCOPE_BEGIN|[81]|ex|Expense__c|true|false
16:25:36.0 (18016211)|VARIABLE_ASSIGNMENT|[81]|ex|{"Category__c":"Transportation","RecordTypeId":"012460000005G1FAAU","Amount__c":3500,"Tax__c":455.00,"Submitted__c":false,"Employee__c":"00346000002ojVWAAY","Id":"a0F46000000FBblEAG","RecordType":{"Name":"Business Trips","Id":"012460000005G1FAAU"},"Employee__r":{"Id":"00346000002ojVWAAY","Name":"Carol Ruiz","Birthdate":"2017-10-09T00:00:00.000Z"}}|0x8c93c7d
16:25:36.0 (18021365)|VARIABLE_SCOPE_BEGIN|[81]|check|Boolean|false|false
16:25:36.0 (18023889)|VARIABLE_ASSIGNMENT|[81]|check|false
16:25:36.0 (18026571)|STATEMENT_EXECUTE|[76]
16:25:36.0 (18027784)|STATEMENT_EXECUTE|[78]
16:25:36.0 (18028992)|STATEMENT_EXECUTE|[79]
16:25:36.0 (18037315)|STATEMENT_EXECUTE|[81]
16:25:36.0 (18038534)|STATEMENT_EXECUTE|[83]
16:25:36.0 (18046777)|VARIABLE_ASSIGNMENT|[EXTERNAL]|this|{}|0x216a3415
16:25:36.0 (18059789)|VARIABLE_ASSIGNMENT|[EXTERNAL]|value|{"Category__c":"Transportation","RecordTypeId":"012460000005G1FAAU","Amount__c":3500,"Tax__c":455.00,"Submitted__c":false,"Employee__c":"00346000002ojVWAAY","Id":"a0F46000000FBblEAG","RecordType":{"Name":"Business Trips","Id":"012460000005G1FAAU"},"Employee__r":{"Id":"00346000002ojVWAAY","Name":"Carol Ruiz","Birthdate":"2017-10-09T00:00:00.000Z"}}|0x8c93c7d
16:25:36.0 (18074174)|VARIABLE_ASSIGNMENT|[78]|this.expense|{"Category__c":"Transportation","RecordTypeId":"012460000005G1FAAU","Amount__c":3500,"Tax__c":455.00,"Submitted__c":false,"Employee__c":"00346000002ojVWAAY","Id":"a0F46000000FBblEAG","RecordType":{"Name":"Business Trips","Id":"012460000005G1FAAU"},"Employee__r":{"Id":"00346000002ojVWAAY","Name":"Carol Ruiz","Birthdate":"2017-10-09T00:00:00.000Z"}}|0x216a3415
16:25:36.0 (18079463)|STATEMENT_EXECUTE|[84]
16:25:36.0 (18088410)|VARIABLE_ASSIGNMENT|[EXTERNAL]|this|{"expense":"0x8c93c7d"}|0x216a3415
16:25:36.0 (18092176)|VARIABLE_ASSIGNMENT|[EXTERNAL]|value|false
16:25:36.0 (18094503)|HEAP_ALLOCATE|[79]|Bytes:5
16:25:36.0 (18097790)|VARIABLE_ASSIGNMENT|[79]|this.checked|false|0x216a3415
16:25:36.0 (18104160)|CONSTRUCTOR_EXIT|[16]|01p46000002wayn|<init>(Expense__c,Boolean)
16:25:36.0 (18109321)|HEAP_ALLOCATE|[EXTERNAL]|Bytes:4
16:25:36.0 (18116758)|HEAP_ALLOCATE|[14]|Bytes:5
16:25:36.0 (18123870)|VARIABLE_ASSIGNMENT|[14]|ex|null|
16:25:36.0 (18127496)|STATEMENT_EXECUTE|[19]
16:25:36.0 (18148933)|VARIABLE_ASSIGNMENT|[EXTERNAL]|this|{"queryString":"","wrappedExpenses":"0x20282c9c"}|0x453a4502
16:25:36.0 (27397486)|VF_SERIALIZE_VIEWSTATE_BEGIN|06646000001BW08
16:25:36.0 (37350968)|VF_SERIALIZE_VIEWSTATE_END
16:25:36.0 (42115182)|CODE_UNIT_STARTED|[EXTERNAL]|Generate Metadata
16:25:36.0 (42813534)|CODE_UNIT_FINISHED|Generate Metadata
16:25:36.44 (44665604)|CUMULATIVE_LIMIT_USAGE
16:25:36.44 (44665604)|LIMIT_USAGE_FOR_NS|(default)|
  Number of SOQL queries: 1 out of 100
  Number of query rows: 5 out of 50000
  Number of SOSL queries: 0 out of 20
  Number of DML statements: 0 out of 150
  Number of DML rows: 0 out of 10000
  Maximum CPU time: 0 out of 10000
  Maximum heap size: 0 out of 6000000
  Number of callouts: 0 out of 100
  Number of Email Invocations: 0 out of 10
  Number of future calls: 0 out of 50
  Number of queueable jobs added to the queue: 0 out of 50
  Number of Mobile Apex push calls: 0 out of 10

16:25:36.44 (44665604)|CUMULATIVE_LIMIT_USAGE_END

16:25:36.0 (44698477)|CODE_UNIT_FINISHED|VF: /apex/ListOfEmployees
16:25:36.0 (45422165)|EXECUTION_FINISHED
