39.0 APEX_CODE,FINEST;APEX_PROFILING,INFO;CALLOUT,INFO;DB,INFO;SYSTEM,DEBUG;VALIDATION,INFO;VISUALFORCE,INFO;WAVE,INFO;WORKFLOW,INFO
12:37:58.0 (290997)|USER_INFO|[EXTERNAL]|00546000000Iihs|pacosta@altimetrik.com|Argentine Time|GMT-03:00
12:37:58.0 (313771)|EXECUTION_STARTED
12:37:58.0 (317947)|CODE_UNIT_STARTED|[EXTERNAL]|06646000001BW08|VF: /apex/ListOfEmployees
12:37:58.0 (1964044)|SYSTEM_MODE_ENTER|true
12:37:58.0 (2232582)|HEAP_ALLOCATE|[72]|Bytes:3
12:37:58.0 (2269837)|HEAP_ALLOCATE|[77]|Bytes:152
12:37:58.0 (2283613)|HEAP_ALLOCATE|[342]|Bytes:408
12:37:58.0 (2297890)|HEAP_ALLOCATE|[355]|Bytes:408
12:37:58.0 (2310626)|HEAP_ALLOCATE|[467]|Bytes:48
12:37:58.0 (2335872)|HEAP_ALLOCATE|[139]|Bytes:6
12:37:58.0 (2352175)|HEAP_ALLOCATE|[EXTERNAL]|Bytes:140
12:37:58.0 (2356756)|HEAP_ALLOCATE|[EXTERNAL]|Bytes:46
12:37:58.0 (2365219)|METHOD_ENTRY|[1]|01p46000002wayn|ExpenseController.ExpenseController()
12:37:58.0 (2368670)|STATEMENT_EXECUTE|[1]
12:37:58.0 (2372943)|STATEMENT_EXECUTE|[1]
12:37:58.0 (2377344)|METHOD_EXIT|[1]|ExpenseController
12:37:58.0 (2394422)|HEAP_ALLOCATE|[EXTERNAL]|Bytes:24
12:37:58.0 (2400994)|VARIABLE_SCOPE_BEGIN|[8]|this|ExpenseController|true|false
12:37:58.0 (2463492)|VARIABLE_ASSIGNMENT|[8]|this|{}|0x34c7a2e3
12:37:58.0 (2469807)|STATEMENT_EXECUTE|[1]
12:37:58.0 (2471221)|STATEMENT_EXECUTE|[3]
12:37:58.0 (2485286)|VARIABLE_ASSIGNMENT|[3]|this.queryString|""|0x34c7a2e3
12:37:58.0 (2487107)|STATEMENT_EXECUTE|[4]
12:37:58.0 (2488008)|STATEMENT_EXECUTE|[5]
12:37:58.0 (2492504)|HEAP_ALLOCATE|[5]|Bytes:4
12:37:58.0 (2498769)|VARIABLE_ASSIGNMENT|[5]|this.OffsetSize|0|0x34c7a2e3
12:37:58.0 (2500367)|STATEMENT_EXECUTE|[6]
12:37:58.0 (2502288)|HEAP_ALLOCATE|[6]|Bytes:4
12:37:58.0 (2505398)|VARIABLE_ASSIGNMENT|[6]|this.QueryLimit|3|0x34c7a2e3
12:37:58.0 (2506638)|STATEMENT_EXECUTE|[14]
12:37:58.0 (2513790)|HEAP_ALLOCATE|[6]|Bytes:6
12:37:58.0 (2551210)|STATEMENT_EXECUTE|[8]
12:37:58.0 (2552538)|STATEMENT_EXECUTE|[10]
12:37:58.0 (2555047)|HEAP_ALLOCATE|[10]|Bytes:30
12:37:58.0 (2566326)|HEAP_ALLOCATE|[10]|Bytes:4
12:37:58.0 (2583190)|HEAP_ALLOCATE|[50]|Bytes:5
12:37:58.0 (2594673)|HEAP_ALLOCATE|[56]|Bytes:5
12:37:58.0 (2599868)|HEAP_ALLOCATE|[64]|Bytes:7
12:37:58.0 (2769557)|SOQL_EXECUTE_BEGIN|[10]|Aggregations:0|SELECT COUNT() FROM Expense__c
12:37:58.0 (4503687)|SOQL_EXECUTE_END|[10]|Rows:7
12:37:58.0 (4515452)|HEAP_ALLOCATE|[10]|Bytes:4
12:37:58.0 (4568406)|VARIABLE_ASSIGNMENT|[EXTERNAL]|this|{"OffsetSize":0,"QueryLimit":3,"queryString":""}|0x34c7a2e3
12:37:58.0 (4579714)|VARIABLE_ASSIGNMENT|[EXTERNAL]|value|7
12:37:58.0 (4583859)|HEAP_ALLOCATE|[4]|Bytes:4
12:37:58.0 (4590154)|VARIABLE_ASSIGNMENT|[4]|this.CountTotalRecords|7|0x34c7a2e3
12:37:58.0 (4661684)|SYSTEM_MODE_ENTER|true
12:37:58.0 (4693333)|HEAP_ALLOCATE|[EXTERNAL]|Bytes:96
12:37:58.0 (4698047)|HEAP_ALLOCATE|[EXTERNAL]|Bytes:6
12:37:58.0 (4704312)|METHOD_ENTRY|[1]|01p46000002ySm2|SaveAsPdfExtension.SaveAsPdfExtension()
12:37:58.0 (4706407)|STATEMENT_EXECUTE|[1]
12:37:58.0 (4709336)|STATEMENT_EXECUTE|[1]
12:37:58.0 (4712960)|METHOD_EXIT|[1]|SaveAsPdfExtension
12:37:58.0 (4721794)|HEAP_ALLOCATE|[EXTERNAL]|Bytes:8
12:37:58.0 (4724530)|HEAP_ALLOCATE|[EXTERNAL]|Bytes:24
12:37:58.0 (4727752)|VARIABLE_SCOPE_BEGIN|[4]|this|SaveAsPdfExtension|true|false
12:37:58.0 (4741009)|VARIABLE_ASSIGNMENT|[4]|this|{}|0x3be76ced
12:37:58.0 (4744031)|VARIABLE_SCOPE_BEGIN|[4]|controller|ExpenseController|true|false
12:37:58.0 (4760554)|VARIABLE_ASSIGNMENT|[4]|controller|{"CountTotalRecords":7,"OffsetSize":0,"QueryLimit":3,"queryString":""}|0x34c7a2e3
12:37:58.0 (4765681)|STATEMENT_EXECUTE|[1]
12:37:58.0 (4766790)|STATEMENT_EXECUTE|[7]
12:37:58.0 (4782590)|STATEMENT_EXECUTE|[4]
12:37:58.0 (4816119)|SYSTEM_MODE_ENTER|true
12:37:58.0 (5322781)|SYSTEM_MODE_ENTER|true
12:37:58.0 (5356902)|HEAP_ALLOCATE|[EXTERNAL]|Bytes:24
12:37:58.0 (5363976)|VARIABLE_SCOPE_BEGIN|[17]|this|ExpenseController|true|false
12:37:58.0 (5387323)|VARIABLE_ASSIGNMENT|[17]|this|{"CountTotalRecords":7,"OffsetSize":0,"QueryLimit":3,"queryString":""}|0x34c7a2e3
12:37:58.0 (5408517)|STATEMENT_EXECUTE|[17]
12:37:58.0 (5410169)|STATEMENT_EXECUTE|[19]
12:37:58.0 (5414024)|HEAP_ALLOCATE|[19]|Bytes:161
12:37:58.0 (5420713)|HEAP_ALLOCATE|[22]|Bytes:33
12:37:58.0 (5473231)|HEAP_ALLOCATE|[22]|Bytes:1
12:37:58.0 (5483133)|HEAP_ALLOCATE|[22]|Bytes:8
12:37:58.0 (5491451)|HEAP_ALLOCATE|[22]|Bytes:1
12:37:58.0 (5503534)|HEAP_ALLOCATE|[19]|Bytes:204
12:37:58.0 (5909898)|SOQL_EXECUTE_BEGIN|[19]|Aggregations:0|SELECT Category__c, RecordType.Name, Amount__c, Tax__c, Client_Company__c, Submitted__c, Employee__r.Id, Employee__r.Name, Employee__r.Birthdate FROM Expense__c  ORDER BY Employee__r.Name LIMIT 3 OFFSET 0
12:37:58.0 (14273089)|SOQL_EXECUTE_END|[19]|Rows:3
12:37:58.0 (14289766)|HEAP_ALLOCATE|[19]|Bytes:16
12:37:58.0 (14324900)|HEAP_ALLOCATE|[19]|Bytes:895
12:37:58.0 (14386256)|HEAP_ALLOCATE|[19]|Bytes:16
12:37:58.0 (14402536)|VARIABLE_SCOPE_BEGIN|[19]|results|List<Expense__c>|true|false
12:37:58.0 (14466951)|VARIABLE_ASSIGNMENT|[19]|results|[{"Category__c":"Transportation","RecordTypeId":"012460000005G1FAAU","Amount__c":3500,"Tax__c":455.00,"Submitted__c":true,"Employee__c":"00346000002ojVWAAY","Id":"a0F46000000FBblEAG","RecordType":{"Name":"Business Trips","Id":"012460000005G1FAAU"},"Employee__r":{"Id":"00346000002ojVWAAY","Name":"Carol Ruiz","Birthdate":"2017-10-09T00:00:00.000Z"}},{"RecordTypeId":"012460000005G1FAAU","Amount__c":3000,"Tax__c":390.00,"Submitted__c":true,"Employee__c":"00346000002ojVWAAY","Id":"a0F46000000Fp6rEAC","RecordType":{"Name":"Business Trips","Id":"012460000005G1FAAU"},"Employee__r":{"Id":"00346000002ojVWAAY","Name":"Carol Ruiz","Birthdate":"2017-10-09T00:00:00.000Z"}},{"Category__c":"Event Registration","RecordTypeId":"012460000005G1FAAU","Amount__c":3499,"Tax__c":454.87,"Submitted__c":true,"Employee__c":"00346000002ojVWAAY","Id":"a0F46000000Fp76EAC","RecordType":{"Name":"Business Trips","Id":"012460000005G1FAAU"},"Employee__r":{"Id":"00346000002ojVWAAY","Name":"Carol Ruiz","Birthdate":"2017-10-09T00:00:00.000Z"}}]|0x3f3ea4d9
12:37:58.0 (14476386)|STATEMENT_EXECUTE|[25]
12:37:58.0 (14482292)|HEAP_ALLOCATE|[25]|Bytes:4
12:37:58.0 (14583100)|VARIABLE_ASSIGNMENT|[EXTERNAL]|this|{"CountTotalRecords":7,"OffsetSize":0,"QueryLimit":3,"queryString":""}|0x34c7a2e3
12:37:58.0 (14602461)|HEAP_ALLOCATE|[EXTERNAL]|Bytes:4
12:37:58.0 (14608704)|VARIABLE_ASSIGNMENT|[EXTERNAL]|value|[]|0x690c3a99
12:37:58.0 (14617682)|VARIABLE_ASSIGNMENT|[14]|this.wrappedExpenses|[]|0x34c7a2e3
12:37:58.0 (14807783)|HEAP_ALLOCATE|[26]|Bytes:5
12:37:58.0 (14842649)|HEAP_ALLOCATE|[26]|Bytes:40
12:37:58.0 (14851727)|VARIABLE_SCOPE_BEGIN|[26]|ex|Expense__c|true|false
12:37:58.0 (14875561)|VARIABLE_ASSIGNMENT|[26]|ex|{"Category__c":"Transportation","RecordTypeId":"012460000005G1FAAU","Amount__c":3500,"Tax__c":455.00,"Submitted__c":true,"Employee__c":"00346000002ojVWAAY","Id":"a0F46000000FBblEAG","RecordType":{"Name":"Business Trips","Id":"012460000005G1FAAU"},"Employee__r":{"Id":"00346000002ojVWAAY","Name":"Carol Ruiz","Birthdate":"2017-10-09T00:00:00.000Z"}}|0x3dea3519
12:37:58.0 (14880510)|STATEMENT_EXECUTE|[26]
12:37:58.0 (14881988)|STATEMENT_EXECUTE|[28]
12:37:58.0 (14925252)|VARIABLE_ASSIGNMENT|[EXTERNAL]|this|{"CountTotalRecords":7,"OffsetSize":0,"QueryLimit":3,"queryString":"","wrappedExpenses":"0x690c3a99"}|0x34c7a2e3
12:37:58.0 (14944507)|HEAP_ALLOCATE|[28]|Bytes:112
12:37:58.0 (14948980)|HEAP_ALLOCATE|[28]|Bytes:5
12:37:58.0 (14960042)|METHOD_ENTRY|[1]|01p46000003buu6|ExpenseWrapper.ExpenseWrapper()
12:37:58.0 (14962195)|STATEMENT_EXECUTE|[1]
12:37:58.0 (14964861)|STATEMENT_EXECUTE|[1]
12:37:58.0 (14968549)|METHOD_EXIT|[1]|ExpenseWrapper
12:37:58.0 (14979586)|HEAP_ALLOCATE|[28]|Bytes:12
12:37:58.0 (14993917)|CONSTRUCTOR_ENTRY|[28]|01p46000003buu6|<init>(Expense__c,Boolean)
12:37:58.0 (15004025)|VARIABLE_SCOPE_BEGIN|[6]|this|ExpenseWrapper|true|false
12:37:58.0 (15016865)|VARIABLE_ASSIGNMENT|[6]|this|{}|0x7cc57cab
12:37:58.0 (15019778)|VARIABLE_SCOPE_BEGIN|[6]|ex|Expense__c|true|false
12:37:58.0 (15038860)|VARIABLE_ASSIGNMENT|[6]|ex|{"Category__c":"Transportation","RecordTypeId":"012460000005G1FAAU","Amount__c":3500,"Tax__c":455.00,"Submitted__c":true,"Employee__c":"00346000002ojVWAAY","Id":"a0F46000000FBblEAG","RecordType":{"Name":"Business Trips","Id":"012460000005G1FAAU"},"Employee__r":{"Id":"00346000002ojVWAAY","Name":"Carol Ruiz","Birthdate":"2017-10-09T00:00:00.000Z"}}|0x3dea3519
12:37:58.0 (15045814)|VARIABLE_SCOPE_BEGIN|[6]|check|Boolean|false|false
12:37:58.0 (15049644)|VARIABLE_ASSIGNMENT|[6]|check|false
12:37:58.0 (15052637)|STATEMENT_EXECUTE|[1]
12:37:58.0 (15053961)|STATEMENT_EXECUTE|[3]
12:37:58.0 (15055089)|STATEMENT_EXECUTE|[4]
12:37:58.0 (15066498)|STATEMENT_EXECUTE|[6]
12:37:58.0 (15067685)|STATEMENT_EXECUTE|[8]
12:37:58.0 (15118941)|VARIABLE_ASSIGNMENT|[EXTERNAL]|this|{}|0x7cc57cab
12:37:58.0 (15137280)|VARIABLE_ASSIGNMENT|[EXTERNAL]|value|{"Category__c":"Transportation","RecordTypeId":"012460000005G1FAAU","Amount__c":3500,"Tax__c":455.00,"Submitted__c":true,"Employee__c":"00346000002ojVWAAY","Id":"a0F46000000FBblEAG","RecordType":{"Name":"Business Trips","Id":"012460000005G1FAAU"},"Employee__r":{"Id":"00346000002ojVWAAY","Name":"Carol Ruiz","Birthdate":"2017-10-09T00:00:00.000Z"}}|0x3dea3519
12:37:58.0 (15154860)|VARIABLE_ASSIGNMENT|[3]|this.expense|{"Category__c":"Transportation","RecordTypeId":"012460000005G1FAAU","Amount__c":3500,"Tax__c":455.00,"Submitted__c":true,"Employee__c":"00346000002ojVWAAY","Id":"a0F46000000FBblEAG","RecordType":{"Name":"Business Trips","Id":"012460000005G1FAAU"},"Employee__r":{"Id":"00346000002ojVWAAY","Name":"Carol Ruiz","Birthdate":"2017-10-09T00:00:00.000Z"}}|0x7cc57cab
12:37:58.0 (15162287)|STATEMENT_EXECUTE|[9]
12:37:58.0 (15193348)|VARIABLE_ASSIGNMENT|[EXTERNAL]|this|{"expense":"0x3dea3519"}|0x7cc57cab
12:37:58.0 (15200292)|VARIABLE_ASSIGNMENT|[EXTERNAL]|value|false
12:37:58.0 (15204711)|HEAP_ALLOCATE|[4]|Bytes:5
12:37:58.0 (15209180)|VARIABLE_ASSIGNMENT|[4]|this.checked|false|0x7cc57cab
12:37:58.0 (15218029)|CONSTRUCTOR_EXIT|[28]|01p46000003buu6|<init>(Expense__c,Boolean)
12:37:58.0 (15231435)|HEAP_ALLOCATE|[EXTERNAL]|Bytes:4
12:37:58.0 (15241342)|HEAP_ALLOCATE|[26]|Bytes:5
12:37:58.0 (15263549)|HEAP_ALLOCATE|[26]|Bytes:36
12:37:58.0 (15269220)|VARIABLE_SCOPE_BEGIN|[26]|ex|Expense__c|true|false
12:37:58.0 (15287239)|VARIABLE_ASSIGNMENT|[26]|ex|{"RecordTypeId":"012460000005G1FAAU","Amount__c":3000,"Tax__c":390.00,"Submitted__c":true,"Employee__c":"00346000002ojVWAAY","Id":"a0F46000000Fp6rEAC","RecordType":{"Name":"Business Trips","Id":"012460000005G1FAAU"},"Employee__r":{"Id":"00346000002ojVWAAY","Name":"Carol Ruiz","Birthdate":"2017-10-09T00:00:00.000Z"}}|0x7dcb0311
12:37:58.0 (15291523)|STATEMENT_EXECUTE|[26]
12:37:58.0 (15292719)|STATEMENT_EXECUTE|[28]
12:37:58.0 (15315888)|VARIABLE_ASSIGNMENT|[EXTERNAL]|this|{"CountTotalRecords":7,"OffsetSize":0,"QueryLimit":3,"queryString":"","wrappedExpenses":"0x690c3a99"}|0x34c7a2e3
12:37:58.0 (15324202)|HEAP_ALLOCATE|[28]|Bytes:12
12:37:58.0 (15331630)|CONSTRUCTOR_ENTRY|[28]|01p46000003buu6|<init>(Expense__c,Boolean)
12:37:58.0 (15334404)|VARIABLE_SCOPE_BEGIN|[6]|this|ExpenseWrapper|true|false
12:37:58.0 (15342604)|VARIABLE_ASSIGNMENT|[6]|this|{}|0x241b333c
12:37:58.0 (15344386)|VARIABLE_SCOPE_BEGIN|[6]|ex|Expense__c|true|false
12:37:58.0 (15358234)|VARIABLE_ASSIGNMENT|[6]|ex|{"RecordTypeId":"012460000005G1FAAU","Amount__c":3000,"Tax__c":390.00,"Submitted__c":true,"Employee__c":"00346000002ojVWAAY","Id":"a0F46000000Fp6rEAC","RecordType":{"Name":"Business Trips","Id":"012460000005G1FAAU"},"Employee__r":{"Id":"00346000002ojVWAAY","Name":"Carol Ruiz","Birthdate":"2017-10-09T00:00:00.000Z"}}|0x7dcb0311
12:37:58.0 (15362900)|VARIABLE_SCOPE_BEGIN|[6]|check|Boolean|false|false
12:37:58.0 (15366129)|VARIABLE_ASSIGNMENT|[6]|check|false
12:37:58.0 (15368301)|STATEMENT_EXECUTE|[1]
12:37:58.0 (15369288)|STATEMENT_EXECUTE|[3]
12:37:58.0 (15370531)|STATEMENT_EXECUTE|[4]
12:37:58.0 (15378815)|STATEMENT_EXECUTE|[6]
12:37:58.0 (15379899)|STATEMENT_EXECUTE|[8]
12:37:58.0 (15389847)|VARIABLE_ASSIGNMENT|[EXTERNAL]|this|{}|0x241b333c
12:37:58.0 (15403195)|VARIABLE_ASSIGNMENT|[EXTERNAL]|value|{"RecordTypeId":"012460000005G1FAAU","Amount__c":3000,"Tax__c":390.00,"Submitted__c":true,"Employee__c":"00346000002ojVWAAY","Id":"a0F46000000Fp6rEAC","RecordType":{"Name":"Business Trips","Id":"012460000005G1FAAU"},"Employee__r":{"Id":"00346000002ojVWAAY","Name":"Carol Ruiz","Birthdate":"2017-10-09T00:00:00.000Z"}}|0x7dcb0311
12:37:58.0 (15417500)|VARIABLE_ASSIGNMENT|[3]|this.expense|{"RecordTypeId":"012460000005G1FAAU","Amount__c":3000,"Tax__c":390.00,"Submitted__c":true,"Employee__c":"00346000002ojVWAAY","Id":"a0F46000000Fp6rEAC","RecordType":{"Name":"Business Trips","Id":"012460000005G1FAAU"},"Employee__r":{"Id":"00346000002ojVWAAY","Name":"Carol Ruiz","Birthdate":"2017-10-09T00:00:00.000Z"}}|0x241b333c
12:37:58.0 (15423187)|STATEMENT_EXECUTE|[9]
12:37:58.0 (15433197)|VARIABLE_ASSIGNMENT|[EXTERNAL]|this|{"expense":"0x7dcb0311"}|0x241b333c
12:37:58.0 (15437692)|VARIABLE_ASSIGNMENT|[EXTERNAL]|value|false
12:37:58.0 (15440855)|HEAP_ALLOCATE|[4]|Bytes:5
12:37:58.0 (15444797)|VARIABLE_ASSIGNMENT|[4]|this.checked|false|0x241b333c
12:37:58.0 (15451989)|CONSTRUCTOR_EXIT|[28]|01p46000003buu6|<init>(Expense__c,Boolean)
12:37:58.0 (15458248)|HEAP_ALLOCATE|[EXTERNAL]|Bytes:4
12:37:58.0 (15466185)|HEAP_ALLOCATE|[26]|Bytes:5
12:37:58.0 (15483963)|HEAP_ALLOCATE|[26]|Bytes:40
12:37:58.0 (15488973)|VARIABLE_SCOPE_BEGIN|[26]|ex|Expense__c|true|false
12:37:58.0 (15505874)|VARIABLE_ASSIGNMENT|[26]|ex|{"Category__c":"Event Registration","RecordTypeId":"012460000005G1FAAU","Amount__c":3499,"Tax__c":454.87,"Submitted__c":true,"Employee__c":"00346000002ojVWAAY","Id":"a0F46000000Fp76EAC","RecordType":{"Name":"Business Trips","Id":"012460000005G1FAAU"},"Employee__r":{"Id":"00346000002ojVWAAY","Name":"Carol Ruiz","Birthdate":"2017-10-09T00:00:00.000Z"}}|0x5fc489b5
12:37:58.0 (15510014)|STATEMENT_EXECUTE|[26]
12:37:58.0 (15511153)|STATEMENT_EXECUTE|[28]
12:37:58.0 (15531743)|VARIABLE_ASSIGNMENT|[EXTERNAL]|this|{"CountTotalRecords":7,"OffsetSize":0,"QueryLimit":3,"queryString":"","wrappedExpenses":"0x690c3a99"}|0x34c7a2e3
12:37:58.0 (15539327)|HEAP_ALLOCATE|[28]|Bytes:12
12:37:58.0 (15546294)|CONSTRUCTOR_ENTRY|[28]|01p46000003buu6|<init>(Expense__c,Boolean)
12:37:58.0 (15548774)|VARIABLE_SCOPE_BEGIN|[6]|this|ExpenseWrapper|true|false
12:37:58.0 (15556090)|VARIABLE_ASSIGNMENT|[6]|this|{}|0x429b1972
12:37:58.0 (15557902)|VARIABLE_SCOPE_BEGIN|[6]|ex|Expense__c|true|false
12:37:58.0 (15571643)|VARIABLE_ASSIGNMENT|[6]|ex|{"Category__c":"Event Registration","RecordTypeId":"012460000005G1FAAU","Amount__c":3499,"Tax__c":454.87,"Submitted__c":true,"Employee__c":"00346000002ojVWAAY","Id":"a0F46000000Fp76EAC","RecordType":{"Name":"Business Trips","Id":"012460000005G1FAAU"},"Employee__r":{"Id":"00346000002ojVWAAY","Name":"Carol Ruiz","Birthdate":"2017-10-09T00:00:00.000Z"}}|0x5fc489b5
12:37:58.0 (15576367)|VARIABLE_SCOPE_BEGIN|[6]|check|Boolean|false|false
12:37:58.0 (15579151)|VARIABLE_ASSIGNMENT|[6]|check|false
12:37:58.0 (15581259)|STATEMENT_EXECUTE|[1]
12:37:58.0 (15582266)|STATEMENT_EXECUTE|[3]
12:37:58.0 (15583308)|STATEMENT_EXECUTE|[4]
12:37:58.0 (15591003)|STATEMENT_EXECUTE|[6]
12:37:58.0 (15592039)|STATEMENT_EXECUTE|[8]
12:37:58.0 (15601732)|VARIABLE_ASSIGNMENT|[EXTERNAL]|this|{}|0x429b1972
12:37:58.0 (15614806)|VARIABLE_ASSIGNMENT|[EXTERNAL]|value|{"Category__c":"Event Registration","RecordTypeId":"012460000005G1FAAU","Amount__c":3499,"Tax__c":454.87,"Submitted__c":true,"Employee__c":"00346000002ojVWAAY","Id":"a0F46000000Fp76EAC","RecordType":{"Name":"Business Trips","Id":"012460000005G1FAAU"},"Employee__r":{"Id":"00346000002ojVWAAY","Name":"Carol Ruiz","Birthdate":"2017-10-09T00:00:00.000Z"}}|0x5fc489b5
12:37:58.0 (15629512)|VARIABLE_ASSIGNMENT|[3]|this.expense|{"Category__c":"Event Registration","RecordTypeId":"012460000005G1FAAU","Amount__c":3499,"Tax__c":454.87,"Submitted__c":true,"Employee__c":"00346000002ojVWAAY","Id":"a0F46000000Fp76EAC","RecordType":{"Name":"Business Trips","Id":"012460000005G1FAAU"},"Employee__r":{"Id":"00346000002ojVWAAY","Name":"Carol Ruiz","Birthdate":"2017-10-09T00:00:00.000Z"}}|0x429b1972
12:37:58.0 (15635082)|STATEMENT_EXECUTE|[9]
12:37:58.0 (15644572)|VARIABLE_ASSIGNMENT|[EXTERNAL]|this|{"expense":"0x5fc489b5"}|0x429b1972
12:37:58.0 (15648967)|VARIABLE_ASSIGNMENT|[EXTERNAL]|value|false
12:37:58.0 (15652209)|HEAP_ALLOCATE|[4]|Bytes:5
12:37:58.0 (15655574)|VARIABLE_ASSIGNMENT|[4]|this.checked|false|0x429b1972
12:37:58.0 (15662205)|CONSTRUCTOR_EXIT|[28]|01p46000003buu6|<init>(Expense__c,Boolean)
12:37:58.0 (15667830)|HEAP_ALLOCATE|[EXTERNAL]|Bytes:4
12:37:58.0 (15675320)|HEAP_ALLOCATE|[26]|Bytes:5
12:37:58.0 (15683991)|VARIABLE_ASSIGNMENT|[26]|ex|null|
12:37:58.0 (15687120)|STATEMENT_EXECUTE|[32]
12:37:58.0 (15714507)|VARIABLE_ASSIGNMENT|[EXTERNAL]|this|{"CountTotalRecords":7,"OffsetSize":0,"QueryLimit":3,"queryString":"","wrappedExpenses":"0x690c3a99"}|0x34c7a2e3
12:37:58.0 (23120392)|SYSTEM_MODE_ENTER|true
12:37:58.0 (23155679)|HEAP_ALLOCATE|[EXTERNAL]|Bytes:24
12:37:58.0 (23163603)|VARIABLE_SCOPE_BEGIN|[107]|this|ExpenseController|true|false
12:37:58.0 (23192342)|VARIABLE_ASSIGNMENT|[107]|this|{"CountTotalRecords":7,"OffsetSize":0,"QueryLimit":3,"queryString":"","wrappedExpenses":"0x690c3a99"}|0x34c7a2e3
12:37:58.0 (23201219)|STATEMENT_EXECUTE|[107]
12:37:58.0 (23208334)|STATEMENT_EXECUTE|[111]
12:37:58.0 (23214297)|HEAP_ALLOCATE|[111]|Bytes:5
12:37:58.0 (23425685)|SYSTEM_MODE_ENTER|true
12:37:58.0 (23451635)|HEAP_ALLOCATE|[EXTERNAL]|Bytes:24
12:37:58.0 (23457923)|VARIABLE_SCOPE_BEGIN|[114]|this|ExpenseController|true|false
12:37:58.0 (23480868)|VARIABLE_ASSIGNMENT|[114]|this|{"CountTotalRecords":7,"OffsetSize":0,"QueryLimit":3,"queryString":"","wrappedExpenses":"0x690c3a99"}|0x34c7a2e3
12:37:58.0 (23487431)|STATEMENT_EXECUTE|[114]
12:37:58.0 (23527789)|VARIABLE_ASSIGNMENT|[EXTERNAL]|this|{"CountTotalRecords":7,"OffsetSize":0,"QueryLimit":3,"queryString":"","wrappedExpenses":"0x690c3a99"}|0x34c7a2e3
12:37:58.0 (23538606)|STATEMENT_EXECUTE|[115]
12:37:58.0 (23544859)|STATEMENT_EXECUTE|[116]
12:37:58.0 (23550468)|HEAP_ALLOCATE|[116]|Bytes:5
12:37:58.0 (31366257)|VF_SERIALIZE_VIEWSTATE_BEGIN|06646000001BW08
12:37:58.0 (48065356)|VF_SERIALIZE_VIEWSTATE_END
12:37:58.0 (60712569)|CODE_UNIT_STARTED|[EXTERNAL]|Generate Metadata
12:37:58.0 (62114439)|CODE_UNIT_FINISHED|Generate Metadata
12:37:58.64 (64327220)|CUMULATIVE_LIMIT_USAGE
12:37:58.64 (64327220)|LIMIT_USAGE_FOR_NS|(default)|
  Number of SOQL queries: 2 out of 100
  Number of query rows: 10 out of 50000
  Number of SOSL queries: 0 out of 20
  Number of DML statements: 0 out of 150
  Number of DML rows: 0 out of 10000
  Maximum CPU time: 0 out of 10000
  Maximum heap size: 0 out of 6000000
  Number of callouts: 0 out of 100
  Number of Email Invocations: 0 out of 10
  Number of future calls: 0 out of 50
  Number of queueable jobs added to the queue: 0 out of 50
  Number of Mobile Apex push calls: 0 out of 10

12:37:58.64 (64327220)|CUMULATIVE_LIMIT_USAGE_END

12:37:58.0 (64369410)|CODE_UNIT_FINISHED|VF: /apex/ListOfEmployees
12:37:58.0 (65155010)|EXECUTION_FINISHED
