39.0 APEX_CODE,FINEST;APEX_PROFILING,INFO;CALLOUT,INFO;DB,INFO;SYSTEM,DEBUG;VALIDATION,INFO;VISUALFORCE,INFO;WAVE,INFO;WORKFLOW,INFO
17:55:30.0 (730950)|USER_INFO|[EXTERNAL]|00546000000Iihs|pacosta@altimetrik.com|Argentine Time|GMT-03:00
17:55:30.0 (762111)|EXECUTION_STARTED
17:55:30.0 (766629)|CODE_UNIT_STARTED|[EXTERNAL]|01p46000002uY2r|TemperatureConverterTest.testBoilingPoint
17:55:30.0 (1153085)|HEAP_ALLOCATE|[72]|Bytes:3
17:55:30.0 (1184480)|HEAP_ALLOCATE|[77]|Bytes:152
17:55:30.0 (1200104)|HEAP_ALLOCATE|[342]|Bytes:408
17:55:30.0 (1219268)|HEAP_ALLOCATE|[355]|Bytes:408
17:55:30.0 (1237067)|HEAP_ALLOCATE|[467]|Bytes:48
17:55:30.0 (1262318)|HEAP_ALLOCATE|[139]|Bytes:6
17:55:30.0 (1274491)|HEAP_ALLOCATE|[EXTERNAL]|Bytes:21
17:55:30.0 (1283419)|METHOD_ENTRY|[2]|01p46000002uY2r|TemperatureConverterTest.TemperatureConverterTest()
17:55:30.0 (1287808)|STATEMENT_EXECUTE|[2]
17:55:30.0 (1291778)|STATEMENT_EXECUTE|[2]
17:55:30.0 (1295274)|METHOD_EXIT|[2]|TemperatureConverterTest
17:55:30.0 (1324607)|HEAP_ALLOCATE|[50]|Bytes:5
17:55:30.0 (1343279)|HEAP_ALLOCATE|[56]|Bytes:5
17:55:30.0 (1348587)|HEAP_ALLOCATE|[64]|Bytes:7
17:55:30.0 (1389506)|STATEMENT_EXECUTE|[14]
17:55:30.0 (1391274)|STATEMENT_EXECUTE|[15]
17:55:30.0 (1415488)|HEAP_ALLOCATE|[15]|Bytes:28
17:55:30.0 (4505009)|HEAP_ALLOCATE|[15]|Bytes:1
17:55:30.0 (4525592)|METHOD_ENTRY|[1]|01p46000002uXqO|TemperatureConverter.TemperatureConverter()
17:55:30.0 (4529398)|STATEMENT_EXECUTE|[1]
17:55:30.0 (4534103)|STATEMENT_EXECUTE|[1]
17:55:30.0 (4537996)|METHOD_EXIT|[1]|TemperatureConverter
17:55:30.0 (4559993)|METHOD_ENTRY|[15]|01p46000002uXqO|TemperatureConverter.FahrenheitToCelsius(Decimal)
17:55:30.0 (4581535)|VARIABLE_SCOPE_BEGIN|[4]|fh|Decimal|false|false
17:55:30.0 (4598395)|VARIABLE_ASSIGNMENT|[4]|fh|212
17:55:30.0 (4607955)|STATEMENT_EXECUTE|[4]
17:55:30.0 (4609308)|STATEMENT_EXECUTE|[5]
17:55:30.0 (4618849)|HEAP_ALLOCATE|[5]|Bytes:28
17:55:30.0 (4680870)|HEAP_ALLOCATE|[5]|Bytes:28
17:55:30.0 (4705389)|HEAP_ALLOCATE|[5]|Bytes:28
17:55:30.0 (4707232)|HEAP_ALLOCATE|[5]|Bytes:28
17:55:30.0 (4724094)|HEAP_ALLOCATE|[5]|Bytes:28
17:55:30.0 (4732969)|HEAP_ALLOCATE|[5]|Bytes:28
17:55:30.0 (4734391)|HEAP_ALLOCATE|[5]|Bytes:28
17:55:30.0 (4782251)|HEAP_ALLOCATE|[5]|Bytes:28
17:55:30.0 (4784162)|HEAP_ALLOCATE|[5]|Bytes:28
17:55:30.0 (4792018)|VARIABLE_SCOPE_BEGIN|[5]|cs|Decimal|false|false
17:55:30.0 (4800397)|VARIABLE_ASSIGNMENT|[5]|cs|100
17:55:30.0 (4803586)|STATEMENT_EXECUTE|[6]
17:55:30.0 (4828052)|HEAP_ALLOCATE|[6]|Bytes:28
17:55:30.0 (4838205)|METHOD_EXIT|[15]|01p46000002uXqO|TemperatureConverter.FahrenheitToCelsius(Decimal)
17:55:30.0 (4841205)|VARIABLE_SCOPE_BEGIN|[15]|celsius|Decimal|false|false
17:55:30.0 (4846645)|VARIABLE_ASSIGNMENT|[15]|celsius|100.00
17:55:30.0 (4849325)|STATEMENT_EXECUTE|[16]
17:55:30.0 (4853515)|HEAP_ALLOCATE|[16]|Bytes:42
17:55:30.0 (4942510)|EXCEPTION_THROWN|[16]|System.AssertException: Assertion Failed: Boiling point temperature is not expected.: Expected: 0, Actual: 100.00
17:55:30.0 (5012698)|HEAP_ALLOCATE|[16]|Bytes:93
17:55:30.0 (5053666)|FATAL_ERROR|System.AssertException: Assertion Failed: Boiling point temperature is not expected.: Expected: 0, Actual: 100.00

Class.TemperatureConverterTest.testBoilingPoint: line 16, column 1
17:55:30.0 (5060466)|FATAL_ERROR|System.AssertException: Assertion Failed: Boiling point temperature is not expected.: Expected: 0, Actual: 100.00

Class.TemperatureConverterTest.testBoilingPoint: line 16, column 1
17:55:30.5 (5076103)|CUMULATIVE_LIMIT_USAGE
17:55:30.5 (5076103)|LIMIT_USAGE_FOR_NS|(default)|
  Number of SOQL queries: 0 out of 100
  Number of query rows: 0 out of 50000
  Number of SOSL queries: 0 out of 20
  Number of DML statements: 0 out of 150
  Number of DML rows: 0 out of 10000
  Maximum CPU time: 0 out of 10000
  Maximum heap size: 0 out of 6000000
  Number of callouts: 0 out of 100
  Number of Email Invocations: 0 out of 10
  Number of future calls: 0 out of 50
  Number of queueable jobs added to the queue: 0 out of 50
  Number of Mobile Apex push calls: 0 out of 10

17:55:30.5 (5076103)|CUMULATIVE_LIMIT_USAGE_END

17:55:30.0 (5106777)|CODE_UNIT_FINISHED|TemperatureConverterTest.testBoilingPoint
17:55:30.0 (5901204)|EXECUTION_FINISHED
17:55:30.29 (29543616)|USER_INFO|[EXTERNAL]|00546000000Iihs|pacosta@altimetrik.com|Argentine Time|GMT-03:00
17:55:30.29 (29553032)|EXECUTION_STARTED
17:55:30.29 (29556500)|CODE_UNIT_STARTED|[EXTERNAL]|01p46000002uY2r|TemperatureConverterTest.testFreezingPoint
17:55:30.29 (29658873)|HEAP_ALLOCATE|[72]|Bytes:3
17:55:30.29 (29682876)|HEAP_ALLOCATE|[77]|Bytes:152
17:55:30.29 (29698844)|HEAP_ALLOCATE|[342]|Bytes:408
17:55:30.29 (29717279)|HEAP_ALLOCATE|[355]|Bytes:408
17:55:30.29 (29734810)|HEAP_ALLOCATE|[467]|Bytes:48
17:55:30.29 (29756547)|HEAP_ALLOCATE|[139]|Bytes:6
17:55:30.29 (29768968)|HEAP_ALLOCATE|[EXTERNAL]|Bytes:21
17:55:30.29 (29776215)|METHOD_ENTRY|[2]|01p46000002uY2r|TemperatureConverterTest.TemperatureConverterTest()
17:55:30.29 (29779582)|STATEMENT_EXECUTE|[2]
17:55:30.29 (29783467)|STATEMENT_EXECUTE|[2]
17:55:30.29 (29786765)|METHOD_EXIT|[2]|TemperatureConverterTest
17:55:30.29 (29804493)|HEAP_ALLOCATE|[50]|Bytes:5
17:55:30.29 (29820100)|HEAP_ALLOCATE|[56]|Bytes:5
17:55:30.29 (29825457)|HEAP_ALLOCATE|[64]|Bytes:7
17:55:30.29 (29856222)|STATEMENT_EXECUTE|[9]
17:55:30.29 (29858241)|STATEMENT_EXECUTE|[10]
17:55:30.29 (29877047)|HEAP_ALLOCATE|[10]|Bytes:28
17:55:30.29 (29883841)|HEAP_ALLOCATE|[10]|Bytes:1
17:55:30.29 (29888307)|METHOD_ENTRY|[1]|01p46000002uXqO|TemperatureConverter.TemperatureConverter()
17:55:30.29 (29890437)|STATEMENT_EXECUTE|[1]
17:55:30.29 (29892504)|STATEMENT_EXECUTE|[1]
17:55:30.29 (29894748)|METHOD_EXIT|[1]|TemperatureConverter
17:55:30.29 (29900930)|METHOD_ENTRY|[10]|01p46000002uXqO|TemperatureConverter.FahrenheitToCelsius(Decimal)
17:55:30.29 (29915293)|VARIABLE_SCOPE_BEGIN|[4]|fh|Decimal|false|false
17:55:30.29 (29927970)|VARIABLE_ASSIGNMENT|[4]|fh|32
17:55:30.29 (29935576)|STATEMENT_EXECUTE|[4]
17:55:30.29 (29937099)|STATEMENT_EXECUTE|[5]
17:55:30.29 (29942893)|HEAP_ALLOCATE|[5]|Bytes:28
17:55:30.29 (29979550)|HEAP_ALLOCATE|[5]|Bytes:28
17:55:30.29 (29982133)|HEAP_ALLOCATE|[5]|Bytes:28
17:55:30.29 (29993825)|HEAP_ALLOCATE|[5]|Bytes:28
17:55:30.29 (29995263)|HEAP_ALLOCATE|[5]|Bytes:28
17:55:30.29 (30008878)|HEAP_ALLOCATE|[5]|Bytes:28
17:55:30.29 (30011127)|HEAP_ALLOCATE|[5]|Bytes:28
17:55:30.29 (30018469)|HEAP_ALLOCATE|[5]|Bytes:28
17:55:30.29 (30019776)|HEAP_ALLOCATE|[5]|Bytes:28
17:55:30.29 (30034874)|HEAP_ALLOCATE|[5]|Bytes:28
17:55:30.29 (30036352)|HEAP_ALLOCATE|[5]|Bytes:28
17:55:30.29 (30042395)|VARIABLE_SCOPE_BEGIN|[5]|cs|Decimal|false|false
17:55:30.29 (30049347)|VARIABLE_ASSIGNMENT|[5]|cs|0
17:55:30.29 (30052077)|STATEMENT_EXECUTE|[6]
17:55:30.29 (30069533)|HEAP_ALLOCATE|[6]|Bytes:28
17:55:30.29 (30071329)|HEAP_ALLOCATE|[6]|Bytes:28
17:55:30.29 (30079253)|METHOD_EXIT|[10]|01p46000002uXqO|TemperatureConverter.FahrenheitToCelsius(Decimal)
17:55:30.29 (30082133)|VARIABLE_SCOPE_BEGIN|[10]|celsius|Decimal|false|false
17:55:30.29 (30087210)|VARIABLE_ASSIGNMENT|[10]|celsius|0.00
17:55:30.29 (30089549)|STATEMENT_EXECUTE|[11]
17:55:30.30 (30139389)|CUMULATIVE_LIMIT_USAGE
17:55:30.30 (30139389)|LIMIT_USAGE_FOR_NS|(default)|
  Number of SOQL queries: 0 out of 100
  Number of query rows: 0 out of 50000
  Number of SOSL queries: 0 out of 20
  Number of DML statements: 0 out of 150
  Number of DML rows: 0 out of 10000
  Maximum CPU time: 0 out of 10000
  Maximum heap size: 0 out of 6000000
  Number of callouts: 0 out of 100
  Number of Email Invocations: 0 out of 10
  Number of future calls: 0 out of 50
  Number of queueable jobs added to the queue: 0 out of 50
  Number of Mobile Apex push calls: 0 out of 10

17:55:30.30 (30139389)|CUMULATIVE_LIMIT_USAGE_END

17:55:30.29 (30167135)|CODE_UNIT_FINISHED|TemperatureConverterTest.testFreezingPoint
17:55:30.29 (30887648)|EXECUTION_FINISHED
17:55:30.39 (39555089)|USER_INFO|[EXTERNAL]|00546000000Iihs|pacosta@altimetrik.com|Argentine Time|GMT-03:00
17:55:30.39 (39562977)|EXECUTION_STARTED
17:55:30.39 (39566438)|CODE_UNIT_STARTED|[EXTERNAL]|01p46000002uY2r|TemperatureConverterTest.testNegativeTemp
17:55:30.39 (39637668)|HEAP_ALLOCATE|[72]|Bytes:3
17:55:30.39 (39655662)|HEAP_ALLOCATE|[77]|Bytes:152
17:55:30.39 (39667921)|HEAP_ALLOCATE|[342]|Bytes:408
17:55:30.39 (39686170)|HEAP_ALLOCATE|[355]|Bytes:408
17:55:30.39 (39703877)|HEAP_ALLOCATE|[467]|Bytes:48
17:55:30.39 (39723456)|HEAP_ALLOCATE|[139]|Bytes:6
17:55:30.39 (39734516)|HEAP_ALLOCATE|[EXTERNAL]|Bytes:21
17:55:30.39 (39740599)|METHOD_ENTRY|[2]|01p46000002uY2r|TemperatureConverterTest.TemperatureConverterTest()
17:55:30.39 (39743542)|STATEMENT_EXECUTE|[2]
17:55:30.39 (39747071)|STATEMENT_EXECUTE|[2]
17:55:30.39 (39749879)|METHOD_EXIT|[2]|TemperatureConverterTest
17:55:30.39 (39763684)|HEAP_ALLOCATE|[50]|Bytes:5
17:55:30.39 (39776620)|HEAP_ALLOCATE|[56]|Bytes:5
17:55:30.39 (39782387)|HEAP_ALLOCATE|[64]|Bytes:7
17:55:30.39 (39804989)|STATEMENT_EXECUTE|[19]
17:55:30.39 (39807086)|STATEMENT_EXECUTE|[20]
17:55:30.39 (39822409)|HEAP_ALLOCATE|[20]|Bytes:28
17:55:30.39 (39829520)|HEAP_ALLOCATE|[20]|Bytes:1
17:55:30.39 (39833971)|METHOD_ENTRY|[1]|01p46000002uXqO|TemperatureConverter.TemperatureConverter()
17:55:30.39 (39836632)|STATEMENT_EXECUTE|[1]
17:55:30.39 (39838771)|STATEMENT_EXECUTE|[1]
17:55:30.39 (39841154)|METHOD_EXIT|[1]|TemperatureConverter
17:55:30.39 (39847251)|METHOD_ENTRY|[20]|01p46000002uXqO|TemperatureConverter.FahrenheitToCelsius(Decimal)
17:55:30.39 (39859819)|VARIABLE_SCOPE_BEGIN|[4]|fh|Decimal|false|false
17:55:30.39 (39872126)|VARIABLE_ASSIGNMENT|[4]|fh|-10
17:55:30.39 (39879265)|STATEMENT_EXECUTE|[4]
17:55:30.39 (39880649)|STATEMENT_EXECUTE|[5]
17:55:30.39 (39886673)|HEAP_ALLOCATE|[5]|Bytes:28
17:55:30.39 (39912447)|HEAP_ALLOCATE|[5]|Bytes:28
17:55:30.39 (39927363)|HEAP_ALLOCATE|[5]|Bytes:28
17:55:30.39 (39929001)|HEAP_ALLOCATE|[5]|Bytes:28
17:55:30.39 (39941652)|HEAP_ALLOCATE|[5]|Bytes:28
17:55:30.39 (39949517)|HEAP_ALLOCATE|[5]|Bytes:28
17:55:30.39 (39950933)|HEAP_ALLOCATE|[5]|Bytes:28
17:55:30.39 (39981616)|HEAP_ALLOCATE|[5]|Bytes:28
17:55:30.39 (39983645)|HEAP_ALLOCATE|[5]|Bytes:28
17:55:30.39 (39991400)|VARIABLE_SCOPE_BEGIN|[5]|cs|Decimal|false|false
17:55:30.39 (40007392)|VARIABLE_ASSIGNMENT|[5]|cs|-23.3333333333333333333333333333333
17:55:30.39 (40011171)|STATEMENT_EXECUTE|[6]
17:55:30.39 (40030332)|HEAP_ALLOCATE|[6]|Bytes:28
17:55:30.39 (40040002)|METHOD_EXIT|[20]|01p46000002uXqO|TemperatureConverter.FahrenheitToCelsius(Decimal)
17:55:30.39 (40043169)|VARIABLE_SCOPE_BEGIN|[20]|celsius|Decimal|false|false
17:55:30.39 (40048636)|VARIABLE_ASSIGNMENT|[20]|celsius|-23.33
17:55:30.39 (40050976)|STATEMENT_EXECUTE|[21]
17:55:30.39 (40054170)|HEAP_ALLOCATE|[21]|Bytes:5
17:55:30.39 (40062410)|HEAP_ALLOCATE|[21]|Bytes:28
17:55:30.39 (40088001)|HEAP_ALLOCATE|[21]|Bytes:28
17:55:30.40 (40118399)|CUMULATIVE_LIMIT_USAGE
17:55:30.40 (40118399)|LIMIT_USAGE_FOR_NS|(default)|
  Number of SOQL queries: 0 out of 100
  Number of query rows: 0 out of 50000
  Number of SOSL queries: 0 out of 20
  Number of DML statements: 0 out of 150
  Number of DML rows: 0 out of 10000
  Maximum CPU time: 0 out of 10000
  Maximum heap size: 0 out of 6000000
  Number of callouts: 0 out of 100
  Number of Email Invocations: 0 out of 10
  Number of future calls: 0 out of 50
  Number of queueable jobs added to the queue: 0 out of 50
  Number of Mobile Apex push calls: 0 out of 10

17:55:30.40 (40118399)|CUMULATIVE_LIMIT_USAGE_END

17:55:30.39 (40141543)|CODE_UNIT_FINISHED|TemperatureConverterTest.testNegativeTemp
17:55:30.39 (40888258)|EXECUTION_FINISHED
17:55:30.49 (49443130)|USER_INFO|[EXTERNAL]|00546000000Iihs|pacosta@altimetrik.com|Argentine Time|GMT-03:00
17:55:30.49 (49450437)|EXECUTION_STARTED
17:55:30.49 (49453352)|CODE_UNIT_STARTED|[EXTERNAL]|01p46000002uY2r|TemperatureConverterTest.testWarmTemp
17:55:30.49 (49527640)|HEAP_ALLOCATE|[72]|Bytes:3
17:55:30.49 (49545665)|HEAP_ALLOCATE|[77]|Bytes:152
17:55:30.49 (49557866)|HEAP_ALLOCATE|[342]|Bytes:408
17:55:30.49 (49576075)|HEAP_ALLOCATE|[355]|Bytes:408
17:55:30.49 (49593497)|HEAP_ALLOCATE|[467]|Bytes:48
17:55:30.49 (49612703)|HEAP_ALLOCATE|[139]|Bytes:6
17:55:30.49 (49623876)|HEAP_ALLOCATE|[EXTERNAL]|Bytes:21
17:55:30.49 (49630286)|METHOD_ENTRY|[2]|01p46000002uY2r|TemperatureConverterTest.TemperatureConverterTest()
17:55:30.49 (49633982)|STATEMENT_EXECUTE|[2]
17:55:30.49 (49637719)|STATEMENT_EXECUTE|[2]
17:55:30.49 (49640511)|METHOD_EXIT|[2]|TemperatureConverterTest
17:55:30.49 (49654016)|HEAP_ALLOCATE|[50]|Bytes:5
17:55:30.49 (49667991)|HEAP_ALLOCATE|[56]|Bytes:5
17:55:30.49 (49673431)|HEAP_ALLOCATE|[64]|Bytes:7
17:55:30.49 (49695477)|STATEMENT_EXECUTE|[4]
17:55:30.49 (49697204)|STATEMENT_EXECUTE|[5]
17:55:30.49 (49712199)|HEAP_ALLOCATE|[5]|Bytes:28
17:55:30.49 (49718661)|HEAP_ALLOCATE|[5]|Bytes:1
17:55:30.49 (49722722)|METHOD_ENTRY|[1]|01p46000002uXqO|TemperatureConverter.TemperatureConverter()
17:55:30.49 (49724948)|STATEMENT_EXECUTE|[1]
17:55:30.49 (49726874)|STATEMENT_EXECUTE|[1]
17:55:30.49 (49729058)|METHOD_EXIT|[1]|TemperatureConverter
17:55:30.49 (49735168)|METHOD_ENTRY|[5]|01p46000002uXqO|TemperatureConverter.FahrenheitToCelsius(Decimal)
17:55:30.49 (49747133)|VARIABLE_SCOPE_BEGIN|[4]|fh|Decimal|false|false
17:55:30.49 (49757963)|VARIABLE_ASSIGNMENT|[4]|fh|70
17:55:30.49 (49765283)|STATEMENT_EXECUTE|[4]
17:55:30.49 (49766559)|STATEMENT_EXECUTE|[5]
17:55:30.49 (49772569)|HEAP_ALLOCATE|[5]|Bytes:28
17:55:30.49 (49796595)|HEAP_ALLOCATE|[5]|Bytes:28
17:55:30.49 (49811992)|HEAP_ALLOCATE|[5]|Bytes:28
17:55:30.49 (49813678)|HEAP_ALLOCATE|[5]|Bytes:28
17:55:30.49 (49825637)|HEAP_ALLOCATE|[5]|Bytes:28
17:55:30.49 (49833591)|HEAP_ALLOCATE|[5]|Bytes:28
17:55:30.49 (49834980)|HEAP_ALLOCATE|[5]|Bytes:28
17:55:30.49 (49861844)|HEAP_ALLOCATE|[5]|Bytes:28
17:55:30.49 (49863987)|HEAP_ALLOCATE|[5]|Bytes:28
17:55:30.49 (49871859)|VARIABLE_SCOPE_BEGIN|[5]|cs|Decimal|false|false
17:55:30.49 (49885773)|VARIABLE_ASSIGNMENT|[5]|cs|21.1111111111111111111111111111111
17:55:30.49 (49889031)|STATEMENT_EXECUTE|[6]
17:55:30.49 (49907770)|HEAP_ALLOCATE|[6]|Bytes:28
17:55:30.49 (49916879)|METHOD_EXIT|[5]|01p46000002uXqO|TemperatureConverter.FahrenheitToCelsius(Decimal)
17:55:30.49 (49919898)|VARIABLE_SCOPE_BEGIN|[5]|celsius|Decimal|false|false
17:55:30.49 (49924751)|VARIABLE_ASSIGNMENT|[5]|celsius|21.11
17:55:30.49 (49927373)|STATEMENT_EXECUTE|[6]
17:55:30.49 (49930275)|HEAP_ALLOCATE|[6]|Bytes:5
17:55:30.49 (49937406)|HEAP_ALLOCATE|[6]|Bytes:28
17:55:30.49 (49975222)|CUMULATIVE_LIMIT_USAGE
17:55:30.49 (49975222)|LIMIT_USAGE_FOR_NS|(default)|
  Number of SOQL queries: 0 out of 100
  Number of query rows: 0 out of 50000
  Number of SOSL queries: 0 out of 20
  Number of DML statements: 0 out of 150
  Number of DML rows: 0 out of 10000
  Maximum CPU time: 0 out of 10000
  Maximum heap size: 0 out of 6000000
  Number of callouts: 0 out of 100
  Number of Email Invocations: 0 out of 10
  Number of future calls: 0 out of 50
  Number of queueable jobs added to the queue: 0 out of 50
  Number of Mobile Apex push calls: 0 out of 10

17:55:30.49 (49975222)|CUMULATIVE_LIMIT_USAGE_END

17:55:30.49 (49997777)|CODE_UNIT_FINISHED|TemperatureConverterTest.testWarmTemp
17:55:30.49 (50689329)|EXECUTION_FINISHED
