39.0 APEX_CODE,FINEST;APEX_PROFILING,INFO;CALLOUT,INFO;DB,INFO;SYSTEM,DEBUG;VALIDATION,INFO;VISUALFORCE,INFO;WAVE,INFO;WORKFLOW,INFO
14:55:28.0 (317715)|USER_INFO|[EXTERNAL]|00546000000Iihs|pacosta@altimetrik.com|Argentine Time|GMT-03:00
14:55:28.0 (342552)|EXECUTION_STARTED
14:55:28.0 (346547)|CODE_UNIT_STARTED|[EXTERNAL]|06646000001Bfzo|VF: /apex/showExpensesListForContact
14:55:28.0 (2037863)|SYSTEM_MODE_ENTER|true
14:55:28.0 (2387059)|HEAP_ALLOCATE|[72]|Bytes:3
14:55:28.0 (2423344)|HEAP_ALLOCATE|[77]|Bytes:152
14:55:28.0 (2437124)|HEAP_ALLOCATE|[342]|Bytes:408
14:55:28.0 (2451303)|HEAP_ALLOCATE|[355]|Bytes:408
14:55:28.0 (2464296)|HEAP_ALLOCATE|[467]|Bytes:48
14:55:28.0 (2490102)|HEAP_ALLOCATE|[139]|Bytes:6
14:55:28.0 (2502356)|HEAP_ALLOCATE|[EXTERNAL]|Bytes:100
14:55:28.0 (2506127)|HEAP_ALLOCATE|[EXTERNAL]|Bytes:31
14:55:28.0 (2513541)|METHOD_ENTRY|[1]|01p46000002x5eL|showExpensesListForContactController.showExpensesListForContactController()
14:55:28.0 (2517038)|STATEMENT_EXECUTE|[1]
14:55:28.0 (2521569)|STATEMENT_EXECUTE|[1]
14:55:28.0 (2525293)|METHOD_EXIT|[1]|showExpensesListForContactController
14:55:28.0 (2541145)|HEAP_ALLOCATE|[EXTERNAL]|Bytes:24
14:55:28.0 (2546639)|VARIABLE_SCOPE_BEGIN|[12]|this|showExpensesListForContactController|true|false
14:55:28.0 (2605612)|VARIABLE_ASSIGNMENT|[12]|this|{}|0x3c098f4
14:55:28.0 (2611860)|STATEMENT_EXECUTE|[1]
14:55:28.0 (2613149)|STATEMENT_EXECUTE|[3]
14:55:28.0 (2627092)|VARIABLE_ASSIGNMENT|[3]|this.queryString|""|0x3c098f4
14:55:28.0 (2629063)|STATEMENT_EXECUTE|[5]
14:55:28.0 (2630157)|STATEMENT_EXECUTE|[7]
14:55:28.0 (2660959)|HEAP_ALLOCATE|[50]|Bytes:5
14:55:28.0 (2681278)|HEAP_ALLOCATE|[56]|Bytes:5
14:55:28.0 (2701222)|HEAP_ALLOCATE|[64]|Bytes:7
14:55:28.0 (2802343)|HEAP_ALLOCATE|[7]|Bytes:53
14:55:28.0 (2857442)|HEAP_ALLOCATE|[7]|Bytes:17
14:55:28.0 (2872847)|HEAP_ALLOCATE|[7]|Bytes:2
14:55:28.0 (2900292)|VARIABLE_ASSIGNMENT|[7]|this.idContact|"00346000002ojVW"|0x3c098f4
14:55:28.0 (2903014)|STATEMENT_EXECUTE|[9]
14:55:28.0 (2908696)|HEAP_ALLOCATE|[9]|Bytes:4
14:55:28.0 (2914186)|VARIABLE_ASSIGNMENT|[9]|this.OffsetSize|0|0x3c098f4
14:55:28.0 (2915856)|STATEMENT_EXECUTE|[10]
14:55:28.0 (2917911)|HEAP_ALLOCATE|[10]|Bytes:4
14:55:28.0 (2921098)|VARIABLE_ASSIGNMENT|[10]|this.QueryLimit|3|0x3c098f4
14:55:28.0 (2927348)|HEAP_ALLOCATE|[10]|Bytes:6
14:55:28.0 (2944376)|STATEMENT_EXECUTE|[12]
14:55:28.0 (2945943)|STATEMENT_EXECUTE|[14]
14:55:28.0 (2948434)|HEAP_ALLOCATE|[14]|Bytes:62
14:55:28.0 (2956390)|HEAP_ALLOCATE|[14]|Bytes:4
14:55:28.0 (2964571)|HEAP_ALLOCATE|[14]|Bytes:7
14:55:28.0 (3339999)|SOQL_EXECUTE_BEGIN|[14]|Aggregations:0|SELECT COUNT() FROM Expense__c WHERE Employee__r.id = :tmpVar1
14:55:28.0 (17669908)|SOQL_EXECUTE_END|[14]|Rows:4
14:55:28.0 (17698696)|HEAP_ALLOCATE|[14]|Bytes:4
14:55:28.0 (17806135)|VARIABLE_ASSIGNMENT|[EXTERNAL]|this|{"idContact":"00346000002ojVW","OffsetSize":0,"QueryLimit":3,"queryString":""}|0x3c098f4
14:55:28.0 (17814010)|VARIABLE_ASSIGNMENT|[EXTERNAL]|value|4
14:55:28.0 (17821032)|HEAP_ALLOCATE|[5]|Bytes:4
14:55:28.0 (17829049)|VARIABLE_ASSIGNMENT|[5]|this.CountTotalRecords|4|0x3c098f4
14:55:28.0 (17907830)|SYSTEM_MODE_ENTER|true
14:55:28.0 (17957629)|HEAP_ALLOCATE|[EXTERNAL]|Bytes:24
14:55:28.0 (17964437)|VARIABLE_SCOPE_BEGIN|[26]|this|showExpensesListForContactController|true|false
14:55:28.0 (17990976)|VARIABLE_ASSIGNMENT|[26]|this|{"CountTotalRecords":4,"idContact":"00346000002ojVW","OffsetSize":0,"QueryLimit":3,"queryString":""}|0x3c098f4
14:55:28.0 (17999950)|STATEMENT_EXECUTE|[26]
14:55:28.0 (18001548)|STATEMENT_EXECUTE|[28]
14:55:28.0 (18008892)|HEAP_ALLOCATE|[28]|Bytes:136
14:55:28.0 (18015730)|HEAP_ALLOCATE|[30]|Bytes:1
14:55:28.0 (18018824)|HEAP_ALLOCATE|[31]|Bytes:7
14:55:28.0 (18075406)|HEAP_ALLOCATE|[31]|Bytes:1
14:55:28.0 (18091577)|HEAP_ALLOCATE|[28]|Bytes:160
14:55:28.0 (18094825)|HEAP_ALLOCATE|[31]|Bytes:8
14:55:28.0 (18102402)|HEAP_ALLOCATE|[31]|Bytes:1
14:55:28.0 (18110472)|HEAP_ALLOCATE|[28]|Bytes:9
14:55:28.0 (18113416)|HEAP_ALLOCATE|[28]|Bytes:169
14:55:28.0 (18544724)|SOQL_EXECUTE_BEGIN|[28]|Aggregations:0|SELECT id, Name, Category__c, RecordType.Name, Amount__c, Tax__c, Client_Company__c, Submitted__c FROM Expense__c WHERE Employee__r.Id='00346000002ojVW' LIMIT 3 OFFSET 0
14:55:28.0 (26584076)|SOQL_EXECUTE_END|[28]|Rows:3
14:55:28.0 (26599964)|HEAP_ALLOCATE|[28]|Bytes:16
14:55:28.0 (26629839)|HEAP_ALLOCATE|[28]|Bytes:840
14:55:28.0 (26659437)|HEAP_ALLOCATE|[28]|Bytes:16
14:55:28.0 (26674621)|VARIABLE_SCOPE_BEGIN|[28]|results|List<Expense__c>|true|false
14:55:28.0 (26715497)|VARIABLE_ASSIGNMENT|[28]|results|[{"Id":"a0F46000000FBblEAG","Name":"Test","Category__c":"Transportation","RecordTypeId":"012460000005G1FAAU","Amount__c":3500,"Tax__c":455.00,"Submitted__c":true,"Employee__c":"00346000002ojVWAAY","RecordType":{"Name":"Business Trips","Id":"012460000005G1FAAU"}},{"Id":"a0F46000000Fp6rEAC","Name":"Test44","RecordTypeId":"012460000005G1FAAU","Amount__c":3000,"Tax__c":390.00,"Submitted__c":true,"Employee__c":"00346000002ojVWAAY","RecordType":{"Name":"Business Trips","Id":"012460000005G1FAAU"}},{"Id":"a0F46000000Fp76EAC","Name":"Travel to Las Vegas","Category__c":"Event Registration","RecordTypeId":"012460000005G1FAAU","Amount__c":3499,"Tax__c":454.87,"Submitted__c":true,"Employee__c":"00346000002ojVWAAY","RecordType":{"Name":"Business Trips","Id":"012460000005G1FAAU"}}]|0x4699e724
14:55:28.0 (26723866)|STATEMENT_EXECUTE|[33]
14:55:28.0 (33295537)|SYSTEM_MODE_ENTER|true
14:55:28.0 (33335509)|HEAP_ALLOCATE|[EXTERNAL]|Bytes:24
14:55:28.0 (33343600)|VARIABLE_SCOPE_BEGIN|[57]|this|showExpensesListForContactController|true|false
14:55:28.0 (33375358)|VARIABLE_ASSIGNMENT|[57]|this|{"CountTotalRecords":4,"idContact":"00346000002ojVW","OffsetSize":0,"QueryLimit":3,"queryString":""}|0x3c098f4
14:55:28.0 (33383498)|STATEMENT_EXECUTE|[57]
14:55:28.0 (33391556)|STATEMENT_EXECUTE|[61]
14:55:28.0 (33402871)|HEAP_ALLOCATE|[61]|Bytes:5
14:55:28.0 (33576511)|SYSTEM_MODE_ENTER|true
14:55:28.0 (33601026)|HEAP_ALLOCATE|[EXTERNAL]|Bytes:24
14:55:28.0 (33606712)|VARIABLE_SCOPE_BEGIN|[64]|this|showExpensesListForContactController|true|false
14:55:28.0 (33628939)|VARIABLE_ASSIGNMENT|[64]|this|{"CountTotalRecords":4,"idContact":"00346000002ojVW","OffsetSize":0,"QueryLimit":3,"queryString":""}|0x3c098f4
14:55:28.0 (33635329)|STATEMENT_EXECUTE|[64]
14:55:28.0 (33678068)|VARIABLE_ASSIGNMENT|[EXTERNAL]|this|{"CountTotalRecords":4,"idContact":"00346000002ojVW","OffsetSize":0,"QueryLimit":3,"queryString":""}|0x3c098f4
14:55:28.0 (33687953)|STATEMENT_EXECUTE|[65]
14:55:28.0 (33689410)|STATEMENT_EXECUTE|[66]
14:55:28.0 (33693954)|HEAP_ALLOCATE|[66]|Bytes:5
14:55:28.0 (38991922)|VF_SERIALIZE_VIEWSTATE_BEGIN|06646000001Bfzo
14:55:28.0 (41288345)|VF_SERIALIZE_VIEWSTATE_END
14:55:28.43 (43318966)|CUMULATIVE_LIMIT_USAGE
14:55:28.43 (43318966)|LIMIT_USAGE_FOR_NS|(default)|
  Number of SOQL queries: 2 out of 100
  Number of query rows: 7 out of 50000
  Number of SOSL queries: 0 out of 20
  Number of DML statements: 0 out of 150
  Number of DML rows: 0 out of 10000
  Maximum CPU time: 0 out of 10000
  Maximum heap size: 0 out of 6000000
  Number of callouts: 0 out of 100
  Number of Email Invocations: 0 out of 10
  Number of future calls: 0 out of 50
  Number of queueable jobs added to the queue: 0 out of 50
  Number of Mobile Apex push calls: 0 out of 10

14:55:28.43 (43318966)|CUMULATIVE_LIMIT_USAGE_END

14:55:28.0 (43348690)|CODE_UNIT_FINISHED|VF: /apex/showExpensesListForContact
14:55:28.0 (44077543)|EXECUTION_FINISHED
