39.0 APEX_CODE,FINEST;APEX_PROFILING,INFO;CALLOUT,INFO;DB,INFO;SYSTEM,DEBUG;VALIDATION,INFO;VISUALFORCE,INFO;WAVE,INFO;WORKFLOW,INFO
17:11:35.0 (294394)|USER_INFO|[EXTERNAL]|00546000000Iihs|pacosta@altimetrik.com|Argentine Time|GMT-03:00
17:11:35.0 (319722)|EXECUTION_STARTED
17:11:35.0 (323875)|CODE_UNIT_STARTED|[EXTERNAL]|06646000001BW08|VF: /apex/ListOfEmployees
17:11:35.0 (860608)|VF_DESERIALIZE_VIEWSTATE_BEGIN|06646000001BW08
17:11:35.0 (7101692)|HEAP_ALLOCATE|[72]|Bytes:3
17:11:35.0 (7139432)|HEAP_ALLOCATE|[77]|Bytes:152
17:11:35.0 (7151592)|HEAP_ALLOCATE|[342]|Bytes:408
17:11:35.0 (7165308)|HEAP_ALLOCATE|[355]|Bytes:408
17:11:35.0 (7178222)|HEAP_ALLOCATE|[467]|Bytes:48
17:11:35.0 (7204400)|HEAP_ALLOCATE|[139]|Bytes:6
17:11:35.0 (7226044)|HEAP_ALLOCATE|[50]|Bytes:5
17:11:35.0 (7246549)|HEAP_ALLOCATE|[56]|Bytes:5
17:11:35.0 (7252744)|HEAP_ALLOCATE|[64]|Bytes:7
17:11:35.0 (8576286)|VF_DESERIALIZE_VIEWSTATE_END
17:11:35.0 (9817220)|SYSTEM_MODE_ENTER|true
17:11:35.0 (10008118)|HEAP_ALLOCATE|[EXTERNAL]|Bytes:14
17:11:35.0 (10014768)|HEAP_ALLOCATE|[EXTERNAL]|Bytes:96
17:11:35.0 (10017115)|HEAP_ALLOCATE|[EXTERNAL]|Bytes:24
17:11:35.0 (10024632)|METHOD_ENTRY|[1]|01p46000002wayn|ExpenseController.ExpenseController()
17:11:35.0 (10030803)|STATEMENT_EXECUTE|[1]
17:11:35.0 (10036277)|STATEMENT_EXECUTE|[1]
17:11:35.0 (10037834)|STATEMENT_EXECUTE|[97]
17:11:35.0 (10043047)|METHOD_EXIT|[1]|ExpenseController
17:11:35.0 (10050076)|HEAP_ALLOCATE|[EXTERNAL]|Bytes:12
17:11:35.0 (10056615)|VARIABLE_SCOPE_BEGIN|[8]|this|ExpenseController|true|false
17:11:35.0 (10115706)|VARIABLE_ASSIGNMENT|[8]|this|{"queryString":"","wrappedExpenses":"0x20b9c13f"}|0x37c40ef7
17:11:35.0 (10124384)|STATEMENT_EXECUTE|[8]
17:11:35.0 (10125855)|STATEMENT_EXECUTE|[10]
17:11:35.0 (10128613)|HEAP_ALLOCATE|[10]|Bytes:161
17:11:35.0 (10149251)|HEAP_ALLOCATE|[10]|Bytes:161
17:11:35.0 (11880495)|SOQL_EXECUTE_BEGIN|[10]|Aggregations:0|SELECT Category__c, RecordType.Name, Amount__c, Tax__c, Client_Company__c, Submitted__c, Employee__r.Id, Employee__r.Name, Employee__r.Birthdate FROM Expense__c 
17:11:35.0 (20316927)|SOQL_EXECUTE_END|[10]|Rows:5
17:11:35.0 (20333441)|HEAP_ALLOCATE|[10]|Bytes:24
17:11:35.0 (20380033)|HEAP_ALLOCATE|[10]|Bytes:1579
17:11:35.0 (20432288)|HEAP_ALLOCATE|[10]|Bytes:24
17:11:35.0 (20449893)|VARIABLE_SCOPE_BEGIN|[10]|results|List<Expense__c>|true|false
17:11:35.0 (20532793)|VARIABLE_ASSIGNMENT|[10]|results|[{"Category__c":"Road Meals","RecordTypeId":"012460000005G1KAAU","Amount__c":8900,"Tax__c":1157.00,"Submitted__c":true,"Employee__c":"00346000002ojeGAAQ","Id":"a0F46000000FmUwEAK","RecordType":{"Name":"Client Meetings","Id":"012460000005G1KAAU"},"Employee__r":{"Id":"00346000002ojeGAAQ","Name":"Paolo Smith"}},{"RecordTypeId":"012460000005G1FAAU","Amount__c":3000,"Tax__c":390.00,"Submitted__c":true,"Employee__c":"00346000002ojVWAAY","Id":"a0F46000000Fp6rEAC","RecordType":{"Name":"Business Trips","Id":"012460000005G1FAAU"},"Employee__r":{"Id":"00346000002ojVWAAY","Name":"Carol Ruiz","Birthdate":"2017-10-09T00:00:00.000Z"}},{"Category__c":"Event Registration","RecordTypeId":"012460000005G1FAAU","Amount__c":3499,"Tax__c":454.87,"Submitted__c":true,"Employee__c":"00346000002ojVWAAY","Id":"a0F46000000Fp76EAC","RecordType":{"Name":"Business Trips","Id":"012460000005G1FAAU"},"Employee__r":{"Id":"00346000002ojVWAAY","Name":"Carol Ruiz","Birthdate":"2017-10-09T00:00:00.000Z"}},{"Category__c":"Event Registration","RecordTypeId":"012460000005G1KAAU","Amount__c":5600,"Tax__c":728.00,"Submitted__c":true,"Employee__c":"00346000002oeLWAAY","Id":"a0F46000000FBc6EAG","RecordType":{"Name":"Client Meetings","Id":"012460000005G1KAAU"},"Employee__r":{"Id":"00346000002oeLWAAY","Name":"Paulo Acosta"}},{"Category__c":"Transportation","RecordTypeId":"012460000005G1FAAU","Amount__c":3500,"Tax__c":455.00,"Submitted__c":false,"Employee__c":"00346000002ojVWAAY","Id":"a0F46000000FBblEAG","RecordType":{"Name":"Business Trips","Id":"012460000005G1FAAU"},"Employee__r":{"Id":"00346000002ojVWAAY","Name":"Carol Ruiz","Birthdate":"2017-10-09T00:00:00.000Z"}}]|0x32b6ce34
17:11:35.0 (20546947)|STATEMENT_EXECUTE|[15]
17:11:35.0 (20553614)|HEAP_ALLOCATE|[15]|Bytes:4
17:11:35.0 (20655813)|VARIABLE_ASSIGNMENT|[EXTERNAL]|this|{"queryString":"","wrappedExpenses":"0x20b9c13f"}|0x37c40ef7
17:11:35.0 (20673407)|HEAP_ALLOCATE|[EXTERNAL]|Bytes:4
17:11:35.0 (20679450)|VARIABLE_ASSIGNMENT|[EXTERNAL]|value|[]|0x621c00db
17:11:35.0 (20689898)|VARIABLE_ASSIGNMENT|[5]|this.wrappedExpenses|[]|0x37c40ef7
17:11:35.0 (20863014)|HEAP_ALLOCATE|[16]|Bytes:5
17:11:35.0 (20896147)|HEAP_ALLOCATE|[16]|Bytes:40
17:11:35.0 (20904351)|VARIABLE_SCOPE_BEGIN|[16]|ex|Expense__c|true|false
17:11:35.0 (20922357)|VARIABLE_ASSIGNMENT|[16]|ex|{"Category__c":"Road Meals","RecordTypeId":"012460000005G1KAAU","Amount__c":8900,"Tax__c":1157.00,"Submitted__c":true,"Employee__c":"00346000002ojeGAAQ","Id":"a0F46000000FmUwEAK","RecordType":{"Name":"Client Meetings","Id":"012460000005G1KAAU"},"Employee__r":{"Id":"00346000002ojeGAAQ","Name":"Paolo Smith"}}|0x66b9cab6
17:11:35.0 (20927870)|STATEMENT_EXECUTE|[16]
17:11:35.0 (20929632)|STATEMENT_EXECUTE|[18]
17:11:35.0 (20966768)|VARIABLE_ASSIGNMENT|[EXTERNAL]|this|{"queryString":"","wrappedExpenses":"0x621c00db"}|0x37c40ef7
17:11:35.0 (20979411)|HEAP_ALLOCATE|[18]|Bytes:116
17:11:35.0 (20984166)|HEAP_ALLOCATE|[18]|Bytes:10
17:11:35.0 (20992436)|HEAP_ALLOCATE|[18]|Bytes:12
17:11:35.0 (21009127)|CONSTRUCTOR_ENTRY|[18]|01p46000002wayn|<init>(Expense__c,Boolean)
17:11:35.0 (21020165)|VARIABLE_SCOPE_BEGIN|[102]|this|ExpenseController.ExpenseWrapper|true|false
17:11:35.0 (21037736)|VARIABLE_ASSIGNMENT|[102]|this|{}|0x54491de6
17:11:35.0 (21040478)|VARIABLE_SCOPE_BEGIN|[102]|ex|Expense__c|true|false
17:11:35.0 (21052679)|VARIABLE_ASSIGNMENT|[102]|ex|{"Category__c":"Road Meals","RecordTypeId":"012460000005G1KAAU","Amount__c":8900,"Tax__c":1157.00,"Submitted__c":true,"Employee__c":"00346000002ojeGAAQ","Id":"a0F46000000FmUwEAK","RecordType":{"Name":"Client Meetings","Id":"012460000005G1KAAU"},"Employee__r":{"Id":"00346000002ojeGAAQ","Name":"Paolo Smith"}}|0x66b9cab6
17:11:35.0 (21058391)|VARIABLE_SCOPE_BEGIN|[102]|check|Boolean|false|false
17:11:35.0 (21061632)|VARIABLE_ASSIGNMENT|[102]|check|false
17:11:35.0 (21065661)|STATEMENT_EXECUTE|[97]
17:11:35.0 (21067301)|STATEMENT_EXECUTE|[99]
17:11:35.0 (21068759)|STATEMENT_EXECUTE|[100]
17:11:35.0 (21074561)|HEAP_ALLOCATE|[104]|Bytes:6
17:11:35.0 (21115577)|STATEMENT_EXECUTE|[102]
17:11:35.0 (21117436)|STATEMENT_EXECUTE|[104]
17:11:35.0 (21171483)|VARIABLE_ASSIGNMENT|[EXTERNAL]|this|{}|0x54491de6
17:11:35.0 (21185218)|VARIABLE_ASSIGNMENT|[EXTERNAL]|value|{"Category__c":"Road Meals","RecordTypeId":"012460000005G1KAAU","Amount__c":8900,"Tax__c":1157.00,"Submitted__c":true,"Employee__c":"00346000002ojeGAAQ","Id":"a0F46000000FmUwEAK","RecordType":{"Name":"Client Meetings","Id":"012460000005G1KAAU"},"Employee__r":{"Id":"00346000002ojeGAAQ","Name":"Paolo Smith"}}|0x66b9cab6
17:11:35.0 (21199118)|VARIABLE_ASSIGNMENT|[99]|this.expense|{"Category__c":"Road Meals","RecordTypeId":"012460000005G1KAAU","Amount__c":8900,"Tax__c":1157.00,"Submitted__c":true,"Employee__c":"00346000002ojeGAAQ","Id":"a0F46000000FmUwEAK","RecordType":{"Name":"Client Meetings","Id":"012460000005G1KAAU"},"Employee__r":{"Id":"00346000002ojeGAAQ","Name":"Paolo Smith"}}|0x54491de6
17:11:35.0 (21206648)|STATEMENT_EXECUTE|[105]
17:11:35.0 (21235238)|VARIABLE_ASSIGNMENT|[EXTERNAL]|this|{"expense":"0x66b9cab6"}|0x54491de6
17:11:35.0 (21243564)|VARIABLE_ASSIGNMENT|[EXTERNAL]|value|false
17:11:35.0 (21248125)|HEAP_ALLOCATE|[100]|Bytes:5
17:11:35.0 (21252808)|VARIABLE_ASSIGNMENT|[100]|this.checked|false|0x54491de6
17:11:35.0 (21261371)|CONSTRUCTOR_EXIT|[18]|01p46000002wayn|<init>(Expense__c,Boolean)
17:11:35.0 (21272651)|HEAP_ALLOCATE|[EXTERNAL]|Bytes:4
17:11:35.0 (21287037)|HEAP_ALLOCATE|[16]|Bytes:5
17:11:35.0 (21315511)|HEAP_ALLOCATE|[16]|Bytes:36
17:11:35.0 (21321657)|VARIABLE_SCOPE_BEGIN|[16]|ex|Expense__c|true|false
17:11:35.0 (21342411)|VARIABLE_ASSIGNMENT|[16]|ex|{"RecordTypeId":"012460000005G1FAAU","Amount__c":3000,"Tax__c":390.00,"Submitted__c":true,"Employee__c":"00346000002ojVWAAY","Id":"a0F46000000Fp6rEAC","RecordType":{"Name":"Business Trips","Id":"012460000005G1FAAU"},"Employee__r":{"Id":"00346000002ojVWAAY","Name":"Carol Ruiz","Birthdate":"2017-10-09T00:00:00.000Z"}}|0x2f3047ae
17:11:35.0 (21347957)|STATEMENT_EXECUTE|[16]
17:11:35.0 (21349568)|STATEMENT_EXECUTE|[18]
17:11:35.0 (21366257)|VARIABLE_ASSIGNMENT|[EXTERNAL]|this|{"queryString":"","wrappedExpenses":"0x621c00db"}|0x37c40ef7
17:11:35.0 (21374099)|HEAP_ALLOCATE|[18]|Bytes:12
17:11:35.0 (21381419)|CONSTRUCTOR_ENTRY|[18]|01p46000002wayn|<init>(Expense__c,Boolean)
17:11:35.0 (21384259)|VARIABLE_SCOPE_BEGIN|[102]|this|ExpenseController.ExpenseWrapper|true|false
17:11:35.0 (21392028)|VARIABLE_ASSIGNMENT|[102]|this|{}|0x3e8d5f8d
17:11:35.0 (21393776)|VARIABLE_SCOPE_BEGIN|[102]|ex|Expense__c|true|false
17:11:35.0 (21407451)|VARIABLE_ASSIGNMENT|[102]|ex|{"RecordTypeId":"012460000005G1FAAU","Amount__c":3000,"Tax__c":390.00,"Submitted__c":true,"Employee__c":"00346000002ojVWAAY","Id":"a0F46000000Fp6rEAC","RecordType":{"Name":"Business Trips","Id":"012460000005G1FAAU"},"Employee__r":{"Id":"00346000002ojVWAAY","Name":"Carol Ruiz","Birthdate":"2017-10-09T00:00:00.000Z"}}|0x2f3047ae
17:11:35.0 (21411798)|VARIABLE_SCOPE_BEGIN|[102]|check|Boolean|false|false
17:11:35.0 (21414442)|VARIABLE_ASSIGNMENT|[102]|check|false
17:11:35.0 (21417451)|STATEMENT_EXECUTE|[97]
17:11:35.0 (21418750)|STATEMENT_EXECUTE|[99]
17:11:35.0 (21419995)|STATEMENT_EXECUTE|[100]
17:11:35.0 (21429080)|STATEMENT_EXECUTE|[102]
17:11:35.0 (21430483)|STATEMENT_EXECUTE|[104]
17:11:35.0 (21439866)|VARIABLE_ASSIGNMENT|[EXTERNAL]|this|{}|0x3e8d5f8d
17:11:35.0 (21452484)|VARIABLE_ASSIGNMENT|[EXTERNAL]|value|{"RecordTypeId":"012460000005G1FAAU","Amount__c":3000,"Tax__c":390.00,"Submitted__c":true,"Employee__c":"00346000002ojVWAAY","Id":"a0F46000000Fp6rEAC","RecordType":{"Name":"Business Trips","Id":"012460000005G1FAAU"},"Employee__r":{"Id":"00346000002ojVWAAY","Name":"Carol Ruiz","Birthdate":"2017-10-09T00:00:00.000Z"}}|0x2f3047ae
17:11:35.0 (21466056)|VARIABLE_ASSIGNMENT|[99]|this.expense|{"RecordTypeId":"012460000005G1FAAU","Amount__c":3000,"Tax__c":390.00,"Submitted__c":true,"Employee__c":"00346000002ojVWAAY","Id":"a0F46000000Fp6rEAC","RecordType":{"Name":"Business Trips","Id":"012460000005G1FAAU"},"Employee__r":{"Id":"00346000002ojVWAAY","Name":"Carol Ruiz","Birthdate":"2017-10-09T00:00:00.000Z"}}|0x3e8d5f8d
17:11:35.0 (21471474)|STATEMENT_EXECUTE|[105]
17:11:35.0 (21480783)|VARIABLE_ASSIGNMENT|[EXTERNAL]|this|{"expense":"0x2f3047ae"}|0x3e8d5f8d
17:11:35.0 (21484741)|VARIABLE_ASSIGNMENT|[EXTERNAL]|value|false
17:11:35.0 (21487486)|HEAP_ALLOCATE|[100]|Bytes:5
17:11:35.0 (21490997)|VARIABLE_ASSIGNMENT|[100]|this.checked|false|0x3e8d5f8d
17:11:35.0 (21497497)|CONSTRUCTOR_EXIT|[18]|01p46000002wayn|<init>(Expense__c,Boolean)
17:11:35.0 (21503660)|HEAP_ALLOCATE|[EXTERNAL]|Bytes:4
17:11:35.0 (21511991)|HEAP_ALLOCATE|[16]|Bytes:5
17:11:35.0 (21530020)|HEAP_ALLOCATE|[16]|Bytes:40
17:11:35.0 (21534784)|VARIABLE_SCOPE_BEGIN|[16]|ex|Expense__c|true|false
17:11:35.0 (21551743)|VARIABLE_ASSIGNMENT|[16]|ex|{"Category__c":"Event Registration","RecordTypeId":"012460000005G1FAAU","Amount__c":3499,"Tax__c":454.87,"Submitted__c":true,"Employee__c":"00346000002ojVWAAY","Id":"a0F46000000Fp76EAC","RecordType":{"Name":"Business Trips","Id":"012460000005G1FAAU"},"Employee__r":{"Id":"00346000002ojVWAAY","Name":"Carol Ruiz","Birthdate":"2017-10-09T00:00:00.000Z"}}|0x6b1f41ad
17:11:35.0 (21556754)|STATEMENT_EXECUTE|[16]
17:11:35.0 (21558115)|STATEMENT_EXECUTE|[18]
17:11:35.0 (21572571)|VARIABLE_ASSIGNMENT|[EXTERNAL]|this|{"queryString":"","wrappedExpenses":"0x621c00db"}|0x37c40ef7
17:11:35.0 (21579191)|HEAP_ALLOCATE|[18]|Bytes:12
17:11:35.0 (21585471)|CONSTRUCTOR_ENTRY|[18]|01p46000002wayn|<init>(Expense__c,Boolean)
17:11:35.0 (21587822)|VARIABLE_SCOPE_BEGIN|[102]|this|ExpenseController.ExpenseWrapper|true|false
17:11:35.0 (21594556)|VARIABLE_ASSIGNMENT|[102]|this|{}|0x709559ff
17:11:35.0 (21596079)|VARIABLE_SCOPE_BEGIN|[102]|ex|Expense__c|true|false
17:11:35.0 (21608899)|VARIABLE_ASSIGNMENT|[102]|ex|{"Category__c":"Event Registration","RecordTypeId":"012460000005G1FAAU","Amount__c":3499,"Tax__c":454.87,"Submitted__c":true,"Employee__c":"00346000002ojVWAAY","Id":"a0F46000000Fp76EAC","RecordType":{"Name":"Business Trips","Id":"012460000005G1FAAU"},"Employee__r":{"Id":"00346000002ojVWAAY","Name":"Carol Ruiz","Birthdate":"2017-10-09T00:00:00.000Z"}}|0x6b1f41ad
17:11:35.0 (21612872)|VARIABLE_SCOPE_BEGIN|[102]|check|Boolean|false|false
17:11:35.0 (21615420)|VARIABLE_ASSIGNMENT|[102]|check|false
17:11:35.0 (21618233)|STATEMENT_EXECUTE|[97]
17:11:35.0 (21619491)|STATEMENT_EXECUTE|[99]
17:11:35.0 (21620832)|STATEMENT_EXECUTE|[100]
17:11:35.0 (21628466)|STATEMENT_EXECUTE|[102]
17:11:35.0 (21629793)|STATEMENT_EXECUTE|[104]
17:11:35.0 (21638667)|VARIABLE_ASSIGNMENT|[EXTERNAL]|this|{}|0x709559ff
17:11:35.0 (21650872)|VARIABLE_ASSIGNMENT|[EXTERNAL]|value|{"Category__c":"Event Registration","RecordTypeId":"012460000005G1FAAU","Amount__c":3499,"Tax__c":454.87,"Submitted__c":true,"Employee__c":"00346000002ojVWAAY","Id":"a0F46000000Fp76EAC","RecordType":{"Name":"Business Trips","Id":"012460000005G1FAAU"},"Employee__r":{"Id":"00346000002ojVWAAY","Name":"Carol Ruiz","Birthdate":"2017-10-09T00:00:00.000Z"}}|0x6b1f41ad
17:11:35.0 (21664036)|VARIABLE_ASSIGNMENT|[99]|this.expense|{"Category__c":"Event Registration","RecordTypeId":"012460000005G1FAAU","Amount__c":3499,"Tax__c":454.87,"Submitted__c":true,"Employee__c":"00346000002ojVWAAY","Id":"a0F46000000Fp76EAC","RecordType":{"Name":"Business Trips","Id":"012460000005G1FAAU"},"Employee__r":{"Id":"00346000002ojVWAAY","Name":"Carol Ruiz","Birthdate":"2017-10-09T00:00:00.000Z"}}|0x709559ff
17:11:35.0 (21669269)|STATEMENT_EXECUTE|[105]
17:11:35.0 (21678713)|VARIABLE_ASSIGNMENT|[EXTERNAL]|this|{"expense":"0x6b1f41ad"}|0x709559ff
17:11:35.0 (21682672)|VARIABLE_ASSIGNMENT|[EXTERNAL]|value|false
17:11:35.0 (21685028)|HEAP_ALLOCATE|[100]|Bytes:5
17:11:35.0 (21688463)|VARIABLE_ASSIGNMENT|[100]|this.checked|false|0x709559ff
17:11:35.0 (21694666)|CONSTRUCTOR_EXIT|[18]|01p46000002wayn|<init>(Expense__c,Boolean)
17:11:35.0 (21699969)|HEAP_ALLOCATE|[EXTERNAL]|Bytes:4
17:11:35.0 (21707494)|HEAP_ALLOCATE|[16]|Bytes:5
17:11:35.0 (21723607)|HEAP_ALLOCATE|[16]|Bytes:40
17:11:35.0 (21727742)|VARIABLE_SCOPE_BEGIN|[16]|ex|Expense__c|true|false
17:11:35.0 (21744880)|VARIABLE_ASSIGNMENT|[16]|ex|{"Category__c":"Event Registration","RecordTypeId":"012460000005G1KAAU","Amount__c":5600,"Tax__c":728.00,"Submitted__c":true,"Employee__c":"00346000002oeLWAAY","Id":"a0F46000000FBc6EAG","RecordType":{"Name":"Client Meetings","Id":"012460000005G1KAAU"},"Employee__r":{"Id":"00346000002oeLWAAY","Name":"Paulo Acosta"}}|0x4a270b22
17:11:35.0 (21749776)|STATEMENT_EXECUTE|[16]
17:11:35.0 (21751069)|STATEMENT_EXECUTE|[18]
17:11:35.0 (21765066)|VARIABLE_ASSIGNMENT|[EXTERNAL]|this|{"queryString":"","wrappedExpenses":"0x621c00db"}|0x37c40ef7
17:11:35.0 (21771316)|HEAP_ALLOCATE|[18]|Bytes:12
17:11:35.0 (21777104)|CONSTRUCTOR_ENTRY|[18]|01p46000002wayn|<init>(Expense__c,Boolean)
17:11:35.0 (21779464)|VARIABLE_SCOPE_BEGIN|[102]|this|ExpenseController.ExpenseWrapper|true|false
17:11:35.0 (21785758)|VARIABLE_ASSIGNMENT|[102]|this|{}|0xc846f0e
17:11:35.0 (21787300)|VARIABLE_SCOPE_BEGIN|[102]|ex|Expense__c|true|false
17:11:35.0 (21797090)|VARIABLE_ASSIGNMENT|[102]|ex|{"Category__c":"Event Registration","RecordTypeId":"012460000005G1KAAU","Amount__c":5600,"Tax__c":728.00,"Submitted__c":true,"Employee__c":"00346000002oeLWAAY","Id":"a0F46000000FBc6EAG","RecordType":{"Name":"Client Meetings","Id":"012460000005G1KAAU"},"Employee__r":{"Id":"00346000002oeLWAAY","Name":"Paulo Acosta"}}|0x4a270b22
17:11:35.0 (21801069)|VARIABLE_SCOPE_BEGIN|[102]|check|Boolean|false|false
17:11:35.0 (21804009)|VARIABLE_ASSIGNMENT|[102]|check|false
17:11:35.0 (21806534)|STATEMENT_EXECUTE|[97]
17:11:35.0 (21807764)|STATEMENT_EXECUTE|[99]
17:11:35.0 (21809042)|STATEMENT_EXECUTE|[100]
17:11:35.0 (21816715)|STATEMENT_EXECUTE|[102]
17:11:35.0 (21817986)|STATEMENT_EXECUTE|[104]
17:11:35.0 (21826098)|VARIABLE_ASSIGNMENT|[EXTERNAL]|this|{}|0xc846f0e
17:11:35.0 (21835948)|VARIABLE_ASSIGNMENT|[EXTERNAL]|value|{"Category__c":"Event Registration","RecordTypeId":"012460000005G1KAAU","Amount__c":5600,"Tax__c":728.00,"Submitted__c":true,"Employee__c":"00346000002oeLWAAY","Id":"a0F46000000FBc6EAG","RecordType":{"Name":"Client Meetings","Id":"012460000005G1KAAU"},"Employee__r":{"Id":"00346000002oeLWAAY","Name":"Paulo Acosta"}}|0x4a270b22
17:11:35.0 (21846920)|VARIABLE_ASSIGNMENT|[99]|this.expense|{"Category__c":"Event Registration","RecordTypeId":"012460000005G1KAAU","Amount__c":5600,"Tax__c":728.00,"Submitted__c":true,"Employee__c":"00346000002oeLWAAY","Id":"a0F46000000FBc6EAG","RecordType":{"Name":"Client Meetings","Id":"012460000005G1KAAU"},"Employee__r":{"Id":"00346000002oeLWAAY","Name":"Paulo Acosta"}}|0xc846f0e
17:11:35.0 (21851588)|STATEMENT_EXECUTE|[105]
17:11:35.0 (21860401)|VARIABLE_ASSIGNMENT|[EXTERNAL]|this|{"expense":"0x4a270b22"}|0xc846f0e
17:11:35.0 (21864066)|VARIABLE_ASSIGNMENT|[EXTERNAL]|value|false
17:11:35.0 (21866547)|HEAP_ALLOCATE|[100]|Bytes:5
17:11:35.0 (21869648)|VARIABLE_ASSIGNMENT|[100]|this.checked|false|0xc846f0e
17:11:35.0 (21875430)|CONSTRUCTOR_EXIT|[18]|01p46000002wayn|<init>(Expense__c,Boolean)
17:11:35.0 (21880800)|HEAP_ALLOCATE|[EXTERNAL]|Bytes:4
17:11:35.0 (21888105)|HEAP_ALLOCATE|[16]|Bytes:5
17:11:35.0 (21903683)|HEAP_ALLOCATE|[16]|Bytes:40
17:11:35.0 (21907594)|VARIABLE_SCOPE_BEGIN|[16]|ex|Expense__c|true|false
17:11:35.0 (21924431)|VARIABLE_ASSIGNMENT|[16]|ex|{"Category__c":"Transportation","RecordTypeId":"012460000005G1FAAU","Amount__c":3500,"Tax__c":455.00,"Submitted__c":false,"Employee__c":"00346000002ojVWAAY","Id":"a0F46000000FBblEAG","RecordType":{"Name":"Business Trips","Id":"012460000005G1FAAU"},"Employee__r":{"Id":"00346000002ojVWAAY","Name":"Carol Ruiz","Birthdate":"2017-10-09T00:00:00.000Z"}}|0x62e394aa
17:11:35.0 (21929357)|STATEMENT_EXECUTE|[16]
17:11:35.0 (21930686)|STATEMENT_EXECUTE|[18]
17:11:35.0 (21943954)|VARIABLE_ASSIGNMENT|[EXTERNAL]|this|{"queryString":"","wrappedExpenses":"0x621c00db"}|0x37c40ef7
17:11:35.0 (21950067)|HEAP_ALLOCATE|[18]|Bytes:12
17:11:35.0 (21955781)|CONSTRUCTOR_ENTRY|[18]|01p46000002wayn|<init>(Expense__c,Boolean)
17:11:35.0 (21957869)|VARIABLE_SCOPE_BEGIN|[102]|this|ExpenseController.ExpenseWrapper|true|false
17:11:35.0 (21964323)|VARIABLE_ASSIGNMENT|[102]|this|{}|0x38627156
17:11:35.0 (21965854)|VARIABLE_SCOPE_BEGIN|[102]|ex|Expense__c|true|false
17:11:35.0 (21978639)|VARIABLE_ASSIGNMENT|[102]|ex|{"Category__c":"Transportation","RecordTypeId":"012460000005G1FAAU","Amount__c":3500,"Tax__c":455.00,"Submitted__c":false,"Employee__c":"00346000002ojVWAAY","Id":"a0F46000000FBblEAG","RecordType":{"Name":"Business Trips","Id":"012460000005G1FAAU"},"Employee__r":{"Id":"00346000002ojVWAAY","Name":"Carol Ruiz","Birthdate":"2017-10-09T00:00:00.000Z"}}|0x62e394aa
17:11:35.0 (21982696)|VARIABLE_SCOPE_BEGIN|[102]|check|Boolean|false|false
17:11:35.0 (21985238)|VARIABLE_ASSIGNMENT|[102]|check|false
17:11:35.0 (21987903)|STATEMENT_EXECUTE|[97]
17:11:35.0 (21989272)|STATEMENT_EXECUTE|[99]
17:11:35.0 (21990643)|STATEMENT_EXECUTE|[100]
17:11:35.0 (21998222)|STATEMENT_EXECUTE|[102]
17:11:35.0 (21999540)|STATEMENT_EXECUTE|[104]
17:11:35.0 (22008011)|VARIABLE_ASSIGNMENT|[EXTERNAL]|this|{}|0x38627156
17:11:35.0 (22021185)|VARIABLE_ASSIGNMENT|[EXTERNAL]|value|{"Category__c":"Transportation","RecordTypeId":"012460000005G1FAAU","Amount__c":3500,"Tax__c":455.00,"Submitted__c":false,"Employee__c":"00346000002ojVWAAY","Id":"a0F46000000FBblEAG","RecordType":{"Name":"Business Trips","Id":"012460000005G1FAAU"},"Employee__r":{"Id":"00346000002ojVWAAY","Name":"Carol Ruiz","Birthdate":"2017-10-09T00:00:00.000Z"}}|0x62e394aa
17:11:35.0 (22033981)|VARIABLE_ASSIGNMENT|[99]|this.expense|{"Category__c":"Transportation","RecordTypeId":"012460000005G1FAAU","Amount__c":3500,"Tax__c":455.00,"Submitted__c":false,"Employee__c":"00346000002ojVWAAY","Id":"a0F46000000FBblEAG","RecordType":{"Name":"Business Trips","Id":"012460000005G1FAAU"},"Employee__r":{"Id":"00346000002ojVWAAY","Name":"Carol Ruiz","Birthdate":"2017-10-09T00:00:00.000Z"}}|0x38627156
17:11:35.0 (22039089)|STATEMENT_EXECUTE|[105]
17:11:35.0 (22048428)|VARIABLE_ASSIGNMENT|[EXTERNAL]|this|{"expense":"0x62e394aa"}|0x38627156
17:11:35.0 (22052093)|VARIABLE_ASSIGNMENT|[EXTERNAL]|value|false
17:11:35.0 (22054447)|HEAP_ALLOCATE|[100]|Bytes:5
17:11:35.0 (22057548)|VARIABLE_ASSIGNMENT|[100]|this.checked|false|0x38627156
17:11:35.0 (22063418)|CONSTRUCTOR_EXIT|[18]|01p46000002wayn|<init>(Expense__c,Boolean)
17:11:35.0 (22068647)|HEAP_ALLOCATE|[EXTERNAL]|Bytes:4
17:11:35.0 (22075855)|HEAP_ALLOCATE|[16]|Bytes:5
17:11:35.0 (22083054)|VARIABLE_ASSIGNMENT|[16]|ex|null|
17:11:35.0 (22086540)|STATEMENT_EXECUTE|[21]
17:11:35.0 (22113591)|VARIABLE_ASSIGNMENT|[EXTERNAL]|this|{"queryString":"","wrappedExpenses":"0x621c00db"}|0x37c40ef7
17:11:35.0 (22952984)|HEAP_ALLOCATE|[EXTERNAL]|Bytes:5
17:11:35.0 (22956835)|HEAP_ALLOCATE|[EXTERNAL]|Bytes:12
17:11:35.0 (22964260)|VARIABLE_ASSIGNMENT|[EXTERNAL]|this.checked|false|0x54491de6
17:11:35.0 (23003168)|HEAP_ALLOCATE|[EXTERNAL]|Bytes:5
17:11:35.0 (23006263)|HEAP_ALLOCATE|[EXTERNAL]|Bytes:12
17:11:35.0 (23010919)|VARIABLE_ASSIGNMENT|[EXTERNAL]|this.checked|false|0x3e8d5f8d
17:11:35.0 (23040960)|HEAP_ALLOCATE|[EXTERNAL]|Bytes:5
17:11:35.0 (23043298)|HEAP_ALLOCATE|[EXTERNAL]|Bytes:12
17:11:35.0 (23047468)|VARIABLE_ASSIGNMENT|[EXTERNAL]|this.checked|false|0x709559ff
17:11:35.0 (23075002)|HEAP_ALLOCATE|[EXTERNAL]|Bytes:5
17:11:35.0 (23077027)|HEAP_ALLOCATE|[EXTERNAL]|Bytes:12
17:11:35.0 (23081189)|VARIABLE_ASSIGNMENT|[EXTERNAL]|this.checked|false|0xc846f0e
17:11:35.0 (23114717)|HEAP_ALLOCATE|[EXTERNAL]|Bytes:5
17:11:35.0 (23116882)|HEAP_ALLOCATE|[EXTERNAL]|Bytes:12
17:11:35.0 (23121006)|VARIABLE_ASSIGNMENT|[EXTERNAL]|this.checked|true|0x38627156
17:11:35.0 (23249902)|HEAP_ALLOCATE|[EXTERNAL]|Bytes:12
17:11:35.0 (23256512)|VARIABLE_SCOPE_BEGIN|[78]|this|ExpenseController|true|false
17:11:35.0 (23274254)|VARIABLE_ASSIGNMENT|[78]|this|{"queryString":"","wrappedExpenses":"0x621c00db"}|0x37c40ef7
17:11:35.0 (23282304)|STATEMENT_EXECUTE|[78]
17:11:35.0 (23284134)|STATEMENT_EXECUTE|[80]
17:11:35.0 (23288461)|HEAP_ALLOCATE|[80]|Bytes:4
17:11:35.0 (23309053)|VARIABLE_SCOPE_BEGIN|[80]|updateExpenses|List<Expense__c>|true|false
17:11:35.0 (23314047)|HEAP_ALLOCATE|[EXTERNAL]|Bytes:4
17:11:35.0 (23319289)|VARIABLE_ASSIGNMENT|[80]|updateExpenses|[]|0x36c7d626
17:11:35.0 (23341711)|VARIABLE_ASSIGNMENT|[EXTERNAL]|this|{"queryString":"","wrappedExpenses":"0x621c00db"}|0x37c40ef7
17:11:35.0 (23413321)|HEAP_ALLOCATE|[82]|Bytes:5
17:11:35.0 (23424044)|HEAP_ALLOCATE|[82]|Bytes:12
17:11:35.0 (23428899)|VARIABLE_SCOPE_BEGIN|[82]|ep|ExpenseController.ExpenseWrapper|true|false
17:11:35.0 (23443498)|VARIABLE_ASSIGNMENT|[82]|ep|{"checked":false,"expense":"0x66b9cab6"}|0x54491de6
17:11:35.0 (23448217)|STATEMENT_EXECUTE|[82]
17:11:35.0 (23474737)|VARIABLE_ASSIGNMENT|[EXTERNAL]|this|{"checked":false,"expense":"0x66b9cab6"}|0x54491de6
17:11:35.0 (23483278)|STATEMENT_EXECUTE|[84]
17:11:35.0 (23490492)|HEAP_ALLOCATE|[82]|Bytes:5
17:11:35.0 (23496675)|HEAP_ALLOCATE|[82]|Bytes:12
17:11:35.0 (23500154)|VARIABLE_SCOPE_BEGIN|[82]|ep|ExpenseController.ExpenseWrapper|true|false
17:11:35.0 (23509559)|VARIABLE_ASSIGNMENT|[82]|ep|{"checked":false,"expense":"0x2f3047ae"}|0x3e8d5f8d
17:11:35.0 (23511947)|STATEMENT_EXECUTE|[82]
17:11:35.0 (23521879)|VARIABLE_ASSIGNMENT|[EXTERNAL]|this|{"checked":false,"expense":"0x2f3047ae"}|0x3e8d5f8d
17:11:35.0 (23526674)|STATEMENT_EXECUTE|[84]
17:11:35.0 (23531334)|HEAP_ALLOCATE|[82]|Bytes:5
17:11:35.0 (23536156)|HEAP_ALLOCATE|[82]|Bytes:12
17:11:35.0 (23539024)|VARIABLE_SCOPE_BEGIN|[82]|ep|ExpenseController.ExpenseWrapper|true|false
17:11:35.0 (23546621)|VARIABLE_ASSIGNMENT|[82]|ep|{"checked":false,"expense":"0x6b1f41ad"}|0x709559ff
17:11:35.0 (23548805)|STATEMENT_EXECUTE|[82]
17:11:35.0 (23557423)|VARIABLE_ASSIGNMENT|[EXTERNAL]|this|{"checked":false,"expense":"0x6b1f41ad"}|0x709559ff
17:11:35.0 (23561670)|STATEMENT_EXECUTE|[84]
17:11:35.0 (23566059)|HEAP_ALLOCATE|[82]|Bytes:5
17:11:35.0 (23570734)|HEAP_ALLOCATE|[82]|Bytes:12
17:11:35.0 (23573582)|VARIABLE_SCOPE_BEGIN|[82]|ep|ExpenseController.ExpenseWrapper|true|false
17:11:35.0 (23581077)|VARIABLE_ASSIGNMENT|[82]|ep|{"checked":false,"expense":"0x4a270b22"}|0xc846f0e
17:11:35.0 (23583460)|STATEMENT_EXECUTE|[82]
17:11:35.0 (23591915)|VARIABLE_ASSIGNMENT|[EXTERNAL]|this|{"checked":false,"expense":"0x4a270b22"}|0xc846f0e
17:11:35.0 (23595838)|STATEMENT_EXECUTE|[84]
17:11:35.0 (23600072)|HEAP_ALLOCATE|[82]|Bytes:5
17:11:35.0 (23604779)|HEAP_ALLOCATE|[82]|Bytes:12
17:11:35.0 (23607343)|VARIABLE_SCOPE_BEGIN|[82]|ep|ExpenseController.ExpenseWrapper|true|false
17:11:35.0 (23614775)|VARIABLE_ASSIGNMENT|[82]|ep|{"checked":true,"expense":"0x62e394aa"}|0x38627156
17:11:35.0 (23616991)|STATEMENT_EXECUTE|[82]
17:11:35.0 (23625524)|VARIABLE_ASSIGNMENT|[EXTERNAL]|this|{"checked":true,"expense":"0x62e394aa"}|0x38627156
17:11:35.0 (23629584)|STATEMENT_EXECUTE|[84]
17:11:35.0 (23630979)|STATEMENT_EXECUTE|[86]
17:11:35.0 (23652496)|VARIABLE_ASSIGNMENT|[EXTERNAL]|this|{"checked":true,"expense":"0x62e394aa"}|0x38627156
17:11:35.0 (23717405)|VARIABLE_ASSIGNMENT|[86]|this.Submitted__c|true|0x62e394aa
17:11:35.0 (23721329)|STATEMENT_EXECUTE|[87]
17:11:35.0 (23743236)|VARIABLE_ASSIGNMENT|[EXTERNAL]|this|{"checked":true,"expense":"0x62e394aa"}|0x38627156
17:11:35.0 (23754063)|HEAP_ALLOCATE|[EXTERNAL]|Bytes:4
17:11:35.0 (23763272)|HEAP_ALLOCATE|[82]|Bytes:5
17:11:35.0 (23770020)|VARIABLE_ASSIGNMENT|[82]|ep|null|
17:11:35.0 (23772943)|STATEMENT_EXECUTE|[92]
17:11:35.0 (23808546)|DML_BEGIN|[92]|Op:Update|Type:Expense__c|Rows:1
17:11:35.0 (23831682)|HEAP_ALLOCATE|[EXTERNAL]|Bytes:8
17:11:35.0 (34695196)|CODE_UNIT_STARTED|[EXTERNAL]|01q46000000Qd5z|UpdateOrDeleteExpenseTrigger on Expense trigger event BeforeUpdate for [a0F46000000FBbl]
17:11:35.0 (34730668)|HEAP_ALLOCATE|[EXTERNAL]|Bytes:8
17:11:35.0 (34753200)|HEAP_ALLOCATE|[EXTERNAL]|Bytes:8
17:11:35.0 (34819662)|HEAP_ALLOCATE|[EXTERNAL]|Bytes:4
17:11:35.0 (34825983)|VARIABLE_SCOPE_BEGIN|[1]|this|UpdateOrDeleteExpenseTrigger|true|false
17:11:35.0 (34844516)|VARIABLE_ASSIGNMENT|[1]|this|{}|0x38b30a68
17:11:35.0 (34874469)|HEAP_ALLOCATE|[EXTERNAL]|Bytes:4
17:11:35.0 (34878947)|VARIABLE_SCOPE_BEGIN|[1]|this|UpdateOrDeleteExpenseTrigger|true|false
17:11:35.0 (34885572)|VARIABLE_ASSIGNMENT|[1]|this|{}|0x38b30a68
17:11:35.0 (34890609)|STATEMENT_EXECUTE|[1]
17:11:35.0 (34906528)|STATEMENT_EXECUTE|[3]
17:11:35.0 (34912284)|STATEMENT_EXECUTE|[15]
17:11:35.0 (34954934)|HEAP_ALLOCATE|[17]|Bytes:5
17:11:35.0 (34968400)|HEAP_ALLOCATE|[17]|Bytes:4
17:11:35.0 (34973910)|VARIABLE_SCOPE_BEGIN|[17]|ex|Expense__c|true|false
17:11:35.0 (36006197)|VARIABLE_ASSIGNMENT|[17]|ex|{"Expense_Status__c":"NOT SUBMITTED","LastModifiedDate":"2017-03-21T20:55:32.000Z","IsDeleted":false,"Travel_Country__c":"Indonesia","Name":"Test","SystemModstamp":"2017-03-23T10:31:00.000Z","Employee__c":"00346000002ojVWAAY","OwnerId":"00546000000IihsAAC","CreatedById":"00546000000IihsAAC","Amount__c":3500,"Submitted__c":true,"Category__c":"Transportation","RecordTypeId":"012460000005G1FAAU","CreatedDate":"2017-03-21T17:45:50.000Z","Travel_Region__c":"Asia","Id":"a0F46000000FBblEAG","LastModifiedById":"00546000000IihsAAC","Tax__c":455.00}|0x663733b9
17:11:35.0 (36014931)|STATEMENT_EXECUTE|[17]
17:11:35.0 (36040658)|HEAP_ALLOCATE|[20]|Bytes:13
17:11:35.0 (36069968)|STATEMENT_EXECUTE|[26]
17:11:35.0 (36097042)|STATEMENT_EXECUTE|[28]
17:11:35.0 (36099721)|STATEMENT_EXECUTE|[30]
17:11:35.0 (36102383)|HEAP_ALLOCATE|[30]|Bytes:9
17:11:35.0 (36195550)|VARIABLE_ASSIGNMENT|[30]|this.Expense_Status__c|"SUBMITTED"|0x663733b9
17:11:35.0 (36210471)|HEAP_ALLOCATE|[17]|Bytes:5
17:11:35.0 (36222402)|VARIABLE_ASSIGNMENT|[17]|ex|null|
17:11:35.36 (36228850)|CUMULATIVE_LIMIT_USAGE
17:11:35.36 (36228850)|LIMIT_USAGE_FOR_NS|(default)|
  Number of SOQL queries: 1 out of 100
  Number of query rows: 5 out of 50000
  Number of SOSL queries: 0 out of 20
  Number of DML statements: 1 out of 150
  Number of DML rows: 1 out of 10000
  Maximum CPU time: 0 out of 10000
  Maximum heap size: 0 out of 6000000
  Number of callouts: 0 out of 100
  Number of Email Invocations: 0 out of 10
  Number of future calls: 0 out of 50
  Number of queueable jobs added to the queue: 0 out of 50
  Number of Mobile Apex push calls: 0 out of 10

17:11:35.36 (36228850)|CUMULATIVE_LIMIT_USAGE_END

17:11:35.0 (38002773)|CODE_UNIT_FINISHED|UpdateOrDeleteExpenseTrigger on Expense trigger event BeforeUpdate for [a0F46000000FBbl]
17:11:35.0 (40793641)|CODE_UNIT_STARTED|[EXTERNAL]|Validation:Expense:a0F46000000FBbl
17:11:35.0 (40800418)|VALIDATION_RULE|03d46000000DMqh|InsertOtherValue
17:11:35.0 (40935598)|VALIDATION_FORMULA|AND (IF (ISPICKVAL( Category__c , "Other"), true, false),  ISBLANK( Other__c ) )|Category__c=Transportation , Other__c=null
17:11:35.0 (40939710)|VALIDATION_PASS
17:11:35.0 (40963146)|CODE_UNIT_FINISHED|Validation:Expense:a0F46000000FBbl
17:11:35.0 (50785156)|CODE_UNIT_STARTED|[EXTERNAL]|Workflow:01I46000000AdSk
17:11:35.0 (57181432)|WF_RULE_EVAL_BEGIN|Workflow
17:11:35.0 (57202818)|WF_CRITERIA_BEGIN|[Expense: Test a0F46000000FBbl]|High_Value_Expense_Email_Alert30146000000Cjmi|01Q460000000EDT|ON_ALL_CHANGES|0
17:11:35.0 (57287470)|WF_FORMULA|Formula:ENCODED:[treatNullAsNull]true|Values:
17:11:35.0 (57291186)|WF_CRITERIA_END|true
17:11:35.0 (57754373)|WF_SPOOL_ACTION_BEGIN|Workflow
17:11:35.0 (57774405)|WF_ACTION| Flow Trigger: 1;
17:11:35.0 (57776660)|WF_RULE_EVAL_END
17:11:35.0 (58226073)|WF_FLOW_ACTION_BEGIN|09L46000000Lo2w
17:11:35.58 (58281444)|FLOW_CREATE_INTERVIEW_BEGIN|00D46000000buVW|30046000000Grmv|30146000000Cjmi
17:11:35.58 (59740745)|FLOW_CREATE_INTERVIEW_END|8198d9fe093ed9e6a8c47295bc6915afcc17816-48f0|High Value Expense Email Alert
17:11:35.60 (60050148)|FLOW_START_INTERVIEWS_BEGIN|1
17:11:35.60 (60737613)|FLOW_START_INTERVIEW_BEGIN|8198d9fe093ed9e6a8c47295bc6915afcc17816-48f0|High Value Expense Email Alert
17:11:35.60 (61445238)|FLOW_START_INTERVIEW_END|8198d9fe093ed9e6a8c47295bc6915afcc17816-48f0|High Value Expense Email Alert
17:11:35.60 (61457225)|FLOW_START_INTERVIEWS_END|1
17:11:35.0 (62394007)|WF_FLOW_ACTION_END|09L46000000Lo2w
17:11:35.0 (62465206)|WF_ACTIONS_END| Flow Trigger: 1;
17:11:35.0 (62470073)|CODE_UNIT_FINISHED|Workflow:01I46000000AdSk
17:11:35.0 (64707074)|DML_END|[92]
17:11:35.0 (64783584)|HEAP_ALLOCATE|[EXTERNAL]|Bytes:8
17:11:35.0 (70608937)|SYSTEM_MODE_ENTER|true
17:11:35.0 (70656672)|HEAP_ALLOCATE|[EXTERNAL]|Bytes:12
17:11:35.0 (70667074)|VARIABLE_SCOPE_BEGIN|[8]|this|ExpenseController|true|false
17:11:35.0 (70713759)|VARIABLE_ASSIGNMENT|[8]|this|{"queryString":"","wrappedExpenses":"0x621c00db"}|0x37c40ef7
17:11:35.0 (70726861)|STATEMENT_EXECUTE|[8]
17:11:35.0 (70728880)|STATEMENT_EXECUTE|[10]
17:11:35.0 (70747362)|HEAP_ALLOCATE|[10]|Bytes:161
17:11:35.0 (71144863)|SOQL_EXECUTE_BEGIN|[10]|Aggregations:0|SELECT Category__c, RecordType.Name, Amount__c, Tax__c, Client_Company__c, Submitted__c, Employee__r.Id, Employee__r.Name, Employee__r.Birthdate FROM Expense__c 
17:11:35.0 (77153698)|SOQL_EXECUTE_END|[10]|Rows:5
17:11:35.0 (77169953)|HEAP_ALLOCATE|[10]|Bytes:24
17:11:35.0 (77234586)|HEAP_ALLOCATE|[10]|Bytes:1579
17:11:35.0 (77266228)|HEAP_ALLOCATE|[10]|Bytes:24
17:11:35.0 (77287655)|VARIABLE_SCOPE_BEGIN|[10]|results|List<Expense__c>|true|false
17:11:35.0 (77372273)|VARIABLE_ASSIGNMENT|[10]|results|[{"Category__c":"Road Meals","RecordTypeId":"012460000005G1KAAU","Amount__c":8900,"Tax__c":1157.00,"Submitted__c":true,"Employee__c":"00346000002ojeGAAQ","Id":"a0F46000000FmUwEAK","RecordType":{"Name":"Client Meetings","Id":"012460000005G1KAAU"},"Employee__r":{"Id":"00346000002ojeGAAQ","Name":"Paolo Smith"}},{"RecordTypeId":"012460000005G1FAAU","Amount__c":3000,"Tax__c":390.00,"Submitted__c":true,"Employee__c":"00346000002ojVWAAY","Id":"a0F46000000Fp6rEAC","RecordType":{"Name":"Business Trips","Id":"012460000005G1FAAU"},"Employee__r":{"Id":"00346000002ojVWAAY","Name":"Carol Ruiz","Birthdate":"2017-10-09T00:00:00.000Z"}},{"Category__c":"Event Registration","RecordTypeId":"012460000005G1FAAU","Amount__c":3499,"Tax__c":454.87,"Submitted__c":true,"Employee__c":"00346000002ojVWAAY","Id":"a0F46000000Fp76EAC","RecordType":{"Name":"Business Trips","Id":"012460000005G1FAAU"},"Employee__r":{"Id":"00346000002ojVWAAY","Name":"Carol Ruiz","Birthdate":"2017-10-09T00:00:00.000Z"}},{"Category__c":"Event Registration","RecordTypeId":"012460000005G1KAAU","Amount__c":5600,"Tax__c":728.00,"Submitted__c":true,"Employee__c":"00346000002oeLWAAY","Id":"a0F46000000FBc6EAG","RecordType":{"Name":"Client Meetings","Id":"012460000005G1KAAU"},"Employee__r":{"Id":"00346000002oeLWAAY","Name":"Paulo Acosta"}},{"Category__c":"Transportation","RecordTypeId":"012460000005G1FAAU","Amount__c":3500,"Tax__c":455.00,"Submitted__c":true,"Employee__c":"00346000002ojVWAAY","Id":"a0F46000000FBblEAG","RecordType":{"Name":"Business Trips","Id":"012460000005G1FAAU"},"Employee__r":{"Id":"00346000002ojVWAAY","Name":"Carol Ruiz","Birthdate":"2017-10-09T00:00:00.000Z"}}]|0x1bfdb615
17:11:35.0 (77385610)|STATEMENT_EXECUTE|[15]
17:11:35.0 (77393077)|HEAP_ALLOCATE|[15]|Bytes:4
17:11:35.0 (77445370)|VARIABLE_ASSIGNMENT|[EXTERNAL]|this|{"queryString":"","wrappedExpenses":"0x621c00db"}|0x37c40ef7
17:11:35.0 (77455985)|HEAP_ALLOCATE|[EXTERNAL]|Bytes:4
17:11:35.0 (77461594)|VARIABLE_ASSIGNMENT|[EXTERNAL]|value|[]|0x5c1d6044
17:11:35.0 (77470829)|VARIABLE_ASSIGNMENT|[5]|this.wrappedExpenses|[]|0x37c40ef7
17:11:35.0 (77504488)|HEAP_ALLOCATE|[16]|Bytes:5
17:11:35.0 (77534830)|HEAP_ALLOCATE|[16]|Bytes:40
17:11:35.0 (77544691)|VARIABLE_SCOPE_BEGIN|[16]|ex|Expense__c|true|false
17:11:35.0 (77560050)|VARIABLE_ASSIGNMENT|[16]|ex|{"Category__c":"Road Meals","RecordTypeId":"012460000005G1KAAU","Amount__c":8900,"Tax__c":1157.00,"Submitted__c":true,"Employee__c":"00346000002ojeGAAQ","Id":"a0F46000000FmUwEAK","RecordType":{"Name":"Client Meetings","Id":"012460000005G1KAAU"},"Employee__r":{"Id":"00346000002ojeGAAQ","Name":"Paolo Smith"}}|0x1be7b21c
17:11:35.0 (77565132)|STATEMENT_EXECUTE|[16]
17:11:35.0 (77566788)|STATEMENT_EXECUTE|[18]
17:11:35.0 (77584193)|VARIABLE_ASSIGNMENT|[EXTERNAL]|this|{"queryString":"","wrappedExpenses":"0x5c1d6044"}|0x37c40ef7
17:11:35.0 (77595292)|HEAP_ALLOCATE|[18]|Bytes:12
17:11:35.0 (77606496)|CONSTRUCTOR_ENTRY|[18]|01p46000002wayn|<init>(Expense__c,Boolean)
17:11:35.0 (77609745)|VARIABLE_SCOPE_BEGIN|[102]|this|ExpenseController.ExpenseWrapper|true|false
17:11:35.0 (77619359)|VARIABLE_ASSIGNMENT|[102]|this|{}|0x68d252fe
17:11:35.0 (77621494)|VARIABLE_SCOPE_BEGIN|[102]|ex|Expense__c|true|false
17:11:35.0 (77632207)|VARIABLE_ASSIGNMENT|[102]|ex|{"Category__c":"Road Meals","RecordTypeId":"012460000005G1KAAU","Amount__c":8900,"Tax__c":1157.00,"Submitted__c":true,"Employee__c":"00346000002ojeGAAQ","Id":"a0F46000000FmUwEAK","RecordType":{"Name":"Client Meetings","Id":"012460000005G1KAAU"},"Employee__r":{"Id":"00346000002ojeGAAQ","Name":"Paolo Smith"}}|0x1be7b21c
17:11:35.0 (77636728)|VARIABLE_SCOPE_BEGIN|[102]|check|Boolean|false|false
17:11:35.0 (77639825)|VARIABLE_ASSIGNMENT|[102]|check|false
17:11:35.0 (77643103)|STATEMENT_EXECUTE|[97]
17:11:35.0 (77644692)|STATEMENT_EXECUTE|[99]
17:11:35.0 (77646286)|STATEMENT_EXECUTE|[100]
17:11:35.0 (77662551)|STATEMENT_EXECUTE|[102]
17:11:35.0 (77664312)|STATEMENT_EXECUTE|[104]
17:11:35.0 (77674627)|VARIABLE_ASSIGNMENT|[EXTERNAL]|this|{}|0x68d252fe
17:11:35.0 (77684927)|VARIABLE_ASSIGNMENT|[EXTERNAL]|value|{"Category__c":"Road Meals","RecordTypeId":"012460000005G1KAAU","Amount__c":8900,"Tax__c":1157.00,"Submitted__c":true,"Employee__c":"00346000002ojeGAAQ","Id":"a0F46000000FmUwEAK","RecordType":{"Name":"Client Meetings","Id":"012460000005G1KAAU"},"Employee__r":{"Id":"00346000002ojeGAAQ","Name":"Paolo Smith"}}|0x1be7b21c
17:11:35.0 (77697146)|VARIABLE_ASSIGNMENT|[99]|this.expense|{"Category__c":"Road Meals","RecordTypeId":"012460000005G1KAAU","Amount__c":8900,"Tax__c":1157.00,"Submitted__c":true,"Employee__c":"00346000002ojeGAAQ","Id":"a0F46000000FmUwEAK","RecordType":{"Name":"Client Meetings","Id":"012460000005G1KAAU"},"Employee__r":{"Id":"00346000002ojeGAAQ","Name":"Paolo Smith"}}|0x68d252fe
17:11:35.0 (77702806)|STATEMENT_EXECUTE|[105]
17:11:35.0 (77713183)|VARIABLE_ASSIGNMENT|[EXTERNAL]|this|{"expense":"0x1be7b21c"}|0x68d252fe
17:11:35.0 (77720806)|VARIABLE_ASSIGNMENT|[EXTERNAL]|value|false
17:11:35.0 (77724120)|HEAP_ALLOCATE|[100]|Bytes:5
17:11:35.0 (77728022)|VARIABLE_ASSIGNMENT|[100]|this.checked|false|0x68d252fe
17:11:35.0 (77735343)|CONSTRUCTOR_EXIT|[18]|01p46000002wayn|<init>(Expense__c,Boolean)
17:11:35.0 (77744384)|HEAP_ALLOCATE|[EXTERNAL]|Bytes:4
17:11:35.0 (77753279)|HEAP_ALLOCATE|[16]|Bytes:5
17:11:35.0 (77770463)|HEAP_ALLOCATE|[16]|Bytes:36
17:11:35.0 (77774623)|VARIABLE_SCOPE_BEGIN|[16]|ex|Expense__c|true|false
17:11:35.0 (77793323)|VARIABLE_ASSIGNMENT|[16]|ex|{"RecordTypeId":"012460000005G1FAAU","Amount__c":3000,"Tax__c":390.00,"Submitted__c":true,"Employee__c":"00346000002ojVWAAY","Id":"a0F46000000Fp6rEAC","RecordType":{"Name":"Business Trips","Id":"012460000005G1FAAU"},"Employee__r":{"Id":"00346000002ojVWAAY","Name":"Carol Ruiz","Birthdate":"2017-10-09T00:00:00.000Z"}}|0x1b49d9f2
17:11:35.0 (77797883)|STATEMENT_EXECUTE|[16]
17:11:35.0 (77799242)|STATEMENT_EXECUTE|[18]
17:11:35.0 (77813414)|VARIABLE_ASSIGNMENT|[EXTERNAL]|this|{"queryString":"","wrappedExpenses":"0x5c1d6044"}|0x37c40ef7
17:11:35.0 (77820370)|HEAP_ALLOCATE|[18]|Bytes:12
17:11:35.0 (77826773)|CONSTRUCTOR_ENTRY|[18]|01p46000002wayn|<init>(Expense__c,Boolean)
17:11:35.0 (77829218)|VARIABLE_SCOPE_BEGIN|[102]|this|ExpenseController.ExpenseWrapper|true|false
17:11:35.0 (77836234)|VARIABLE_ASSIGNMENT|[102]|this|{}|0x49a4d38e
17:11:35.0 (77837751)|VARIABLE_SCOPE_BEGIN|[102]|ex|Expense__c|true|false
17:11:35.0 (77850607)|VARIABLE_ASSIGNMENT|[102]|ex|{"RecordTypeId":"012460000005G1FAAU","Amount__c":3000,"Tax__c":390.00,"Submitted__c":true,"Employee__c":"00346000002ojVWAAY","Id":"a0F46000000Fp6rEAC","RecordType":{"Name":"Business Trips","Id":"012460000005G1FAAU"},"Employee__r":{"Id":"00346000002ojVWAAY","Name":"Carol Ruiz","Birthdate":"2017-10-09T00:00:00.000Z"}}|0x1b49d9f2
17:11:35.0 (77854327)|VARIABLE_SCOPE_BEGIN|[102]|check|Boolean|false|false
17:11:35.0 (77856805)|VARIABLE_ASSIGNMENT|[102]|check|false
17:11:35.0 (77859477)|STATEMENT_EXECUTE|[97]
17:11:35.0 (77860796)|STATEMENT_EXECUTE|[99]
17:11:35.0 (77862092)|STATEMENT_EXECUTE|[100]
17:11:35.0 (77870163)|STATEMENT_EXECUTE|[102]
17:11:35.0 (77871827)|STATEMENT_EXECUTE|[104]
17:11:35.0 (77880666)|VARIABLE_ASSIGNMENT|[EXTERNAL]|this|{}|0x49a4d38e
17:11:35.0 (77893418)|VARIABLE_ASSIGNMENT|[EXTERNAL]|value|{"RecordTypeId":"012460000005G1FAAU","Amount__c":3000,"Tax__c":390.00,"Submitted__c":true,"Employee__c":"00346000002ojVWAAY","Id":"a0F46000000Fp6rEAC","RecordType":{"Name":"Business Trips","Id":"012460000005G1FAAU"},"Employee__r":{"Id":"00346000002ojVWAAY","Name":"Carol Ruiz","Birthdate":"2017-10-09T00:00:00.000Z"}}|0x1b49d9f2
17:11:35.0 (77906409)|VARIABLE_ASSIGNMENT|[99]|this.expense|{"RecordTypeId":"012460000005G1FAAU","Amount__c":3000,"Tax__c":390.00,"Submitted__c":true,"Employee__c":"00346000002ojVWAAY","Id":"a0F46000000Fp6rEAC","RecordType":{"Name":"Business Trips","Id":"012460000005G1FAAU"},"Employee__r":{"Id":"00346000002ojVWAAY","Name":"Carol Ruiz","Birthdate":"2017-10-09T00:00:00.000Z"}}|0x49a4d38e
17:11:35.0 (77911288)|STATEMENT_EXECUTE|[105]
17:11:35.0 (77920766)|VARIABLE_ASSIGNMENT|[EXTERNAL]|this|{"expense":"0x1b49d9f2"}|0x49a4d38e
17:11:35.0 (77924865)|VARIABLE_ASSIGNMENT|[EXTERNAL]|value|false
17:11:35.0 (77937291)|HEAP_ALLOCATE|[100]|Bytes:5
17:11:35.0 (77941818)|VARIABLE_ASSIGNMENT|[100]|this.checked|false|0x49a4d38e
17:11:35.0 (77949160)|CONSTRUCTOR_EXIT|[18]|01p46000002wayn|<init>(Expense__c,Boolean)
17:11:35.0 (77955145)|HEAP_ALLOCATE|[EXTERNAL]|Bytes:4
17:11:35.0 (77962969)|HEAP_ALLOCATE|[16]|Bytes:5
17:11:35.0 (77979559)|HEAP_ALLOCATE|[16]|Bytes:40
17:11:35.0 (77983875)|VARIABLE_SCOPE_BEGIN|[16]|ex|Expense__c|true|false
17:11:35.0 (78001360)|VARIABLE_ASSIGNMENT|[16]|ex|{"Category__c":"Event Registration","RecordTypeId":"012460000005G1FAAU","Amount__c":3499,"Tax__c":454.87,"Submitted__c":true,"Employee__c":"00346000002ojVWAAY","Id":"a0F46000000Fp76EAC","RecordType":{"Name":"Business Trips","Id":"012460000005G1FAAU"},"Employee__r":{"Id":"00346000002ojVWAAY","Name":"Carol Ruiz","Birthdate":"2017-10-09T00:00:00.000Z"}}|0x7c323e08
17:11:35.0 (78006205)|STATEMENT_EXECUTE|[16]
17:11:35.0 (78007608)|STATEMENT_EXECUTE|[18]
17:11:35.0 (78021759)|VARIABLE_ASSIGNMENT|[EXTERNAL]|this|{"queryString":"","wrappedExpenses":"0x5c1d6044"}|0x37c40ef7
17:11:35.0 (78028868)|HEAP_ALLOCATE|[18]|Bytes:12
17:11:35.0 (78034864)|CONSTRUCTOR_ENTRY|[18]|01p46000002wayn|<init>(Expense__c,Boolean)
17:11:35.0 (78037098)|VARIABLE_SCOPE_BEGIN|[102]|this|ExpenseController.ExpenseWrapper|true|false
17:11:35.0 (78043843)|VARIABLE_ASSIGNMENT|[102]|this|{}|0x3f9f89b1
17:11:35.0 (78045335)|VARIABLE_SCOPE_BEGIN|[102]|ex|Expense__c|true|false
17:11:35.0 (78058218)|VARIABLE_ASSIGNMENT|[102]|ex|{"Category__c":"Event Registration","RecordTypeId":"012460000005G1FAAU","Amount__c":3499,"Tax__c":454.87,"Submitted__c":true,"Employee__c":"00346000002ojVWAAY","Id":"a0F46000000Fp76EAC","RecordType":{"Name":"Business Trips","Id":"012460000005G1FAAU"},"Employee__r":{"Id":"00346000002ojVWAAY","Name":"Carol Ruiz","Birthdate":"2017-10-09T00:00:00.000Z"}}|0x7c323e08
17:11:35.0 (78062278)|VARIABLE_SCOPE_BEGIN|[102]|check|Boolean|false|false
17:11:35.0 (78064736)|VARIABLE_ASSIGNMENT|[102]|check|false
17:11:35.0 (78067681)|STATEMENT_EXECUTE|[97]
17:11:35.0 (78069024)|STATEMENT_EXECUTE|[99]
17:11:35.0 (78070424)|STATEMENT_EXECUTE|[100]
17:11:35.0 (78078755)|STATEMENT_EXECUTE|[102]
17:11:35.0 (78080029)|STATEMENT_EXECUTE|[104]
17:11:35.0 (78088585)|VARIABLE_ASSIGNMENT|[EXTERNAL]|this|{}|0x3f9f89b1
17:11:35.0 (78106317)|VARIABLE_ASSIGNMENT|[EXTERNAL]|value|{"Category__c":"Event Registration","RecordTypeId":"012460000005G1FAAU","Amount__c":3499,"Tax__c":454.87,"Submitted__c":true,"Employee__c":"00346000002ojVWAAY","Id":"a0F46000000Fp76EAC","RecordType":{"Name":"Business Trips","Id":"012460000005G1FAAU"},"Employee__r":{"Id":"00346000002ojVWAAY","Name":"Carol Ruiz","Birthdate":"2017-10-09T00:00:00.000Z"}}|0x7c323e08
17:11:35.0 (78119791)|VARIABLE_ASSIGNMENT|[99]|this.expense|{"Category__c":"Event Registration","RecordTypeId":"012460000005G1FAAU","Amount__c":3499,"Tax__c":454.87,"Submitted__c":true,"Employee__c":"00346000002ojVWAAY","Id":"a0F46000000Fp76EAC","RecordType":{"Name":"Business Trips","Id":"012460000005G1FAAU"},"Employee__r":{"Id":"00346000002ojVWAAY","Name":"Carol Ruiz","Birthdate":"2017-10-09T00:00:00.000Z"}}|0x3f9f89b1
17:11:35.0 (78125366)|STATEMENT_EXECUTE|[105]
17:11:35.0 (78134983)|VARIABLE_ASSIGNMENT|[EXTERNAL]|this|{"expense":"0x7c323e08"}|0x3f9f89b1
17:11:35.0 (78139082)|VARIABLE_ASSIGNMENT|[EXTERNAL]|value|false
17:11:35.0 (78141497)|HEAP_ALLOCATE|[100]|Bytes:5
17:11:35.0 (78144789)|VARIABLE_ASSIGNMENT|[100]|this.checked|false|0x3f9f89b1
17:11:35.0 (78151012)|CONSTRUCTOR_EXIT|[18]|01p46000002wayn|<init>(Expense__c,Boolean)
17:11:35.0 (78157227)|HEAP_ALLOCATE|[EXTERNAL]|Bytes:4
17:11:35.0 (78164676)|HEAP_ALLOCATE|[16]|Bytes:5
17:11:35.0 (78180375)|HEAP_ALLOCATE|[16]|Bytes:40
17:11:35.0 (78184396)|VARIABLE_SCOPE_BEGIN|[16]|ex|Expense__c|true|false
17:11:35.0 (78197281)|VARIABLE_ASSIGNMENT|[16]|ex|{"Category__c":"Event Registration","RecordTypeId":"012460000005G1KAAU","Amount__c":5600,"Tax__c":728.00,"Submitted__c":true,"Employee__c":"00346000002oeLWAAY","Id":"a0F46000000FBc6EAG","RecordType":{"Name":"Client Meetings","Id":"012460000005G1KAAU"},"Employee__r":{"Id":"00346000002oeLWAAY","Name":"Paulo Acosta"}}|0x5b73b05b
17:11:35.0 (78201610)|STATEMENT_EXECUTE|[16]
17:11:35.0 (78202955)|STATEMENT_EXECUTE|[18]
17:11:35.0 (78216574)|VARIABLE_ASSIGNMENT|[EXTERNAL]|this|{"queryString":"","wrappedExpenses":"0x5c1d6044"}|0x37c40ef7
17:11:35.0 (78222881)|HEAP_ALLOCATE|[18]|Bytes:12
17:11:35.0 (78228411)|CONSTRUCTOR_ENTRY|[18]|01p46000002wayn|<init>(Expense__c,Boolean)
17:11:35.0 (78230687)|VARIABLE_SCOPE_BEGIN|[102]|this|ExpenseController.ExpenseWrapper|true|false
17:11:35.0 (78237226)|VARIABLE_ASSIGNMENT|[102]|this|{}|0x837d146
17:11:35.0 (78238734)|VARIABLE_SCOPE_BEGIN|[102]|ex|Expense__c|true|false
17:11:35.0 (78248060)|VARIABLE_ASSIGNMENT|[102]|ex|{"Category__c":"Event Registration","RecordTypeId":"012460000005G1KAAU","Amount__c":5600,"Tax__c":728.00,"Submitted__c":true,"Employee__c":"00346000002oeLWAAY","Id":"a0F46000000FBc6EAG","RecordType":{"Name":"Client Meetings","Id":"012460000005G1KAAU"},"Employee__r":{"Id":"00346000002oeLWAAY","Name":"Paulo Acosta"}}|0x5b73b05b
17:11:35.0 (78251668)|VARIABLE_SCOPE_BEGIN|[102]|check|Boolean|false|false
17:11:35.0 (78253885)|VARIABLE_ASSIGNMENT|[102]|check|false
17:11:35.0 (78256484)|STATEMENT_EXECUTE|[97]
17:11:35.0 (78257832)|STATEMENT_EXECUTE|[99]
17:11:35.0 (78259127)|STATEMENT_EXECUTE|[100]
17:11:35.0 (78266566)|STATEMENT_EXECUTE|[102]
17:11:35.0 (78267944)|STATEMENT_EXECUTE|[104]
17:11:35.0 (78276144)|VARIABLE_ASSIGNMENT|[EXTERNAL]|this|{}|0x837d146
17:11:35.0 (78285683)|VARIABLE_ASSIGNMENT|[EXTERNAL]|value|{"Category__c":"Event Registration","RecordTypeId":"012460000005G1KAAU","Amount__c":5600,"Tax__c":728.00,"Submitted__c":true,"Employee__c":"00346000002oeLWAAY","Id":"a0F46000000FBc6EAG","RecordType":{"Name":"Client Meetings","Id":"012460000005G1KAAU"},"Employee__r":{"Id":"00346000002oeLWAAY","Name":"Paulo Acosta"}}|0x5b73b05b
17:11:35.0 (78296322)|VARIABLE_ASSIGNMENT|[99]|this.expense|{"Category__c":"Event Registration","RecordTypeId":"012460000005G1KAAU","Amount__c":5600,"Tax__c":728.00,"Submitted__c":true,"Employee__c":"00346000002oeLWAAY","Id":"a0F46000000FBc6EAG","RecordType":{"Name":"Client Meetings","Id":"012460000005G1KAAU"},"Employee__r":{"Id":"00346000002oeLWAAY","Name":"Paulo Acosta"}}|0x837d146
17:11:35.0 (78300871)|STATEMENT_EXECUTE|[105]
17:11:35.0 (78309580)|VARIABLE_ASSIGNMENT|[EXTERNAL]|this|{"expense":"0x5b73b05b"}|0x837d146
17:11:35.0 (78313378)|VARIABLE_ASSIGNMENT|[EXTERNAL]|value|false
17:11:35.0 (78315790)|HEAP_ALLOCATE|[100]|Bytes:5
17:11:35.0 (78318843)|VARIABLE_ASSIGNMENT|[100]|this.checked|false|0x837d146
17:11:35.0 (78324628)|CONSTRUCTOR_EXIT|[18]|01p46000002wayn|<init>(Expense__c,Boolean)
17:11:35.0 (78329579)|HEAP_ALLOCATE|[EXTERNAL]|Bytes:4
17:11:35.0 (78336485)|HEAP_ALLOCATE|[16]|Bytes:5
17:11:35.0 (78361454)|HEAP_ALLOCATE|[16]|Bytes:40
17:11:35.0 (78365325)|VARIABLE_SCOPE_BEGIN|[16]|ex|Expense__c|true|false
17:11:35.0 (78382890)|VARIABLE_ASSIGNMENT|[16]|ex|{"Category__c":"Transportation","RecordTypeId":"012460000005G1FAAU","Amount__c":3500,"Tax__c":455.00,"Submitted__c":true,"Employee__c":"00346000002ojVWAAY","Id":"a0F46000000FBblEAG","RecordType":{"Name":"Business Trips","Id":"012460000005G1FAAU"},"Employee__r":{"Id":"00346000002ojVWAAY","Name":"Carol Ruiz","Birthdate":"2017-10-09T00:00:00.000Z"}}|0x7da29e7b
17:11:35.0 (78387401)|STATEMENT_EXECUTE|[16]
17:11:35.0 (78388728)|STATEMENT_EXECUTE|[18]
17:11:35.0 (78402050)|VARIABLE_ASSIGNMENT|[EXTERNAL]|this|{"queryString":"","wrappedExpenses":"0x5c1d6044"}|0x37c40ef7
17:11:35.0 (78408410)|HEAP_ALLOCATE|[18]|Bytes:12
17:11:35.0 (78414073)|CONSTRUCTOR_ENTRY|[18]|01p46000002wayn|<init>(Expense__c,Boolean)
17:11:35.0 (78416634)|VARIABLE_SCOPE_BEGIN|[102]|this|ExpenseController.ExpenseWrapper|true|false
17:11:35.0 (78423184)|VARIABLE_ASSIGNMENT|[102]|this|{}|0x7208271c
17:11:35.0 (78424664)|VARIABLE_SCOPE_BEGIN|[102]|ex|Expense__c|true|false
17:11:35.0 (78437390)|VARIABLE_ASSIGNMENT|[102]|ex|{"Category__c":"Transportation","RecordTypeId":"012460000005G1FAAU","Amount__c":3500,"Tax__c":455.00,"Submitted__c":true,"Employee__c":"00346000002ojVWAAY","Id":"a0F46000000FBblEAG","RecordType":{"Name":"Business Trips","Id":"012460000005G1FAAU"},"Employee__r":{"Id":"00346000002ojVWAAY","Name":"Carol Ruiz","Birthdate":"2017-10-09T00:00:00.000Z"}}|0x7da29e7b
17:11:35.0 (78441252)|VARIABLE_SCOPE_BEGIN|[102]|check|Boolean|false|false
17:11:35.0 (78443501)|VARIABLE_ASSIGNMENT|[102]|check|false
17:11:35.0 (78446191)|STATEMENT_EXECUTE|[97]
17:11:35.0 (78447410)|STATEMENT_EXECUTE|[99]
17:11:35.0 (78448851)|STATEMENT_EXECUTE|[100]
17:11:35.0 (78456543)|STATEMENT_EXECUTE|[102]
17:11:35.0 (78457942)|STATEMENT_EXECUTE|[104]
17:11:35.0 (78466474)|VARIABLE_ASSIGNMENT|[EXTERNAL]|this|{}|0x7208271c
17:11:35.0 (78478911)|VARIABLE_ASSIGNMENT|[EXTERNAL]|value|{"Category__c":"Transportation","RecordTypeId":"012460000005G1FAAU","Amount__c":3500,"Tax__c":455.00,"Submitted__c":true,"Employee__c":"00346000002ojVWAAY","Id":"a0F46000000FBblEAG","RecordType":{"Name":"Business Trips","Id":"012460000005G1FAAU"},"Employee__r":{"Id":"00346000002ojVWAAY","Name":"Carol Ruiz","Birthdate":"2017-10-09T00:00:00.000Z"}}|0x7da29e7b
17:11:35.0 (78492036)|VARIABLE_ASSIGNMENT|[99]|this.expense|{"Category__c":"Transportation","RecordTypeId":"012460000005G1FAAU","Amount__c":3500,"Tax__c":455.00,"Submitted__c":true,"Employee__c":"00346000002ojVWAAY","Id":"a0F46000000FBblEAG","RecordType":{"Name":"Business Trips","Id":"012460000005G1FAAU"},"Employee__r":{"Id":"00346000002ojVWAAY","Name":"Carol Ruiz","Birthdate":"2017-10-09T00:00:00.000Z"}}|0x7208271c
17:11:35.0 (78497159)|STATEMENT_EXECUTE|[105]
17:11:35.0 (78506279)|VARIABLE_ASSIGNMENT|[EXTERNAL]|this|{"expense":"0x7da29e7b"}|0x7208271c
17:11:35.0 (78510070)|VARIABLE_ASSIGNMENT|[EXTERNAL]|value|false
17:11:35.0 (78512465)|HEAP_ALLOCATE|[100]|Bytes:5
17:11:35.0 (78515494)|VARIABLE_ASSIGNMENT|[100]|this.checked|false|0x7208271c
17:11:35.0 (78521300)|CONSTRUCTOR_EXIT|[18]|01p46000002wayn|<init>(Expense__c,Boolean)
17:11:35.0 (78526568)|HEAP_ALLOCATE|[EXTERNAL]|Bytes:4
17:11:35.0 (78533685)|HEAP_ALLOCATE|[16]|Bytes:5
17:11:35.0 (78540671)|VARIABLE_ASSIGNMENT|[16]|ex|null|
17:11:35.0 (78544523)|STATEMENT_EXECUTE|[21]
17:11:35.0 (78556278)|VARIABLE_ASSIGNMENT|[EXTERNAL]|this|{"queryString":"","wrappedExpenses":"0x5c1d6044"}|0x37c40ef7
17:11:35.0 (93801469)|VF_SERIALIZE_VIEWSTATE_BEGIN|06646000001BW08
17:11:35.0 (103857284)|VF_SERIALIZE_VIEWSTATE_END
17:11:35.0 (122552374)|CODE_UNIT_STARTED|[EXTERNAL]|Generate Metadata
17:11:35.0 (124305260)|CODE_UNIT_FINISHED|Generate Metadata
17:11:35.126 (126791541)|CUMULATIVE_LIMIT_USAGE
17:11:35.126 (126791541)|LIMIT_USAGE_FOR_NS|(default)|
  Number of SOQL queries: 2 out of 100
  Number of query rows: 10 out of 50000
  Number of SOSL queries: 0 out of 20
  Number of DML statements: 1 out of 150
  Number of DML rows: 1 out of 10000
  Maximum CPU time: 0 out of 10000
  Maximum heap size: 0 out of 6000000
  Number of callouts: 0 out of 100
  Number of Email Invocations: 0 out of 10
  Number of future calls: 0 out of 50
  Number of queueable jobs added to the queue: 0 out of 50
  Number of Mobile Apex push calls: 0 out of 10

17:11:35.126 (126791541)|CUMULATIVE_LIMIT_USAGE_END

17:11:35.0 (126828634)|CODE_UNIT_FINISHED|VF: /apex/ListOfEmployees
17:11:35.0 (127734367)|EXECUTION_FINISHED
