39.0 APEX_CODE,FINEST;APEX_PROFILING,INFO;CALLOUT,INFO;DB,INFO;SYSTEM,DEBUG;VALIDATION,INFO;VISUALFORCE,INFO;WAVE,INFO;WORKFLOW,INFO
16:45:36.0 (300383)|USER_INFO|[EXTERNAL]|00546000000Iihs|pacosta@altimetrik.com|Argentine Time|GMT-03:00
16:45:36.0 (320616)|EXECUTION_STARTED
16:45:36.0 (324141)|CODE_UNIT_STARTED|[EXTERNAL]|06646000001BW08|VF: /apex/ListOfEmployees
16:45:36.0 (1893848)|SYSTEM_MODE_ENTER|true
16:45:36.0 (2205408)|HEAP_ALLOCATE|[72]|Bytes:3
16:45:36.0 (2241752)|HEAP_ALLOCATE|[77]|Bytes:152
16:45:36.0 (2256595)|HEAP_ALLOCATE|[342]|Bytes:408
16:45:36.0 (2271773)|HEAP_ALLOCATE|[355]|Bytes:408
16:45:36.0 (2285449)|HEAP_ALLOCATE|[467]|Bytes:48
16:45:36.0 (2311326)|HEAP_ALLOCATE|[139]|Bytes:6
16:45:36.0 (2324016)|HEAP_ALLOCATE|[EXTERNAL]|Bytes:14
16:45:36.0 (2327600)|HEAP_ALLOCATE|[EXTERNAL]|Bytes:96
16:45:36.0 (2329341)|HEAP_ALLOCATE|[EXTERNAL]|Bytes:24
16:45:36.0 (2336886)|METHOD_ENTRY|[1]|01p46000002wayn|ExpenseController.ExpenseController()
16:45:36.0 (2341895)|STATEMENT_EXECUTE|[1]
16:45:36.0 (2346718)|STATEMENT_EXECUTE|[1]
16:45:36.0 (2348384)|STATEMENT_EXECUTE|[85]
16:45:36.0 (2352338)|METHOD_EXIT|[1]|ExpenseController
16:45:36.0 (2366245)|HEAP_ALLOCATE|[EXTERNAL]|Bytes:12
16:45:36.0 (2372098)|VARIABLE_SCOPE_BEGIN|[1]|this|ExpenseController|true|false
16:45:36.0 (2418404)|VARIABLE_ASSIGNMENT|[1]|this|{}|0x647f5da1
16:45:36.0 (2429322)|HEAP_ALLOCATE|[3]|Bytes:6
16:45:36.0 (2465534)|STATEMENT_EXECUTE|[1]
16:45:36.0 (2467171)|STATEMENT_EXECUTE|[3]
16:45:36.0 (2480437)|VARIABLE_ASSIGNMENT|[3]|this.queryString|""|0x647f5da1
16:45:36.0 (2483390)|STATEMENT_EXECUTE|[5]
16:45:36.0 (2534167)|SYSTEM_MODE_ENTER|true
16:45:36.0 (2573639)|HEAP_ALLOCATE|[EXTERNAL]|Bytes:12
16:45:36.0 (2580784)|VARIABLE_SCOPE_BEGIN|[8]|this|ExpenseController|true|false
16:45:36.0 (2602353)|VARIABLE_ASSIGNMENT|[8]|this|{"queryString":""}|0x647f5da1
16:45:36.0 (2623410)|STATEMENT_EXECUTE|[8]
16:45:36.0 (2624993)|STATEMENT_EXECUTE|[10]
16:45:36.0 (2628148)|HEAP_ALLOCATE|[10]|Bytes:161
16:45:36.0 (2648918)|HEAP_ALLOCATE|[10]|Bytes:161
16:45:36.0 (2663764)|HEAP_ALLOCATE|[50]|Bytes:5
16:45:36.0 (2684398)|HEAP_ALLOCATE|[56]|Bytes:5
16:45:36.0 (2690387)|HEAP_ALLOCATE|[64]|Bytes:7
16:45:36.0 (3128237)|SOQL_EXECUTE_BEGIN|[10]|Aggregations:0|SELECT Category__c, RecordType.Name, Amount__c, Tax__c, Client_Company__c, Submitted__c, Employee__r.Id, Employee__r.Name, Employee__r.Birthdate FROM Expense__c 
16:45:36.0 (11077972)|SOQL_EXECUTE_END|[10]|Rows:5
16:45:36.0 (11092656)|HEAP_ALLOCATE|[10]|Bytes:24
16:45:36.0 (11136275)|HEAP_ALLOCATE|[10]|Bytes:1579
16:45:36.0 (11189334)|HEAP_ALLOCATE|[10]|Bytes:24
16:45:36.0 (11204232)|VARIABLE_SCOPE_BEGIN|[10]|results|List<Expense__c>|true|false
16:45:36.0 (11278088)|VARIABLE_ASSIGNMENT|[10]|results|[{"Category__c":"Road Meals","RecordTypeId":"012460000005G1KAAU","Amount__c":8900,"Tax__c":1157.00,"Submitted__c":false,"Employee__c":"00346000002ojeGAAQ","Id":"a0F46000000FmUwEAK","RecordType":{"Name":"Client Meetings","Id":"012460000005G1KAAU"},"Employee__r":{"Id":"00346000002ojeGAAQ","Name":"Paolo Smith"}},{"RecordTypeId":"012460000005G1FAAU","Amount__c":3000,"Tax__c":390.00,"Submitted__c":true,"Employee__c":"00346000002ojVWAAY","Id":"a0F46000000Fp6rEAC","RecordType":{"Name":"Business Trips","Id":"012460000005G1FAAU"},"Employee__r":{"Id":"00346000002ojVWAAY","Name":"Carol Ruiz","Birthdate":"2017-10-09T00:00:00.000Z"}},{"Category__c":"Event Registration","RecordTypeId":"012460000005G1FAAU","Amount__c":3499,"Tax__c":454.87,"Submitted__c":true,"Employee__c":"00346000002ojVWAAY","Id":"a0F46000000Fp76EAC","RecordType":{"Name":"Business Trips","Id":"012460000005G1FAAU"},"Employee__r":{"Id":"00346000002ojVWAAY","Name":"Carol Ruiz","Birthdate":"2017-10-09T00:00:00.000Z"}},{"Category__c":"Event Registration","RecordTypeId":"012460000005G1KAAU","Amount__c":5600,"Tax__c":728.00,"Submitted__c":false,"Employee__c":"00346000002oeLWAAY","Id":"a0F46000000FBc6EAG","RecordType":{"Name":"Client Meetings","Id":"012460000005G1KAAU"},"Employee__r":{"Id":"00346000002oeLWAAY","Name":"Paulo Acosta"}},{"Category__c":"Transportation","RecordTypeId":"012460000005G1FAAU","Amount__c":3500,"Tax__c":455.00,"Submitted__c":false,"Employee__c":"00346000002ojVWAAY","Id":"a0F46000000FBblEAG","RecordType":{"Name":"Business Trips","Id":"012460000005G1FAAU"},"Employee__r":{"Id":"00346000002ojVWAAY","Name":"Carol Ruiz","Birthdate":"2017-10-09T00:00:00.000Z"}}]|0x4bb46db6
16:45:36.0 (11291675)|STATEMENT_EXECUTE|[15]
16:45:36.0 (11298011)|HEAP_ALLOCATE|[15]|Bytes:4
16:45:36.0 (11388752)|VARIABLE_ASSIGNMENT|[EXTERNAL]|this|{"queryString":""}|0x647f5da1
16:45:36.0 (11406443)|HEAP_ALLOCATE|[EXTERNAL]|Bytes:4
16:45:36.0 (11412436)|VARIABLE_ASSIGNMENT|[EXTERNAL]|value|[]|0x536e601d
16:45:36.0 (11421236)|VARIABLE_ASSIGNMENT|[5]|this.wrappedExpenses|[]|0x647f5da1
16:45:36.0 (11578523)|HEAP_ALLOCATE|[16]|Bytes:5
16:45:36.0 (11628061)|HEAP_ALLOCATE|[16]|Bytes:40
16:45:36.0 (11636834)|VARIABLE_SCOPE_BEGIN|[16]|ex|Expense__c|true|false
16:45:36.0 (11656303)|VARIABLE_ASSIGNMENT|[16]|ex|{"Category__c":"Road Meals","RecordTypeId":"012460000005G1KAAU","Amount__c":8900,"Tax__c":1157.00,"Submitted__c":false,"Employee__c":"00346000002ojeGAAQ","Id":"a0F46000000FmUwEAK","RecordType":{"Name":"Client Meetings","Id":"012460000005G1KAAU"},"Employee__r":{"Id":"00346000002ojeGAAQ","Name":"Paolo Smith"}}|0x4f66aaa3
16:45:36.0 (11662174)|STATEMENT_EXECUTE|[16]
16:45:36.0 (11663681)|STATEMENT_EXECUTE|[18]
16:45:36.0 (11698588)|VARIABLE_ASSIGNMENT|[EXTERNAL]|this|{"queryString":"","wrappedExpenses":"0x536e601d"}|0x647f5da1
16:45:36.0 (11716106)|HEAP_ALLOCATE|[18]|Bytes:116
16:45:36.0 (11720099)|HEAP_ALLOCATE|[18]|Bytes:8
16:45:36.0 (11730625)|HEAP_ALLOCATE|[18]|Bytes:12
16:45:36.0 (11747944)|CONSTRUCTOR_ENTRY|[18]|01p46000002wayn|<init>(Expense__c,Boolean)
16:45:36.0 (11758417)|VARIABLE_SCOPE_BEGIN|[90]|this|ExpenseController.ExpenseWrapper|true|false
16:45:36.0 (11769688)|VARIABLE_ASSIGNMENT|[90]|this|{}|0x35060c23
16:45:36.0 (11772160)|VARIABLE_SCOPE_BEGIN|[90]|ex|Expense__c|true|false
16:45:36.0 (11783853)|VARIABLE_ASSIGNMENT|[90]|ex|{"Category__c":"Road Meals","RecordTypeId":"012460000005G1KAAU","Amount__c":8900,"Tax__c":1157.00,"Submitted__c":false,"Employee__c":"00346000002ojeGAAQ","Id":"a0F46000000FmUwEAK","RecordType":{"Name":"Client Meetings","Id":"012460000005G1KAAU"},"Employee__r":{"Id":"00346000002ojeGAAQ","Name":"Paolo Smith"}}|0x4f66aaa3
16:45:36.0 (11789736)|VARIABLE_SCOPE_BEGIN|[90]|check|Boolean|false|false
16:45:36.0 (11792838)|VARIABLE_ASSIGNMENT|[90]|check|false
16:45:36.0 (11796480)|STATEMENT_EXECUTE|[85]
16:45:36.0 (11798390)|STATEMENT_EXECUTE|[87]
16:45:36.0 (11799852)|STATEMENT_EXECUTE|[88]
16:45:36.0 (11810592)|STATEMENT_EXECUTE|[90]
16:45:36.0 (11811993)|STATEMENT_EXECUTE|[92]
16:45:36.0 (11859761)|VARIABLE_ASSIGNMENT|[EXTERNAL]|this|{}|0x35060c23
16:45:36.0 (11872645)|VARIABLE_ASSIGNMENT|[EXTERNAL]|value|{"Category__c":"Road Meals","RecordTypeId":"012460000005G1KAAU","Amount__c":8900,"Tax__c":1157.00,"Submitted__c":false,"Employee__c":"00346000002ojeGAAQ","Id":"a0F46000000FmUwEAK","RecordType":{"Name":"Client Meetings","Id":"012460000005G1KAAU"},"Employee__r":{"Id":"00346000002ojeGAAQ","Name":"Paolo Smith"}}|0x4f66aaa3
16:45:36.0 (11887335)|VARIABLE_ASSIGNMENT|[87]|this.expense|{"Category__c":"Road Meals","RecordTypeId":"012460000005G1KAAU","Amount__c":8900,"Tax__c":1157.00,"Submitted__c":false,"Employee__c":"00346000002ojeGAAQ","Id":"a0F46000000FmUwEAK","RecordType":{"Name":"Client Meetings","Id":"012460000005G1KAAU"},"Employee__r":{"Id":"00346000002ojeGAAQ","Name":"Paolo Smith"}}|0x35060c23
16:45:36.0 (11894196)|STATEMENT_EXECUTE|[93]
16:45:36.0 (11922188)|VARIABLE_ASSIGNMENT|[EXTERNAL]|this|{"expense":"0x4f66aaa3"}|0x35060c23
16:45:36.0 (11927766)|VARIABLE_ASSIGNMENT|[EXTERNAL]|value|false
16:45:36.0 (11931583)|HEAP_ALLOCATE|[88]|Bytes:5
16:45:36.0 (11935868)|VARIABLE_ASSIGNMENT|[88]|this.checked|false|0x35060c23
16:45:36.0 (11943825)|CONSTRUCTOR_EXIT|[18]|01p46000002wayn|<init>(Expense__c,Boolean)
16:45:36.0 (11954288)|HEAP_ALLOCATE|[EXTERNAL]|Bytes:4
16:45:36.0 (11963815)|HEAP_ALLOCATE|[16]|Bytes:5
16:45:36.0 (11984703)|HEAP_ALLOCATE|[16]|Bytes:36
16:45:36.0 (11990170)|VARIABLE_SCOPE_BEGIN|[16]|ex|Expense__c|true|false
16:45:36.0 (12010032)|VARIABLE_ASSIGNMENT|[16]|ex|{"RecordTypeId":"012460000005G1FAAU","Amount__c":3000,"Tax__c":390.00,"Submitted__c":true,"Employee__c":"00346000002ojVWAAY","Id":"a0F46000000Fp6rEAC","RecordType":{"Name":"Business Trips","Id":"012460000005G1FAAU"},"Employee__r":{"Id":"00346000002ojVWAAY","Name":"Carol Ruiz","Birthdate":"2017-10-09T00:00:00.000Z"}}|0x77d538d5
16:45:36.0 (12015544)|STATEMENT_EXECUTE|[16]
16:45:36.0 (12016879)|STATEMENT_EXECUTE|[18]
16:45:36.0 (12033300)|VARIABLE_ASSIGNMENT|[EXTERNAL]|this|{"queryString":"","wrappedExpenses":"0x536e601d"}|0x647f5da1
16:45:36.0 (12040745)|HEAP_ALLOCATE|[18]|Bytes:12
16:45:36.0 (12047167)|CONSTRUCTOR_ENTRY|[18]|01p46000002wayn|<init>(Expense__c,Boolean)
16:45:36.0 (12050116)|VARIABLE_SCOPE_BEGIN|[90]|this|ExpenseController.ExpenseWrapper|true|false
16:45:36.0 (12057209)|VARIABLE_ASSIGNMENT|[90]|this|{}|0x532e345e
16:45:36.0 (12058732)|VARIABLE_SCOPE_BEGIN|[90]|ex|Expense__c|true|false
16:45:36.0 (12072153)|VARIABLE_ASSIGNMENT|[90]|ex|{"RecordTypeId":"012460000005G1FAAU","Amount__c":3000,"Tax__c":390.00,"Submitted__c":true,"Employee__c":"00346000002ojVWAAY","Id":"a0F46000000Fp6rEAC","RecordType":{"Name":"Business Trips","Id":"012460000005G1FAAU"},"Employee__r":{"Id":"00346000002ojVWAAY","Name":"Carol Ruiz","Birthdate":"2017-10-09T00:00:00.000Z"}}|0x77d538d5
16:45:36.0 (12076790)|VARIABLE_SCOPE_BEGIN|[90]|check|Boolean|false|false
16:45:36.0 (12079370)|VARIABLE_ASSIGNMENT|[90]|check|false
16:45:36.0 (12082027)|STATEMENT_EXECUTE|[85]
16:45:36.0 (12083178)|STATEMENT_EXECUTE|[87]
16:45:36.0 (12084610)|STATEMENT_EXECUTE|[88]
16:45:36.0 (12092452)|STATEMENT_EXECUTE|[90]
16:45:36.0 (12093683)|STATEMENT_EXECUTE|[92]
16:45:36.0 (12102571)|VARIABLE_ASSIGNMENT|[EXTERNAL]|this|{}|0x532e345e
16:45:36.0 (12114606)|VARIABLE_ASSIGNMENT|[EXTERNAL]|value|{"RecordTypeId":"012460000005G1FAAU","Amount__c":3000,"Tax__c":390.00,"Submitted__c":true,"Employee__c":"00346000002ojVWAAY","Id":"a0F46000000Fp6rEAC","RecordType":{"Name":"Business Trips","Id":"012460000005G1FAAU"},"Employee__r":{"Id":"00346000002ojVWAAY","Name":"Carol Ruiz","Birthdate":"2017-10-09T00:00:00.000Z"}}|0x77d538d5
16:45:36.0 (12128086)|VARIABLE_ASSIGNMENT|[87]|this.expense|{"RecordTypeId":"012460000005G1FAAU","Amount__c":3000,"Tax__c":390.00,"Submitted__c":true,"Employee__c":"00346000002ojVWAAY","Id":"a0F46000000Fp6rEAC","RecordType":{"Name":"Business Trips","Id":"012460000005G1FAAU"},"Employee__r":{"Id":"00346000002ojVWAAY","Name":"Carol Ruiz","Birthdate":"2017-10-09T00:00:00.000Z"}}|0x532e345e
16:45:36.0 (12133504)|STATEMENT_EXECUTE|[93]
16:45:36.0 (12143390)|VARIABLE_ASSIGNMENT|[EXTERNAL]|this|{"expense":"0x77d538d5"}|0x532e345e
16:45:36.0 (12147063)|VARIABLE_ASSIGNMENT|[EXTERNAL]|value|false
16:45:36.0 (12149653)|HEAP_ALLOCATE|[88]|Bytes:5
16:45:36.0 (12153071)|VARIABLE_ASSIGNMENT|[88]|this.checked|false|0x532e345e
16:45:36.0 (12159264)|CONSTRUCTOR_EXIT|[18]|01p46000002wayn|<init>(Expense__c,Boolean)
16:45:36.0 (12165373)|HEAP_ALLOCATE|[EXTERNAL]|Bytes:4
16:45:36.0 (12172934)|HEAP_ALLOCATE|[16]|Bytes:5
16:45:36.0 (12189864)|HEAP_ALLOCATE|[16]|Bytes:40
16:45:36.0 (12194021)|VARIABLE_SCOPE_BEGIN|[16]|ex|Expense__c|true|false
16:45:36.0 (12209946)|VARIABLE_ASSIGNMENT|[16]|ex|{"Category__c":"Event Registration","RecordTypeId":"012460000005G1FAAU","Amount__c":3499,"Tax__c":454.87,"Submitted__c":true,"Employee__c":"00346000002ojVWAAY","Id":"a0F46000000Fp76EAC","RecordType":{"Name":"Business Trips","Id":"012460000005G1FAAU"},"Employee__r":{"Id":"00346000002ojVWAAY","Name":"Carol Ruiz","Birthdate":"2017-10-09T00:00:00.000Z"}}|0x344fd84b
16:45:36.0 (12214419)|STATEMENT_EXECUTE|[16]
16:45:36.0 (12215705)|STATEMENT_EXECUTE|[18]
16:45:36.0 (12229163)|VARIABLE_ASSIGNMENT|[EXTERNAL]|this|{"queryString":"","wrappedExpenses":"0x536e601d"}|0x647f5da1
16:45:36.0 (12235538)|HEAP_ALLOCATE|[18]|Bytes:12
16:45:36.0 (12241416)|CONSTRUCTOR_ENTRY|[18]|01p46000002wayn|<init>(Expense__c,Boolean)
16:45:36.0 (12243908)|VARIABLE_SCOPE_BEGIN|[90]|this|ExpenseController.ExpenseWrapper|true|false
16:45:36.0 (12250323)|VARIABLE_ASSIGNMENT|[90]|this|{}|0xf4ece56
16:45:36.0 (12251789)|VARIABLE_SCOPE_BEGIN|[90]|ex|Expense__c|true|false
16:45:36.0 (12264632)|VARIABLE_ASSIGNMENT|[90]|ex|{"Category__c":"Event Registration","RecordTypeId":"012460000005G1FAAU","Amount__c":3499,"Tax__c":454.87,"Submitted__c":true,"Employee__c":"00346000002ojVWAAY","Id":"a0F46000000Fp76EAC","RecordType":{"Name":"Business Trips","Id":"012460000005G1FAAU"},"Employee__r":{"Id":"00346000002ojVWAAY","Name":"Carol Ruiz","Birthdate":"2017-10-09T00:00:00.000Z"}}|0x344fd84b
16:45:36.0 (12268806)|VARIABLE_SCOPE_BEGIN|[90]|check|Boolean|false|false
16:45:36.0 (12271123)|VARIABLE_ASSIGNMENT|[90]|check|false
16:45:36.0 (12273410)|STATEMENT_EXECUTE|[85]
16:45:36.0 (12274619)|STATEMENT_EXECUTE|[87]
16:45:36.0 (12276225)|STATEMENT_EXECUTE|[88]
16:45:36.0 (12283281)|STATEMENT_EXECUTE|[90]
16:45:36.0 (12284413)|STATEMENT_EXECUTE|[92]
16:45:36.0 (12292990)|VARIABLE_ASSIGNMENT|[EXTERNAL]|this|{}|0xf4ece56
16:45:36.0 (12305110)|VARIABLE_ASSIGNMENT|[EXTERNAL]|value|{"Category__c":"Event Registration","RecordTypeId":"012460000005G1FAAU","Amount__c":3499,"Tax__c":454.87,"Submitted__c":true,"Employee__c":"00346000002ojVWAAY","Id":"a0F46000000Fp76EAC","RecordType":{"Name":"Business Trips","Id":"012460000005G1FAAU"},"Employee__r":{"Id":"00346000002ojVWAAY","Name":"Carol Ruiz","Birthdate":"2017-10-09T00:00:00.000Z"}}|0x344fd84b
16:45:36.0 (12318751)|VARIABLE_ASSIGNMENT|[87]|this.expense|{"Category__c":"Event Registration","RecordTypeId":"012460000005G1FAAU","Amount__c":3499,"Tax__c":454.87,"Submitted__c":true,"Employee__c":"00346000002ojVWAAY","Id":"a0F46000000Fp76EAC","RecordType":{"Name":"Business Trips","Id":"012460000005G1FAAU"},"Employee__r":{"Id":"00346000002ojVWAAY","Name":"Carol Ruiz","Birthdate":"2017-10-09T00:00:00.000Z"}}|0xf4ece56
16:45:36.0 (12324187)|STATEMENT_EXECUTE|[93]
16:45:36.0 (12333304)|VARIABLE_ASSIGNMENT|[EXTERNAL]|this|{"expense":"0x344fd84b"}|0xf4ece56
16:45:36.0 (12337252)|VARIABLE_ASSIGNMENT|[EXTERNAL]|value|false
16:45:36.0 (12339877)|HEAP_ALLOCATE|[88]|Bytes:5
16:45:36.0 (12343231)|VARIABLE_ASSIGNMENT|[88]|this.checked|false|0xf4ece56
16:45:36.0 (12349463)|CONSTRUCTOR_EXIT|[18]|01p46000002wayn|<init>(Expense__c,Boolean)
16:45:36.0 (12354570)|HEAP_ALLOCATE|[EXTERNAL]|Bytes:4
16:45:36.0 (12361664)|HEAP_ALLOCATE|[16]|Bytes:5
16:45:36.0 (12376647)|HEAP_ALLOCATE|[16]|Bytes:40
16:45:36.0 (12380698)|VARIABLE_SCOPE_BEGIN|[16]|ex|Expense__c|true|false
16:45:36.0 (12393097)|VARIABLE_ASSIGNMENT|[16]|ex|{"Category__c":"Event Registration","RecordTypeId":"012460000005G1KAAU","Amount__c":5600,"Tax__c":728.00,"Submitted__c":false,"Employee__c":"00346000002oeLWAAY","Id":"a0F46000000FBc6EAG","RecordType":{"Name":"Client Meetings","Id":"012460000005G1KAAU"},"Employee__r":{"Id":"00346000002oeLWAAY","Name":"Paulo Acosta"}}|0x66bca214
16:45:36.0 (12397052)|STATEMENT_EXECUTE|[16]
16:45:36.0 (12398704)|STATEMENT_EXECUTE|[18]
16:45:36.0 (12410811)|VARIABLE_ASSIGNMENT|[EXTERNAL]|this|{"queryString":"","wrappedExpenses":"0x536e601d"}|0x647f5da1
16:45:36.0 (12416507)|HEAP_ALLOCATE|[18]|Bytes:12
16:45:36.0 (12421760)|CONSTRUCTOR_ENTRY|[18]|01p46000002wayn|<init>(Expense__c,Boolean)
16:45:36.0 (12423825)|VARIABLE_SCOPE_BEGIN|[90]|this|ExpenseController.ExpenseWrapper|true|false
16:45:36.0 (12429900)|VARIABLE_ASSIGNMENT|[90]|this|{}|0x4d8d15dd
16:45:36.0 (12431309)|VARIABLE_SCOPE_BEGIN|[90]|ex|Expense__c|true|false
16:45:36.0 (12439709)|VARIABLE_ASSIGNMENT|[90]|ex|{"Category__c":"Event Registration","RecordTypeId":"012460000005G1KAAU","Amount__c":5600,"Tax__c":728.00,"Submitted__c":false,"Employee__c":"00346000002oeLWAAY","Id":"a0F46000000FBc6EAG","RecordType":{"Name":"Client Meetings","Id":"012460000005G1KAAU"},"Employee__r":{"Id":"00346000002oeLWAAY","Name":"Paulo Acosta"}}|0x66bca214
16:45:36.0 (12443538)|VARIABLE_SCOPE_BEGIN|[90]|check|Boolean|false|false
16:45:36.0 (12445749)|VARIABLE_ASSIGNMENT|[90]|check|false
16:45:36.0 (12448017)|STATEMENT_EXECUTE|[85]
16:45:36.0 (12449173)|STATEMENT_EXECUTE|[87]
16:45:36.0 (12450553)|STATEMENT_EXECUTE|[88]
16:45:36.0 (12456558)|STATEMENT_EXECUTE|[90]
16:45:36.0 (12457723)|STATEMENT_EXECUTE|[92]
16:45:36.0 (12465169)|VARIABLE_ASSIGNMENT|[EXTERNAL]|this|{}|0x4d8d15dd
16:45:36.0 (12474205)|VARIABLE_ASSIGNMENT|[EXTERNAL]|value|{"Category__c":"Event Registration","RecordTypeId":"012460000005G1KAAU","Amount__c":5600,"Tax__c":728.00,"Submitted__c":false,"Employee__c":"00346000002oeLWAAY","Id":"a0F46000000FBc6EAG","RecordType":{"Name":"Client Meetings","Id":"012460000005G1KAAU"},"Employee__r":{"Id":"00346000002oeLWAAY","Name":"Paulo Acosta"}}|0x66bca214
16:45:36.0 (12484758)|VARIABLE_ASSIGNMENT|[87]|this.expense|{"Category__c":"Event Registration","RecordTypeId":"012460000005G1KAAU","Amount__c":5600,"Tax__c":728.00,"Submitted__c":false,"Employee__c":"00346000002oeLWAAY","Id":"a0F46000000FBc6EAG","RecordType":{"Name":"Client Meetings","Id":"012460000005G1KAAU"},"Employee__r":{"Id":"00346000002oeLWAAY","Name":"Paulo Acosta"}}|0x4d8d15dd
16:45:36.0 (12489828)|STATEMENT_EXECUTE|[93]
16:45:36.0 (12498502)|VARIABLE_ASSIGNMENT|[EXTERNAL]|this|{"expense":"0x66bca214"}|0x4d8d15dd
16:45:36.0 (12502041)|VARIABLE_ASSIGNMENT|[EXTERNAL]|value|false
16:45:36.0 (12504413)|HEAP_ALLOCATE|[88]|Bytes:5
16:45:36.0 (12507387)|VARIABLE_ASSIGNMENT|[88]|this.checked|false|0x4d8d15dd
16:45:36.0 (12513051)|CONSTRUCTOR_EXIT|[18]|01p46000002wayn|<init>(Expense__c,Boolean)
16:45:36.0 (12517936)|HEAP_ALLOCATE|[EXTERNAL]|Bytes:4
16:45:36.0 (12524569)|HEAP_ALLOCATE|[16]|Bytes:5
16:45:36.0 (12537774)|HEAP_ALLOCATE|[16]|Bytes:40
16:45:36.0 (12541322)|VARIABLE_SCOPE_BEGIN|[16]|ex|Expense__c|true|false
16:45:36.0 (12556987)|VARIABLE_ASSIGNMENT|[16]|ex|{"Category__c":"Transportation","RecordTypeId":"012460000005G1FAAU","Amount__c":3500,"Tax__c":455.00,"Submitted__c":false,"Employee__c":"00346000002ojVWAAY","Id":"a0F46000000FBblEAG","RecordType":{"Name":"Business Trips","Id":"012460000005G1FAAU"},"Employee__r":{"Id":"00346000002ojVWAAY","Name":"Carol Ruiz","Birthdate":"2017-10-09T00:00:00.000Z"}}|0x1cf53fd2
16:45:36.0 (12561423)|STATEMENT_EXECUTE|[16]
16:45:36.0 (12562603)|STATEMENT_EXECUTE|[18]
16:45:36.0 (12575299)|VARIABLE_ASSIGNMENT|[EXTERNAL]|this|{"queryString":"","wrappedExpenses":"0x536e601d"}|0x647f5da1
16:45:36.0 (12580907)|HEAP_ALLOCATE|[18]|Bytes:12
16:45:36.0 (12591307)|CONSTRUCTOR_ENTRY|[18]|01p46000002wayn|<init>(Expense__c,Boolean)
16:45:36.0 (12593631)|VARIABLE_SCOPE_BEGIN|[90]|this|ExpenseController.ExpenseWrapper|true|false
16:45:36.0 (12600550)|VARIABLE_ASSIGNMENT|[90]|this|{}|0x1985dc2d
16:45:36.0 (12602101)|VARIABLE_SCOPE_BEGIN|[90]|ex|Expense__c|true|false
16:45:36.0 (12614708)|VARIABLE_ASSIGNMENT|[90]|ex|{"Category__c":"Transportation","RecordTypeId":"012460000005G1FAAU","Amount__c":3500,"Tax__c":455.00,"Submitted__c":false,"Employee__c":"00346000002ojVWAAY","Id":"a0F46000000FBblEAG","RecordType":{"Name":"Business Trips","Id":"012460000005G1FAAU"},"Employee__r":{"Id":"00346000002ojVWAAY","Name":"Carol Ruiz","Birthdate":"2017-10-09T00:00:00.000Z"}}|0x1cf53fd2
16:45:36.0 (12619175)|VARIABLE_SCOPE_BEGIN|[90]|check|Boolean|false|false
16:45:36.0 (12621220)|VARIABLE_ASSIGNMENT|[90]|check|false
16:45:36.0 (12623418)|STATEMENT_EXECUTE|[85]
16:45:36.0 (12624600)|STATEMENT_EXECUTE|[87]
16:45:36.0 (12625998)|STATEMENT_EXECUTE|[88]
16:45:36.0 (12632648)|STATEMENT_EXECUTE|[90]
16:45:36.0 (12633797)|STATEMENT_EXECUTE|[92]
16:45:36.0 (12642289)|VARIABLE_ASSIGNMENT|[EXTERNAL]|this|{}|0x1985dc2d
16:45:36.0 (12658764)|VARIABLE_ASSIGNMENT|[EXTERNAL]|value|{"Category__c":"Transportation","RecordTypeId":"012460000005G1FAAU","Amount__c":3500,"Tax__c":455.00,"Submitted__c":false,"Employee__c":"00346000002ojVWAAY","Id":"a0F46000000FBblEAG","RecordType":{"Name":"Business Trips","Id":"012460000005G1FAAU"},"Employee__r":{"Id":"00346000002ojVWAAY","Name":"Carol Ruiz","Birthdate":"2017-10-09T00:00:00.000Z"}}|0x1cf53fd2
16:45:36.0 (12672669)|VARIABLE_ASSIGNMENT|[87]|this.expense|{"Category__c":"Transportation","RecordTypeId":"012460000005G1FAAU","Amount__c":3500,"Tax__c":455.00,"Submitted__c":false,"Employee__c":"00346000002ojVWAAY","Id":"a0F46000000FBblEAG","RecordType":{"Name":"Business Trips","Id":"012460000005G1FAAU"},"Employee__r":{"Id":"00346000002ojVWAAY","Name":"Carol Ruiz","Birthdate":"2017-10-09T00:00:00.000Z"}}|0x1985dc2d
16:45:36.0 (12678655)|STATEMENT_EXECUTE|[93]
16:45:36.0 (12688561)|VARIABLE_ASSIGNMENT|[EXTERNAL]|this|{"expense":"0x1cf53fd2"}|0x1985dc2d
16:45:36.0 (12692317)|VARIABLE_ASSIGNMENT|[EXTERNAL]|value|false
16:45:36.0 (12694864)|HEAP_ALLOCATE|[88]|Bytes:5
16:45:36.0 (12698243)|VARIABLE_ASSIGNMENT|[88]|this.checked|false|0x1985dc2d
16:45:36.0 (12704236)|CONSTRUCTOR_EXIT|[18]|01p46000002wayn|<init>(Expense__c,Boolean)
16:45:36.0 (12709131)|HEAP_ALLOCATE|[EXTERNAL]|Bytes:4
16:45:36.0 (12715914)|HEAP_ALLOCATE|[16]|Bytes:5
16:45:36.0 (12723069)|VARIABLE_ASSIGNMENT|[16]|ex|null|
16:45:36.0 (12726195)|STATEMENT_EXECUTE|[21]
16:45:36.0 (12766083)|VARIABLE_ASSIGNMENT|[EXTERNAL]|this|{"queryString":"","wrappedExpenses":"0x536e601d"}|0x647f5da1
16:45:36.0 (27775653)|VF_SERIALIZE_VIEWSTATE_BEGIN|06646000001BW08
16:45:36.0 (36769686)|VF_SERIALIZE_VIEWSTATE_END
16:45:36.0 (54906817)|CODE_UNIT_STARTED|[EXTERNAL]|Generate Metadata
16:45:36.0 (56967404)|CODE_UNIT_FINISHED|Generate Metadata
16:45:36.59 (59157085)|CUMULATIVE_LIMIT_USAGE
16:45:36.59 (59157085)|LIMIT_USAGE_FOR_NS|(default)|
  Number of SOQL queries: 1 out of 100
  Number of query rows: 5 out of 50000
  Number of SOSL queries: 0 out of 20
  Number of DML statements: 0 out of 150
  Number of DML rows: 0 out of 10000
  Maximum CPU time: 0 out of 10000
  Maximum heap size: 0 out of 6000000
  Number of callouts: 0 out of 100
  Number of Email Invocations: 0 out of 10
  Number of future calls: 0 out of 50
  Number of queueable jobs added to the queue: 0 out of 50
  Number of Mobile Apex push calls: 0 out of 10

16:45:36.59 (59157085)|CUMULATIVE_LIMIT_USAGE_END

16:45:36.0 (59191219)|CODE_UNIT_FINISHED|VF: /apex/ListOfEmployees
16:45:36.0 (59927499)|EXECUTION_FINISHED
