39.0 APEX_CODE,FINEST;APEX_PROFILING,INFO;CALLOUT,INFO;DB,INFO;SYSTEM,DEBUG;VALIDATION,INFO;VISUALFORCE,INFO;WAVE,INFO;WORKFLOW,INFO
16:17:26.0 (267896)|USER_INFO|[EXTERNAL]|00546000000Iihs|pacosta@altimetrik.com|Argentine Time|GMT-03:00
16:17:26.0 (293752)|EXECUTION_STARTED
16:17:26.0 (297227)|CODE_UNIT_STARTED|[EXTERNAL]|Validation:Expense:new
16:17:26.0 (304180)|VALIDATION_RULE|03d46000000DMqh|InsertOtherValue
16:17:26.0 (483825)|VALIDATION_FORMULA|AND (IF (ISPICKVAL( Category__c , "Other"), true, false),  ISBLANK( Other__c ) )|Category__c=Event Registration , Other__c=null
16:17:26.0 (487568)|VALIDATION_PASS
16:17:26.0 (519403)|CODE_UNIT_FINISHED|Validation:Expense:new
16:17:26.0 (523150)|EXECUTION_FINISHED
16:17:26.17 (17125490)|USER_INFO|[EXTERNAL]|00546000000Iihs|pacosta@altimetrik.com|Argentine Time|GMT-03:00
16:17:26.17 (17134457)|EXECUTION_STARTED
16:17:26.17 (17136674)|CODE_UNIT_STARTED|[EXTERNAL]|Workflow:01I46000000AdSk
16:17:26.17 (24065685)|WF_RULE_EVAL_BEGIN|Workflow
16:17:26.17 (24082860)|WF_CRITERIA_BEGIN|[Expense: Travel to Las Vegas a0F46000000Fp76]|High_Value_Expense_Email_Alert30146000000Cjmi|01Q460000000EDT|ON_ALL_CHANGES|0
16:17:26.17 (24169767)|WF_FORMULA|Formula:ENCODED:[treatNullAsNull]true|Values:
16:17:26.17 (24172622)|WF_CRITERIA_END|true
16:17:26.17 (24657714)|WF_CRITERIA_BEGIN|[Expense: Travel to Las Vegas a0F46000000Fp76]|Submitted_Expense_Update_Status30146000000Ckou|01Q460000000F5k|ON_ALL_CHANGES|0
16:17:26.17 (24690464)|WF_FORMULA|Formula:ENCODED:[treatNullAsNull]true|Values:
16:17:26.17 (24692302)|WF_CRITERIA_END|true
16:17:26.17 (24703778)|WF_SPOOL_ACTION_BEGIN|Workflow
16:17:26.17 (24724590)|WF_ACTION| Flow Trigger: 2;
16:17:26.17 (24726551)|WF_RULE_EVAL_END
16:17:26.17 (25192040)|WF_FLOW_ACTION_BEGIN|09L46000000Lqqi
16:17:26.25 (25942470)|FLOW_CREATE_INTERVIEW_BEGIN|00D46000000buVW|30046000000Gs2p|30146000000Ckou
16:17:26.25 (27435286)|FLOW_CREATE_INTERVIEW_END|856397c66409317f59d63cc7567115af74b137f-6878|Submitted Expense Update Status
16:17:26.27 (27718787)|FLOW_START_INTERVIEWS_BEGIN|1
16:17:26.27 (28524888)|FLOW_START_INTERVIEW_BEGIN|856397c66409317f59d63cc7567115af74b137f-6878|Submitted Expense Update Status
16:17:26.27 (29375109)|FLOW_START_INTERVIEW_END|856397c66409317f59d63cc7567115af74b137f-6878|Submitted Expense Update Status
16:17:26.45 (45730965)|CODE_UNIT_STARTED|[EXTERNAL]|Validation:Expense:a0F46000000Fp76
16:17:26.45 (45746558)|VALIDATION_RULE|03d46000000DMqh|InsertOtherValue
16:17:26.45 (45868102)|VALIDATION_FORMULA|AND (IF (ISPICKVAL( Category__c , "Other"), true, false),  ISBLANK( Other__c ) )|Category__c=Event Registration , Other__c=null
16:17:26.45 (45872593)|VALIDATION_PASS
16:17:26.45 (45903375)|CODE_UNIT_FINISHED|Validation:Expense:a0F46000000Fp76
16:17:26.27 (55559801)|FLOW_START_INTERVIEWS_END|1
16:17:26.17 (56890142)|WF_FLOW_ACTION_END|09L46000000Lqqi
16:17:26.17 (56918491)|WF_FLOW_ACTION_BEGIN|09L46000000Lo2w
16:17:26.56 (56999944)|FLOW_CREATE_INTERVIEW_BEGIN|00D46000000buVW|30046000000Grmv|30146000000Cjmi
16:17:26.56 (59125178)|FLOW_CREATE_INTERVIEW_END|856497c66409317f59d63cc7567115af74b137f-6879|High Value Expense Email Alert
16:17:26.59 (59433955)|FLOW_START_INTERVIEWS_BEGIN|1
16:17:26.59 (60247268)|FLOW_START_INTERVIEW_BEGIN|856497c66409317f59d63cc7567115af74b137f-6879|High Value Expense Email Alert
16:17:26.59 (60791761)|FLOW_START_INTERVIEW_END|856497c66409317f59d63cc7567115af74b137f-6879|High Value Expense Email Alert
16:17:26.59 (60799168)|FLOW_START_INTERVIEWS_END|1
16:17:26.17 (61249025)|WF_FLOW_ACTION_END|09L46000000Lo2w
16:17:26.17 (61284263)|WF_RULE_EVAL_BEGIN|Workflow
16:17:26.17 (61293373)|WF_SPOOL_ACTION_BEGIN|Workflow
16:17:26.17 (61300822)|WF_ACTION| None
16:17:26.17 (61303174)|WF_RULE_EVAL_END
16:17:26.17 (61366681)|WF_ACTIONS_END| Flow Trigger: 2;
16:17:26.17 (61371583)|CODE_UNIT_FINISHED|Workflow:01I46000000AdSk
16:17:26.17 (62169569)|EXECUTION_FINISHED
