39.0 APEX_CODE,FINEST;APEX_PROFILING,INFO;CALLOUT,INFO;DB,INFO;SYSTEM,DEBUG;VALIDATION,INFO;VISUALFORCE,INFO;WAVE,INFO;WORKFLOW,INFO
14:48:57.0 (324747)|USER_INFO|[EXTERNAL]|00546000000Iihs|pacosta@altimetrik.com|Argentine Time|GMT-03:00
14:48:57.0 (347092)|EXECUTION_STARTED
14:48:57.0 (351506)|CODE_UNIT_STARTED|[EXTERNAL]|06646000001Bfzo|VF: /apex/showExpensesListForContact
14:48:57.0 (450370)|VF_DESERIALIZE_VIEWSTATE_BEGIN|06646000001Bfzo
14:48:57.0 (4720867)|HEAP_ALLOCATE|[72]|Bytes:3
14:48:57.0 (4759476)|HEAP_ALLOCATE|[77]|Bytes:152
14:48:57.0 (4770522)|HEAP_ALLOCATE|[342]|Bytes:408
14:48:57.0 (4781419)|HEAP_ALLOCATE|[355]|Bytes:408
14:48:57.0 (4791413)|HEAP_ALLOCATE|[467]|Bytes:48
14:48:57.0 (4816726)|HEAP_ALLOCATE|[139]|Bytes:6
14:48:57.0 (6054327)|VF_DESERIALIZE_VIEWSTATE_END
14:48:57.0 (6560587)|SYSTEM_MODE_ENTER|true
14:48:57.0 (6768439)|HEAP_ALLOCATE|[EXTERNAL]|Bytes:100
14:48:57.0 (6774984)|HEAP_ALLOCATE|[EXTERNAL]|Bytes:31
14:48:57.0 (6783218)|METHOD_ENTRY|[1]|01p46000002x5eL|showExpensesListForContactController.showExpensesListForContactController()
14:48:57.0 (6787076)|STATEMENT_EXECUTE|[1]
14:48:57.0 (6791068)|STATEMENT_EXECUTE|[1]
14:48:57.0 (6795870)|METHOD_EXIT|[1]|showExpensesListForContactController
14:48:57.0 (6805038)|HEAP_ALLOCATE|[EXTERNAL]|Bytes:24
14:48:57.0 (6812045)|VARIABLE_SCOPE_BEGIN|[26]|this|showExpensesListForContactController|true|false
14:48:57.0 (6869964)|VARIABLE_ASSIGNMENT|[26]|this|{"CountTotalRecords":7,"idContact":"00346000002ojVW","OffsetSize":3,"QueryLimit":3,"queryString":""}|0x5f6a5bd5
14:48:57.0 (6879350)|STATEMENT_EXECUTE|[26]
14:48:57.0 (6880698)|STATEMENT_EXECUTE|[28]
14:48:57.0 (6885056)|HEAP_ALLOCATE|[28]|Bytes:136
14:48:57.0 (6891679)|HEAP_ALLOCATE|[30]|Bytes:1
14:48:57.0 (6894172)|HEAP_ALLOCATE|[31]|Bytes:7
14:48:57.0 (6948500)|HEAP_ALLOCATE|[31]|Bytes:1
14:48:57.0 (6966699)|HEAP_ALLOCATE|[28]|Bytes:160
14:48:57.0 (6969521)|HEAP_ALLOCATE|[31]|Bytes:8
14:48:57.0 (6977447)|HEAP_ALLOCATE|[31]|Bytes:1
14:48:57.0 (6985318)|HEAP_ALLOCATE|[28]|Bytes:9
14:48:57.0 (6988027)|HEAP_ALLOCATE|[28]|Bytes:169
14:48:57.0 (7021939)|HEAP_ALLOCATE|[50]|Bytes:5
14:48:57.0 (7041162)|HEAP_ALLOCATE|[56]|Bytes:5
14:48:57.0 (7047083)|HEAP_ALLOCATE|[64]|Bytes:7
14:48:57.0 (8785072)|SOQL_EXECUTE_BEGIN|[28]|Aggregations:0|SELECT id, Name, Category__c, RecordType.Name, Amount__c, Tax__c, Client_Company__c, Submitted__c FROM Expense__c WHERE Employee__r.Id='00346000002ojVW' LIMIT 3 OFFSET 3
14:48:57.0 (17068554)|SOQL_EXECUTE_END|[28]|Rows:1
14:48:57.0 (17084832)|HEAP_ALLOCATE|[28]|Bytes:8
14:48:57.0 (17107324)|HEAP_ALLOCATE|[28]|Bytes:325
14:48:57.0 (17140066)|HEAP_ALLOCATE|[28]|Bytes:8
14:48:57.0 (17157389)|VARIABLE_SCOPE_BEGIN|[28]|results|List<Expense__c>|true|false
14:48:57.0 (17189535)|VARIABLE_ASSIGNMENT|[28]|results|[{"Id":"a0F46000000FtpwEAC","Name":"Expense nueva","Category__c":"Transportation","RecordTypeId":"012460000005G1FAAU","Amount__c":4000,"Tax__c":520.00,"Submitted__c":true,"Employee__c":"00346000002ojVWAAY","RecordType":{"Name":"Business Trips","Id":"012460000005G1FAAU"}}]|0x140197ba
14:48:57.0 (17195273)|STATEMENT_EXECUTE|[33]
14:48:57.0 (17693480)|SYSTEM_MODE_ENTER|true
14:48:57.0 (17725715)|HEAP_ALLOCATE|[EXTERNAL]|Bytes:24
14:48:57.0 (17733297)|VARIABLE_SCOPE_BEGIN|[57]|this|showExpensesListForContactController|true|false
14:48:57.0 (17766402)|VARIABLE_ASSIGNMENT|[57]|this|{"CountTotalRecords":7,"idContact":"00346000002ojVW","OffsetSize":3,"QueryLimit":3,"queryString":""}|0x5f6a5bd5
14:48:57.0 (17774249)|STATEMENT_EXECUTE|[57]
14:48:57.0 (17780900)|STATEMENT_EXECUTE|[58]
14:48:57.0 (17781958)|STATEMENT_EXECUTE|[59]
14:48:57.0 (17794949)|HEAP_ALLOCATE|[59]|Bytes:5
14:48:57.0 (17874158)|SYSTEM_MODE_ENTER|true
14:48:57.0 (17896352)|HEAP_ALLOCATE|[EXTERNAL]|Bytes:24
14:48:57.0 (17901774)|VARIABLE_SCOPE_BEGIN|[64]|this|showExpensesListForContactController|true|false
14:48:57.0 (17922851)|VARIABLE_ASSIGNMENT|[64]|this|{"CountTotalRecords":7,"idContact":"00346000002ojVW","OffsetSize":3,"QueryLimit":3,"queryString":""}|0x5f6a5bd5
14:48:57.0 (17929025)|STATEMENT_EXECUTE|[64]
14:48:57.0 (17967012)|VARIABLE_ASSIGNMENT|[EXTERNAL]|this|{"CountTotalRecords":7,"idContact":"00346000002ojVW","OffsetSize":3,"QueryLimit":3,"queryString":""}|0x5f6a5bd5
14:48:57.0 (17976084)|STATEMENT_EXECUTE|[65]
14:48:57.0 (17977361)|STATEMENT_EXECUTE|[66]
14:48:57.0 (17981784)|HEAP_ALLOCATE|[66]|Bytes:5
14:48:57.0 (18212457)|HEAP_ALLOCATE|[EXTERNAL]|Bytes:24
14:48:57.0 (18219534)|VARIABLE_SCOPE_BEGIN|[71]|this|showExpensesListForContactController|true|false
14:48:57.0 (18239941)|VARIABLE_ASSIGNMENT|[71]|this|{"CountTotalRecords":7,"idContact":"00346000002ojVW","OffsetSize":3,"QueryLimit":3,"queryString":""}|0x5f6a5bd5
14:48:57.0 (18245789)|STATEMENT_EXECUTE|[71]
14:48:57.0 (18247172)|STATEMENT_EXECUTE|[72]
14:48:57.0 (18253102)|HEAP_ALLOCATE|[72]|Bytes:4
14:48:57.0 (18260385)|VARIABLE_ASSIGNMENT|[72]|this.OffsetSize|6|0x5f6a5bd5
14:48:57.0 (18262157)|STATEMENT_EXECUTE|[73]
14:48:57.0 (21309408)|SYSTEM_MODE_ENTER|true
14:48:57.0 (21339243)|HEAP_ALLOCATE|[EXTERNAL]|Bytes:24
14:48:57.0 (21344513)|VARIABLE_SCOPE_BEGIN|[26]|this|showExpensesListForContactController|true|false
14:48:57.0 (21370307)|VARIABLE_ASSIGNMENT|[26]|this|{"CountTotalRecords":7,"idContact":"00346000002ojVW","OffsetSize":6,"QueryLimit":3,"queryString":""}|0x5f6a5bd5
14:48:57.0 (21376350)|STATEMENT_EXECUTE|[26]
14:48:57.0 (21377793)|STATEMENT_EXECUTE|[28]
14:48:57.0 (21398726)|HEAP_ALLOCATE|[31]|Bytes:1
14:48:57.0 (21411023)|HEAP_ALLOCATE|[28]|Bytes:160
14:48:57.0 (21422348)|HEAP_ALLOCATE|[31]|Bytes:1
14:48:57.0 (21429456)|HEAP_ALLOCATE|[28]|Bytes:9
14:48:57.0 (21432114)|HEAP_ALLOCATE|[28]|Bytes:169
14:48:57.0 (21774353)|SOQL_EXECUTE_BEGIN|[28]|Aggregations:0|SELECT id, Name, Category__c, RecordType.Name, Amount__c, Tax__c, Client_Company__c, Submitted__c FROM Expense__c WHERE Employee__r.Id='00346000002ojVW' LIMIT 3 OFFSET 6
14:48:57.0 (24787469)|SOQL_EXECUTE_END|[28]|Rows:0
14:48:57.0 (24804964)|HEAP_ALLOCATE|[28]|Bytes:4
14:48:57.0 (24816373)|HEAP_ALLOCATE|[28]|Bytes:0
14:48:57.0 (24833006)|HEAP_ALLOCATE|[28]|Bytes:4
14:48:57.0 (24846213)|VARIABLE_SCOPE_BEGIN|[28]|results|List<Expense__c>|true|false
14:48:57.0 (24856661)|VARIABLE_ASSIGNMENT|[28]|results|[]|0x792f521f
14:48:57.0 (24859223)|STATEMENT_EXECUTE|[33]
14:48:57.0 (26188292)|SYSTEM_MODE_ENTER|true
14:48:57.0 (26215541)|HEAP_ALLOCATE|[EXTERNAL]|Bytes:24
14:48:57.0 (26221092)|VARIABLE_SCOPE_BEGIN|[57]|this|showExpensesListForContactController|true|false
14:48:57.0 (26247363)|VARIABLE_ASSIGNMENT|[57]|this|{"CountTotalRecords":7,"idContact":"00346000002ojVW","OffsetSize":6,"QueryLimit":3,"queryString":""}|0x5f6a5bd5
14:48:57.0 (26253935)|STATEMENT_EXECUTE|[57]
14:48:57.0 (26257886)|STATEMENT_EXECUTE|[58]
14:48:57.0 (26258983)|STATEMENT_EXECUTE|[59]
14:48:57.0 (26264357)|HEAP_ALLOCATE|[59]|Bytes:5
14:48:57.0 (26591389)|SYSTEM_MODE_ENTER|true
14:48:57.0 (26614441)|HEAP_ALLOCATE|[EXTERNAL]|Bytes:24
14:48:57.0 (26618944)|VARIABLE_SCOPE_BEGIN|[64]|this|showExpensesListForContactController|true|false
14:48:57.0 (26641778)|VARIABLE_ASSIGNMENT|[64]|this|{"CountTotalRecords":7,"idContact":"00346000002ojVW","OffsetSize":6,"QueryLimit":3,"queryString":""}|0x5f6a5bd5
14:48:57.0 (26647884)|STATEMENT_EXECUTE|[64]
14:48:57.0 (26669549)|VARIABLE_ASSIGNMENT|[EXTERNAL]|this|{"CountTotalRecords":7,"idContact":"00346000002ojVW","OffsetSize":6,"QueryLimit":3,"queryString":""}|0x5f6a5bd5
14:48:57.0 (26677428)|STATEMENT_EXECUTE|[68]
14:48:57.0 (26682802)|HEAP_ALLOCATE|[68]|Bytes:5
14:48:57.0 (27855317)|VF_SERIALIZE_VIEWSTATE_BEGIN|06646000001Bfzo
14:48:57.0 (29397928)|VF_SERIALIZE_VIEWSTATE_END
14:48:57.31 (31408857)|CUMULATIVE_LIMIT_USAGE
14:48:57.31 (31408857)|LIMIT_USAGE_FOR_NS|(default)|
  Number of SOQL queries: 2 out of 100
  Number of query rows: 1 out of 50000
  Number of SOSL queries: 0 out of 20
  Number of DML statements: 0 out of 150
  Number of DML rows: 0 out of 10000
  Maximum CPU time: 0 out of 10000
  Maximum heap size: 0 out of 6000000
  Number of callouts: 0 out of 100
  Number of Email Invocations: 0 out of 10
  Number of future calls: 0 out of 50
  Number of queueable jobs added to the queue: 0 out of 50
  Number of Mobile Apex push calls: 0 out of 10

14:48:57.31 (31408857)|CUMULATIVE_LIMIT_USAGE_END

14:48:57.0 (31442411)|CODE_UNIT_FINISHED|VF: /apex/showExpensesListForContact
14:48:57.0 (32208999)|EXECUTION_FINISHED
