39.0 APEX_CODE,FINEST;APEX_PROFILING,INFO;CALLOUT,INFO;DB,INFO;SYSTEM,DEBUG;VALIDATION,INFO;VISUALFORCE,INFO;WAVE,INFO;WORKFLOW,INFO
17:11:42.0 (343991)|USER_INFO|[EXTERNAL]|00546000000Iihs|pacosta@altimetrik.com|Argentine Time|GMT-03:00
17:11:42.0 (369595)|EXECUTION_STARTED
17:11:42.0 (373254)|CODE_UNIT_STARTED|[EXTERNAL]|06646000001BW08|VF: /apex/ListOfEmployees
17:11:42.0 (929717)|VF_DESERIALIZE_VIEWSTATE_BEGIN|06646000001BW08
17:11:42.0 (7167194)|HEAP_ALLOCATE|[72]|Bytes:3
17:11:42.0 (7195498)|HEAP_ALLOCATE|[77]|Bytes:152
17:11:42.0 (7207885)|HEAP_ALLOCATE|[342]|Bytes:408
17:11:42.0 (7221176)|HEAP_ALLOCATE|[355]|Bytes:408
17:11:42.0 (7233322)|HEAP_ALLOCATE|[467]|Bytes:48
17:11:42.0 (7258654)|HEAP_ALLOCATE|[139]|Bytes:6
17:11:42.0 (7278412)|HEAP_ALLOCATE|[50]|Bytes:5
17:11:42.0 (7292591)|HEAP_ALLOCATE|[56]|Bytes:5
17:11:42.0 (7298613)|HEAP_ALLOCATE|[64]|Bytes:7
17:11:42.0 (8637833)|VF_DESERIALIZE_VIEWSTATE_END
17:11:42.0 (9917730)|SYSTEM_MODE_ENTER|true
17:11:42.0 (10177754)|HEAP_ALLOCATE|[EXTERNAL]|Bytes:14
17:11:42.0 (10184814)|HEAP_ALLOCATE|[EXTERNAL]|Bytes:96
17:11:42.0 (10187413)|HEAP_ALLOCATE|[EXTERNAL]|Bytes:24
17:11:42.0 (10195591)|METHOD_ENTRY|[1]|01p46000002wayn|ExpenseController.ExpenseController()
17:11:42.0 (10201751)|STATEMENT_EXECUTE|[1]
17:11:42.0 (10208387)|STATEMENT_EXECUTE|[1]
17:11:42.0 (10209936)|STATEMENT_EXECUTE|[97]
17:11:42.0 (10215078)|METHOD_EXIT|[1]|ExpenseController
17:11:42.0 (10222176)|HEAP_ALLOCATE|[EXTERNAL]|Bytes:12
17:11:42.0 (10228003)|VARIABLE_SCOPE_BEGIN|[8]|this|ExpenseController|true|false
17:11:42.0 (10284943)|VARIABLE_ASSIGNMENT|[8]|this|{"queryString":"","wrappedExpenses":"0x5d4b04be"}|0x54e44a5
17:11:42.0 (10293231)|STATEMENT_EXECUTE|[8]
17:11:42.0 (10294679)|STATEMENT_EXECUTE|[10]
17:11:42.0 (10297912)|HEAP_ALLOCATE|[10]|Bytes:161
17:11:42.0 (10317318)|HEAP_ALLOCATE|[10]|Bytes:161
17:11:42.0 (12902546)|SOQL_EXECUTE_BEGIN|[10]|Aggregations:0|SELECT Category__c, RecordType.Name, Amount__c, Tax__c, Client_Company__c, Submitted__c, Employee__r.Id, Employee__r.Name, Employee__r.Birthdate FROM Expense__c 
17:11:42.0 (20929197)|SOQL_EXECUTE_END|[10]|Rows:5
17:11:42.0 (20953517)|HEAP_ALLOCATE|[10]|Bytes:24
17:11:42.0 (20991898)|HEAP_ALLOCATE|[10]|Bytes:1579
17:11:42.0 (21080544)|HEAP_ALLOCATE|[10]|Bytes:24
17:11:42.0 (21115139)|VARIABLE_SCOPE_BEGIN|[10]|results|List<Expense__c>|true|false
17:11:42.0 (21207818)|VARIABLE_ASSIGNMENT|[10]|results|[{"Category__c":"Road Meals","RecordTypeId":"012460000005G1KAAU","Amount__c":8900,"Tax__c":1157.00,"Submitted__c":true,"Employee__c":"00346000002ojeGAAQ","Id":"a0F46000000FmUwEAK","RecordType":{"Name":"Client Meetings","Id":"012460000005G1KAAU"},"Employee__r":{"Id":"00346000002ojeGAAQ","Name":"Paolo Smith"}},{"RecordTypeId":"012460000005G1FAAU","Amount__c":3000,"Tax__c":390.00,"Submitted__c":true,"Employee__c":"00346000002ojVWAAY","Id":"a0F46000000Fp6rEAC","RecordType":{"Name":"Business Trips","Id":"012460000005G1FAAU"},"Employee__r":{"Id":"00346000002ojVWAAY","Name":"Carol Ruiz","Birthdate":"2017-10-09T00:00:00.000Z"}},{"Category__c":"Event Registration","RecordTypeId":"012460000005G1FAAU","Amount__c":3499,"Tax__c":454.87,"Submitted__c":true,"Employee__c":"00346000002ojVWAAY","Id":"a0F46000000Fp76EAC","RecordType":{"Name":"Business Trips","Id":"012460000005G1FAAU"},"Employee__r":{"Id":"00346000002ojVWAAY","Name":"Carol Ruiz","Birthdate":"2017-10-09T00:00:00.000Z"}},{"Category__c":"Event Registration","RecordTypeId":"012460000005G1KAAU","Amount__c":5600,"Tax__c":728.00,"Submitted__c":true,"Employee__c":"00346000002oeLWAAY","Id":"a0F46000000FBc6EAG","RecordType":{"Name":"Client Meetings","Id":"012460000005G1KAAU"},"Employee__r":{"Id":"00346000002oeLWAAY","Name":"Paulo Acosta"}},{"Category__c":"Transportation","RecordTypeId":"012460000005G1FAAU","Amount__c":3500,"Tax__c":455.00,"Submitted__c":true,"Employee__c":"00346000002ojVWAAY","Id":"a0F46000000FBblEAG","RecordType":{"Name":"Business Trips","Id":"012460000005G1FAAU"},"Employee__r":{"Id":"00346000002ojVWAAY","Name":"Carol Ruiz","Birthdate":"2017-10-09T00:00:00.000Z"}}]|0x423dc392
17:11:42.0 (21238014)|STATEMENT_EXECUTE|[15]
17:11:42.0 (21248013)|HEAP_ALLOCATE|[15]|Bytes:4
17:11:42.0 (21374760)|VARIABLE_ASSIGNMENT|[EXTERNAL]|this|{"queryString":"","wrappedExpenses":"0x5d4b04be"}|0x54e44a5
17:11:42.0 (21395153)|HEAP_ALLOCATE|[EXTERNAL]|Bytes:4
17:11:42.0 (21401498)|VARIABLE_ASSIGNMENT|[EXTERNAL]|value|[]|0x47ff1e41
17:11:42.0 (21412857)|VARIABLE_ASSIGNMENT|[5]|this.wrappedExpenses|[]|0x54e44a5
17:11:42.0 (21616385)|HEAP_ALLOCATE|[16]|Bytes:5
17:11:42.0 (21657481)|HEAP_ALLOCATE|[16]|Bytes:40
17:11:42.0 (21666853)|VARIABLE_SCOPE_BEGIN|[16]|ex|Expense__c|true|false
17:11:42.0 (21699184)|VARIABLE_ASSIGNMENT|[16]|ex|{"Category__c":"Road Meals","RecordTypeId":"012460000005G1KAAU","Amount__c":8900,"Tax__c":1157.00,"Submitted__c":true,"Employee__c":"00346000002ojeGAAQ","Id":"a0F46000000FmUwEAK","RecordType":{"Name":"Client Meetings","Id":"012460000005G1KAAU"},"Employee__r":{"Id":"00346000002ojeGAAQ","Name":"Paolo Smith"}}|0x17c823e1
17:11:42.0 (21705499)|STATEMENT_EXECUTE|[16]
17:11:42.0 (21707268)|STATEMENT_EXECUTE|[18]
17:11:42.0 (21748461)|VARIABLE_ASSIGNMENT|[EXTERNAL]|this|{"queryString":"","wrappedExpenses":"0x47ff1e41"}|0x54e44a5
17:11:42.0 (21762524)|HEAP_ALLOCATE|[18]|Bytes:116
17:11:42.0 (21769646)|HEAP_ALLOCATE|[18]|Bytes:10
17:11:42.0 (21778033)|HEAP_ALLOCATE|[18]|Bytes:12
17:11:42.0 (21797557)|CONSTRUCTOR_ENTRY|[18]|01p46000002wayn|<init>(Expense__c,Boolean)
17:11:42.0 (21808258)|VARIABLE_SCOPE_BEGIN|[102]|this|ExpenseController.ExpenseWrapper|true|false
17:11:42.0 (21828935)|VARIABLE_ASSIGNMENT|[102]|this|{}|0x5d28f9f5
17:11:42.0 (21831837)|VARIABLE_SCOPE_BEGIN|[102]|ex|Expense__c|true|false
17:11:42.0 (21843718)|VARIABLE_ASSIGNMENT|[102]|ex|{"Category__c":"Road Meals","RecordTypeId":"012460000005G1KAAU","Amount__c":8900,"Tax__c":1157.00,"Submitted__c":true,"Employee__c":"00346000002ojeGAAQ","Id":"a0F46000000FmUwEAK","RecordType":{"Name":"Client Meetings","Id":"012460000005G1KAAU"},"Employee__r":{"Id":"00346000002ojeGAAQ","Name":"Paolo Smith"}}|0x17c823e1
17:11:42.0 (21849652)|VARIABLE_SCOPE_BEGIN|[102]|check|Boolean|false|false
17:11:42.0 (21853009)|VARIABLE_ASSIGNMENT|[102]|check|false
17:11:42.0 (21857100)|STATEMENT_EXECUTE|[97]
17:11:42.0 (21858737)|STATEMENT_EXECUTE|[99]
17:11:42.0 (21860247)|STATEMENT_EXECUTE|[100]
17:11:42.0 (21866413)|HEAP_ALLOCATE|[104]|Bytes:6
17:11:42.0 (21905155)|STATEMENT_EXECUTE|[102]
17:11:42.0 (21906880)|STATEMENT_EXECUTE|[104]
17:11:42.0 (21962794)|VARIABLE_ASSIGNMENT|[EXTERNAL]|this|{}|0x5d28f9f5
17:11:42.0 (21976222)|VARIABLE_ASSIGNMENT|[EXTERNAL]|value|{"Category__c":"Road Meals","RecordTypeId":"012460000005G1KAAU","Amount__c":8900,"Tax__c":1157.00,"Submitted__c":true,"Employee__c":"00346000002ojeGAAQ","Id":"a0F46000000FmUwEAK","RecordType":{"Name":"Client Meetings","Id":"012460000005G1KAAU"},"Employee__r":{"Id":"00346000002ojeGAAQ","Name":"Paolo Smith"}}|0x17c823e1
17:11:42.0 (21990363)|VARIABLE_ASSIGNMENT|[99]|this.expense|{"Category__c":"Road Meals","RecordTypeId":"012460000005G1KAAU","Amount__c":8900,"Tax__c":1157.00,"Submitted__c":true,"Employee__c":"00346000002ojeGAAQ","Id":"a0F46000000FmUwEAK","RecordType":{"Name":"Client Meetings","Id":"012460000005G1KAAU"},"Employee__r":{"Id":"00346000002ojeGAAQ","Name":"Paolo Smith"}}|0x5d28f9f5
17:11:42.0 (21998165)|STATEMENT_EXECUTE|[105]
17:11:42.0 (22029006)|VARIABLE_ASSIGNMENT|[EXTERNAL]|this|{"expense":"0x17c823e1"}|0x5d28f9f5
17:11:42.0 (22036129)|VARIABLE_ASSIGNMENT|[EXTERNAL]|value|false
17:11:42.0 (22040175)|HEAP_ALLOCATE|[100]|Bytes:5
17:11:42.0 (22044793)|VARIABLE_ASSIGNMENT|[100]|this.checked|false|0x5d28f9f5
17:11:42.0 (22053479)|CONSTRUCTOR_EXIT|[18]|01p46000002wayn|<init>(Expense__c,Boolean)
17:11:42.0 (22065551)|HEAP_ALLOCATE|[EXTERNAL]|Bytes:4
17:11:42.0 (22076186)|HEAP_ALLOCATE|[16]|Bytes:5
17:11:42.0 (22099913)|HEAP_ALLOCATE|[16]|Bytes:36
17:11:42.0 (22106258)|VARIABLE_SCOPE_BEGIN|[16]|ex|Expense__c|true|false
17:11:42.0 (22126455)|VARIABLE_ASSIGNMENT|[16]|ex|{"RecordTypeId":"012460000005G1FAAU","Amount__c":3000,"Tax__c":390.00,"Submitted__c":true,"Employee__c":"00346000002ojVWAAY","Id":"a0F46000000Fp6rEAC","RecordType":{"Name":"Business Trips","Id":"012460000005G1FAAU"},"Employee__r":{"Id":"00346000002ojVWAAY","Name":"Carol Ruiz","Birthdate":"2017-10-09T00:00:00.000Z"}}|0x1677f2b4
17:11:42.0 (22131934)|STATEMENT_EXECUTE|[16]
17:11:42.0 (22133412)|STATEMENT_EXECUTE|[18]
17:11:42.0 (22152246)|VARIABLE_ASSIGNMENT|[EXTERNAL]|this|{"queryString":"","wrappedExpenses":"0x47ff1e41"}|0x54e44a5
17:11:42.0 (22160374)|HEAP_ALLOCATE|[18]|Bytes:12
17:11:42.0 (22167783)|CONSTRUCTOR_ENTRY|[18]|01p46000002wayn|<init>(Expense__c,Boolean)
17:11:42.0 (22170968)|VARIABLE_SCOPE_BEGIN|[102]|this|ExpenseController.ExpenseWrapper|true|false
17:11:42.0 (22179662)|VARIABLE_ASSIGNMENT|[102]|this|{}|0x6c011bbf
17:11:42.0 (22181168)|VARIABLE_SCOPE_BEGIN|[102]|ex|Expense__c|true|false
17:11:42.0 (22194699)|VARIABLE_ASSIGNMENT|[102]|ex|{"RecordTypeId":"012460000005G1FAAU","Amount__c":3000,"Tax__c":390.00,"Submitted__c":true,"Employee__c":"00346000002ojVWAAY","Id":"a0F46000000Fp6rEAC","RecordType":{"Name":"Business Trips","Id":"012460000005G1FAAU"},"Employee__r":{"Id":"00346000002ojVWAAY","Name":"Carol Ruiz","Birthdate":"2017-10-09T00:00:00.000Z"}}|0x1677f2b4
17:11:42.0 (22198992)|VARIABLE_SCOPE_BEGIN|[102]|check|Boolean|false|false
17:11:42.0 (22201626)|VARIABLE_ASSIGNMENT|[102]|check|false
17:11:42.0 (22204652)|STATEMENT_EXECUTE|[97]
17:11:42.0 (22205947)|STATEMENT_EXECUTE|[99]
17:11:42.0 (22207191)|STATEMENT_EXECUTE|[100]
17:11:42.0 (22216096)|STATEMENT_EXECUTE|[102]
17:11:42.0 (22217465)|STATEMENT_EXECUTE|[104]
17:11:42.0 (22228017)|VARIABLE_ASSIGNMENT|[EXTERNAL]|this|{}|0x6c011bbf
17:11:42.0 (22240976)|VARIABLE_ASSIGNMENT|[EXTERNAL]|value|{"RecordTypeId":"012460000005G1FAAU","Amount__c":3000,"Tax__c":390.00,"Submitted__c":true,"Employee__c":"00346000002ojVWAAY","Id":"a0F46000000Fp6rEAC","RecordType":{"Name":"Business Trips","Id":"012460000005G1FAAU"},"Employee__r":{"Id":"00346000002ojVWAAY","Name":"Carol Ruiz","Birthdate":"2017-10-09T00:00:00.000Z"}}|0x1677f2b4
17:11:42.0 (22254349)|VARIABLE_ASSIGNMENT|[99]|this.expense|{"RecordTypeId":"012460000005G1FAAU","Amount__c":3000,"Tax__c":390.00,"Submitted__c":true,"Employee__c":"00346000002ojVWAAY","Id":"a0F46000000Fp6rEAC","RecordType":{"Name":"Business Trips","Id":"012460000005G1FAAU"},"Employee__r":{"Id":"00346000002ojVWAAY","Name":"Carol Ruiz","Birthdate":"2017-10-09T00:00:00.000Z"}}|0x6c011bbf
17:11:42.0 (22260560)|STATEMENT_EXECUTE|[105]
17:11:42.0 (22271022)|VARIABLE_ASSIGNMENT|[EXTERNAL]|this|{"expense":"0x1677f2b4"}|0x6c011bbf
17:11:42.0 (22275197)|VARIABLE_ASSIGNMENT|[EXTERNAL]|value|false
17:11:42.0 (22277983)|HEAP_ALLOCATE|[100]|Bytes:5
17:11:42.0 (22281505)|VARIABLE_ASSIGNMENT|[100]|this.checked|false|0x6c011bbf
17:11:42.0 (22288655)|CONSTRUCTOR_EXIT|[18]|01p46000002wayn|<init>(Expense__c,Boolean)
17:11:42.0 (22295219)|HEAP_ALLOCATE|[EXTERNAL]|Bytes:4
17:11:42.0 (22303850)|HEAP_ALLOCATE|[16]|Bytes:5
17:11:42.0 (22323862)|HEAP_ALLOCATE|[16]|Bytes:40
17:11:42.0 (22329208)|VARIABLE_SCOPE_BEGIN|[16]|ex|Expense__c|true|false
17:11:42.0 (22345978)|VARIABLE_ASSIGNMENT|[16]|ex|{"Category__c":"Event Registration","RecordTypeId":"012460000005G1FAAU","Amount__c":3499,"Tax__c":454.87,"Submitted__c":true,"Employee__c":"00346000002ojVWAAY","Id":"a0F46000000Fp76EAC","RecordType":{"Name":"Business Trips","Id":"012460000005G1FAAU"},"Employee__r":{"Id":"00346000002ojVWAAY","Name":"Carol Ruiz","Birthdate":"2017-10-09T00:00:00.000Z"}}|0x51a57334
17:11:42.0 (22351180)|STATEMENT_EXECUTE|[16]
17:11:42.0 (22352440)|STATEMENT_EXECUTE|[18]
17:11:42.0 (22368668)|VARIABLE_ASSIGNMENT|[EXTERNAL]|this|{"queryString":"","wrappedExpenses":"0x47ff1e41"}|0x54e44a5
17:11:42.0 (22375487)|HEAP_ALLOCATE|[18]|Bytes:12
17:11:42.0 (22381655)|CONSTRUCTOR_ENTRY|[18]|01p46000002wayn|<init>(Expense__c,Boolean)
17:11:42.0 (22384286)|VARIABLE_SCOPE_BEGIN|[102]|this|ExpenseController.ExpenseWrapper|true|false
17:11:42.0 (22392137)|VARIABLE_ASSIGNMENT|[102]|this|{}|0xb8f750b
17:11:42.0 (22393876)|VARIABLE_SCOPE_BEGIN|[102]|ex|Expense__c|true|false
17:11:42.0 (22406542)|VARIABLE_ASSIGNMENT|[102]|ex|{"Category__c":"Event Registration","RecordTypeId":"012460000005G1FAAU","Amount__c":3499,"Tax__c":454.87,"Submitted__c":true,"Employee__c":"00346000002ojVWAAY","Id":"a0F46000000Fp76EAC","RecordType":{"Name":"Business Trips","Id":"012460000005G1FAAU"},"Employee__r":{"Id":"00346000002ojVWAAY","Name":"Carol Ruiz","Birthdate":"2017-10-09T00:00:00.000Z"}}|0x51a57334
17:11:42.0 (22410977)|VARIABLE_SCOPE_BEGIN|[102]|check|Boolean|false|false
17:11:42.0 (22413387)|VARIABLE_ASSIGNMENT|[102]|check|false
17:11:42.0 (22416421)|STATEMENT_EXECUTE|[97]
17:11:42.0 (22417772)|STATEMENT_EXECUTE|[99]
17:11:42.0 (22419103)|STATEMENT_EXECUTE|[100]
17:11:42.0 (22427124)|STATEMENT_EXECUTE|[102]
17:11:42.0 (22428457)|STATEMENT_EXECUTE|[104]
17:11:42.0 (22438224)|VARIABLE_ASSIGNMENT|[EXTERNAL]|this|{}|0xb8f750b
17:11:42.0 (22450904)|VARIABLE_ASSIGNMENT|[EXTERNAL]|value|{"Category__c":"Event Registration","RecordTypeId":"012460000005G1FAAU","Amount__c":3499,"Tax__c":454.87,"Submitted__c":true,"Employee__c":"00346000002ojVWAAY","Id":"a0F46000000Fp76EAC","RecordType":{"Name":"Business Trips","Id":"012460000005G1FAAU"},"Employee__r":{"Id":"00346000002ojVWAAY","Name":"Carol Ruiz","Birthdate":"2017-10-09T00:00:00.000Z"}}|0x51a57334
17:11:42.0 (22464568)|VARIABLE_ASSIGNMENT|[99]|this.expense|{"Category__c":"Event Registration","RecordTypeId":"012460000005G1FAAU","Amount__c":3499,"Tax__c":454.87,"Submitted__c":true,"Employee__c":"00346000002ojVWAAY","Id":"a0F46000000Fp76EAC","RecordType":{"Name":"Business Trips","Id":"012460000005G1FAAU"},"Employee__r":{"Id":"00346000002ojVWAAY","Name":"Carol Ruiz","Birthdate":"2017-10-09T00:00:00.000Z"}}|0xb8f750b
17:11:42.0 (22471265)|STATEMENT_EXECUTE|[105]
17:11:42.0 (22481314)|VARIABLE_ASSIGNMENT|[EXTERNAL]|this|{"expense":"0x51a57334"}|0xb8f750b
17:11:42.0 (22485373)|VARIABLE_ASSIGNMENT|[EXTERNAL]|value|false
17:11:42.0 (22487800)|HEAP_ALLOCATE|[100]|Bytes:5
17:11:42.0 (22491062)|VARIABLE_ASSIGNMENT|[100]|this.checked|false|0xb8f750b
17:11:42.0 (22497834)|CONSTRUCTOR_EXIT|[18]|01p46000002wayn|<init>(Expense__c,Boolean)
17:11:42.0 (22503643)|HEAP_ALLOCATE|[EXTERNAL]|Bytes:4
17:11:42.0 (22511836)|HEAP_ALLOCATE|[16]|Bytes:5
17:11:42.0 (22529871)|HEAP_ALLOCATE|[16]|Bytes:40
17:11:42.0 (22534606)|VARIABLE_SCOPE_BEGIN|[16]|ex|Expense__c|true|false
17:11:42.0 (22547802)|VARIABLE_ASSIGNMENT|[16]|ex|{"Category__c":"Event Registration","RecordTypeId":"012460000005G1KAAU","Amount__c":5600,"Tax__c":728.00,"Submitted__c":true,"Employee__c":"00346000002oeLWAAY","Id":"a0F46000000FBc6EAG","RecordType":{"Name":"Client Meetings","Id":"012460000005G1KAAU"},"Employee__r":{"Id":"00346000002oeLWAAY","Name":"Paulo Acosta"}}|0x78720a9
17:11:42.0 (22552391)|STATEMENT_EXECUTE|[16]
17:11:42.0 (22554012)|STATEMENT_EXECUTE|[18]
17:11:42.0 (22568998)|VARIABLE_ASSIGNMENT|[EXTERNAL]|this|{"queryString":"","wrappedExpenses":"0x47ff1e41"}|0x54e44a5
17:11:42.0 (22575834)|HEAP_ALLOCATE|[18]|Bytes:12
17:11:42.0 (22582036)|CONSTRUCTOR_ENTRY|[18]|01p46000002wayn|<init>(Expense__c,Boolean)
17:11:42.0 (22584440)|VARIABLE_SCOPE_BEGIN|[102]|this|ExpenseController.ExpenseWrapper|true|false
17:11:42.0 (22591855)|VARIABLE_ASSIGNMENT|[102]|this|{}|0x30fafe09
17:11:42.0 (22593682)|VARIABLE_SCOPE_BEGIN|[102]|ex|Expense__c|true|false
17:11:42.0 (22603574)|VARIABLE_ASSIGNMENT|[102]|ex|{"Category__c":"Event Registration","RecordTypeId":"012460000005G1KAAU","Amount__c":5600,"Tax__c":728.00,"Submitted__c":true,"Employee__c":"00346000002oeLWAAY","Id":"a0F46000000FBc6EAG","RecordType":{"Name":"Client Meetings","Id":"012460000005G1KAAU"},"Employee__r":{"Id":"00346000002oeLWAAY","Name":"Paulo Acosta"}}|0x78720a9
17:11:42.0 (22607601)|VARIABLE_SCOPE_BEGIN|[102]|check|Boolean|false|false
17:11:42.0 (22610015)|VARIABLE_ASSIGNMENT|[102]|check|false
17:11:42.0 (22612831)|STATEMENT_EXECUTE|[97]
17:11:42.0 (22614161)|STATEMENT_EXECUTE|[99]
17:11:42.0 (22615431)|STATEMENT_EXECUTE|[100]
17:11:42.0 (22623195)|STATEMENT_EXECUTE|[102]
17:11:42.0 (22624466)|STATEMENT_EXECUTE|[104]
17:11:42.0 (22634089)|VARIABLE_ASSIGNMENT|[EXTERNAL]|this|{}|0x30fafe09
17:11:42.0 (22644154)|VARIABLE_ASSIGNMENT|[EXTERNAL]|value|{"Category__c":"Event Registration","RecordTypeId":"012460000005G1KAAU","Amount__c":5600,"Tax__c":728.00,"Submitted__c":true,"Employee__c":"00346000002oeLWAAY","Id":"a0F46000000FBc6EAG","RecordType":{"Name":"Client Meetings","Id":"012460000005G1KAAU"},"Employee__r":{"Id":"00346000002oeLWAAY","Name":"Paulo Acosta"}}|0x78720a9
17:11:42.0 (22655688)|VARIABLE_ASSIGNMENT|[99]|this.expense|{"Category__c":"Event Registration","RecordTypeId":"012460000005G1KAAU","Amount__c":5600,"Tax__c":728.00,"Submitted__c":true,"Employee__c":"00346000002oeLWAAY","Id":"a0F46000000FBc6EAG","RecordType":{"Name":"Client Meetings","Id":"012460000005G1KAAU"},"Employee__r":{"Id":"00346000002oeLWAAY","Name":"Paulo Acosta"}}|0x30fafe09
17:11:42.0 (22661701)|STATEMENT_EXECUTE|[105]
17:11:42.0 (22671622)|VARIABLE_ASSIGNMENT|[EXTERNAL]|this|{"expense":"0x78720a9"}|0x30fafe09
17:11:42.0 (22675464)|VARIABLE_ASSIGNMENT|[EXTERNAL]|value|false
17:11:42.0 (22677761)|HEAP_ALLOCATE|[100]|Bytes:5
17:11:42.0 (22680839)|VARIABLE_ASSIGNMENT|[100]|this.checked|false|0x30fafe09
17:11:42.0 (22687471)|CONSTRUCTOR_EXIT|[18]|01p46000002wayn|<init>(Expense__c,Boolean)
17:11:42.0 (22696723)|HEAP_ALLOCATE|[EXTERNAL]|Bytes:4
17:11:42.0 (22704909)|HEAP_ALLOCATE|[16]|Bytes:5
17:11:42.0 (22722691)|HEAP_ALLOCATE|[16]|Bytes:40
17:11:42.0 (22727480)|VARIABLE_SCOPE_BEGIN|[16]|ex|Expense__c|true|false
17:11:42.0 (22744197)|VARIABLE_ASSIGNMENT|[16]|ex|{"Category__c":"Transportation","RecordTypeId":"012460000005G1FAAU","Amount__c":3500,"Tax__c":455.00,"Submitted__c":true,"Employee__c":"00346000002ojVWAAY","Id":"a0F46000000FBblEAG","RecordType":{"Name":"Business Trips","Id":"012460000005G1FAAU"},"Employee__r":{"Id":"00346000002ojVWAAY","Name":"Carol Ruiz","Birthdate":"2017-10-09T00:00:00.000Z"}}|0x5186dc93
17:11:42.0 (22749022)|STATEMENT_EXECUTE|[16]
17:11:42.0 (22750371)|STATEMENT_EXECUTE|[18]
17:11:42.0 (22766080)|VARIABLE_ASSIGNMENT|[EXTERNAL]|this|{"queryString":"","wrappedExpenses":"0x47ff1e41"}|0x54e44a5
17:11:42.0 (22773048)|HEAP_ALLOCATE|[18]|Bytes:12
17:11:42.0 (22779260)|CONSTRUCTOR_ENTRY|[18]|01p46000002wayn|<init>(Expense__c,Boolean)
17:11:42.0 (22781634)|VARIABLE_SCOPE_BEGIN|[102]|this|ExpenseController.ExpenseWrapper|true|false
17:11:42.0 (22789085)|VARIABLE_ASSIGNMENT|[102]|this|{}|0x7cf4c8e2
17:11:42.0 (22790626)|VARIABLE_SCOPE_BEGIN|[102]|ex|Expense__c|true|false
17:11:42.0 (22803309)|VARIABLE_ASSIGNMENT|[102]|ex|{"Category__c":"Transportation","RecordTypeId":"012460000005G1FAAU","Amount__c":3500,"Tax__c":455.00,"Submitted__c":true,"Employee__c":"00346000002ojVWAAY","Id":"a0F46000000FBblEAG","RecordType":{"Name":"Business Trips","Id":"012460000005G1FAAU"},"Employee__r":{"Id":"00346000002ojVWAAY","Name":"Carol Ruiz","Birthdate":"2017-10-09T00:00:00.000Z"}}|0x5186dc93
17:11:42.0 (22807669)|VARIABLE_SCOPE_BEGIN|[102]|check|Boolean|false|false
17:11:42.0 (22810136)|VARIABLE_ASSIGNMENT|[102]|check|false
17:11:42.0 (22812855)|STATEMENT_EXECUTE|[97]
17:11:42.0 (22814081)|STATEMENT_EXECUTE|[99]
17:11:42.0 (22815305)|STATEMENT_EXECUTE|[100]
17:11:42.0 (22822990)|STATEMENT_EXECUTE|[102]
17:11:42.0 (22824270)|STATEMENT_EXECUTE|[104]
17:11:42.0 (22834191)|VARIABLE_ASSIGNMENT|[EXTERNAL]|this|{}|0x7cf4c8e2
17:11:42.0 (22846504)|VARIABLE_ASSIGNMENT|[EXTERNAL]|value|{"Category__c":"Transportation","RecordTypeId":"012460000005G1FAAU","Amount__c":3500,"Tax__c":455.00,"Submitted__c":true,"Employee__c":"00346000002ojVWAAY","Id":"a0F46000000FBblEAG","RecordType":{"Name":"Business Trips","Id":"012460000005G1FAAU"},"Employee__r":{"Id":"00346000002ojVWAAY","Name":"Carol Ruiz","Birthdate":"2017-10-09T00:00:00.000Z"}}|0x5186dc93
17:11:42.0 (22859809)|VARIABLE_ASSIGNMENT|[99]|this.expense|{"Category__c":"Transportation","RecordTypeId":"012460000005G1FAAU","Amount__c":3500,"Tax__c":455.00,"Submitted__c":true,"Employee__c":"00346000002ojVWAAY","Id":"a0F46000000FBblEAG","RecordType":{"Name":"Business Trips","Id":"012460000005G1FAAU"},"Employee__r":{"Id":"00346000002ojVWAAY","Name":"Carol Ruiz","Birthdate":"2017-10-09T00:00:00.000Z"}}|0x7cf4c8e2
17:11:42.0 (22865973)|STATEMENT_EXECUTE|[105]
17:11:42.0 (22876159)|VARIABLE_ASSIGNMENT|[EXTERNAL]|this|{"expense":"0x5186dc93"}|0x7cf4c8e2
17:11:42.0 (22879917)|VARIABLE_ASSIGNMENT|[EXTERNAL]|value|false
17:11:42.0 (22882271)|HEAP_ALLOCATE|[100]|Bytes:5
17:11:42.0 (22885362)|VARIABLE_ASSIGNMENT|[100]|this.checked|false|0x7cf4c8e2
17:11:42.0 (22891982)|CONSTRUCTOR_EXIT|[18]|01p46000002wayn|<init>(Expense__c,Boolean)
17:11:42.0 (22897001)|HEAP_ALLOCATE|[EXTERNAL]|Bytes:4
17:11:42.0 (22904889)|HEAP_ALLOCATE|[16]|Bytes:5
17:11:42.0 (22912428)|VARIABLE_ASSIGNMENT|[16]|ex|null|
17:11:42.0 (22915480)|STATEMENT_EXECUTE|[21]
17:11:42.0 (22939046)|VARIABLE_ASSIGNMENT|[EXTERNAL]|this|{"queryString":"","wrappedExpenses":"0x47ff1e41"}|0x54e44a5
17:11:42.0 (23816199)|HEAP_ALLOCATE|[EXTERNAL]|Bytes:5
17:11:42.0 (23821192)|HEAP_ALLOCATE|[EXTERNAL]|Bytes:12
17:11:42.0 (23828330)|VARIABLE_ASSIGNMENT|[EXTERNAL]|this.checked|false|0x5d28f9f5
17:11:42.0 (23871215)|HEAP_ALLOCATE|[EXTERNAL]|Bytes:5
17:11:42.0 (23874152)|HEAP_ALLOCATE|[EXTERNAL]|Bytes:12
17:11:42.0 (23878869)|VARIABLE_ASSIGNMENT|[EXTERNAL]|this.checked|false|0x6c011bbf
17:11:42.0 (23911146)|HEAP_ALLOCATE|[EXTERNAL]|Bytes:5
17:11:42.0 (23913424)|HEAP_ALLOCATE|[EXTERNAL]|Bytes:12
17:11:42.0 (23917627)|VARIABLE_ASSIGNMENT|[EXTERNAL]|this.checked|false|0xb8f750b
17:11:42.0 (23948074)|HEAP_ALLOCATE|[EXTERNAL]|Bytes:5
17:11:42.0 (23950259)|HEAP_ALLOCATE|[EXTERNAL]|Bytes:12
17:11:42.0 (23954260)|VARIABLE_ASSIGNMENT|[EXTERNAL]|this.checked|false|0x30fafe09
17:11:42.0 (23984747)|HEAP_ALLOCATE|[EXTERNAL]|Bytes:5
17:11:42.0 (23986883)|HEAP_ALLOCATE|[EXTERNAL]|Bytes:12
17:11:42.0 (23990574)|VARIABLE_ASSIGNMENT|[EXTERNAL]|this.checked|false|0x7cf4c8e2
17:11:42.0 (24142707)|HEAP_ALLOCATE|[EXTERNAL]|Bytes:12
17:11:42.0 (24150285)|VARIABLE_SCOPE_BEGIN|[50]|this|ExpenseController|true|false
17:11:42.0 (24170578)|VARIABLE_ASSIGNMENT|[50]|this|{"queryString":"","wrappedExpenses":"0x47ff1e41"}|0x54e44a5
17:11:42.0 (24178781)|STATEMENT_EXECUTE|[50]
17:11:42.0 (24180744)|STATEMENT_EXECUTE|[52]
17:11:42.0 (24184656)|HEAP_ALLOCATE|[52]|Bytes:41
17:11:42.0 (24195913)|VARIABLE_ASSIGNMENT|[52]|this.queryString|"WHERE RecordType.Nam (21 more) ..."|0x54e44a5
17:11:42.0 (27329544)|SYSTEM_MODE_ENTER|true
17:11:42.0 (27359584)|HEAP_ALLOCATE|[EXTERNAL]|Bytes:12
17:11:42.0 (27365083)|VARIABLE_SCOPE_BEGIN|[8]|this|ExpenseController|true|false
17:11:42.0 (27387847)|VARIABLE_ASSIGNMENT|[8]|this|{"queryString":"WHERE RecordType.Nam (21 more) ...","wrappedExpenses":"0x47ff1e41"}|0x54e44a5
17:11:42.0 (27395548)|STATEMENT_EXECUTE|[8]
17:11:42.0 (27397227)|STATEMENT_EXECUTE|[10]
17:11:42.0 (27407381)|HEAP_ALLOCATE|[10]|Bytes:202
17:11:42.0 (27799786)|SOQL_EXECUTE_BEGIN|[10]|Aggregations:0|SELECT Category__c, RecordType.Name, Amount__c, Tax__c, Client_Company__c, Submitted__c, Employee__r.Id, Employee__r.Name, Employee__r.Birthdate FROM Expense__c WHERE RecordType.Name = 'Client Meetings'
17:11:42.0 (33737043)|SOQL_EXECUTE_END|[10]|Rows:2
17:11:42.0 (33756321)|HEAP_ALLOCATE|[10]|Bytes:12
17:11:42.0 (33781666)|HEAP_ALLOCATE|[10]|Bytes:684
17:11:42.0 (33799906)|HEAP_ALLOCATE|[10]|Bytes:12
17:11:42.0 (33818227)|VARIABLE_SCOPE_BEGIN|[10]|results|List<Expense__c>|true|false
17:11:42.0 (33856052)|VARIABLE_ASSIGNMENT|[10]|results|[{"Category__c":"Road Meals","RecordTypeId":"012460000005G1KAAU","Amount__c":8900,"Tax__c":1157.00,"Submitted__c":true,"Employee__c":"00346000002ojeGAAQ","Id":"a0F46000000FmUwEAK","RecordType":{"Name":"Client Meetings","Id":"012460000005G1KAAU"},"Employee__r":{"Id":"00346000002ojeGAAQ","Name":"Paolo Smith"}},{"Category__c":"Event Registration","RecordTypeId":"012460000005G1KAAU","Amount__c":5600,"Tax__c":728.00,"Submitted__c":true,"Employee__c":"00346000002oeLWAAY","Id":"a0F46000000FBc6EAG","RecordType":{"Name":"Client Meetings","Id":"012460000005G1KAAU"},"Employee__r":{"Id":"00346000002oeLWAAY","Name":"Paulo Acosta"}}]|0x297078b2
17:11:42.0 (33864720)|STATEMENT_EXECUTE|[15]
17:11:42.0 (33870111)|HEAP_ALLOCATE|[15]|Bytes:4
17:11:42.0 (33912251)|VARIABLE_ASSIGNMENT|[EXTERNAL]|this|{"queryString":"WHERE RecordType.Nam (21 more) ...","wrappedExpenses":"0x47ff1e41"}|0x54e44a5
17:11:42.0 (33923656)|HEAP_ALLOCATE|[EXTERNAL]|Bytes:4
17:11:42.0 (33928942)|VARIABLE_ASSIGNMENT|[EXTERNAL]|value|[]|0x51991fd1
17:11:42.0 (33937464)|VARIABLE_ASSIGNMENT|[5]|this.wrappedExpenses|[]|0x54e44a5
17:11:42.0 (33965382)|HEAP_ALLOCATE|[16]|Bytes:5
17:11:42.0 (33993609)|HEAP_ALLOCATE|[16]|Bytes:40
17:11:42.0 (34001510)|VARIABLE_SCOPE_BEGIN|[16]|ex|Expense__c|true|false
17:11:42.0 (34018255)|VARIABLE_ASSIGNMENT|[16]|ex|{"Category__c":"Road Meals","RecordTypeId":"012460000005G1KAAU","Amount__c":8900,"Tax__c":1157.00,"Submitted__c":true,"Employee__c":"00346000002ojeGAAQ","Id":"a0F46000000FmUwEAK","RecordType":{"Name":"Client Meetings","Id":"012460000005G1KAAU"},"Employee__r":{"Id":"00346000002ojeGAAQ","Name":"Paolo Smith"}}|0x9b2b11f
17:11:42.0 (34023788)|STATEMENT_EXECUTE|[16]
17:11:42.0 (34025454)|STATEMENT_EXECUTE|[18]
17:11:42.0 (34044906)|VARIABLE_ASSIGNMENT|[EXTERNAL]|this|{"queryString":"WHERE RecordType.Nam (21 more) ...","wrappedExpenses":"0x51991fd1"}|0x54e44a5
17:11:42.0 (34054125)|HEAP_ALLOCATE|[18]|Bytes:12
17:11:42.0 (34064757)|CONSTRUCTOR_ENTRY|[18]|01p46000002wayn|<init>(Expense__c,Boolean)
17:11:42.0 (34068809)|VARIABLE_SCOPE_BEGIN|[102]|this|ExpenseController.ExpenseWrapper|true|false
17:11:42.0 (34079227)|VARIABLE_ASSIGNMENT|[102]|this|{}|0x52148fbd
17:11:42.0 (34081535)|VARIABLE_SCOPE_BEGIN|[102]|ex|Expense__c|true|false
17:11:42.0 (34092169)|VARIABLE_ASSIGNMENT|[102]|ex|{"Category__c":"Road Meals","RecordTypeId":"012460000005G1KAAU","Amount__c":8900,"Tax__c":1157.00,"Submitted__c":true,"Employee__c":"00346000002ojeGAAQ","Id":"a0F46000000FmUwEAK","RecordType":{"Name":"Client Meetings","Id":"012460000005G1KAAU"},"Employee__r":{"Id":"00346000002ojeGAAQ","Name":"Paolo Smith"}}|0x9b2b11f
17:11:42.0 (34099899)|VARIABLE_SCOPE_BEGIN|[102]|check|Boolean|false|false
17:11:42.0 (34103203)|VARIABLE_ASSIGNMENT|[102]|check|false
17:11:42.0 (34106679)|STATEMENT_EXECUTE|[97]
17:11:42.0 (34108200)|STATEMENT_EXECUTE|[99]
17:11:42.0 (34109501)|STATEMENT_EXECUTE|[100]
17:11:42.0 (34123318)|STATEMENT_EXECUTE|[102]
17:11:42.0 (34124719)|STATEMENT_EXECUTE|[104]
17:11:42.0 (34137396)|VARIABLE_ASSIGNMENT|[EXTERNAL]|this|{}|0x52148fbd
17:11:42.0 (34147864)|VARIABLE_ASSIGNMENT|[EXTERNAL]|value|{"Category__c":"Road Meals","RecordTypeId":"012460000005G1KAAU","Amount__c":8900,"Tax__c":1157.00,"Submitted__c":true,"Employee__c":"00346000002ojeGAAQ","Id":"a0F46000000FmUwEAK","RecordType":{"Name":"Client Meetings","Id":"012460000005G1KAAU"},"Employee__r":{"Id":"00346000002ojeGAAQ","Name":"Paolo Smith"}}|0x9b2b11f
17:11:42.0 (34160726)|VARIABLE_ASSIGNMENT|[99]|this.expense|{"Category__c":"Road Meals","RecordTypeId":"012460000005G1KAAU","Amount__c":8900,"Tax__c":1157.00,"Submitted__c":true,"Employee__c":"00346000002ojeGAAQ","Id":"a0F46000000FmUwEAK","RecordType":{"Name":"Client Meetings","Id":"012460000005G1KAAU"},"Employee__r":{"Id":"00346000002ojeGAAQ","Name":"Paolo Smith"}}|0x52148fbd
17:11:42.0 (34166573)|STATEMENT_EXECUTE|[105]
17:11:42.0 (34177329)|VARIABLE_ASSIGNMENT|[EXTERNAL]|this|{"expense":"0x9b2b11f"}|0x52148fbd
17:11:42.0 (34181583)|VARIABLE_ASSIGNMENT|[EXTERNAL]|value|false
17:11:42.0 (34184548)|HEAP_ALLOCATE|[100]|Bytes:5
17:11:42.0 (34188027)|VARIABLE_ASSIGNMENT|[100]|this.checked|false|0x52148fbd
17:11:42.0 (34195341)|CONSTRUCTOR_EXIT|[18]|01p46000002wayn|<init>(Expense__c,Boolean)
17:11:42.0 (34204186)|HEAP_ALLOCATE|[EXTERNAL]|Bytes:4
17:11:42.0 (34213666)|HEAP_ALLOCATE|[16]|Bytes:5
17:11:42.0 (34233170)|HEAP_ALLOCATE|[16]|Bytes:40
17:11:42.0 (34238520)|VARIABLE_SCOPE_BEGIN|[16]|ex|Expense__c|true|false
17:11:42.0 (34252535)|VARIABLE_ASSIGNMENT|[16]|ex|{"Category__c":"Event Registration","RecordTypeId":"012460000005G1KAAU","Amount__c":5600,"Tax__c":728.00,"Submitted__c":true,"Employee__c":"00346000002oeLWAAY","Id":"a0F46000000FBc6EAG","RecordType":{"Name":"Client Meetings","Id":"012460000005G1KAAU"},"Employee__r":{"Id":"00346000002oeLWAAY","Name":"Paulo Acosta"}}|0x10769e93
17:11:42.0 (34257015)|STATEMENT_EXECUTE|[16]
17:11:42.0 (34258260)|STATEMENT_EXECUTE|[18]
17:11:42.0 (34274092)|VARIABLE_ASSIGNMENT|[EXTERNAL]|this|{"queryString":"WHERE RecordType.Nam (21 more) ...","wrappedExpenses":"0x51991fd1"}|0x54e44a5
17:11:42.0 (34281483)|HEAP_ALLOCATE|[18]|Bytes:12
17:11:42.0 (34288150)|CONSTRUCTOR_ENTRY|[18]|01p46000002wayn|<init>(Expense__c,Boolean)
17:11:42.0 (34290909)|VARIABLE_SCOPE_BEGIN|[102]|this|ExpenseController.ExpenseWrapper|true|false
17:11:42.0 (34298406)|VARIABLE_ASSIGNMENT|[102]|this|{}|0x6a81a7f5
17:11:42.0 (34300208)|VARIABLE_SCOPE_BEGIN|[102]|ex|Expense__c|true|false
17:11:42.0 (34310322)|VARIABLE_ASSIGNMENT|[102]|ex|{"Category__c":"Event Registration","RecordTypeId":"012460000005G1KAAU","Amount__c":5600,"Tax__c":728.00,"Submitted__c":true,"Employee__c":"00346000002oeLWAAY","Id":"a0F46000000FBc6EAG","RecordType":{"Name":"Client Meetings","Id":"012460000005G1KAAU"},"Employee__r":{"Id":"00346000002oeLWAAY","Name":"Paulo Acosta"}}|0x10769e93
17:11:42.0 (34314196)|VARIABLE_SCOPE_BEGIN|[102]|check|Boolean|false|false
17:11:42.0 (34316521)|VARIABLE_ASSIGNMENT|[102]|check|false
17:11:42.0 (34319150)|STATEMENT_EXECUTE|[97]
17:11:42.0 (34320352)|STATEMENT_EXECUTE|[99]
17:11:42.0 (34321757)|STATEMENT_EXECUTE|[100]
17:11:42.0 (34329836)|STATEMENT_EXECUTE|[102]
17:11:42.0 (34331102)|STATEMENT_EXECUTE|[104]
17:11:42.0 (34340576)|VARIABLE_ASSIGNMENT|[EXTERNAL]|this|{}|0x6a81a7f5
17:11:42.0 (34350598)|VARIABLE_ASSIGNMENT|[EXTERNAL]|value|{"Category__c":"Event Registration","RecordTypeId":"012460000005G1KAAU","Amount__c":5600,"Tax__c":728.00,"Submitted__c":true,"Employee__c":"00346000002oeLWAAY","Id":"a0F46000000FBc6EAG","RecordType":{"Name":"Client Meetings","Id":"012460000005G1KAAU"},"Employee__r":{"Id":"00346000002oeLWAAY","Name":"Paulo Acosta"}}|0x10769e93
17:11:42.0 (34362281)|VARIABLE_ASSIGNMENT|[99]|this.expense|{"Category__c":"Event Registration","RecordTypeId":"012460000005G1KAAU","Amount__c":5600,"Tax__c":728.00,"Submitted__c":true,"Employee__c":"00346000002oeLWAAY","Id":"a0F46000000FBc6EAG","RecordType":{"Name":"Client Meetings","Id":"012460000005G1KAAU"},"Employee__r":{"Id":"00346000002oeLWAAY","Name":"Paulo Acosta"}}|0x6a81a7f5
17:11:42.0 (34367424)|STATEMENT_EXECUTE|[105]
17:11:42.0 (34377331)|VARIABLE_ASSIGNMENT|[EXTERNAL]|this|{"expense":"0x10769e93"}|0x6a81a7f5
17:11:42.0 (34381576)|VARIABLE_ASSIGNMENT|[EXTERNAL]|value|false
17:11:42.0 (34384009)|HEAP_ALLOCATE|[100]|Bytes:5
17:11:42.0 (34387348)|VARIABLE_ASSIGNMENT|[100]|this.checked|false|0x6a81a7f5
17:11:42.0 (34393910)|CONSTRUCTOR_EXIT|[18]|01p46000002wayn|<init>(Expense__c,Boolean)
17:11:42.0 (34399833)|HEAP_ALLOCATE|[EXTERNAL]|Bytes:4
17:11:42.0 (34407777)|HEAP_ALLOCATE|[16]|Bytes:5
17:11:42.0 (34415974)|VARIABLE_ASSIGNMENT|[16]|ex|null|
17:11:42.0 (34419297)|STATEMENT_EXECUTE|[21]
17:11:42.0 (34434073)|VARIABLE_ASSIGNMENT|[EXTERNAL]|this|{"queryString":"WHERE RecordType.Nam (21 more) ...","wrappedExpenses":"0x51991fd1"}|0x54e44a5
17:11:42.0 (43025848)|VF_SERIALIZE_VIEWSTATE_BEGIN|06646000001BW08
17:11:42.0 (53313811)|VF_SERIALIZE_VIEWSTATE_END
17:11:42.0 (60863150)|CODE_UNIT_STARTED|[EXTERNAL]|Generate Metadata
17:11:42.0 (62007428)|CODE_UNIT_FINISHED|Generate Metadata
17:11:42.64 (64952170)|CUMULATIVE_LIMIT_USAGE
17:11:42.64 (64952170)|LIMIT_USAGE_FOR_NS|(default)|
  Number of SOQL queries: 2 out of 100
  Number of query rows: 7 out of 50000
  Number of SOSL queries: 0 out of 20
  Number of DML statements: 0 out of 150
  Number of DML rows: 0 out of 10000
  Maximum CPU time: 0 out of 10000
  Maximum heap size: 0 out of 6000000
  Number of callouts: 0 out of 100
  Number of Email Invocations: 0 out of 10
  Number of future calls: 0 out of 50
  Number of queueable jobs added to the queue: 0 out of 50
  Number of Mobile Apex push calls: 0 out of 10

17:11:42.64 (64952170)|CUMULATIVE_LIMIT_USAGE_END

17:11:42.0 (65004868)|CODE_UNIT_FINISHED|VF: /apex/ListOfEmployees
17:11:42.0 (65783792)|EXECUTION_FINISHED
