39.0 APEX_CODE,FINEST;APEX_PROFILING,INFO;CALLOUT,INFO;DB,INFO;SYSTEM,DEBUG;VALIDATION,INFO;VISUALFORCE,INFO;WAVE,INFO;WORKFLOW,INFO
17:52:37.0 (304604)|USER_INFO|[EXTERNAL]|00546000000Iihs|pacosta@altimetrik.com|Argentine Time|GMT-03:00
17:52:37.0 (334905)|EXECUTION_STARTED
17:52:37.0 (338607)|CODE_UNIT_STARTED|[EXTERNAL]|01p46000002xICK|TestExpenseUpdateOrDelete.testDeleteExpense
17:52:37.0 (551654)|HEAP_ALLOCATE|[72]|Bytes:3
17:52:37.0 (592800)|HEAP_ALLOCATE|[77]|Bytes:152
17:52:37.0 (608541)|HEAP_ALLOCATE|[342]|Bytes:408
17:52:37.0 (628084)|HEAP_ALLOCATE|[355]|Bytes:408
17:52:37.0 (644654)|HEAP_ALLOCATE|[467]|Bytes:48
17:52:37.0 (672083)|HEAP_ALLOCATE|[139]|Bytes:6
17:52:37.0 (685189)|HEAP_ALLOCATE|[EXTERNAL]|Bytes:19
17:52:37.0 (693880)|METHOD_ENTRY|[2]|01p46000002xICK|TestExpenseUpdateOrDelete.TestExpenseUpdateOrDelete()
17:52:37.0 (699205)|STATEMENT_EXECUTE|[2]
17:52:37.0 (704328)|STATEMENT_EXECUTE|[2]
17:52:37.0 (708213)|METHOD_EXIT|[2]|TestExpenseUpdateOrDelete
17:52:37.0 (744557)|HEAP_ALLOCATE|[50]|Bytes:5
17:52:37.0 (766484)|HEAP_ALLOCATE|[56]|Bytes:5
17:52:37.0 (772906)|HEAP_ALLOCATE|[64]|Bytes:7
17:52:37.0 (809952)|STATEMENT_EXECUTE|[4]
17:52:37.0 (811589)|STATEMENT_EXECUTE|[6]
17:52:37.0 (814011)|HEAP_ALLOCATE|[6]|Bytes:125
17:52:37.0 (1259982)|SOQL_EXECUTE_BEGIN|[6]|Aggregations:0|SELECT Category__c, RecordType.Name, Amount__c, Tax__c, Client_Company__c, Submitted__c FROM Expense__c WHERE Name = 'Test44'
17:52:37.0 (2926420)|SOQL_EXECUTE_END|[6]|Rows:0
17:52:37.0 (2949513)|HEAP_ALLOCATE|[6]|Bytes:4
17:52:37.0 (2961409)|HEAP_ALLOCATE|[6]|Bytes:0
17:52:37.0 (3066534)|HEAP_ALLOCATE|[6]|Bytes:4
17:52:37.0 (3080920)|HEAP_ALLOCATE|[6]|Bytes:36
17:52:37.0 (3157766)|HEAP_ALLOCATE|[6]|Bytes:46
17:52:37.0 (3466148)|FATAL_ERROR|System.QueryException: List has no rows for assignment to SObject

Class.TestExpenseUpdateOrDelete.testDeleteExpense: line 6, column 1
17:52:37.0 (3475184)|FATAL_ERROR|System.QueryException: List has no rows for assignment to SObject

Class.TestExpenseUpdateOrDelete.testDeleteExpense: line 6, column 1
17:52:37.3 (3480789)|CUMULATIVE_LIMIT_USAGE
17:52:37.3 (3480789)|LIMIT_USAGE_FOR_NS|(default)|
  Number of SOQL queries: 1 out of 100
  Number of query rows: 0 out of 50000
  Number of SOSL queries: 0 out of 20
  Number of DML statements: 0 out of 150
  Number of DML rows: 0 out of 10000
  Maximum CPU time: 0 out of 10000
  Maximum heap size: 0 out of 6000000
  Number of callouts: 0 out of 100
  Number of Email Invocations: 0 out of 10
  Number of future calls: 0 out of 50
  Number of queueable jobs added to the queue: 0 out of 50
  Number of Mobile Apex push calls: 0 out of 10

17:52:37.3 (3480789)|CUMULATIVE_LIMIT_USAGE_END

17:52:37.0 (3510283)|CODE_UNIT_FINISHED|TestExpenseUpdateOrDelete.testDeleteExpense
17:52:37.0 (4328781)|EXECUTION_FINISHED
