39.0 APEX_CODE,FINEST;APEX_PROFILING,INFO;CALLOUT,INFO;DB,INFO;SYSTEM,DEBUG;VALIDATION,INFO;VISUALFORCE,INFO;WAVE,INFO;WORKFLOW,INFO
16:24:59.0 (298962)|USER_INFO|[EXTERNAL]|00546000000Iihs|pacosta@altimetrik.com|Argentine Time|GMT-03:00
16:24:59.0 (327573)|EXECUTION_STARTED
16:24:59.0 (332606)|CODE_UNIT_STARTED|[EXTERNAL]|06646000001BW08|VF: /apex/ListOfEmployees
16:24:59.0 (860930)|VF_DESERIALIZE_VIEWSTATE_BEGIN|06646000001BW08
16:24:59.0 (6703198)|HEAP_ALLOCATE|[72]|Bytes:3
16:24:59.0 (6740713)|HEAP_ALLOCATE|[77]|Bytes:152
16:24:59.0 (6753907)|HEAP_ALLOCATE|[342]|Bytes:408
16:24:59.0 (6768513)|HEAP_ALLOCATE|[355]|Bytes:408
16:24:59.0 (6782742)|HEAP_ALLOCATE|[467]|Bytes:48
16:24:59.0 (6813857)|HEAP_ALLOCATE|[139]|Bytes:6
16:24:59.0 (6837587)|HEAP_ALLOCATE|[50]|Bytes:5
16:24:59.0 (6859110)|HEAP_ALLOCATE|[56]|Bytes:5
16:24:59.0 (6865553)|HEAP_ALLOCATE|[64]|Bytes:7
16:24:59.0 (7835670)|VF_DESERIALIZE_VIEWSTATE_END
16:24:59.0 (9079436)|SYSTEM_MODE_ENTER|true
16:24:59.0 (9279154)|HEAP_ALLOCATE|[EXTERNAL]|Bytes:14
16:24:59.0 (9285001)|HEAP_ALLOCATE|[EXTERNAL]|Bytes:96
16:24:59.0 (9287245)|HEAP_ALLOCATE|[EXTERNAL]|Bytes:21
16:24:59.0 (9293986)|METHOD_ENTRY|[1]|01p46000002wayn|ExpenseController.ExpenseController()
16:24:59.0 (9298754)|STATEMENT_EXECUTE|[1]
16:24:59.0 (9303298)|STATEMENT_EXECUTE|[1]
16:24:59.0 (9304722)|STATEMENT_EXECUTE|[76]
16:24:59.0 (9309907)|METHOD_EXIT|[1]|ExpenseController
16:24:59.0 (9317767)|HEAP_ALLOCATE|[EXTERNAL]|Bytes:12
16:24:59.0 (9325472)|VARIABLE_SCOPE_BEGIN|[8]|this|ExpenseController|true|false
16:24:59.0 (9386739)|VARIABLE_ASSIGNMENT|[8]|this|{"queryString":"WHERE RecordType.Nam (21 more) ...","wrappedExpenses":"0x792716e8"}|0x3997ed66
16:24:59.0 (9396805)|STATEMENT_EXECUTE|[8]
16:24:59.0 (9398335)|STATEMENT_EXECUTE|[10]
16:24:59.0 (9401910)|HEAP_ALLOCATE|[10]|Bytes:161
16:24:59.0 (9422492)|HEAP_ALLOCATE|[10]|Bytes:202
16:24:59.0 (11933927)|SOQL_EXECUTE_BEGIN|[10]|Aggregations:0|SELECT Category__c, RecordType.Name, Amount__c, Tax__c, Client_Company__c, Submitted__c, Employee__r.Id, Employee__r.Name, Employee__r.Birthdate FROM Expense__c WHERE RecordType.Name = 'Client Meetings'
16:24:59.0 (20463532)|SOQL_EXECUTE_END|[10]|Rows:2
16:24:59.0 (20479660)|HEAP_ALLOCATE|[10]|Bytes:12
16:24:59.0 (20511420)|HEAP_ALLOCATE|[10]|Bytes:684
16:24:59.0 (20560615)|HEAP_ALLOCATE|[10]|Bytes:12
16:24:59.0 (20579437)|VARIABLE_SCOPE_BEGIN|[10]|results|List<Expense__c>|true|false
16:24:59.0 (20619740)|VARIABLE_ASSIGNMENT|[10]|results|[{"Category__c":"Road Meals","RecordTypeId":"012460000005G1KAAU","Amount__c":8900,"Tax__c":1157.00,"Submitted__c":false,"Employee__c":"00346000002ojeGAAQ","Id":"a0F46000000FmUwEAK","RecordType":{"Name":"Client Meetings","Id":"012460000005G1KAAU"},"Employee__r":{"Id":"00346000002ojeGAAQ","Name":"Paolo Smith"}},{"Category__c":"Event Registration","RecordTypeId":"012460000005G1KAAU","Amount__c":5600,"Tax__c":728.00,"Submitted__c":false,"Employee__c":"00346000002oeLWAAY","Id":"a0F46000000FBc6EAG","RecordType":{"Name":"Client Meetings","Id":"012460000005G1KAAU"},"Employee__r":{"Id":"00346000002oeLWAAY","Name":"Paulo Acosta"}}]|0x1dab71ea
16:24:59.0 (20821337)|HEAP_ALLOCATE|[14]|Bytes:5
16:24:59.0 (20857402)|HEAP_ALLOCATE|[14]|Bytes:40
16:24:59.0 (20865833)|VARIABLE_SCOPE_BEGIN|[14]|ex|Expense__c|true|false
16:24:59.0 (20883735)|VARIABLE_ASSIGNMENT|[14]|ex|{"Category__c":"Road Meals","RecordTypeId":"012460000005G1KAAU","Amount__c":8900,"Tax__c":1157.00,"Submitted__c":false,"Employee__c":"00346000002ojeGAAQ","Id":"a0F46000000FmUwEAK","RecordType":{"Name":"Client Meetings","Id":"012460000005G1KAAU"},"Employee__r":{"Id":"00346000002ojeGAAQ","Name":"Paolo Smith"}}|0x74ff5077
16:24:59.0 (20889758)|STATEMENT_EXECUTE|[14]
16:24:59.0 (20891473)|STATEMENT_EXECUTE|[15]
16:24:59.0 (20896972)|HEAP_ALLOCATE|[15]|Bytes:4
16:24:59.0 (20976461)|VARIABLE_ASSIGNMENT|[EXTERNAL]|this|{"queryString":"WHERE RecordType.Nam (21 more) ...","wrappedExpenses":"0x792716e8"}|0x3997ed66
16:24:59.0 (20996517)|HEAP_ALLOCATE|[EXTERNAL]|Bytes:4
16:24:59.0 (21001860)|VARIABLE_ASSIGNMENT|[EXTERNAL]|value|[]|0x40f22d2d
16:24:59.0 (21012404)|VARIABLE_ASSIGNMENT|[5]|this.wrappedExpenses|[]|0x3997ed66
16:24:59.0 (21019881)|STATEMENT_EXECUTE|[16]
16:24:59.0 (21052020)|VARIABLE_ASSIGNMENT|[EXTERNAL]|this|{"queryString":"WHERE RecordType.Nam (21 more) ...","wrappedExpenses":"0x40f22d2d"}|0x3997ed66
16:24:59.0 (21064444)|HEAP_ALLOCATE|[16]|Bytes:116
16:24:59.0 (21069864)|HEAP_ALLOCATE|[16]|Bytes:8
16:24:59.0 (21077752)|HEAP_ALLOCATE|[16]|Bytes:12
16:24:59.0 (21095079)|CONSTRUCTOR_ENTRY|[16]|01p46000002wayn|<init>(Expense__c,Boolean)
16:24:59.0 (21105583)|VARIABLE_SCOPE_BEGIN|[81]|this|ExpenseController.ExpenseWrapper|true|false
16:24:59.0 (21126293)|VARIABLE_ASSIGNMENT|[81]|this|{}|0x2ae711d
16:24:59.0 (21129281)|VARIABLE_SCOPE_BEGIN|[81]|ex|Expense__c|true|false
16:24:59.0 (21141289)|VARIABLE_ASSIGNMENT|[81]|ex|{"Category__c":"Road Meals","RecordTypeId":"012460000005G1KAAU","Amount__c":8900,"Tax__c":1157.00,"Submitted__c":false,"Employee__c":"00346000002ojeGAAQ","Id":"a0F46000000FmUwEAK","RecordType":{"Name":"Client Meetings","Id":"012460000005G1KAAU"},"Employee__r":{"Id":"00346000002ojeGAAQ","Name":"Paolo Smith"}}|0x74ff5077
16:24:59.0 (21147416)|VARIABLE_SCOPE_BEGIN|[81]|check|Boolean|false|false
16:24:59.0 (21150485)|VARIABLE_ASSIGNMENT|[81]|check|false
16:24:59.0 (21154226)|STATEMENT_EXECUTE|[76]
16:24:59.0 (21155753)|STATEMENT_EXECUTE|[78]
16:24:59.0 (21157108)|STATEMENT_EXECUTE|[79]
16:24:59.0 (21162682)|HEAP_ALLOCATE|[83]|Bytes:6
16:24:59.0 (21195958)|STATEMENT_EXECUTE|[81]
16:24:59.0 (21197500)|STATEMENT_EXECUTE|[83]
16:24:59.0 (21250500)|VARIABLE_ASSIGNMENT|[EXTERNAL]|this|{}|0x2ae711d
16:24:59.0 (21264111)|VARIABLE_ASSIGNMENT|[EXTERNAL]|value|{"Category__c":"Road Meals","RecordTypeId":"012460000005G1KAAU","Amount__c":8900,"Tax__c":1157.00,"Submitted__c":false,"Employee__c":"00346000002ojeGAAQ","Id":"a0F46000000FmUwEAK","RecordType":{"Name":"Client Meetings","Id":"012460000005G1KAAU"},"Employee__r":{"Id":"00346000002ojeGAAQ","Name":"Paolo Smith"}}|0x74ff5077
16:24:59.0 (21278686)|VARIABLE_ASSIGNMENT|[78]|this.expense|{"Category__c":"Road Meals","RecordTypeId":"012460000005G1KAAU","Amount__c":8900,"Tax__c":1157.00,"Submitted__c":false,"Employee__c":"00346000002ojeGAAQ","Id":"a0F46000000FmUwEAK","RecordType":{"Name":"Client Meetings","Id":"012460000005G1KAAU"},"Employee__r":{"Id":"00346000002ojeGAAQ","Name":"Paolo Smith"}}|0x2ae711d
16:24:59.0 (21286003)|STATEMENT_EXECUTE|[84]
16:24:59.0 (21317272)|VARIABLE_ASSIGNMENT|[EXTERNAL]|this|{"expense":"0x74ff5077"}|0x2ae711d
16:24:59.0 (21323646)|VARIABLE_ASSIGNMENT|[EXTERNAL]|value|false
16:24:59.0 (21327405)|HEAP_ALLOCATE|[79]|Bytes:5
16:24:59.0 (21332051)|VARIABLE_ASSIGNMENT|[79]|this.checked|false|0x2ae711d
16:24:59.0 (21340852)|CONSTRUCTOR_EXIT|[16]|01p46000002wayn|<init>(Expense__c,Boolean)
16:24:59.0 (21352758)|HEAP_ALLOCATE|[EXTERNAL]|Bytes:4
16:24:59.0 (21363150)|HEAP_ALLOCATE|[14]|Bytes:5
16:24:59.0 (21386567)|HEAP_ALLOCATE|[14]|Bytes:40
16:24:59.0 (21392173)|VARIABLE_SCOPE_BEGIN|[14]|ex|Expense__c|true|false
16:24:59.0 (21407074)|VARIABLE_ASSIGNMENT|[14]|ex|{"Category__c":"Event Registration","RecordTypeId":"012460000005G1KAAU","Amount__c":5600,"Tax__c":728.00,"Submitted__c":false,"Employee__c":"00346000002oeLWAAY","Id":"a0F46000000FBc6EAG","RecordType":{"Name":"Client Meetings","Id":"012460000005G1KAAU"},"Employee__r":{"Id":"00346000002oeLWAAY","Name":"Paulo Acosta"}}|0x1f5d79fe
16:24:59.0 (21411709)|STATEMENT_EXECUTE|[14]
16:24:59.0 (21413002)|STATEMENT_EXECUTE|[15]
16:24:59.0 (21416392)|HEAP_ALLOCATE|[15]|Bytes:4
16:24:59.0 (21441291)|VARIABLE_ASSIGNMENT|[EXTERNAL]|this|{"queryString":"WHERE RecordType.Nam (21 more) ...","wrappedExpenses":"0x40f22d2d"}|0x3997ed66
16:24:59.0 (21450121)|HEAP_ALLOCATE|[EXTERNAL]|Bytes:4
16:24:59.0 (21454460)|VARIABLE_ASSIGNMENT|[EXTERNAL]|value|[]|0x296c7051
16:24:59.0 (21459653)|VARIABLE_ASSIGNMENT|[5]|this.wrappedExpenses|[]|0x3997ed66
16:24:59.0 (21464691)|STATEMENT_EXECUTE|[16]
16:24:59.0 (21478354)|VARIABLE_ASSIGNMENT|[EXTERNAL]|this|{"queryString":"WHERE RecordType.Nam (21 more) ...","wrappedExpenses":"0x296c7051"}|0x3997ed66
16:24:59.0 (21485386)|HEAP_ALLOCATE|[16]|Bytes:12
16:24:59.0 (21493255)|CONSTRUCTOR_ENTRY|[16]|01p46000002wayn|<init>(Expense__c,Boolean)
16:24:59.0 (21496579)|VARIABLE_SCOPE_BEGIN|[81]|this|ExpenseController.ExpenseWrapper|true|false
16:24:59.0 (21505849)|VARIABLE_ASSIGNMENT|[81]|this|{}|0x39da889
16:24:59.0 (21507392)|VARIABLE_SCOPE_BEGIN|[81]|ex|Expense__c|true|false
16:24:59.0 (21517972)|VARIABLE_ASSIGNMENT|[81]|ex|{"Category__c":"Event Registration","RecordTypeId":"012460000005G1KAAU","Amount__c":5600,"Tax__c":728.00,"Submitted__c":false,"Employee__c":"00346000002oeLWAAY","Id":"a0F46000000FBc6EAG","RecordType":{"Name":"Client Meetings","Id":"012460000005G1KAAU"},"Employee__r":{"Id":"00346000002oeLWAAY","Name":"Paulo Acosta"}}|0x1f5d79fe
16:24:59.0 (21522184)|VARIABLE_SCOPE_BEGIN|[81]|check|Boolean|false|false
16:24:59.0 (21524881)|VARIABLE_ASSIGNMENT|[81]|check|false
16:24:59.0 (21527691)|STATEMENT_EXECUTE|[76]
16:24:59.0 (21529017)|STATEMENT_EXECUTE|[78]
16:24:59.0 (21530366)|STATEMENT_EXECUTE|[79]
16:24:59.0 (21539056)|STATEMENT_EXECUTE|[81]
16:24:59.0 (21540423)|STATEMENT_EXECUTE|[83]
16:24:59.0 (21551257)|VARIABLE_ASSIGNMENT|[EXTERNAL]|this|{}|0x39da889
16:24:59.0 (21561313)|VARIABLE_ASSIGNMENT|[EXTERNAL]|value|{"Category__c":"Event Registration","RecordTypeId":"012460000005G1KAAU","Amount__c":5600,"Tax__c":728.00,"Submitted__c":false,"Employee__c":"00346000002oeLWAAY","Id":"a0F46000000FBc6EAG","RecordType":{"Name":"Client Meetings","Id":"012460000005G1KAAU"},"Employee__r":{"Id":"00346000002oeLWAAY","Name":"Paulo Acosta"}}|0x1f5d79fe
16:24:59.0 (21572676)|VARIABLE_ASSIGNMENT|[78]|this.expense|{"Category__c":"Event Registration","RecordTypeId":"012460000005G1KAAU","Amount__c":5600,"Tax__c":728.00,"Submitted__c":false,"Employee__c":"00346000002oeLWAAY","Id":"a0F46000000FBc6EAG","RecordType":{"Name":"Client Meetings","Id":"012460000005G1KAAU"},"Employee__r":{"Id":"00346000002oeLWAAY","Name":"Paulo Acosta"}}|0x39da889
16:24:59.0 (21577933)|STATEMENT_EXECUTE|[84]
16:24:59.0 (21588872)|VARIABLE_ASSIGNMENT|[EXTERNAL]|this|{"expense":"0x1f5d79fe"}|0x39da889
16:24:59.0 (21592764)|VARIABLE_ASSIGNMENT|[EXTERNAL]|value|false
16:24:59.0 (21595454)|HEAP_ALLOCATE|[79]|Bytes:5
16:24:59.0 (21599046)|VARIABLE_ASSIGNMENT|[79]|this.checked|false|0x39da889
16:24:59.0 (21606282)|CONSTRUCTOR_EXIT|[16]|01p46000002wayn|<init>(Expense__c,Boolean)
16:24:59.0 (21612872)|HEAP_ALLOCATE|[EXTERNAL]|Bytes:4
16:24:59.0 (21621068)|HEAP_ALLOCATE|[14]|Bytes:5
16:24:59.0 (21629227)|VARIABLE_ASSIGNMENT|[14]|ex|null|
16:24:59.0 (21632555)|STATEMENT_EXECUTE|[19]
16:24:59.0 (21657683)|VARIABLE_ASSIGNMENT|[EXTERNAL]|this|{"queryString":"WHERE RecordType.Nam (21 more) ...","wrappedExpenses":"0x296c7051"}|0x3997ed66
16:24:59.0 (22292908)|HEAP_ALLOCATE|[EXTERNAL]|Bytes:12
16:24:59.0 (22300995)|VARIABLE_SCOPE_BEGIN|[55]|this|ExpenseController|true|false
16:24:59.0 (22323997)|VARIABLE_ASSIGNMENT|[55]|this|{"queryString":"WHERE RecordType.Nam (21 more) ...","wrappedExpenses":"0x296c7051"}|0x3997ed66
16:24:59.0 (22332452)|STATEMENT_EXECUTE|[55]
16:24:59.0 (22334015)|STATEMENT_EXECUTE|[57]
16:24:59.0 (22337729)|HEAP_ALLOCATE|[57]|Bytes:25
16:24:59.0 (22347151)|VARIABLE_ASSIGNMENT|[57]|this.queryString|"WHERE Submitted__c = (5 more) ..."|0x3997ed66
16:24:59.0 (25215986)|SYSTEM_MODE_ENTER|true
16:24:59.0 (25245033)|HEAP_ALLOCATE|[EXTERNAL]|Bytes:12
16:24:59.0 (25249872)|VARIABLE_SCOPE_BEGIN|[8]|this|ExpenseController|true|false
16:24:59.0 (25273965)|VARIABLE_ASSIGNMENT|[8]|this|{"queryString":"WHERE Submitted__c = (5 more) ...","wrappedExpenses":"0x296c7051"}|0x3997ed66
16:24:59.0 (25281385)|STATEMENT_EXECUTE|[8]
16:24:59.0 (25283200)|STATEMENT_EXECUTE|[10]
16:24:59.0 (25291992)|HEAP_ALLOCATE|[10]|Bytes:186
16:24:59.0 (25649345)|SOQL_EXECUTE_BEGIN|[10]|Aggregations:0|SELECT Category__c, RecordType.Name, Amount__c, Tax__c, Client_Company__c, Submitted__c, Employee__r.Id, Employee__r.Name, Employee__r.Birthdate FROM Expense__c WHERE Submitted__c = true
16:24:59.0 (36847774)|SOQL_EXECUTE_END|[10]|Rows:2
16:24:59.0 (36861850)|HEAP_ALLOCATE|[10]|Bytes:12
16:24:59.0 (36889144)|HEAP_ALLOCATE|[10]|Bytes:626
16:24:59.0 (36903849)|HEAP_ALLOCATE|[10]|Bytes:12
16:24:59.0 (36916991)|VARIABLE_SCOPE_BEGIN|[10]|results|List<Expense__c>|true|false
16:24:59.0 (36968055)|VARIABLE_ASSIGNMENT|[10]|results|[{"RecordTypeId":"012460000005G1FAAU","Amount__c":3000,"Tax__c":390.00,"Submitted__c":true,"Employee__c":"00346000002ojVWAAY","Id":"a0F46000000Fp6rEAC","RecordType":{"Name":"Business Trips","Id":"012460000005G1FAAU"},"Employee__r":{"Id":"00346000002ojVWAAY","Name":"Carol Ruiz","Birthdate":"2017-10-09T00:00:00.000Z"}},{"Category__c":"Event Registration","RecordTypeId":"012460000005G1FAAU","Amount__c":3499,"Tax__c":454.87,"Submitted__c":true,"Employee__c":"00346000002ojVWAAY","Id":"a0F46000000Fp76EAC","RecordType":{"Name":"Business Trips","Id":"012460000005G1FAAU"},"Employee__r":{"Id":"00346000002ojVWAAY","Name":"Carol Ruiz","Birthdate":"2017-10-09T00:00:00.000Z"}}]|0x7a5b4f88
16:24:59.0 (36992743)|HEAP_ALLOCATE|[14]|Bytes:5
16:24:59.0 (37016668)|HEAP_ALLOCATE|[14]|Bytes:36
16:24:59.0 (37023437)|VARIABLE_SCOPE_BEGIN|[14]|ex|Expense__c|true|false
16:24:59.0 (37041254)|VARIABLE_ASSIGNMENT|[14]|ex|{"RecordTypeId":"012460000005G1FAAU","Amount__c":3000,"Tax__c":390.00,"Submitted__c":true,"Employee__c":"00346000002ojVWAAY","Id":"a0F46000000Fp6rEAC","RecordType":{"Name":"Business Trips","Id":"012460000005G1FAAU"},"Employee__r":{"Id":"00346000002ojVWAAY","Name":"Carol Ruiz","Birthdate":"2017-10-09T00:00:00.000Z"}}|0x3ba314ce
16:24:59.0 (37047275)|STATEMENT_EXECUTE|[14]
16:24:59.0 (37049169)|STATEMENT_EXECUTE|[15]
16:24:59.0 (37052966)|HEAP_ALLOCATE|[15]|Bytes:4
16:24:59.0 (37087395)|VARIABLE_ASSIGNMENT|[EXTERNAL]|this|{"queryString":"WHERE Submitted__c = (5 more) ...","wrappedExpenses":"0x296c7051"}|0x3997ed66
16:24:59.0 (37096600)|HEAP_ALLOCATE|[EXTERNAL]|Bytes:4
16:24:59.0 (37101560)|VARIABLE_ASSIGNMENT|[EXTERNAL]|value|[]|0x1a838d7d
16:24:59.0 (37108040)|VARIABLE_ASSIGNMENT|[5]|this.wrappedExpenses|[]|0x3997ed66
16:24:59.0 (37114307)|STATEMENT_EXECUTE|[16]
16:24:59.0 (37130457)|VARIABLE_ASSIGNMENT|[EXTERNAL]|this|{"queryString":"WHERE Submitted__c = (5 more) ...","wrappedExpenses":"0x1a838d7d"}|0x3997ed66
16:24:59.0 (37138383)|HEAP_ALLOCATE|[16]|Bytes:12
16:24:59.0 (37148462)|CONSTRUCTOR_ENTRY|[16]|01p46000002wayn|<init>(Expense__c,Boolean)
16:24:59.0 (37151957)|VARIABLE_SCOPE_BEGIN|[81]|this|ExpenseController.ExpenseWrapper|true|false
16:24:59.0 (37163179)|VARIABLE_ASSIGNMENT|[81]|this|{}|0x518beb97
16:24:59.0 (37164925)|VARIABLE_SCOPE_BEGIN|[81]|ex|Expense__c|true|false
16:24:59.0 (37179923)|VARIABLE_ASSIGNMENT|[81]|ex|{"RecordTypeId":"012460000005G1FAAU","Amount__c":3000,"Tax__c":390.00,"Submitted__c":true,"Employee__c":"00346000002ojVWAAY","Id":"a0F46000000Fp6rEAC","RecordType":{"Name":"Business Trips","Id":"012460000005G1FAAU"},"Employee__r":{"Id":"00346000002ojVWAAY","Name":"Carol Ruiz","Birthdate":"2017-10-09T00:00:00.000Z"}}|0x3ba314ce
16:24:59.0 (37185284)|VARIABLE_SCOPE_BEGIN|[81]|check|Boolean|false|false
16:24:59.0 (37188364)|VARIABLE_ASSIGNMENT|[81]|check|false
16:24:59.0 (37191730)|STATEMENT_EXECUTE|[76]
16:24:59.0 (37193204)|STATEMENT_EXECUTE|[78]
16:24:59.0 (37194495)|STATEMENT_EXECUTE|[79]
16:24:59.0 (37204408)|STATEMENT_EXECUTE|[81]
16:24:59.0 (37205815)|STATEMENT_EXECUTE|[83]
16:24:59.0 (37218499)|VARIABLE_ASSIGNMENT|[EXTERNAL]|this|{}|0x518beb97
16:24:59.0 (37231731)|VARIABLE_ASSIGNMENT|[EXTERNAL]|value|{"RecordTypeId":"012460000005G1FAAU","Amount__c":3000,"Tax__c":390.00,"Submitted__c":true,"Employee__c":"00346000002ojVWAAY","Id":"a0F46000000Fp6rEAC","RecordType":{"Name":"Business Trips","Id":"012460000005G1FAAU"},"Employee__r":{"Id":"00346000002ojVWAAY","Name":"Carol Ruiz","Birthdate":"2017-10-09T00:00:00.000Z"}}|0x3ba314ce
16:24:59.0 (37246416)|VARIABLE_ASSIGNMENT|[78]|this.expense|{"RecordTypeId":"012460000005G1FAAU","Amount__c":3000,"Tax__c":390.00,"Submitted__c":true,"Employee__c":"00346000002ojVWAAY","Id":"a0F46000000Fp6rEAC","RecordType":{"Name":"Business Trips","Id":"012460000005G1FAAU"},"Employee__r":{"Id":"00346000002ojVWAAY","Name":"Carol Ruiz","Birthdate":"2017-10-09T00:00:00.000Z"}}|0x518beb97
16:24:59.0 (37252275)|STATEMENT_EXECUTE|[84]
16:24:59.0 (37264181)|VARIABLE_ASSIGNMENT|[EXTERNAL]|this|{"expense":"0x3ba314ce"}|0x518beb97
16:24:59.0 (37268406)|VARIABLE_ASSIGNMENT|[EXTERNAL]|value|false
16:24:59.0 (37271419)|HEAP_ALLOCATE|[79]|Bytes:5
16:24:59.0 (37275461)|VARIABLE_ASSIGNMENT|[79]|this.checked|false|0x518beb97
16:24:59.0 (37283991)|CONSTRUCTOR_EXIT|[16]|01p46000002wayn|<init>(Expense__c,Boolean)
16:24:59.0 (37291683)|HEAP_ALLOCATE|[EXTERNAL]|Bytes:4
16:24:59.0 (37300994)|HEAP_ALLOCATE|[14]|Bytes:5
16:24:59.0 (37321989)|HEAP_ALLOCATE|[14]|Bytes:40
16:24:59.0 (37327115)|VARIABLE_SCOPE_BEGIN|[14]|ex|Expense__c|true|false
16:24:59.0 (37345163)|VARIABLE_ASSIGNMENT|[14]|ex|{"Category__c":"Event Registration","RecordTypeId":"012460000005G1FAAU","Amount__c":3499,"Tax__c":454.87,"Submitted__c":true,"Employee__c":"00346000002ojVWAAY","Id":"a0F46000000Fp76EAC","RecordType":{"Name":"Business Trips","Id":"012460000005G1FAAU"},"Employee__r":{"Id":"00346000002ojVWAAY","Name":"Carol Ruiz","Birthdate":"2017-10-09T00:00:00.000Z"}}|0x68de1ab
16:24:59.0 (37349767)|STATEMENT_EXECUTE|[14]
16:24:59.0 (37351123)|STATEMENT_EXECUTE|[15]
16:24:59.0 (37354364)|HEAP_ALLOCATE|[15]|Bytes:4
16:24:59.0 (37378723)|VARIABLE_ASSIGNMENT|[EXTERNAL]|this|{"queryString":"WHERE Submitted__c = (5 more) ...","wrappedExpenses":"0x1a838d7d"}|0x3997ed66
16:24:59.0 (37386442)|HEAP_ALLOCATE|[EXTERNAL]|Bytes:4
16:24:59.0 (37390528)|VARIABLE_ASSIGNMENT|[EXTERNAL]|value|[]|0x23a0a36e
16:24:59.0 (37395526)|VARIABLE_ASSIGNMENT|[5]|this.wrappedExpenses|[]|0x3997ed66
16:24:59.0 (37400520)|STATEMENT_EXECUTE|[16]
16:24:59.0 (37414132)|VARIABLE_ASSIGNMENT|[EXTERNAL]|this|{"queryString":"WHERE Submitted__c = (5 more) ...","wrappedExpenses":"0x23a0a36e"}|0x3997ed66
16:24:59.0 (37421616)|HEAP_ALLOCATE|[16]|Bytes:12
16:24:59.0 (37429085)|CONSTRUCTOR_ENTRY|[16]|01p46000002wayn|<init>(Expense__c,Boolean)
16:24:59.0 (37431856)|VARIABLE_SCOPE_BEGIN|[81]|this|ExpenseController.ExpenseWrapper|true|false
16:24:59.0 (37441405)|VARIABLE_ASSIGNMENT|[81]|this|{}|0x3279f9d
16:24:59.0 (37443036)|VARIABLE_SCOPE_BEGIN|[81]|ex|Expense__c|true|false
16:24:59.0 (37457473)|VARIABLE_ASSIGNMENT|[81]|ex|{"Category__c":"Event Registration","RecordTypeId":"012460000005G1FAAU","Amount__c":3499,"Tax__c":454.87,"Submitted__c":true,"Employee__c":"00346000002ojVWAAY","Id":"a0F46000000Fp76EAC","RecordType":{"Name":"Business Trips","Id":"012460000005G1FAAU"},"Employee__r":{"Id":"00346000002ojVWAAY","Name":"Carol Ruiz","Birthdate":"2017-10-09T00:00:00.000Z"}}|0x68de1ab
16:24:59.0 (37461549)|VARIABLE_SCOPE_BEGIN|[81]|check|Boolean|false|false
16:24:59.0 (37464279)|VARIABLE_ASSIGNMENT|[81]|check|false
16:24:59.0 (37467292)|STATEMENT_EXECUTE|[76]
16:24:59.0 (37468577)|STATEMENT_EXECUTE|[78]
16:24:59.0 (37469892)|STATEMENT_EXECUTE|[79]
16:24:59.0 (37478374)|STATEMENT_EXECUTE|[81]
16:24:59.0 (37479800)|STATEMENT_EXECUTE|[83]
16:24:59.0 (37491974)|VARIABLE_ASSIGNMENT|[EXTERNAL]|this|{}|0x3279f9d
16:24:59.0 (37505209)|VARIABLE_ASSIGNMENT|[EXTERNAL]|value|{"Category__c":"Event Registration","RecordTypeId":"012460000005G1FAAU","Amount__c":3499,"Tax__c":454.87,"Submitted__c":true,"Employee__c":"00346000002ojVWAAY","Id":"a0F46000000Fp76EAC","RecordType":{"Name":"Business Trips","Id":"012460000005G1FAAU"},"Employee__r":{"Id":"00346000002ojVWAAY","Name":"Carol Ruiz","Birthdate":"2017-10-09T00:00:00.000Z"}}|0x68de1ab
16:24:59.0 (37519575)|VARIABLE_ASSIGNMENT|[78]|this.expense|{"Category__c":"Event Registration","RecordTypeId":"012460000005G1FAAU","Amount__c":3499,"Tax__c":454.87,"Submitted__c":true,"Employee__c":"00346000002ojVWAAY","Id":"a0F46000000Fp76EAC","RecordType":{"Name":"Business Trips","Id":"012460000005G1FAAU"},"Employee__r":{"Id":"00346000002ojVWAAY","Name":"Carol Ruiz","Birthdate":"2017-10-09T00:00:00.000Z"}}|0x3279f9d
16:24:59.0 (37525483)|STATEMENT_EXECUTE|[84]
16:24:59.0 (37537536)|VARIABLE_ASSIGNMENT|[EXTERNAL]|this|{"expense":"0x68de1ab"}|0x3279f9d
16:24:59.0 (37541698)|VARIABLE_ASSIGNMENT|[EXTERNAL]|value|false
16:24:59.0 (37544254)|HEAP_ALLOCATE|[79]|Bytes:5
16:24:59.0 (37547921)|VARIABLE_ASSIGNMENT|[79]|this.checked|false|0x3279f9d
16:24:59.0 (37555894)|CONSTRUCTOR_EXIT|[16]|01p46000002wayn|<init>(Expense__c,Boolean)
16:24:59.0 (37562413)|HEAP_ALLOCATE|[EXTERNAL]|Bytes:4
16:24:59.0 (37571152)|HEAP_ALLOCATE|[14]|Bytes:5
16:24:59.0 (37579097)|VARIABLE_ASSIGNMENT|[14]|ex|null|
16:24:59.0 (37581854)|STATEMENT_EXECUTE|[19]
16:24:59.0 (37597477)|VARIABLE_ASSIGNMENT|[EXTERNAL]|this|{"queryString":"WHERE Submitted__c = (5 more) ...","wrappedExpenses":"0x23a0a36e"}|0x3997ed66
16:24:59.0 (43524321)|VF_SERIALIZE_VIEWSTATE_BEGIN|06646000001BW08
16:24:59.0 (51914523)|VF_SERIALIZE_VIEWSTATE_END
16:24:59.0 (57436747)|CODE_UNIT_STARTED|[EXTERNAL]|Generate Metadata
16:24:59.0 (58113350)|CODE_UNIT_FINISHED|Generate Metadata
16:24:59.59 (59974326)|CUMULATIVE_LIMIT_USAGE
16:24:59.59 (59974326)|LIMIT_USAGE_FOR_NS|(default)|
  Number of SOQL queries: 2 out of 100
  Number of query rows: 4 out of 50000
  Number of SOSL queries: 0 out of 20
  Number of DML statements: 0 out of 150
  Number of DML rows: 0 out of 10000
  Maximum CPU time: 0 out of 10000
  Maximum heap size: 0 out of 6000000
  Number of callouts: 0 out of 100
  Number of Email Invocations: 0 out of 10
  Number of future calls: 0 out of 50
  Number of queueable jobs added to the queue: 0 out of 50
  Number of Mobile Apex push calls: 0 out of 10

16:24:59.59 (59974326)|CUMULATIVE_LIMIT_USAGE_END

16:24:59.0 (60006569)|CODE_UNIT_FINISHED|VF: /apex/ListOfEmployees
16:24:59.0 (60779314)|EXECUTION_FINISHED
(21 more) ...","wrappedExpenses":"0x340907dc"}|0x4817aa87
16:24:56.0 (30028887)|HEAP_ALLOCATE|[EXTERNAL]|Bytes:4
16:24:56.0 (30033211)|VARIABLE_ASSIGNMENT|[EXTERNAL]|value|[]|0x19c54b6c
16:24:56.0 (30037943)|VARIABLE_ASSIGNMENT|[5]|this.wrappedExpenses|[]|0x4817aa87
16:24:56.0 (30042506)|STATEMENT_EXECUTE|[16]
16:24:56.0 (30054480)|VARIABLE_ASSIGNMENT|[EXTERNAL]|this|{"queryString":"WHERE RecordType.Nam (21 more) ...","wrappedExpenses":"0x19c54b6c"}|0x4817aa87
16:24:56.0 (30061030)|HEAP_ALLOCATE|[16]|Bytes:12
16:24:56.0 (30072498)|CONSTRUCTOR_ENTRY|[16]|01p46000002wayn|<init>(Expense__c,Boolean)
16:24:56.0 (30075320)|VARIABLE_SCOPE_BEGIN|[81]|this|ExpenseController.ExpenseWrapper|true|false
16:24:56.0 (30083840)|VARIABLE_ASSIGNMENT|[81]|this|{}|0x2f33bd50
16:24:56.0 (30085469)|VARIABLE_SCOPE_BEGIN|[81]|ex|Expense__c|true|false
16:24:56.0 (30096048)|VARIABLE_ASSIGNMENT|[81]|ex|{"Category__c":"Event Registration","RecordTypeId":"012460000005G1KAAU","Amount__c":5600,"Tax__c":728.00,"Submitted__c":false,"Employee__c":"00346000002oeLWAAY","Id":"a0F46000000FBc6EAG","RecordType":{"Name":"Client Meetings","Id":"012460000005G1KAAU"},"Employee__r":{"Id":"00346000002oeLWAAY","Name":"Paulo Acosta"}}|0x3003bd0f
16:24:56.0 (30100420)|VARIABLE_SCOPE_BEGIN|[81]|check|Boolean|false|false
16:24:56.0 (30102836)|VARIABLE_ASSIGNMENT|[81]|check|false
16:24:56.0 (30105663)|STATEMENT_EXECUTE|[76]
16:24:56.0 (30106922)|STATEMENT_EXECUTE|[78]
16:24:56.0 (30108180)|STATEMENT_EXECUTE|[79]
16:24:56.0 (30116950)|STATEMENT_EXECUTE|[81]
16:24:56.0 (30118267)|STATEMENT_EXECUTE|[83]
16:24:56.0 (30127351)|VARIABLE_ASSIGNMENT|[EXTERNAL]|this|{}|0x2f33bd50
16:24:56.0 (30137032)|VARIABLE_ASSIGNMENT|[EXTERNAL]|value|{"Category__c":"Event Registration","RecordTypeId":"012460000005G1KAAU","Amount__c":5600,"Tax__c":728.00,"Submitted__c":false,"Employee__c":"00346000002oeLWAAY","Id":"a0F46000000FBc6EAG","RecordType":{"Name":"Client Meetings","Id":"012460000005G1KAAU"},"Employee__r":{"Id":"00346000002oeLWAAY","Name":"Paulo Acosta"}}|0x3003bd0f
16:24:56.0 (30148134)|VARIABLE_ASSIGNMENT|[78]|this.expense|{"Category__c":"Event Registration","RecordTypeId":"012460000005G1KAAU","Amount__c":5600,"Tax__c":728.00,"Submitted__c":false,"Employee__c":"00346000002oeLWAAY","Id":"a0F46000000FBc6EAG","RecordType":{"Name":"Client Meetings","Id":"012460000005G1KAAU"},"Employee__r":{"Id":"00346000002oeLWAAY","Name":"Paulo Acosta"}}|0x2f33bd50
16:24:56.0 (30153317)|STATEMENT_EXECUTE|[84]
16:24:56.0 (30162428)|VARIABLE_ASSIGNMENT|[EXTERNAL]|this|{"expense":"0x3003bd0f"}|0x2f33bd50
16:24:56.0 (30166704)|VARIABLE_ASSIGNMENT|[EXTERNAL]|value|false
16:24:56.0 (30169293)|HEAP_ALLOCATE|[79]|Bytes:5
16:24:56.0 (30172577)|VARIABLE_ASSIGNMENT|[79]|this.checked|false|0x2f33bd50
16:24:56.0 (30178625)|CONSTRUCTOR_EXIT|[16]|01p46000002wayn|<init>(Expense__c,Boolean)
16:24:56.0 (30184205)|HEAP_ALLOCATE|[EXTERNAL]|Bytes:4
16:24:56.0 (30192342)|HEAP_ALLOCATE|[14]|Bytes:5
16:24:56.0 (30199856)|VARIABLE_ASSIGNMENT|[14]|ex|null|
16:24:56.0 (30203050)|STATEMENT_EXECUTE|[19]
16:24:56.0 (30216274)|VARIABLE_ASSIGNMENT|[EXTERNAL]|this|{"queryString":"WHERE RecordType.Nam (21 more) ...","wrappedExpenses":"0x19c54b6c"}|0x4817aa87
16:24:56.0 (35659968)|VF_SERIALIZE_VIEWSTATE_BEGIN|06646000001BW08
16:24:56.0 (44163550)|VF_SERIALIZE_VIEWSTATE_END
16:24:56.0 (48525443)|CODE_UNIT_STARTED|[EXTERNAL]|Generate Metadata
16:24:56.0 (49182962)|CODE_UNIT_FINISHED|Generate Metadata
16:24:56.51 (51014127)|CUMULATIVE_LIMIT_USAGE
16:24:56.51 (51014127)|LIMIT_USAGE_FOR_NS|(default)|
  Number of SOQL queries: 2 out of 100
  Number of query rows: 5 out of 50000
  Number of SOSL queries: 0 out of 20
  Number of DML statements: 0 out of 150
  Number of DML rows: 0 out of 10000
  Maximum CPU time: 0 out of 10000
  Maximum heap size: 0 out of 6000000
  Number of callouts: 0 out of 100
  Number of Email Invocations: 0 out of 10
  Number of future calls: 0 out of 50
  Number of queueable jobs added to the queue: 0 out of 50
  Number of Mobile Apex push calls: 0 out of 10

16:24:56.51 (51014127)|CUMULATIVE_LIMIT_USAGE_END

16:24:56.0 (51048081)|CODE_UNIT_FINISHED|VF: /apex/ListOfEmployees
16:24:56.0 (51794285)|EXECUTION_FINISHED
