39.0 APEX_CODE,FINEST;APEX_PROFILING,INFO;CALLOUT,INFO;DB,INFO;SYSTEM,DEBUG;VALIDATION,INFO;VISUALFORCE,INFO;WAVE,INFO;WORKFLOW,INFO
16:25:20.0 (258571)|USER_INFO|[EXTERNAL]|00546000000Iihs|pacosta@altimetrik.com|Argentine Time|GMT-03:00
16:25:20.0 (284461)|EXECUTION_STARTED
16:25:20.0 (288397)|CODE_UNIT_STARTED|[EXTERNAL]|06646000001BW08|VF: /apex/ListOfEmployees
16:25:20.0 (1680933)|SYSTEM_MODE_ENTER|true
16:25:20.0 (1971892)|HEAP_ALLOCATE|[72]|Bytes:3
16:25:20.0 (2008105)|HEAP_ALLOCATE|[77]|Bytes:152
16:25:20.0 (2022990)|HEAP_ALLOCATE|[342]|Bytes:408
16:25:20.0 (2036374)|HEAP_ALLOCATE|[355]|Bytes:408
16:25:20.0 (2048991)|HEAP_ALLOCATE|[467]|Bytes:48
16:25:20.0 (2074512)|HEAP_ALLOCATE|[139]|Bytes:6
16:25:20.0 (2086302)|HEAP_ALLOCATE|[EXTERNAL]|Bytes:14
16:25:20.0 (2089082)|HEAP_ALLOCATE|[EXTERNAL]|Bytes:96
16:25:20.0 (2090968)|HEAP_ALLOCATE|[EXTERNAL]|Bytes:21
16:25:20.0 (2098250)|METHOD_ENTRY|[1]|01p46000002wayn|ExpenseController.ExpenseController()
16:25:20.0 (2103823)|STATEMENT_EXECUTE|[1]
16:25:20.0 (2109644)|STATEMENT_EXECUTE|[1]
16:25:20.0 (2111141)|STATEMENT_EXECUTE|[76]
16:25:20.0 (2115661)|METHOD_EXIT|[1]|ExpenseController
16:25:20.0 (2130863)|HEAP_ALLOCATE|[EXTERNAL]|Bytes:12
16:25:20.0 (2135911)|VARIABLE_SCOPE_BEGIN|[1]|this|ExpenseController|true|false
16:25:20.0 (2182804)|VARIABLE_ASSIGNMENT|[1]|this|{}|0x35a71317
16:25:20.0 (2193677)|HEAP_ALLOCATE|[3]|Bytes:6
16:25:20.0 (2231084)|STATEMENT_EXECUTE|[1]
16:25:20.0 (2232847)|STATEMENT_EXECUTE|[3]
16:25:20.0 (2244726)|VARIABLE_ASSIGNMENT|[3]|this.queryString|""|0x35a71317
16:25:20.0 (2247673)|STATEMENT_EXECUTE|[5]
16:25:20.0 (2293935)|SYSTEM_MODE_ENTER|true
16:25:20.0 (2326417)|HEAP_ALLOCATE|[EXTERNAL]|Bytes:12
16:25:20.0 (2332422)|VARIABLE_SCOPE_BEGIN|[8]|this|ExpenseController|true|false
16:25:20.0 (2348250)|VARIABLE_ASSIGNMENT|[8]|this|{"queryString":""}|0x35a71317
16:25:20.0 (2357348)|STATEMENT_EXECUTE|[8]
16:25:20.0 (2358858)|STATEMENT_EXECUTE|[10]
16:25:20.0 (2361542)|HEAP_ALLOCATE|[10]|Bytes:161
16:25:20.0 (2379884)|HEAP_ALLOCATE|[10]|Bytes:161
16:25:20.0 (2400661)|HEAP_ALLOCATE|[50]|Bytes:5
16:25:20.0 (2414094)|HEAP_ALLOCATE|[56]|Bytes:5
16:25:20.0 (2419232)|HEAP_ALLOCATE|[64]|Bytes:7
16:25:20.0 (2840235)|SOQL_EXECUTE_BEGIN|[10]|Aggregations:0|SELECT Category__c, RecordType.Name, Amount__c, Tax__c, Client_Company__c, Submitted__c, Employee__r.Id, Employee__r.Name, Employee__r.Birthdate FROM Expense__c 
16:25:20.0 (10957628)|SOQL_EXECUTE_END|[10]|Rows:5
16:25:20.0 (10973593)|HEAP_ALLOCATE|[10]|Bytes:24
16:25:20.0 (11018481)|HEAP_ALLOCATE|[10]|Bytes:1579
16:25:20.0 (11074289)|HEAP_ALLOCATE|[10]|Bytes:24
16:25:20.0 (11089564)|VARIABLE_SCOPE_BEGIN|[10]|results|List<Expense__c>|true|false
16:25:20.0 (11165476)|VARIABLE_ASSIGNMENT|[10]|results|[{"Category__c":"Road Meals","RecordTypeId":"012460000005G1KAAU","Amount__c":8900,"Tax__c":1157.00,"Submitted__c":false,"Employee__c":"00346000002ojeGAAQ","Id":"a0F46000000FmUwEAK","RecordType":{"Name":"Client Meetings","Id":"012460000005G1KAAU"},"Employee__r":{"Id":"00346000002ojeGAAQ","Name":"Paolo Smith"}},{"RecordTypeId":"012460000005G1FAAU","Amount__c":3000,"Tax__c":390.00,"Submitted__c":true,"Employee__c":"00346000002ojVWAAY","Id":"a0F46000000Fp6rEAC","RecordType":{"Name":"Business Trips","Id":"012460000005G1FAAU"},"Employee__r":{"Id":"00346000002ojVWAAY","Name":"Carol Ruiz","Birthdate":"2017-10-09T00:00:00.000Z"}},{"Category__c":"Event Registration","RecordTypeId":"012460000005G1FAAU","Amount__c":3499,"Tax__c":454.87,"Submitted__c":true,"Employee__c":"00346000002ojVWAAY","Id":"a0F46000000Fp76EAC","RecordType":{"Name":"Business Trips","Id":"012460000005G1FAAU"},"Employee__r":{"Id":"00346000002ojVWAAY","Name":"Carol Ruiz","Birthdate":"2017-10-09T00:00:00.000Z"}},{"Category__c":"Event Registration","RecordTypeId":"012460000005G1KAAU","Amount__c":5600,"Tax__c":728.00,"Submitted__c":false,"Employee__c":"00346000002oeLWAAY","Id":"a0F46000000FBc6EAG","RecordType":{"Name":"Client Meetings","Id":"012460000005G1KAAU"},"Employee__r":{"Id":"00346000002oeLWAAY","Name":"Paulo Acosta"}},{"Category__c":"Transportation","RecordTypeId":"012460000005G1FAAU","Amount__c":3500,"Tax__c":455.00,"Submitted__c":false,"Employee__c":"00346000002ojVWAAY","Id":"a0F46000000FBblEAG","RecordType":{"Name":"Business Trips","Id":"012460000005G1FAAU"},"Employee__r":{"Id":"00346000002ojVWAAY","Name":"Carol Ruiz","Birthdate":"2017-10-09T00:00:00.000Z"}}]|0x1de67557
16:25:20.0 (11367495)|HEAP_ALLOCATE|[14]|Bytes:5
16:25:20.0 (11402838)|HEAP_ALLOCATE|[14]|Bytes:40
16:25:20.0 (11412575)|VARIABLE_SCOPE_BEGIN|[14]|ex|Expense__c|true|false
16:25:20.0 (11429994)|VARIABLE_ASSIGNMENT|[14]|ex|{"Category__c":"Road Meals","RecordTypeId":"012460000005G1KAAU","Amount__c":8900,"Tax__c":1157.00,"Submitted__c":false,"Employee__c":"00346000002ojeGAAQ","Id":"a0F46000000FmUwEAK","RecordType":{"Name":"Client Meetings","Id":"012460000005G1KAAU"},"Employee__r":{"Id":"00346000002ojeGAAQ","Name":"Paolo Smith"}}|0x3259f426
16:25:20.0 (11436270)|STATEMENT_EXECUTE|[14]
16:25:20.0 (11437937)|STATEMENT_EXECUTE|[15]
16:25:20.0 (11443222)|HEAP_ALLOCATE|[15]|Bytes:4
16:25:20.0 (11511904)|VARIABLE_ASSIGNMENT|[EXTERNAL]|this|{"queryString":""}|0x35a71317
16:25:20.0 (11530379)|HEAP_ALLOCATE|[EXTERNAL]|Bytes:4
16:25:20.0 (11536587)|VARIABLE_ASSIGNMENT|[EXTERNAL]|value|[]|0x33d2b0ea
16:25:20.0 (11544211)|VARIABLE_ASSIGNMENT|[5]|this.wrappedExpenses|[]|0x35a71317
16:25:20.0 (11550978)|STATEMENT_EXECUTE|[16]
16:25:20.0 (11579911)|VARIABLE_ASSIGNMENT|[EXTERNAL]|this|{"queryString":"","wrappedExpenses":"0x33d2b0ea"}|0x35a71317
16:25:20.0 (11595030)|HEAP_ALLOCATE|[16]|Bytes:116
16:25:20.0 (11598849)|HEAP_ALLOCATE|[16]|Bytes:8
16:25:20.0 (11609607)|HEAP_ALLOCATE|[16]|Bytes:12
16:25:20.0 (11627362)|CONSTRUCTOR_ENTRY|[16]|01p46000002wayn|<init>(Expense__c,Boolean)
16:25:20.0 (11652760)|VARIABLE_SCOPE_BEGIN|[81]|this|ExpenseController.ExpenseWrapper|true|false
16:25:20.0 (11669151)|VARIABLE_ASSIGNMENT|[81]|this|{}|0x1dad81d9
16:25:20.0 (11672298)|VARIABLE_SCOPE_BEGIN|[81]|ex|Expense__c|true|false
16:25:20.0 (11685361)|VARIABLE_ASSIGNMENT|[81]|ex|{"Category__c":"Road Meals","RecordTypeId":"012460000005G1KAAU","Amount__c":8900,"Tax__c":1157.00,"Submitted__c":false,"Employee__c":"00346000002ojeGAAQ","Id":"a0F46000000FmUwEAK","RecordType":{"Name":"Client Meetings","Id":"012460000005G1KAAU"},"Employee__r":{"Id":"00346000002ojeGAAQ","Name":"Paolo Smith"}}|0x3259f426
16:25:20.0 (11691141)|VARIABLE_SCOPE_BEGIN|[81]|check|Boolean|false|false
16:25:20.0 (11694430)|VARIABLE_ASSIGNMENT|[81]|check|false
16:25:20.0 (11698554)|STATEMENT_EXECUTE|[76]
16:25:20.0 (11700321)|STATEMENT_EXECUTE|[78]
16:25:20.0 (11701723)|STATEMENT_EXECUTE|[79]
16:25:20.0 (11713694)|STATEMENT_EXECUTE|[81]
16:25:20.0 (11715297)|STATEMENT_EXECUTE|[83]
16:25:20.0 (11764295)|VARIABLE_ASSIGNMENT|[EXTERNAL]|this|{}|0x1dad81d9
16:25:20.0 (11778082)|VARIABLE_ASSIGNMENT|[EXTERNAL]|value|{"Category__c":"Road Meals","RecordTypeId":"012460000005G1KAAU","Amount__c":8900,"Tax__c":1157.00,"Submitted__c":false,"Employee__c":"00346000002ojeGAAQ","Id":"a0F46000000FmUwEAK","RecordType":{"Name":"Client Meetings","Id":"012460000005G1KAAU"},"Employee__r":{"Id":"00346000002ojeGAAQ","Name":"Paolo Smith"}}|0x3259f426
16:25:20.0 (11792775)|VARIABLE_ASSIGNMENT|[78]|this.expense|{"Category__c":"Road Meals","RecordTypeId":"012460000005G1KAAU","Amount__c":8900,"Tax__c":1157.00,"Submitted__c":false,"Employee__c":"00346000002ojeGAAQ","Id":"a0F46000000FmUwEAK","RecordType":{"Name":"Client Meetings","Id":"012460000005G1KAAU"},"Employee__r":{"Id":"00346000002ojeGAAQ","Name":"Paolo Smith"}}|0x1dad81d9
16:25:20.0 (11800793)|STATEMENT_EXECUTE|[84]
16:25:20.0 (11830721)|VARIABLE_ASSIGNMENT|[EXTERNAL]|this|{"expense":"0x3259f426"}|0x1dad81d9
16:25:20.0 (11837193)|VARIABLE_ASSIGNMENT|[EXTERNAL]|value|false
16:25:20.0 (11840937)|HEAP_ALLOCATE|[79]|Bytes:5
16:25:20.0 (11845168)|VARIABLE_ASSIGNMENT|[79]|this.checked|false|0x1dad81d9
16:25:20.0 (11854772)|CONSTRUCTOR_EXIT|[16]|01p46000002wayn|<init>(Expense__c,Boolean)
16:25:20.0 (11865479)|HEAP_ALLOCATE|[EXTERNAL]|Bytes:4
16:25:20.0 (11875622)|HEAP_ALLOCATE|[14]|Bytes:5
16:25:20.0 (11897610)|HEAP_ALLOCATE|[14]|Bytes:36
16:25:20.0 (11902934)|VARIABLE_SCOPE_BEGIN|[14]|ex|Expense__c|true|false
16:25:20.0 (11923448)|VARIABLE_ASSIGNMENT|[14]|ex|{"RecordTypeId":"012460000005G1FAAU","Amount__c":3000,"Tax__c":390.00,"Submitted__c":true,"Employee__c":"00346000002ojVWAAY","Id":"a0F46000000Fp6rEAC","RecordType":{"Name":"Business Trips","Id":"012460000005G1FAAU"},"Employee__r":{"Id":"00346000002ojVWAAY","Name":"Carol Ruiz","Birthdate":"2017-10-09T00:00:00.000Z"}}|0x57978351
16:25:20.0 (11928214)|STATEMENT_EXECUTE|[14]
16:25:20.0 (11929467)|STATEMENT_EXECUTE|[15]
16:25:20.0 (11933564)|HEAP_ALLOCATE|[15]|Bytes:4
16:25:20.0 (11956864)|VARIABLE_ASSIGNMENT|[EXTERNAL]|this|{"queryString":"","wrappedExpenses":"0x33d2b0ea"}|0x35a71317
16:25:20.0 (11964878)|HEAP_ALLOCATE|[EXTERNAL]|Bytes:4
16:25:20.0 (11969040)|VARIABLE_ASSIGNMENT|[EXTERNAL]|value|[]|0x56faff71
16:25:20.0 (11974211)|VARIABLE_ASSIGNMENT|[5]|this.wrappedExpenses|[]|0x35a71317
16:25:20.0 (11979559)|STATEMENT_EXECUTE|[16]
16:25:20.0 (11990366)|VARIABLE_ASSIGNMENT|[EXTERNAL]|this|{"queryString":"","wrappedExpenses":"0x56faff71"}|0x35a71317
16:25:20.0 (11996614)|HEAP_ALLOCATE|[16]|Bytes:12
16:25:20.0 (12004044)|CONSTRUCTOR_ENTRY|[16]|01p46000002wayn|<init>(Expense__c,Boolean)
16:25:20.0 (12008115)|VARIABLE_SCOPE_BEGIN|[81]|this|ExpenseController.ExpenseWrapper|true|false
16:25:20.0 (12015860)|VARIABLE_ASSIGNMENT|[81]|this|{}|0xf213716
16:25:20.0 (12017604)|VARIABLE_SCOPE_BEGIN|[81]|ex|Expense__c|true|false
16:25:20.0 (12031938)|VARIABLE_ASSIGNMENT|[81]|ex|{"RecordTypeId":"012460000005G1FAAU","Amount__c":3000,"Tax__c":390.00,"Submitted__c":true,"Employee__c":"00346000002ojVWAAY","Id":"a0F46000000Fp6rEAC","RecordType":{"Name":"Business Trips","Id":"012460000005G1FAAU"},"Employee__r":{"Id":"00346000002ojVWAAY","Name":"Carol Ruiz","Birthdate":"2017-10-09T00:00:00.000Z"}}|0x57978351
16:25:20.0 (12036869)|VARIABLE_SCOPE_BEGIN|[81]|check|Boolean|false|false
16:25:20.0 (12039579)|VARIABLE_ASSIGNMENT|[81]|check|false
16:25:20.0 (12042553)|STATEMENT_EXECUTE|[76]
16:25:20.0 (12043917)|STATEMENT_EXECUTE|[78]
16:25:20.0 (12045210)|STATEMENT_EXECUTE|[79]
16:25:20.0 (12053888)|STATEMENT_EXECUTE|[81]
16:25:20.0 (12055170)|STATEMENT_EXECUTE|[83]
16:25:20.0 (12065200)|VARIABLE_ASSIGNMENT|[EXTERNAL]|this|{}|0xf213716
16:25:20.0 (12078199)|VARIABLE_ASSIGNMENT|[EXTERNAL]|value|{"RecordTypeId":"012460000005G1FAAU","Amount__c":3000,"Tax__c":390.00,"Submitted__c":true,"Employee__c":"00346000002ojVWAAY","Id":"a0F46000000Fp6rEAC","RecordType":{"Name":"Business Trips","Id":"012460000005G1FAAU"},"Employee__r":{"Id":"00346000002ojVWAAY","Name":"Carol Ruiz","Birthdate":"2017-10-09T00:00:00.000Z"}}|0x57978351
16:25:20.0 (12090903)|VARIABLE_ASSIGNMENT|[78]|this.expense|{"RecordTypeId":"012460000005G1FAAU","Amount__c":3000,"Tax__c":390.00,"Submitted__c":true,"Employee__c":"00346000002ojVWAAY","Id":"a0F46000000Fp6rEAC","RecordType":{"Name":"Business Trips","Id":"012460000005G1FAAU"},"Employee__r":{"Id":"00346000002ojVWAAY","Name":"Carol Ruiz","Birthdate":"2017-10-09T00:00:00.000Z"}}|0xf213716
16:25:20.0 (12096729)|STATEMENT_EXECUTE|[84]
16:25:20.0 (12107043)|VARIABLE_ASSIGNMENT|[EXTERNAL]|this|{"expense":"0x57978351"}|0xf213716
16:25:20.0 (12111243)|VARIABLE_ASSIGNMENT|[EXTERNAL]|value|false
16:25:20.0 (12113791)|HEAP_ALLOCATE|[79]|Bytes:5
16:25:20.0 (12117469)|VARIABLE_ASSIGNMENT|[79]|this.checked|false|0xf213716
16:25:20.0 (12125109)|CONSTRUCTOR_EXIT|[16]|01p46000002wayn|<init>(Expense__c,Boolean)
16:25:20.0 (12131091)|HEAP_ALLOCATE|[EXTERNAL]|Bytes:4
16:25:20.0 (12139546)|HEAP_ALLOCATE|[14]|Bytes:5
16:25:20.0 (12158439)|HEAP_ALLOCATE|[14]|Bytes:40
16:25:20.0 (12163117)|VARIABLE_SCOPE_BEGIN|[14]|ex|Expense__c|true|false
16:25:20.0 (12179846)|VARIABLE_ASSIGNMENT|[14]|ex|{"Category__c":"Event Registration","RecordTypeId":"012460000005G1FAAU","Amount__c":3499,"Tax__c":454.87,"Submitted__c":true,"Employee__c":"00346000002ojVWAAY","Id":"a0F46000000Fp76EAC","RecordType":{"Name":"Business Trips","Id":"012460000005G1FAAU"},"Employee__r":{"Id":"00346000002ojVWAAY","Name":"Carol Ruiz","Birthdate":"2017-10-09T00:00:00.000Z"}}|0x2c50f7dc
16:25:20.0 (12185450)|STATEMENT_EXECUTE|[14]
16:25:20.0 (12186669)|STATEMENT_EXECUTE|[15]
16:25:20.0 (12189506)|HEAP_ALLOCATE|[15]|Bytes:4
16:25:20.0 (12209229)|VARIABLE_ASSIGNMENT|[EXTERNAL]|this|{"queryString":"","wrappedExpenses":"0x56faff71"}|0x35a71317
16:25:20.0 (12216406)|HEAP_ALLOCATE|[EXTERNAL]|Bytes:4
16:25:20.0 (12220378)|VARIABLE_ASSIGNMENT|[EXTERNAL]|value|[]|0x593dd5e1
16:25:20.0 (12224821)|VARIABLE_ASSIGNMENT|[5]|this.wrappedExpenses|[]|0x35a71317
16:25:20.0 (12229412)|STATEMENT_EXECUTE|[16]
16:25:20.0 (12239439)|VARIABLE_ASSIGNMENT|[EXTERNAL]|this|{"queryString":"","wrappedExpenses":"0x593dd5e1"}|0x35a71317
16:25:20.0 (12244992)|HEAP_ALLOCATE|[16]|Bytes:12
16:25:20.0 (12251690)|CONSTRUCTOR_ENTRY|[16]|01p46000002wayn|<init>(Expense__c,Boolean)
16:25:20.0 (12254213)|VARIABLE_SCOPE_BEGIN|[81]|this|ExpenseController.ExpenseWrapper|true|false
16:25:20.0 (12261661)|VARIABLE_ASSIGNMENT|[81]|this|{}|0x692c3112
16:25:20.0 (12263309)|VARIABLE_SCOPE_BEGIN|[81]|ex|Expense__c|true|false
16:25:20.0 (12276837)|VARIABLE_ASSIGNMENT|[81]|ex|{"Category__c":"Event Registration","RecordTypeId":"012460000005G1FAAU","Amount__c":3499,"Tax__c":454.87,"Submitted__c":true,"Employee__c":"00346000002ojVWAAY","Id":"a0F46000000Fp76EAC","RecordType":{"Name":"Business Trips","Id":"012460000005G1FAAU"},"Employee__r":{"Id":"00346000002ojVWAAY","Name":"Carol Ruiz","Birthdate":"2017-10-09T00:00:00.000Z"}}|0x2c50f7dc
16:25:20.0 (12281905)|VARIABLE_SCOPE_BEGIN|[81]|check|Boolean|false|false
16:25:20.0 (12284323)|VARIABLE_ASSIGNMENT|[81]|check|false
16:25:20.0 (12287100)|STATEMENT_EXECUTE|[76]
16:25:20.0 (12288310)|STATEMENT_EXECUTE|[78]
16:25:20.0 (12289568)|STATEMENT_EXECUTE|[79]
16:25:20.0 (12297862)|STATEMENT_EXECUTE|[81]
16:25:20.0 (12299179)|STATEMENT_EXECUTE|[83]
16:25:20.0 (12308703)|VARIABLE_ASSIGNMENT|[EXTERNAL]|this|{}|0x692c3112
16:25:20.0 (12322698)|VARIABLE_ASSIGNMENT|[EXTERNAL]|value|{"Category__c":"Event Registration","RecordTypeId":"012460000005G1FAAU","Amount__c":3499,"Tax__c":454.87,"Submitted__c":true,"Employee__c":"00346000002ojVWAAY","Id":"a0F46000000Fp76EAC","RecordType":{"Name":"Business Trips","Id":"012460000005G1FAAU"},"Employee__r":{"Id":"00346000002ojVWAAY","Name":"Carol Ruiz","Birthdate":"2017-10-09T00:00:00.000Z"}}|0x2c50f7dc
16:25:20.0 (12336431)|VARIABLE_ASSIGNMENT|[78]|this.expense|{"Category__c":"Event Registration","RecordTypeId":"012460000005G1FAAU","Amount__c":3499,"Tax__c":454.87,"Submitted__c":true,"Employee__c":"00346000002ojVWAAY","Id":"a0F46000000Fp76EAC","RecordType":{"Name":"Business Trips","Id":"012460000005G1FAAU"},"Employee__r":{"Id":"00346000002ojVWAAY","Name":"Carol Ruiz","Birthdate":"2017-10-09T00:00:00.000Z"}}|0x692c3112
16:25:20.0 (12342164)|STATEMENT_EXECUTE|[84]
16:25:20.0 (12351815)|VARIABLE_ASSIGNMENT|[EXTERNAL]|this|{"expense":"0x2c50f7dc"}|0x692c3112
16:25:20.0 (12356386)|VARIABLE_ASSIGNMENT|[EXTERNAL]|value|false
16:25:20.0 (12358742)|HEAP_ALLOCATE|[79]|Bytes:5
16:25:20.0 (12362367)|VARIABLE_ASSIGNMENT|[79]|this.checked|false|0x692c3112
16:25:20.0 (12369971)|CONSTRUCTOR_EXIT|[16]|01p46000002wayn|<init>(Expense__c,Boolean)
16:25:20.0 (12375209)|HEAP_ALLOCATE|[EXTERNAL]|Bytes:4
16:25:20.0 (12382978)|HEAP_ALLOCATE|[14]|Bytes:5
16:25:20.0 (12400991)|HEAP_ALLOCATE|[14]|Bytes:40
16:25:20.0 (12405328)|VARIABLE_SCOPE_BEGIN|[14]|ex|Expense__c|true|false
16:25:20.0 (12418482)|VARIABLE_ASSIGNMENT|[14]|ex|{"Category__c":"Event Registration","RecordTypeId":"012460000005G1KAAU","Amount__c":5600,"Tax__c":728.00,"Submitted__c":false,"Employee__c":"00346000002oeLWAAY","Id":"a0F46000000FBc6EAG","RecordType":{"Name":"Client Meetings","Id":"012460000005G1KAAU"},"Employee__r":{"Id":"00346000002oeLWAAY","Name":"Paulo Acosta"}}|0x3059aba6
16:25:20.0 (12422864)|STATEMENT_EXECUTE|[14]
16:25:20.0 (12424077)|STATEMENT_EXECUTE|[15]
16:25:20.0 (12426634)|HEAP_ALLOCATE|[15]|Bytes:4
16:25:20.0 (12444637)|VARIABLE_ASSIGNMENT|[EXTERNAL]|this|{"queryString":"","wrappedExpenses":"0x593dd5e1"}|0x35a71317
16:25:20.0 (12451685)|HEAP_ALLOCATE|[EXTERNAL]|Bytes:4
16:25:20.0 (12455532)|VARIABLE_ASSIGNMENT|[EXTERNAL]|value|[]|0x682c5a31
16:25:20.0 (12459959)|VARIABLE_ASSIGNMENT|[5]|this.wrappedExpenses|[]|0x35a71317
16:25:20.0 (12464454)|STATEMENT_EXECUTE|[16]
16:25:20.0 (12475023)|VARIABLE_ASSIGNMENT|[EXTERNAL]|this|{"queryString":"","wrappedExpenses":"0x682c5a31"}|0x35a71317
16:25:20.0 (12480742)|HEAP_ALLOCATE|[16]|Bytes:12
16:25:20.0 (12487078)|CONSTRUCTOR_ENTRY|[16]|01p46000002wayn|<init>(Expense__c,Boolean)
16:25:20.0 (12489446)|VARIABLE_SCOPE_BEGIN|[81]|this|ExpenseController.ExpenseWrapper|true|false
16:25:20.0 (12496089)|VARIABLE_ASSIGNMENT|[81]|this|{}|0x6eb359a5
16:25:20.0 (12497617)|VARIABLE_SCOPE_BEGIN|[81]|ex|Expense__c|true|false
16:25:20.0 (12507563)|VARIABLE_ASSIGNMENT|[81]|ex|{"Category__c":"Event Registration","RecordTypeId":"012460000005G1KAAU","Amount__c":5600,"Tax__c":728.00,"Submitted__c":false,"Employee__c":"00346000002oeLWAAY","Id":"a0F46000000FBc6EAG","RecordType":{"Name":"Client Meetings","Id":"012460000005G1KAAU"},"Employee__r":{"Id":"00346000002oeLWAAY","Name":"Paulo Acosta"}}|0x3059aba6
16:25:20.0 (12512145)|VARIABLE_SCOPE_BEGIN|[81]|check|Boolean|false|false
16:25:20.0 (12514609)|VARIABLE_ASSIGNMENT|[81]|check|false
16:25:20.0 (12517292)|STATEMENT_EXECUTE|[76]
16:25:20.0 (12518574)|STATEMENT_EXECUTE|[78]
16:25:20.0 (12519775)|STATEMENT_EXECUTE|[79]
16:25:20.0 (12527677)|STATEMENT_EXECUTE|[81]
16:25:20.0 (12529131)|STATEMENT_EXECUTE|[83]
16:25:20.0 (12538155)|VARIABLE_ASSIGNMENT|[EXTERNAL]|this|{}|0x6eb359a5
16:25:20.0 (12548516)|VARIABLE_ASSIGNMENT|[EXTERNAL]|value|{"Category__c":"Event Registration","RecordTypeId":"012460000005G1KAAU","Amount__c":5600,"Tax__c":728.00,"Submitted__c":false,"Employee__c":"00346000002oeLWAAY","Id":"a0F46000000FBc6EAG","RecordType":{"Name":"Client Meetings","Id":"012460000005G1KAAU"},"Employee__r":{"Id":"00346000002oeLWAAY","Name":"Paulo Acosta"}}|0x3059aba6
16:25:20.0 (12559223)|VARIABLE_ASSIGNMENT|[78]|this.expense|{"Category__c":"Event Registration","RecordTypeId":"012460000005G1KAAU","Amount__c":5600,"Tax__c":728.00,"Submitted__c":false,"Employee__c":"00346000002oeLWAAY","Id":"a0F46000000FBc6EAG","RecordType":{"Name":"Client Meetings","Id":"012460000005G1KAAU"},"Employee__r":{"Id":"00346000002oeLWAAY","Name":"Paulo Acosta"}}|0x6eb359a5
16:25:20.0 (12564589)|STATEMENT_EXECUTE|[84]
16:25:20.0 (12573610)|VARIABLE_ASSIGNMENT|[EXTERNAL]|this|{"expense":"0x3059aba6"}|0x6eb359a5
16:25:20.0 (12577624)|VARIABLE_ASSIGNMENT|[EXTERNAL]|value|false
16:25:20.0 (12579967)|HEAP_ALLOCATE|[79]|Bytes:5
16:25:20.0 (12583341)|VARIABLE_ASSIGNMENT|[79]|this.checked|false|0x6eb359a5
16:25:20.0 (12590242)|CONSTRUCTOR_EXIT|[16]|01p46000002wayn|<init>(Expense__c,Boolean)
16:25:20.0 (12595202)|HEAP_ALLOCATE|[EXTERNAL]|Bytes:4
16:25:20.0 (12602934)|HEAP_ALLOCATE|[14]|Bytes:5
16:25:20.0 (12620115)|HEAP_ALLOCATE|[14]|Bytes:40
16:25:20.0 (12624304)|VARIABLE_SCOPE_BEGIN|[14]|ex|Expense__c|true|false
16:25:20.0 (12646074)|VARIABLE_ASSIGNMENT|[14]|ex|{"Category__c":"Transportation","RecordTypeId":"012460000005G1FAAU","Amount__c":3500,"Tax__c":455.00,"Submitted__c":false,"Employee__c":"00346000002ojVWAAY","Id":"a0F46000000FBblEAG","RecordType":{"Name":"Business Trips","Id":"012460000005G1FAAU"},"Employee__r":{"Id":"00346000002ojVWAAY","Name":"Carol Ruiz","Birthdate":"2017-10-09T00:00:00.000Z"}}|0x4d5c814f
16:25:20.0 (12651351)|STATEMENT_EXECUTE|[14]
16:25:20.0 (12652659)|STATEMENT_EXECUTE|[15]
16:25:20.0 (12655437)|HEAP_ALLOCATE|[15]|Bytes:4
16:25:20.0 (12674904)|VARIABLE_ASSIGNMENT|[EXTERNAL]|this|{"queryString":"","wrappedExpenses":"0x682c5a31"}|0x35a71317
16:25:20.0 (12681614)|HEAP_ALLOCATE|[EXTERNAL]|Bytes:4
16:25:20.0 (12685495)|VARIABLE_ASSIGNMENT|[EXTERNAL]|value|[]|0x59960b4f
16:25:20.0 (12689692)|VARIABLE_ASSIGNMENT|[5]|this.wrappedExpenses|[]|0x35a71317
16:25:20.0 (12694218)|STATEMENT_EXECUTE|[16]
16:25:20.0 (12704548)|VARIABLE_ASSIGNMENT|[EXTERNAL]|this|{"queryString":"","wrappedExpenses":"0x59960b4f"}|0x35a71317
16:25:20.0 (12710296)|HEAP_ALLOCATE|[16]|Bytes:12
16:25:20.0 (12716576)|CONSTRUCTOR_ENTRY|[16]|01p46000002wayn|<init>(Expense__c,Boolean)
16:25:20.0 (12718857)|VARIABLE_SCOPE_BEGIN|[81]|this|ExpenseController.ExpenseWrapper|true|false
16:25:20.0 (12725497)|VARIABLE_ASSIGNMENT|[81]|this|{}|0x51ba05ce
16:25:20.0 (12726923)|VARIABLE_SCOPE_BEGIN|[81]|ex|Expense__c|true|false
16:25:20.0 (12741279)|VARIABLE_ASSIGNMENT|[81]|ex|{"Category__c":"Transportation","RecordTypeId":"012460000005G1FAAU","Amount__c":3500,"Tax__c":455.00,"Submitted__c":false,"Employee__c":"00346000002ojVWAAY","Id":"a0F46000000FBblEAG","RecordType":{"Name":"Business Trips","Id":"012460000005G1FAAU"},"Employee__r":{"Id":"00346000002ojVWAAY","Name":"Carol Ruiz","Birthdate":"2017-10-09T00:00:00.000Z"}}|0x4d5c814f
16:25:20.0 (12745826)|VARIABLE_SCOPE_BEGIN|[81]|check|Boolean|false|false
16:25:20.0 (12748171)|VARIABLE_ASSIGNMENT|[81]|check|false
16:25:20.0 (12750861)|STATEMENT_EXECUTE|[76]
16:25:20.0 (12752065)|STATEMENT_EXECUTE|[78]
16:25:20.0 (12753257)|STATEMENT_EXECUTE|[79]
16:25:20.0 (12761154)|STATEMENT_EXECUTE|[81]
16:25:20.0 (12762444)|STATEMENT_EXECUTE|[83]
16:25:20.0 (12771811)|VARIABLE_ASSIGNMENT|[EXTERNAL]|this|{}|0x51ba05ce
16:25:20.0 (12784981)|VARIABLE_ASSIGNMENT|[EXTERNAL]|value|{"Category__c":"Transportation","RecordTypeId":"012460000005G1FAAU","Amount__c":3500,"Tax__c":455.00,"Submitted__c":false,"Employee__c":"00346000002ojVWAAY","Id":"a0F46000000FBblEAG","RecordType":{"Name":"Business Trips","Id":"012460000005G1FAAU"},"Employee__r":{"Id":"00346000002ojVWAAY","Name":"Carol Ruiz","Birthdate":"2017-10-09T00:00:00.000Z"}}|0x4d5c814f
16:25:20.0 (12799118)|VARIABLE_ASSIGNMENT|[78]|this.expense|{"Category__c":"Transportation","RecordTypeId":"012460000005G1FAAU","Amount__c":3500,"Tax__c":455.00,"Submitted__c":false,"Employee__c":"00346000002ojVWAAY","Id":"a0F46000000FBblEAG","RecordType":{"Name":"Business Trips","Id":"012460000005G1FAAU"},"Employee__r":{"Id":"00346000002ojVWAAY","Name":"Carol Ruiz","Birthdate":"2017-10-09T00:00:00.000Z"}}|0x51ba05ce
16:25:20.0 (12804436)|STATEMENT_EXECUTE|[84]
16:25:20.0 (12814070)|VARIABLE_ASSIGNMENT|[EXTERNAL]|this|{"expense":"0x4d5c814f"}|0x51ba05ce
16:25:20.0 (12817963)|VARIABLE_ASSIGNMENT|[EXTERNAL]|value|false
16:25:20.0 (12820252)|HEAP_ALLOCATE|[79]|Bytes:5
16:25:20.0 (12823419)|VARIABLE_ASSIGNMENT|[79]|this.checked|false|0x51ba05ce
16:25:20.0 (12831095)|CONSTRUCTOR_EXIT|[16]|01p46000002wayn|<init>(Expense__c,Boolean)
16:25:20.0 (12836254)|HEAP_ALLOCATE|[EXTERNAL]|Bytes:4
16:25:20.0 (12844041)|HEAP_ALLOCATE|[14]|Bytes:5
16:25:20.0 (12850977)|VARIABLE_ASSIGNMENT|[14]|ex|null|
16:25:20.0 (12854416)|STATEMENT_EXECUTE|[19]
16:25:20.0 (12876422)|VARIABLE_ASSIGNMENT|[EXTERNAL]|this|{"queryString":"","wrappedExpenses":"0x59960b4f"}|0x35a71317
16:25:20.0 (23952452)|VF_SERIALIZE_VIEWSTATE_BEGIN|06646000001BW08
16:25:20.0 (32061639)|VF_SERIALIZE_VIEWSTATE_END
16:25:20.0 (37507551)|CODE_UNIT_STARTED|[EXTERNAL]|Generate Metadata
16:25:20.0 (38155343)|CODE_UNIT_FINISHED|Generate Metadata
16:25:20.39 (39881957)|CUMULATIVE_LIMIT_USAGE
16:25:20.39 (39881957)|LIMIT_USAGE_FOR_NS|(default)|
  Number of SOQL queries: 1 out of 100
  Number of query rows: 5 out of 50000
  Number of SOSL queries: 0 out of 20
  Number of DML statements: 0 out of 150
  Number of DML rows: 0 out of 10000
  Maximum CPU time: 0 out of 10000
  Maximum heap size: 0 out of 6000000
  Number of callouts: 0 out of 100
  Number of Email Invocations: 0 out of 10
  Number of future calls: 0 out of 50
  Number of queueable jobs added to the queue: 0 out of 50
  Number of Mobile Apex push calls: 0 out of 10

16:25:20.39 (39881957)|CUMULATIVE_LIMIT_USAGE_END

16:25:20.0 (39915336)|CODE_UNIT_FINISHED|VF: /apex/ListOfEmployees
16:25:20.0 (40656388)|EXECUTION_FINISHED
