39.0 APEX_CODE,FINEST;APEX_PROFILING,INFO;CALLOUT,INFO;DB,INFO;SYSTEM,DEBUG;VALIDATION,INFO;VISUALFORCE,INFO;WAVE,INFO;WORKFLOW,INFO
16:56:03.0 (330256)|USER_INFO|[EXTERNAL]|00546000000Iihs|pacosta@altimetrik.com|Argentine Time|GMT-03:00
16:56:03.0 (353232)|EXECUTION_STARTED
16:56:03.0 (356262)|CODE_UNIT_STARTED|[EXTERNAL]|TRIGGERS
16:56:03.0 (382106)|CODE_UNIT_STARTED|[EXTERNAL]|01q46000000Qd5z|UpdateOrDelete on Expense trigger event BeforeUpdate for [a0F46000000Fp6r]
16:56:03.0 (414436)|HEAP_ALLOCATE|[EXTERNAL]|Bytes:8
16:56:03.0 (439365)|HEAP_ALLOCATE|[EXTERNAL]|Bytes:8
16:56:03.0 (754974)|HEAP_ALLOCATE|[72]|Bytes:3
16:56:03.0 (783791)|HEAP_ALLOCATE|[77]|Bytes:152
16:56:03.0 (797027)|HEAP_ALLOCATE|[342]|Bytes:408
16:56:03.0 (811308)|HEAP_ALLOCATE|[355]|Bytes:408
16:56:03.0 (830450)|HEAP_ALLOCATE|[467]|Bytes:48
16:56:03.0 (856209)|HEAP_ALLOCATE|[139]|Bytes:6
16:56:03.0 (876396)|HEAP_ALLOCATE|[EXTERNAL]|Bytes:4
16:56:03.0 (884137)|VARIABLE_SCOPE_BEGIN|[1]|this|UpdateOrDelete|true|false
16:56:03.0 (919738)|VARIABLE_ASSIGNMENT|[1]|this|{}|0x669d1e8f
16:56:03.0 (954957)|HEAP_ALLOCATE|[EXTERNAL]|Bytes:4
16:56:03.0 (959963)|VARIABLE_SCOPE_BEGIN|[1]|this|UpdateOrDelete|true|false
16:56:03.0 (967071)|VARIABLE_ASSIGNMENT|[1]|this|{}|0x669d1e8f
16:56:03.0 (971810)|STATEMENT_EXECUTE|[1]
16:56:03.0 (1000786)|HEAP_ALLOCATE|[50]|Bytes:5
16:56:03.0 (1019651)|HEAP_ALLOCATE|[56]|Bytes:5
16:56:03.0 (1026518)|HEAP_ALLOCATE|[64]|Bytes:7
16:56:03.0 (1049052)|STATEMENT_EXECUTE|[3]
16:56:03.0 (1055614)|STATEMENT_EXECUTE|[15]
16:56:03.0 (1341368)|HEAP_ALLOCATE|[17]|Bytes:5
16:56:03.0 (1360337)|HEAP_ALLOCATE|[17]|Bytes:4
16:56:03.0 (1367279)|VARIABLE_SCOPE_BEGIN|[17]|ex|Expense__c|true|false
16:56:03.0 (1897498)|VARIABLE_ASSIGNMENT|[17]|ex|{"Expense_Status__c":"SUBMITTED","LastModifiedDate":"2017-03-22T19:50:07.000Z","IsDeleted":false,"Name":"Test44","SystemModstamp":"2017-03-22T19:50:07.000Z","Employee__c":"00346000002ojVWAAY","OwnerId":"00546000000IihsAAC","CreatedById":"00546000000IihsAAC","Amount__c":1330,"Submitted__c":true,"RecordTypeId":"012460000005G1FAAU","CreatedDate":"2017-03-22T19:05:57.000Z","Id":"a0F46000000Fp6rEAC","LastModifiedById":"00546000000IihsAAC","Tax__c":172.90}|0x4bd10602
16:56:03.0 (1906688)|STATEMENT_EXECUTE|[17]
16:56:03.0 (1931937)|HEAP_ALLOCATE|[20]|Bytes:13
16:56:03.0 (1957343)|STATEMENT_EXECUTE|[20]
16:56:03.0 (1959147)|STATEMENT_EXECUTE|[22]
16:56:03.0 (2071479)|HEAP_ALLOCATE|[22]|Bytes:43
16:56:03.0 (2123770)|HEAP_ALLOCATE|[17]|Bytes:5
16:56:03.0 (2136323)|VARIABLE_ASSIGNMENT|[17]|ex|null|
16:56:03.2 (2142894)|CUMULATIVE_LIMIT_USAGE
16:56:03.2 (2142894)|LIMIT_USAGE_FOR_NS|(default)|
  Number of SOQL queries: 0 out of 100
  Number of query rows: 0 out of 50000
  Number of SOSL queries: 0 out of 20
  Number of DML statements: 0 out of 150
  Number of DML rows: 0 out of 10000
  Maximum CPU time: 0 out of 10000
  Maximum heap size: 0 out of 6000000
  Number of callouts: 0 out of 100
  Number of Email Invocations: 0 out of 10
  Number of future calls: 0 out of 50
  Number of queueable jobs added to the queue: 0 out of 50
  Number of Mobile Apex push calls: 0 out of 10

16:56:03.2 (2142894)|CUMULATIVE_LIMIT_USAGE_END

16:56:03.0 (2912754)|CODE_UNIT_FINISHED|UpdateOrDelete on Expense trigger event BeforeUpdate for [a0F46000000Fp6r]
16:56:03.0 (6114136)|CODE_UNIT_FINISHED|TRIGGERS
16:56:03.0 (6119020)|EXECUTION_FINISHED
