39.0 APEX_CODE,FINEST;APEX_PROFILING,INFO;CALLOUT,INFO;DB,INFO;SYSTEM,DEBUG;VALIDATION,INFO;VISUALFORCE,INFO;WAVE,INFO;WORKFLOW,INFO
16:26:10.0 (70365)|USER_INFO|[EXTERNAL]|00546000000Iihs|pacosta@altimetrik.com|Argentine Time|GMT-03:00
16:26:10.0 (96675)|EXECUTION_STARTED
16:26:10.0 (100721)|CODE_UNIT_STARTED|[EXTERNAL]|06646000001BW08|VF: /apex/ListOfEmployees
16:26:10.0 (21363679)|SYSTEM_MODE_ENTER|true
16:26:10.0 (21708803)|HEAP_ALLOCATE|[72]|Bytes:3
16:26:10.0 (21747190)|HEAP_ALLOCATE|[77]|Bytes:152
16:26:10.0 (21760085)|HEAP_ALLOCATE|[342]|Bytes:408
16:26:10.0 (21773546)|HEAP_ALLOCATE|[355]|Bytes:408
16:26:10.0 (21786440)|HEAP_ALLOCATE|[467]|Bytes:48
16:26:10.0 (21810369)|HEAP_ALLOCATE|[139]|Bytes:6
16:26:10.0 (21823299)|HEAP_ALLOCATE|[EXTERNAL]|Bytes:14
16:26:10.0 (21826874)|HEAP_ALLOCATE|[EXTERNAL]|Bytes:96
16:26:10.0 (21828736)|HEAP_ALLOCATE|[EXTERNAL]|Bytes:21
16:26:10.0 (21836839)|METHOD_ENTRY|[1]|01p46000002wayn|ExpenseController.ExpenseController()
16:26:10.0 (21842556)|STATEMENT_EXECUTE|[1]
16:26:10.0 (21847503)|STATEMENT_EXECUTE|[1]
16:26:10.0 (21848883)|STATEMENT_EXECUTE|[78]
16:26:10.0 (21852848)|METHOD_EXIT|[1]|ExpenseController
16:26:10.0 (21868460)|HEAP_ALLOCATE|[EXTERNAL]|Bytes:12
16:26:10.0 (21873796)|VARIABLE_SCOPE_BEGIN|[1]|this|ExpenseController|true|false
16:26:10.0 (21924605)|VARIABLE_ASSIGNMENT|[1]|this|{}|0x3a20e35b
16:26:10.0 (21934095)|HEAP_ALLOCATE|[3]|Bytes:6
16:26:10.0 (21973883)|STATEMENT_EXECUTE|[1]
16:26:10.0 (21975713)|STATEMENT_EXECUTE|[3]
16:26:10.0 (21989511)|VARIABLE_ASSIGNMENT|[3]|this.queryString|""|0x3a20e35b
16:26:10.0 (21992485)|STATEMENT_EXECUTE|[5]
16:26:10.0 (22042703)|SYSTEM_MODE_ENTER|true
16:26:10.0 (22083083)|HEAP_ALLOCATE|[EXTERNAL]|Bytes:12
16:26:10.0 (22088827)|VARIABLE_SCOPE_BEGIN|[8]|this|ExpenseController|true|false
16:26:10.0 (22106313)|VARIABLE_ASSIGNMENT|[8]|this|{"queryString":""}|0x3a20e35b
16:26:10.0 (22114698)|STATEMENT_EXECUTE|[8]
16:26:10.0 (22116088)|STATEMENT_EXECUTE|[10]
16:26:10.0 (22118525)|HEAP_ALLOCATE|[10]|Bytes:161
16:26:10.0 (22141567)|HEAP_ALLOCATE|[10]|Bytes:161
16:26:10.0 (22159056)|HEAP_ALLOCATE|[50]|Bytes:5
16:26:10.0 (22172190)|HEAP_ALLOCATE|[56]|Bytes:5
16:26:10.0 (22177926)|HEAP_ALLOCATE|[64]|Bytes:7
16:26:10.0 (22956351)|SOQL_EXECUTE_BEGIN|[10]|Aggregations:0|SELECT Category__c, RecordType.Name, Amount__c, Tax__c, Client_Company__c, Submitted__c, Employee__r.Id, Employee__r.Name, Employee__r.Birthdate FROM Expense__c 
16:26:10.0 (33698447)|SOQL_EXECUTE_END|[10]|Rows:5
16:26:10.0 (33720120)|HEAP_ALLOCATE|[10]|Bytes:24
16:26:10.0 (33769307)|HEAP_ALLOCATE|[10]|Bytes:1579
16:26:10.0 (33858068)|HEAP_ALLOCATE|[10]|Bytes:24
16:26:10.0 (33880764)|VARIABLE_SCOPE_BEGIN|[10]|results|List<Expense__c>|true|false
16:26:10.0 (33973813)|VARIABLE_ASSIGNMENT|[10]|results|[{"Category__c":"Road Meals","RecordTypeId":"012460000005G1KAAU","Amount__c":8900,"Tax__c":1157.00,"Submitted__c":false,"Employee__c":"00346000002ojeGAAQ","Id":"a0F46000000FmUwEAK","RecordType":{"Name":"Client Meetings","Id":"012460000005G1KAAU"},"Employee__r":{"Id":"00346000002ojeGAAQ","Name":"Paolo Smith"}},{"RecordTypeId":"012460000005G1FAAU","Amount__c":3000,"Tax__c":390.00,"Submitted__c":true,"Employee__c":"00346000002ojVWAAY","Id":"a0F46000000Fp6rEAC","RecordType":{"Name":"Business Trips","Id":"012460000005G1FAAU"},"Employee__r":{"Id":"00346000002ojVWAAY","Name":"Carol Ruiz","Birthdate":"2017-10-09T00:00:00.000Z"}},{"Category__c":"Event Registration","RecordTypeId":"012460000005G1FAAU","Amount__c":3499,"Tax__c":454.87,"Submitted__c":true,"Employee__c":"00346000002ojVWAAY","Id":"a0F46000000Fp76EAC","RecordType":{"Name":"Business Trips","Id":"012460000005G1FAAU"},"Employee__r":{"Id":"00346000002ojVWAAY","Name":"Carol Ruiz","Birthdate":"2017-10-09T00:00:00.000Z"}},{"Category__c":"Event Registration","RecordTypeId":"012460000005G1KAAU","Amount__c":5600,"Tax__c":728.00,"Submitted__c":false,"Employee__c":"00346000002oeLWAAY","Id":"a0F46000000FBc6EAG","RecordType":{"Name":"Client Meetings","Id":"012460000005G1KAAU"},"Employee__r":{"Id":"00346000002oeLWAAY","Name":"Paulo Acosta"}},{"Category__c":"Transportation","RecordTypeId":"012460000005G1FAAU","Amount__c":3500,"Tax__c":455.00,"Submitted__c":false,"Employee__c":"00346000002ojVWAAY","Id":"a0F46000000FBblEAG","RecordType":{"Name":"Business Trips","Id":"012460000005G1FAAU"},"Employee__r":{"Id":"00346000002ojVWAAY","Name":"Carol Ruiz","Birthdate":"2017-10-09T00:00:00.000Z"}}]|0x3525b34
16:26:10.0 (33989773)|STATEMENT_EXECUTE|[15]
16:26:10.0 (33998808)|HEAP_ALLOCATE|[15]|Bytes:4
16:26:10.0 (34112219)|VARIABLE_ASSIGNMENT|[EXTERNAL]|this|{"queryString":""}|0x3a20e35b
16:26:10.0 (34136530)|HEAP_ALLOCATE|[EXTERNAL]|Bytes:4
16:26:10.0 (34143668)|VARIABLE_ASSIGNMENT|[EXTERNAL]|value|[]|0x7124ca7e
16:26:10.0 (34154531)|VARIABLE_ASSIGNMENT|[5]|this.wrappedExpenses|[]|0x3a20e35b
16:26:10.0 (34341961)|HEAP_ALLOCATE|[16]|Bytes:5
16:26:10.0 (34384255)|HEAP_ALLOCATE|[16]|Bytes:40
16:26:10.0 (34394364)|VARIABLE_SCOPE_BEGIN|[16]|ex|Expense__c|true|false
16:26:10.0 (34414095)|VARIABLE_ASSIGNMENT|[16]|ex|{"Category__c":"Road Meals","RecordTypeId":"012460000005G1KAAU","Amount__c":8900,"Tax__c":1157.00,"Submitted__c":false,"Employee__c":"00346000002ojeGAAQ","Id":"a0F46000000FmUwEAK","RecordType":{"Name":"Client Meetings","Id":"012460000005G1KAAU"},"Employee__r":{"Id":"00346000002ojeGAAQ","Name":"Paolo Smith"}}|0x6ab57e9c
16:26:10.0 (34419969)|STATEMENT_EXECUTE|[16]
16:26:10.0 (34421619)|STATEMENT_EXECUTE|[18]
16:26:10.0 (34459122)|VARIABLE_ASSIGNMENT|[EXTERNAL]|this|{"queryString":"","wrappedExpenses":"0x7124ca7e"}|0x3a20e35b
16:26:10.0 (34531163)|HEAP_ALLOCATE|[18]|Bytes:116
16:26:10.0 (34537503)|HEAP_ALLOCATE|[18]|Bytes:8
16:26:10.0 (34552649)|HEAP_ALLOCATE|[18]|Bytes:12
16:26:10.0 (34574507)|CONSTRUCTOR_ENTRY|[18]|01p46000002wayn|<init>(Expense__c,Boolean)
16:26:10.0 (34586755)|VARIABLE_SCOPE_BEGIN|[83]|this|ExpenseController.ExpenseWrapper|true|false
16:26:10.0 (34610466)|VARIABLE_ASSIGNMENT|[83]|this|{}|0x57f315f6
16:26:10.0 (34613664)|VARIABLE_SCOPE_BEGIN|[83]|ex|Expense__c|true|false
16:26:10.0 (34627640)|VARIABLE_ASSIGNMENT|[83]|ex|{"Category__c":"Road Meals","RecordTypeId":"012460000005G1KAAU","Amount__c":8900,"Tax__c":1157.00,"Submitted__c":false,"Employee__c":"00346000002ojeGAAQ","Id":"a0F46000000FmUwEAK","RecordType":{"Name":"Client Meetings","Id":"012460000005G1KAAU"},"Employee__r":{"Id":"00346000002ojeGAAQ","Name":"Paolo Smith"}}|0x6ab57e9c
16:26:10.0 (34634107)|VARIABLE_SCOPE_BEGIN|[83]|check|Boolean|false|false
16:26:10.0 (34637170)|VARIABLE_ASSIGNMENT|[83]|check|false
16:26:10.0 (34641609)|STATEMENT_EXECUTE|[78]
16:26:10.0 (34643409)|STATEMENT_EXECUTE|[80]
16:26:10.0 (34644880)|STATEMENT_EXECUTE|[81]
16:26:10.0 (34661848)|STATEMENT_EXECUTE|[83]
16:26:10.0 (34663334)|STATEMENT_EXECUTE|[85]
16:26:10.0 (34716899)|VARIABLE_ASSIGNMENT|[EXTERNAL]|this|{}|0x57f315f6
16:26:10.0 (34732010)|VARIABLE_ASSIGNMENT|[EXTERNAL]|value|{"Category__c":"Road Meals","RecordTypeId":"012460000005G1KAAU","Amount__c":8900,"Tax__c":1157.00,"Submitted__c":false,"Employee__c":"00346000002ojeGAAQ","Id":"a0F46000000FmUwEAK","RecordType":{"Name":"Client Meetings","Id":"012460000005G1KAAU"},"Employee__r":{"Id":"00346000002ojeGAAQ","Name":"Paolo Smith"}}|0x6ab57e9c
16:26:10.0 (34746773)|VARIABLE_ASSIGNMENT|[80]|this.expense|{"Category__c":"Road Meals","RecordTypeId":"012460000005G1KAAU","Amount__c":8900,"Tax__c":1157.00,"Submitted__c":false,"Employee__c":"00346000002ojeGAAQ","Id":"a0F46000000FmUwEAK","RecordType":{"Name":"Client Meetings","Id":"012460000005G1KAAU"},"Employee__r":{"Id":"00346000002ojeGAAQ","Name":"Paolo Smith"}}|0x57f315f6
16:26:10.0 (34754281)|STATEMENT_EXECUTE|[86]
16:26:10.0 (34785396)|VARIABLE_ASSIGNMENT|[EXTERNAL]|this|{"expense":"0x6ab57e9c"}|0x57f315f6
16:26:10.0 (34791886)|VARIABLE_ASSIGNMENT|[EXTERNAL]|value|false
16:26:10.0 (34796071)|HEAP_ALLOCATE|[81]|Bytes:5
16:26:10.0 (34800646)|VARIABLE_ASSIGNMENT|[81]|this.checked|false|0x57f315f6
16:26:10.0 (34809516)|CONSTRUCTOR_EXIT|[18]|01p46000002wayn|<init>(Expense__c,Boolean)
16:26:10.0 (34821674)|HEAP_ALLOCATE|[EXTERNAL]|Bytes:4
16:26:10.0 (34831584)|HEAP_ALLOCATE|[16]|Bytes:5
16:26:10.0 (34853609)|HEAP_ALLOCATE|[16]|Bytes:36
16:26:10.0 (34859619)|VARIABLE_SCOPE_BEGIN|[16]|ex|Expense__c|true|false
16:26:10.0 (34885748)|VARIABLE_ASSIGNMENT|[16]|ex|{"RecordTypeId":"012460000005G1FAAU","Amount__c":3000,"Tax__c":390.00,"Submitted__c":true,"Employee__c":"00346000002ojVWAAY","Id":"a0F46000000Fp6rEAC","RecordType":{"Name":"Business Trips","Id":"012460000005G1FAAU"},"Employee__r":{"Id":"00346000002ojVWAAY","Name":"Carol Ruiz","Birthdate":"2017-10-09T00:00:00.000Z"}}|0xb075ab4
16:26:10.0 (34891219)|STATEMENT_EXECUTE|[16]
16:26:10.0 (34892523)|STATEMENT_EXECUTE|[18]
16:26:10.0 (34910596)|VARIABLE_ASSIGNMENT|[EXTERNAL]|this|{"queryString":"","wrappedExpenses":"0x7124ca7e"}|0x3a20e35b
16:26:10.0 (34918373)|HEAP_ALLOCATE|[18]|Bytes:12
16:26:10.0 (34926136)|CONSTRUCTOR_ENTRY|[18]|01p46000002wayn|<init>(Expense__c,Boolean)
16:26:10.0 (34929775)|VARIABLE_SCOPE_BEGIN|[83]|this|ExpenseController.ExpenseWrapper|true|false
16:26:10.0 (34937977)|VARIABLE_ASSIGNMENT|[83]|this|{}|0x1f31b6c0
16:26:10.0 (34939698)|VARIABLE_SCOPE_BEGIN|[83]|ex|Expense__c|true|false
16:26:10.0 (34954716)|VARIABLE_ASSIGNMENT|[83]|ex|{"RecordTypeId":"012460000005G1FAAU","Amount__c":3000,"Tax__c":390.00,"Submitted__c":true,"Employee__c":"00346000002ojVWAAY","Id":"a0F46000000Fp6rEAC","RecordType":{"Name":"Business Trips","Id":"012460000005G1FAAU"},"Employee__r":{"Id":"00346000002ojVWAAY","Name":"Carol Ruiz","Birthdate":"2017-10-09T00:00:00.000Z"}}|0xb075ab4
16:26:10.0 (34958960)|VARIABLE_SCOPE_BEGIN|[83]|check|Boolean|false|false
16:26:10.0 (34964405)|VARIABLE_ASSIGNMENT|[83]|check|false
16:26:10.0 (34967546)|STATEMENT_EXECUTE|[78]
16:26:10.0 (34968834)|STATEMENT_EXECUTE|[80]
16:26:10.0 (34970393)|STATEMENT_EXECUTE|[81]
16:26:10.0 (34979985)|STATEMENT_EXECUTE|[83]
16:26:10.0 (34981335)|STATEMENT_EXECUTE|[85]
16:26:10.0 (34991421)|VARIABLE_ASSIGNMENT|[EXTERNAL]|this|{}|0x1f31b6c0
16:26:10.0 (35006728)|VARIABLE_ASSIGNMENT|[EXTERNAL]|value|{"RecordTypeId":"012460000005G1FAAU","Amount__c":3000,"Tax__c":390.00,"Submitted__c":true,"Employee__c":"00346000002ojVWAAY","Id":"a0F46000000Fp6rEAC","RecordType":{"Name":"Business Trips","Id":"012460000005G1FAAU"},"Employee__r":{"Id":"00346000002ojVWAAY","Name":"Carol Ruiz","Birthdate":"2017-10-09T00:00:00.000Z"}}|0xb075ab4
16:26:10.0 (35023132)|VARIABLE_ASSIGNMENT|[80]|this.expense|{"RecordTypeId":"012460000005G1FAAU","Amount__c":3000,"Tax__c":390.00,"Submitted__c":true,"Employee__c":"00346000002ojVWAAY","Id":"a0F46000000Fp6rEAC","RecordType":{"Name":"Business Trips","Id":"012460000005G1FAAU"},"Employee__r":{"Id":"00346000002ojVWAAY","Name":"Carol Ruiz","Birthdate":"2017-10-09T00:00:00.000Z"}}|0x1f31b6c0
16:26:10.0 (35031312)|STATEMENT_EXECUTE|[86]
16:26:10.0 (35042245)|VARIABLE_ASSIGNMENT|[EXTERNAL]|this|{"expense":"0xb075ab4"}|0x1f31b6c0
16:26:10.0 (35046756)|VARIABLE_ASSIGNMENT|[EXTERNAL]|value|false
16:26:10.0 (35049585)|HEAP_ALLOCATE|[81]|Bytes:5
16:26:10.0 (35053217)|VARIABLE_ASSIGNMENT|[81]|this.checked|false|0x1f31b6c0
16:26:10.0 (35061092)|CONSTRUCTOR_EXIT|[18]|01p46000002wayn|<init>(Expense__c,Boolean)
16:26:10.0 (35067617)|HEAP_ALLOCATE|[EXTERNAL]|Bytes:4
16:26:10.0 (35078622)|HEAP_ALLOCATE|[16]|Bytes:5
16:26:10.0 (35097235)|HEAP_ALLOCATE|[16]|Bytes:40
16:26:10.0 (35102750)|VARIABLE_SCOPE_BEGIN|[16]|ex|Expense__c|true|false
16:26:10.0 (35122866)|VARIABLE_ASSIGNMENT|[16]|ex|{"Category__c":"Event Registration","RecordTypeId":"012460000005G1FAAU","Amount__c":3499,"Tax__c":454.87,"Submitted__c":true,"Employee__c":"00346000002ojVWAAY","Id":"a0F46000000Fp76EAC","RecordType":{"Name":"Business Trips","Id":"012460000005G1FAAU"},"Employee__r":{"Id":"00346000002ojVWAAY","Name":"Carol Ruiz","Birthdate":"2017-10-09T00:00:00.000Z"}}|0x4859e6f
16:26:10.0 (35132334)|STATEMENT_EXECUTE|[16]
16:26:10.0 (35133971)|STATEMENT_EXECUTE|[18]
16:26:10.0 (35150225)|VARIABLE_ASSIGNMENT|[EXTERNAL]|this|{"queryString":"","wrappedExpenses":"0x7124ca7e"}|0x3a20e35b
16:26:10.0 (35158270)|HEAP_ALLOCATE|[18]|Bytes:12
16:26:10.0 (35165533)|CONSTRUCTOR_ENTRY|[18]|01p46000002wayn|<init>(Expense__c,Boolean)
16:26:10.0 (35168279)|VARIABLE_SCOPE_BEGIN|[83]|this|ExpenseController.ExpenseWrapper|true|false
16:26:10.0 (35175839)|VARIABLE_ASSIGNMENT|[83]|this|{}|0x73599812
16:26:10.0 (35177381)|VARIABLE_SCOPE_BEGIN|[83]|ex|Expense__c|true|false
16:26:10.0 (35192627)|VARIABLE_ASSIGNMENT|[83]|ex|{"Category__c":"Event Registration","RecordTypeId":"012460000005G1FAAU","Amount__c":3499,"Tax__c":454.87,"Submitted__c":true,"Employee__c":"00346000002ojVWAAY","Id":"a0F46000000Fp76EAC","RecordType":{"Name":"Business Trips","Id":"012460000005G1FAAU"},"Employee__r":{"Id":"00346000002ojVWAAY","Name":"Carol Ruiz","Birthdate":"2017-10-09T00:00:00.000Z"}}|0x4859e6f
16:26:10.0 (35196870)|VARIABLE_SCOPE_BEGIN|[83]|check|Boolean|false|false
16:26:10.0 (35199286)|VARIABLE_ASSIGNMENT|[83]|check|false
16:26:10.0 (35202149)|STATEMENT_EXECUTE|[78]
16:26:10.0 (35203685)|STATEMENT_EXECUTE|[80]
16:26:10.0 (35205257)|STATEMENT_EXECUTE|[81]
16:26:10.0 (35214347)|STATEMENT_EXECUTE|[83]
16:26:10.0 (35215678)|STATEMENT_EXECUTE|[85]
16:26:10.0 (35225067)|VARIABLE_ASSIGNMENT|[EXTERNAL]|this|{}|0x73599812
16:26:10.0 (35239773)|VARIABLE_ASSIGNMENT|[EXTERNAL]|value|{"Category__c":"Event Registration","RecordTypeId":"012460000005G1FAAU","Amount__c":3499,"Tax__c":454.87,"Submitted__c":true,"Employee__c":"00346000002ojVWAAY","Id":"a0F46000000Fp76EAC","RecordType":{"Name":"Business Trips","Id":"012460000005G1FAAU"},"Employee__r":{"Id":"00346000002ojVWAAY","Name":"Carol Ruiz","Birthdate":"2017-10-09T00:00:00.000Z"}}|0x4859e6f
16:26:10.0 (35254664)|VARIABLE_ASSIGNMENT|[80]|this.expense|{"Category__c":"Event Registration","RecordTypeId":"012460000005G1FAAU","Amount__c":3499,"Tax__c":454.87,"Submitted__c":true,"Employee__c":"00346000002ojVWAAY","Id":"a0F46000000Fp76EAC","RecordType":{"Name":"Business Trips","Id":"012460000005G1FAAU"},"Employee__r":{"Id":"00346000002ojVWAAY","Name":"Carol Ruiz","Birthdate":"2017-10-09T00:00:00.000Z"}}|0x73599812
16:26:10.0 (35261030)|STATEMENT_EXECUTE|[86]
16:26:10.0 (35270944)|VARIABLE_ASSIGNMENT|[EXTERNAL]|this|{"expense":"0x4859e6f"}|0x73599812
16:26:10.0 (35274984)|VARIABLE_ASSIGNMENT|[EXTERNAL]|value|false
16:26:10.0 (35277636)|HEAP_ALLOCATE|[81]|Bytes:5
16:26:10.0 (35280748)|VARIABLE_ASSIGNMENT|[81]|this.checked|false|0x73599812
16:26:10.0 (35287817)|CONSTRUCTOR_EXIT|[18]|01p46000002wayn|<init>(Expense__c,Boolean)
16:26:10.0 (35294055)|HEAP_ALLOCATE|[EXTERNAL]|Bytes:4
16:26:10.0 (35301593)|HEAP_ALLOCATE|[16]|Bytes:5
16:26:10.0 (35318812)|HEAP_ALLOCATE|[16]|Bytes:40
16:26:10.0 (35323473)|VARIABLE_SCOPE_BEGIN|[16]|ex|Expense__c|true|false
16:26:10.0 (35336950)|VARIABLE_ASSIGNMENT|[16]|ex|{"Category__c":"Event Registration","RecordTypeId":"012460000005G1KAAU","Amount__c":5600,"Tax__c":728.00,"Submitted__c":false,"Employee__c":"00346000002oeLWAAY","Id":"a0F46000000FBc6EAG","RecordType":{"Name":"Client Meetings","Id":"012460000005G1KAAU"},"Employee__r":{"Id":"00346000002oeLWAAY","Name":"Paulo Acosta"}}|0x7ebd9d83
16:26:10.0 (35340814)|STATEMENT_EXECUTE|[16]
16:26:10.0 (35342317)|STATEMENT_EXECUTE|[18]
16:26:10.0 (35357208)|VARIABLE_ASSIGNMENT|[EXTERNAL]|this|{"queryString":"","wrappedExpenses":"0x7124ca7e"}|0x3a20e35b
16:26:10.0 (35363985)|HEAP_ALLOCATE|[18]|Bytes:12
16:26:10.0 (35370230)|CONSTRUCTOR_ENTRY|[18]|01p46000002wayn|<init>(Expense__c,Boolean)
16:26:10.0 (35372746)|VARIABLE_SCOPE_BEGIN|[83]|this|ExpenseController.ExpenseWrapper|true|false
16:26:10.0 (35379890)|VARIABLE_ASSIGNMENT|[83]|this|{}|0x72a43436
16:26:10.0 (35381392)|VARIABLE_SCOPE_BEGIN|[83]|ex|Expense__c|true|false
16:26:10.0 (35392380)|VARIABLE_ASSIGNMENT|[83]|ex|{"Category__c":"Event Registration","RecordTypeId":"012460000005G1KAAU","Amount__c":5600,"Tax__c":728.00,"Submitted__c":false,"Employee__c":"00346000002oeLWAAY","Id":"a0F46000000FBc6EAG","RecordType":{"Name":"Client Meetings","Id":"012460000005G1KAAU"},"Employee__r":{"Id":"00346000002oeLWAAY","Name":"Paulo Acosta"}}|0x7ebd9d83
16:26:10.0 (35396497)|VARIABLE_SCOPE_BEGIN|[83]|check|Boolean|false|false
16:26:10.0 (35398685)|VARIABLE_ASSIGNMENT|[83]|check|false
16:26:10.0 (35401380)|STATEMENT_EXECUTE|[78]
16:26:10.0 (35402627)|STATEMENT_EXECUTE|[80]
16:26:10.0 (35403990)|STATEMENT_EXECUTE|[81]
16:26:10.0 (35411456)|STATEMENT_EXECUTE|[83]
16:26:10.0 (35412741)|STATEMENT_EXECUTE|[85]
16:26:10.0 (35421415)|VARIABLE_ASSIGNMENT|[EXTERNAL]|this|{}|0x72a43436
16:26:10.0 (35431682)|VARIABLE_ASSIGNMENT|[EXTERNAL]|value|{"Category__c":"Event Registration","RecordTypeId":"012460000005G1KAAU","Amount__c":5600,"Tax__c":728.00,"Submitted__c":false,"Employee__c":"00346000002oeLWAAY","Id":"a0F46000000FBc6EAG","RecordType":{"Name":"Client Meetings","Id":"012460000005G1KAAU"},"Employee__r":{"Id":"00346000002oeLWAAY","Name":"Paulo Acosta"}}|0x7ebd9d83
16:26:10.0 (35444331)|VARIABLE_ASSIGNMENT|[80]|this.expense|{"Category__c":"Event Registration","RecordTypeId":"012460000005G1KAAU","Amount__c":5600,"Tax__c":728.00,"Submitted__c":false,"Employee__c":"00346000002oeLWAAY","Id":"a0F46000000FBc6EAG","RecordType":{"Name":"Client Meetings","Id":"012460000005G1KAAU"},"Employee__r":{"Id":"00346000002oeLWAAY","Name":"Paulo Acosta"}}|0x72a43436
16:26:10.0 (35449423)|STATEMENT_EXECUTE|[86]
16:26:10.0 (35458044)|VARIABLE_ASSIGNMENT|[EXTERNAL]|this|{"expense":"0x7ebd9d83"}|0x72a43436
16:26:10.0 (35461834)|VARIABLE_ASSIGNMENT|[EXTERNAL]|value|false
16:26:10.0 (35464322)|HEAP_ALLOCATE|[81]|Bytes:5
16:26:10.0 (35467420)|VARIABLE_ASSIGNMENT|[81]|this.checked|false|0x72a43436
16:26:10.0 (35473957)|CONSTRUCTOR_EXIT|[18]|01p46000002wayn|<init>(Expense__c,Boolean)
16:26:10.0 (35479210)|HEAP_ALLOCATE|[EXTERNAL]|Bytes:4
16:26:10.0 (35486360)|HEAP_ALLOCATE|[16]|Bytes:5
16:26:10.0 (35501901)|HEAP_ALLOCATE|[16]|Bytes:40
16:26:10.0 (35506512)|VARIABLE_SCOPE_BEGIN|[16]|ex|Expense__c|true|false
16:26:10.0 (35524303)|VARIABLE_ASSIGNMENT|[16]|ex|{"Category__c":"Transportation","RecordTypeId":"012460000005G1FAAU","Amount__c":3500,"Tax__c":455.00,"Submitted__c":false,"Employee__c":"00346000002ojVWAAY","Id":"a0F46000000FBblEAG","RecordType":{"Name":"Business Trips","Id":"012460000005G1FAAU"},"Employee__r":{"Id":"00346000002ojVWAAY","Name":"Carol Ruiz","Birthdate":"2017-10-09T00:00:00.000Z"}}|0x3fbd5d56
16:26:10.0 (35528736)|STATEMENT_EXECUTE|[16]
16:26:10.0 (35530271)|STATEMENT_EXECUTE|[18]
16:26:10.0 (35544517)|VARIABLE_ASSIGNMENT|[EXTERNAL]|this|{"queryString":"","wrappedExpenses":"0x7124ca7e"}|0x3a20e35b
16:26:10.0 (35550824)|HEAP_ALLOCATE|[18]|Bytes:12
16:26:10.0 (35557512)|CONSTRUCTOR_ENTRY|[18]|01p46000002wayn|<init>(Expense__c,Boolean)
16:26:10.0 (35559902)|VARIABLE_SCOPE_BEGIN|[83]|this|ExpenseController.ExpenseWrapper|true|false
16:26:10.0 (35567262)|VARIABLE_ASSIGNMENT|[83]|this|{}|0x233307a2
16:26:10.0 (35568862)|VARIABLE_SCOPE_BEGIN|[83]|ex|Expense__c|true|false
16:26:10.0 (35582478)|VARIABLE_ASSIGNMENT|[83]|ex|{"Category__c":"Transportation","RecordTypeId":"012460000005G1FAAU","Amount__c":3500,"Tax__c":455.00,"Submitted__c":false,"Employee__c":"00346000002ojVWAAY","Id":"a0F46000000FBblEAG","RecordType":{"Name":"Business Trips","Id":"012460000005G1FAAU"},"Employee__r":{"Id":"00346000002ojVWAAY","Name":"Carol Ruiz","Birthdate":"2017-10-09T00:00:00.000Z"}}|0x3fbd5d56
16:26:10.0 (35586444)|VARIABLE_SCOPE_BEGIN|[83]|check|Boolean|false|false
16:26:10.0 (35588751)|VARIABLE_ASSIGNMENT|[83]|check|false
16:26:10.0 (35591519)|STATEMENT_EXECUTE|[78]
16:26:10.0 (35592754)|STATEMENT_EXECUTE|[80]
16:26:10.0 (35594436)|STATEMENT_EXECUTE|[81]
16:26:10.0 (35602560)|STATEMENT_EXECUTE|[83]
16:26:10.0 (35603845)|STATEMENT_EXECUTE|[85]
16:26:10.0 (35612924)|VARIABLE_ASSIGNMENT|[EXTERNAL]|this|{}|0x233307a2
16:26:10.0 (35626500)|VARIABLE_ASSIGNMENT|[EXTERNAL]|value|{"Category__c":"Transportation","RecordTypeId":"012460000005G1FAAU","Amount__c":3500,"Tax__c":455.00,"Submitted__c":false,"Employee__c":"00346000002ojVWAAY","Id":"a0F46000000FBblEAG","RecordType":{"Name":"Business Trips","Id":"012460000005G1FAAU"},"Employee__r":{"Id":"00346000002ojVWAAY","Name":"Carol Ruiz","Birthdate":"2017-10-09T00:00:00.000Z"}}|0x3fbd5d56
16:26:10.0 (35644213)|VARIABLE_ASSIGNMENT|[80]|this.expense|{"Category__c":"Transportation","RecordTypeId":"012460000005G1FAAU","Amount__c":3500,"Tax__c":455.00,"Submitted__c":false,"Employee__c":"00346000002ojVWAAY","Id":"a0F46000000FBblEAG","RecordType":{"Name":"Business Trips","Id":"012460000005G1FAAU"},"Employee__r":{"Id":"00346000002ojVWAAY","Name":"Carol Ruiz","Birthdate":"2017-10-09T00:00:00.000Z"}}|0x233307a2
16:26:10.0 (35650801)|STATEMENT_EXECUTE|[86]
16:26:10.0 (35660602)|VARIABLE_ASSIGNMENT|[EXTERNAL]|this|{"expense":"0x3fbd5d56"}|0x233307a2
16:26:10.0 (35664538)|VARIABLE_ASSIGNMENT|[EXTERNAL]|value|false
16:26:10.0 (35667167)|HEAP_ALLOCATE|[81]|Bytes:5
16:26:10.0 (35670329)|VARIABLE_ASSIGNMENT|[81]|this.checked|false|0x233307a2
16:26:10.0 (35677106)|CONSTRUCTOR_EXIT|[18]|01p46000002wayn|<init>(Expense__c,Boolean)
16:26:10.0 (35682789)|HEAP_ALLOCATE|[EXTERNAL]|Bytes:4
16:26:10.0 (35689927)|HEAP_ALLOCATE|[16]|Bytes:5
16:26:10.0 (35697427)|VARIABLE_ASSIGNMENT|[16]|ex|null|
16:26:10.0 (35701214)|STATEMENT_EXECUTE|[21]
16:26:10.0 (35725869)|VARIABLE_ASSIGNMENT|[EXTERNAL]|this|{"queryString":"","wrappedExpenses":"0x7124ca7e"}|0x3a20e35b
16:26:10.0 (49375762)|VF_SERIALIZE_VIEWSTATE_BEGIN|06646000001BW08
16:26:10.0 (59572081)|VF_SERIALIZE_VIEWSTATE_END
16:26:10.0 (74727045)|CODE_UNIT_STARTED|[EXTERNAL]|Generate Metadata
16:26:10.0 (76525927)|CODE_UNIT_FINISHED|Generate Metadata
16:26:10.78 (78893688)|CUMULATIVE_LIMIT_USAGE
16:26:10.78 (78893688)|LIMIT_USAGE_FOR_NS|(default)|
  Number of SOQL queries: 1 out of 100
  Number of query rows: 5 out of 50000
  Number of SOSL queries: 0 out of 20
  Number of DML statements: 0 out of 150
  Number of DML rows: 0 out of 10000
  Maximum CPU time: 0 out of 10000
  Maximum heap size: 0 out of 6000000
  Number of callouts: 0 out of 100
  Number of Email Invocations: 0 out of 10
  Number of future calls: 0 out of 50
  Number of queueable jobs added to the queue: 0 out of 50
  Number of Mobile Apex push calls: 0 out of 10

16:26:10.78 (78893688)|CUMULATIVE_LIMIT_USAGE_END

16:26:10.0 (78929922)|CODE_UNIT_FINISHED|VF: /apex/ListOfEmployees
16:26:10.0 (79892776)|EXECUTION_FINISHED
