39.0 APEX_CODE,FINEST;APEX_PROFILING,INFO;CALLOUT,INFO;DB,INFO;SYSTEM,DEBUG;VALIDATION,INFO;VISUALFORCE,INFO;WAVE,INFO;WORKFLOW,INFO
17:48:36.0 (740568)|USER_INFO|[EXTERNAL]|00546000000Iihs|pacosta@altimetrik.com|Argentine Time|GMT-03:00
17:48:36.0 (771895)|EXECUTION_STARTED
17:48:36.0 (776359)|CODE_UNIT_STARTED|[EXTERNAL]|01p46000002uY2r|TemperatureConverterTest.testBoilingPoint
17:48:36.0 (1142056)|HEAP_ALLOCATE|[72]|Bytes:3
17:48:36.0 (1172103)|HEAP_ALLOCATE|[77]|Bytes:152
17:48:36.0 (1184856)|HEAP_ALLOCATE|[342]|Bytes:408
17:48:36.0 (1197322)|HEAP_ALLOCATE|[355]|Bytes:408
17:48:36.0 (1208580)|HEAP_ALLOCATE|[467]|Bytes:48
17:48:36.0 (1236508)|HEAP_ALLOCATE|[139]|Bytes:6
17:48:36.0 (1249822)|HEAP_ALLOCATE|[EXTERNAL]|Bytes:21
17:48:36.0 (1258281)|METHOD_ENTRY|[2]|01p46000002uY2r|TemperatureConverterTest.TemperatureConverterTest()
17:48:36.0 (1262516)|STATEMENT_EXECUTE|[2]
17:48:36.0 (1267766)|STATEMENT_EXECUTE|[2]
17:48:36.0 (1271463)|METHOD_EXIT|[2]|TemperatureConverterTest
17:48:36.0 (1306064)|HEAP_ALLOCATE|[50]|Bytes:5
17:48:36.0 (1325489)|HEAP_ALLOCATE|[56]|Bytes:5
17:48:36.0 (1331002)|HEAP_ALLOCATE|[64]|Bytes:7
17:48:36.0 (1364945)|STATEMENT_EXECUTE|[14]
17:48:36.0 (1366997)|STATEMENT_EXECUTE|[15]
17:48:36.0 (1393739)|HEAP_ALLOCATE|[15]|Bytes:28
17:48:36.0 (3243414)|HEAP_ALLOCATE|[15]|Bytes:1
17:48:36.0 (3259580)|METHOD_ENTRY|[1]|01p46000002uXqO|TemperatureConverter.TemperatureConverter()
17:48:36.0 (3263182)|STATEMENT_EXECUTE|[1]
17:48:36.0 (3268540)|STATEMENT_EXECUTE|[1]
17:48:36.0 (3272629)|METHOD_EXIT|[1]|TemperatureConverter
17:48:36.0 (3294721)|METHOD_ENTRY|[15]|01p46000002uXqO|TemperatureConverter.FahrenheitToCelsius(Decimal)
17:48:36.0 (3315162)|VARIABLE_SCOPE_BEGIN|[4]|fh|Decimal|false|false
17:48:36.0 (3334642)|VARIABLE_ASSIGNMENT|[4]|fh|212
17:48:36.0 (3344729)|STATEMENT_EXECUTE|[4]
17:48:36.0 (3346189)|STATEMENT_EXECUTE|[5]
17:48:36.0 (3369968)|HEAP_ALLOCATE|[5]|Bytes:28
17:48:36.0 (3439686)|HEAP_ALLOCATE|[5]|Bytes:28
17:48:36.0 (3463283)|HEAP_ALLOCATE|[5]|Bytes:28
17:48:36.0 (3464991)|HEAP_ALLOCATE|[5]|Bytes:28
17:48:36.0 (3492856)|HEAP_ALLOCATE|[5]|Bytes:28
17:48:36.0 (3509177)|HEAP_ALLOCATE|[5]|Bytes:28
17:48:36.0 (3512182)|HEAP_ALLOCATE|[5]|Bytes:28
17:48:36.0 (3566937)|HEAP_ALLOCATE|[5]|Bytes:28
17:48:36.0 (3569257)|HEAP_ALLOCATE|[5]|Bytes:28
17:48:36.0 (3586777)|VARIABLE_SCOPE_BEGIN|[5]|cs|Decimal|false|false
17:48:36.0 (3596960)|VARIABLE_ASSIGNMENT|[5]|cs|100
17:48:36.0 (3601408)|STATEMENT_EXECUTE|[6]
17:48:36.0 (3635826)|HEAP_ALLOCATE|[6]|Bytes:28
17:48:36.0 (3646768)|METHOD_EXIT|[15]|01p46000002uXqO|TemperatureConverter.FahrenheitToCelsius(Decimal)
17:48:36.0 (3652652)|VARIABLE_SCOPE_BEGIN|[15]|celsius|Decimal|false|false
17:48:36.0 (3658599)|VARIABLE_ASSIGNMENT|[15]|celsius|100.00
17:48:36.0 (3661234)|STATEMENT_EXECUTE|[16]
17:48:36.0 (3665348)|HEAP_ALLOCATE|[16]|Bytes:42
17:48:36.0 (3775608)|EXCEPTION_THROWN|[16]|System.AssertException: Assertion Failed: Boiling point temperature is not expected.: Expected: 0, Actual: 100.00
17:48:36.0 (3863546)|HEAP_ALLOCATE|[16]|Bytes:93
17:48:36.0 (4067326)|FATAL_ERROR|System.AssertException: Assertion Failed: Boiling point temperature is not expected.: Expected: 0, Actual: 100.00

Class.TemperatureConverterTest.testBoilingPoint: line 16, column 1
17:48:36.0 (4078502)|FATAL_ERROR|System.AssertException: Assertion Failed: Boiling point temperature is not expected.: Expected: 0, Actual: 100.00

Class.TemperatureConverterTest.testBoilingPoint: line 16, column 1
17:48:36.4 (4094314)|CUMULATIVE_LIMIT_USAGE
17:48:36.4 (4094314)|LIMIT_USAGE_FOR_NS|(default)|
  Number of SOQL queries: 0 out of 100
  Number of query rows: 0 out of 50000
  Number of SOSL queries: 0 out of 20
  Number of DML statements: 0 out of 150
  Number of DML rows: 0 out of 10000
  Maximum CPU time: 0 out of 10000
  Maximum heap size: 0 out of 6000000
  Number of callouts: 0 out of 100
  Number of Email Invocations: 0 out of 10
  Number of future calls: 0 out of 50
  Number of queueable jobs added to the queue: 0 out of 50
  Number of Mobile Apex push calls: 0 out of 10

17:48:36.4 (4094314)|CUMULATIVE_LIMIT_USAGE_END

17:48:36.0 (4126429)|CODE_UNIT_FINISHED|TemperatureConverterTest.testBoilingPoint
17:48:36.0 (4885059)|EXECUTION_FINISHED
17:48:36.30 (30118475)|USER_INFO|[EXTERNAL]|00546000000Iihs|pacosta@altimetrik.com|Argentine Time|GMT-03:00
17:48:36.30 (30130571)|EXECUTION_STARTED
17:48:36.30 (30136073)|CODE_UNIT_STARTED|[EXTERNAL]|01p46000002uY2r|TemperatureConverterTest.testFreezingPoint
17:48:36.30 (30237987)|HEAP_ALLOCATE|[72]|Bytes:3
17:48:36.30 (30263800)|HEAP_ALLOCATE|[77]|Bytes:152
17:48:36.30 (30277034)|HEAP_ALLOCATE|[342]|Bytes:408
17:48:36.30 (30288963)|HEAP_ALLOCATE|[355]|Bytes:408
17:48:36.30 (30300294)|HEAP_ALLOCATE|[467]|Bytes:48
17:48:36.30 (30324549)|HEAP_ALLOCATE|[139]|Bytes:6
17:48:36.30 (30335708)|HEAP_ALLOCATE|[EXTERNAL]|Bytes:21
17:48:36.30 (30343050)|METHOD_ENTRY|[2]|01p46000002uY2r|TemperatureConverterTest.TemperatureConverterTest()
17:48:36.30 (30346654)|STATEMENT_EXECUTE|[2]
17:48:36.30 (30351460)|STATEMENT_EXECUTE|[2]
17:48:36.30 (30355164)|METHOD_EXIT|[2]|TemperatureConverterTest
17:48:36.30 (30375995)|HEAP_ALLOCATE|[50]|Bytes:5
17:48:36.30 (30393154)|HEAP_ALLOCATE|[56]|Bytes:5
17:48:36.30 (30398619)|HEAP_ALLOCATE|[64]|Bytes:7
17:48:36.30 (30430978)|STATEMENT_EXECUTE|[9]
17:48:36.30 (30432887)|STATEMENT_EXECUTE|[10]
17:48:36.30 (30455305)|HEAP_ALLOCATE|[10]|Bytes:28
17:48:36.30 (30463535)|HEAP_ALLOCATE|[10]|Bytes:1
17:48:36.30 (30467872)|METHOD_ENTRY|[1]|01p46000002uXqO|TemperatureConverter.TemperatureConverter()
17:48:36.30 (30469998)|STATEMENT_EXECUTE|[1]
17:48:36.30 (30472448)|STATEMENT_EXECUTE|[1]
17:48:36.30 (30474990)|METHOD_EXIT|[1]|TemperatureConverter
17:48:36.30 (30483206)|METHOD_ENTRY|[10]|01p46000002uXqO|TemperatureConverter.FahrenheitToCelsius(Decimal)
17:48:36.30 (30498431)|VARIABLE_SCOPE_BEGIN|[4]|fh|Decimal|false|false
17:48:36.30 (30513272)|VARIABLE_ASSIGNMENT|[4]|fh|32
17:48:36.30 (30521741)|STATEMENT_EXECUTE|[4]
17:48:36.30 (30523161)|STATEMENT_EXECUTE|[5]
17:48:36.30 (30529073)|HEAP_ALLOCATE|[5]|Bytes:28
17:48:36.30 (30565007)|HEAP_ALLOCATE|[5]|Bytes:28
17:48:36.30 (30567787)|HEAP_ALLOCATE|[5]|Bytes:28
17:48:36.30 (30579461)|HEAP_ALLOCATE|[5]|Bytes:28
17:48:36.30 (30580870)|HEAP_ALLOCATE|[5]|Bytes:28
17:48:36.30 (30594558)|HEAP_ALLOCATE|[5]|Bytes:28
17:48:36.30 (30595983)|HEAP_ALLOCATE|[5]|Bytes:28
17:48:36.30 (30602697)|HEAP_ALLOCATE|[5]|Bytes:28
17:48:36.30 (30603991)|HEAP_ALLOCATE|[5]|Bytes:28
17:48:36.30 (30618526)|HEAP_ALLOCATE|[5]|Bytes:28
17:48:36.30 (30619988)|HEAP_ALLOCATE|[5]|Bytes:28
17:48:36.30 (30625971)|VARIABLE_SCOPE_BEGIN|[5]|cs|Decimal|false|false
17:48:36.30 (30632248)|VARIABLE_ASSIGNMENT|[5]|cs|0
17:48:36.30 (30634962)|STATEMENT_EXECUTE|[6]
17:48:36.30 (30653465)|HEAP_ALLOCATE|[6]|Bytes:28
17:48:36.30 (30655619)|HEAP_ALLOCATE|[6]|Bytes:28
17:48:36.30 (30663738)|METHOD_EXIT|[10]|01p46000002uXqO|TemperatureConverter.FahrenheitToCelsius(Decimal)
17:48:36.30 (30666847)|VARIABLE_SCOPE_BEGIN|[10]|celsius|Decimal|false|false
17:48:36.30 (30671597)|VARIABLE_ASSIGNMENT|[10]|celsius|0.00
17:48:36.30 (30673931)|STATEMENT_EXECUTE|[11]
17:48:36.30 (30715046)|CUMULATIVE_LIMIT_USAGE
17:48:36.30 (30715046)|LIMIT_USAGE_FOR_NS|(default)|
  Number of SOQL queries: 0 out of 100
  Number of query rows: 0 out of 50000
  Number of SOSL queries: 0 out of 20
  Number of DML statements: 0 out of 150
  Number of DML rows: 0 out of 10000
  Maximum CPU time: 0 out of 10000
  Maximum heap size: 0 out of 6000000
  Number of callouts: 0 out of 100
  Number of Email Invocations: 0 out of 10
  Number of future calls: 0 out of 50
  Number of queueable jobs added to the queue: 0 out of 50
  Number of Mobile Apex push calls: 0 out of 10

17:48:36.30 (30715046)|CUMULATIVE_LIMIT_USAGE_END

17:48:36.30 (30743616)|CODE_UNIT_FINISHED|TemperatureConverterTest.testFreezingPoint
17:48:36.30 (31478823)|EXECUTION_FINISHED
17:48:36.39 (39823231)|USER_INFO|[EXTERNAL]|00546000000Iihs|pacosta@altimetrik.com|Argentine Time|GMT-03:00
17:48:36.39 (39833452)|EXECUTION_STARTED
17:48:36.39 (39837448)|CODE_UNIT_STARTED|[EXTERNAL]|01p46000002uY2r|TemperatureConverterTest.testNegativeTemp
17:48:36.39 (39923327)|HEAP_ALLOCATE|[72]|Bytes:3
17:48:36.39 (39952289)|HEAP_ALLOCATE|[77]|Bytes:152
17:48:36.39 (39968833)|HEAP_ALLOCATE|[342]|Bytes:408
17:48:36.39 (39989820)|HEAP_ALLOCATE|[355]|Bytes:408
17:48:36.39 (40008566)|HEAP_ALLOCATE|[467]|Bytes:48
17:48:36.39 (40044566)|HEAP_ALLOCATE|[139]|Bytes:6
17:48:36.39 (40066613)|HEAP_ALLOCATE|[EXTERNAL]|Bytes:21
17:48:36.39 (40076518)|METHOD_ENTRY|[2]|01p46000002uY2r|TemperatureConverterTest.TemperatureConverterTest()
17:48:36.39 (40081050)|STATEMENT_EXECUTE|[2]
17:48:36.39 (40087473)|STATEMENT_EXECUTE|[2]
17:48:36.39 (40092177)|METHOD_EXIT|[2]|TemperatureConverterTest
17:48:36.39 (40117929)|HEAP_ALLOCATE|[50]|Bytes:5
17:48:36.39 (40137166)|HEAP_ALLOCATE|[56]|Bytes:5
17:48:36.39 (40142640)|HEAP_ALLOCATE|[64]|Bytes:7
17:48:36.39 (40168750)|STATEMENT_EXECUTE|[19]
17:48:36.39 (40170609)|STATEMENT_EXECUTE|[20]
17:48:36.39 (40188716)|HEAP_ALLOCATE|[20]|Bytes:28
17:48:36.39 (40196020)|HEAP_ALLOCATE|[20]|Bytes:1
17:48:36.39 (40200700)|METHOD_ENTRY|[1]|01p46000002uXqO|TemperatureConverter.TemperatureConverter()
17:48:36.39 (40203827)|STATEMENT_EXECUTE|[1]
17:48:36.39 (40206397)|STATEMENT_EXECUTE|[1]
17:48:36.39 (40209031)|METHOD_EXIT|[1]|TemperatureConverter
17:48:36.39 (40216306)|METHOD_ENTRY|[20]|01p46000002uXqO|TemperatureConverter.FahrenheitToCelsius(Decimal)
17:48:36.39 (40229572)|VARIABLE_SCOPE_BEGIN|[4]|fh|Decimal|false|false
17:48:36.39 (40243268)|VARIABLE_ASSIGNMENT|[4]|fh|-10
17:48:36.39 (40251309)|STATEMENT_EXECUTE|[4]
17:48:36.39 (40252863)|STATEMENT_EXECUTE|[5]
17:48:36.39 (40259032)|HEAP_ALLOCATE|[5]|Bytes:28
17:48:36.39 (40286286)|HEAP_ALLOCATE|[5]|Bytes:28
17:48:36.39 (40301577)|HEAP_ALLOCATE|[5]|Bytes:28
17:48:36.39 (40303183)|HEAP_ALLOCATE|[5]|Bytes:28
17:48:36.39 (40316701)|HEAP_ALLOCATE|[5]|Bytes:28
17:48:36.39 (40323693)|HEAP_ALLOCATE|[5]|Bytes:28
17:48:36.39 (40325046)|HEAP_ALLOCATE|[5]|Bytes:28
17:48:36.39 (40358906)|HEAP_ALLOCATE|[5]|Bytes:28
17:48:36.39 (40361990)|HEAP_ALLOCATE|[5]|Bytes:28
17:48:36.39 (40370076)|VARIABLE_SCOPE_BEGIN|[5]|cs|Decimal|false|false
17:48:36.39 (40385252)|VARIABLE_ASSIGNMENT|[5]|cs|-23.3333333333333333333333333333333
17:48:36.39 (40388233)|STATEMENT_EXECUTE|[6]
17:48:36.39 (40408612)|HEAP_ALLOCATE|[6]|Bytes:28
17:48:36.39 (40417439)|METHOD_EXIT|[20]|01p46000002uXqO|TemperatureConverter.FahrenheitToCelsius(Decimal)
17:48:36.39 (40425297)|VARIABLE_SCOPE_BEGIN|[20]|celsius|Decimal|false|false
17:48:36.39 (40430267)|VARIABLE_ASSIGNMENT|[20]|celsius|-23.33
17:48:36.39 (40432731)|STATEMENT_EXECUTE|[21]
17:48:36.39 (40436256)|HEAP_ALLOCATE|[21]|Bytes:5
17:48:36.39 (40443823)|HEAP_ALLOCATE|[21]|Bytes:28
17:48:36.39 (40468419)|HEAP_ALLOCATE|[21]|Bytes:28
17:48:36.40 (40501274)|CUMULATIVE_LIMIT_USAGE
17:48:36.40 (40501274)|LIMIT_USAGE_FOR_NS|(default)|
  Number of SOQL queries: 0 out of 100
  Number of query rows: 0 out of 50000
  Number of SOSL queries: 0 out of 20
  Number of DML statements: 0 out of 150
  Number of DML rows: 0 out of 10000
  Maximum CPU time: 0 out of 10000
  Maximum heap size: 0 out of 6000000
  Number of callouts: 0 out of 100
  Number of Email Invocations: 0 out of 10
  Number of future calls: 0 out of 50
  Number of queueable jobs added to the queue: 0 out of 50
  Number of Mobile Apex push calls: 0 out of 10

17:48:36.40 (40501274)|CUMULATIVE_LIMIT_USAGE_END

17:48:36.39 (40528221)|CODE_UNIT_FINISHED|TemperatureConverterTest.testNegativeTemp
17:48:36.39 (41254110)|EXECUTION_FINISHED
17:48:36.49 (49777531)|USER_INFO|[EXTERNAL]|00546000000Iihs|pacosta@altimetrik.com|Argentine Time|GMT-03:00
17:48:36.49 (49787245)|EXECUTION_STARTED
17:48:36.49 (49792265)|CODE_UNIT_STARTED|[EXTERNAL]|01p46000002uY2r|TemperatureConverterTest.testWarmTemp
17:48:36.49 (49884718)|HEAP_ALLOCATE|[72]|Bytes:3
17:48:36.49 (49907684)|HEAP_ALLOCATE|[77]|Bytes:152
17:48:36.49 (49922882)|HEAP_ALLOCATE|[342]|Bytes:408
17:48:36.49 (49944149)|HEAP_ALLOCATE|[355]|Bytes:408
17:48:36.49 (49963551)|HEAP_ALLOCATE|[467]|Bytes:48
17:48:36.49 (49993795)|HEAP_ALLOCATE|[139]|Bytes:6
17:48:36.49 (50013564)|HEAP_ALLOCATE|[EXTERNAL]|Bytes:21
17:48:36.49 (50022016)|METHOD_ENTRY|[2]|01p46000002uY2r|TemperatureConverterTest.TemperatureConverterTest()
17:48:36.49 (50026487)|STATEMENT_EXECUTE|[2]
17:48:36.49 (50031819)|STATEMENT_EXECUTE|[2]
17:48:36.49 (50035716)|METHOD_EXIT|[2]|TemperatureConverterTest
17:48:36.49 (50058709)|HEAP_ALLOCATE|[50]|Bytes:5
17:48:36.49 (50083689)|HEAP_ALLOCATE|[56]|Bytes:5
17:48:36.49 (50092159)|HEAP_ALLOCATE|[64]|Bytes:7
17:48:36.49 (50123890)|STATEMENT_EXECUTE|[4]
17:48:36.49 (50126678)|STATEMENT_EXECUTE|[5]
17:48:36.49 (50147185)|HEAP_ALLOCATE|[5]|Bytes:28
17:48:36.49 (50158269)|HEAP_ALLOCATE|[5]|Bytes:1
17:48:36.49 (50164858)|METHOD_ENTRY|[1]|01p46000002uXqO|TemperatureConverter.TemperatureConverter()
17:48:36.49 (50168410)|STATEMENT_EXECUTE|[1]
17:48:36.49 (50171806)|STATEMENT_EXECUTE|[1]
17:48:36.49 (50175696)|METHOD_EXIT|[1]|TemperatureConverter
17:48:36.49 (50184877)|METHOD_ENTRY|[5]|01p46000002uXqO|TemperatureConverter.FahrenheitToCelsius(Decimal)
17:48:36.49 (50201328)|VARIABLE_SCOPE_BEGIN|[4]|fh|Decimal|false|false
17:48:36.49 (50216301)|VARIABLE_ASSIGNMENT|[4]|fh|70
17:48:36.49 (50227629)|STATEMENT_EXECUTE|[4]
17:48:36.49 (50229597)|STATEMENT_EXECUTE|[5]
17:48:36.49 (50238791)|HEAP_ALLOCATE|[5]|Bytes:28
17:48:36.49 (50273147)|HEAP_ALLOCATE|[5]|Bytes:28
17:48:36.49 (50296219)|HEAP_ALLOCATE|[5]|Bytes:28
17:48:36.49 (50299032)|HEAP_ALLOCATE|[5]|Bytes:28
17:48:36.49 (50318991)|HEAP_ALLOCATE|[5]|Bytes:28
17:48:36.49 (50337013)|HEAP_ALLOCATE|[5]|Bytes:28
17:48:36.49 (50339603)|HEAP_ALLOCATE|[5]|Bytes:28
17:48:36.49 (50393891)|HEAP_ALLOCATE|[5]|Bytes:28
17:48:36.49 (50397776)|HEAP_ALLOCATE|[5]|Bytes:28
17:48:36.49 (50410748)|VARIABLE_SCOPE_BEGIN|[5]|cs|Decimal|false|false
17:48:36.49 (50431833)|VARIABLE_ASSIGNMENT|[5]|cs|21.1111111111111111111111111111111
17:48:36.49 (50436502)|STATEMENT_EXECUTE|[6]
17:48:36.49 (50472221)|HEAP_ALLOCATE|[6]|Bytes:28
17:48:36.49 (50490216)|METHOD_EXIT|[5]|01p46000002uXqO|TemperatureConverter.FahrenheitToCelsius(Decimal)
17:48:36.49 (50495521)|VARIABLE_SCOPE_BEGIN|[5]|celsius|Decimal|false|false
17:48:36.49 (50506908)|VARIABLE_ASSIGNMENT|[5]|celsius|21.11
17:48:36.49 (50511524)|STATEMENT_EXECUTE|[6]
17:48:36.49 (50516650)|HEAP_ALLOCATE|[6]|Bytes:5
17:48:36.49 (50529599)|HEAP_ALLOCATE|[6]|Bytes:28
17:48:36.50 (50581094)|CUMULATIVE_LIMIT_USAGE
17:48:36.50 (50581094)|LIMIT_USAGE_FOR_NS|(default)|
  Number of SOQL queries: 0 out of 100
  Number of query rows: 0 out of 50000
  Number of SOSL queries: 0 out of 20
  Number of DML statements: 0 out of 150
  Number of DML rows: 0 out of 10000
  Maximum CPU time: 0 out of 10000
  Maximum heap size: 0 out of 6000000
  Number of callouts: 0 out of 100
  Number of Email Invocations: 0 out of 10
  Number of future calls: 0 out of 50
  Number of queueable jobs added to the queue: 0 out of 50
  Number of Mobile Apex push calls: 0 out of 10

17:48:36.50 (50581094)|CUMULATIVE_LIMIT_USAGE_END

17:48:36.49 (50617340)|CODE_UNIT_FINISHED|TemperatureConverterTest.testWarmTemp
17:48:36.49 (51398044)|EXECUTION_FINISHED
