39.0 APEX_CODE,FINEST;APEX_PROFILING,INFO;CALLOUT,INFO;DB,INFO;SYSTEM,DEBUG;VALIDATION,INFO;VISUALFORCE,INFO;WAVE,INFO;WORKFLOW,INFO
17:17:22.0 (289608)|USER_INFO|[EXTERNAL]|00546000000Iihs|pacosta@altimetrik.com|Argentine Time|GMT-03:00
17:17:22.0 (312475)|EXECUTION_STARTED
17:17:22.0 (316660)|CODE_UNIT_STARTED|[EXTERNAL]|TRIGGERS
17:17:22.0 (341655)|CODE_UNIT_STARTED|[EXTERNAL]|01q46000000QfG6|CreateExpense on Expense trigger event BeforeInsert for [new]
17:17:22.0 (385188)|HEAP_ALLOCATE|[EXTERNAL]|Bytes:8
17:17:22.0 (703953)|HEAP_ALLOCATE|[72]|Bytes:3
17:17:22.0 (739108)|HEAP_ALLOCATE|[77]|Bytes:152
17:17:22.0 (752885)|HEAP_ALLOCATE|[342]|Bytes:408
17:17:22.0 (767050)|HEAP_ALLOCATE|[355]|Bytes:408
17:17:22.0 (779225)|HEAP_ALLOCATE|[467]|Bytes:48
17:17:22.0 (807245)|HEAP_ALLOCATE|[139]|Bytes:6
17:17:22.0 (830036)|HEAP_ALLOCATE|[EXTERNAL]|Bytes:4
17:17:22.0 (835819)|VARIABLE_SCOPE_BEGIN|[1]|this|CreateExpense|true|false
17:17:22.0 (873902)|VARIABLE_ASSIGNMENT|[1]|this|{}|0x2fa1ced9
17:17:22.0 (912658)|HEAP_ALLOCATE|[EXTERNAL]|Bytes:4
17:17:22.0 (917683)|VARIABLE_SCOPE_BEGIN|[1]|this|CreateExpense|true|false
17:17:22.0 (925453)|VARIABLE_ASSIGNMENT|[1]|this|{}|0x2fa1ced9
17:17:22.0 (933103)|STATEMENT_EXECUTE|[1]
17:17:22.0 (965288)|HEAP_ALLOCATE|[50]|Bytes:5
17:17:22.0 (985945)|HEAP_ALLOCATE|[56]|Bytes:5
17:17:22.0 (992918)|HEAP_ALLOCATE|[64]|Bytes:7
17:17:22.0 (1308557)|HEAP_ALLOCATE|[3]|Bytes:5
17:17:22.0 (1331244)|HEAP_ALLOCATE|[3]|Bytes:4
17:17:22.0 (1339482)|VARIABLE_SCOPE_BEGIN|[3]|ex|Expense__c|true|false
17:17:22.0 (1876233)|VARIABLE_ASSIGNMENT|[3]|ex|{"Employee__c":"00346000002ojVWAAY","Expense_Status__c":"NOT SUBMITTED","IsDeleted":false,"OwnerId":"00546000000IihsAAC","Amount__c":4000,"Submitted__c":false,"Category__c":"Transportation","RecordTypeId":"012460000005G1FAAU","Travel_Region__c":"Europe","Travel_Country__c":"Italy","Tax__c":520.00,"Name":"Expense nueva"}|0x680bfa77
17:17:22.0 (1885598)|STATEMENT_EXECUTE|[3]
17:17:22.0 (1914577)|STATEMENT_EXECUTE|[5]
17:17:22.0 (1927433)|HEAP_ALLOCATE|[3]|Bytes:5
17:17:22.0 (1940290)|VARIABLE_ASSIGNMENT|[3]|ex|null|
17:17:22.1 (1947548)|CUMULATIVE_LIMIT_USAGE
17:17:22.1 (1947548)|LIMIT_USAGE_FOR_NS|(default)|
  Number of SOQL queries: 0 out of 100
  Number of query rows: 0 out of 50000
  Number of SOSL queries: 0 out of 20
  Number of DML statements: 0 out of 150
  Number of DML rows: 0 out of 10000
  Maximum CPU time: 0 out of 10000
  Maximum heap size: 0 out of 6000000
  Number of callouts: 0 out of 100
  Number of Email Invocations: 0 out of 10
  Number of future calls: 0 out of 50
  Number of queueable jobs added to the queue: 0 out of 50
  Number of Mobile Apex push calls: 0 out of 10

17:17:22.1 (1947548)|CUMULATIVE_LIMIT_USAGE_END

17:17:22.0 (2691720)|CODE_UNIT_FINISHED|CreateExpense on Expense trigger event BeforeInsert for [new]
17:17:22.0 (10218151)|CODE_UNIT_STARTED|[EXTERNAL]|Validation:Expense:new
17:17:22.0 (10224956)|VALIDATION_RULE|03d46000000DMqh|InsertOtherValue
17:17:22.0 (10362968)|VALIDATION_FORMULA|AND (IF (ISPICKVAL( Category__c , "Other"), true, false),  ISBLANK( Other__c ) )|Category__c=Transportation , Other__c=null
17:17:22.0 (10367853)|VALIDATION_PASS
17:17:22.0 (10392812)|CODE_UNIT_FINISHED|Validation:Expense:new
17:17:22.0 (27649020)|CODE_UNIT_STARTED|[EXTERNAL]|Workflow:01I46000000AdSk
17:17:22.0 (33894490)|WF_RULE_EVAL_BEGIN|Workflow
17:17:22.0 (33911097)|WF_CRITERIA_BEGIN|[Expense: Expense nueva a0F46000000Ftpw]|High_Value_Expense_Email_Alert30146000000Cjmi|01Q460000000EDT|ON_ALL_CHANGES|0
17:17:22.0 (33973221)|WF_FORMULA|Formula:ENCODED:[treatNullAsNull]true|Values:
17:17:22.0 (33977029)|WF_CRITERIA_END|true
17:17:22.0 (34381645)|WF_SPOOL_ACTION_BEGIN|Workflow
17:17:22.0 (34402879)|WF_ACTION| Flow Trigger: 1;
17:17:22.0 (34405607)|WF_RULE_EVAL_END
17:17:22.0 (34795494)|WF_FLOW_ACTION_BEGIN|09L46000000Lo2w
17:17:22.34 (34844553)|FLOW_CREATE_INTERVIEW_BEGIN|00D46000000buVW|30046000000Grmv|30146000000Cjmi
17:17:22.34 (36232476)|FLOW_CREATE_INTERVIEW_END|5868a0b3797984f3bd5a2cb25e1d15afcc295e1-3409|High Value Expense Email Alert
17:17:22.36 (36486898)|FLOW_START_INTERVIEWS_BEGIN|1
17:17:22.36 (37131372)|FLOW_START_INTERVIEW_BEGIN|5868a0b3797984f3bd5a2cb25e1d15afcc295e1-3409|High Value Expense Email Alert
17:17:22.36 (37707635)|FLOW_START_INTERVIEW_END|5868a0b3797984f3bd5a2cb25e1d15afcc295e1-3409|High Value Expense Email Alert
17:17:22.36 (37720904)|FLOW_START_INTERVIEWS_END|1
17:17:22.0 (38523453)|WF_FLOW_ACTION_END|09L46000000Lo2w
17:17:22.0 (38584582)|WF_ACTIONS_END| Flow Trigger: 1;
17:17:22.0 (38590162)|CODE_UNIT_FINISHED|Workflow:01I46000000AdSk
17:17:22.0 (60100621)|CODE_UNIT_FINISHED|TRIGGERS
17:17:22.0 (60105859)|EXECUTION_FINISHED
