39.0 APEX_CODE,FINEST;APEX_PROFILING,INFO;CALLOUT,INFO;DB,INFO;SYSTEM,DEBUG;VALIDATION,INFO;VISUALFORCE,INFO;WAVE,INFO;WORKFLOW,INFO
16:24:46.0 (286400)|USER_INFO|[EXTERNAL]|00546000000Iihs|pacosta@altimetrik.com|Argentine Time|GMT-03:00
16:24:46.0 (312688)|EXECUTION_STARTED
16:24:46.0 (316307)|CODE_UNIT_STARTED|[EXTERNAL]|06646000001BW08|VF: /apex/ListOfEmployees
16:24:46.0 (20304607)|SYSTEM_MODE_ENTER|true
16:24:46.0 (20597772)|HEAP_ALLOCATE|[72]|Bytes:3
16:24:46.0 (20627002)|HEAP_ALLOCATE|[77]|Bytes:152
16:24:46.0 (20638517)|HEAP_ALLOCATE|[342]|Bytes:408
16:24:46.0 (20651996)|HEAP_ALLOCATE|[355]|Bytes:408
16:24:46.0 (20664916)|HEAP_ALLOCATE|[467]|Bytes:48
16:24:46.0 (20689405)|HEAP_ALLOCATE|[139]|Bytes:6
16:24:46.0 (20701896)|HEAP_ALLOCATE|[EXTERNAL]|Bytes:14
16:24:46.0 (20705522)|HEAP_ALLOCATE|[EXTERNAL]|Bytes:96
16:24:46.0 (20707397)|HEAP_ALLOCATE|[EXTERNAL]|Bytes:21
16:24:46.0 (20714589)|METHOD_ENTRY|[1]|01p46000002wayn|ExpenseController.ExpenseController()
16:24:46.0 (20720100)|STATEMENT_EXECUTE|[1]
16:24:46.0 (20724938)|STATEMENT_EXECUTE|[1]
16:24:46.0 (20726246)|STATEMENT_EXECUTE|[76]
16:24:46.0 (20729812)|METHOD_EXIT|[1]|ExpenseController
16:24:46.0 (20742236)|HEAP_ALLOCATE|[EXTERNAL]|Bytes:12
16:24:46.0 (20747938)|VARIABLE_SCOPE_BEGIN|[1]|this|ExpenseController|true|false
16:24:46.0 (20798877)|VARIABLE_ASSIGNMENT|[1]|this|{}|0x53c6bc1e
16:24:46.0 (20807693)|HEAP_ALLOCATE|[3]|Bytes:6
16:24:46.0 (20843962)|STATEMENT_EXECUTE|[1]
16:24:46.0 (20845655)|STATEMENT_EXECUTE|[3]
16:24:46.0 (20857479)|VARIABLE_ASSIGNMENT|[3]|this.queryString|""|0x53c6bc1e
16:24:46.0 (20859783)|STATEMENT_EXECUTE|[5]
16:24:46.0 (20903625)|SYSTEM_MODE_ENTER|true
16:24:46.0 (20937307)|HEAP_ALLOCATE|[EXTERNAL]|Bytes:12
16:24:46.0 (20943687)|VARIABLE_SCOPE_BEGIN|[8]|this|ExpenseController|true|false
16:24:46.0 (20959846)|VARIABLE_ASSIGNMENT|[8]|this|{"queryString":""}|0x53c6bc1e
16:24:46.0 (20966586)|STATEMENT_EXECUTE|[8]
16:24:46.0 (20967897)|STATEMENT_EXECUTE|[10]
16:24:46.0 (20970549)|HEAP_ALLOCATE|[10]|Bytes:161
16:24:46.0 (20985998)|HEAP_ALLOCATE|[10]|Bytes:161
16:24:46.0 (21000119)|HEAP_ALLOCATE|[50]|Bytes:5
16:24:46.0 (21013548)|HEAP_ALLOCATE|[56]|Bytes:5
16:24:46.0 (21018992)|HEAP_ALLOCATE|[64]|Bytes:7
16:24:46.0 (22540934)|SOQL_EXECUTE_BEGIN|[10]|Aggregations:0|SELECT Category__c, RecordType.Name, Amount__c, Tax__c, Client_Company__c, Submitted__c, Employee__r.Id, Employee__r.Name, Employee__r.Birthdate FROM Expense__c 
16:24:46.0 (31234943)|SOQL_EXECUTE_END|[10]|Rows:5
16:24:46.0 (31249989)|HEAP_ALLOCATE|[10]|Bytes:24
16:24:46.0 (31292632)|HEAP_ALLOCATE|[10]|Bytes:1579
16:24:46.0 (31350121)|HEAP_ALLOCATE|[10]|Bytes:24
16:24:46.0 (31367598)|VARIABLE_SCOPE_BEGIN|[10]|results|List<Expense__c>|true|false
16:24:46.0 (31461571)|VARIABLE_ASSIGNMENT|[10]|results|[{"Category__c":"Road Meals","RecordTypeId":"012460000005G1KAAU","Amount__c":8900,"Tax__c":1157.00,"Submitted__c":false,"Employee__c":"00346000002ojeGAAQ","Id":"a0F46000000FmUwEAK","RecordType":{"Name":"Client Meetings","Id":"012460000005G1KAAU"},"Employee__r":{"Id":"00346000002ojeGAAQ","Name":"Paolo Smith"}},{"RecordTypeId":"012460000005G1FAAU","Amount__c":3000,"Tax__c":390.00,"Submitted__c":true,"Employee__c":"00346000002ojVWAAY","Id":"a0F46000000Fp6rEAC","RecordType":{"Name":"Business Trips","Id":"012460000005G1FAAU"},"Employee__r":{"Id":"00346000002ojVWAAY","Name":"Carol Ruiz","Birthdate":"2017-10-09T00:00:00.000Z"}},{"Category__c":"Event Registration","RecordTypeId":"012460000005G1FAAU","Amount__c":3499,"Tax__c":454.87,"Submitted__c":true,"Employee__c":"00346000002ojVWAAY","Id":"a0F46000000Fp76EAC","RecordType":{"Name":"Business Trips","Id":"012460000005G1FAAU"},"Employee__r":{"Id":"00346000002ojVWAAY","Name":"Carol Ruiz","Birthdate":"2017-10-09T00:00:00.000Z"}},{"Category__c":"Event Registration","RecordTypeId":"012460000005G1KAAU","Amount__c":5600,"Tax__c":728.00,"Submitted__c":false,"Employee__c":"00346000002oeLWAAY","Id":"a0F46000000FBc6EAG","RecordType":{"Name":"Client Meetings","Id":"012460000005G1KAAU"},"Employee__r":{"Id":"00346000002oeLWAAY","Name":"Paulo Acosta"}},{"Category__c":"Transportation","RecordTypeId":"012460000005G1FAAU","Amount__c":3500,"Tax__c":455.00,"Submitted__c":false,"Employee__c":"00346000002ojVWAAY","Id":"a0F46000000FBblEAG","RecordType":{"Name":"Business Trips","Id":"012460000005G1FAAU"},"Employee__r":{"Id":"00346000002ojVWAAY","Name":"Carol Ruiz","Birthdate":"2017-10-09T00:00:00.000Z"}}]|0x4d737521
16:24:46.0 (31650917)|HEAP_ALLOCATE|[14]|Bytes:5
16:24:46.0 (31686099)|HEAP_ALLOCATE|[14]|Bytes:40
16:24:46.0 (31693760)|VARIABLE_SCOPE_BEGIN|[14]|ex|Expense__c|true|false
16:24:46.0 (31711863)|VARIABLE_ASSIGNMENT|[14]|ex|{"Category__c":"Road Meals","RecordTypeId":"012460000005G1KAAU","Amount__c":8900,"Tax__c":1157.00,"Submitted__c":false,"Employee__c":"00346000002ojeGAAQ","Id":"a0F46000000FmUwEAK","RecordType":{"Name":"Client Meetings","Id":"012460000005G1KAAU"},"Employee__r":{"Id":"00346000002ojeGAAQ","Name":"Paolo Smith"}}|0x7f92c7f5
16:24:46.0 (31718379)|STATEMENT_EXECUTE|[14]
16:24:46.0 (31720169)|STATEMENT_EXECUTE|[15]
16:24:46.0 (31724934)|HEAP_ALLOCATE|[15]|Bytes:4
16:24:46.0 (31792021)|VARIABLE_ASSIGNMENT|[EXTERNAL]|this|{"queryString":""}|0x53c6bc1e
16:24:46.0 (31810108)|HEAP_ALLOCATE|[EXTERNAL]|Bytes:4
16:24:46.0 (31816824)|VARIABLE_ASSIGNMENT|[EXTERNAL]|value|[]|0x442c23f9
16:24:46.0 (31825092)|VARIABLE_ASSIGNMENT|[5]|this.wrappedExpenses|[]|0x53c6bc1e
16:24:46.0 (31831906)|STATEMENT_EXECUTE|[16]
16:24:46.0 (31861668)|VARIABLE_ASSIGNMENT|[EXTERNAL]|this|{"queryString":"","wrappedExpenses":"0x442c23f9"}|0x53c6bc1e
16:24:46.0 (31916010)|HEAP_ALLOCATE|[16]|Bytes:116
16:24:46.0 (31921228)|HEAP_ALLOCATE|[16]|Bytes:8
16:24:46.0 (31933393)|HEAP_ALLOCATE|[16]|Bytes:12
16:24:46.0 (31952572)|CONSTRUCTOR_ENTRY|[16]|01p46000002wayn|<init>(Expense__c,Boolean)
16:24:46.0 (31963677)|VARIABLE_SCOPE_BEGIN|[81]|this|ExpenseController.ExpenseWrapper|true|false
16:24:46.0 (31983175)|VARIABLE_ASSIGNMENT|[81]|this|{}|0x48e3e96d
16:24:46.0 (31986245)|VARIABLE_SCOPE_BEGIN|[81]|ex|Expense__c|true|false
16:24:46.0 (31999767)|VARIABLE_ASSIGNMENT|[81]|ex|{"Category__c":"Road Meals","RecordTypeId":"012460000005G1KAAU","Amount__c":8900,"Tax__c":1157.00,"Submitted__c":false,"Employee__c":"00346000002ojeGAAQ","Id":"a0F46000000FmUwEAK","RecordType":{"Name":"Client Meetings","Id":"012460000005G1KAAU"},"Employee__r":{"Id":"00346000002ojeGAAQ","Name":"Paolo Smith"}}|0x7f92c7f5
16:24:46.0 (32005488)|VARIABLE_SCOPE_BEGIN|[81]|check|Boolean|false|false
16:24:46.0 (32009030)|VARIABLE_ASSIGNMENT|[81]|check|false
16:24:46.0 (32012838)|STATEMENT_EXECUTE|[76]
16:24:46.0 (32014864)|STATEMENT_EXECUTE|[78]
16:24:46.0 (32016292)|STATEMENT_EXECUTE|[79]
16:24:46.0 (32028876)|STATEMENT_EXECUTE|[81]
16:24:46.0 (32030239)|STATEMENT_EXECUTE|[83]
16:24:46.0 (32078233)|VARIABLE_ASSIGNMENT|[EXTERNAL]|this|{}|0x48e3e96d
16:24:46.0 (32092149)|VARIABLE_ASSIGNMENT|[EXTERNAL]|value|{"Category__c":"Road Meals","RecordTypeId":"012460000005G1KAAU","Amount__c":8900,"Tax__c":1157.00,"Submitted__c":false,"Employee__c":"00346000002ojeGAAQ","Id":"a0F46000000FmUwEAK","RecordType":{"Name":"Client Meetings","Id":"012460000005G1KAAU"},"Employee__r":{"Id":"00346000002ojeGAAQ","Name":"Paolo Smith"}}|0x7f92c7f5
16:24:46.0 (32106402)|VARIABLE_ASSIGNMENT|[78]|this.expense|{"Category__c":"Road Meals","RecordTypeId":"012460000005G1KAAU","Amount__c":8900,"Tax__c":1157.00,"Submitted__c":false,"Employee__c":"00346000002ojeGAAQ","Id":"a0F46000000FmUwEAK","RecordType":{"Name":"Client Meetings","Id":"012460000005G1KAAU"},"Employee__r":{"Id":"00346000002ojeGAAQ","Name":"Paolo Smith"}}|0x48e3e96d
16:24:46.0 (32114146)|STATEMENT_EXECUTE|[84]
16:24:46.0 (32143106)|VARIABLE_ASSIGNMENT|[EXTERNAL]|this|{"expense":"0x7f92c7f5"}|0x48e3e96d
16:24:46.0 (32148780)|VARIABLE_ASSIGNMENT|[EXTERNAL]|value|false
16:24:46.0 (32152530)|HEAP_ALLOCATE|[79]|Bytes:5
16:24:46.0 (32157480)|VARIABLE_ASSIGNMENT|[79]|this.checked|false|0x48e3e96d
16:24:46.0 (32166030)|CONSTRUCTOR_EXIT|[16]|01p46000002wayn|<init>(Expense__c,Boolean)
16:24:46.0 (32177255)|HEAP_ALLOCATE|[EXTERNAL]|Bytes:4
16:24:46.0 (32187642)|HEAP_ALLOCATE|[14]|Bytes:5
16:24:46.0 (32210214)|HEAP_ALLOCATE|[14]|Bytes:36
16:24:46.0 (32216496)|VARIABLE_SCOPE_BEGIN|[14]|ex|Expense__c|true|false
16:24:46.0 (32236964)|VARIABLE_ASSIGNMENT|[14]|ex|{"RecordTypeId":"012460000005G1FAAU","Amount__c":3000,"Tax__c":390.00,"Submitted__c":true,"Employee__c":"00346000002ojVWAAY","Id":"a0F46000000Fp6rEAC","RecordType":{"Name":"Business Trips","Id":"012460000005G1FAAU"},"Employee__r":{"Id":"00346000002ojVWAAY","Name":"Carol Ruiz","Birthdate":"2017-10-09T00:00:00.000Z"}}|0x1a16e79b
16:24:46.0 (32241968)|STATEMENT_EXECUTE|[14]
16:24:46.0 (32243200)|STATEMENT_EXECUTE|[15]
16:24:46.0 (32246711)|HEAP_ALLOCATE|[15]|Bytes:4
16:24:46.0 (32269599)|VARIABLE_ASSIGNMENT|[EXTERNAL]|this|{"queryString":"","wrappedExpenses":"0x442c23f9"}|0x53c6bc1e
16:24:46.0 (32277360)|HEAP_ALLOCATE|[EXTERNAL]|Bytes:4
16:24:46.0 (32281972)|VARIABLE_ASSIGNMENT|[EXTERNAL]|value|[]|0x5ee65c30
16:24:46.0 (32287123)|VARIABLE_ASSIGNMENT|[5]|this.wrappedExpenses|[]|0x53c6bc1e
16:24:46.0 (32291808)|STATEMENT_EXECUTE|[16]
16:24:46.0 (32302759)|VARIABLE_ASSIGNMENT|[EXTERNAL]|this|{"queryString":"","wrappedExpenses":"0x5ee65c30"}|0x53c6bc1e
16:24:46.0 (32309459)|HEAP_ALLOCATE|[16]|Bytes:12
16:24:46.0 (32317419)|CONSTRUCTOR_ENTRY|[16]|01p46000002wayn|<init>(Expense__c,Boolean)
16:24:46.0 (32320695)|VARIABLE_SCOPE_BEGIN|[81]|this|ExpenseController.ExpenseWrapper|true|false
16:24:46.0 (32328580)|VARIABLE_ASSIGNMENT|[81]|this|{}|0x2cdfe6b0
16:24:46.0 (32330231)|VARIABLE_SCOPE_BEGIN|[81]|ex|Expense__c|true|false
16:24:46.0 (32345487)|VARIABLE_ASSIGNMENT|[81]|ex|{"RecordTypeId":"012460000005G1FAAU","Amount__c":3000,"Tax__c":390.00,"Submitted__c":true,"Employee__c":"00346000002ojVWAAY","Id":"a0F46000000Fp6rEAC","RecordType":{"Name":"Business Trips","Id":"012460000005G1FAAU"},"Employee__r":{"Id":"00346000002ojVWAAY","Name":"Carol Ruiz","Birthdate":"2017-10-09T00:00:00.000Z"}}|0x1a16e79b
16:24:46.0 (32350249)|VARIABLE_SCOPE_BEGIN|[81]|check|Boolean|false|false
16:24:46.0 (32352825)|VARIABLE_ASSIGNMENT|[81]|check|false
16:24:46.0 (32355659)|STATEMENT_EXECUTE|[76]
16:24:46.0 (32356914)|STATEMENT_EXECUTE|[78]
16:24:46.0 (32358114)|STATEMENT_EXECUTE|[79]
16:24:46.0 (32366765)|STATEMENT_EXECUTE|[81]
16:24:46.0 (32368124)|STATEMENT_EXECUTE|[83]
16:24:46.0 (32377642)|VARIABLE_ASSIGNMENT|[EXTERNAL]|this|{}|0x2cdfe6b0
16:24:46.0 (32390343)|VARIABLE_ASSIGNMENT|[EXTERNAL]|value|{"RecordTypeId":"012460000005G1FAAU","Amount__c":3000,"Tax__c":390.00,"Submitted__c":true,"Employee__c":"00346000002ojVWAAY","Id":"a0F46000000Fp6rEAC","RecordType":{"Name":"Business Trips","Id":"012460000005G1FAAU"},"Employee__r":{"Id":"00346000002ojVWAAY","Name":"Carol Ruiz","Birthdate":"2017-10-09T00:00:00.000Z"}}|0x1a16e79b
16:24:46.0 (32403632)|VARIABLE_ASSIGNMENT|[78]|this.expense|{"RecordTypeId":"012460000005G1FAAU","Amount__c":3000,"Tax__c":390.00,"Submitted__c":true,"Employee__c":"00346000002ojVWAAY","Id":"a0F46000000Fp6rEAC","RecordType":{"Name":"Business Trips","Id":"012460000005G1FAAU"},"Employee__r":{"Id":"00346000002ojVWAAY","Name":"Carol Ruiz","Birthdate":"2017-10-09T00:00:00.000Z"}}|0x2cdfe6b0
16:24:46.0 (32409655)|STATEMENT_EXECUTE|[84]
16:24:46.0 (32419236)|VARIABLE_ASSIGNMENT|[EXTERNAL]|this|{"expense":"0x1a16e79b"}|0x2cdfe6b0
16:24:46.0 (32423493)|VARIABLE_ASSIGNMENT|[EXTERNAL]|value|false
16:24:46.0 (32431218)|HEAP_ALLOCATE|[79]|Bytes:5
16:24:46.0 (32435366)|VARIABLE_ASSIGNMENT|[79]|this.checked|false|0x2cdfe6b0
16:24:46.0 (32443164)|CONSTRUCTOR_EXIT|[16]|01p46000002wayn|<init>(Expense__c,Boolean)
16:24:46.0 (32450466)|HEAP_ALLOCATE|[EXTERNAL]|Bytes:4
16:24:46.0 (32459132)|HEAP_ALLOCATE|[14]|Bytes:5
16:24:46.0 (32478371)|HEAP_ALLOCATE|[14]|Bytes:40
16:24:46.0 (32483389)|VARIABLE_SCOPE_BEGIN|[14]|ex|Expense__c|true|false
16:24:46.0 (32503435)|VARIABLE_ASSIGNMENT|[14]|ex|{"Category__c":"Event Registration","RecordTypeId":"012460000005G1FAAU","Amount__c":3499,"Tax__c":454.87,"Submitted__c":true,"Employee__c":"00346000002ojVWAAY","Id":"a0F46000000Fp76EAC","RecordType":{"Name":"Business Trips","Id":"012460000005G1FAAU"},"Employee__r":{"Id":"00346000002ojVWAAY","Name":"Carol Ruiz","Birthdate":"2017-10-09T00:00:00.000Z"}}|0x62f73012
16:24:46.0 (32509160)|STATEMENT_EXECUTE|[14]
16:24:46.0 (32510370)|STATEMENT_EXECUTE|[15]
16:24:46.0 (32513225)|HEAP_ALLOCATE|[15]|Bytes:4
16:24:46.0 (32533668)|VARIABLE_ASSIGNMENT|[EXTERNAL]|this|{"queryString":"","wrappedExpenses":"0x5ee65c30"}|0x53c6bc1e
16:24:46.0 (32540603)|HEAP_ALLOCATE|[EXTERNAL]|Bytes:4
16:24:46.0 (32544812)|VARIABLE_ASSIGNMENT|[EXTERNAL]|value|[]|0x3eed3aa2
16:24:46.0 (32549437)|VARIABLE_ASSIGNMENT|[5]|this.wrappedExpenses|[]|0x53c6bc1e
16:24:46.0 (32553671)|STATEMENT_EXECUTE|[16]
16:24:46.0 (32564050)|VARIABLE_ASSIGNMENT|[EXTERNAL]|this|{"queryString":"","wrappedExpenses":"0x3eed3aa2"}|0x53c6bc1e
16:24:46.0 (32569985)|HEAP_ALLOCATE|[16]|Bytes:12
16:24:46.0 (32576987)|CONSTRUCTOR_ENTRY|[16]|01p46000002wayn|<init>(Expense__c,Boolean)
16:24:46.0 (32579712)|VARIABLE_SCOPE_BEGIN|[81]|this|ExpenseController.ExpenseWrapper|true|false
16:24:46.0 (32587496)|VARIABLE_ASSIGNMENT|[81]|this|{}|0x28cb19f
16:24:46.0 (32588999)|VARIABLE_SCOPE_BEGIN|[81]|ex|Expense__c|true|false
16:24:46.0 (32603115)|VARIABLE_ASSIGNMENT|[81]|ex|{"Category__c":"Event Registration","RecordTypeId":"012460000005G1FAAU","Amount__c":3499,"Tax__c":454.87,"Submitted__c":true,"Employee__c":"00346000002ojVWAAY","Id":"a0F46000000Fp76EAC","RecordType":{"Name":"Business Trips","Id":"012460000005G1FAAU"},"Employee__r":{"Id":"00346000002ojVWAAY","Name":"Carol Ruiz","Birthdate":"2017-10-09T00:00:00.000Z"}}|0x62f73012
16:24:46.0 (32607210)|VARIABLE_SCOPE_BEGIN|[81]|check|Boolean|false|false
16:24:46.0 (32609724)|VARIABLE_ASSIGNMENT|[81]|check|false
16:24:46.0 (32612295)|STATEMENT_EXECUTE|[76]
16:24:46.0 (32613511)|STATEMENT_EXECUTE|[78]
16:24:46.0 (32614721)|STATEMENT_EXECUTE|[79]
16:24:46.0 (32622643)|STATEMENT_EXECUTE|[81]
16:24:46.0 (32623908)|STATEMENT_EXECUTE|[83]
16:24:46.0 (32633495)|VARIABLE_ASSIGNMENT|[EXTERNAL]|this|{}|0x28cb19f
16:24:46.0 (32646279)|VARIABLE_ASSIGNMENT|[EXTERNAL]|value|{"Category__c":"Event Registration","RecordTypeId":"012460000005G1FAAU","Amount__c":3499,"Tax__c":454.87,"Submitted__c":true,"Employee__c":"00346000002ojVWAAY","Id":"a0F46000000Fp76EAC","RecordType":{"Name":"Business Trips","Id":"012460000005G1FAAU"},"Employee__r":{"Id":"00346000002ojVWAAY","Name":"Carol Ruiz","Birthdate":"2017-10-09T00:00:00.000Z"}}|0x62f73012
16:24:46.0 (32660199)|VARIABLE_ASSIGNMENT|[78]|this.expense|{"Category__c":"Event Registration","RecordTypeId":"012460000005G1FAAU","Amount__c":3499,"Tax__c":454.87,"Submitted__c":true,"Employee__c":"00346000002ojVWAAY","Id":"a0F46000000Fp76EAC","RecordType":{"Name":"Business Trips","Id":"012460000005G1FAAU"},"Employee__r":{"Id":"00346000002ojVWAAY","Name":"Carol Ruiz","Birthdate":"2017-10-09T00:00:00.000Z"}}|0x28cb19f
16:24:46.0 (32666087)|STATEMENT_EXECUTE|[84]
16:24:46.0 (32675426)|VARIABLE_ASSIGNMENT|[EXTERNAL]|this|{"expense":"0x62f73012"}|0x28cb19f
16:24:46.0 (32679504)|VARIABLE_ASSIGNMENT|[EXTERNAL]|value|false
16:24:46.0 (32682170)|HEAP_ALLOCATE|[79]|Bytes:5
16:24:46.0 (32685801)|VARIABLE_ASSIGNMENT|[79]|this.checked|false|0x28cb19f
16:24:46.0 (32692799)|CONSTRUCTOR_EXIT|[16]|01p46000002wayn|<init>(Expense__c,Boolean)
16:24:46.0 (32698750)|HEAP_ALLOCATE|[EXTERNAL]|Bytes:4
16:24:46.0 (32706539)|HEAP_ALLOCATE|[14]|Bytes:5
16:24:46.0 (32724329)|HEAP_ALLOCATE|[14]|Bytes:40
16:24:46.0 (32729331)|VARIABLE_SCOPE_BEGIN|[14]|ex|Expense__c|true|false
16:24:46.0 (32742615)|VARIABLE_ASSIGNMENT|[14]|ex|{"Category__c":"Event Registration","RecordTypeId":"012460000005G1KAAU","Amount__c":5600,"Tax__c":728.00,"Submitted__c":false,"Employee__c":"00346000002oeLWAAY","Id":"a0F46000000FBc6EAG","RecordType":{"Name":"Client Meetings","Id":"012460000005G1KAAU"},"Employee__r":{"Id":"00346000002oeLWAAY","Name":"Paulo Acosta"}}|0x5e9ae69b
16:24:46.0 (32746828)|STATEMENT_EXECUTE|[14]
16:24:46.0 (32748055)|STATEMENT_EXECUTE|[15]
16:24:46.0 (32750724)|HEAP_ALLOCATE|[15]|Bytes:4
16:24:46.0 (32769620)|VARIABLE_ASSIGNMENT|[EXTERNAL]|this|{"queryString":"","wrappedExpenses":"0x3eed3aa2"}|0x53c6bc1e
16:24:46.0 (32776134)|HEAP_ALLOCATE|[EXTERNAL]|Bytes:4
16:24:46.0 (32779989)|VARIABLE_ASSIGNMENT|[EXTERNAL]|value|[]|0x6e677a22
16:24:46.0 (32784610)|VARIABLE_ASSIGNMENT|[5]|this.wrappedExpenses|[]|0x53c6bc1e
16:24:46.0 (32788570)|STATEMENT_EXECUTE|[16]
16:24:46.0 (32798723)|VARIABLE_ASSIGNMENT|[EXTERNAL]|this|{"queryString":"","wrappedExpenses":"0x6e677a22"}|0x53c6bc1e
16:24:46.0 (32804152)|HEAP_ALLOCATE|[16]|Bytes:12
16:24:46.0 (32810532)|CONSTRUCTOR_ENTRY|[16]|01p46000002wayn|<init>(Expense__c,Boolean)
16:24:46.0 (32813158)|VARIABLE_SCOPE_BEGIN|[81]|this|ExpenseController.ExpenseWrapper|true|false
16:24:46.0 (32820215)|VARIABLE_ASSIGNMENT|[81]|this|{}|0x3ddefb38
16:24:46.0 (32821745)|VARIABLE_SCOPE_BEGIN|[81]|ex|Expense__c|true|false
16:24:46.0 (32831746)|VARIABLE_ASSIGNMENT|[81]|ex|{"Category__c":"Event Registration","RecordTypeId":"012460000005G1KAAU","Amount__c":5600,"Tax__c":728.00,"Submitted__c":false,"Employee__c":"00346000002oeLWAAY","Id":"a0F46000000FBc6EAG","RecordType":{"Name":"Client Meetings","Id":"012460000005G1KAAU"},"Employee__r":{"Id":"00346000002oeLWAAY","Name":"Paulo Acosta"}}|0x5e9ae69b
16:24:46.0 (32835915)|VARIABLE_SCOPE_BEGIN|[81]|check|Boolean|false|false
16:24:46.0 (32838500)|VARIABLE_ASSIGNMENT|[81]|check|false
16:24:46.0 (32841022)|STATEMENT_EXECUTE|[76]
16:24:46.0 (32842438)|STATEMENT_EXECUTE|[78]
16:24:46.0 (32843616)|STATEMENT_EXECUTE|[79]
16:24:46.0 (32851261)|STATEMENT_EXECUTE|[81]
16:24:46.0 (32852486)|STATEMENT_EXECUTE|[83]
16:24:46.0 (32861245)|VARIABLE_ASSIGNMENT|[EXTERNAL]|this|{}|0x3ddefb38
16:24:46.0 (32870528)|VARIABLE_ASSIGNMENT|[EXTERNAL]|value|{"Category__c":"Event Registration","RecordTypeId":"012460000005G1KAAU","Amount__c":5600,"Tax__c":728.00,"Submitted__c":false,"Employee__c":"00346000002oeLWAAY","Id":"a0F46000000FBc6EAG","RecordType":{"Name":"Client Meetings","Id":"012460000005G1KAAU"},"Employee__r":{"Id":"00346000002oeLWAAY","Name":"Paulo Acosta"}}|0x5e9ae69b
16:24:46.0 (32881478)|VARIABLE_ASSIGNMENT|[78]|this.expense|{"Category__c":"Event Registration","RecordTypeId":"012460000005G1KAAU","Amount__c":5600,"Tax__c":728.00,"Submitted__c":false,"Employee__c":"00346000002oeLWAAY","Id":"a0F46000000FBc6EAG","RecordType":{"Name":"Client Meetings","Id":"012460000005G1KAAU"},"Employee__r":{"Id":"00346000002oeLWAAY","Name":"Paulo Acosta"}}|0x3ddefb38
16:24:46.0 (32886484)|STATEMENT_EXECUTE|[84]
16:24:46.0 (32895366)|VARIABLE_ASSIGNMENT|[EXTERNAL]|this|{"expense":"0x5e9ae69b"}|0x3ddefb38
16:24:46.0 (32899015)|VARIABLE_ASSIGNMENT|[EXTERNAL]|value|false
16:24:46.0 (32901385)|HEAP_ALLOCATE|[79]|Bytes:5
16:24:46.0 (32904641)|VARIABLE_ASSIGNMENT|[79]|this.checked|false|0x3ddefb38
16:24:46.0 (32911148)|CONSTRUCTOR_EXIT|[16]|01p46000002wayn|<init>(Expense__c,Boolean)
16:24:46.0 (32916720)|HEAP_ALLOCATE|[EXTERNAL]|Bytes:4
16:24:46.0 (32924255)|HEAP_ALLOCATE|[14]|Bytes:5
16:24:46.0 (32940662)|HEAP_ALLOCATE|[14]|Bytes:40
16:24:46.0 (32945453)|VARIABLE_SCOPE_BEGIN|[14]|ex|Expense__c|true|false
16:24:46.0 (32962930)|VARIABLE_ASSIGNMENT|[14]|ex|{"Category__c":"Transportation","RecordTypeId":"012460000005G1FAAU","Amount__c":3500,"Tax__c":455.00,"Submitted__c":false,"Employee__c":"00346000002ojVWAAY","Id":"a0F46000000FBblEAG","RecordType":{"Name":"Business Trips","Id":"012460000005G1FAAU"},"Employee__r":{"Id":"00346000002ojVWAAY","Name":"Carol Ruiz","Birthdate":"2017-10-09T00:00:00.000Z"}}|0x37de3fd2
16:24:46.0 (32968359)|STATEMENT_EXECUTE|[14]
16:24:46.0 (32969667)|STATEMENT_EXECUTE|[15]
16:24:46.0 (32972385)|HEAP_ALLOCATE|[15]|Bytes:4
16:24:46.0 (32991889)|VARIABLE_ASSIGNMENT|[EXTERNAL]|this|{"queryString":"","wrappedExpenses":"0x6e677a22"}|0x53c6bc1e
16:24:46.0 (32998009)|HEAP_ALLOCATE|[EXTERNAL]|Bytes:4
16:24:46.0 (33001863)|VARIABLE_ASSIGNMENT|[EXTERNAL]|value|[]|0x6a31ee0b
16:24:46.0 (33007140)|VARIABLE_ASSIGNMENT|[5]|this.wrappedExpenses|[]|0x53c6bc1e
16:24:46.0 (33011063)|STATEMENT_EXECUTE|[16]
16:24:46.0 (33020902)|VARIABLE_ASSIGNMENT|[EXTERNAL]|this|{"queryString":"","wrappedExpenses":"0x6a31ee0b"}|0x53c6bc1e
16:24:46.0 (33026713)|HEAP_ALLOCATE|[16]|Bytes:12
16:24:46.0 (33033373)|CONSTRUCTOR_ENTRY|[16]|01p46000002wayn|<init>(Expense__c,Boolean)
16:24:46.0 (33035976)|VARIABLE_SCOPE_BEGIN|[81]|this|ExpenseController.ExpenseWrapper|true|false
16:24:46.0 (33043241)|VARIABLE_ASSIGNMENT|[81]|this|{}|0xdd6ba9b
16:24:46.0 (33044768)|VARIABLE_SCOPE_BEGIN|[81]|ex|Expense__c|true|false
16:24:46.0 (33058360)|VARIABLE_ASSIGNMENT|[81]|ex|{"Category__c":"Transportation","RecordTypeId":"012460000005G1FAAU","Amount__c":3500,"Tax__c":455.00,"Submitted__c":false,"Employee__c":"00346000002ojVWAAY","Id":"a0F46000000FBblEAG","RecordType":{"Name":"Business Trips","Id":"012460000005G1FAAU"},"Employee__r":{"Id":"00346000002ojVWAAY","Name":"Carol Ruiz","Birthdate":"2017-10-09T00:00:00.000Z"}}|0x37de3fd2
16:24:46.0 (33062597)|VARIABLE_SCOPE_BEGIN|[81]|check|Boolean|false|false
16:24:46.0 (33065078)|VARIABLE_ASSIGNMENT|[81]|check|false
16:24:46.0 (33067690)|STATEMENT_EXECUTE|[76]
16:24:46.0 (33068894)|STATEMENT_EXECUTE|[78]
16:24:46.0 (33070063)|STATEMENT_EXECUTE|[79]
16:24:46.0 (33077399)|STATEMENT_EXECUTE|[81]
16:24:46.0 (33078653)|STATEMENT_EXECUTE|[83]
16:24:46.0 (33087427)|VARIABLE_ASSIGNMENT|[EXTERNAL]|this|{}|0xdd6ba9b
16:24:46.0 (33099529)|VARIABLE_ASSIGNMENT|[EXTERNAL]|value|{"Category__c":"Transportation","RecordTypeId":"012460000005G1FAAU","Amount__c":3500,"Tax__c":455.00,"Submitted__c":false,"Employee__c":"00346000002ojVWAAY","Id":"a0F46000000FBblEAG","RecordType":{"Name":"Business Trips","Id":"012460000005G1FAAU"},"Employee__r":{"Id":"00346000002ojVWAAY","Name":"Carol Ruiz","Birthdate":"2017-10-09T00:00:00.000Z"}}|0x37de3fd2
16:24:46.0 (33113757)|VARIABLE_ASSIGNMENT|[78]|this.expense|{"Category__c":"Transportation","RecordTypeId":"012460000005G1FAAU","Amount__c":3500,"Tax__c":455.00,"Submitted__c":false,"Employee__c":"00346000002ojVWAAY","Id":"a0F46000000FBblEAG","RecordType":{"Name":"Business Trips","Id":"012460000005G1FAAU"},"Employee__r":{"Id":"00346000002ojVWAAY","Name":"Carol Ruiz","Birthdate":"2017-10-09T00:00:00.000Z"}}|0xdd6ba9b
16:24:46.0 (33119840)|STATEMENT_EXECUTE|[84]
16:24:46.0 (33129103)|VARIABLE_ASSIGNMENT|[EXTERNAL]|this|{"expense":"0x37de3fd2"}|0xdd6ba9b
16:24:46.0 (33132910)|VARIABLE_ASSIGNMENT|[EXTERNAL]|value|false
16:24:46.0 (33135386)|HEAP_ALLOCATE|[79]|Bytes:5
16:24:46.0 (33138683)|VARIABLE_ASSIGNMENT|[79]|this.checked|false|0xdd6ba9b
16:24:46.0 (33145582)|CONSTRUCTOR_EXIT|[16]|01p46000002wayn|<init>(Expense__c,Boolean)
16:24:46.0 (33151954)|HEAP_ALLOCATE|[EXTERNAL]|Bytes:4
16:24:46.0 (33159739)|HEAP_ALLOCATE|[14]|Bytes:5
16:24:46.0 (33166662)|VARIABLE_ASSIGNMENT|[14]|ex|null|
16:24:46.0 (33169408)|STATEMENT_EXECUTE|[19]
16:24:46.0 (33191250)|VARIABLE_ASSIGNMENT|[EXTERNAL]|this|{"queryString":"","wrappedExpenses":"0x6a31ee0b"}|0x53c6bc1e
16:24:46.0 (43892311)|VF_SERIALIZE_VIEWSTATE_BEGIN|06646000001BW08
16:24:46.0 (52574279)|VF_SERIALIZE_VIEWSTATE_END
16:24:46.0 (58154915)|CODE_UNIT_STARTED|[EXTERNAL]|Generate Metadata
16:24:46.0 (58826418)|CODE_UNIT_FINISHED|Generate Metadata
16:24:46.60 (60864236)|CUMULATIVE_LIMIT_USAGE
16:24:46.60 (60864236)|LIMIT_USAGE_FOR_NS|(default)|
  Number of SOQL queries: 1 out of 100
  Number of query rows: 5 out of 50000
  Number of SOSL queries: 0 out of 20
  Number of DML statements: 0 out of 150
  Number of DML rows: 0 out of 10000
  Maximum CPU time: 0 out of 10000
  Maximum heap size: 0 out of 6000000
  Number of callouts: 0 out of 100
  Number of Email Invocations: 0 out of 10
  Number of future calls: 0 out of 50
  Number of queueable jobs added to the queue: 0 out of 50
  Number of Mobile Apex push calls: 0 out of 10

16:24:46.60 (60864236)|CUMULATIVE_LIMIT_USAGE_END

16:24:46.0 (60896074)|CODE_UNIT_FINISHED|VF: /apex/ListOfEmployees
16:24:46.0 (61597640)|EXECUTION_FINISHED
