39.0 APEX_CODE,FINEST;APEX_PROFILING,INFO;CALLOUT,INFO;DB,INFO;SYSTEM,DEBUG;VALIDATION,INFO;VISUALFORCE,INFO;WAVE,INFO;WORKFLOW,INFO
16:05:44.0 (293394)|USER_INFO|[EXTERNAL]|00546000000Iihs|pacosta@altimetrik.com|Argentine Time|GMT-03:00
16:05:44.0 (316667)|EXECUTION_STARTED
16:05:44.0 (320257)|CODE_UNIT_STARTED|[EXTERNAL]|Validation:Expense:new
16:05:44.0 (326508)|VALIDATION_RULE|03d46000000DMqh|InsertOtherValue
16:05:44.0 (515436)|VALIDATION_FORMULA|AND (IF (ISPICKVAL( Category__c , "Other"), true, false),  ISBLANK( Other__c ) )|Category__c=Event Registration , Other__c=null
16:05:44.0 (519244)|VALIDATION_PASS
16:05:44.0 (520750)|VALIDATION_RULE|03d46000000DP1e|SubmittedError
16:05:44.0 (584485)|VALIDATION_FORMULA|NOT(ISPICKVAL( Expense_Status__c , "NOT SUBMITTED"))|Expense_Status__c=NOT SUBMITTED
16:05:44.0 (586714)|VALIDATION_PASS
16:05:44.0 (621330)|CODE_UNIT_FINISHED|Validation:Expense:new
16:05:44.0 (625860)|EXECUTION_FINISHED
16:05:44.17 (17776666)|USER_INFO|[EXTERNAL]|00546000000Iihs|pacosta@altimetrik.com|Argentine Time|GMT-03:00
16:05:44.17 (17783137)|EXECUTION_STARTED
16:05:44.17 (17785071)|CODE_UNIT_STARTED|[EXTERNAL]|Workflow:01I46000000AdSk
16:05:44.17 (24287966)|WF_RULE_EVAL_BEGIN|Workflow
16:05:44.17 (24302734)|WF_CRITERIA_BEGIN|[Expense: Test44 a0F46000000Fp6m]|High_Value_Expense_Email_Alert30146000000Cjmi|01Q460000000EDT|ON_ALL_CHANGES|0
16:05:44.17 (24523636)|WF_FORMULA|Formula:ENCODED:[treatNullAsNull]true|Values:
16:05:44.17 (24526922)|WF_CRITERIA_END|true
16:05:44.17 (32339438)|WF_CRITERIA_BEGIN|[Expense: Test44 a0F46000000Fp6m]|Submitted_Expense30146000000CknX|01Q460000000F5G|ON_ALL_CHANGES|0
16:05:44.17 (32377481)|WF_FORMULA|Formula:ENCODED:[treatNullAsNull]true|Values:
16:05:44.17 (32380109)|WF_CRITERIA_END|true
16:05:44.17 (32392752)|WF_SPOOL_ACTION_BEGIN|Workflow
16:05:44.17 (32413502)|WF_ACTION| Flow Trigger: 2;
16:05:44.17 (32415566)|WF_RULE_EVAL_END
16:05:44.17 (32877576)|WF_FLOW_ACTION_BEGIN|09L46000000Lo2w
16:05:44.33 (33719236)|FLOW_CREATE_INTERVIEW_BEGIN|00D46000000buVW|30046000000Grmv|30146000000Cjmi
16:05:44.33 (35172124)|FLOW_CREATE_INTERVIEW_END|6794c82aca082be92f5e4dfc5d6915af747d348-2bd2|High Value Expense Email Alert
16:05:44.35 (35476005)|FLOW_START_INTERVIEWS_BEGIN|1
16:05:44.35 (36172304)|FLOW_START_INTERVIEW_BEGIN|6794c82aca082be92f5e4dfc5d6915af747d348-2bd2|High Value Expense Email Alert
16:05:44.35 (36894359)|FLOW_START_INTERVIEW_END|6794c82aca082be92f5e4dfc5d6915af747d348-2bd2|High Value Expense Email Alert
16:05:44.35 (36905446)|FLOW_START_INTERVIEWS_END|1
16:05:44.17 (37747456)|WF_FLOW_ACTION_END|09L46000000Lo2w
16:05:44.17 (37757872)|WF_FLOW_ACTION_BEGIN|09L46000000LqqJ
16:05:44.37 (37789210)|FLOW_CREATE_INTERVIEW_BEGIN|00D46000000buVW|30046000000GrvZ|30146000000CknX
16:05:44.37 (38730370)|FLOW_CREATE_INTERVIEW_END|6795c82aca082be92f5e4dfc5d6915af747d348-2bd3|Submitted Expense
16:05:44.38 (38911294)|FLOW_START_INTERVIEWS_BEGIN|1
16:05:44.38 (39451451)|FLOW_START_INTERVIEW_BEGIN|6795c82aca082be92f5e4dfc5d6915af747d348-2bd3|Submitted Expense
16:05:44.38 (39793635)|FLOW_START_INTERVIEW_END|6795c82aca082be92f5e4dfc5d6915af747d348-2bd3|Submitted Expense
16:05:44.57 (57301979)|CODE_UNIT_STARTED|[EXTERNAL]|Validation:Expense:a0F46000000Fp6m
16:05:44.57 (57312439)|VALIDATION_RULE|03d46000000DMqh|InsertOtherValue
16:05:44.57 (57423002)|VALIDATION_FORMULA|AND (IF (ISPICKVAL( Category__c , "Other"), true, false),  ISBLANK( Other__c ) )|Category__c=Event Registration , Other__c=null
16:05:44.57 (57427270)|VALIDATION_PASS
16:05:44.57 (57429070)|VALIDATION_RULE|03d46000000DP1e|SubmittedError
16:05:44.57 (57480380)|VALIDATION_FORMULA|NOT(ISPICKVAL( Expense_Status__c , "NOT SUBMITTED"))|Expense_Status__c=SUBMITTED
16:05:44.57 (57506896)|VALIDATION_FAIL
16:05:44.57 (57537888)|CODE_UNIT_FINISHED|Validation:Expense:a0F46000000Fp6m
16:05:44.38 (58537702)|FLOW_ELEMENT_ERROR|The flow tried to update these records: null. This error occurred: FIELD_CUSTOM_VALIDATION_EXCEPTION: Submitted Expenses cannot be Deleted or Updated. For details, see <a href='https://developer.salesforce.com/docs/atlas.en-us.api.meta/api/sforce_api_calls_concepts_core_data_objects.htm#'>API Exceptions</a>.|FlowRecordUpdate|myRule_1_A1
16:05:44.38 (73001500)|FLOW_START_INTERVIEWS_END|1
16:05:44.17 (73064566)|WF_FLOW_ACTION_ERROR|09L46000000LqqJ|30046000000GrvZ|Error executing flow: Submitted_Expense, FlowDefId: 30046000000GrvZ, FlowVersionId: 30146000000CknX
16:05:44.17 (73082812)|WF_FLOW_ACTION_ERROR_DETAIL|<b>An unhandled fault has occurred in this flow</b><br>An unhandled fault has occurred while processing the flow.  Please contact your system administrator for more information.
16:05:44.17 (73223519)|WF_FLOW_ACTION_END|09L46000000LqqJ
16:05:44.17 (73236642)|CODE_UNIT_FINISHED|Workflow:01I46000000AdSk
16:05:44.17 (74046313)|EXECUTION_FINISHED
