39.0 APEX_CODE,FINEST;APEX_PROFILING,INFO;CALLOUT,INFO;DB,INFO;SYSTEM,DEBUG;VALIDATION,INFO;VISUALFORCE,INFO;WAVE,INFO;WORKFLOW,INFO
14:05:19.0 (314548)|USER_INFO|[EXTERNAL]|00546000000Iihs|pacosta@altimetrik.com|Argentine Time|GMT-03:00
14:05:19.0 (335217)|EXECUTION_STARTED
14:05:19.0 (339580)|CODE_UNIT_STARTED|[EXTERNAL]|06646000001BW08|VF: /apex/ListOfEmployees
14:05:19.0 (856469)|VF_DESERIALIZE_VIEWSTATE_BEGIN|06646000001BW08
14:05:19.0 (13706146)|HEAP_ALLOCATE|[72]|Bytes:3
14:05:19.0 (13746184)|HEAP_ALLOCATE|[77]|Bytes:152
14:05:19.0 (13758896)|HEAP_ALLOCATE|[342]|Bytes:408
14:05:19.0 (13772991)|HEAP_ALLOCATE|[355]|Bytes:408
14:05:19.0 (13786610)|HEAP_ALLOCATE|[467]|Bytes:48
14:05:19.0 (13814016)|HEAP_ALLOCATE|[139]|Bytes:6
14:05:19.0 (15923866)|HEAP_ALLOCATE|[50]|Bytes:5
14:05:19.0 (15951739)|HEAP_ALLOCATE|[56]|Bytes:5
14:05:19.0 (15959791)|HEAP_ALLOCATE|[64]|Bytes:7
14:05:19.0 (18249309)|VF_DESERIALIZE_VIEWSTATE_END
14:05:19.0 (19129732)|SYSTEM_MODE_ENTER|true
14:05:19.0 (19365966)|HEAP_ALLOCATE|[EXTERNAL]|Bytes:140
14:05:19.0 (19372675)|HEAP_ALLOCATE|[EXTERNAL]|Bytes:46
14:05:19.0 (19381198)|METHOD_ENTRY|[1]|01p46000002wayn|ExpenseController.ExpenseController()
14:05:19.0 (19385142)|STATEMENT_EXECUTE|[1]
14:05:19.0 (19389833)|STATEMENT_EXECUTE|[1]
14:05:19.0 (19395153)|METHOD_EXIT|[1]|ExpenseController
14:05:19.0 (19403619)|HEAP_ALLOCATE|[EXTERNAL]|Bytes:24
14:05:19.0 (19410356)|VARIABLE_SCOPE_BEGIN|[17]|this|ExpenseController|true|false
14:05:19.0 (19479091)|VARIABLE_ASSIGNMENT|[17]|this|{"CountTotalRecords":7,"OffsetSize":0,"QueryLimit":3,"queryString":"","wrappedExpenses":"0x33080a53"}|0x709b647
14:05:19.0 (19489544)|STATEMENT_EXECUTE|[17]
14:05:19.0 (19491241)|STATEMENT_EXECUTE|[19]
14:05:19.0 (19494332)|HEAP_ALLOCATE|[19]|Bytes:161
14:05:19.0 (19500158)|HEAP_ALLOCATE|[22]|Bytes:33
14:05:19.0 (19564387)|HEAP_ALLOCATE|[22]|Bytes:1
14:05:19.0 (19574780)|HEAP_ALLOCATE|[22]|Bytes:8
14:05:19.0 (19583577)|HEAP_ALLOCATE|[22]|Bytes:1
14:05:19.0 (19596121)|HEAP_ALLOCATE|[19]|Bytes:204
14:05:19.0 (21996750)|SOQL_EXECUTE_BEGIN|[19]|Aggregations:0|SELECT Category__c, RecordType.Name, Amount__c, Tax__c, Client_Company__c, Submitted__c, Employee__r.Id, Employee__r.Name, Employee__r.Birthdate FROM Expense__c  ORDER BY Employee__r.Name LIMIT 3 OFFSET 0
14:05:19.0 (32465892)|SOQL_EXECUTE_END|[19]|Rows:3
14:05:19.0 (32485829)|HEAP_ALLOCATE|[19]|Bytes:16
14:05:19.0 (32520554)|HEAP_ALLOCATE|[19]|Bytes:895
14:05:19.0 (32577513)|HEAP_ALLOCATE|[19]|Bytes:16
14:05:19.0 (32598865)|VARIABLE_SCOPE_BEGIN|[19]|results|List<Expense__c>|true|false
14:05:19.0 (32669098)|VARIABLE_ASSIGNMENT|[19]|results|[{"Category__c":"Transportation","RecordTypeId":"012460000005G1FAAU","Amount__c":3500,"Tax__c":455.00,"Submitted__c":true,"Employee__c":"00346000002ojVWAAY","Id":"a0F46000000FBblEAG","RecordType":{"Name":"Business Trips","Id":"012460000005G1FAAU"},"Employee__r":{"Id":"00346000002ojVWAAY","Name":"Carol Ruiz","Birthdate":"2017-10-09T00:00:00.000Z"}},{"RecordTypeId":"012460000005G1FAAU","Amount__c":3000,"Tax__c":390.00,"Submitted__c":true,"Employee__c":"00346000002ojVWAAY","Id":"a0F46000000Fp6rEAC","RecordType":{"Name":"Business Trips","Id":"012460000005G1FAAU"},"Employee__r":{"Id":"00346000002ojVWAAY","Name":"Carol Ruiz","Birthdate":"2017-10-09T00:00:00.000Z"}},{"Category__c":"Event Registration","RecordTypeId":"012460000005G1FAAU","Amount__c":3499,"Tax__c":454.87,"Submitted__c":true,"Employee__c":"00346000002ojVWAAY","Id":"a0F46000000Fp76EAC","RecordType":{"Name":"Business Trips","Id":"012460000005G1FAAU"},"Employee__r":{"Id":"00346000002ojVWAAY","Name":"Carol Ruiz","Birthdate":"2017-10-09T00:00:00.000Z"}}]|0x2c435d1b
14:05:19.0 (32680196)|STATEMENT_EXECUTE|[25]
14:05:19.0 (32687270)|HEAP_ALLOCATE|[25]|Bytes:4
14:05:19.0 (32798908)|VARIABLE_ASSIGNMENT|[EXTERNAL]|this|{"CountTotalRecords":7,"OffsetSize":0,"QueryLimit":3,"queryString":"","wrappedExpenses":"0x33080a53"}|0x709b647
14:05:19.0 (32818882)|HEAP_ALLOCATE|[EXTERNAL]|Bytes:4
14:05:19.0 (32825399)|VARIABLE_ASSIGNMENT|[EXTERNAL]|value|[]|0x4e05fbfe
14:05:19.0 (32837079)|VARIABLE_ASSIGNMENT|[14]|this.wrappedExpenses|[]|0x709b647
14:05:19.0 (33007775)|HEAP_ALLOCATE|[26]|Bytes:5
14:05:19.0 (33042749)|HEAP_ALLOCATE|[26]|Bytes:40
14:05:19.0 (33053570)|VARIABLE_SCOPE_BEGIN|[26]|ex|Expense__c|true|false
14:05:19.0 (33075948)|VARIABLE_ASSIGNMENT|[26]|ex|{"Category__c":"Transportation","RecordTypeId":"012460000005G1FAAU","Amount__c":3500,"Tax__c":455.00,"Submitted__c":true,"Employee__c":"00346000002ojVWAAY","Id":"a0F46000000FBblEAG","RecordType":{"Name":"Business Trips","Id":"012460000005G1FAAU"},"Employee__r":{"Id":"00346000002ojVWAAY","Name":"Carol Ruiz","Birthdate":"2017-10-09T00:00:00.000Z"}}|0x250258e2
14:05:19.0 (33080757)|STATEMENT_EXECUTE|[26]
14:05:19.0 (33082423)|STATEMENT_EXECUTE|[28]
14:05:19.0 (33128395)|VARIABLE_ASSIGNMENT|[EXTERNAL]|this|{"CountTotalRecords":7,"OffsetSize":0,"QueryLimit":3,"queryString":"","wrappedExpenses":"0x4e05fbfe"}|0x709b647
14:05:19.0 (33142833)|HEAP_ALLOCATE|[28]|Bytes:112
14:05:19.0 (33148732)|HEAP_ALLOCATE|[28]|Bytes:5
14:05:19.0 (33177739)|METHOD_ENTRY|[1]|01p46000003buu6|ExpenseWrapper.ExpenseWrapper()
14:05:19.0 (33180763)|STATEMENT_EXECUTE|[1]
14:05:19.0 (33185029)|STATEMENT_EXECUTE|[1]
14:05:19.0 (33189656)|METHOD_EXIT|[1]|ExpenseWrapper
14:05:19.0 (33199055)|HEAP_ALLOCATE|[28]|Bytes:12
14:05:19.0 (33213119)|CONSTRUCTOR_ENTRY|[28]|01p46000003buu6|<init>(Expense__c,Boolean)
14:05:19.0 (33223941)|VARIABLE_SCOPE_BEGIN|[6]|this|ExpenseWrapper|true|false
14:05:19.0 (33244092)|VARIABLE_ASSIGNMENT|[6]|this|{}|0x4435961d
14:05:19.0 (33247138)|VARIABLE_SCOPE_BEGIN|[6]|ex|Expense__c|true|false
14:05:19.0 (33265213)|VARIABLE_ASSIGNMENT|[6]|ex|{"Category__c":"Transportation","RecordTypeId":"012460000005G1FAAU","Amount__c":3500,"Tax__c":455.00,"Submitted__c":true,"Employee__c":"00346000002ojVWAAY","Id":"a0F46000000FBblEAG","RecordType":{"Name":"Business Trips","Id":"012460000005G1FAAU"},"Employee__r":{"Id":"00346000002ojVWAAY","Name":"Carol Ruiz","Birthdate":"2017-10-09T00:00:00.000Z"}}|0x250258e2
14:05:19.0 (33271859)|VARIABLE_SCOPE_BEGIN|[6]|check|Boolean|false|false
14:05:19.0 (33275033)|VARIABLE_ASSIGNMENT|[6]|check|false
14:05:19.0 (33278387)|STATEMENT_EXECUTE|[1]
14:05:19.0 (33280007)|STATEMENT_EXECUTE|[3]
14:05:19.0 (33281153)|STATEMENT_EXECUTE|[4]
14:05:19.0 (33287224)|HEAP_ALLOCATE|[8]|Bytes:6
14:05:19.0 (33307401)|STATEMENT_EXECUTE|[6]
14:05:19.0 (33308763)|STATEMENT_EXECUTE|[8]
14:05:19.0 (33361624)|VARIABLE_ASSIGNMENT|[EXTERNAL]|this|{}|0x4435961d
14:05:19.0 (33380304)|VARIABLE_ASSIGNMENT|[EXTERNAL]|value|{"Category__c":"Transportation","RecordTypeId":"012460000005G1FAAU","Amount__c":3500,"Tax__c":455.00,"Submitted__c":true,"Employee__c":"00346000002ojVWAAY","Id":"a0F46000000FBblEAG","RecordType":{"Name":"Business Trips","Id":"012460000005G1FAAU"},"Employee__r":{"Id":"00346000002ojVWAAY","Name":"Carol Ruiz","Birthdate":"2017-10-09T00:00:00.000Z"}}|0x250258e2
14:05:19.0 (33398223)|VARIABLE_ASSIGNMENT|[3]|this.expense|{"Category__c":"Transportation","RecordTypeId":"012460000005G1FAAU","Amount__c":3500,"Tax__c":455.00,"Submitted__c":true,"Employee__c":"00346000002ojVWAAY","Id":"a0F46000000FBblEAG","RecordType":{"Name":"Business Trips","Id":"012460000005G1FAAU"},"Employee__r":{"Id":"00346000002ojVWAAY","Name":"Carol Ruiz","Birthdate":"2017-10-09T00:00:00.000Z"}}|0x4435961d
14:05:19.0 (33405673)|STATEMENT_EXECUTE|[9]
14:05:19.0 (33438088)|VARIABLE_ASSIGNMENT|[EXTERNAL]|this|{"expense":"0x250258e2"}|0x4435961d
14:05:19.0 (33444681)|VARIABLE_ASSIGNMENT|[EXTERNAL]|value|false
14:05:19.0 (33448749)|HEAP_ALLOCATE|[4]|Bytes:5
14:05:19.0 (33453628)|VARIABLE_ASSIGNMENT|[4]|this.checked|false|0x4435961d
14:05:19.0 (33462761)|CONSTRUCTOR_EXIT|[28]|01p46000003buu6|<init>(Expense__c,Boolean)
14:05:19.0 (33473966)|HEAP_ALLOCATE|[EXTERNAL]|Bytes:4
14:05:19.0 (33484928)|HEAP_ALLOCATE|[26]|Bytes:5
14:05:19.0 (33506648)|HEAP_ALLOCATE|[26]|Bytes:36
14:05:19.0 (33512907)|VARIABLE_SCOPE_BEGIN|[26]|ex|Expense__c|true|false
14:05:19.0 (33530879)|VARIABLE_ASSIGNMENT|[26]|ex|{"RecordTypeId":"012460000005G1FAAU","Amount__c":3000,"Tax__c":390.00,"Submitted__c":true,"Employee__c":"00346000002ojVWAAY","Id":"a0F46000000Fp6rEAC","RecordType":{"Name":"Business Trips","Id":"012460000005G1FAAU"},"Employee__r":{"Id":"00346000002ojVWAAY","Name":"Carol Ruiz","Birthdate":"2017-10-09T00:00:00.000Z"}}|0xc03294
14:05:19.0 (33535444)|STATEMENT_EXECUTE|[26]
14:05:19.0 (33536890)|STATEMENT_EXECUTE|[28]
14:05:19.0 (33558644)|VARIABLE_ASSIGNMENT|[EXTERNAL]|this|{"CountTotalRecords":7,"OffsetSize":0,"QueryLimit":3,"queryString":"","wrappedExpenses":"0x4e05fbfe"}|0x709b647
14:05:19.0 (33567628)|HEAP_ALLOCATE|[28]|Bytes:12
14:05:19.0 (33575562)|CONSTRUCTOR_ENTRY|[28]|01p46000003buu6|<init>(Expense__c,Boolean)
14:05:19.0 (33578844)|VARIABLE_SCOPE_BEGIN|[6]|this|ExpenseWrapper|true|false
14:05:19.0 (33586703)|VARIABLE_ASSIGNMENT|[6]|this|{}|0x44c0ad77
14:05:19.0 (33588323)|VARIABLE_SCOPE_BEGIN|[6]|ex|Expense__c|true|false
14:05:19.0 (33601312)|VARIABLE_ASSIGNMENT|[6]|ex|{"RecordTypeId":"012460000005G1FAAU","Amount__c":3000,"Tax__c":390.00,"Submitted__c":true,"Employee__c":"00346000002ojVWAAY","Id":"a0F46000000Fp6rEAC","RecordType":{"Name":"Business Trips","Id":"012460000005G1FAAU"},"Employee__r":{"Id":"00346000002ojVWAAY","Name":"Carol Ruiz","Birthdate":"2017-10-09T00:00:00.000Z"}}|0xc03294
14:05:19.0 (33605368)|VARIABLE_SCOPE_BEGIN|[6]|check|Boolean|false|false
14:05:19.0 (33608353)|VARIABLE_ASSIGNMENT|[6]|check|false
14:05:19.0 (33610713)|STATEMENT_EXECUTE|[1]
14:05:19.0 (33611943)|STATEMENT_EXECUTE|[3]
14:05:19.0 (33613123)|STATEMENT_EXECUTE|[4]
14:05:19.0 (33621857)|STATEMENT_EXECUTE|[6]
14:05:19.0 (33623023)|STATEMENT_EXECUTE|[8]
14:05:19.0 (33633247)|VARIABLE_ASSIGNMENT|[EXTERNAL]|this|{}|0x44c0ad77
14:05:19.0 (33645803)|VARIABLE_ASSIGNMENT|[EXTERNAL]|value|{"RecordTypeId":"012460000005G1FAAU","Amount__c":3000,"Tax__c":390.00,"Submitted__c":true,"Employee__c":"00346000002ojVWAAY","Id":"a0F46000000Fp6rEAC","RecordType":{"Name":"Business Trips","Id":"012460000005G1FAAU"},"Employee__r":{"Id":"00346000002ojVWAAY","Name":"Carol Ruiz","Birthdate":"2017-10-09T00:00:00.000Z"}}|0xc03294
14:05:19.0 (33659939)|VARIABLE_ASSIGNMENT|[3]|this.expense|{"RecordTypeId":"012460000005G1FAAU","Amount__c":3000,"Tax__c":390.00,"Submitted__c":true,"Employee__c":"00346000002ojVWAAY","Id":"a0F46000000Fp6rEAC","RecordType":{"Name":"Business Trips","Id":"012460000005G1FAAU"},"Employee__r":{"Id":"00346000002ojVWAAY","Name":"Carol Ruiz","Birthdate":"2017-10-09T00:00:00.000Z"}}|0x44c0ad77
14:05:19.0 (33665580)|STATEMENT_EXECUTE|[9]
14:05:19.0 (33675679)|VARIABLE_ASSIGNMENT|[EXTERNAL]|this|{"expense":"0xc03294"}|0x44c0ad77
14:05:19.0 (33679925)|VARIABLE_ASSIGNMENT|[EXTERNAL]|value|false
14:05:19.0 (33682899)|HEAP_ALLOCATE|[4]|Bytes:5
14:05:19.0 (33686880)|VARIABLE_ASSIGNMENT|[4]|this.checked|false|0x44c0ad77
14:05:19.0 (33694207)|CONSTRUCTOR_EXIT|[28]|01p46000003buu6|<init>(Expense__c,Boolean)
14:05:19.0 (33700839)|HEAP_ALLOCATE|[EXTERNAL]|Bytes:4
14:05:19.0 (33709139)|HEAP_ALLOCATE|[26]|Bytes:5
14:05:19.0 (33727305)|HEAP_ALLOCATE|[26]|Bytes:40
14:05:19.0 (33732296)|VARIABLE_SCOPE_BEGIN|[26]|ex|Expense__c|true|false
14:05:19.0 (33749091)|VARIABLE_ASSIGNMENT|[26]|ex|{"Category__c":"Event Registration","RecordTypeId":"012460000005G1FAAU","Amount__c":3499,"Tax__c":454.87,"Submitted__c":true,"Employee__c":"00346000002ojVWAAY","Id":"a0F46000000Fp76EAC","RecordType":{"Name":"Business Trips","Id":"012460000005G1FAAU"},"Employee__r":{"Id":"00346000002ojVWAAY","Name":"Carol Ruiz","Birthdate":"2017-10-09T00:00:00.000Z"}}|0x2b221ff5
14:05:19.0 (33753436)|STATEMENT_EXECUTE|[26]
14:05:19.0 (33754847)|STATEMENT_EXECUTE|[28]
14:05:19.0 (33774089)|VARIABLE_ASSIGNMENT|[EXTERNAL]|this|{"CountTotalRecords":7,"OffsetSize":0,"QueryLimit":3,"queryString":"","wrappedExpenses":"0x4e05fbfe"}|0x709b647
14:05:19.0 (33781432)|HEAP_ALLOCATE|[28]|Bytes:12
14:05:19.0 (33788256)|CONSTRUCTOR_ENTRY|[28]|01p46000003buu6|<init>(Expense__c,Boolean)
14:05:19.0 (33791202)|VARIABLE_SCOPE_BEGIN|[6]|this|ExpenseWrapper|true|false
14:05:19.0 (33798596)|VARIABLE_ASSIGNMENT|[6]|this|{}|0x1ee8c924
14:05:19.0 (33800139)|VARIABLE_SCOPE_BEGIN|[6]|ex|Expense__c|true|false
14:05:19.0 (33813537)|VARIABLE_ASSIGNMENT|[6]|ex|{"Category__c":"Event Registration","RecordTypeId":"012460000005G1FAAU","Amount__c":3499,"Tax__c":454.87,"Submitted__c":true,"Employee__c":"00346000002ojVWAAY","Id":"a0F46000000Fp76EAC","RecordType":{"Name":"Business Trips","Id":"012460000005G1FAAU"},"Employee__r":{"Id":"00346000002ojVWAAY","Name":"Carol Ruiz","Birthdate":"2017-10-09T00:00:00.000Z"}}|0x2b221ff5
14:05:19.0 (33818431)|VARIABLE_SCOPE_BEGIN|[6]|check|Boolean|false|false
14:05:19.0 (33821277)|VARIABLE_ASSIGNMENT|[6]|check|false
14:05:19.0 (33823482)|STATEMENT_EXECUTE|[1]
14:05:19.0 (33824678)|STATEMENT_EXECUTE|[3]
14:05:19.0 (33825801)|STATEMENT_EXECUTE|[4]
14:05:19.0 (33833607)|STATEMENT_EXECUTE|[6]
14:05:19.0 (33834822)|STATEMENT_EXECUTE|[8]
14:05:19.0 (33844264)|VARIABLE_ASSIGNMENT|[EXTERNAL]|this|{}|0x1ee8c924
14:05:19.0 (33856854)|VARIABLE_ASSIGNMENT|[EXTERNAL]|value|{"Category__c":"Event Registration","RecordTypeId":"012460000005G1FAAU","Amount__c":3499,"Tax__c":454.87,"Submitted__c":true,"Employee__c":"00346000002ojVWAAY","Id":"a0F46000000Fp76EAC","RecordType":{"Name":"Business Trips","Id":"012460000005G1FAAU"},"Employee__r":{"Id":"00346000002ojVWAAY","Name":"Carol Ruiz","Birthdate":"2017-10-09T00:00:00.000Z"}}|0x2b221ff5
14:05:19.0 (33870796)|VARIABLE_ASSIGNMENT|[3]|this.expense|{"Category__c":"Event Registration","RecordTypeId":"012460000005G1FAAU","Amount__c":3499,"Tax__c":454.87,"Submitted__c":true,"Employee__c":"00346000002ojVWAAY","Id":"a0F46000000Fp76EAC","RecordType":{"Name":"Business Trips","Id":"012460000005G1FAAU"},"Employee__r":{"Id":"00346000002ojVWAAY","Name":"Carol Ruiz","Birthdate":"2017-10-09T00:00:00.000Z"}}|0x1ee8c924
14:05:19.0 (33876739)|STATEMENT_EXECUTE|[9]
14:05:19.0 (33886594)|VARIABLE_ASSIGNMENT|[EXTERNAL]|this|{"expense":"0x2b221ff5"}|0x1ee8c924
14:05:19.0 (33891066)|VARIABLE_ASSIGNMENT|[EXTERNAL]|value|false
14:05:19.0 (33893777)|HEAP_ALLOCATE|[4]|Bytes:5
14:05:19.0 (33897628)|VARIABLE_ASSIGNMENT|[4]|this.checked|false|0x1ee8c924
14:05:19.0 (33904459)|CONSTRUCTOR_EXIT|[28]|01p46000003buu6|<init>(Expense__c,Boolean)
14:05:19.0 (33910129)|HEAP_ALLOCATE|[EXTERNAL]|Bytes:4
14:05:19.0 (33917995)|HEAP_ALLOCATE|[26]|Bytes:5
14:05:19.0 (33926311)|VARIABLE_ASSIGNMENT|[26]|ex|null|
14:05:19.0 (33929265)|STATEMENT_EXECUTE|[32]
14:05:19.0 (33956374)|VARIABLE_ASSIGNMENT|[EXTERNAL]|this|{"CountTotalRecords":7,"OffsetSize":0,"QueryLimit":3,"queryString":"","wrappedExpenses":"0x4e05fbfe"}|0x709b647
14:05:19.0 (34509494)|SYSTEM_MODE_ENTER|true
14:05:19.0 (34542345)|HEAP_ALLOCATE|[EXTERNAL]|Bytes:24
14:05:19.0 (34549492)|VARIABLE_SCOPE_BEGIN|[107]|this|ExpenseController|true|false
14:05:19.0 (34573422)|VARIABLE_ASSIGNMENT|[107]|this|{"CountTotalRecords":7,"OffsetSize":0,"QueryLimit":3,"queryString":"","wrappedExpenses":"0x4e05fbfe"}|0x709b647
14:05:19.0 (34582028)|STATEMENT_EXECUTE|[107]
14:05:19.0 (34589078)|STATEMENT_EXECUTE|[111]
14:05:19.0 (34594467)|HEAP_ALLOCATE|[111]|Bytes:5
14:05:19.0 (34669806)|SYSTEM_MODE_ENTER|true
14:05:19.0 (34691459)|HEAP_ALLOCATE|[EXTERNAL]|Bytes:24
14:05:19.0 (34696604)|VARIABLE_SCOPE_BEGIN|[114]|this|ExpenseController|true|false
14:05:19.0 (34716161)|VARIABLE_ASSIGNMENT|[114]|this|{"CountTotalRecords":7,"OffsetSize":0,"QueryLimit":3,"queryString":"","wrappedExpenses":"0x4e05fbfe"}|0x709b647
14:05:19.0 (34722083)|STATEMENT_EXECUTE|[114]
14:05:19.0 (34758064)|VARIABLE_ASSIGNMENT|[EXTERNAL]|this|{"CountTotalRecords":7,"OffsetSize":0,"QueryLimit":3,"queryString":"","wrappedExpenses":"0x4e05fbfe"}|0x709b647
14:05:19.0 (34767987)|STATEMENT_EXECUTE|[115]
14:05:19.0 (34769758)|STATEMENT_EXECUTE|[116]
14:05:19.0 (34774487)|HEAP_ALLOCATE|[116]|Bytes:5
14:05:19.0 (35086798)|HEAP_ALLOCATE|[EXTERNAL]|Bytes:5
14:05:19.0 (35090776)|HEAP_ALLOCATE|[EXTERNAL]|Bytes:12
14:05:19.0 (35098278)|VARIABLE_ASSIGNMENT|[EXTERNAL]|this.checked|false|0x4435961d
14:05:19.0 (35144337)|HEAP_ALLOCATE|[EXTERNAL]|Bytes:5
14:05:19.0 (35146869)|HEAP_ALLOCATE|[EXTERNAL]|Bytes:12
14:05:19.0 (35152215)|VARIABLE_ASSIGNMENT|[EXTERNAL]|this.checked|false|0x44c0ad77
14:05:19.0 (35185654)|HEAP_ALLOCATE|[EXTERNAL]|Bytes:5
14:05:19.0 (35187976)|HEAP_ALLOCATE|[EXTERNAL]|Bytes:12
14:05:19.0 (35192579)|VARIABLE_ASSIGNMENT|[EXTERNAL]|this.checked|false|0x1ee8c924
14:05:19.0 (35334932)|HEAP_ALLOCATE|[EXTERNAL]|Bytes:24
14:05:19.0 (35341344)|VARIABLE_SCOPE_BEGIN|[80]|this|ExpenseController|true|false
14:05:19.0 (35364146)|VARIABLE_ASSIGNMENT|[80]|this|{"CountTotalRecords":7,"OffsetSize":0,"QueryLimit":3,"queryString":"","wrappedExpenses":"0x4e05fbfe"}|0x709b647
14:05:19.0 (35370957)|STATEMENT_EXECUTE|[80]
14:05:19.0 (35372661)|STATEMENT_EXECUTE|[82]
14:05:19.0 (35382300)|VARIABLE_ASSIGNMENT|[82]|this.queryString|""|0x709b647
14:05:19.0 (38682996)|SYSTEM_MODE_ENTER|true
14:05:19.0 (38703026)|HEAP_ALLOCATE|[EXTERNAL]|Bytes:96
14:05:19.0 (38709028)|HEAP_ALLOCATE|[EXTERNAL]|Bytes:6
14:05:19.0 (38715750)|METHOD_ENTRY|[1]|01p46000002ySm2|SaveAsPdfExtension.SaveAsPdfExtension()
14:05:19.0 (38718417)|STATEMENT_EXECUTE|[1]
14:05:19.0 (38721768)|STATEMENT_EXECUTE|[1]
14:05:19.0 (38725546)|METHOD_EXIT|[1]|SaveAsPdfExtension
14:05:19.0 (38902822)|SYSTEM_MODE_ENTER|true
14:05:19.0 (38925785)|HEAP_ALLOCATE|[EXTERNAL]|Bytes:24
14:05:19.0 (38930311)|VARIABLE_SCOPE_BEGIN|[17]|this|ExpenseController|true|false
14:05:19.0 (38955184)|VARIABLE_ASSIGNMENT|[17]|this|{"CountTotalRecords":7,"OffsetSize":0,"QueryLimit":3,"queryString":"","wrappedExpenses":"0x4e05fbfe"}|0x709b647
14:05:19.0 (38961782)|STATEMENT_EXECUTE|[17]
14:05:19.0 (38963554)|STATEMENT_EXECUTE|[19]
14:05:19.0 (38982828)|HEAP_ALLOCATE|[22]|Bytes:1
14:05:19.0 (38996429)|HEAP_ALLOCATE|[22]|Bytes:1
14:05:19.0 (39005892)|HEAP_ALLOCATE|[19]|Bytes:204
14:05:19.0 (39377933)|SOQL_EXECUTE_BEGIN|[19]|Aggregations:0|SELECT Category__c, RecordType.Name, Amount__c, Tax__c, Client_Company__c, Submitted__c, Employee__r.Id, Employee__r.Name, Employee__r.Birthdate FROM Expense__c  ORDER BY Employee__r.Name LIMIT 3 OFFSET 0
14:05:19.0 (44164549)|SOQL_EXECUTE_END|[19]|Rows:3
14:05:19.0 (44178416)|HEAP_ALLOCATE|[19]|Bytes:16
14:05:19.0 (44204840)|HEAP_ALLOCATE|[19]|Bytes:895
14:05:19.0 (44219596)|HEAP_ALLOCATE|[19]|Bytes:16
14:05:19.0 (44232340)|VARIABLE_SCOPE_BEGIN|[19]|results|List<Expense__c>|true|false
14:05:19.0 (44280222)|VARIABLE_ASSIGNMENT|[19]|results|[{"Category__c":"Transportation","RecordTypeId":"012460000005G1FAAU","Amount__c":3500,"Tax__c":455.00,"Submitted__c":true,"Employee__c":"00346000002ojVWAAY","Id":"a0F46000000FBblEAG","RecordType":{"Name":"Business Trips","Id":"012460000005G1FAAU"},"Employee__r":{"Id":"00346000002ojVWAAY","Name":"Carol Ruiz","Birthdate":"2017-10-09T00:00:00.000Z"}},{"RecordTypeId":"012460000005G1FAAU","Amount__c":3000,"Tax__c":390.00,"Submitted__c":true,"Employee__c":"00346000002ojVWAAY","Id":"a0F46000000Fp6rEAC","RecordType":{"Name":"Business Trips","Id":"012460000005G1FAAU"},"Employee__r":{"Id":"00346000002ojVWAAY","Name":"Carol Ruiz","Birthdate":"2017-10-09T00:00:00.000Z"}},{"Category__c":"Event Registration","RecordTypeId":"012460000005G1FAAU","Amount__c":3499,"Tax__c":454.87,"Submitted__c":true,"Employee__c":"00346000002ojVWAAY","Id":"a0F46000000Fp76EAC","RecordType":{"Name":"Business Trips","Id":"012460000005G1FAAU"},"Employee__r":{"Id":"00346000002ojVWAAY","Name":"Carol Ruiz","Birthdate":"2017-10-09T00:00:00.000Z"}}]|0x2d2605b1
14:05:19.0 (44287853)|STATEMENT_EXECUTE|[25]
14:05:19.0 (44291903)|HEAP_ALLOCATE|[25]|Bytes:4
14:05:19.0 (44330622)|VARIABLE_ASSIGNMENT|[EXTERNAL]|this|{"CountTotalRecords":7,"OffsetSize":0,"QueryLimit":3,"queryString":"","wrappedExpenses":"0x4e05fbfe"}|0x709b647
14:05:19.0 (44341018)|HEAP_ALLOCATE|[EXTERNAL]|Bytes:4
14:05:19.0 (44346131)|VARIABLE_ASSIGNMENT|[EXTERNAL]|value|[]|0x1736f740
14:05:19.0 (44353387)|VARIABLE_ASSIGNMENT|[14]|this.wrappedExpenses|[]|0x709b647
14:05:19.0 (44373891)|HEAP_ALLOCATE|[26]|Bytes:5
14:05:19.0 (44396601)|HEAP_ALLOCATE|[26]|Bytes:40
14:05:19.0 (44402976)|VARIABLE_SCOPE_BEGIN|[26]|ex|Expense__c|true|false
14:05:19.0 (44422563)|VARIABLE_ASSIGNMENT|[26]|ex|{"Category__c":"Transportation","RecordTypeId":"012460000005G1FAAU","Amount__c":3500,"Tax__c":455.00,"Submitted__c":true,"Employee__c":"00346000002ojVWAAY","Id":"a0F46000000FBblEAG","RecordType":{"Name":"Business Trips","Id":"012460000005G1FAAU"},"Employee__r":{"Id":"00346000002ojVWAAY","Name":"Carol Ruiz","Birthdate":"2017-10-09T00:00:00.000Z"}}|0x419ef2a4
14:05:19.0 (44427360)|STATEMENT_EXECUTE|[26]
14:05:19.0 (44428789)|STATEMENT_EXECUTE|[28]
14:05:19.0 (44451613)|VARIABLE_ASSIGNMENT|[EXTERNAL]|this|{"CountTotalRecords":7,"OffsetSize":0,"QueryLimit":3,"queryString":"","wrappedExpenses":"0x1736f740"}|0x709b647
14:05:19.0 (44460585)|HEAP_ALLOCATE|[28]|Bytes:12
14:05:19.0 (44469977)|CONSTRUCTOR_ENTRY|[28]|01p46000003buu6|<init>(Expense__c,Boolean)
14:05:19.0 (44473571)|VARIABLE_SCOPE_BEGIN|[6]|this|ExpenseWrapper|true|false
14:05:19.0 (44482745)|VARIABLE_ASSIGNMENT|[6]|this|{}|0x15f41fbf
14:05:19.0 (44484456)|VARIABLE_SCOPE_BEGIN|[6]|ex|Expense__c|true|false
14:05:19.0 (44498500)|VARIABLE_ASSIGNMENT|[6]|ex|{"Category__c":"Transportation","RecordTypeId":"012460000005G1FAAU","Amount__c":3500,"Tax__c":455.00,"Submitted__c":true,"Employee__c":"00346000002ojVWAAY","Id":"a0F46000000FBblEAG","RecordType":{"Name":"Business Trips","Id":"012460000005G1FAAU"},"Employee__r":{"Id":"00346000002ojVWAAY","Name":"Carol Ruiz","Birthdate":"2017-10-09T00:00:00.000Z"}}|0x419ef2a4
14:05:19.0 (44503925)|VARIABLE_SCOPE_BEGIN|[6]|check|Boolean|false|false
14:05:19.0 (44506951)|VARIABLE_ASSIGNMENT|[6]|check|false
14:05:19.0 (44509605)|STATEMENT_EXECUTE|[1]
14:05:19.0 (44510997)|STATEMENT_EXECUTE|[3]
14:05:19.0 (44512192)|STATEMENT_EXECUTE|[4]
14:05:19.0 (44522084)|STATEMENT_EXECUTE|[6]
14:05:19.0 (44523303)|STATEMENT_EXECUTE|[8]
14:05:19.0 (44534279)|VARIABLE_ASSIGNMENT|[EXTERNAL]|this|{}|0x15f41fbf
14:05:19.0 (44548046)|VARIABLE_ASSIGNMENT|[EXTERNAL]|value|{"Category__c":"Transportation","RecordTypeId":"012460000005G1FAAU","Amount__c":3500,"Tax__c":455.00,"Submitted__c":true,"Employee__c":"00346000002ojVWAAY","Id":"a0F46000000FBblEAG","RecordType":{"Name":"Business Trips","Id":"012460000005G1FAAU"},"Employee__r":{"Id":"00346000002ojVWAAY","Name":"Carol Ruiz","Birthdate":"2017-10-09T00:00:00.000Z"}}|0x419ef2a4
14:05:19.0 (44563333)|VARIABLE_ASSIGNMENT|[3]|this.expense|{"Category__c":"Transportation","RecordTypeId":"012460000005G1FAAU","Amount__c":3500,"Tax__c":455.00,"Submitted__c":true,"Employee__c":"00346000002ojVWAAY","Id":"a0F46000000FBblEAG","RecordType":{"Name":"Business Trips","Id":"012460000005G1FAAU"},"Employee__r":{"Id":"00346000002ojVWAAY","Name":"Carol Ruiz","Birthdate":"2017-10-09T00:00:00.000Z"}}|0x15f41fbf
14:05:19.0 (44569515)|STATEMENT_EXECUTE|[9]
14:05:19.0 (44580247)|VARIABLE_ASSIGNMENT|[EXTERNAL]|this|{"expense":"0x419ef2a4"}|0x15f41fbf
14:05:19.0 (44584734)|VARIABLE_ASSIGNMENT|[EXTERNAL]|value|false
14:05:19.0 (44587717)|HEAP_ALLOCATE|[4]|Bytes:5
14:05:19.0 (44591771)|VARIABLE_ASSIGNMENT|[4]|this.checked|false|0x15f41fbf
14:05:19.0 (44599446)|CONSTRUCTOR_EXIT|[28]|01p46000003buu6|<init>(Expense__c,Boolean)
14:05:19.0 (44606537)|HEAP_ALLOCATE|[EXTERNAL]|Bytes:4
14:05:19.0 (44615813)|HEAP_ALLOCATE|[26]|Bytes:5
14:05:19.0 (44634428)|HEAP_ALLOCATE|[26]|Bytes:36
14:05:19.0 (44639802)|VARIABLE_SCOPE_BEGIN|[26]|ex|Expense__c|true|false
14:05:19.0 (44656079)|VARIABLE_ASSIGNMENT|[26]|ex|{"RecordTypeId":"012460000005G1FAAU","Amount__c":3000,"Tax__c":390.00,"Submitted__c":true,"Employee__c":"00346000002ojVWAAY","Id":"a0F46000000Fp6rEAC","RecordType":{"Name":"Business Trips","Id":"012460000005G1FAAU"},"Employee__r":{"Id":"00346000002ojVWAAY","Name":"Carol Ruiz","Birthdate":"2017-10-09T00:00:00.000Z"}}|0x1ba2a076
14:05:19.0 (44660299)|STATEMENT_EXECUTE|[26]
14:05:19.0 (44661646)|STATEMENT_EXECUTE|[28]
14:05:19.0 (44681505)|VARIABLE_ASSIGNMENT|[EXTERNAL]|this|{"CountTotalRecords":7,"OffsetSize":0,"QueryLimit":3,"queryString":"","wrappedExpenses":"0x1736f740"}|0x709b647
14:05:19.0 (44689339)|HEAP_ALLOCATE|[28]|Bytes:12
14:05:19.0 (44696589)|CONSTRUCTOR_ENTRY|[28]|01p46000003buu6|<init>(Expense__c,Boolean)
14:05:19.0 (44699554)|VARIABLE_SCOPE_BEGIN|[6]|this|ExpenseWrapper|true|false
14:05:19.0 (44707714)|VARIABLE_ASSIGNMENT|[6]|this|{}|0x453a7f1e
14:05:19.0 (44709257)|VARIABLE_SCOPE_BEGIN|[6]|ex|Expense__c|true|false
14:05:19.0 (44722259)|VARIABLE_ASSIGNMENT|[6]|ex|{"RecordTypeId":"012460000005G1FAAU","Amount__c":3000,"Tax__c":390.00,"Submitted__c":true,"Employee__c":"00346000002ojVWAAY","Id":"a0F46000000Fp6rEAC","RecordType":{"Name":"Business Trips","Id":"012460000005G1FAAU"},"Employee__r":{"Id":"00346000002ojVWAAY","Name":"Carol Ruiz","Birthdate":"2017-10-09T00:00:00.000Z"}}|0x1ba2a076
14:05:19.0 (44726525)|VARIABLE_SCOPE_BEGIN|[6]|check|Boolean|false|false
14:05:19.0 (44728916)|VARIABLE_ASSIGNMENT|[6]|check|false
14:05:19.0 (44731280)|STATEMENT_EXECUTE|[1]
14:05:19.0 (44732441)|STATEMENT_EXECUTE|[3]
14:05:19.0 (44733536)|STATEMENT_EXECUTE|[4]
14:05:19.0 (44741318)|STATEMENT_EXECUTE|[6]
14:05:19.0 (44742470)|STATEMENT_EXECUTE|[8]
14:05:19.0 (44751812)|VARIABLE_ASSIGNMENT|[EXTERNAL]|this|{}|0x453a7f1e
14:05:19.0 (44764121)|VARIABLE_ASSIGNMENT|[EXTERNAL]|value|{"RecordTypeId":"012460000005G1FAAU","Amount__c":3000,"Tax__c":390.00,"Submitted__c":true,"Employee__c":"00346000002ojVWAAY","Id":"a0F46000000Fp6rEAC","RecordType":{"Name":"Business Trips","Id":"012460000005G1FAAU"},"Employee__r":{"Id":"00346000002ojVWAAY","Name":"Carol Ruiz","Birthdate":"2017-10-09T00:00:00.000Z"}}|0x1ba2a076
14:05:19.0 (44777955)|VARIABLE_ASSIGNMENT|[3]|this.expense|{"RecordTypeId":"012460000005G1FAAU","Amount__c":3000,"Tax__c":390.00,"Submitted__c":true,"Employee__c":"00346000002ojVWAAY","Id":"a0F46000000Fp6rEAC","RecordType":{"Name":"Business Trips","Id":"012460000005G1FAAU"},"Employee__r":{"Id":"00346000002ojVWAAY","Name":"Carol Ruiz","Birthdate":"2017-10-09T00:00:00.000Z"}}|0x453a7f1e
14:05:19.0 (44782806)|STATEMENT_EXECUTE|[9]
14:05:19.0 (44792548)|VARIABLE_ASSIGNMENT|[EXTERNAL]|this|{"expense":"0x1ba2a076"}|0x453a7f1e
14:05:19.0 (44796494)|VARIABLE_ASSIGNMENT|[EXTERNAL]|value|false
14:05:19.0 (44799348)|HEAP_ALLOCATE|[4]|Bytes:5
14:05:19.0 (44803142)|VARIABLE_ASSIGNMENT|[4]|this.checked|false|0x453a7f1e
14:05:19.0 (44810083)|CONSTRUCTOR_EXIT|[28]|01p46000003buu6|<init>(Expense__c,Boolean)
14:05:19.0 (44816029)|HEAP_ALLOCATE|[EXTERNAL]|Bytes:4
14:05:19.0 (44824497)|HEAP_ALLOCATE|[26]|Bytes:5
14:05:19.0 (44841289)|HEAP_ALLOCATE|[26]|Bytes:40
14:05:19.0 (44846140)|VARIABLE_SCOPE_BEGIN|[26]|ex|Expense__c|true|false
14:05:19.0 (44862345)|VARIABLE_ASSIGNMENT|[26]|ex|{"Category__c":"Event Registration","RecordTypeId":"012460000005G1FAAU","Amount__c":3499,"Tax__c":454.87,"Submitted__c":true,"Employee__c":"00346000002ojVWAAY","Id":"a0F46000000Fp76EAC","RecordType":{"Name":"Business Trips","Id":"012460000005G1FAAU"},"Employee__r":{"Id":"00346000002ojVWAAY","Name":"Carol Ruiz","Birthdate":"2017-10-09T00:00:00.000Z"}}|0x37d11fcb
14:05:19.0 (44866844)|STATEMENT_EXECUTE|[26]
14:05:19.0 (44868221)|STATEMENT_EXECUTE|[28]
14:05:19.0 (44886826)|VARIABLE_ASSIGNMENT|[EXTERNAL]|this|{"CountTotalRecords":7,"OffsetSize":0,"QueryLimit":3,"queryString":"","wrappedExpenses":"0x1736f740"}|0x709b647
14:05:19.0 (44893666)|HEAP_ALLOCATE|[28]|Bytes:12
14:05:19.0 (44900363)|CONSTRUCTOR_ENTRY|[28]|01p46000003buu6|<init>(Expense__c,Boolean)
14:05:19.0 (44903226)|VARIABLE_SCOPE_BEGIN|[6]|this|ExpenseWrapper|true|false
14:05:19.0 (44910651)|VARIABLE_ASSIGNMENT|[6]|this|{}|0x58ace185
14:05:19.0 (44912128)|VARIABLE_SCOPE_BEGIN|[6]|ex|Expense__c|true|false
14:05:19.0 (44925588)|VARIABLE_ASSIGNMENT|[6]|ex|{"Category__c":"Event Registration","RecordTypeId":"012460000005G1FAAU","Amount__c":3499,"Tax__c":454.87,"Submitted__c":true,"Employee__c":"00346000002ojVWAAY","Id":"a0F46000000Fp76EAC","RecordType":{"Name":"Business Trips","Id":"012460000005G1FAAU"},"Employee__r":{"Id":"00346000002ojVWAAY","Name":"Carol Ruiz","Birthdate":"2017-10-09T00:00:00.000Z"}}|0x37d11fcb
14:05:19.0 (44930694)|VARIABLE_SCOPE_BEGIN|[6]|check|Boolean|false|false
14:05:19.0 (44933078)|VARIABLE_ASSIGNMENT|[6]|check|false
14:05:19.0 (44935267)|STATEMENT_EXECUTE|[1]
14:05:19.0 (44936488)|STATEMENT_EXECUTE|[3]
14:05:19.0 (44937598)|STATEMENT_EXECUTE|[4]
14:05:19.0 (44945021)|STATEMENT_EXECUTE|[6]
14:05:19.0 (44946375)|STATEMENT_EXECUTE|[8]
14:05:19.0 (44955833)|VARIABLE_ASSIGNMENT|[EXTERNAL]|this|{}|0x58ace185
14:05:19.0 (44968966)|VARIABLE_ASSIGNMENT|[EXTERNAL]|value|{"Category__c":"Event Registration","RecordTypeId":"012460000005G1FAAU","Amount__c":3499,"Tax__c":454.87,"Submitted__c":true,"Employee__c":"00346000002ojVWAAY","Id":"a0F46000000Fp76EAC","RecordType":{"Name":"Business Trips","Id":"012460000005G1FAAU"},"Employee__r":{"Id":"00346000002ojVWAAY","Name":"Carol Ruiz","Birthdate":"2017-10-09T00:00:00.000Z"}}|0x37d11fcb
14:05:19.0 (44983283)|VARIABLE_ASSIGNMENT|[3]|this.expense|{"Category__c":"Event Registration","RecordTypeId":"012460000005G1FAAU","Amount__c":3499,"Tax__c":454.87,"Submitted__c":true,"Employee__c":"00346000002ojVWAAY","Id":"a0F46000000Fp76EAC","RecordType":{"Name":"Business Trips","Id":"012460000005G1FAAU"},"Employee__r":{"Id":"00346000002ojVWAAY","Name":"Carol Ruiz","Birthdate":"2017-10-09T00:00:00.000Z"}}|0x58ace185
14:05:19.0 (44989028)|STATEMENT_EXECUTE|[9]
14:05:19.0 (44998620)|VARIABLE_ASSIGNMENT|[EXTERNAL]|this|{"expense":"0x37d11fcb"}|0x58ace185
14:05:19.0 (45002675)|VARIABLE_ASSIGNMENT|[EXTERNAL]|value|false
14:05:19.0 (45005983)|HEAP_ALLOCATE|[4]|Bytes:5
14:05:19.0 (45009867)|VARIABLE_ASSIGNMENT|[4]|this.checked|false|0x58ace185
14:05:19.0 (45016459)|CONSTRUCTOR_EXIT|[28]|01p46000003buu6|<init>(Expense__c,Boolean)
14:05:19.0 (45021820)|HEAP_ALLOCATE|[EXTERNAL]|Bytes:4
14:05:19.0 (45029692)|HEAP_ALLOCATE|[26]|Bytes:5
14:05:19.0 (45037018)|VARIABLE_ASSIGNMENT|[26]|ex|null|
14:05:19.0 (45039647)|STATEMENT_EXECUTE|[32]
14:05:19.0 (45056558)|VARIABLE_ASSIGNMENT|[EXTERNAL]|this|{"CountTotalRecords":7,"OffsetSize":0,"QueryLimit":3,"queryString":"","wrappedExpenses":"0x1736f740"}|0x709b647
14:05:19.0 (46477773)|SYSTEM_MODE_ENTER|true
14:05:19.0 (46504418)|HEAP_ALLOCATE|[EXTERNAL]|Bytes:24
14:05:19.0 (46509417)|VARIABLE_SCOPE_BEGIN|[107]|this|ExpenseController|true|false
14:05:19.0 (46535105)|VARIABLE_ASSIGNMENT|[107]|this|{"CountTotalRecords":7,"OffsetSize":0,"QueryLimit":3,"queryString":"","wrappedExpenses":"0x1736f740"}|0x709b647
14:05:19.0 (46542508)|STATEMENT_EXECUTE|[107]
14:05:19.0 (46546504)|STATEMENT_EXECUTE|[111]
14:05:19.0 (46551863)|HEAP_ALLOCATE|[111]|Bytes:5
14:05:19.0 (46745747)|SYSTEM_MODE_ENTER|true
14:05:19.0 (46766875)|HEAP_ALLOCATE|[EXTERNAL]|Bytes:24
14:05:19.0 (46771080)|VARIABLE_SCOPE_BEGIN|[114]|this|ExpenseController|true|false
14:05:19.0 (46792576)|VARIABLE_ASSIGNMENT|[114]|this|{"CountTotalRecords":7,"OffsetSize":0,"QueryLimit":3,"queryString":"","wrappedExpenses":"0x1736f740"}|0x709b647
14:05:19.0 (46799299)|STATEMENT_EXECUTE|[114]
14:05:19.0 (46820426)|VARIABLE_ASSIGNMENT|[EXTERNAL]|this|{"CountTotalRecords":7,"OffsetSize":0,"QueryLimit":3,"queryString":"","wrappedExpenses":"0x1736f740"}|0x709b647
14:05:19.0 (46828754)|STATEMENT_EXECUTE|[115]
14:05:19.0 (46830200)|STATEMENT_EXECUTE|[116]
14:05:19.0 (46835052)|HEAP_ALLOCATE|[116]|Bytes:5
14:05:19.0 (54431437)|VF_SERIALIZE_VIEWSTATE_BEGIN|06646000001BW08
14:05:19.0 (65967843)|VF_SERIALIZE_VIEWSTATE_END
14:05:19.0 (77826403)|CODE_UNIT_STARTED|[EXTERNAL]|Generate Metadata
14:05:19.0 (79334446)|CODE_UNIT_FINISHED|Generate Metadata
14:05:19.81 (81335312)|CUMULATIVE_LIMIT_USAGE
14:05:19.81 (81335312)|LIMIT_USAGE_FOR_NS|(default)|
  Number of SOQL queries: 2 out of 100
  Number of query rows: 6 out of 50000
  Number of SOSL queries: 0 out of 20
  Number of DML statements: 0 out of 150
  Number of DML rows: 0 out of 10000
  Maximum CPU time: 0 out of 10000
  Maximum heap size: 0 out of 6000000
  Number of callouts: 0 out of 100
  Number of Email Invocations: 0 out of 10
  Number of future calls: 0 out of 50
  Number of queueable jobs added to the queue: 0 out of 50
  Number of Mobile Apex push calls: 0 out of 10

14:05:19.81 (81335312)|CUMULATIVE_LIMIT_USAGE_END

14:05:19.0 (81365830)|CODE_UNIT_FINISHED|VF: /apex/ListOfEmployees
14:05:19.0 (82059216)|EXECUTION_FINISHED
