39.0 APEX_CODE,FINEST;APEX_PROFILING,INFO;CALLOUT,INFO;DB,INFO;SYSTEM,DEBUG;VALIDATION,INFO;VISUALFORCE,INFO;WAVE,INFO;WORKFLOW,INFO
16:47:21.0 (308069)|USER_INFO|[EXTERNAL]|00546000000Iihs|pacosta@altimetrik.com|Argentine Time|GMT-03:00
16:47:21.0 (334471)|EXECUTION_STARTED
16:47:21.0 (338683)|CODE_UNIT_STARTED|[EXTERNAL]|TRIGGERS
16:47:21.0 (1027968)|CODE_UNIT_STARTED|[EXTERNAL]|01q46000000Qd5z|UpdateOrDelete on Expense trigger event BeforeDelete for [a0F46000000Fp76]
16:47:21.0 (1067155)|HEAP_ALLOCATE|[EXTERNAL]|Bytes:8
16:47:21.0 (1454244)|HEAP_ALLOCATE|[72]|Bytes:3
16:47:21.0 (1482570)|HEAP_ALLOCATE|[77]|Bytes:152
16:47:21.0 (1495205)|HEAP_ALLOCATE|[342]|Bytes:408
16:47:21.0 (1508902)|HEAP_ALLOCATE|[355]|Bytes:408
16:47:21.0 (1519467)|HEAP_ALLOCATE|[467]|Bytes:48
16:47:21.0 (1544604)|HEAP_ALLOCATE|[139]|Bytes:6
16:47:21.0 (1564960)|HEAP_ALLOCATE|[EXTERNAL]|Bytes:4
16:47:21.0 (1572881)|VARIABLE_SCOPE_BEGIN|[1]|this|UpdateOrDelete|true|false
16:47:21.0 (1613401)|VARIABLE_ASSIGNMENT|[1]|this|{}|0x858954d
16:47:21.0 (1650174)|HEAP_ALLOCATE|[EXTERNAL]|Bytes:4
16:47:21.0 (1655125)|VARIABLE_SCOPE_BEGIN|[1]|this|UpdateOrDelete|true|false
16:47:21.0 (1663639)|VARIABLE_ASSIGNMENT|[1]|this|{}|0x858954d
16:47:21.0 (1669947)|STATEMENT_EXECUTE|[1]
16:47:21.0 (1698385)|HEAP_ALLOCATE|[50]|Bytes:5
16:47:21.0 (1716142)|HEAP_ALLOCATE|[56]|Bytes:5
16:47:21.0 (1722409)|HEAP_ALLOCATE|[64]|Bytes:7
16:47:21.0 (1939273)|HEAP_ALLOCATE|[3]|Bytes:5
16:47:21.0 (1960545)|VARIABLE_SCOPE_BEGIN|[3]|ex|Expense__c|true|false
16:47:21.0 (3751058)|VARIABLE_ASSIGNMENT|[3]|ex|{"Expense_Status__c":"SUBMITTED","LastModifiedDate":"2017-03-22T19:17:26.000Z","IsDeleted":false,"Travel_Country__c":"United States","Name":"Travel to Las Vegas","SystemModstamp":"2017-03-22T19:17:26.000Z","Employee__c":"00346000002ojVWAAY","OwnerId":"00546000000IihsAAC","CreatedById":"00546000000IihsAAC","Amount__c":3499,"Submitted__c":true,"Category__c":"Event Registration","RecordTypeId":"012460000005G1FAAU","CreatedDate":"2017-03-22T19:17:26.000Z","Travel_Region__c":"North America","Id":"a0F46000000Fp76EAC","LastModifiedById":"00546000000IihsAAC","Tax__c":454.87}|0x290fe686
16:47:21.0 (3760689)|STATEMENT_EXECUTE|[3]
16:47:21.0 (3790557)|HEAP_ALLOCATE|[5]|Bytes:13
16:47:21.0 (3816894)|STATEMENT_EXECUTE|[5]
16:47:21.0 (3818628)|STATEMENT_EXECUTE|[7]
16:47:21.0 (3927841)|HEAP_ALLOCATE|[7]|Bytes:43
16:47:21.0 (3970874)|HEAP_ALLOCATE|[3]|Bytes:5
16:47:21.0 (3983653)|VARIABLE_ASSIGNMENT|[3]|ex|null|
16:47:21.3 (3991083)|CUMULATIVE_LIMIT_USAGE
16:47:21.3 (3991083)|LIMIT_USAGE_FOR_NS|(default)|
  Number of SOQL queries: 0 out of 100
  Number of query rows: 0 out of 50000
  Number of SOSL queries: 0 out of 20
  Number of DML statements: 0 out of 150
  Number of DML rows: 0 out of 10000
  Maximum CPU time: 0 out of 10000
  Maximum heap size: 0 out of 6000000
  Number of callouts: 0 out of 100
  Number of Email Invocations: 0 out of 10
  Number of future calls: 0 out of 50
  Number of queueable jobs added to the queue: 0 out of 50
  Number of Mobile Apex push calls: 0 out of 10

16:47:21.3 (3991083)|CUMULATIVE_LIMIT_USAGE_END

16:47:21.0 (4829811)|CODE_UNIT_FINISHED|UpdateOrDelete on Expense trigger event BeforeDelete for [a0F46000000Fp76]
16:47:21.0 (6974952)|CODE_UNIT_FINISHED|TRIGGERS
16:47:21.0 (6980096)|EXECUTION_FINISHED
