39.0 APEX_CODE,FINEST;APEX_PROFILING,INFO;CALLOUT,INFO;DB,INFO;SYSTEM,DEBUG;VALIDATION,INFO;VISUALFORCE,INFO;WAVE,INFO;WORKFLOW,INFO
16:50:07.0 (78450)|USER_INFO|[EXTERNAL]|00546000000Iihs|pacosta@altimetrik.com|Argentine Time|GMT-03:00
16:50:07.0 (102234)|EXECUTION_STARTED
16:50:07.0 (106201)|CODE_UNIT_STARTED|[EXTERNAL]|TRIGGERS
16:50:07.0 (131944)|CODE_UNIT_STARTED|[EXTERNAL]|01q46000000Qd5z|UpdateOrDelete on Expense trigger event BeforeUpdate for [a0F46000000Fp6r]
16:50:07.0 (178291)|HEAP_ALLOCATE|[EXTERNAL]|Bytes:8
16:50:07.0 (270339)|HEAP_ALLOCATE|[EXTERNAL]|Bytes:8
16:50:07.0 (581084)|HEAP_ALLOCATE|[72]|Bytes:3
16:50:07.0 (635588)|HEAP_ALLOCATE|[77]|Bytes:152
16:50:07.0 (648642)|HEAP_ALLOCATE|[342]|Bytes:408
16:50:07.0 (659454)|HEAP_ALLOCATE|[355]|Bytes:408
16:50:07.0 (669961)|HEAP_ALLOCATE|[467]|Bytes:48
16:50:07.0 (723042)|HEAP_ALLOCATE|[139]|Bytes:6
16:50:07.0 (746010)|HEAP_ALLOCATE|[EXTERNAL]|Bytes:4
16:50:07.0 (761044)|VARIABLE_SCOPE_BEGIN|[1]|this|UpdateOrDelete|true|false
16:50:07.0 (1015146)|VARIABLE_ASSIGNMENT|[1]|this|{}|0x2ec37b9a
16:50:07.0 (1044594)|HEAP_ALLOCATE|[EXTERNAL]|Bytes:4
16:50:07.0 (1054873)|VARIABLE_SCOPE_BEGIN|[1]|this|UpdateOrDelete|true|false
16:50:07.0 (1061962)|VARIABLE_ASSIGNMENT|[1]|this|{}|0x2ec37b9a
16:50:07.0 (1069339)|STATEMENT_EXECUTE|[1]
16:50:07.0 (1103199)|HEAP_ALLOCATE|[50]|Bytes:5
16:50:07.0 (1125728)|HEAP_ALLOCATE|[56]|Bytes:5
16:50:07.0 (1132306)|HEAP_ALLOCATE|[64]|Bytes:7
16:50:07.0 (1436383)|HEAP_ALLOCATE|[3]|Bytes:5
16:50:07.0 (1472593)|VARIABLE_SCOPE_BEGIN|[3]|ex|Expense__c|true|false
16:50:07.0 (1978278)|VARIABLE_ASSIGNMENT|[3]|ex|{"Expense_Status__c":"NOT SUBMITTED","LastModifiedDate":"2017-03-22T19:50:01.000Z","IsDeleted":false,"Name":"Test44","SystemModstamp":"2017-03-22T19:50:01.000Z","Employee__c":"00346000002ojVWAAY","OwnerId":"00546000000IihsAAC","CreatedById":"00546000000IihsAAC","Amount__c":3000,"Submitted__c":false,"RecordTypeId":"012460000005G1FAAU","CreatedDate":"2017-03-22T19:05:57.000Z","Id":"a0F46000000Fp6rEAC","LastModifiedById":"00546000000IihsAAC","Tax__c":390.00}|0x3f321c96
16:50:07.0 (1986441)|STATEMENT_EXECUTE|[3]
16:50:07.0 (2013472)|HEAP_ALLOCATE|[5]|Bytes:13
16:50:07.0 (2043223)|STATEMENT_EXECUTE|[5]
16:50:07.0 (2055936)|HEAP_ALLOCATE|[3]|Bytes:5
16:50:07.0 (2067650)|VARIABLE_ASSIGNMENT|[3]|ex|null|
16:50:07.2 (2074806)|CUMULATIVE_LIMIT_USAGE
16:50:07.2 (2074806)|LIMIT_USAGE_FOR_NS|(default)|
  Number of SOQL queries: 0 out of 100
  Number of query rows: 0 out of 50000
  Number of SOSL queries: 0 out of 20
  Number of DML statements: 0 out of 150
  Number of DML rows: 0 out of 10000
  Maximum CPU time: 0 out of 10000
  Maximum heap size: 0 out of 6000000
  Number of callouts: 0 out of 100
  Number of Email Invocations: 0 out of 10
  Number of future calls: 0 out of 50
  Number of queueable jobs added to the queue: 0 out of 50
  Number of Mobile Apex push calls: 0 out of 10

16:50:07.2 (2074806)|CUMULATIVE_LIMIT_USAGE_END

16:50:07.0 (2819687)|CODE_UNIT_FINISHED|UpdateOrDelete on Expense trigger event BeforeUpdate for [a0F46000000Fp6r]
16:50:07.0 (4870615)|CODE_UNIT_STARTED|[EXTERNAL]|Validation:Expense:a0F46000000Fp6r
16:50:07.0 (4877417)|VALIDATION_RULE|03d46000000DMqh|InsertOtherValue
16:50:07.0 (5076776)|VALIDATION_FORMULA|AND (IF (ISPICKVAL( Category__c , "Other"), true, false),  ISBLANK( Other__c ) )|Category__c=null , Other__c=null
16:50:07.0 (5081655)|VALIDATION_PASS
16:50:07.0 (5108692)|CODE_UNIT_FINISHED|Validation:Expense:a0F46000000Fp6r
16:50:07.0 (13427727)|CODE_UNIT_STARTED|[EXTERNAL]|Workflow:01I46000000AdSk
16:50:07.0 (20189339)|WF_RULE_EVAL_BEGIN|Workflow
16:50:07.0 (20214431)|WF_CRITERIA_BEGIN|[Expense: Test44 a0F46000000Fp6r]|High_Value_Expense_Email_Alert30146000000Cjmi|01Q460000000EDT|ON_ALL_CHANGES|0
16:50:07.0 (20291105)|WF_FORMULA|Formula:ENCODED:[treatNullAsNull]true|Values:
16:50:07.0 (20295158)|WF_CRITERIA_END|true
16:50:07.0 (20757804)|WF_CRITERIA_BEGIN|[Expense: Test44 a0F46000000Fp6r]|Submitted_Expense_Update_Status30146000000Ckou|01Q460000000F5k|ON_ALL_CHANGES|0
16:50:07.0 (20790510)|WF_FORMULA|Formula:ENCODED:[treatNullAsNull]true|Values:
16:50:07.0 (20793166)|WF_CRITERIA_END|true
16:50:07.0 (20805111)|WF_SPOOL_ACTION_BEGIN|Workflow
16:50:07.0 (20932516)|WF_ACTION| Flow Trigger: 2;
16:50:07.0 (20935305)|WF_RULE_EVAL_END
16:50:07.0 (21427595)|WF_FLOW_ACTION_BEGIN|09L46000000Lqqi
16:50:07.21 (21491906)|FLOW_CREATE_INTERVIEW_BEGIN|00D46000000buVW|30046000000Gs2p|30146000000Ckou
16:50:07.21 (22905237)|FLOW_CREATE_INTERVIEW_END|9908e04c81d261f375e943dc576b15af7873e2b-4a9d|Submitted Expense Update Status
16:50:07.23 (23167548)|FLOW_START_INTERVIEWS_BEGIN|1
16:50:07.23 (23921918)|FLOW_START_INTERVIEW_BEGIN|9908e04c81d261f375e943dc576b15af7873e2b-4a9d|Submitted Expense Update Status
16:50:07.23 (24898390)|FLOW_START_INTERVIEW_END|9908e04c81d261f375e943dc576b15af7873e2b-4a9d|Submitted Expense Update Status
16:50:07.39 (39576012)|CODE_UNIT_STARTED|[EXTERNAL]|01q46000000Qd5z|UpdateOrDelete on Expense trigger event BeforeUpdate for [a0F46000000Fp6r]
16:50:07.39 (39596126)|HEAP_ALLOCATE|[EXTERNAL]|Bytes:8
16:50:07.39 (39618166)|HEAP_ALLOCATE|[EXTERNAL]|Bytes:8
16:50:07.39 (39654496)|HEAP_ALLOCATE|[EXTERNAL]|Bytes:4
16:50:07.39 (39659906)|VARIABLE_SCOPE_BEGIN|[1]|this|UpdateOrDelete|true|false
16:50:07.39 (39680452)|VARIABLE_ASSIGNMENT|[1]|this|{}|0x6a08392c
16:50:07.39 (39698968)|HEAP_ALLOCATE|[EXTERNAL]|Bytes:4
16:50:07.39 (39702633)|VARIABLE_SCOPE_BEGIN|[1]|this|UpdateOrDelete|true|false
16:50:07.39 (39708250)|VARIABLE_ASSIGNMENT|[1]|this|{}|0x6a08392c
16:50:07.39 (39712595)|STATEMENT_EXECUTE|[1]
16:50:07.39 (39754468)|HEAP_ALLOCATE|[3]|Bytes:5
16:50:07.39 (39772317)|VARIABLE_SCOPE_BEGIN|[3]|ex|Expense__c|true|false
16:50:07.39 (40005015)|VARIABLE_ASSIGNMENT|[3]|ex|{"Expense_Status__c":"NOT SUBMITTED","LastModifiedDate":"2017-03-22T19:50:07.000Z","IsDeleted":false,"Name":"Test44","SystemModstamp":"2017-03-22T19:50:07.000Z","Employee__c":"00346000002ojVWAAY","OwnerId":"00546000000IihsAAC","CreatedById":"00546000000IihsAAC","Amount__c":3000,"Submitted__c":true,"RecordTypeId":"012460000005G1FAAU","CreatedDate":"2017-03-22T19:05:57.000Z","Id":"a0F46000000Fp6rEAC","LastModifiedById":"00546000000IihsAAC","Tax__c":390.00}|0x275b6b45
16:50:07.39 (40013701)|STATEMENT_EXECUTE|[3]
16:50:07.39 (40041916)|STATEMENT_EXECUTE|[5]
16:50:07.39 (40054207)|HEAP_ALLOCATE|[3]|Bytes:5
16:50:07.39 (40065040)|VARIABLE_ASSIGNMENT|[3]|ex|null|
16:50:07.40 (40072364)|CUMULATIVE_LIMIT_USAGE
16:50:07.40 (40072364)|LIMIT_USAGE_FOR_NS|(default)|
  Number of SOQL queries: 1 out of 100
  Number of query rows: 1 out of 50000
  Number of SOSL queries: 0 out of 20
  Number of DML statements: 1 out of 150
  Number of DML rows: 1 out of 10000
  Maximum CPU time: 0 out of 10000
  Maximum heap size: 0 out of 6000000
  Number of callouts: 0 out of 100
  Number of Email Invocations: 0 out of 10
  Number of future calls: 0 out of 50
  Number of queueable jobs added to the queue: 0 out of 50
  Number of Mobile Apex push calls: 0 out of 10

16:50:07.40 (40072364)|CUMULATIVE_LIMIT_USAGE_END

16:50:07.39 (40771749)|CODE_UNIT_FINISHED|UpdateOrDelete on Expense trigger event BeforeUpdate for [a0F46000000Fp6r]
16:50:07.43 (43071858)|CODE_UNIT_STARTED|[EXTERNAL]|Validation:Expense:a0F46000000Fp6r
16:50:07.43 (43080482)|VALIDATION_RULE|03d46000000DMqh|InsertOtherValue
16:50:07.43 (43303998)|VALIDATION_FORMULA|AND (IF (ISPICKVAL( Category__c , "Other"), true, false),  ISBLANK( Other__c ) )|Category__c=null , Other__c=null
16:50:07.43 (43308585)|VALIDATION_PASS
16:50:07.43 (43332932)|CODE_UNIT_FINISHED|Validation:Expense:a0F46000000Fp6r
16:50:07.23 (74324399)|FLOW_START_INTERVIEWS_END|1
16:50:07.0 (75176999)|WF_FLOW_ACTION_END|09L46000000Lqqi
16:50:07.0 (75192513)|WF_FLOW_ACTION_BEGIN|09L46000000Lo2w
16:50:07.75 (75233521)|FLOW_CREATE_INTERVIEW_BEGIN|00D46000000buVW|30046000000Grmv|30146000000Cjmi
16:50:07.75 (76662209)|FLOW_CREATE_INTERVIEW_END|9909e04c81d261f375e943dc576b15af7873e2b-4a9c|High Value Expense Email Alert
16:50:07.76 (76856845)|FLOW_START_INTERVIEWS_BEGIN|1
16:50:07.76 (77525618)|FLOW_START_INTERVIEW_BEGIN|9909e04c81d261f375e943dc576b15af7873e2b-4a9c|High Value Expense Email Alert
16:50:07.76 (78010066)|FLOW_START_INTERVIEW_END|9909e04c81d261f375e943dc576b15af7873e2b-4a9c|High Value Expense Email Alert
16:50:07.76 (78016485)|FLOW_START_INTERVIEWS_END|1
16:50:07.0 (78421529)|WF_FLOW_ACTION_END|09L46000000Lo2w
16:50:07.0 (78480701)|WF_RULE_EVAL_BEGIN|Workflow
16:50:07.0 (78487567)|WF_SPOOL_ACTION_BEGIN|Workflow
16:50:07.0 (78493541)|WF_ACTION| None
16:50:07.0 (78495879)|WF_RULE_EVAL_END
16:50:07.0 (78547606)|WF_ACTIONS_END| Flow Trigger: 2;
16:50:07.0 (78552441)|CODE_UNIT_FINISHED|Workflow:01I46000000AdSk
16:50:07.0 (82257226)|CODE_UNIT_FINISHED|TRIGGERS
16:50:07.0 (82263738)|EXECUTION_FINISHED
