39.0 APEX_CODE,FINEST;APEX_PROFILING,INFO;CALLOUT,INFO;DB,INFO;SYSTEM,DEBUG;VALIDATION,INFO;VISUALFORCE,INFO;WAVE,INFO;WORKFLOW,INFO
16:30:18.0 (55326)|USER_INFO|[EXTERNAL]|00546000000Iihs|pacosta@altimetrik.com|Argentine Time|GMT-03:00
16:30:18.0 (78326)|EXECUTION_STARTED
16:30:18.0 (81777)|CODE_UNIT_STARTED|[EXTERNAL]|06646000001BW08|VF: /apex/ListOfEmployees
16:30:18.0 (1622880)|SYSTEM_MODE_ENTER|true
16:30:18.0 (1906629)|HEAP_ALLOCATE|[72]|Bytes:3
16:30:18.0 (1943979)|HEAP_ALLOCATE|[77]|Bytes:152
16:30:18.0 (1957683)|HEAP_ALLOCATE|[342]|Bytes:408
16:30:18.0 (1972270)|HEAP_ALLOCATE|[355]|Bytes:408
16:30:18.0 (1985288)|HEAP_ALLOCATE|[467]|Bytes:48
16:30:18.0 (2010805)|HEAP_ALLOCATE|[139]|Bytes:6
16:30:18.0 (2023771)|HEAP_ALLOCATE|[EXTERNAL]|Bytes:14
16:30:18.0 (2026847)|HEAP_ALLOCATE|[EXTERNAL]|Bytes:96
16:30:18.0 (2028696)|HEAP_ALLOCATE|[EXTERNAL]|Bytes:21
16:30:18.0 (2035231)|METHOD_ENTRY|[1]|01p46000002wayn|ExpenseController.ExpenseController()
16:30:18.0 (2041254)|STATEMENT_EXECUTE|[1]
16:30:18.0 (2046831)|STATEMENT_EXECUTE|[1]
16:30:18.0 (2048381)|STATEMENT_EXECUTE|[78]
16:30:18.0 (2052857)|METHOD_EXIT|[1]|ExpenseController
16:30:18.0 (2068064)|HEAP_ALLOCATE|[EXTERNAL]|Bytes:12
16:30:18.0 (2073059)|VARIABLE_SCOPE_BEGIN|[1]|this|ExpenseController|true|false
16:30:18.0 (2132239)|VARIABLE_ASSIGNMENT|[1]|this|{}|0x5f4b1280
16:30:18.0 (2142682)|HEAP_ALLOCATE|[3]|Bytes:6
16:30:18.0 (2183625)|STATEMENT_EXECUTE|[1]
16:30:18.0 (2185561)|STATEMENT_EXECUTE|[3]
16:30:18.0 (2198095)|VARIABLE_ASSIGNMENT|[3]|this.queryString|""|0x5f4b1280
16:30:18.0 (2201395)|STATEMENT_EXECUTE|[5]
16:30:18.0 (2244784)|SYSTEM_MODE_ENTER|true
16:30:18.0 (2277533)|HEAP_ALLOCATE|[EXTERNAL]|Bytes:12
16:30:18.0 (2283517)|VARIABLE_SCOPE_BEGIN|[8]|this|ExpenseController|true|false
16:30:18.0 (2299256)|VARIABLE_ASSIGNMENT|[8]|this|{"queryString":""}|0x5f4b1280
16:30:18.0 (2308459)|STATEMENT_EXECUTE|[8]
16:30:18.0 (2309893)|STATEMENT_EXECUTE|[10]
16:30:18.0 (2312127)|HEAP_ALLOCATE|[10]|Bytes:161
16:30:18.0 (2333099)|HEAP_ALLOCATE|[10]|Bytes:161
16:30:18.0 (2346988)|HEAP_ALLOCATE|[50]|Bytes:5
16:30:18.0 (2359987)|HEAP_ALLOCATE|[56]|Bytes:5
16:30:18.0 (2365132)|HEAP_ALLOCATE|[64]|Bytes:7
16:30:18.0 (2777106)|SOQL_EXECUTE_BEGIN|[10]|Aggregations:0|SELECT Category__c, RecordType.Name, Amount__c, Tax__c, Client_Company__c, Submitted__c, Employee__r.Id, Employee__r.Name, Employee__r.Birthdate FROM Expense__c 
16:30:18.0 (11117326)|SOQL_EXECUTE_END|[10]|Rows:5
16:30:18.0 (11134295)|HEAP_ALLOCATE|[10]|Bytes:24
16:30:18.0 (11184789)|HEAP_ALLOCATE|[10]|Bytes:1579
16:30:18.0 (11242594)|HEAP_ALLOCATE|[10]|Bytes:24
16:30:18.0 (11258536)|VARIABLE_SCOPE_BEGIN|[10]|results|List<Expense__c>|true|false
16:30:18.0 (11336919)|VARIABLE_ASSIGNMENT|[10]|results|[{"Category__c":"Road Meals","RecordTypeId":"012460000005G1KAAU","Amount__c":8900,"Tax__c":1157.00,"Submitted__c":false,"Employee__c":"00346000002ojeGAAQ","Id":"a0F46000000FmUwEAK","RecordType":{"Name":"Client Meetings","Id":"012460000005G1KAAU"},"Employee__r":{"Id":"00346000002ojeGAAQ","Name":"Paolo Smith"}},{"RecordTypeId":"012460000005G1FAAU","Amount__c":3000,"Tax__c":390.00,"Submitted__c":true,"Employee__c":"00346000002ojVWAAY","Id":"a0F46000000Fp6rEAC","RecordType":{"Name":"Business Trips","Id":"012460000005G1FAAU"},"Employee__r":{"Id":"00346000002ojVWAAY","Name":"Carol Ruiz","Birthdate":"2017-10-09T00:00:00.000Z"}},{"Category__c":"Event Registration","RecordTypeId":"012460000005G1FAAU","Amount__c":3499,"Tax__c":454.87,"Submitted__c":true,"Employee__c":"00346000002ojVWAAY","Id":"a0F46000000Fp76EAC","RecordType":{"Name":"Business Trips","Id":"012460000005G1FAAU"},"Employee__r":{"Id":"00346000002ojVWAAY","Name":"Carol Ruiz","Birthdate":"2017-10-09T00:00:00.000Z"}},{"Category__c":"Event Registration","RecordTypeId":"012460000005G1KAAU","Amount__c":5600,"Tax__c":728.00,"Submitted__c":false,"Employee__c":"00346000002oeLWAAY","Id":"a0F46000000FBc6EAG","RecordType":{"Name":"Client Meetings","Id":"012460000005G1KAAU"},"Employee__r":{"Id":"00346000002oeLWAAY","Name":"Paulo Acosta"}},{"Category__c":"Transportation","RecordTypeId":"012460000005G1FAAU","Amount__c":3500,"Tax__c":455.00,"Submitted__c":false,"Employee__c":"00346000002ojVWAAY","Id":"a0F46000000FBblEAG","RecordType":{"Name":"Business Trips","Id":"012460000005G1FAAU"},"Employee__r":{"Id":"00346000002ojVWAAY","Name":"Carol Ruiz","Birthdate":"2017-10-09T00:00:00.000Z"}}]|0x25f027a1
16:30:18.0 (11351848)|STATEMENT_EXECUTE|[15]
16:30:18.0 (11359108)|HEAP_ALLOCATE|[15]|Bytes:4
16:30:18.0 (11459311)|VARIABLE_ASSIGNMENT|[EXTERNAL]|this|{"queryString":""}|0x5f4b1280
16:30:18.0 (11484341)|HEAP_ALLOCATE|[EXTERNAL]|Bytes:4
16:30:18.0 (11492316)|VARIABLE_ASSIGNMENT|[EXTERNAL]|value|[]|0x2ade2615
16:30:18.0 (11503041)|VARIABLE_ASSIGNMENT|[5]|this.wrappedExpenses|[]|0x5f4b1280
16:30:18.0 (11734038)|HEAP_ALLOCATE|[16]|Bytes:5
16:30:18.0 (11777010)|HEAP_ALLOCATE|[16]|Bytes:40
16:30:18.0 (11789091)|VARIABLE_SCOPE_BEGIN|[16]|ex|Expense__c|true|false
16:30:18.0 (11816099)|VARIABLE_ASSIGNMENT|[16]|ex|{"Category__c":"Road Meals","RecordTypeId":"012460000005G1KAAU","Amount__c":8900,"Tax__c":1157.00,"Submitted__c":false,"Employee__c":"00346000002ojeGAAQ","Id":"a0F46000000FmUwEAK","RecordType":{"Name":"Client Meetings","Id":"012460000005G1KAAU"},"Employee__r":{"Id":"00346000002ojeGAAQ","Name":"Paolo Smith"}}|0x52271dc0
16:30:18.0 (11824212)|STATEMENT_EXECUTE|[16]
16:30:18.0 (11826875)|STATEMENT_EXECUTE|[18]
16:30:18.0 (11876993)|VARIABLE_ASSIGNMENT|[EXTERNAL]|this|{"queryString":"","wrappedExpenses":"0x2ade2615"}|0x5f4b1280
16:30:18.0 (11903151)|HEAP_ALLOCATE|[18]|Bytes:116
16:30:18.0 (11908948)|HEAP_ALLOCATE|[18]|Bytes:8
16:30:18.0 (11926192)|HEAP_ALLOCATE|[18]|Bytes:12
16:30:18.0 (11953017)|CONSTRUCTOR_ENTRY|[18]|01p46000002wayn|<init>(Expense__c,Boolean)
16:30:18.0 (11969818)|VARIABLE_SCOPE_BEGIN|[83]|this|ExpenseController.ExpenseWrapper|true|false
16:30:18.0 (11988852)|VARIABLE_ASSIGNMENT|[83]|this|{}|0x41a0a99d
16:30:18.0 (11993487)|VARIABLE_SCOPE_BEGIN|[83]|ex|Expense__c|true|false
16:30:18.0 (12014472)|VARIABLE_ASSIGNMENT|[83]|ex|{"Category__c":"Road Meals","RecordTypeId":"012460000005G1KAAU","Amount__c":8900,"Tax__c":1157.00,"Submitted__c":false,"Employee__c":"00346000002ojeGAAQ","Id":"a0F46000000FmUwEAK","RecordType":{"Name":"Client Meetings","Id":"012460000005G1KAAU"},"Employee__r":{"Id":"00346000002ojeGAAQ","Name":"Paolo Smith"}}|0x52271dc0
16:30:18.0 (12024515)|VARIABLE_SCOPE_BEGIN|[83]|check|Boolean|false|false
16:30:18.0 (12030169)|VARIABLE_ASSIGNMENT|[83]|check|false
16:30:18.0 (12036906)|STATEMENT_EXECUTE|[78]
16:30:18.0 (12039970)|STATEMENT_EXECUTE|[80]
16:30:18.0 (12042362)|STATEMENT_EXECUTE|[81]
16:30:18.0 (12062624)|STATEMENT_EXECUTE|[83]
16:30:18.0 (12065511)|STATEMENT_EXECUTE|[85]
16:30:18.0 (12144897)|VARIABLE_ASSIGNMENT|[EXTERNAL]|this|{}|0x41a0a99d
16:30:18.0 (12174500)|VARIABLE_ASSIGNMENT|[EXTERNAL]|value|{"Category__c":"Road Meals","RecordTypeId":"012460000005G1KAAU","Amount__c":8900,"Tax__c":1157.00,"Submitted__c":false,"Employee__c":"00346000002ojeGAAQ","Id":"a0F46000000FmUwEAK","RecordType":{"Name":"Client Meetings","Id":"012460000005G1KAAU"},"Employee__r":{"Id":"00346000002ojeGAAQ","Name":"Paolo Smith"}}|0x52271dc0
16:30:18.0 (12201836)|VARIABLE_ASSIGNMENT|[80]|this.expense|{"Category__c":"Road Meals","RecordTypeId":"012460000005G1KAAU","Amount__c":8900,"Tax__c":1157.00,"Submitted__c":false,"Employee__c":"00346000002ojeGAAQ","Id":"a0F46000000FmUwEAK","RecordType":{"Name":"Client Meetings","Id":"012460000005G1KAAU"},"Employee__r":{"Id":"00346000002ojeGAAQ","Name":"Paolo Smith"}}|0x41a0a99d
16:30:18.0 (12215397)|STATEMENT_EXECUTE|[86]
16:30:18.0 (12269138)|VARIABLE_ASSIGNMENT|[EXTERNAL]|this|{"expense":"0x52271dc0"}|0x41a0a99d
16:30:18.0 (12279699)|VARIABLE_ASSIGNMENT|[EXTERNAL]|value|false
16:30:18.0 (12286586)|HEAP_ALLOCATE|[81]|Bytes:5
16:30:18.0 (12294885)|VARIABLE_ASSIGNMENT|[81]|this.checked|false|0x41a0a99d
16:30:18.0 (12310272)|CONSTRUCTOR_EXIT|[18]|01p46000002wayn|<init>(Expense__c,Boolean)
16:30:18.0 (12326365)|HEAP_ALLOCATE|[EXTERNAL]|Bytes:4
16:30:18.0 (12343112)|HEAP_ALLOCATE|[16]|Bytes:5
16:30:18.0 (12373944)|HEAP_ALLOCATE|[16]|Bytes:36
16:30:18.0 (12382446)|VARIABLE_SCOPE_BEGIN|[16]|ex|Expense__c|true|false
16:30:18.0 (12414817)|VARIABLE_ASSIGNMENT|[16]|ex|{"RecordTypeId":"012460000005G1FAAU","Amount__c":3000,"Tax__c":390.00,"Submitted__c":true,"Employee__c":"00346000002ojVWAAY","Id":"a0F46000000Fp6rEAC","RecordType":{"Name":"Business Trips","Id":"012460000005G1FAAU"},"Employee__r":{"Id":"00346000002ojVWAAY","Name":"Carol Ruiz","Birthdate":"2017-10-09T00:00:00.000Z"}}|0x5f0845fa
16:30:18.0 (12423420)|STATEMENT_EXECUTE|[16]
16:30:18.0 (12425539)|STATEMENT_EXECUTE|[18]
16:30:18.0 (12454138)|VARIABLE_ASSIGNMENT|[EXTERNAL]|this|{"queryString":"","wrappedExpenses":"0x2ade2615"}|0x5f4b1280
16:30:18.0 (12466749)|HEAP_ALLOCATE|[18]|Bytes:12
16:30:18.0 (12479901)|CONSTRUCTOR_ENTRY|[18]|01p46000002wayn|<init>(Expense__c,Boolean)
16:30:18.0 (12485811)|VARIABLE_SCOPE_BEGIN|[83]|this|ExpenseController.ExpenseWrapper|true|false
16:30:18.0 (12500817)|VARIABLE_ASSIGNMENT|[83]|this|{}|0x216b0d53
16:30:18.0 (12503877)|VARIABLE_SCOPE_BEGIN|[83]|ex|Expense__c|true|false
16:30:18.0 (12530629)|VARIABLE_ASSIGNMENT|[83]|ex|{"RecordTypeId":"012460000005G1FAAU","Amount__c":3000,"Tax__c":390.00,"Submitted__c":true,"Employee__c":"00346000002ojVWAAY","Id":"a0F46000000Fp6rEAC","RecordType":{"Name":"Business Trips","Id":"012460000005G1FAAU"},"Employee__r":{"Id":"00346000002ojVWAAY","Name":"Carol Ruiz","Birthdate":"2017-10-09T00:00:00.000Z"}}|0x5f0845fa
16:30:18.0 (12538533)|VARIABLE_SCOPE_BEGIN|[83]|check|Boolean|false|false
16:30:18.0 (12543399)|VARIABLE_ASSIGNMENT|[83]|check|false
16:30:18.0 (12549318)|STATEMENT_EXECUTE|[78]
16:30:18.0 (12551664)|STATEMENT_EXECUTE|[80]
16:30:18.0 (12554309)|STATEMENT_EXECUTE|[81]
16:30:18.0 (12570714)|STATEMENT_EXECUTE|[83]
16:30:18.0 (12573208)|STATEMENT_EXECUTE|[85]
16:30:18.0 (12591792)|VARIABLE_ASSIGNMENT|[EXTERNAL]|this|{}|0x216b0d53
16:30:18.0 (12618077)|VARIABLE_ASSIGNMENT|[EXTERNAL]|value|{"RecordTypeId":"012460000005G1FAAU","Amount__c":3000,"Tax__c":390.00,"Submitted__c":true,"Employee__c":"00346000002ojVWAAY","Id":"a0F46000000Fp6rEAC","RecordType":{"Name":"Business Trips","Id":"012460000005G1FAAU"},"Employee__r":{"Id":"00346000002ojVWAAY","Name":"Carol Ruiz","Birthdate":"2017-10-09T00:00:00.000Z"}}|0x5f0845fa
16:30:18.0 (12646392)|VARIABLE_ASSIGNMENT|[80]|this.expense|{"RecordTypeId":"012460000005G1FAAU","Amount__c":3000,"Tax__c":390.00,"Submitted__c":true,"Employee__c":"00346000002ojVWAAY","Id":"a0F46000000Fp6rEAC","RecordType":{"Name":"Business Trips","Id":"012460000005G1FAAU"},"Employee__r":{"Id":"00346000002ojVWAAY","Name":"Carol Ruiz","Birthdate":"2017-10-09T00:00:00.000Z"}}|0x216b0d53
16:30:18.0 (12657914)|STATEMENT_EXECUTE|[86]
16:30:18.0 (12679257)|VARIABLE_ASSIGNMENT|[EXTERNAL]|this|{"expense":"0x5f0845fa"}|0x216b0d53
16:30:18.0 (12687912)|VARIABLE_ASSIGNMENT|[EXTERNAL]|value|false
16:30:18.0 (12693574)|HEAP_ALLOCATE|[81]|Bytes:5
16:30:18.0 (12700861)|VARIABLE_ASSIGNMENT|[81]|this.checked|false|0x216b0d53
16:30:18.0 (12714662)|CONSTRUCTOR_EXIT|[18]|01p46000002wayn|<init>(Expense__c,Boolean)
16:30:18.0 (12725277)|HEAP_ALLOCATE|[EXTERNAL]|Bytes:4
16:30:18.0 (12739823)|HEAP_ALLOCATE|[16]|Bytes:5
16:30:18.0 (12770240)|HEAP_ALLOCATE|[16]|Bytes:40
16:30:18.0 (12780119)|VARIABLE_SCOPE_BEGIN|[16]|ex|Expense__c|true|false
16:30:18.0 (12811049)|VARIABLE_ASSIGNMENT|[16]|ex|{"Category__c":"Event Registration","RecordTypeId":"012460000005G1FAAU","Amount__c":3499,"Tax__c":454.87,"Submitted__c":true,"Employee__c":"00346000002ojVWAAY","Id":"a0F46000000Fp76EAC","RecordType":{"Name":"Business Trips","Id":"012460000005G1FAAU"},"Employee__r":{"Id":"00346000002ojVWAAY","Name":"Carol Ruiz","Birthdate":"2017-10-09T00:00:00.000Z"}}|0x23953848
16:30:18.0 (12819259)|STATEMENT_EXECUTE|[16]
16:30:18.0 (12821423)|STATEMENT_EXECUTE|[18]
16:30:18.0 (12850009)|VARIABLE_ASSIGNMENT|[EXTERNAL]|this|{"queryString":"","wrappedExpenses":"0x2ade2615"}|0x5f4b1280
16:30:18.0 (12863268)|HEAP_ALLOCATE|[18]|Bytes:12
16:30:18.0 (12876242)|CONSTRUCTOR_ENTRY|[18]|01p46000002wayn|<init>(Expense__c,Boolean)
16:30:18.0 (12881252)|VARIABLE_SCOPE_BEGIN|[83]|this|ExpenseController.ExpenseWrapper|true|false
16:30:18.0 (12895842)|VARIABLE_ASSIGNMENT|[83]|this|{}|0x74846b75
16:30:18.0 (12898707)|VARIABLE_SCOPE_BEGIN|[83]|ex|Expense__c|true|false
16:30:18.0 (12924367)|VARIABLE_ASSIGNMENT|[83]|ex|{"Category__c":"Event Registration","RecordTypeId":"012460000005G1FAAU","Amount__c":3499,"Tax__c":454.87,"Submitted__c":true,"Employee__c":"00346000002ojVWAAY","Id":"a0F46000000Fp76EAC","RecordType":{"Name":"Business Trips","Id":"012460000005G1FAAU"},"Employee__r":{"Id":"00346000002ojVWAAY","Name":"Carol Ruiz","Birthdate":"2017-10-09T00:00:00.000Z"}}|0x23953848
16:30:18.0 (12932284)|VARIABLE_SCOPE_BEGIN|[83]|check|Boolean|false|false
16:30:18.0 (12936777)|VARIABLE_ASSIGNMENT|[83]|check|false
16:30:18.0 (12942025)|STATEMENT_EXECUTE|[78]
16:30:18.0 (12944226)|STATEMENT_EXECUTE|[80]
16:30:18.0 (12946643)|STATEMENT_EXECUTE|[81]
16:30:18.0 (12960984)|STATEMENT_EXECUTE|[83]
16:30:18.0 (12962991)|STATEMENT_EXECUTE|[85]
16:30:18.0 (12980731)|VARIABLE_ASSIGNMENT|[EXTERNAL]|this|{}|0x74846b75
16:30:18.0 (13007148)|VARIABLE_ASSIGNMENT|[EXTERNAL]|value|{"Category__c":"Event Registration","RecordTypeId":"012460000005G1FAAU","Amount__c":3499,"Tax__c":454.87,"Submitted__c":true,"Employee__c":"00346000002ojVWAAY","Id":"a0F46000000Fp76EAC","RecordType":{"Name":"Business Trips","Id":"012460000005G1FAAU"},"Employee__r":{"Id":"00346000002ojVWAAY","Name":"Carol Ruiz","Birthdate":"2017-10-09T00:00:00.000Z"}}|0x23953848
16:30:18.0 (13038173)|VARIABLE_ASSIGNMENT|[80]|this.expense|{"Category__c":"Event Registration","RecordTypeId":"012460000005G1FAAU","Amount__c":3499,"Tax__c":454.87,"Submitted__c":true,"Employee__c":"00346000002ojVWAAY","Id":"a0F46000000Fp76EAC","RecordType":{"Name":"Business Trips","Id":"012460000005G1FAAU"},"Employee__r":{"Id":"00346000002ojVWAAY","Name":"Carol Ruiz","Birthdate":"2017-10-09T00:00:00.000Z"}}|0x74846b75
16:30:18.0 (13050761)|STATEMENT_EXECUTE|[86]
16:30:18.0 (13073176)|VARIABLE_ASSIGNMENT|[EXTERNAL]|this|{"expense":"0x23953848"}|0x74846b75
16:30:18.0 (13081359)|VARIABLE_ASSIGNMENT|[EXTERNAL]|value|false
16:30:18.0 (13086145)|HEAP_ALLOCATE|[81]|Bytes:5
16:30:18.0 (13093368)|VARIABLE_ASSIGNMENT|[81]|this.checked|false|0x74846b75
16:30:18.0 (13107895)|CONSTRUCTOR_EXIT|[18]|01p46000002wayn|<init>(Expense__c,Boolean)
16:30:18.0 (13119232)|HEAP_ALLOCATE|[EXTERNAL]|Bytes:4
16:30:18.0 (13135203)|HEAP_ALLOCATE|[16]|Bytes:5
16:30:18.0 (13171461)|HEAP_ALLOCATE|[16]|Bytes:40
16:30:18.0 (13181779)|VARIABLE_SCOPE_BEGIN|[16]|ex|Expense__c|true|false
16:30:18.0 (13206604)|VARIABLE_ASSIGNMENT|[16]|ex|{"Category__c":"Event Registration","RecordTypeId":"012460000005G1KAAU","Amount__c":5600,"Tax__c":728.00,"Submitted__c":false,"Employee__c":"00346000002oeLWAAY","Id":"a0F46000000FBc6EAG","RecordType":{"Name":"Client Meetings","Id":"012460000005G1KAAU"},"Employee__r":{"Id":"00346000002oeLWAAY","Name":"Paulo Acosta"}}|0x5c7b67c8
16:30:18.0 (13215038)|STATEMENT_EXECUTE|[16]
16:30:18.0 (13217762)|STATEMENT_EXECUTE|[18]
16:30:18.0 (13247575)|VARIABLE_ASSIGNMENT|[EXTERNAL]|this|{"queryString":"","wrappedExpenses":"0x2ade2615"}|0x5f4b1280
16:30:18.0 (13260603)|HEAP_ALLOCATE|[18]|Bytes:12
16:30:18.0 (13273129)|CONSTRUCTOR_ENTRY|[18]|01p46000002wayn|<init>(Expense__c,Boolean)
16:30:18.0 (13277963)|VARIABLE_SCOPE_BEGIN|[83]|this|ExpenseController.ExpenseWrapper|true|false
16:30:18.0 (13291967)|VARIABLE_ASSIGNMENT|[83]|this|{}|0x383327d8
16:30:18.0 (13294487)|VARIABLE_SCOPE_BEGIN|[83]|ex|Expense__c|true|false
16:30:18.0 (13313293)|VARIABLE_ASSIGNMENT|[83]|ex|{"Category__c":"Event Registration","RecordTypeId":"012460000005G1KAAU","Amount__c":5600,"Tax__c":728.00,"Submitted__c":false,"Employee__c":"00346000002oeLWAAY","Id":"a0F46000000FBc6EAG","RecordType":{"Name":"Client Meetings","Id":"012460000005G1KAAU"},"Employee__r":{"Id":"00346000002oeLWAAY","Name":"Paulo Acosta"}}|0x5c7b67c8
16:30:18.0 (13320833)|VARIABLE_SCOPE_BEGIN|[83]|check|Boolean|false|false
16:30:18.0 (13325246)|VARIABLE_ASSIGNMENT|[83]|check|false
16:30:18.0 (13330388)|STATEMENT_EXECUTE|[78]
16:30:18.0 (13331805)|STATEMENT_EXECUTE|[80]
16:30:18.0 (13333529)|STATEMENT_EXECUTE|[81]
16:30:18.0 (13344268)|STATEMENT_EXECUTE|[83]
16:30:18.0 (13345598)|STATEMENT_EXECUTE|[85]
16:30:18.0 (13356366)|VARIABLE_ASSIGNMENT|[EXTERNAL]|this|{}|0x383327d8
16:30:18.0 (13367920)|VARIABLE_ASSIGNMENT|[EXTERNAL]|value|{"Category__c":"Event Registration","RecordTypeId":"012460000005G1KAAU","Amount__c":5600,"Tax__c":728.00,"Submitted__c":false,"Employee__c":"00346000002oeLWAAY","Id":"a0F46000000FBc6EAG","RecordType":{"Name":"Client Meetings","Id":"012460000005G1KAAU"},"Employee__r":{"Id":"00346000002oeLWAAY","Name":"Paulo Acosta"}}|0x5c7b67c8
16:30:18.0 (13380341)|VARIABLE_ASSIGNMENT|[80]|this.expense|{"Category__c":"Event Registration","RecordTypeId":"012460000005G1KAAU","Amount__c":5600,"Tax__c":728.00,"Submitted__c":false,"Employee__c":"00346000002oeLWAAY","Id":"a0F46000000FBc6EAG","RecordType":{"Name":"Client Meetings","Id":"012460000005G1KAAU"},"Employee__r":{"Id":"00346000002oeLWAAY","Name":"Paulo Acosta"}}|0x383327d8
16:30:18.0 (13387069)|STATEMENT_EXECUTE|[86]
16:30:18.0 (13403159)|VARIABLE_ASSIGNMENT|[EXTERNAL]|this|{"expense":"0x5c7b67c8"}|0x383327d8
16:30:18.0 (13410605)|VARIABLE_ASSIGNMENT|[EXTERNAL]|value|false
16:30:18.0 (13415448)|HEAP_ALLOCATE|[81]|Bytes:5
16:30:18.0 (13421818)|VARIABLE_ASSIGNMENT|[81]|this.checked|false|0x383327d8
16:30:18.0 (13434642)|CONSTRUCTOR_EXIT|[18]|01p46000002wayn|<init>(Expense__c,Boolean)
16:30:18.0 (13444628)|HEAP_ALLOCATE|[EXTERNAL]|Bytes:4
16:30:18.0 (13459065)|HEAP_ALLOCATE|[16]|Bytes:5
16:30:18.0 (13486161)|HEAP_ALLOCATE|[16]|Bytes:40
16:30:18.0 (13493844)|VARIABLE_SCOPE_BEGIN|[16]|ex|Expense__c|true|false
16:30:18.0 (13524059)|VARIABLE_ASSIGNMENT|[16]|ex|{"Category__c":"Transportation","RecordTypeId":"012460000005G1FAAU","Amount__c":3500,"Tax__c":455.00,"Submitted__c":false,"Employee__c":"00346000002ojVWAAY","Id":"a0F46000000FBblEAG","RecordType":{"Name":"Business Trips","Id":"012460000005G1FAAU"},"Employee__r":{"Id":"00346000002ojVWAAY","Name":"Carol Ruiz","Birthdate":"2017-10-09T00:00:00.000Z"}}|0x36d8a89a
16:30:18.0 (13532343)|STATEMENT_EXECUTE|[16]
16:30:18.0 (13534387)|STATEMENT_EXECUTE|[18]
16:30:18.0 (13561764)|VARIABLE_ASSIGNMENT|[EXTERNAL]|this|{"queryString":"","wrappedExpenses":"0x2ade2615"}|0x5f4b1280
16:30:18.0 (13573188)|HEAP_ALLOCATE|[18]|Bytes:12
16:30:18.0 (13582894)|CONSTRUCTOR_ENTRY|[18]|01p46000002wayn|<init>(Expense__c,Boolean)
16:30:18.0 (13585956)|VARIABLE_SCOPE_BEGIN|[83]|this|ExpenseController.ExpenseWrapper|true|false
16:30:18.0 (13594510)|VARIABLE_ASSIGNMENT|[83]|this|{}|0x7513934e
16:30:18.0 (13596090)|VARIABLE_SCOPE_BEGIN|[83]|ex|Expense__c|true|false
16:30:18.0 (13612422)|VARIABLE_ASSIGNMENT|[83]|ex|{"Category__c":"Transportation","RecordTypeId":"012460000005G1FAAU","Amount__c":3500,"Tax__c":455.00,"Submitted__c":false,"Employee__c":"00346000002ojVWAAY","Id":"a0F46000000FBblEAG","RecordType":{"Name":"Business Trips","Id":"012460000005G1FAAU"},"Employee__r":{"Id":"00346000002ojVWAAY","Name":"Carol Ruiz","Birthdate":"2017-10-09T00:00:00.000Z"}}|0x36d8a89a
16:30:18.0 (13617288)|VARIABLE_SCOPE_BEGIN|[83]|check|Boolean|false|false
16:30:18.0 (13619739)|VARIABLE_ASSIGNMENT|[83]|check|false
16:30:18.0 (13623132)|STATEMENT_EXECUTE|[78]
16:30:18.0 (13624387)|STATEMENT_EXECUTE|[80]
16:30:18.0 (13625927)|STATEMENT_EXECUTE|[81]
16:30:18.0 (13635283)|STATEMENT_EXECUTE|[83]
16:30:18.0 (13636521)|STATEMENT_EXECUTE|[85]
16:30:18.0 (13645208)|VARIABLE_ASSIGNMENT|[EXTERNAL]|this|{}|0x7513934e
16:30:18.0 (13658265)|VARIABLE_ASSIGNMENT|[EXTERNAL]|value|{"Category__c":"Transportation","RecordTypeId":"012460000005G1FAAU","Amount__c":3500,"Tax__c":455.00,"Submitted__c":false,"Employee__c":"00346000002ojVWAAY","Id":"a0F46000000FBblEAG","RecordType":{"Name":"Business Trips","Id":"012460000005G1FAAU"},"Employee__r":{"Id":"00346000002ojVWAAY","Name":"Carol Ruiz","Birthdate":"2017-10-09T00:00:00.000Z"}}|0x36d8a89a
16:30:18.0 (13673217)|VARIABLE_ASSIGNMENT|[80]|this.expense|{"Category__c":"Transportation","RecordTypeId":"012460000005G1FAAU","Amount__c":3500,"Tax__c":455.00,"Submitted__c":false,"Employee__c":"00346000002ojVWAAY","Id":"a0F46000000FBblEAG","RecordType":{"Name":"Business Trips","Id":"012460000005G1FAAU"},"Employee__r":{"Id":"00346000002ojVWAAY","Name":"Carol Ruiz","Birthdate":"2017-10-09T00:00:00.000Z"}}|0x7513934e
16:30:18.0 (13678898)|STATEMENT_EXECUTE|[86]
16:30:18.0 (13690499)|VARIABLE_ASSIGNMENT|[EXTERNAL]|this|{"expense":"0x36d8a89a"}|0x7513934e
16:30:18.0 (13697035)|VARIABLE_ASSIGNMENT|[EXTERNAL]|value|false
16:30:18.0 (13701329)|HEAP_ALLOCATE|[81]|Bytes:5
16:30:18.0 (13707540)|VARIABLE_ASSIGNMENT|[81]|this.checked|false|0x7513934e
16:30:18.0 (13719413)|CONSTRUCTOR_EXIT|[18]|01p46000002wayn|<init>(Expense__c,Boolean)
16:30:18.0 (13729576)|HEAP_ALLOCATE|[EXTERNAL]|Bytes:4
16:30:18.0 (13743266)|HEAP_ALLOCATE|[16]|Bytes:5
16:30:18.0 (13755526)|VARIABLE_ASSIGNMENT|[16]|ex|null|
16:30:18.0 (13761225)|STATEMENT_EXECUTE|[21]
16:30:18.0 (13798562)|VARIABLE_ASSIGNMENT|[EXTERNAL]|this|{"queryString":"","wrappedExpenses":"0x2ade2615"}|0x5f4b1280
16:30:18.0 (28678989)|VF_SERIALIZE_VIEWSTATE_BEGIN|06646000001BW08
16:30:18.0 (37374238)|VF_SERIALIZE_VIEWSTATE_END
16:30:18.0 (52235308)|CODE_UNIT_STARTED|[EXTERNAL]|Generate Metadata
16:30:18.0 (54018713)|CODE_UNIT_FINISHED|Generate Metadata
16:30:18.56 (56342487)|CUMULATIVE_LIMIT_USAGE
16:30:18.56 (56342487)|LIMIT_USAGE_FOR_NS|(default)|
  Number of SOQL queries: 1 out of 100
  Number of query rows: 5 out of 50000
  Number of SOSL queries: 0 out of 20
  Number of DML statements: 0 out of 150
  Number of DML rows: 0 out of 10000
  Maximum CPU time: 0 out of 10000
  Maximum heap size: 0 out of 6000000
  Number of callouts: 0 out of 100
  Number of Email Invocations: 0 out of 10
  Number of future calls: 0 out of 50
  Number of queueable jobs added to the queue: 0 out of 50
  Number of Mobile Apex push calls: 0 out of 10

16:30:18.56 (56342487)|CUMULATIVE_LIMIT_USAGE_END

16:30:18.0 (56377822)|CODE_UNIT_FINISHED|VF: /apex/ListOfEmployees
16:30:18.0 (57457287)|EXECUTION_FINISHED
