39.0 APEX_CODE,FINEST;APEX_PROFILING,INFO;CALLOUT,INFO;DB,INFO;SYSTEM,DEBUG;VALIDATION,INFO;VISUALFORCE,INFO;WAVE,INFO;WORKFLOW,INFO
16:26:18.0 (80415)|USER_INFO|[EXTERNAL]|00546000000Iihs|pacosta@altimetrik.com|Argentine Time|GMT-03:00
16:26:18.0 (107772)|EXECUTION_STARTED
16:26:18.0 (111782)|CODE_UNIT_STARTED|[EXTERNAL]|06646000001BW08|VF: /apex/ListOfEmployees
16:26:18.0 (220099)|VF_DESERIALIZE_VIEWSTATE_BEGIN|06646000001BW08
16:26:18.0 (6247974)|HEAP_ALLOCATE|[72]|Bytes:3
16:26:18.0 (6285719)|HEAP_ALLOCATE|[77]|Bytes:152
16:26:18.0 (6298053)|HEAP_ALLOCATE|[342]|Bytes:408
16:26:18.0 (6311029)|HEAP_ALLOCATE|[355]|Bytes:408
16:26:18.0 (6323808)|HEAP_ALLOCATE|[467]|Bytes:48
16:26:18.0 (6349017)|HEAP_ALLOCATE|[139]|Bytes:6
16:26:18.0 (6370305)|HEAP_ALLOCATE|[50]|Bytes:5
16:26:18.0 (6390056)|HEAP_ALLOCATE|[56]|Bytes:5
16:26:18.0 (6395843)|HEAP_ALLOCATE|[64]|Bytes:7
16:26:18.0 (7398361)|VF_DESERIALIZE_VIEWSTATE_END
16:26:18.0 (8635594)|SYSTEM_MODE_ENTER|true
16:26:18.0 (8847684)|HEAP_ALLOCATE|[EXTERNAL]|Bytes:14
16:26:18.0 (8853696)|HEAP_ALLOCATE|[EXTERNAL]|Bytes:96
16:26:18.0 (8856054)|HEAP_ALLOCATE|[EXTERNAL]|Bytes:21
16:26:18.0 (8862971)|METHOD_ENTRY|[1]|01p46000002wayn|ExpenseController.ExpenseController()
16:26:18.0 (8867796)|STATEMENT_EXECUTE|[1]
16:26:18.0 (8872926)|STATEMENT_EXECUTE|[1]
16:26:18.0 (8874288)|STATEMENT_EXECUTE|[78]
16:26:18.0 (8879041)|METHOD_EXIT|[1]|ExpenseController
16:26:18.0 (8887111)|HEAP_ALLOCATE|[EXTERNAL]|Bytes:12
16:26:18.0 (8892805)|VARIABLE_SCOPE_BEGIN|[8]|this|ExpenseController|true|false
16:26:18.0 (8948862)|VARIABLE_ASSIGNMENT|[8]|this|{"queryString":"WHERE Submitted__c = (5 more) ...","wrappedExpenses":"0x404bea73"}|0x7528fdc9
16:26:18.0 (8958056)|STATEMENT_EXECUTE|[8]
16:26:18.0 (8959508)|STATEMENT_EXECUTE|[10]
16:26:18.0 (8963037)|HEAP_ALLOCATE|[10]|Bytes:161
16:26:18.0 (8983736)|HEAP_ALLOCATE|[10]|Bytes:186
16:26:18.0 (9760917)|SOQL_EXECUTE_BEGIN|[10]|Aggregations:0|SELECT Category__c, RecordType.Name, Amount__c, Tax__c, Client_Company__c, Submitted__c, Employee__r.Id, Employee__r.Name, Employee__r.Birthdate FROM Expense__c WHERE Submitted__c = true
16:26:18.0 (17358374)|SOQL_EXECUTE_END|[10]|Rows:2
16:26:18.0 (17373044)|HEAP_ALLOCATE|[10]|Bytes:12
16:26:18.0 (17405841)|HEAP_ALLOCATE|[10]|Bytes:626
16:26:18.0 (17450604)|HEAP_ALLOCATE|[10]|Bytes:12
16:26:18.0 (17465619)|VARIABLE_SCOPE_BEGIN|[10]|results|List<Expense__c>|true|false
16:26:18.0 (17520237)|VARIABLE_ASSIGNMENT|[10]|results|[{"RecordTypeId":"012460000005G1FAAU","Amount__c":3000,"Tax__c":390.00,"Submitted__c":true,"Employee__c":"00346000002ojVWAAY","Id":"a0F46000000Fp6rEAC","RecordType":{"Name":"Business Trips","Id":"012460000005G1FAAU"},"Employee__r":{"Id":"00346000002ojVWAAY","Name":"Carol Ruiz","Birthdate":"2017-10-09T00:00:00.000Z"}},{"Category__c":"Event Registration","RecordTypeId":"012460000005G1FAAU","Amount__c":3499,"Tax__c":454.87,"Submitted__c":true,"Employee__c":"00346000002ojVWAAY","Id":"a0F46000000Fp76EAC","RecordType":{"Name":"Business Trips","Id":"012460000005G1FAAU"},"Employee__r":{"Id":"00346000002ojVWAAY","Name":"Carol Ruiz","Birthdate":"2017-10-09T00:00:00.000Z"}}]|0x7d4527b3
16:26:18.0 (17528480)|STATEMENT_EXECUTE|[15]
16:26:18.0 (17534278)|HEAP_ALLOCATE|[15]|Bytes:4
16:26:18.0 (17636483)|VARIABLE_ASSIGNMENT|[EXTERNAL]|this|{"queryString":"WHERE Submitted__c = (5 more) ...","wrappedExpenses":"0x404bea73"}|0x7528fdc9
16:26:18.0 (17654629)|HEAP_ALLOCATE|[EXTERNAL]|Bytes:4
16:26:18.0 (17659899)|VARIABLE_ASSIGNMENT|[EXTERNAL]|value|[]|0x19c80c44
16:26:18.0 (17668359)|VARIABLE_ASSIGNMENT|[5]|this.wrappedExpenses|[]|0x7528fdc9
16:26:18.0 (17833823)|HEAP_ALLOCATE|[16]|Bytes:5
16:26:18.0 (17866394)|HEAP_ALLOCATE|[16]|Bytes:36
16:26:18.0 (17875341)|VARIABLE_SCOPE_BEGIN|[16]|ex|Expense__c|true|false
16:26:18.0 (17897268)|VARIABLE_ASSIGNMENT|[16]|ex|{"RecordTypeId":"012460000005G1FAAU","Amount__c":3000,"Tax__c":390.00,"Submitted__c":true,"Employee__c":"00346000002ojVWAAY","Id":"a0F46000000Fp6rEAC","RecordType":{"Name":"Business Trips","Id":"012460000005G1FAAU"},"Employee__r":{"Id":"00346000002ojVWAAY","Name":"Carol Ruiz","Birthdate":"2017-10-09T00:00:00.000Z"}}|0x6f98aa12
16:26:18.0 (17903213)|STATEMENT_EXECUTE|[16]
16:26:18.0 (17904744)|STATEMENT_EXECUTE|[18]
16:26:18.0 (17940122)|VARIABLE_ASSIGNMENT|[EXTERNAL]|this|{"queryString":"WHERE Submitted__c = (5 more) ...","wrappedExpenses":"0x19c80c44"}|0x7528fdc9
16:26:18.0 (17951852)|HEAP_ALLOCATE|[18]|Bytes:116
16:26:18.0 (17956194)|HEAP_ALLOCATE|[18]|Bytes:8
16:26:18.0 (17963432)|HEAP_ALLOCATE|[18]|Bytes:12
16:26:18.0 (17979708)|CONSTRUCTOR_ENTRY|[18]|01p46000002wayn|<init>(Expense__c,Boolean)
16:26:18.0 (17989784)|VARIABLE_SCOPE_BEGIN|[83]|this|ExpenseController.ExpenseWrapper|true|false
16:26:18.0 (18006709)|VARIABLE_ASSIGNMENT|[83]|this|{}|0x2122b52f
16:26:18.0 (18009964)|VARIABLE_SCOPE_BEGIN|[83]|ex|Expense__c|true|false
16:26:18.0 (18026239)|VARIABLE_ASSIGNMENT|[83]|ex|{"RecordTypeId":"012460000005G1FAAU","Amount__c":3000,"Tax__c":390.00,"Submitted__c":true,"Employee__c":"00346000002ojVWAAY","Id":"a0F46000000Fp6rEAC","RecordType":{"Name":"Business Trips","Id":"012460000005G1FAAU"},"Employee__r":{"Id":"00346000002ojVWAAY","Name":"Carol Ruiz","Birthdate":"2017-10-09T00:00:00.000Z"}}|0x6f98aa12
16:26:18.0 (18032033)|VARIABLE_SCOPE_BEGIN|[83]|check|Boolean|false|false
16:26:18.0 (18034781)|VARIABLE_ASSIGNMENT|[83]|check|false
16:26:18.0 (18038334)|STATEMENT_EXECUTE|[78]
16:26:18.0 (18039897)|STATEMENT_EXECUTE|[80]
16:26:18.0 (18041283)|STATEMENT_EXECUTE|[81]
16:26:18.0 (18046664)|HEAP_ALLOCATE|[85]|Bytes:6
16:26:18.0 (18078196)|STATEMENT_EXECUTE|[83]
16:26:18.0 (18079743)|STATEMENT_EXECUTE|[85]
16:26:18.0 (18128351)|VARIABLE_ASSIGNMENT|[EXTERNAL]|this|{}|0x2122b52f
16:26:18.0 (18145476)|VARIABLE_ASSIGNMENT|[EXTERNAL]|value|{"RecordTypeId":"012460000005G1FAAU","Amount__c":3000,"Tax__c":390.00,"Submitted__c":true,"Employee__c":"00346000002ojVWAAY","Id":"a0F46000000Fp6rEAC","RecordType":{"Name":"Business Trips","Id":"012460000005G1FAAU"},"Employee__r":{"Id":"00346000002ojVWAAY","Name":"Carol Ruiz","Birthdate":"2017-10-09T00:00:00.000Z"}}|0x6f98aa12
16:26:18.0 (18161553)|VARIABLE_ASSIGNMENT|[80]|this.expense|{"RecordTypeId":"012460000005G1FAAU","Amount__c":3000,"Tax__c":390.00,"Submitted__c":true,"Employee__c":"00346000002ojVWAAY","Id":"a0F46000000Fp6rEAC","RecordType":{"Name":"Business Trips","Id":"012460000005G1FAAU"},"Employee__r":{"Id":"00346000002ojVWAAY","Name":"Carol Ruiz","Birthdate":"2017-10-09T00:00:00.000Z"}}|0x2122b52f
16:26:18.0 (18168810)|STATEMENT_EXECUTE|[86]
16:26:18.0 (18197831)|VARIABLE_ASSIGNMENT|[EXTERNAL]|this|{"expense":"0x6f98aa12"}|0x2122b52f
16:26:18.0 (18203524)|VARIABLE_ASSIGNMENT|[EXTERNAL]|value|false
16:26:18.0 (18207127)|HEAP_ALLOCATE|[81]|Bytes:5
16:26:18.0 (18211656)|VARIABLE_ASSIGNMENT|[81]|this.checked|false|0x2122b52f
16:26:18.0 (18219700)|CONSTRUCTOR_EXIT|[18]|01p46000002wayn|<init>(Expense__c,Boolean)
16:26:18.0 (18230980)|HEAP_ALLOCATE|[EXTERNAL]|Bytes:4
16:26:18.0 (18239958)|HEAP_ALLOCATE|[16]|Bytes:5
16:26:18.0 (18261450)|HEAP_ALLOCATE|[16]|Bytes:40
16:26:18.0 (18267474)|VARIABLE_SCOPE_BEGIN|[16]|ex|Expense__c|true|false
16:26:18.0 (18286651)|VARIABLE_ASSIGNMENT|[16]|ex|{"Category__c":"Event Registration","RecordTypeId":"012460000005G1FAAU","Amount__c":3499,"Tax__c":454.87,"Submitted__c":true,"Employee__c":"00346000002ojVWAAY","Id":"a0F46000000Fp76EAC","RecordType":{"Name":"Business Trips","Id":"012460000005G1FAAU"},"Employee__r":{"Id":"00346000002ojVWAAY","Name":"Carol Ruiz","Birthdate":"2017-10-09T00:00:00.000Z"}}|0x4905bff4
16:26:18.0 (18291156)|STATEMENT_EXECUTE|[16]
16:26:18.0 (18292452)|STATEMENT_EXECUTE|[18]
16:26:18.0 (18309873)|VARIABLE_ASSIGNMENT|[EXTERNAL]|this|{"queryString":"WHERE Submitted__c = (5 more) ...","wrappedExpenses":"0x19c80c44"}|0x7528fdc9
16:26:18.0 (18318130)|HEAP_ALLOCATE|[18]|Bytes:12
16:26:18.0 (18325207)|CONSTRUCTOR_ENTRY|[18]|01p46000002wayn|<init>(Expense__c,Boolean)
16:26:18.0 (18328308)|VARIABLE_SCOPE_BEGIN|[83]|this|ExpenseController.ExpenseWrapper|true|false
16:26:18.0 (18335560)|VARIABLE_ASSIGNMENT|[83]|this|{}|0x28fba3d3
16:26:18.0 (18337109)|VARIABLE_SCOPE_BEGIN|[83]|ex|Expense__c|true|false
16:26:18.0 (18350296)|VARIABLE_ASSIGNMENT|[83]|ex|{"Category__c":"Event Registration","RecordTypeId":"012460000005G1FAAU","Amount__c":3499,"Tax__c":454.87,"Submitted__c":true,"Employee__c":"00346000002ojVWAAY","Id":"a0F46000000Fp76EAC","RecordType":{"Name":"Business Trips","Id":"012460000005G1FAAU"},"Employee__r":{"Id":"00346000002ojVWAAY","Name":"Carol Ruiz","Birthdate":"2017-10-09T00:00:00.000Z"}}|0x4905bff4
16:26:18.0 (18354736)|VARIABLE_SCOPE_BEGIN|[83]|check|Boolean|false|false
16:26:18.0 (18357439)|VARIABLE_ASSIGNMENT|[83]|check|false
16:26:18.0 (18360378)|STATEMENT_EXECUTE|[78]
16:26:18.0 (18361702)|STATEMENT_EXECUTE|[80]
16:26:18.0 (18362943)|STATEMENT_EXECUTE|[81]
16:26:18.0 (18371865)|STATEMENT_EXECUTE|[83]
16:26:18.0 (18373250)|STATEMENT_EXECUTE|[85]
16:26:18.0 (18382464)|VARIABLE_ASSIGNMENT|[EXTERNAL]|this|{}|0x28fba3d3
16:26:18.0 (18395298)|VARIABLE_ASSIGNMENT|[EXTERNAL]|value|{"Category__c":"Event Registration","RecordTypeId":"012460000005G1FAAU","Amount__c":3499,"Tax__c":454.87,"Submitted__c":true,"Employee__c":"00346000002ojVWAAY","Id":"a0F46000000Fp76EAC","RecordType":{"Name":"Business Trips","Id":"012460000005G1FAAU"},"Employee__r":{"Id":"00346000002ojVWAAY","Name":"Carol Ruiz","Birthdate":"2017-10-09T00:00:00.000Z"}}|0x4905bff4
16:26:18.0 (18408974)|VARIABLE_ASSIGNMENT|[80]|this.expense|{"Category__c":"Event Registration","RecordTypeId":"012460000005G1FAAU","Amount__c":3499,"Tax__c":454.87,"Submitted__c":true,"Employee__c":"00346000002ojVWAAY","Id":"a0F46000000Fp76EAC","RecordType":{"Name":"Business Trips","Id":"012460000005G1FAAU"},"Employee__r":{"Id":"00346000002ojVWAAY","Name":"Carol Ruiz","Birthdate":"2017-10-09T00:00:00.000Z"}}|0x28fba3d3
16:26:18.0 (18414470)|STATEMENT_EXECUTE|[86]
16:26:18.0 (18424022)|VARIABLE_ASSIGNMENT|[EXTERNAL]|this|{"expense":"0x4905bff4"}|0x28fba3d3
16:26:18.0 (18427985)|VARIABLE_ASSIGNMENT|[EXTERNAL]|value|false
16:26:18.0 (18430484)|HEAP_ALLOCATE|[81]|Bytes:5
16:26:18.0 (18433911)|VARIABLE_ASSIGNMENT|[81]|this.checked|false|0x28fba3d3
16:26:18.0 (18440584)|CONSTRUCTOR_EXIT|[18]|01p46000002wayn|<init>(Expense__c,Boolean)
16:26:18.0 (18446708)|HEAP_ALLOCATE|[EXTERNAL]|Bytes:4
16:26:18.0 (18454512)|HEAP_ALLOCATE|[16]|Bytes:5
16:26:18.0 (18462968)|VARIABLE_ASSIGNMENT|[16]|ex|null|
16:26:18.0 (18466313)|STATEMENT_EXECUTE|[21]
16:26:18.0 (18489530)|VARIABLE_ASSIGNMENT|[EXTERNAL]|this|{"queryString":"WHERE Submitted__c = (5 more) ...","wrappedExpenses":"0x19c80c44"}|0x7528fdc9
16:26:18.0 (19078334)|HEAP_ALLOCATE|[EXTERNAL]|Bytes:12
16:26:18.0 (19086375)|VARIABLE_SCOPE_BEGIN|[64]|this|ExpenseController|true|false
16:26:18.0 (19106149)|VARIABLE_ASSIGNMENT|[64]|this|{"queryString":"WHERE Submitted__c = (5 more) ...","wrappedExpenses":"0x19c80c44"}|0x7528fdc9
16:26:18.0 (19113703)|STATEMENT_EXECUTE|[64]
16:26:18.0 (19115306)|STATEMENT_EXECUTE|[66]
16:26:18.0 (19118216)|HEAP_ALLOCATE|[66]|Bytes:26
16:26:18.0 (19126320)|VARIABLE_ASSIGNMENT|[66]|this.queryString|"WHERE Submitted__c = (6 more) ..."|0x7528fdc9
16:26:18.0 (21793303)|SYSTEM_MODE_ENTER|true
16:26:18.0 (21819610)|HEAP_ALLOCATE|[EXTERNAL]|Bytes:12
16:26:18.0 (21825036)|VARIABLE_SCOPE_BEGIN|[8]|this|ExpenseController|true|false
16:26:18.0 (21845452)|VARIABLE_ASSIGNMENT|[8]|this|{"queryString":"WHERE Submitted__c = (6 more) ...","wrappedExpenses":"0x19c80c44"}|0x7528fdc9
16:26:18.0 (21853026)|STATEMENT_EXECUTE|[8]
16:26:18.0 (21854688)|STATEMENT_EXECUTE|[10]
16:26:18.0 (21863956)|HEAP_ALLOCATE|[10]|Bytes:187
16:26:18.0 (22154693)|SOQL_EXECUTE_BEGIN|[10]|Aggregations:0|SELECT Category__c, RecordType.Name, Amount__c, Tax__c, Client_Company__c, Submitted__c, Employee__r.Id, Employee__r.Name, Employee__r.Birthdate FROM Expense__c WHERE Submitted__c = false
16:26:18.0 (26430316)|SOQL_EXECUTE_END|[10]|Rows:3
16:26:18.0 (26443094)|HEAP_ALLOCATE|[10]|Bytes:16
16:26:18.0 (26473069)|HEAP_ALLOCATE|[10]|Bytes:1066
16:26:18.0 (26486474)|HEAP_ALLOCATE|[10]|Bytes:16
16:26:18.0 (26498829)|VARIABLE_SCOPE_BEGIN|[10]|results|List<Expense__c>|true|false
16:26:18.0 (26546031)|VARIABLE_ASSIGNMENT|[10]|results|[{"Category__c":"Road Meals","RecordTypeId":"012460000005G1KAAU","Amount__c":8900,"Tax__c":1157.00,"Submitted__c":false,"Employee__c":"00346000002ojeGAAQ","Id":"a0F46000000FmUwEAK","RecordType":{"Name":"Client Meetings","Id":"012460000005G1KAAU"},"Employee__r":{"Id":"00346000002ojeGAAQ","Name":"Paolo Smith"}},{"Category__c":"Event Registration","RecordTypeId":"012460000005G1KAAU","Amount__c":5600,"Tax__c":728.00,"Submitted__c":false,"Employee__c":"00346000002oeLWAAY","Id":"a0F46000000FBc6EAG","RecordType":{"Name":"Client Meetings","Id":"012460000005G1KAAU"},"Employee__r":{"Id":"00346000002oeLWAAY","Name":"Paulo Acosta"}},{"Category__c":"Transportation","RecordTypeId":"012460000005G1FAAU","Amount__c":3500,"Tax__c":455.00,"Submitted__c":false,"Employee__c":"00346000002ojVWAAY","Id":"a0F46000000FBblEAG","RecordType":{"Name":"Business Trips","Id":"012460000005G1FAAU"},"Employee__r":{"Id":"00346000002ojVWAAY","Name":"Carol Ruiz","Birthdate":"2017-10-09T00:00:00.000Z"}}]|0x278542f4
16:26:18.0 (26553836)|STATEMENT_EXECUTE|[15]
16:26:18.0 (26558265)|HEAP_ALLOCATE|[15]|Bytes:4
16:26:18.0 (26590633)|VARIABLE_ASSIGNMENT|[EXTERNAL]|this|{"queryString":"WHERE Submitted__c = (6 more) ...","wrappedExpenses":"0x19c80c44"}|0x7528fdc9
16:26:18.0 (26599322)|HEAP_ALLOCATE|[EXTERNAL]|Bytes:4
16:26:18.0 (26603738)|VARIABLE_ASSIGNMENT|[EXTERNAL]|value|[]|0xef4d960
16:26:18.0 (26610074)|VARIABLE_ASSIGNMENT|[5]|this.wrappedExpenses|[]|0x7528fdc9
16:26:18.0 (26633907)|HEAP_ALLOCATE|[16]|Bytes:5
16:26:18.0 (26656958)|HEAP_ALLOCATE|[16]|Bytes:40
16:26:18.0 (26663997)|VARIABLE_SCOPE_BEGIN|[16]|ex|Expense__c|true|false
16:26:18.0 (26678916)|VARIABLE_ASSIGNMENT|[16]|ex|{"Category__c":"Road Meals","RecordTypeId":"012460000005G1KAAU","Amount__c":8900,"Tax__c":1157.00,"Submitted__c":false,"Employee__c":"00346000002ojeGAAQ","Id":"a0F46000000FmUwEAK","RecordType":{"Name":"Client Meetings","Id":"012460000005G1KAAU"},"Employee__r":{"Id":"00346000002ojeGAAQ","Name":"Paolo Smith"}}|0x4222df45
16:26:18.0 (26683466)|STATEMENT_EXECUTE|[16]
16:26:18.0 (26685013)|STATEMENT_EXECUTE|[18]
16:26:18.0 (26702180)|VARIABLE_ASSIGNMENT|[EXTERNAL]|this|{"queryString":"WHERE Submitted__c = (6 more) ...","wrappedExpenses":"0xef4d960"}|0x7528fdc9
16:26:18.0 (26710216)|HEAP_ALLOCATE|[18]|Bytes:12
16:26:18.0 (26718703)|CONSTRUCTOR_ENTRY|[18]|01p46000002wayn|<init>(Expense__c,Boolean)
16:26:18.0 (26721677)|VARIABLE_SCOPE_BEGIN|[83]|this|ExpenseController.ExpenseWrapper|true|false
16:26:18.0 (26729998)|VARIABLE_ASSIGNMENT|[83]|this|{}|0xf882554
16:26:18.0 (26731576)|VARIABLE_SCOPE_BEGIN|[83]|ex|Expense__c|true|false
16:26:18.0 (26741931)|VARIABLE_ASSIGNMENT|[83]|ex|{"Category__c":"Road Meals","RecordTypeId":"012460000005G1KAAU","Amount__c":8900,"Tax__c":1157.00,"Submitted__c":false,"Employee__c":"00346000002ojeGAAQ","Id":"a0F46000000FmUwEAK","RecordType":{"Name":"Client Meetings","Id":"012460000005G1KAAU"},"Employee__r":{"Id":"00346000002ojeGAAQ","Name":"Paolo Smith"}}|0x4222df45
16:26:18.0 (26746716)|VARIABLE_SCOPE_BEGIN|[83]|check|Boolean|false|false
16:26:18.0 (26749658)|VARIABLE_ASSIGNMENT|[83]|check|false
16:26:18.0 (26752574)|STATEMENT_EXECUTE|[78]
16:26:18.0 (26753881)|STATEMENT_EXECUTE|[80]
16:26:18.0 (26755166)|STATEMENT_EXECUTE|[81]
16:26:18.0 (26764980)|STATEMENT_EXECUTE|[83]
16:26:18.0 (26766364)|STATEMENT_EXECUTE|[85]
16:26:18.0 (26775471)|VARIABLE_ASSIGNMENT|[EXTERNAL]|this|{}|0xf882554
16:26:18.0 (26785624)|VARIABLE_ASSIGNMENT|[EXTERNAL]|value|{"Category__c":"Road Meals","RecordTypeId":"012460000005G1KAAU","Amount__c":8900,"Tax__c":1157.00,"Submitted__c":false,"Employee__c":"00346000002ojeGAAQ","Id":"a0F46000000FmUwEAK","RecordType":{"Name":"Client Meetings","Id":"012460000005G1KAAU"},"Employee__r":{"Id":"00346000002ojeGAAQ","Name":"Paolo Smith"}}|0x4222df45
16:26:18.0 (26797758)|VARIABLE_ASSIGNMENT|[80]|this.expense|{"Category__c":"Road Meals","RecordTypeId":"012460000005G1KAAU","Amount__c":8900,"Tax__c":1157.00,"Submitted__c":false,"Employee__c":"00346000002ojeGAAQ","Id":"a0F46000000FmUwEAK","RecordType":{"Name":"Client Meetings","Id":"012460000005G1KAAU"},"Employee__r":{"Id":"00346000002ojeGAAQ","Name":"Paolo Smith"}}|0xf882554
16:26:18.0 (26803662)|STATEMENT_EXECUTE|[86]
16:26:18.0 (26813029)|VARIABLE_ASSIGNMENT|[EXTERNAL]|this|{"expense":"0x4222df45"}|0xf882554
16:26:18.0 (26816915)|VARIABLE_ASSIGNMENT|[EXTERNAL]|value|false
16:26:18.0 (26819723)|HEAP_ALLOCATE|[81]|Bytes:5
16:26:18.0 (26823386)|VARIABLE_ASSIGNMENT|[81]|this.checked|false|0xf882554
16:26:18.0 (26830493)|CONSTRUCTOR_EXIT|[18]|01p46000002wayn|<init>(Expense__c,Boolean)
16:26:18.0 (26837187)|HEAP_ALLOCATE|[EXTERNAL]|Bytes:4
16:26:18.0 (26845292)|HEAP_ALLOCATE|[16]|Bytes:5
16:26:18.0 (26862127)|HEAP_ALLOCATE|[16]|Bytes:40
16:26:18.0 (26867076)|VARIABLE_SCOPE_BEGIN|[16]|ex|Expense__c|true|false
16:26:18.0 (26880593)|VARIABLE_ASSIGNMENT|[16]|ex|{"Category__c":"Event Registration","RecordTypeId":"012460000005G1KAAU","Amount__c":5600,"Tax__c":728.00,"Submitted__c":false,"Employee__c":"00346000002oeLWAAY","Id":"a0F46000000FBc6EAG","RecordType":{"Name":"Client Meetings","Id":"012460000005G1KAAU"},"Employee__r":{"Id":"00346000002oeLWAAY","Name":"Paulo Acosta"}}|0x7a35f06a
16:26:18.0 (26884396)|STATEMENT_EXECUTE|[16]
16:26:18.0 (26885736)|STATEMENT_EXECUTE|[18]
16:26:18.0 (26900636)|VARIABLE_ASSIGNMENT|[EXTERNAL]|this|{"queryString":"WHERE Submitted__c = (6 more) ...","wrappedExpenses":"0xef4d960"}|0x7528fdc9
16:26:18.0 (26907536)|HEAP_ALLOCATE|[18]|Bytes:12
16:26:18.0 (26913995)|CONSTRUCTOR_ENTRY|[18]|01p46000002wayn|<init>(Expense__c,Boolean)
16:26:18.0 (26916349)|VARIABLE_SCOPE_BEGIN|[83]|this|ExpenseController.ExpenseWrapper|true|false
16:26:18.0 (26923278)|VARIABLE_ASSIGNMENT|[83]|this|{}|0x4ac64ff6
16:26:18.0 (26924921)|VARIABLE_SCOPE_BEGIN|[83]|ex|Expense__c|true|false
16:26:18.0 (26934523)|VARIABLE_ASSIGNMENT|[83]|ex|{"Category__c":"Event Registration","RecordTypeId":"012460000005G1KAAU","Amount__c":5600,"Tax__c":728.00,"Submitted__c":false,"Employee__c":"00346000002oeLWAAY","Id":"a0F46000000FBc6EAG","RecordType":{"Name":"Client Meetings","Id":"012460000005G1KAAU"},"Employee__r":{"Id":"00346000002oeLWAAY","Name":"Paulo Acosta"}}|0x7a35f06a
16:26:18.0 (26938358)|VARIABLE_SCOPE_BEGIN|[83]|check|Boolean|false|false
16:26:18.0 (26940737)|VARIABLE_ASSIGNMENT|[83]|check|false
16:26:18.0 (26943292)|STATEMENT_EXECUTE|[78]
16:26:18.0 (26944532)|STATEMENT_EXECUTE|[80]
16:26:18.0 (26945795)|STATEMENT_EXECUTE|[81]
16:26:18.0 (26953937)|STATEMENT_EXECUTE|[83]
16:26:18.0 (26955274)|STATEMENT_EXECUTE|[85]
16:26:18.0 (26963774)|VARIABLE_ASSIGNMENT|[EXTERNAL]|this|{}|0x4ac64ff6
16:26:18.0 (26973036)|VARIABLE_ASSIGNMENT|[EXTERNAL]|value|{"Category__c":"Event Registration","RecordTypeId":"012460000005G1KAAU","Amount__c":5600,"Tax__c":728.00,"Submitted__c":false,"Employee__c":"00346000002oeLWAAY","Id":"a0F46000000FBc6EAG","RecordType":{"Name":"Client Meetings","Id":"012460000005G1KAAU"},"Employee__r":{"Id":"00346000002oeLWAAY","Name":"Paulo Acosta"}}|0x7a35f06a
16:26:18.0 (26984260)|VARIABLE_ASSIGNMENT|[80]|this.expense|{"Category__c":"Event Registration","RecordTypeId":"012460000005G1KAAU","Amount__c":5600,"Tax__c":728.00,"Submitted__c":false,"Employee__c":"00346000002oeLWAAY","Id":"a0F46000000FBc6EAG","RecordType":{"Name":"Client Meetings","Id":"012460000005G1KAAU"},"Employee__r":{"Id":"00346000002oeLWAAY","Name":"Paulo Acosta"}}|0x4ac64ff6
16:26:18.0 (26988865)|STATEMENT_EXECUTE|[86]
16:26:18.0 (26997501)|VARIABLE_ASSIGNMENT|[EXTERNAL]|this|{"expense":"0x7a35f06a"}|0x4ac64ff6
16:26:18.0 (27001227)|VARIABLE_ASSIGNMENT|[EXTERNAL]|value|false
16:26:18.0 (27004556)|HEAP_ALLOCATE|[81]|Bytes:5
16:26:18.0 (27007776)|VARIABLE_ASSIGNMENT|[81]|this.checked|false|0x4ac64ff6
16:26:18.0 (27014131)|CONSTRUCTOR_EXIT|[18]|01p46000002wayn|<init>(Expense__c,Boolean)
16:26:18.0 (27019916)|HEAP_ALLOCATE|[EXTERNAL]|Bytes:4
16:26:18.0 (27027466)|HEAP_ALLOCATE|[16]|Bytes:5
16:26:18.0 (27043338)|HEAP_ALLOCATE|[16]|Bytes:40
16:26:18.0 (27047678)|VARIABLE_SCOPE_BEGIN|[16]|ex|Expense__c|true|false
16:26:18.0 (27066765)|VARIABLE_ASSIGNMENT|[16]|ex|{"Category__c":"Transportation","RecordTypeId":"012460000005G1FAAU","Amount__c":3500,"Tax__c":455.00,"Submitted__c":false,"Employee__c":"00346000002ojVWAAY","Id":"a0F46000000FBblEAG","RecordType":{"Name":"Business Trips","Id":"012460000005G1FAAU"},"Employee__r":{"Id":"00346000002ojVWAAY","Name":"Carol Ruiz","Birthdate":"2017-10-09T00:00:00.000Z"}}|0x255ab046
16:26:18.0 (27070744)|STATEMENT_EXECUTE|[16]
16:26:18.0 (27072012)|STATEMENT_EXECUTE|[18]
16:26:18.0 (27086893)|VARIABLE_ASSIGNMENT|[EXTERNAL]|this|{"queryString":"WHERE Submitted__c = (6 more) ...","wrappedExpenses":"0xef4d960"}|0x7528fdc9
16:26:18.0 (27093678)|HEAP_ALLOCATE|[18]|Bytes:12
16:26:18.0 (27099684)|CONSTRUCTOR_ENTRY|[18]|01p46000002wayn|<init>(Expense__c,Boolean)
16:26:18.0 (27101889)|VARIABLE_SCOPE_BEGIN|[83]|this|ExpenseController.ExpenseWrapper|true|false
16:26:18.0 (27108710)|VARIABLE_ASSIGNMENT|[83]|this|{}|0x475926b8
16:26:18.0 (27110135)|VARIABLE_SCOPE_BEGIN|[83]|ex|Expense__c|true|false
16:26:18.0 (27123434)|VARIABLE_ASSIGNMENT|[83]|ex|{"Category__c":"Transportation","RecordTypeId":"012460000005G1FAAU","Amount__c":3500,"Tax__c":455.00,"Submitted__c":false,"Employee__c":"00346000002ojVWAAY","Id":"a0F46000000FBblEAG","RecordType":{"Name":"Business Trips","Id":"012460000005G1FAAU"},"Employee__r":{"Id":"00346000002ojVWAAY","Name":"Carol Ruiz","Birthdate":"2017-10-09T00:00:00.000Z"}}|0x255ab046
16:26:18.0 (27127361)|VARIABLE_SCOPE_BEGIN|[83]|check|Boolean|false|false
16:26:18.0 (27129728)|VARIABLE_ASSIGNMENT|[83]|check|false
16:26:18.0 (27132320)|STATEMENT_EXECUTE|[78]
16:26:18.0 (27133578)|STATEMENT_EXECUTE|[80]
16:26:18.0 (27134844)|STATEMENT_EXECUTE|[81]
16:26:18.0 (27143035)|STATEMENT_EXECUTE|[83]
16:26:18.0 (27144304)|STATEMENT_EXECUTE|[85]
16:26:18.0 (27153100)|VARIABLE_ASSIGNMENT|[EXTERNAL]|this|{}|0x475926b8
16:26:18.0 (27165064)|VARIABLE_ASSIGNMENT|[EXTERNAL]|value|{"Category__c":"Transportation","RecordTypeId":"012460000005G1FAAU","Amount__c":3500,"Tax__c":455.00,"Submitted__c":false,"Employee__c":"00346000002ojVWAAY","Id":"a0F46000000FBblEAG","RecordType":{"Name":"Business Trips","Id":"012460000005G1FAAU"},"Employee__r":{"Id":"00346000002ojVWAAY","Name":"Carol Ruiz","Birthdate":"2017-10-09T00:00:00.000Z"}}|0x255ab046
16:26:18.0 (27178297)|VARIABLE_ASSIGNMENT|[80]|this.expense|{"Category__c":"Transportation","RecordTypeId":"012460000005G1FAAU","Amount__c":3500,"Tax__c":455.00,"Submitted__c":false,"Employee__c":"00346000002ojVWAAY","Id":"a0F46000000FBblEAG","RecordType":{"Name":"Business Trips","Id":"012460000005G1FAAU"},"Employee__r":{"Id":"00346000002ojVWAAY","Name":"Carol Ruiz","Birthdate":"2017-10-09T00:00:00.000Z"}}|0x475926b8
16:26:18.0 (27184057)|STATEMENT_EXECUTE|[86]
16:26:18.0 (27193308)|VARIABLE_ASSIGNMENT|[EXTERNAL]|this|{"expense":"0x255ab046"}|0x475926b8
16:26:18.0 (27197033)|VARIABLE_ASSIGNMENT|[EXTERNAL]|value|false
16:26:18.0 (27199423)|HEAP_ALLOCATE|[81]|Bytes:5
16:26:18.0 (27202630)|VARIABLE_ASSIGNMENT|[81]|this.checked|false|0x475926b8
16:26:18.0 (27208972)|CONSTRUCTOR_EXIT|[18]|01p46000002wayn|<init>(Expense__c,Boolean)
16:26:18.0 (27214581)|HEAP_ALLOCATE|[EXTERNAL]|Bytes:4
16:26:18.0 (27221938)|HEAP_ALLOCATE|[16]|Bytes:5
16:26:18.0 (27229042)|VARIABLE_ASSIGNMENT|[16]|ex|null|
16:26:18.0 (27231777)|STATEMENT_EXECUTE|[21]
16:26:18.0 (27244397)|VARIABLE_ASSIGNMENT|[EXTERNAL]|this|{"queryString":"WHERE Submitted__c = (6 more) ...","wrappedExpenses":"0xef4d960"}|0x7528fdc9
16:26:18.0 (32646267)|VF_SERIALIZE_VIEWSTATE_BEGIN|06646000001BW08
16:26:18.0 (42215544)|VF_SERIALIZE_VIEWSTATE_END
16:26:18.0 (51918311)|CODE_UNIT_STARTED|[EXTERNAL]|Generate Metadata
16:26:18.0 (53164155)|CODE_UNIT_FINISHED|Generate Metadata
16:26:18.55 (55053080)|CUMULATIVE_LIMIT_USAGE
16:26:18.55 (55053080)|LIMIT_USAGE_FOR_NS|(default)|
  Number of SOQL queries: 2 out of 100
  Number of query rows: 5 out of 50000
  Number of SOSL queries: 0 out of 20
  Number of DML statements: 0 out of 150
  Number of DML rows: 0 out of 10000
  Maximum CPU time: 0 out of 10000
  Maximum heap size: 0 out of 6000000
  Number of callouts: 0 out of 100
  Number of Email Invocations: 0 out of 10
  Number of future calls: 0 out of 50
  Number of queueable jobs added to the queue: 0 out of 50
  Number of Mobile Apex push calls: 0 out of 10

16:26:18.55 (55053080)|CUMULATIVE_LIMIT_USAGE_END

16:26:18.0 (55084763)|CODE_UNIT_FINISHED|VF: /apex/ListOfEmployees
16:26:18.0 (55817466)|EXECUTION_FINISHED
