39.0 APEX_CODE,FINEST;APEX_PROFILING,INFO;CALLOUT,INFO;DB,INFO;SYSTEM,DEBUG;VALIDATION,INFO;VISUALFORCE,INFO;WAVE,INFO;WORKFLOW,INFO
17:18:41.0 (312919)|USER_INFO|[EXTERNAL]|00546000000Iihs|pacosta@altimetrik.com|Argentine Time|GMT-03:00
17:18:41.0 (335969)|EXECUTION_STARTED
17:18:41.0 (339843)|CODE_UNIT_STARTED|[EXTERNAL]|TRIGGERS
17:18:41.0 (364068)|CODE_UNIT_STARTED|[EXTERNAL]|01q46000000QfG6|CreateExpense on Expense trigger event BeforeInsert for [new]
17:18:41.0 (408870)|HEAP_ALLOCATE|[EXTERNAL]|Bytes:8
17:18:41.0 (743574)|HEAP_ALLOCATE|[72]|Bytes:3
17:18:41.0 (779290)|HEAP_ALLOCATE|[77]|Bytes:152
17:18:41.0 (791664)|HEAP_ALLOCATE|[342]|Bytes:408
17:18:41.0 (806739)|HEAP_ALLOCATE|[355]|Bytes:408
17:18:41.0 (819400)|HEAP_ALLOCATE|[467]|Bytes:48
17:18:41.0 (845170)|HEAP_ALLOCATE|[139]|Bytes:6
17:18:41.0 (866213)|HEAP_ALLOCATE|[EXTERNAL]|Bytes:4
17:18:41.0 (872124)|VARIABLE_SCOPE_BEGIN|[1]|this|CreateExpense|true|false
17:18:41.0 (909702)|VARIABLE_ASSIGNMENT|[1]|this|{}|0x42e21eee
17:18:41.0 (945751)|HEAP_ALLOCATE|[EXTERNAL]|Bytes:4
17:18:41.0 (950558)|VARIABLE_SCOPE_BEGIN|[1]|this|CreateExpense|true|false
17:18:41.0 (956983)|VARIABLE_ASSIGNMENT|[1]|this|{}|0x42e21eee
17:18:41.0 (962899)|STATEMENT_EXECUTE|[1]
17:18:41.0 (993695)|HEAP_ALLOCATE|[50]|Bytes:5
17:18:41.0 (1013582)|HEAP_ALLOCATE|[56]|Bytes:5
17:18:41.0 (1021147)|HEAP_ALLOCATE|[64]|Bytes:7
17:18:41.0 (1304593)|HEAP_ALLOCATE|[3]|Bytes:5
17:18:41.0 (1327619)|HEAP_ALLOCATE|[3]|Bytes:4
17:18:41.0 (1334709)|VARIABLE_SCOPE_BEGIN|[3]|ex|Expense__c|true|false
17:18:41.0 (1892507)|VARIABLE_ASSIGNMENT|[3]|ex|{"Expense_Status__c":"NOT SUBMITTED","Client_Name__c":"Sheldon Cooper","IsDeleted":false,"Client_Company__c":"At&t","Name":"Another Meeting","Employee__c":"00346000002ojeGAAQ","Project_Name__c":"New Phones","OwnerId":"00546000000IihsAAC","Amount__c":4000,"Submitted__c":false,"Category__c":"Lodging","RecordTypeId":"012460000005G1KAAU","Tax__c":520.00}|0x2984ff15
17:18:41.0 (1901476)|STATEMENT_EXECUTE|[3]
17:18:41.0 (1928674)|STATEMENT_EXECUTE|[5]
17:18:41.0 (1941263)|HEAP_ALLOCATE|[3]|Bytes:5
17:18:41.0 (1953404)|VARIABLE_ASSIGNMENT|[3]|ex|null|
17:18:41.1 (1959795)|CUMULATIVE_LIMIT_USAGE
17:18:41.1 (1959795)|LIMIT_USAGE_FOR_NS|(default)|
  Number of SOQL queries: 0 out of 100
  Number of query rows: 0 out of 50000
  Number of SOSL queries: 0 out of 20
  Number of DML statements: 0 out of 150
  Number of DML rows: 0 out of 10000
  Maximum CPU time: 0 out of 10000
  Maximum heap size: 0 out of 6000000
  Number of callouts: 0 out of 100
  Number of Email Invocations: 0 out of 10
  Number of future calls: 0 out of 50
  Number of queueable jobs added to the queue: 0 out of 50
  Number of Mobile Apex push calls: 0 out of 10

17:18:41.1 (1959795)|CUMULATIVE_LIMIT_USAGE_END

17:18:41.0 (2702356)|CODE_UNIT_FINISHED|CreateExpense on Expense trigger event BeforeInsert for [new]
17:18:41.0 (9302080)|CODE_UNIT_STARTED|[EXTERNAL]|Validation:Expense:new
17:18:41.0 (9308999)|VALIDATION_RULE|03d46000000DMqh|InsertOtherValue
17:18:41.0 (9441561)|VALIDATION_FORMULA|AND (IF (ISPICKVAL( Category__c , "Other"), true, false),  ISBLANK( Other__c ) )|Category__c=Lodging , Other__c=null
17:18:41.0 (9445492)|VALIDATION_PASS
17:18:41.0 (9470879)|CODE_UNIT_FINISHED|Validation:Expense:new
17:18:41.0 (29455321)|CODE_UNIT_STARTED|[EXTERNAL]|Workflow:01I46000000AdSk
17:18:41.0 (34932250)|WF_RULE_EVAL_BEGIN|Workflow
17:18:41.0 (34951717)|WF_CRITERIA_BEGIN|[Expense: Another Meeting a0F46000000Ftq1]|High_Value_Expense_Email_Alert30146000000Cjmi|01Q460000000EDT|ON_ALL_CHANGES|0
17:18:41.0 (35002792)|WF_FORMULA|Formula:ENCODED:[treatNullAsNull]true|Values:
17:18:41.0 (35006267)|WF_CRITERIA_END|true
17:18:41.0 (35444970)|WF_SPOOL_ACTION_BEGIN|Workflow
17:18:41.0 (35464566)|WF_ACTION| Flow Trigger: 1;
17:18:41.0 (35467225)|WF_RULE_EVAL_END
17:18:41.0 (35907357)|WF_FLOW_ACTION_BEGIN|09L46000000Lo2w
17:18:41.35 (35952028)|FLOW_CREATE_INTERVIEW_BEGIN|00D46000000buVW|30046000000Grmv|30146000000Cjmi
17:18:41.35 (37266634)|FLOW_CREATE_INTERVIEW_END|1854b476bfb543ff22745bfcdc515afcc32fc4-2f92|High Value Expense Email Alert
17:18:41.37 (37477742)|FLOW_START_INTERVIEWS_BEGIN|1
17:18:41.37 (38072995)|FLOW_START_INTERVIEW_BEGIN|1854b476bfb543ff22745bfcdc515afcc32fc4-2f92|High Value Expense Email Alert
17:18:41.37 (38586945)|FLOW_START_INTERVIEW_END|1854b476bfb543ff22745bfcdc515afcc32fc4-2f92|High Value Expense Email Alert
17:18:41.37 (38597385)|FLOW_START_INTERVIEWS_END|1
17:18:41.0 (39458762)|WF_FLOW_ACTION_END|09L46000000Lo2w
17:18:41.0 (39515567)|WF_ACTIONS_END| Flow Trigger: 1;
17:18:41.0 (39520566)|CODE_UNIT_FINISHED|Workflow:01I46000000AdSk
17:18:41.0 (53914315)|CODE_UNIT_FINISHED|TRIGGERS
17:18:41.0 (53919176)|EXECUTION_FINISHED
