39.0 APEX_CODE,FINEST;APEX_PROFILING,INFO;CALLOUT,INFO;DB,INFO;SYSTEM,DEBUG;VALIDATION,INFO;VISUALFORCE,INFO;WAVE,INFO;WORKFLOW,INFO
17:59:17.0 (710667)|USER_INFO|[EXTERNAL]|00546000000Iihs|pacosta@altimetrik.com|Argentine Time|GMT-03:00
17:59:17.0 (743830)|EXECUTION_STARTED
17:59:17.0 (747146)|CODE_UNIT_STARTED|[EXTERNAL]|01p46000002uY2r|TemperatureConverterTest.testBoilingPoint
17:59:17.0 (1557768)|HEAP_ALLOCATE|[72]|Bytes:3
17:59:17.0 (1596337)|HEAP_ALLOCATE|[77]|Bytes:152
17:59:17.0 (1611924)|HEAP_ALLOCATE|[342]|Bytes:408
17:59:17.0 (1628281)|HEAP_ALLOCATE|[355]|Bytes:408
17:59:17.0 (1642239)|HEAP_ALLOCATE|[467]|Bytes:48
17:59:17.0 (1668611)|HEAP_ALLOCATE|[139]|Bytes:6
17:59:17.0 (1681052)|HEAP_ALLOCATE|[EXTERNAL]|Bytes:21
17:59:17.0 (1689866)|METHOD_ENTRY|[2]|01p46000002uY2r|TemperatureConverterTest.TemperatureConverterTest()
17:59:17.0 (1695258)|STATEMENT_EXECUTE|[2]
17:59:17.0 (1700033)|STATEMENT_EXECUTE|[2]
17:59:17.0 (1703574)|METHOD_EXIT|[2]|TemperatureConverterTest
17:59:17.0 (1741999)|HEAP_ALLOCATE|[50]|Bytes:5
17:59:17.0 (1765034)|HEAP_ALLOCATE|[56]|Bytes:5
17:59:17.0 (1770720)|HEAP_ALLOCATE|[64]|Bytes:7
17:59:17.0 (1806126)|STATEMENT_EXECUTE|[14]
17:59:17.0 (1808153)|STATEMENT_EXECUTE|[15]
17:59:17.0 (1837611)|HEAP_ALLOCATE|[15]|Bytes:28
17:59:17.0 (5684713)|HEAP_ALLOCATE|[15]|Bytes:1
17:59:17.0 (5707450)|METHOD_ENTRY|[1]|01p46000002uXqO|TemperatureConverter.TemperatureConverter()
17:59:17.0 (5716034)|STATEMENT_EXECUTE|[1]
17:59:17.0 (5722042)|STATEMENT_EXECUTE|[1]
17:59:17.0 (5726849)|METHOD_EXIT|[1]|TemperatureConverter
17:59:17.0 (5755815)|METHOD_ENTRY|[15]|01p46000002uXqO|TemperatureConverter.FahrenheitToCelsius(Decimal)
17:59:17.0 (5781836)|VARIABLE_SCOPE_BEGIN|[4]|fh|Decimal|false|false
17:59:17.0 (5801458)|VARIABLE_ASSIGNMENT|[4]|fh|212
17:59:17.0 (5812585)|STATEMENT_EXECUTE|[4]
17:59:17.0 (5814871)|STATEMENT_EXECUTE|[5]
17:59:17.0 (5830772)|HEAP_ALLOCATE|[5]|Bytes:28
17:59:17.0 (5906513)|HEAP_ALLOCATE|[5]|Bytes:28
17:59:17.0 (5932158)|HEAP_ALLOCATE|[5]|Bytes:28
17:59:17.0 (5937736)|HEAP_ALLOCATE|[5]|Bytes:28
17:59:17.0 (5956209)|HEAP_ALLOCATE|[5]|Bytes:28
17:59:17.0 (5969036)|HEAP_ALLOCATE|[5]|Bytes:28
17:59:17.0 (5971694)|HEAP_ALLOCATE|[5]|Bytes:28
17:59:17.0 (6040845)|HEAP_ALLOCATE|[5]|Bytes:28
17:59:17.0 (6047331)|HEAP_ALLOCATE|[5]|Bytes:28
17:59:17.0 (6057115)|VARIABLE_SCOPE_BEGIN|[5]|cs|Decimal|false|false
17:59:17.0 (6065242)|VARIABLE_ASSIGNMENT|[5]|cs|100
17:59:17.0 (6068422)|STATEMENT_EXECUTE|[6]
17:59:17.0 (6097703)|HEAP_ALLOCATE|[6]|Bytes:28
17:59:17.0 (6108437)|METHOD_EXIT|[15]|01p46000002uXqO|TemperatureConverter.FahrenheitToCelsius(Decimal)
17:59:17.0 (6111418)|VARIABLE_SCOPE_BEGIN|[15]|celsius|Decimal|false|false
17:59:17.0 (6117162)|VARIABLE_ASSIGNMENT|[15]|celsius|100.00
17:59:17.0 (6119904)|STATEMENT_EXECUTE|[16]
17:59:17.0 (6123686)|HEAP_ALLOCATE|[16]|Bytes:42
17:59:17.0 (6227950)|EXCEPTION_THROWN|[16]|System.AssertException: Assertion Failed: Boiling point temperature is not expected.: Expected: 0, Actual: 100.00
17:59:17.0 (6302881)|HEAP_ALLOCATE|[16]|Bytes:93
17:59:17.0 (6363163)|FATAL_ERROR|System.AssertException: Assertion Failed: Boiling point temperature is not expected.: Expected: 0, Actual: 100.00

Class.TemperatureConverterTest.testBoilingPoint: line 16, column 1
17:59:17.0 (6373220)|FATAL_ERROR|System.AssertException: Assertion Failed: Boiling point temperature is not expected.: Expected: 0, Actual: 100.00

Class.TemperatureConverterTest.testBoilingPoint: line 16, column 1
17:59:17.6 (6379857)|CUMULATIVE_LIMIT_USAGE
17:59:17.6 (6379857)|LIMIT_USAGE_FOR_NS|(default)|
  Number of SOQL queries: 0 out of 100
  Number of query rows: 0 out of 50000
  Number of SOSL queries: 0 out of 20
  Number of DML statements: 0 out of 150
  Number of DML rows: 0 out of 10000
  Maximum CPU time: 0 out of 10000
  Maximum heap size: 0 out of 6000000
  Number of callouts: 0 out of 100
  Number of Email Invocations: 0 out of 10
  Number of future calls: 0 out of 50
  Number of queueable jobs added to the queue: 0 out of 50
  Number of Mobile Apex push calls: 0 out of 10

17:59:17.6 (6379857)|CUMULATIVE_LIMIT_USAGE_END

17:59:17.0 (6415882)|CODE_UNIT_FINISHED|TemperatureConverterTest.testBoilingPoint
17:59:17.0 (7216715)|EXECUTION_FINISHED
17:59:17.47 (47590745)|USER_INFO|[EXTERNAL]|00546000000Iihs|pacosta@altimetrik.com|Argentine Time|GMT-03:00
17:59:17.47 (47601058)|EXECUTION_STARTED
17:59:17.47 (47604094)|CODE_UNIT_STARTED|[EXTERNAL]|01p46000002uY2r|TemperatureConverterTest.testFreezingPoint
17:59:17.47 (47739981)|HEAP_ALLOCATE|[72]|Bytes:3
17:59:17.47 (47782678)|HEAP_ALLOCATE|[77]|Bytes:152
17:59:17.47 (47798187)|HEAP_ALLOCATE|[342]|Bytes:408
17:59:17.47 (47814166)|HEAP_ALLOCATE|[355]|Bytes:408
17:59:17.47 (47827683)|HEAP_ALLOCATE|[467]|Bytes:48
17:59:17.47 (47856084)|HEAP_ALLOCATE|[139]|Bytes:6
17:59:17.47 (47869127)|HEAP_ALLOCATE|[EXTERNAL]|Bytes:21
17:59:17.47 (47882713)|METHOD_ENTRY|[2]|01p46000002uY2r|TemperatureConverterTest.TemperatureConverterTest()
17:59:17.47 (47888385)|STATEMENT_EXECUTE|[2]
17:59:17.47 (47893512)|STATEMENT_EXECUTE|[2]
17:59:17.47 (47896837)|METHOD_EXIT|[2]|TemperatureConverterTest
17:59:17.47 (47921970)|HEAP_ALLOCATE|[50]|Bytes:5
17:59:17.47 (47943451)|HEAP_ALLOCATE|[56]|Bytes:5
17:59:17.47 (47952798)|HEAP_ALLOCATE|[64]|Bytes:7
17:59:17.47 (47990076)|STATEMENT_EXECUTE|[9]
17:59:17.47 (47991961)|STATEMENT_EXECUTE|[10]
17:59:17.47 (48025221)|HEAP_ALLOCATE|[10]|Bytes:28
17:59:17.47 (48034489)|HEAP_ALLOCATE|[10]|Bytes:1
17:59:17.47 (48039660)|METHOD_ENTRY|[1]|01p46000002uXqO|TemperatureConverter.TemperatureConverter()
17:59:17.47 (48042789)|STATEMENT_EXECUTE|[1]
17:59:17.47 (48044849)|STATEMENT_EXECUTE|[1]
17:59:17.47 (48047335)|METHOD_EXIT|[1]|TemperatureConverter
17:59:17.47 (48056231)|METHOD_ENTRY|[10]|01p46000002uXqO|TemperatureConverter.FahrenheitToCelsius(Decimal)
17:59:17.47 (48072672)|VARIABLE_SCOPE_BEGIN|[4]|fh|Decimal|false|false
17:59:17.47 (48095005)|VARIABLE_ASSIGNMENT|[4]|fh|32
17:59:17.47 (48103355)|STATEMENT_EXECUTE|[4]
17:59:17.47 (48104769)|STATEMENT_EXECUTE|[5]
17:59:17.47 (48112347)|HEAP_ALLOCATE|[5]|Bytes:28
17:59:17.47 (48160287)|HEAP_ALLOCATE|[5]|Bytes:28
17:59:17.47 (48163141)|HEAP_ALLOCATE|[5]|Bytes:28
17:59:17.47 (48177111)|HEAP_ALLOCATE|[5]|Bytes:28
17:59:17.47 (48178599)|HEAP_ALLOCATE|[5]|Bytes:28
17:59:17.47 (48194235)|HEAP_ALLOCATE|[5]|Bytes:28
17:59:17.47 (48195700)|HEAP_ALLOCATE|[5]|Bytes:28
17:59:17.47 (48202861)|HEAP_ALLOCATE|[5]|Bytes:28
17:59:17.47 (48204113)|HEAP_ALLOCATE|[5]|Bytes:28
17:59:17.47 (48220075)|HEAP_ALLOCATE|[5]|Bytes:28
17:59:17.47 (48221493)|HEAP_ALLOCATE|[5]|Bytes:28
17:59:17.47 (48227959)|VARIABLE_SCOPE_BEGIN|[5]|cs|Decimal|false|false
17:59:17.47 (48235202)|VARIABLE_ASSIGNMENT|[5]|cs|0
17:59:17.47 (48237755)|STATEMENT_EXECUTE|[6]
17:59:17.47 (48256245)|HEAP_ALLOCATE|[6]|Bytes:28
17:59:17.47 (48257967)|HEAP_ALLOCATE|[6]|Bytes:28
17:59:17.47 (48266530)|METHOD_EXIT|[10]|01p46000002uXqO|TemperatureConverter.FahrenheitToCelsius(Decimal)
17:59:17.47 (48269553)|VARIABLE_SCOPE_BEGIN|[10]|celsius|Decimal|false|false
17:59:17.47 (48274534)|VARIABLE_ASSIGNMENT|[10]|celsius|0.00
17:59:17.47 (48276786)|STATEMENT_EXECUTE|[11]
17:59:17.48 (48326519)|CUMULATIVE_LIMIT_USAGE
17:59:17.48 (48326519)|LIMIT_USAGE_FOR_NS|(default)|
  Number of SOQL queries: 0 out of 100
  Number of query rows: 0 out of 50000
  Number of SOSL queries: 0 out of 20
  Number of DML statements: 0 out of 150
  Number of DML rows: 0 out of 10000
  Maximum CPU time: 0 out of 10000
  Maximum heap size: 0 out of 6000000
  Number of callouts: 0 out of 100
  Number of Email Invocations: 0 out of 10
  Number of future calls: 0 out of 50
  Number of queueable jobs added to the queue: 0 out of 50
  Number of Mobile Apex push calls: 0 out of 10

17:59:17.48 (48326519)|CUMULATIVE_LIMIT_USAGE_END

17:59:17.47 (48362081)|CODE_UNIT_FINISHED|TemperatureConverterTest.testFreezingPoint
17:59:17.47 (49142192)|EXECUTION_FINISHED
17:59:17.57 (57612293)|USER_INFO|[EXTERNAL]|00546000000Iihs|pacosta@altimetrik.com|Argentine Time|GMT-03:00
17:59:17.57 (57620458)|EXECUTION_STARTED
17:59:17.57 (57623257)|CODE_UNIT_STARTED|[EXTERNAL]|01p46000002uY2r|TemperatureConverterTest.testNegativeTemp
17:59:17.57 (57694781)|HEAP_ALLOCATE|[72]|Bytes:3
17:59:17.57 (57713984)|HEAP_ALLOCATE|[77]|Bytes:152
17:59:17.57 (57724054)|HEAP_ALLOCATE|[342]|Bytes:408
17:59:17.57 (57738081)|HEAP_ALLOCATE|[355]|Bytes:408
17:59:17.57 (57751008)|HEAP_ALLOCATE|[467]|Bytes:48
17:59:17.57 (57769556)|HEAP_ALLOCATE|[139]|Bytes:6
17:59:17.57 (57784305)|HEAP_ALLOCATE|[EXTERNAL]|Bytes:21
17:59:17.57 (57791263)|METHOD_ENTRY|[2]|01p46000002uY2r|TemperatureConverterTest.TemperatureConverterTest()
17:59:17.57 (57794508)|STATEMENT_EXECUTE|[2]
17:59:17.57 (57797922)|STATEMENT_EXECUTE|[2]
17:59:17.57 (57800580)|METHOD_EXIT|[2]|TemperatureConverterTest
17:59:17.57 (57818384)|HEAP_ALLOCATE|[50]|Bytes:5
17:59:17.57 (57834089)|HEAP_ALLOCATE|[56]|Bytes:5
17:59:17.57 (57839617)|HEAP_ALLOCATE|[64]|Bytes:7
17:59:17.57 (57866349)|STATEMENT_EXECUTE|[19]
17:59:17.57 (57868221)|STATEMENT_EXECUTE|[20]
17:59:17.57 (57884118)|HEAP_ALLOCATE|[20]|Bytes:28
17:59:17.57 (57891048)|HEAP_ALLOCATE|[20]|Bytes:1
17:59:17.57 (57895656)|METHOD_ENTRY|[1]|01p46000002uXqO|TemperatureConverter.TemperatureConverter()
17:59:17.57 (57898644)|STATEMENT_EXECUTE|[1]
17:59:17.57 (57900705)|STATEMENT_EXECUTE|[1]
17:59:17.57 (57903244)|METHOD_EXIT|[1]|TemperatureConverter
17:59:17.57 (57909922)|METHOD_ENTRY|[20]|01p46000002uXqO|TemperatureConverter.FahrenheitToCelsius(Decimal)
17:59:17.57 (57926608)|VARIABLE_SCOPE_BEGIN|[4]|fh|Decimal|false|false
17:59:17.57 (57938631)|VARIABLE_ASSIGNMENT|[4]|fh|-10
17:59:17.57 (57946975)|STATEMENT_EXECUTE|[4]
17:59:17.57 (57948840)|STATEMENT_EXECUTE|[5]
17:59:17.57 (57956030)|HEAP_ALLOCATE|[5]|Bytes:28
17:59:17.57 (57980977)|HEAP_ALLOCATE|[5]|Bytes:28
17:59:17.57 (57999946)|HEAP_ALLOCATE|[5]|Bytes:28
17:59:17.57 (58001544)|HEAP_ALLOCATE|[5]|Bytes:28
17:59:17.57 (58017472)|HEAP_ALLOCATE|[5]|Bytes:28
17:59:17.57 (58025470)|HEAP_ALLOCATE|[5]|Bytes:28
17:59:17.57 (58026873)|HEAP_ALLOCATE|[5]|Bytes:28
17:59:17.57 (58064059)|HEAP_ALLOCATE|[5]|Bytes:28
17:59:17.57 (58066057)|HEAP_ALLOCATE|[5]|Bytes:28
17:59:17.57 (58073365)|VARIABLE_SCOPE_BEGIN|[5]|cs|Decimal|false|false
17:59:17.57 (58089757)|VARIABLE_ASSIGNMENT|[5]|cs|-23.3333333333333333333333333333333
17:59:17.57 (58092927)|STATEMENT_EXECUTE|[6]
17:59:17.57 (58112361)|HEAP_ALLOCATE|[6]|Bytes:28
17:59:17.57 (58125936)|METHOD_EXIT|[20]|01p46000002uXqO|TemperatureConverter.FahrenheitToCelsius(Decimal)
17:59:17.57 (58128919)|VARIABLE_SCOPE_BEGIN|[20]|celsius|Decimal|false|false
17:59:17.57 (58133707)|VARIABLE_ASSIGNMENT|[20]|celsius|-23.33
17:59:17.57 (58136172)|STATEMENT_EXECUTE|[21]
17:59:17.57 (58139196)|HEAP_ALLOCATE|[21]|Bytes:5
17:59:17.57 (58147896)|HEAP_ALLOCATE|[21]|Bytes:28
17:59:17.57 (58174902)|HEAP_ALLOCATE|[21]|Bytes:28
17:59:17.58 (58208599)|CUMULATIVE_LIMIT_USAGE
17:59:17.58 (58208599)|LIMIT_USAGE_FOR_NS|(default)|
  Number of SOQL queries: 0 out of 100
  Number of query rows: 0 out of 50000
  Number of SOSL queries: 0 out of 20
  Number of DML statements: 0 out of 150
  Number of DML rows: 0 out of 10000
  Maximum CPU time: 0 out of 10000
  Maximum heap size: 0 out of 6000000
  Number of callouts: 0 out of 100
  Number of Email Invocations: 0 out of 10
  Number of future calls: 0 out of 50
  Number of queueable jobs added to the queue: 0 out of 50
  Number of Mobile Apex push calls: 0 out of 10

17:59:17.58 (58208599)|CUMULATIVE_LIMIT_USAGE_END

17:59:17.57 (58235068)|CODE_UNIT_FINISHED|TemperatureConverterTest.testNegativeTemp
17:59:17.57 (58973206)|EXECUTION_FINISHED
17:59:17.67 (67289325)|USER_INFO|[EXTERNAL]|00546000000Iihs|pacosta@altimetrik.com|Argentine Time|GMT-03:00
17:59:17.67 (67297351)|EXECUTION_STARTED
17:59:17.67 (67300171)|CODE_UNIT_STARTED|[EXTERNAL]|01p46000002uY2r|TemperatureConverterTest.testWarmTemp
17:59:17.67 (67373856)|HEAP_ALLOCATE|[72]|Bytes:3
17:59:17.67 (67391862)|HEAP_ALLOCATE|[77]|Bytes:152
17:59:17.67 (67402438)|HEAP_ALLOCATE|[342]|Bytes:408
17:59:17.67 (67416580)|HEAP_ALLOCATE|[355]|Bytes:408
17:59:17.67 (67429749)|HEAP_ALLOCATE|[467]|Bytes:48
17:59:17.67 (67448973)|HEAP_ALLOCATE|[139]|Bytes:6
17:59:17.67 (67464199)|HEAP_ALLOCATE|[EXTERNAL]|Bytes:21
17:59:17.67 (67470471)|METHOD_ENTRY|[2]|01p46000002uY2r|TemperatureConverterTest.TemperatureConverterTest()
17:59:17.67 (67474409)|STATEMENT_EXECUTE|[2]
17:59:17.67 (67478114)|STATEMENT_EXECUTE|[2]
17:59:17.67 (67480710)|METHOD_EXIT|[2]|TemperatureConverterTest
17:59:17.67 (67497834)|HEAP_ALLOCATE|[50]|Bytes:5
17:59:17.67 (67512796)|HEAP_ALLOCATE|[56]|Bytes:5
17:59:17.67 (67517830)|HEAP_ALLOCATE|[64]|Bytes:7
17:59:17.67 (67545140)|STATEMENT_EXECUTE|[4]
17:59:17.67 (67546956)|STATEMENT_EXECUTE|[5]
17:59:17.67 (67562629)|HEAP_ALLOCATE|[5]|Bytes:28
17:59:17.67 (67570022)|HEAP_ALLOCATE|[5]|Bytes:1
17:59:17.67 (67574818)|METHOD_ENTRY|[1]|01p46000002uXqO|TemperatureConverter.TemperatureConverter()
17:59:17.67 (67576874)|STATEMENT_EXECUTE|[1]
17:59:17.67 (67578927)|STATEMENT_EXECUTE|[1]
17:59:17.67 (67581179)|METHOD_EXIT|[1]|TemperatureConverter
17:59:17.67 (67587345)|METHOD_ENTRY|[5]|01p46000002uXqO|TemperatureConverter.FahrenheitToCelsius(Decimal)
17:59:17.67 (67599674)|VARIABLE_SCOPE_BEGIN|[4]|fh|Decimal|false|false
17:59:17.67 (67614077)|VARIABLE_ASSIGNMENT|[4]|fh|70
17:59:17.67 (67621599)|STATEMENT_EXECUTE|[4]
17:59:17.67 (67622881)|STATEMENT_EXECUTE|[5]
17:59:17.67 (67629338)|HEAP_ALLOCATE|[5]|Bytes:28
17:59:17.67 (67654355)|HEAP_ALLOCATE|[5]|Bytes:28
17:59:17.67 (67668612)|HEAP_ALLOCATE|[5]|Bytes:28
17:59:17.67 (67673789)|HEAP_ALLOCATE|[5]|Bytes:28
17:59:17.67 (67686620)|HEAP_ALLOCATE|[5]|Bytes:28
17:59:17.67 (67693723)|HEAP_ALLOCATE|[5]|Bytes:28
17:59:17.67 (67695595)|HEAP_ALLOCATE|[5]|Bytes:28
17:59:17.67 (67729369)|HEAP_ALLOCATE|[5]|Bytes:28
17:59:17.67 (67731373)|HEAP_ALLOCATE|[5]|Bytes:28
17:59:17.67 (67738764)|VARIABLE_SCOPE_BEGIN|[5]|cs|Decimal|false|false
17:59:17.67 (67755271)|VARIABLE_ASSIGNMENT|[5]|cs|21.1111111111111111111111111111111
17:59:17.67 (67758440)|STATEMENT_EXECUTE|[6]
17:59:17.67 (67780044)|HEAP_ALLOCATE|[6]|Bytes:28
17:59:17.67 (67789556)|METHOD_EXIT|[5]|01p46000002uXqO|TemperatureConverter.FahrenheitToCelsius(Decimal)
17:59:17.67 (67792656)|VARIABLE_SCOPE_BEGIN|[5]|celsius|Decimal|false|false
17:59:17.67 (67797129)|VARIABLE_ASSIGNMENT|[5]|celsius|21.11
17:59:17.67 (67800059)|STATEMENT_EXECUTE|[6]
17:59:17.67 (67803292)|HEAP_ALLOCATE|[6]|Bytes:5
17:59:17.67 (67814464)|HEAP_ALLOCATE|[6]|Bytes:28
17:59:17.67 (67853776)|CUMULATIVE_LIMIT_USAGE
17:59:17.67 (67853776)|LIMIT_USAGE_FOR_NS|(default)|
  Number of SOQL queries: 0 out of 100
  Number of query rows: 0 out of 50000
  Number of SOSL queries: 0 out of 20
  Number of DML statements: 0 out of 150
  Number of DML rows: 0 out of 10000
  Maximum CPU time: 0 out of 10000
  Maximum heap size: 0 out of 6000000
  Number of callouts: 0 out of 100
  Number of Email Invocations: 0 out of 10
  Number of future calls: 0 out of 50
  Number of queueable jobs added to the queue: 0 out of 50
  Number of Mobile Apex push calls: 0 out of 10

17:59:17.67 (67853776)|CUMULATIVE_LIMIT_USAGE_END

17:59:17.67 (67884140)|CODE_UNIT_FINISHED|TemperatureConverterTest.testWarmTemp
17:59:17.67 (68578048)|EXECUTION_FINISHED
