39.0 APEX_CODE,FINEST;APEX_PROFILING,INFO;CALLOUT,INFO;DB,INFO;SYSTEM,DEBUG;VALIDATION,INFO;VISUALFORCE,INFO;WAVE,INFO;WORKFLOW,INFO
17:42:43.0 (844676)|USER_INFO|[EXTERNAL]|00546000000Iihs|pacosta@altimetrik.com|Argentine Time|GMT-03:00
17:42:43.0 (887356)|EXECUTION_STARTED
17:42:43.0 (892603)|CODE_UNIT_STARTED|[EXTERNAL]|01p46000002uY2r|TemperatureConverterTest.testBoilingPoint
17:42:43.0 (1751030)|HEAP_ALLOCATE|[72]|Bytes:3
17:42:43.0 (1798093)|HEAP_ALLOCATE|[77]|Bytes:152
17:42:43.0 (1816265)|HEAP_ALLOCATE|[342]|Bytes:408
17:42:43.0 (1836965)|HEAP_ALLOCATE|[355]|Bytes:408
17:42:43.0 (1857357)|HEAP_ALLOCATE|[467]|Bytes:48
17:42:43.0 (1892055)|HEAP_ALLOCATE|[139]|Bytes:6
17:42:43.0 (1909488)|HEAP_ALLOCATE|[EXTERNAL]|Bytes:21
17:42:43.0 (1920743)|METHOD_ENTRY|[2]|01p46000002uY2r|TemperatureConverterTest.TemperatureConverterTest()
17:42:43.0 (1926782)|STATEMENT_EXECUTE|[2]
17:42:43.0 (1933953)|STATEMENT_EXECUTE|[2]
17:42:43.0 (1939443)|METHOD_EXIT|[2]|TemperatureConverterTest
17:42:43.0 (1989107)|HEAP_ALLOCATE|[50]|Bytes:5
17:42:43.0 (2018347)|HEAP_ALLOCATE|[56]|Bytes:5
17:42:43.0 (2027591)|HEAP_ALLOCATE|[64]|Bytes:7
17:42:43.0 (2075082)|STATEMENT_EXECUTE|[14]
17:42:43.0 (2077835)|STATEMENT_EXECUTE|[15]
17:42:43.0 (2112411)|HEAP_ALLOCATE|[15]|Bytes:28
17:42:43.0 (7550624)|HEAP_ALLOCATE|[15]|Bytes:1
17:42:43.0 (7566060)|METHOD_ENTRY|[1]|01p46000002uXqO|TemperatureConverter.TemperatureConverter()
17:42:43.0 (7569573)|STATEMENT_EXECUTE|[1]
17:42:43.0 (7575132)|STATEMENT_EXECUTE|[1]
17:42:43.0 (7578952)|METHOD_EXIT|[1]|TemperatureConverter
17:42:43.0 (7602044)|METHOD_ENTRY|[15]|01p46000002uXqO|TemperatureConverter.FahrenheitToCelsius(Decimal)
17:42:43.0 (7623323)|VARIABLE_SCOPE_BEGIN|[4]|fh|Decimal|false|false
17:42:43.0 (7641424)|VARIABLE_ASSIGNMENT|[4]|fh|212
17:42:43.0 (7652209)|STATEMENT_EXECUTE|[4]
17:42:43.0 (7653425)|STATEMENT_EXECUTE|[5]
17:42:43.0 (7663479)|HEAP_ALLOCATE|[5]|Bytes:28
17:42:43.0 (7729523)|HEAP_ALLOCATE|[5]|Bytes:28
17:42:43.0 (7751696)|HEAP_ALLOCATE|[5]|Bytes:28
17:42:43.0 (7753282)|HEAP_ALLOCATE|[5]|Bytes:28
17:42:43.0 (7770116)|HEAP_ALLOCATE|[5]|Bytes:28
17:42:43.0 (7777339)|HEAP_ALLOCATE|[5]|Bytes:28
17:42:43.0 (7778657)|HEAP_ALLOCATE|[5]|Bytes:28
17:42:43.0 (7820819)|HEAP_ALLOCATE|[5]|Bytes:28
17:42:43.0 (7822743)|HEAP_ALLOCATE|[5]|Bytes:28
17:42:43.0 (7828712)|VARIABLE_SCOPE_BEGIN|[5]|cs|Decimal|false|false
17:42:43.0 (7835109)|VARIABLE_ASSIGNMENT|[5]|cs|100
17:42:43.0 (7837630)|STATEMENT_EXECUTE|[6]
17:42:43.0 (7858256)|HEAP_ALLOCATE|[6]|Bytes:28
17:42:43.0 (7867088)|METHOD_EXIT|[15]|01p46000002uXqO|TemperatureConverter.FahrenheitToCelsius(Decimal)
17:42:43.0 (7869816)|VARIABLE_SCOPE_BEGIN|[15]|celsius|Decimal|false|false
17:42:43.0 (7873780)|VARIABLE_ASSIGNMENT|[15]|celsius|100.00
17:42:43.0 (7875701)|STATEMENT_EXECUTE|[16]
17:42:43.0 (7878750)|HEAP_ALLOCATE|[16]|Bytes:42
17:42:43.0 (7936366)|EXCEPTION_THROWN|[16]|System.AssertException: Assertion Failed: Boiling point temperature is not expected.: Expected: 0, Actual: 100.00
17:42:43.0 (8000781)|HEAP_ALLOCATE|[16]|Bytes:93
17:42:43.0 (8037330)|FATAL_ERROR|System.AssertException: Assertion Failed: Boiling point temperature is not expected.: Expected: 0, Actual: 100.00

Class.TemperatureConverterTest.testBoilingPoint: line 16, column 1
17:42:43.0 (8079857)|FATAL_ERROR|System.AssertException: Assertion Failed: Boiling point temperature is not expected.: Expected: 0, Actual: 100.00

Class.TemperatureConverterTest.testBoilingPoint: line 16, column 1
17:42:43.8 (8085277)|CUMULATIVE_LIMIT_USAGE
17:42:43.8 (8085277)|LIMIT_USAGE_FOR_NS|(default)|
  Number of SOQL queries: 0 out of 100
  Number of query rows: 0 out of 50000
  Number of SOSL queries: 0 out of 20
  Number of DML statements: 0 out of 150
  Number of DML rows: 0 out of 10000
  Maximum CPU time: 0 out of 10000
  Maximum heap size: 0 out of 6000000
  Number of callouts: 0 out of 100
  Number of Email Invocations: 0 out of 10
  Number of future calls: 0 out of 50
  Number of queueable jobs added to the queue: 0 out of 50
  Number of Mobile Apex push calls: 0 out of 10

17:42:43.8 (8085277)|CUMULATIVE_LIMIT_USAGE_END

17:42:43.0 (8116441)|CODE_UNIT_FINISHED|TemperatureConverterTest.testBoilingPoint
17:42:43.0 (8917973)|EXECUTION_FINISHED
17:42:43.37 (37266987)|USER_INFO|[EXTERNAL]|00546000000Iihs|pacosta@altimetrik.com|Argentine Time|GMT-03:00
17:42:43.37 (37274605)|EXECUTION_STARTED
17:42:43.37 (37277633)|CODE_UNIT_STARTED|[EXTERNAL]|01p46000002uY2r|TemperatureConverterTest.testFreezingPoint
17:42:43.37 (37355516)|HEAP_ALLOCATE|[72]|Bytes:3
17:42:43.37 (37377180)|HEAP_ALLOCATE|[77]|Bytes:152
17:42:43.37 (37386910)|HEAP_ALLOCATE|[342]|Bytes:408
17:42:43.37 (37396658)|HEAP_ALLOCATE|[355]|Bytes:408
17:42:43.37 (37406268)|HEAP_ALLOCATE|[467]|Bytes:48
17:42:43.37 (37427961)|HEAP_ALLOCATE|[139]|Bytes:6
17:42:43.37 (37438248)|HEAP_ALLOCATE|[EXTERNAL]|Bytes:21
17:42:43.37 (37443828)|METHOD_ENTRY|[2]|01p46000002uY2r|TemperatureConverterTest.TemperatureConverterTest()
17:42:43.37 (37446525)|STATEMENT_EXECUTE|[2]
17:42:43.37 (37449966)|STATEMENT_EXECUTE|[2]
17:42:43.37 (37452745)|METHOD_EXIT|[2]|TemperatureConverterTest
17:42:43.37 (37470614)|HEAP_ALLOCATE|[50]|Bytes:5
17:42:43.37 (37486995)|HEAP_ALLOCATE|[56]|Bytes:5
17:42:43.37 (37491486)|HEAP_ALLOCATE|[64]|Bytes:7
17:42:43.37 (37517638)|STATEMENT_EXECUTE|[9]
17:42:43.37 (37519387)|STATEMENT_EXECUTE|[10]
17:42:43.37 (37534183)|HEAP_ALLOCATE|[10]|Bytes:28
17:42:43.37 (37540284)|HEAP_ALLOCATE|[10]|Bytes:1
17:42:43.37 (37543757)|METHOD_ENTRY|[1]|01p46000002uXqO|TemperatureConverter.TemperatureConverter()
17:42:43.37 (37545620)|STATEMENT_EXECUTE|[1]
17:42:43.37 (37547616)|STATEMENT_EXECUTE|[1]
17:42:43.37 (37549588)|METHOD_EXIT|[1]|TemperatureConverter
17:42:43.37 (37555632)|METHOD_ENTRY|[10]|01p46000002uXqO|TemperatureConverter.FahrenheitToCelsius(Decimal)
17:42:43.37 (37567515)|VARIABLE_SCOPE_BEGIN|[4]|fh|Decimal|false|false
17:42:43.37 (37578701)|VARIABLE_ASSIGNMENT|[4]|fh|32
17:42:43.37 (37585268)|STATEMENT_EXECUTE|[4]
17:42:43.37 (37586355)|STATEMENT_EXECUTE|[5]
17:42:43.37 (37591512)|HEAP_ALLOCATE|[5]|Bytes:28
17:42:43.37 (37619996)|HEAP_ALLOCATE|[5]|Bytes:28
17:42:43.37 (37622285)|HEAP_ALLOCATE|[5]|Bytes:28
17:42:43.37 (37632957)|HEAP_ALLOCATE|[5]|Bytes:28
17:42:43.37 (37634366)|HEAP_ALLOCATE|[5]|Bytes:28
17:42:43.37 (37647276)|HEAP_ALLOCATE|[5]|Bytes:28
17:42:43.37 (37648618)|HEAP_ALLOCATE|[5]|Bytes:28
17:42:43.37 (37654577)|HEAP_ALLOCATE|[5]|Bytes:28
17:42:43.37 (37655900)|HEAP_ALLOCATE|[5]|Bytes:28
17:42:43.37 (37668727)|HEAP_ALLOCATE|[5]|Bytes:28
17:42:43.37 (37670088)|HEAP_ALLOCATE|[5]|Bytes:28
17:42:43.37 (37675128)|VARIABLE_SCOPE_BEGIN|[5]|cs|Decimal|false|false
17:42:43.37 (37680539)|VARIABLE_ASSIGNMENT|[5]|cs|0
17:42:43.37 (37682688)|STATEMENT_EXECUTE|[6]
17:42:43.37 (37696750)|HEAP_ALLOCATE|[6]|Bytes:28
17:42:43.37 (37698650)|HEAP_ALLOCATE|[6]|Bytes:28
17:42:43.37 (37705530)|METHOD_EXIT|[10]|01p46000002uXqO|TemperatureConverter.FahrenheitToCelsius(Decimal)
17:42:43.37 (37708549)|VARIABLE_SCOPE_BEGIN|[10]|celsius|Decimal|false|false
17:42:43.37 (37712692)|VARIABLE_ASSIGNMENT|[10]|celsius|0.00
17:42:43.37 (37714742)|STATEMENT_EXECUTE|[11]
17:42:43.37 (37753142)|CUMULATIVE_LIMIT_USAGE
17:42:43.37 (37753142)|LIMIT_USAGE_FOR_NS|(default)|
  Number of SOQL queries: 0 out of 100
  Number of query rows: 0 out of 50000
  Number of SOSL queries: 0 out of 20
  Number of DML statements: 0 out of 150
  Number of DML rows: 0 out of 10000
  Maximum CPU time: 0 out of 10000
  Maximum heap size: 0 out of 6000000
  Number of callouts: 0 out of 100
  Number of Email Invocations: 0 out of 10
  Number of future calls: 0 out of 50
  Number of queueable jobs added to the queue: 0 out of 50
  Number of Mobile Apex push calls: 0 out of 10

17:42:43.37 (37753142)|CUMULATIVE_LIMIT_USAGE_END

17:42:43.37 (37778236)|CODE_UNIT_FINISHED|TemperatureConverterTest.testFreezingPoint
17:42:43.37 (38815857)|EXECUTION_FINISHED
17:42:43.60 (60708258)|USER_INFO|[EXTERNAL]|00546000000Iihs|pacosta@altimetrik.com|Argentine Time|GMT-03:00
17:42:43.60 (60714589)|EXECUTION_STARTED
17:42:43.60 (60717356)|CODE_UNIT_STARTED|[EXTERNAL]|01p46000002uY2r|TemperatureConverterTest.testNegativeTemp
17:42:43.60 (60775403)|HEAP_ALLOCATE|[72]|Bytes:3
17:42:43.60 (60790976)|HEAP_ALLOCATE|[77]|Bytes:152
17:42:43.60 (60798424)|HEAP_ALLOCATE|[342]|Bytes:408
17:42:43.60 (60808011)|HEAP_ALLOCATE|[355]|Bytes:408
17:42:43.60 (60817158)|HEAP_ALLOCATE|[467]|Bytes:48
17:42:43.60 (60833697)|HEAP_ALLOCATE|[139]|Bytes:6
17:42:43.60 (60842914)|HEAP_ALLOCATE|[EXTERNAL]|Bytes:21
17:42:43.60 (60847786)|METHOD_ENTRY|[2]|01p46000002uY2r|TemperatureConverterTest.TemperatureConverterTest()
17:42:43.60 (60850571)|STATEMENT_EXECUTE|[2]
17:42:43.60 (60853810)|STATEMENT_EXECUTE|[2]
17:42:43.60 (60856131)|METHOD_EXIT|[2]|TemperatureConverterTest
17:42:43.60 (60868487)|HEAP_ALLOCATE|[50]|Bytes:5
17:42:43.60 (60879735)|HEAP_ALLOCATE|[56]|Bytes:5
17:42:43.60 (60883946)|HEAP_ALLOCATE|[64]|Bytes:7
17:42:43.60 (60901293)|STATEMENT_EXECUTE|[19]
17:42:43.60 (60902884)|STATEMENT_EXECUTE|[20]
17:42:43.60 (60915348)|HEAP_ALLOCATE|[20]|Bytes:28
17:42:43.60 (60920740)|HEAP_ALLOCATE|[20]|Bytes:1
17:42:43.60 (60924507)|METHOD_ENTRY|[1]|01p46000002uXqO|TemperatureConverter.TemperatureConverter()
17:42:43.60 (60927080)|STATEMENT_EXECUTE|[1]
17:42:43.60 (60929035)|STATEMENT_EXECUTE|[1]
17:42:43.60 (60930877)|METHOD_EXIT|[1]|TemperatureConverter
17:42:43.60 (60936229)|METHOD_ENTRY|[20]|01p46000002uXqO|TemperatureConverter.FahrenheitToCelsius(Decimal)
17:42:43.60 (60946912)|VARIABLE_SCOPE_BEGIN|[4]|fh|Decimal|false|false
17:42:43.60 (60956058)|VARIABLE_ASSIGNMENT|[4]|fh|-10
17:42:43.60 (60962268)|STATEMENT_EXECUTE|[4]
17:42:43.60 (60963404)|STATEMENT_EXECUTE|[5]
17:42:43.60 (60968923)|HEAP_ALLOCATE|[5]|Bytes:28
17:42:43.60 (60990301)|HEAP_ALLOCATE|[5]|Bytes:28
17:42:43.60 (61001913)|HEAP_ALLOCATE|[5]|Bytes:28
17:42:43.60 (61004059)|HEAP_ALLOCATE|[5]|Bytes:28
17:42:43.60 (61015138)|HEAP_ALLOCATE|[5]|Bytes:28
17:42:43.60 (61021446)|HEAP_ALLOCATE|[5]|Bytes:28
17:42:43.60 (61022777)|HEAP_ALLOCATE|[5]|Bytes:28
17:42:43.60 (61048273)|HEAP_ALLOCATE|[5]|Bytes:28
17:42:43.60 (61049975)|HEAP_ALLOCATE|[5]|Bytes:28
17:42:43.60 (61055516)|VARIABLE_SCOPE_BEGIN|[5]|cs|Decimal|false|false
17:42:43.60 (61067759)|VARIABLE_ASSIGNMENT|[5]|cs|-23.3333333333333333333333333333333
17:42:43.60 (61070538)|STATEMENT_EXECUTE|[6]
17:42:43.60 (61086892)|HEAP_ALLOCATE|[6]|Bytes:28
17:42:43.60 (61094603)|METHOD_EXIT|[20]|01p46000002uXqO|TemperatureConverter.FahrenheitToCelsius(Decimal)
17:42:43.60 (61097339)|VARIABLE_SCOPE_BEGIN|[20]|celsius|Decimal|false|false
17:42:43.60 (61101630)|VARIABLE_ASSIGNMENT|[20]|celsius|-23.33
17:42:43.60 (61103741)|STATEMENT_EXECUTE|[21]
17:42:43.60 (61106328)|HEAP_ALLOCATE|[21]|Bytes:5
17:42:43.60 (61113671)|HEAP_ALLOCATE|[21]|Bytes:28
17:42:43.60 (61134641)|HEAP_ALLOCATE|[21]|Bytes:28
17:42:43.61 (61158195)|CUMULATIVE_LIMIT_USAGE
17:42:43.61 (61158195)|LIMIT_USAGE_FOR_NS|(default)|
  Number of SOQL queries: 0 out of 100
  Number of query rows: 0 out of 50000
  Number of SOSL queries: 0 out of 20
  Number of DML statements: 0 out of 150
  Number of DML rows: 0 out of 10000
  Maximum CPU time: 0 out of 10000
  Maximum heap size: 0 out of 6000000
  Number of callouts: 0 out of 100
  Number of Email Invocations: 0 out of 10
  Number of future calls: 0 out of 50
  Number of queueable jobs added to the queue: 0 out of 50
  Number of Mobile Apex push calls: 0 out of 10

17:42:43.61 (61158195)|CUMULATIVE_LIMIT_USAGE_END

17:42:43.60 (61178323)|CODE_UNIT_FINISHED|TemperatureConverterTest.testNegativeTemp
17:42:43.60 (62261168)|EXECUTION_FINISHED
17:42:43.76 (76150690)|USER_INFO|[EXTERNAL]|00546000000Iihs|pacosta@altimetrik.com|Argentine Time|GMT-03:00
17:42:43.76 (76156730)|EXECUTION_STARTED
17:42:43.76 (76159096)|CODE_UNIT_STARTED|[EXTERNAL]|01p46000002uY2r|TemperatureConverterTest.testWarmTemp
17:42:43.76 (76211367)|HEAP_ALLOCATE|[72]|Bytes:3
17:42:43.76 (76228718)|HEAP_ALLOCATE|[77]|Bytes:152
17:42:43.76 (76236412)|HEAP_ALLOCATE|[342]|Bytes:408
17:42:43.76 (76245674)|HEAP_ALLOCATE|[355]|Bytes:408
17:42:43.76 (76254988)|HEAP_ALLOCATE|[467]|Bytes:48
17:42:43.76 (76270684)|HEAP_ALLOCATE|[139]|Bytes:6
17:42:43.76 (76279665)|HEAP_ALLOCATE|[EXTERNAL]|Bytes:21
17:42:43.76 (76284343)|METHOD_ENTRY|[2]|01p46000002uY2r|TemperatureConverterTest.TemperatureConverterTest()
17:42:43.76 (76287667)|STATEMENT_EXECUTE|[2]
17:42:43.76 (76290793)|STATEMENT_EXECUTE|[2]
17:42:43.76 (76293101)|METHOD_EXIT|[2]|TemperatureConverterTest
17:42:43.76 (76304530)|HEAP_ALLOCATE|[50]|Bytes:5
17:42:43.76 (76314959)|HEAP_ALLOCATE|[56]|Bytes:5
17:42:43.76 (76319324)|HEAP_ALLOCATE|[64]|Bytes:7
17:42:43.76 (76338345)|STATEMENT_EXECUTE|[4]
17:42:43.76 (76339787)|STATEMENT_EXECUTE|[5]
17:42:43.76 (76350588)|HEAP_ALLOCATE|[5]|Bytes:28
17:42:43.76 (76357392)|HEAP_ALLOCATE|[5]|Bytes:1
17:42:43.76 (76363212)|METHOD_ENTRY|[1]|01p46000002uXqO|TemperatureConverter.TemperatureConverter()
17:42:43.76 (76365438)|STATEMENT_EXECUTE|[1]
17:42:43.76 (76367835)|STATEMENT_EXECUTE|[1]
17:42:43.76 (76370367)|METHOD_EXIT|[1]|TemperatureConverter
17:42:43.76 (76376247)|METHOD_ENTRY|[5]|01p46000002uXqO|TemperatureConverter.FahrenheitToCelsius(Decimal)
17:42:43.76 (76387894)|VARIABLE_SCOPE_BEGIN|[4]|fh|Decimal|false|false
17:42:43.76 (76397244)|VARIABLE_ASSIGNMENT|[4]|fh|70
17:42:43.76 (76404031)|STATEMENT_EXECUTE|[4]
17:42:43.76 (76405258)|STATEMENT_EXECUTE|[5]
17:42:43.76 (76411682)|HEAP_ALLOCATE|[5]|Bytes:28
17:42:43.76 (76431194)|HEAP_ALLOCATE|[5]|Bytes:28
17:42:43.76 (76443287)|HEAP_ALLOCATE|[5]|Bytes:28
17:42:43.76 (76444778)|HEAP_ALLOCATE|[5]|Bytes:28
17:42:43.76 (76454746)|HEAP_ALLOCATE|[5]|Bytes:28
17:42:43.76 (76461360)|HEAP_ALLOCATE|[5]|Bytes:28
17:42:43.76 (76462554)|HEAP_ALLOCATE|[5]|Bytes:28
17:42:43.76 (76481883)|HEAP_ALLOCATE|[5]|Bytes:28
17:42:43.76 (76483505)|HEAP_ALLOCATE|[5]|Bytes:28
17:42:43.76 (76489156)|VARIABLE_SCOPE_BEGIN|[5]|cs|Decimal|false|false
17:42:43.76 (76497747)|VARIABLE_ASSIGNMENT|[5]|cs|21.1111111111111111111111111111111
17:42:43.76 (76500072)|STATEMENT_EXECUTE|[6]
17:42:43.76 (76519199)|HEAP_ALLOCATE|[6]|Bytes:28
17:42:43.76 (76527064)|METHOD_EXIT|[5]|01p46000002uXqO|TemperatureConverter.FahrenheitToCelsius(Decimal)
17:42:43.76 (76529733)|VARIABLE_SCOPE_BEGIN|[5]|celsius|Decimal|false|false
17:42:43.76 (76533566)|VARIABLE_ASSIGNMENT|[5]|celsius|21.11
17:42:43.76 (76535994)|STATEMENT_EXECUTE|[6]
17:42:43.76 (76538643)|HEAP_ALLOCATE|[6]|Bytes:5
17:42:43.76 (76544150)|HEAP_ALLOCATE|[6]|Bytes:28
17:42:43.76 (76572355)|CUMULATIVE_LIMIT_USAGE
17:42:43.76 (76572355)|LIMIT_USAGE_FOR_NS|(default)|
  Number of SOQL queries: 0 out of 100
  Number of query rows: 0 out of 50000
  Number of SOSL queries: 0 out of 20
  Number of DML statements: 0 out of 150
  Number of DML rows: 0 out of 10000
  Maximum CPU time: 0 out of 10000
  Maximum heap size: 0 out of 6000000
  Number of callouts: 0 out of 100
  Number of Email Invocations: 0 out of 10
  Number of future calls: 0 out of 50
  Number of queueable jobs added to the queue: 0 out of 50
  Number of Mobile Apex push calls: 0 out of 10

17:42:43.76 (76572355)|CUMULATIVE_LIMIT_USAGE_END

17:42:43.76 (76590339)|CODE_UNIT_FINISHED|TemperatureConverterTest.testWarmTemp
17:42:43.76 (77333172)|EXECUTION_FINISHED
