39.0 APEX_CODE,FINEST;APEX_PROFILING,INFO;CALLOUT,INFO;DB,INFO;SYSTEM,DEBUG;VALIDATION,INFO;VISUALFORCE,INFO;WAVE,INFO;WORKFLOW,INFO
14:49:04.0 (314569)|USER_INFO|[EXTERNAL]|00546000000Iihs|pacosta@altimetrik.com|Argentine Time|GMT-03:00
14:49:04.0 (340349)|EXECUTION_STARTED
14:49:04.0 (344063)|CODE_UNIT_STARTED|[EXTERNAL]|06646000001Bfzo|VF: /apex/showExpensesListForContact
14:49:04.0 (909722)|VF_DESERIALIZE_VIEWSTATE_BEGIN|06646000001Bfzo
14:49:04.0 (6352279)|HEAP_ALLOCATE|[72]|Bytes:3
14:49:04.0 (6392973)|HEAP_ALLOCATE|[77]|Bytes:152
14:49:04.0 (6404978)|HEAP_ALLOCATE|[342]|Bytes:408
14:49:04.0 (6418133)|HEAP_ALLOCATE|[355]|Bytes:408
14:49:04.0 (6432273)|HEAP_ALLOCATE|[467]|Bytes:48
14:49:04.0 (6458249)|HEAP_ALLOCATE|[139]|Bytes:6
14:49:04.0 (7792164)|VF_DESERIALIZE_VIEWSTATE_END
14:49:04.0 (8647438)|SYSTEM_MODE_ENTER|true
14:49:04.0 (8868610)|HEAP_ALLOCATE|[EXTERNAL]|Bytes:100
14:49:04.0 (8875479)|HEAP_ALLOCATE|[EXTERNAL]|Bytes:31
14:49:04.0 (8883331)|METHOD_ENTRY|[1]|01p46000002x5eL|showExpensesListForContactController.showExpensesListForContactController()
14:49:04.0 (8887186)|STATEMENT_EXECUTE|[1]
14:49:04.0 (8892228)|STATEMENT_EXECUTE|[1]
14:49:04.0 (8897000)|METHOD_EXIT|[1]|showExpensesListForContactController
14:49:04.0 (8904764)|HEAP_ALLOCATE|[EXTERNAL]|Bytes:24
14:49:04.0 (8911777)|VARIABLE_SCOPE_BEGIN|[26]|this|showExpensesListForContactController|true|false
14:49:04.0 (8969332)|VARIABLE_ASSIGNMENT|[26]|this|{"CountTotalRecords":7,"idContact":"00346000002ojVW","OffsetSize":0,"QueryLimit":3,"queryString":""}|0x5de2648b
14:49:04.0 (8979032)|STATEMENT_EXECUTE|[26]
14:49:04.0 (8980446)|STATEMENT_EXECUTE|[28]
14:49:04.0 (8983663)|HEAP_ALLOCATE|[28]|Bytes:136
14:49:04.0 (8989992)|HEAP_ALLOCATE|[30]|Bytes:1
14:49:04.0 (8992604)|HEAP_ALLOCATE|[31]|Bytes:7
14:49:04.0 (9062119)|HEAP_ALLOCATE|[31]|Bytes:1
14:49:04.0 (9080780)|HEAP_ALLOCATE|[28]|Bytes:160
14:49:04.0 (9083237)|HEAP_ALLOCATE|[31]|Bytes:8
14:49:04.0 (9090921)|HEAP_ALLOCATE|[31]|Bytes:1
14:49:04.0 (9099029)|HEAP_ALLOCATE|[28]|Bytes:9
14:49:04.0 (9101819)|HEAP_ALLOCATE|[28]|Bytes:169
14:49:04.0 (9135251)|HEAP_ALLOCATE|[50]|Bytes:5
14:49:04.0 (9150969)|HEAP_ALLOCATE|[56]|Bytes:5
14:49:04.0 (9156445)|HEAP_ALLOCATE|[64]|Bytes:7
14:49:04.0 (11609508)|SOQL_EXECUTE_BEGIN|[28]|Aggregations:0|SELECT id, Name, Category__c, RecordType.Name, Amount__c, Tax__c, Client_Company__c, Submitted__c FROM Expense__c WHERE Employee__r.Id='00346000002ojVW' LIMIT 3 OFFSET 0
14:49:04.0 (19965187)|SOQL_EXECUTE_END|[28]|Rows:3
14:49:04.0 (19983248)|HEAP_ALLOCATE|[28]|Bytes:16
14:49:04.0 (20015886)|HEAP_ALLOCATE|[28]|Bytes:840
14:49:04.0 (20052599)|HEAP_ALLOCATE|[28]|Bytes:16
14:49:04.0 (20072732)|VARIABLE_SCOPE_BEGIN|[28]|results|List<Expense__c>|true|false
14:49:04.0 (20125351)|VARIABLE_ASSIGNMENT|[28]|results|[{"Id":"a0F46000000FBblEAG","Name":"Test","Category__c":"Transportation","RecordTypeId":"012460000005G1FAAU","Amount__c":3500,"Tax__c":455.00,"Submitted__c":true,"Employee__c":"00346000002ojVWAAY","RecordType":{"Name":"Business Trips","Id":"012460000005G1FAAU"}},{"Id":"a0F46000000Fp6rEAC","Name":"Test44","RecordTypeId":"012460000005G1FAAU","Amount__c":3000,"Tax__c":390.00,"Submitted__c":true,"Employee__c":"00346000002ojVWAAY","RecordType":{"Name":"Business Trips","Id":"012460000005G1FAAU"}},{"Id":"a0F46000000Fp76EAC","Name":"Travel to Las Vegas","Category__c":"Event Registration","RecordTypeId":"012460000005G1FAAU","Amount__c":3499,"Tax__c":454.87,"Submitted__c":true,"Employee__c":"00346000002ojVWAAY","RecordType":{"Name":"Business Trips","Id":"012460000005G1FAAU"}}]|0x121ed377
14:49:04.0 (20134337)|STATEMENT_EXECUTE|[33]
14:49:04.0 (20693612)|SYSTEM_MODE_ENTER|true
14:49:04.0 (20745429)|HEAP_ALLOCATE|[EXTERNAL]|Bytes:24
14:49:04.0 (20756545)|VARIABLE_SCOPE_BEGIN|[57]|this|showExpensesListForContactController|true|false
14:49:04.0 (20801292)|VARIABLE_ASSIGNMENT|[57]|this|{"CountTotalRecords":7,"idContact":"00346000002ojVW","OffsetSize":0,"QueryLimit":3,"queryString":""}|0x5de2648b
14:49:04.0 (20811132)|STATEMENT_EXECUTE|[57]
14:49:04.0 (20821181)|STATEMENT_EXECUTE|[61]
14:49:04.0 (20838656)|HEAP_ALLOCATE|[61]|Bytes:5
14:49:04.0 (20932186)|SYSTEM_MODE_ENTER|true
14:49:04.0 (20955013)|HEAP_ALLOCATE|[EXTERNAL]|Bytes:24
14:49:04.0 (20960702)|VARIABLE_SCOPE_BEGIN|[64]|this|showExpensesListForContactController|true|false
14:49:04.0 (20981044)|VARIABLE_ASSIGNMENT|[64]|this|{"CountTotalRecords":7,"idContact":"00346000002ojVW","OffsetSize":0,"QueryLimit":3,"queryString":""}|0x5de2648b
14:49:04.0 (20986912)|STATEMENT_EXECUTE|[64]
14:49:04.0 (21030596)|VARIABLE_ASSIGNMENT|[EXTERNAL]|this|{"CountTotalRecords":7,"idContact":"00346000002ojVW","OffsetSize":0,"QueryLimit":3,"queryString":""}|0x5de2648b
14:49:04.0 (21041219)|STATEMENT_EXECUTE|[65]
14:49:04.0 (21042438)|STATEMENT_EXECUTE|[66]
14:49:04.0 (21046788)|HEAP_ALLOCATE|[66]|Bytes:5
14:49:04.0 (21343780)|HEAP_ALLOCATE|[EXTERNAL]|Bytes:24
14:49:04.0 (21352254)|VARIABLE_SCOPE_BEGIN|[71]|this|showExpensesListForContactController|true|false
14:49:04.0 (21379906)|VARIABLE_ASSIGNMENT|[71]|this|{"CountTotalRecords":7,"idContact":"00346000002ojVW","OffsetSize":0,"QueryLimit":3,"queryString":""}|0x5de2648b
14:49:04.0 (21386161)|STATEMENT_EXECUTE|[71]
14:49:04.0 (21387523)|STATEMENT_EXECUTE|[72]
14:49:04.0 (21394460)|HEAP_ALLOCATE|[72]|Bytes:4
14:49:04.0 (21402427)|VARIABLE_ASSIGNMENT|[72]|this.OffsetSize|3|0x5de2648b
14:49:04.0 (21404158)|STATEMENT_EXECUTE|[73]
14:49:04.0 (24736833)|SYSTEM_MODE_ENTER|true
14:49:04.0 (24763506)|HEAP_ALLOCATE|[EXTERNAL]|Bytes:24
14:49:04.0 (24769044)|VARIABLE_SCOPE_BEGIN|[26]|this|showExpensesListForContactController|true|false
14:49:04.0 (24794314)|VARIABLE_ASSIGNMENT|[26]|this|{"CountTotalRecords":7,"idContact":"00346000002ojVW","OffsetSize":3,"QueryLimit":3,"queryString":""}|0x5de2648b
14:49:04.0 (24800929)|STATEMENT_EXECUTE|[26]
14:49:04.0 (24802597)|STATEMENT_EXECUTE|[28]
14:49:04.0 (24827410)|HEAP_ALLOCATE|[31]|Bytes:1
14:49:04.0 (24840831)|HEAP_ALLOCATE|[28]|Bytes:160
14:49:04.0 (24848499)|HEAP_ALLOCATE|[31]|Bytes:1
14:49:04.0 (24855821)|HEAP_ALLOCATE|[28]|Bytes:9
14:49:04.0 (24858445)|HEAP_ALLOCATE|[28]|Bytes:169
14:49:04.0 (25179960)|SOQL_EXECUTE_BEGIN|[28]|Aggregations:0|SELECT id, Name, Category__c, RecordType.Name, Amount__c, Tax__c, Client_Company__c, Submitted__c FROM Expense__c WHERE Employee__r.Id='00346000002ojVW' LIMIT 3 OFFSET 3
14:49:04.0 (29304178)|SOQL_EXECUTE_END|[28]|Rows:1
14:49:04.0 (29320271)|HEAP_ALLOCATE|[28]|Bytes:8
14:49:04.0 (29344427)|HEAP_ALLOCATE|[28]|Bytes:325
14:49:04.0 (29364833)|HEAP_ALLOCATE|[28]|Bytes:8
14:49:04.0 (29381676)|VARIABLE_SCOPE_BEGIN|[28]|results|List<Expense__c>|true|false
14:49:04.0 (29418832)|VARIABLE_ASSIGNMENT|[28]|results|[{"Id":"a0F46000000FtpwEAC","Name":"Expense nueva","Category__c":"Transportation","RecordTypeId":"012460000005G1FAAU","Amount__c":4000,"Tax__c":520.00,"Submitted__c":true,"Employee__c":"00346000002ojVWAAY","RecordType":{"Name":"Business Trips","Id":"012460000005G1FAAU"}}]|0x5acc105c
14:49:04.0 (29424252)|STATEMENT_EXECUTE|[33]
14:49:04.0 (30889382)|SYSTEM_MODE_ENTER|true
14:49:04.0 (30919018)|HEAP_ALLOCATE|[EXTERNAL]|Bytes:24
14:49:04.0 (30925378)|VARIABLE_SCOPE_BEGIN|[57]|this|showExpensesListForContactController|true|false
14:49:04.0 (30953191)|VARIABLE_ASSIGNMENT|[57]|this|{"CountTotalRecords":7,"idContact":"00346000002ojVW","OffsetSize":3,"QueryLimit":3,"queryString":""}|0x5de2648b
14:49:04.0 (30961264)|STATEMENT_EXECUTE|[57]
14:49:04.0 (30967212)|STATEMENT_EXECUTE|[58]
14:49:04.0 (30968454)|STATEMENT_EXECUTE|[59]
14:49:04.0 (30976997)|HEAP_ALLOCATE|[59]|Bytes:5
14:49:04.0 (31400831)|SYSTEM_MODE_ENTER|true
14:49:04.0 (31425495)|HEAP_ALLOCATE|[EXTERNAL]|Bytes:24
14:49:04.0 (31433047)|VARIABLE_SCOPE_BEGIN|[64]|this|showExpensesListForContactController|true|false
14:49:04.0 (31456384)|VARIABLE_ASSIGNMENT|[64]|this|{"CountTotalRecords":7,"idContact":"00346000002ojVW","OffsetSize":3,"QueryLimit":3,"queryString":""}|0x5de2648b
14:49:04.0 (31462454)|STATEMENT_EXECUTE|[64]
14:49:04.0 (31489151)|VARIABLE_ASSIGNMENT|[EXTERNAL]|this|{"CountTotalRecords":7,"idContact":"00346000002ojVW","OffsetSize":3,"QueryLimit":3,"queryString":""}|0x5de2648b
14:49:04.0 (31496763)|STATEMENT_EXECUTE|[65]
14:49:04.0 (31498376)|STATEMENT_EXECUTE|[66]
14:49:04.0 (31502850)|HEAP_ALLOCATE|[66]|Bytes:5
14:49:04.0 (35542832)|VF_SERIALIZE_VIEWSTATE_BEGIN|06646000001Bfzo
14:49:04.0 (37290807)|VF_SERIALIZE_VIEWSTATE_END
14:49:04.39 (39112215)|CUMULATIVE_LIMIT_USAGE
14:49:04.39 (39112215)|LIMIT_USAGE_FOR_NS|(default)|
  Number of SOQL queries: 2 out of 100
  Number of query rows: 4 out of 50000
  Number of SOSL queries: 0 out of 20
  Number of DML statements: 0 out of 150
  Number of DML rows: 0 out of 10000
  Maximum CPU time: 0 out of 10000
  Maximum heap size: 0 out of 6000000
  Number of callouts: 0 out of 100
  Number of Email Invocations: 0 out of 10
  Number of future calls: 0 out of 50
  Number of queueable jobs added to the queue: 0 out of 50
  Number of Mobile Apex push calls: 0 out of 10

14:49:04.39 (39112215)|CUMULATIVE_LIMIT_USAGE_END

14:49:04.0 (39154363)|CODE_UNIT_FINISHED|VF: /apex/showExpensesListForContact
14:49:04.0 (40032952)|EXECUTION_FINISHED
