39.0 APEX_CODE,FINEST;APEX_PROFILING,INFO;CALLOUT,INFO;DB,INFO;SYSTEM,DEBUG;VALIDATION,INFO;VISUALFORCE,INFO;WAVE,INFO;WORKFLOW,INFO
14:13:24.0 (309159)|USER_INFO|[EXTERNAL]|00546000000Iihs|pacosta@altimetrik.com|Argentine Time|GMT-03:00
14:13:24.0 (332529)|EXECUTION_STARTED
14:13:24.0 (336082)|CODE_UNIT_STARTED|[EXTERNAL]|06646000001BW08|VF: /apex/ListOfEmployees
14:13:24.0 (844513)|VF_DESERIALIZE_VIEWSTATE_BEGIN|06646000001BW08
14:13:24.0 (6852673)|HEAP_ALLOCATE|[72]|Bytes:3
14:13:24.0 (6897985)|HEAP_ALLOCATE|[77]|Bytes:152
14:13:24.0 (6910609)|HEAP_ALLOCATE|[342]|Bytes:408
14:13:24.0 (6921943)|HEAP_ALLOCATE|[355]|Bytes:408
14:13:24.0 (6932292)|HEAP_ALLOCATE|[467]|Bytes:48
14:13:24.0 (6959435)|HEAP_ALLOCATE|[139]|Bytes:6
14:13:24.0 (9041767)|HEAP_ALLOCATE|[50]|Bytes:5
14:13:24.0 (9067871)|HEAP_ALLOCATE|[56]|Bytes:5
14:13:24.0 (9075841)|HEAP_ALLOCATE|[64]|Bytes:7
14:13:24.0 (11310139)|VF_DESERIALIZE_VIEWSTATE_END
14:13:24.0 (12312766)|SYSTEM_MODE_ENTER|true
14:13:24.0 (12550018)|HEAP_ALLOCATE|[EXTERNAL]|Bytes:140
14:13:24.0 (12557556)|HEAP_ALLOCATE|[EXTERNAL]|Bytes:46
14:13:24.0 (12566894)|METHOD_ENTRY|[1]|01p46000002wayn|ExpenseController.ExpenseController()
14:13:24.0 (12569959)|STATEMENT_EXECUTE|[1]
14:13:24.0 (12575175)|STATEMENT_EXECUTE|[1]
14:13:24.0 (12580973)|METHOD_EXIT|[1]|ExpenseController
14:13:24.0 (12591007)|HEAP_ALLOCATE|[EXTERNAL]|Bytes:24
14:13:24.0 (12597685)|VARIABLE_SCOPE_BEGIN|[17]|this|ExpenseController|true|false
14:13:24.0 (12663147)|VARIABLE_ASSIGNMENT|[17]|this|{"CountTotalRecords":7,"OffsetSize":0,"QueryLimit":3,"queryString":"","wrappedExpenses":"0x1d966430"}|0x2fa23f56
14:13:24.0 (12674044)|STATEMENT_EXECUTE|[17]
14:13:24.0 (12675495)|STATEMENT_EXECUTE|[19]
14:13:24.0 (12678368)|HEAP_ALLOCATE|[19]|Bytes:161
14:13:24.0 (12684715)|HEAP_ALLOCATE|[22]|Bytes:33
14:13:24.0 (12740160)|HEAP_ALLOCATE|[22]|Bytes:1
14:13:24.0 (12749457)|HEAP_ALLOCATE|[22]|Bytes:8
14:13:24.0 (12757197)|HEAP_ALLOCATE|[22]|Bytes:1
14:13:24.0 (12768586)|HEAP_ALLOCATE|[19]|Bytes:204
14:13:24.0 (15381154)|SOQL_EXECUTE_BEGIN|[19]|Aggregations:0|SELECT Category__c, RecordType.Name, Amount__c, Tax__c, Client_Company__c, Submitted__c, Employee__r.Id, Employee__r.Name, Employee__r.Birthdate FROM Expense__c  ORDER BY Employee__r.Name LIMIT 3 OFFSET 0
14:13:24.0 (24644420)|SOQL_EXECUTE_END|[19]|Rows:3
14:13:24.0 (24671220)|HEAP_ALLOCATE|[19]|Bytes:16
14:13:24.0 (24707174)|HEAP_ALLOCATE|[19]|Bytes:895
14:13:24.0 (24756397)|HEAP_ALLOCATE|[19]|Bytes:16
14:13:24.0 (24772999)|VARIABLE_SCOPE_BEGIN|[19]|results|List<Expense__c>|true|false
14:13:24.0 (24837605)|VARIABLE_ASSIGNMENT|[19]|results|[{"Category__c":"Transportation","RecordTypeId":"012460000005G1FAAU","Amount__c":3500,"Tax__c":455.00,"Submitted__c":true,"Employee__c":"00346000002ojVWAAY","Id":"a0F46000000FBblEAG","RecordType":{"Name":"Business Trips","Id":"012460000005G1FAAU"},"Employee__r":{"Id":"00346000002ojVWAAY","Name":"Carol Ruiz","Birthdate":"2017-10-09T00:00:00.000Z"}},{"RecordTypeId":"012460000005G1FAAU","Amount__c":3000,"Tax__c":390.00,"Submitted__c":true,"Employee__c":"00346000002ojVWAAY","Id":"a0F46000000Fp6rEAC","RecordType":{"Name":"Business Trips","Id":"012460000005G1FAAU"},"Employee__r":{"Id":"00346000002ojVWAAY","Name":"Carol Ruiz","Birthdate":"2017-10-09T00:00:00.000Z"}},{"Category__c":"Event Registration","RecordTypeId":"012460000005G1FAAU","Amount__c":3499,"Tax__c":454.87,"Submitted__c":true,"Employee__c":"00346000002ojVWAAY","Id":"a0F46000000Fp76EAC","RecordType":{"Name":"Business Trips","Id":"012460000005G1FAAU"},"Employee__r":{"Id":"00346000002ojVWAAY","Name":"Carol Ruiz","Birthdate":"2017-10-09T00:00:00.000Z"}}]|0x5afdc2a4
14:13:24.0 (24847623)|STATEMENT_EXECUTE|[25]
14:13:24.0 (24854129)|HEAP_ALLOCATE|[25]|Bytes:4
14:13:24.0 (25054631)|VARIABLE_ASSIGNMENT|[EXTERNAL]|this|{"CountTotalRecords":7,"OffsetSize":0,"QueryLimit":3,"queryString":"","wrappedExpenses":"0x1d966430"}|0x2fa23f56
14:13:24.0 (25074944)|HEAP_ALLOCATE|[EXTERNAL]|Bytes:4
14:13:24.0 (25081657)|VARIABLE_ASSIGNMENT|[EXTERNAL]|value|[]|0x4bfee381
14:13:24.0 (25100883)|VARIABLE_ASSIGNMENT|[14]|this.wrappedExpenses|[]|0x2fa23f56
14:13:24.0 (25330763)|HEAP_ALLOCATE|[26]|Bytes:5
14:13:24.0 (25378188)|HEAP_ALLOCATE|[26]|Bytes:40
14:13:24.0 (25387011)|VARIABLE_SCOPE_BEGIN|[26]|ex|Expense__c|true|false
14:13:24.0 (25412559)|VARIABLE_ASSIGNMENT|[26]|ex|{"Category__c":"Transportation","RecordTypeId":"012460000005G1FAAU","Amount__c":3500,"Tax__c":455.00,"Submitted__c":true,"Employee__c":"00346000002ojVWAAY","Id":"a0F46000000FBblEAG","RecordType":{"Name":"Business Trips","Id":"012460000005G1FAAU"},"Employee__r":{"Id":"00346000002ojVWAAY","Name":"Carol Ruiz","Birthdate":"2017-10-09T00:00:00.000Z"}}|0x70240474
14:13:24.0 (25417467)|STATEMENT_EXECUTE|[26]
14:13:24.0 (25418924)|STATEMENT_EXECUTE|[28]
14:13:24.0 (25461743)|VARIABLE_ASSIGNMENT|[EXTERNAL]|this|{"CountTotalRecords":7,"OffsetSize":0,"QueryLimit":3,"queryString":"","wrappedExpenses":"0x4bfee381"}|0x2fa23f56
14:13:24.0 (25474915)|HEAP_ALLOCATE|[28]|Bytes:112
14:13:24.0 (25479094)|HEAP_ALLOCATE|[28]|Bytes:5
14:13:24.0 (25505383)|METHOD_ENTRY|[1]|01p46000003buu6|ExpenseWrapper.ExpenseWrapper()
14:13:24.0 (25507813)|STATEMENT_EXECUTE|[1]
14:13:24.0 (25511452)|STATEMENT_EXECUTE|[1]
14:13:24.0 (25515357)|METHOD_EXIT|[1]|ExpenseWrapper
14:13:24.0 (25522793)|HEAP_ALLOCATE|[28]|Bytes:12
14:13:24.0 (25535214)|CONSTRUCTOR_ENTRY|[28]|01p46000003buu6|<init>(Expense__c,Boolean)
14:13:24.0 (25545659)|VARIABLE_SCOPE_BEGIN|[6]|this|ExpenseWrapper|true|false
14:13:24.0 (25565334)|VARIABLE_ASSIGNMENT|[6]|this|{}|0x704bcca1
14:13:24.0 (25568077)|VARIABLE_SCOPE_BEGIN|[6]|ex|Expense__c|true|false
14:13:24.0 (25585578)|VARIABLE_ASSIGNMENT|[6]|ex|{"Category__c":"Transportation","RecordTypeId":"012460000005G1FAAU","Amount__c":3500,"Tax__c":455.00,"Submitted__c":true,"Employee__c":"00346000002ojVWAAY","Id":"a0F46000000FBblEAG","RecordType":{"Name":"Business Trips","Id":"012460000005G1FAAU"},"Employee__r":{"Id":"00346000002ojVWAAY","Name":"Carol Ruiz","Birthdate":"2017-10-09T00:00:00.000Z"}}|0x70240474
14:13:24.0 (25591974)|VARIABLE_SCOPE_BEGIN|[6]|check|Boolean|false|false
14:13:24.0 (25595286)|VARIABLE_ASSIGNMENT|[6]|check|false
14:13:24.0 (25598088)|STATEMENT_EXECUTE|[1]
14:13:24.0 (25599392)|STATEMENT_EXECUTE|[3]
14:13:24.0 (25600533)|STATEMENT_EXECUTE|[4]
14:13:24.0 (25605830)|HEAP_ALLOCATE|[8]|Bytes:6
14:13:24.0 (25624056)|STATEMENT_EXECUTE|[6]
14:13:24.0 (25625322)|STATEMENT_EXECUTE|[8]
14:13:24.0 (25675959)|VARIABLE_ASSIGNMENT|[EXTERNAL]|this|{}|0x704bcca1
14:13:24.0 (25694073)|VARIABLE_ASSIGNMENT|[EXTERNAL]|value|{"Category__c":"Transportation","RecordTypeId":"012460000005G1FAAU","Amount__c":3500,"Tax__c":455.00,"Submitted__c":true,"Employee__c":"00346000002ojVWAAY","Id":"a0F46000000FBblEAG","RecordType":{"Name":"Business Trips","Id":"012460000005G1FAAU"},"Employee__r":{"Id":"00346000002ojVWAAY","Name":"Carol Ruiz","Birthdate":"2017-10-09T00:00:00.000Z"}}|0x70240474
14:13:24.0 (25711373)|VARIABLE_ASSIGNMENT|[3]|this.expense|{"Category__c":"Transportation","RecordTypeId":"012460000005G1FAAU","Amount__c":3500,"Tax__c":455.00,"Submitted__c":true,"Employee__c":"00346000002ojVWAAY","Id":"a0F46000000FBblEAG","RecordType":{"Name":"Business Trips","Id":"012460000005G1FAAU"},"Employee__r":{"Id":"00346000002ojVWAAY","Name":"Carol Ruiz","Birthdate":"2017-10-09T00:00:00.000Z"}}|0x704bcca1
14:13:24.0 (25719418)|STATEMENT_EXECUTE|[9]
14:13:24.0 (25750223)|VARIABLE_ASSIGNMENT|[EXTERNAL]|this|{"expense":"0x70240474"}|0x704bcca1
14:13:24.0 (25756732)|VARIABLE_ASSIGNMENT|[EXTERNAL]|value|false
14:13:24.0 (25760273)|HEAP_ALLOCATE|[4]|Bytes:5
14:13:24.0 (25764614)|VARIABLE_ASSIGNMENT|[4]|this.checked|false|0x704bcca1
14:13:24.0 (25772597)|CONSTRUCTOR_EXIT|[28]|01p46000003buu6|<init>(Expense__c,Boolean)
14:13:24.0 (25782704)|HEAP_ALLOCATE|[EXTERNAL]|Bytes:4
14:13:24.0 (25792511)|HEAP_ALLOCATE|[26]|Bytes:5
14:13:24.0 (25814968)|HEAP_ALLOCATE|[26]|Bytes:36
14:13:24.0 (25820182)|VARIABLE_SCOPE_BEGIN|[26]|ex|Expense__c|true|false
14:13:24.0 (25838156)|VARIABLE_ASSIGNMENT|[26]|ex|{"RecordTypeId":"012460000005G1FAAU","Amount__c":3000,"Tax__c":390.00,"Submitted__c":true,"Employee__c":"00346000002ojVWAAY","Id":"a0F46000000Fp6rEAC","RecordType":{"Name":"Business Trips","Id":"012460000005G1FAAU"},"Employee__r":{"Id":"00346000002ojVWAAY","Name":"Carol Ruiz","Birthdate":"2017-10-09T00:00:00.000Z"}}|0x9f21ba0
14:13:24.0 (25842378)|STATEMENT_EXECUTE|[26]
14:13:24.0 (25843700)|STATEMENT_EXECUTE|[28]
14:13:24.0 (25865117)|VARIABLE_ASSIGNMENT|[EXTERNAL]|this|{"CountTotalRecords":7,"OffsetSize":0,"QueryLimit":3,"queryString":"","wrappedExpenses":"0x4bfee381"}|0x2fa23f56
14:13:24.0 (25872687)|HEAP_ALLOCATE|[28]|Bytes:12
14:13:24.0 (25893396)|CONSTRUCTOR_ENTRY|[28]|01p46000003buu6|<init>(Expense__c,Boolean)
14:13:24.0 (25898508)|VARIABLE_SCOPE_BEGIN|[6]|this|ExpenseWrapper|true|false
14:13:24.0 (25913564)|VARIABLE_ASSIGNMENT|[6]|this|{}|0x77df9300
14:13:24.0 (25916360)|VARIABLE_SCOPE_BEGIN|[6]|ex|Expense__c|true|false
14:13:24.0 (25940352)|VARIABLE_ASSIGNMENT|[6]|ex|{"RecordTypeId":"012460000005G1FAAU","Amount__c":3000,"Tax__c":390.00,"Submitted__c":true,"Employee__c":"00346000002ojVWAAY","Id":"a0F46000000Fp6rEAC","RecordType":{"Name":"Business Trips","Id":"012460000005G1FAAU"},"Employee__r":{"Id":"00346000002ojVWAAY","Name":"Carol Ruiz","Birthdate":"2017-10-09T00:00:00.000Z"}}|0x9f21ba0
14:13:24.0 (25948194)|VARIABLE_SCOPE_BEGIN|[6]|check|Boolean|false|false
14:13:24.0 (25953259)|VARIABLE_ASSIGNMENT|[6]|check|false
14:13:24.0 (25957149)|STATEMENT_EXECUTE|[1]
14:13:24.0 (25959206)|STATEMENT_EXECUTE|[3]
14:13:24.0 (25961040)|STATEMENT_EXECUTE|[4]
14:13:24.0 (25982552)|STATEMENT_EXECUTE|[6]
14:13:24.0 (25984587)|STATEMENT_EXECUTE|[8]
14:13:24.0 (26005106)|VARIABLE_ASSIGNMENT|[EXTERNAL]|this|{}|0x77df9300
14:13:24.0 (26029236)|VARIABLE_ASSIGNMENT|[EXTERNAL]|value|{"RecordTypeId":"012460000005G1FAAU","Amount__c":3000,"Tax__c":390.00,"Submitted__c":true,"Employee__c":"00346000002ojVWAAY","Id":"a0F46000000Fp6rEAC","RecordType":{"Name":"Business Trips","Id":"012460000005G1FAAU"},"Employee__r":{"Id":"00346000002ojVWAAY","Name":"Carol Ruiz","Birthdate":"2017-10-09T00:00:00.000Z"}}|0x9f21ba0
14:13:24.0 (26045415)|VARIABLE_ASSIGNMENT|[3]|this.expense|{"RecordTypeId":"012460000005G1FAAU","Amount__c":3000,"Tax__c":390.00,"Submitted__c":true,"Employee__c":"00346000002ojVWAAY","Id":"a0F46000000Fp6rEAC","RecordType":{"Name":"Business Trips","Id":"012460000005G1FAAU"},"Employee__r":{"Id":"00346000002ojVWAAY","Name":"Carol Ruiz","Birthdate":"2017-10-09T00:00:00.000Z"}}|0x77df9300
14:13:24.0 (26052546)|STATEMENT_EXECUTE|[9]
14:13:24.0 (26064757)|VARIABLE_ASSIGNMENT|[EXTERNAL]|this|{"expense":"0x9f21ba0"}|0x77df9300
14:13:24.0 (26070237)|VARIABLE_ASSIGNMENT|[EXTERNAL]|value|false
14:13:24.0 (26072797)|HEAP_ALLOCATE|[4]|Bytes:5
14:13:24.0 (26076684)|VARIABLE_ASSIGNMENT|[4]|this.checked|false|0x77df9300
14:13:24.0 (26084435)|CONSTRUCTOR_EXIT|[28]|01p46000003buu6|<init>(Expense__c,Boolean)
14:13:24.0 (26091108)|HEAP_ALLOCATE|[EXTERNAL]|Bytes:4
14:13:24.0 (26099636)|HEAP_ALLOCATE|[26]|Bytes:5
14:13:24.0 (26122366)|HEAP_ALLOCATE|[26]|Bytes:40
14:13:24.0 (26128120)|VARIABLE_SCOPE_BEGIN|[26]|ex|Expense__c|true|false
14:13:24.0 (26145545)|VARIABLE_ASSIGNMENT|[26]|ex|{"Category__c":"Event Registration","RecordTypeId":"012460000005G1FAAU","Amount__c":3499,"Tax__c":454.87,"Submitted__c":true,"Employee__c":"00346000002ojVWAAY","Id":"a0F46000000Fp76EAC","RecordType":{"Name":"Business Trips","Id":"012460000005G1FAAU"},"Employee__r":{"Id":"00346000002ojVWAAY","Name":"Carol Ruiz","Birthdate":"2017-10-09T00:00:00.000Z"}}|0x15046e66
14:13:24.0 (26149857)|STATEMENT_EXECUTE|[26]
14:13:24.0 (26151161)|STATEMENT_EXECUTE|[28]
14:13:24.0 (26171741)|VARIABLE_ASSIGNMENT|[EXTERNAL]|this|{"CountTotalRecords":7,"OffsetSize":0,"QueryLimit":3,"queryString":"","wrappedExpenses":"0x4bfee381"}|0x2fa23f56
14:13:24.0 (26179169)|HEAP_ALLOCATE|[28]|Bytes:12
14:13:24.0 (26186187)|CONSTRUCTOR_ENTRY|[28]|01p46000003buu6|<init>(Expense__c,Boolean)
14:13:24.0 (26189133)|VARIABLE_SCOPE_BEGIN|[6]|this|ExpenseWrapper|true|false
14:13:24.0 (26196844)|VARIABLE_ASSIGNMENT|[6]|this|{}|0x19d83857
14:13:24.0 (26198405)|VARIABLE_SCOPE_BEGIN|[6]|ex|Expense__c|true|false
14:13:24.0 (26211143)|VARIABLE_ASSIGNMENT|[6]|ex|{"Category__c":"Event Registration","RecordTypeId":"012460000005G1FAAU","Amount__c":3499,"Tax__c":454.87,"Submitted__c":true,"Employee__c":"00346000002ojVWAAY","Id":"a0F46000000Fp76EAC","RecordType":{"Name":"Business Trips","Id":"012460000005G1FAAU"},"Employee__r":{"Id":"00346000002ojVWAAY","Name":"Carol Ruiz","Birthdate":"2017-10-09T00:00:00.000Z"}}|0x15046e66
14:13:24.0 (26215873)|VARIABLE_SCOPE_BEGIN|[6]|check|Boolean|false|false
14:13:24.0 (26218891)|VARIABLE_ASSIGNMENT|[6]|check|false
14:13:24.0 (26221006)|STATEMENT_EXECUTE|[1]
14:13:24.0 (26222112)|STATEMENT_EXECUTE|[3]
14:13:24.0 (26223179)|STATEMENT_EXECUTE|[4]
14:13:24.0 (26230991)|STATEMENT_EXECUTE|[6]
14:13:24.0 (26232273)|STATEMENT_EXECUTE|[8]
14:13:24.0 (26255111)|VARIABLE_ASSIGNMENT|[EXTERNAL]|this|{}|0x19d83857
14:13:24.0 (26278542)|VARIABLE_ASSIGNMENT|[EXTERNAL]|value|{"Category__c":"Event Registration","RecordTypeId":"012460000005G1FAAU","Amount__c":3499,"Tax__c":454.87,"Submitted__c":true,"Employee__c":"00346000002ojVWAAY","Id":"a0F46000000Fp76EAC","RecordType":{"Name":"Business Trips","Id":"012460000005G1FAAU"},"Employee__r":{"Id":"00346000002ojVWAAY","Name":"Carol Ruiz","Birthdate":"2017-10-09T00:00:00.000Z"}}|0x15046e66
14:13:24.0 (26307038)|VARIABLE_ASSIGNMENT|[3]|this.expense|{"Category__c":"Event Registration","RecordTypeId":"012460000005G1FAAU","Amount__c":3499,"Tax__c":454.87,"Submitted__c":true,"Employee__c":"00346000002ojVWAAY","Id":"a0F46000000Fp76EAC","RecordType":{"Name":"Business Trips","Id":"012460000005G1FAAU"},"Employee__r":{"Id":"00346000002ojVWAAY","Name":"Carol Ruiz","Birthdate":"2017-10-09T00:00:00.000Z"}}|0x19d83857
14:13:24.0 (26316247)|STATEMENT_EXECUTE|[9]
14:13:24.0 (26329967)|VARIABLE_ASSIGNMENT|[EXTERNAL]|this|{"expense":"0x15046e66"}|0x19d83857
14:13:24.0 (26334998)|VARIABLE_ASSIGNMENT|[EXTERNAL]|value|false
14:13:24.0 (26337572)|HEAP_ALLOCATE|[4]|Bytes:5
14:13:24.0 (26341460)|VARIABLE_ASSIGNMENT|[4]|this.checked|false|0x19d83857
14:13:24.0 (26348886)|CONSTRUCTOR_EXIT|[28]|01p46000003buu6|<init>(Expense__c,Boolean)
14:13:24.0 (26354988)|HEAP_ALLOCATE|[EXTERNAL]|Bytes:4
14:13:24.0 (26363170)|HEAP_ALLOCATE|[26]|Bytes:5
14:13:24.0 (26371970)|VARIABLE_ASSIGNMENT|[26]|ex|null|
14:13:24.0 (26374707)|STATEMENT_EXECUTE|[32]
14:13:24.0 (26422667)|VARIABLE_ASSIGNMENT|[EXTERNAL]|this|{"CountTotalRecords":7,"OffsetSize":0,"QueryLimit":3,"queryString":"","wrappedExpenses":"0x4bfee381"}|0x2fa23f56
14:13:24.0 (27070938)|SYSTEM_MODE_ENTER|true
14:13:24.0 (27102349)|HEAP_ALLOCATE|[EXTERNAL]|Bytes:24
14:13:24.0 (27109703)|VARIABLE_SCOPE_BEGIN|[107]|this|ExpenseController|true|false
14:13:24.0 (27134927)|VARIABLE_ASSIGNMENT|[107]|this|{"CountTotalRecords":7,"OffsetSize":0,"QueryLimit":3,"queryString":"","wrappedExpenses":"0x4bfee381"}|0x2fa23f56
14:13:24.0 (27141848)|STATEMENT_EXECUTE|[107]
14:13:24.0 (27148907)|STATEMENT_EXECUTE|[111]
14:13:24.0 (27154109)|HEAP_ALLOCATE|[111]|Bytes:5
14:13:24.0 (27232878)|SYSTEM_MODE_ENTER|true
14:13:24.0 (27254694)|HEAP_ALLOCATE|[EXTERNAL]|Bytes:24
14:13:24.0 (27260313)|VARIABLE_SCOPE_BEGIN|[114]|this|ExpenseController|true|false
14:13:24.0 (27280515)|VARIABLE_ASSIGNMENT|[114]|this|{"CountTotalRecords":7,"OffsetSize":0,"QueryLimit":3,"queryString":"","wrappedExpenses":"0x4bfee381"}|0x2fa23f56
14:13:24.0 (27286425)|STATEMENT_EXECUTE|[114]
14:13:24.0 (27323379)|VARIABLE_ASSIGNMENT|[EXTERNAL]|this|{"CountTotalRecords":7,"OffsetSize":0,"QueryLimit":3,"queryString":"","wrappedExpenses":"0x4bfee381"}|0x2fa23f56
14:13:24.0 (27332508)|STATEMENT_EXECUTE|[115]
14:13:24.0 (27333825)|STATEMENT_EXECUTE|[116]
14:13:24.0 (27338611)|HEAP_ALLOCATE|[116]|Bytes:5
14:13:24.0 (27655034)|HEAP_ALLOCATE|[EXTERNAL]|Bytes:5
14:13:24.0 (27658888)|HEAP_ALLOCATE|[EXTERNAL]|Bytes:12
14:13:24.0 (27680305)|VARIABLE_ASSIGNMENT|[EXTERNAL]|this.checked|false|0x704bcca1
14:13:24.0 (27730169)|HEAP_ALLOCATE|[EXTERNAL]|Bytes:5
14:13:24.0 (27733801)|HEAP_ALLOCATE|[EXTERNAL]|Bytes:12
14:13:24.0 (27741119)|VARIABLE_ASSIGNMENT|[EXTERNAL]|this.checked|false|0x77df9300
14:13:24.0 (27804723)|HEAP_ALLOCATE|[EXTERNAL]|Bytes:5
14:13:24.0 (27808845)|HEAP_ALLOCATE|[EXTERNAL]|Bytes:12
14:13:24.0 (27817007)|VARIABLE_ASSIGNMENT|[EXTERNAL]|this.checked|false|0x19d83857
14:13:24.0 (27992254)|HEAP_ALLOCATE|[EXTERNAL]|Bytes:24
14:13:24.0 (27998797)|VARIABLE_SCOPE_BEGIN|[121]|this|ExpenseController|true|false
14:13:24.0 (28023508)|VARIABLE_ASSIGNMENT|[121]|this|{"CountTotalRecords":7,"OffsetSize":0,"QueryLimit":3,"queryString":"","wrappedExpenses":"0x4bfee381"}|0x2fa23f56
14:13:24.0 (28030937)|STATEMENT_EXECUTE|[121]
14:13:24.0 (28032583)|STATEMENT_EXECUTE|[122]
14:13:24.0 (28038595)|HEAP_ALLOCATE|[122]|Bytes:4
14:13:24.0 (28043944)|VARIABLE_ASSIGNMENT|[122]|this.OffsetSize|3|0x2fa23f56
14:13:24.0 (28045507)|STATEMENT_EXECUTE|[123]
14:13:24.0 (31539482)|SYSTEM_MODE_ENTER|true
14:13:24.0 (31567793)|HEAP_ALLOCATE|[EXTERNAL]|Bytes:96
14:13:24.0 (31580038)|HEAP_ALLOCATE|[EXTERNAL]|Bytes:6
14:13:24.0 (31594812)|METHOD_ENTRY|[1]|01p46000002ySm2|SaveAsPdfExtension.SaveAsPdfExtension()
14:13:24.0 (31600372)|STATEMENT_EXECUTE|[1]
14:13:24.0 (31607080)|STATEMENT_EXECUTE|[1]
14:13:24.0 (31612718)|METHOD_EXIT|[1]|SaveAsPdfExtension
14:13:24.0 (31802365)|SYSTEM_MODE_ENTER|true
14:13:24.0 (31835949)|HEAP_ALLOCATE|[EXTERNAL]|Bytes:24
14:13:24.0 (31842742)|VARIABLE_SCOPE_BEGIN|[17]|this|ExpenseController|true|false
14:13:24.0 (31877657)|VARIABLE_ASSIGNMENT|[17]|this|{"CountTotalRecords":7,"OffsetSize":3,"QueryLimit":3,"queryString":"","wrappedExpenses":"0x4bfee381"}|0x2fa23f56
14:13:24.0 (31885950)|STATEMENT_EXECUTE|[17]
14:13:24.0 (31887493)|STATEMENT_EXECUTE|[19]
14:13:24.0 (31910497)|HEAP_ALLOCATE|[22]|Bytes:1
14:13:24.0 (31922311)|HEAP_ALLOCATE|[22]|Bytes:1
14:13:24.0 (31930606)|HEAP_ALLOCATE|[19]|Bytes:204
14:13:24.0 (32261101)|SOQL_EXECUTE_BEGIN|[19]|Aggregations:0|SELECT Category__c, RecordType.Name, Amount__c, Tax__c, Client_Company__c, Submitted__c, Employee__r.Id, Employee__r.Name, Employee__r.Birthdate FROM Expense__c  ORDER BY Employee__r.Name LIMIT 3 OFFSET 3
14:13:24.0 (37805770)|SOQL_EXECUTE_END|[19]|Rows:3
14:13:24.0 (37819476)|HEAP_ALLOCATE|[19]|Bytes:16
14:13:24.0 (37856865)|HEAP_ALLOCATE|[19]|Bytes:1032
14:13:24.0 (37873021)|HEAP_ALLOCATE|[19]|Bytes:16
14:13:24.0 (37886724)|VARIABLE_SCOPE_BEGIN|[19]|results|List<Expense__c>|true|false
14:13:24.0 (37932766)|VARIABLE_ASSIGNMENT|[19]|results|[{"Category__c":"Transportation","RecordTypeId":"012460000005G1FAAU","Amount__c":4000,"Tax__c":520.00,"Submitted__c":true,"Employee__c":"00346000002ojVWAAY","Id":"a0F46000000FtpwEAC","RecordType":{"Name":"Business Trips","Id":"012460000005G1FAAU"},"Employee__r":{"Id":"00346000002ojVWAAY","Name":"Carol Ruiz","Birthdate":"2017-10-09T00:00:00.000Z"}},{"Category__c":"Road Meals","RecordTypeId":"012460000005G1KAAU","Amount__c":8900,"Tax__c":1157.00,"Submitted__c":true,"Employee__c":"00346000002ojeGAAQ","Id":"a0F46000000FmUwEAK","RecordType":{"Name":"Client Meetings","Id":"012460000005G1KAAU"},"Employee__r":{"Id":"00346000002ojeGAAQ","Name":"Paolo Smith"}},{"Category__c":"Lodging","RecordTypeId":"012460000005G1KAAU","Amount__c":4000,"Tax__c":520.00,"Client_Company__c":"At&t","Submitted__c":true,"Employee__c":"00346000002ojeGAAQ","Id":"a0F46000000Ftq1EAC","RecordType":{"Name":"Client Meetings","Id":"012460000005G1KAAU"},"Employee__r":{"Id":"00346000002ojeGAAQ","Name":"Paolo Smith"}}]|0x6a9735ca
14:13:24.0 (37939725)|STATEMENT_EXECUTE|[25]
14:13:24.0 (37944657)|HEAP_ALLOCATE|[25]|Bytes:4
14:13:24.0 (37987986)|VARIABLE_ASSIGNMENT|[EXTERNAL]|this|{"CountTotalRecords":7,"OffsetSize":3,"QueryLimit":3,"queryString":"","wrappedExpenses":"0x4bfee381"}|0x2fa23f56
14:13:24.0 (37998677)|HEAP_ALLOCATE|[EXTERNAL]|Bytes:4
14:13:24.0 (38003148)|VARIABLE_ASSIGNMENT|[EXTERNAL]|value|[]|0x43e862c9
14:13:24.0 (38010811)|VARIABLE_ASSIGNMENT|[14]|this.wrappedExpenses|[]|0x2fa23f56
14:13:24.0 (38031506)|HEAP_ALLOCATE|[26]|Bytes:5
14:13:24.0 (38055190)|HEAP_ALLOCATE|[26]|Bytes:40
14:13:24.0 (38061895)|VARIABLE_SCOPE_BEGIN|[26]|ex|Expense__c|true|false
14:13:24.0 (38081977)|VARIABLE_ASSIGNMENT|[26]|ex|{"Category__c":"Transportation","RecordTypeId":"012460000005G1FAAU","Amount__c":4000,"Tax__c":520.00,"Submitted__c":true,"Employee__c":"00346000002ojVWAAY","Id":"a0F46000000FtpwEAC","RecordType":{"Name":"Business Trips","Id":"012460000005G1FAAU"},"Employee__r":{"Id":"00346000002ojVWAAY","Name":"Carol Ruiz","Birthdate":"2017-10-09T00:00:00.000Z"}}|0x8919656
14:13:24.0 (38086970)|STATEMENT_EXECUTE|[26]
14:13:24.0 (38088336)|STATEMENT_EXECUTE|[28]
14:13:24.0 (38109532)|VARIABLE_ASSIGNMENT|[EXTERNAL]|this|{"CountTotalRecords":7,"OffsetSize":3,"QueryLimit":3,"queryString":"","wrappedExpenses":"0x43e862c9"}|0x2fa23f56
14:13:24.0 (38117485)|HEAP_ALLOCATE|[28]|Bytes:12
14:13:24.0 (38125487)|CONSTRUCTOR_ENTRY|[28]|01p46000003buu6|<init>(Expense__c,Boolean)
14:13:24.0 (38129057)|VARIABLE_SCOPE_BEGIN|[6]|this|ExpenseWrapper|true|false
14:13:24.0 (38138567)|VARIABLE_ASSIGNMENT|[6]|this|{}|0x2ac2b3c6
14:13:24.0 (38140136)|VARIABLE_SCOPE_BEGIN|[6]|ex|Expense__c|true|false
14:13:24.0 (38173342)|VARIABLE_ASSIGNMENT|[6]|ex|{"Category__c":"Transportation","RecordTypeId":"012460000005G1FAAU","Amount__c":4000,"Tax__c":520.00,"Submitted__c":true,"Employee__c":"00346000002ojVWAAY","Id":"a0F46000000FtpwEAC","RecordType":{"Name":"Business Trips","Id":"012460000005G1FAAU"},"Employee__r":{"Id":"00346000002ojVWAAY","Name":"Carol Ruiz","Birthdate":"2017-10-09T00:00:00.000Z"}}|0x8919656
14:13:24.0 (38182705)|VARIABLE_SCOPE_BEGIN|[6]|check|Boolean|false|false
14:13:24.0 (38187076)|VARIABLE_ASSIGNMENT|[6]|check|false
14:13:24.0 (38190642)|STATEMENT_EXECUTE|[1]
14:13:24.0 (38192607)|STATEMENT_EXECUTE|[3]
14:13:24.0 (38194233)|STATEMENT_EXECUTE|[4]
14:13:24.0 (38212340)|STATEMENT_EXECUTE|[6]
14:13:24.0 (38213954)|STATEMENT_EXECUTE|[8]
14:13:24.0 (38228529)|VARIABLE_ASSIGNMENT|[EXTERNAL]|this|{}|0x2ac2b3c6
14:13:24.0 (38244527)|VARIABLE_ASSIGNMENT|[EXTERNAL]|value|{"Category__c":"Transportation","RecordTypeId":"012460000005G1FAAU","Amount__c":4000,"Tax__c":520.00,"Submitted__c":true,"Employee__c":"00346000002ojVWAAY","Id":"a0F46000000FtpwEAC","RecordType":{"Name":"Business Trips","Id":"012460000005G1FAAU"},"Employee__r":{"Id":"00346000002ojVWAAY","Name":"Carol Ruiz","Birthdate":"2017-10-09T00:00:00.000Z"}}|0x8919656
14:13:24.0 (38263885)|VARIABLE_ASSIGNMENT|[3]|this.expense|{"Category__c":"Transportation","RecordTypeId":"012460000005G1FAAU","Amount__c":4000,"Tax__c":520.00,"Submitted__c":true,"Employee__c":"00346000002ojVWAAY","Id":"a0F46000000FtpwEAC","RecordType":{"Name":"Business Trips","Id":"012460000005G1FAAU"},"Employee__r":{"Id":"00346000002ojVWAAY","Name":"Carol Ruiz","Birthdate":"2017-10-09T00:00:00.000Z"}}|0x2ac2b3c6
14:13:24.0 (38270046)|STATEMENT_EXECUTE|[9]
14:13:24.0 (38281061)|VARIABLE_ASSIGNMENT|[EXTERNAL]|this|{"expense":"0x8919656"}|0x2ac2b3c6
14:13:24.0 (38286085)|VARIABLE_ASSIGNMENT|[EXTERNAL]|value|false
14:13:24.0 (38297506)|HEAP_ALLOCATE|[4]|Bytes:5
14:13:24.0 (38304497)|VARIABLE_ASSIGNMENT|[4]|this.checked|false|0x2ac2b3c6
14:13:24.0 (38317801)|CONSTRUCTOR_EXIT|[28]|01p46000003buu6|<init>(Expense__c,Boolean)
14:13:24.0 (38328501)|HEAP_ALLOCATE|[EXTERNAL]|Bytes:4
14:13:24.0 (38343732)|HEAP_ALLOCATE|[26]|Bytes:5
14:13:24.0 (38376678)|HEAP_ALLOCATE|[26]|Bytes:40
14:13:24.0 (38387952)|VARIABLE_SCOPE_BEGIN|[26]|ex|Expense__c|true|false
14:13:24.0 (38410999)|VARIABLE_ASSIGNMENT|[26]|ex|{"Category__c":"Road Meals","RecordTypeId":"012460000005G1KAAU","Amount__c":8900,"Tax__c":1157.00,"Submitted__c":true,"Employee__c":"00346000002ojeGAAQ","Id":"a0F46000000FmUwEAK","RecordType":{"Name":"Client Meetings","Id":"012460000005G1KAAU"},"Employee__r":{"Id":"00346000002ojeGAAQ","Name":"Paolo Smith"}}|0x30797dcc
14:13:24.0 (38417430)|STATEMENT_EXECUTE|[26]
14:13:24.0 (38419291)|STATEMENT_EXECUTE|[28]
14:13:24.0 (38455515)|VARIABLE_ASSIGNMENT|[EXTERNAL]|this|{"CountTotalRecords":7,"OffsetSize":3,"QueryLimit":3,"queryString":"","wrappedExpenses":"0x43e862c9"}|0x2fa23f56
14:13:24.0 (38465703)|HEAP_ALLOCATE|[28]|Bytes:12
14:13:24.0 (38474314)|CONSTRUCTOR_ENTRY|[28]|01p46000003buu6|<init>(Expense__c,Boolean)
14:13:24.0 (38477980)|VARIABLE_SCOPE_BEGIN|[6]|this|ExpenseWrapper|true|false
14:13:24.0 (38487041)|VARIABLE_ASSIGNMENT|[6]|this|{}|0x5a93e865
14:13:24.0 (38488931)|VARIABLE_SCOPE_BEGIN|[6]|ex|Expense__c|true|false
14:13:24.0 (38499354)|VARIABLE_ASSIGNMENT|[6]|ex|{"Category__c":"Road Meals","RecordTypeId":"012460000005G1KAAU","Amount__c":8900,"Tax__c":1157.00,"Submitted__c":true,"Employee__c":"00346000002ojeGAAQ","Id":"a0F46000000FmUwEAK","RecordType":{"Name":"Client Meetings","Id":"012460000005G1KAAU"},"Employee__r":{"Id":"00346000002ojeGAAQ","Name":"Paolo Smith"}}|0x30797dcc
14:13:24.0 (38504468)|VARIABLE_SCOPE_BEGIN|[6]|check|Boolean|false|false
14:13:24.0 (38506785)|VARIABLE_ASSIGNMENT|[6]|check|false
14:13:24.0 (38508849)|STATEMENT_EXECUTE|[1]
14:13:24.0 (38510105)|STATEMENT_EXECUTE|[3]
14:13:24.0 (38511190)|STATEMENT_EXECUTE|[4]
14:13:24.0 (38519575)|STATEMENT_EXECUTE|[6]
14:13:24.0 (38520686)|STATEMENT_EXECUTE|[8]
14:13:24.0 (38529594)|VARIABLE_ASSIGNMENT|[EXTERNAL]|this|{}|0x5a93e865
14:13:24.0 (38540305)|VARIABLE_ASSIGNMENT|[EXTERNAL]|value|{"Category__c":"Road Meals","RecordTypeId":"012460000005G1KAAU","Amount__c":8900,"Tax__c":1157.00,"Submitted__c":true,"Employee__c":"00346000002ojeGAAQ","Id":"a0F46000000FmUwEAK","RecordType":{"Name":"Client Meetings","Id":"012460000005G1KAAU"},"Employee__r":{"Id":"00346000002ojeGAAQ","Name":"Paolo Smith"}}|0x30797dcc
14:13:24.0 (38552579)|VARIABLE_ASSIGNMENT|[3]|this.expense|{"Category__c":"Road Meals","RecordTypeId":"012460000005G1KAAU","Amount__c":8900,"Tax__c":1157.00,"Submitted__c":true,"Employee__c":"00346000002ojeGAAQ","Id":"a0F46000000FmUwEAK","RecordType":{"Name":"Client Meetings","Id":"012460000005G1KAAU"},"Employee__r":{"Id":"00346000002ojeGAAQ","Name":"Paolo Smith"}}|0x5a93e865
14:13:24.0 (38557091)|STATEMENT_EXECUTE|[9]
14:13:24.0 (38565570)|VARIABLE_ASSIGNMENT|[EXTERNAL]|this|{"expense":"0x30797dcc"}|0x5a93e865
14:13:24.0 (38569520)|VARIABLE_ASSIGNMENT|[EXTERNAL]|value|false
14:13:24.0 (38571783)|HEAP_ALLOCATE|[4]|Bytes:5
14:13:24.0 (38575293)|VARIABLE_ASSIGNMENT|[4]|this.checked|false|0x5a93e865
14:13:24.0 (38581785)|CONSTRUCTOR_EXIT|[28]|01p46000003buu6|<init>(Expense__c,Boolean)
14:13:24.0 (38588267)|HEAP_ALLOCATE|[EXTERNAL]|Bytes:4
14:13:24.0 (38596965)|HEAP_ALLOCATE|[26]|Bytes:5
14:13:24.0 (38617588)|HEAP_ALLOCATE|[26]|Bytes:44
14:13:24.0 (38622408)|VARIABLE_SCOPE_BEGIN|[26]|ex|Expense__c|true|false
14:13:24.0 (38635056)|VARIABLE_ASSIGNMENT|[26]|ex|{"Category__c":"Lodging","RecordTypeId":"012460000005G1KAAU","Amount__c":4000,"Tax__c":520.00,"Client_Company__c":"At&t","Submitted__c":true,"Employee__c":"00346000002ojeGAAQ","Id":"a0F46000000Ftq1EAC","RecordType":{"Name":"Client Meetings","Id":"012460000005G1KAAU"},"Employee__r":{"Id":"00346000002ojeGAAQ","Name":"Paolo Smith"}}|0x4c306935
14:13:24.0 (38639717)|STATEMENT_EXECUTE|[26]
14:13:24.0 (38640940)|STATEMENT_EXECUTE|[28]
14:13:24.0 (38659747)|VARIABLE_ASSIGNMENT|[EXTERNAL]|this|{"CountTotalRecords":7,"OffsetSize":3,"QueryLimit":3,"queryString":"","wrappedExpenses":"0x43e862c9"}|0x2fa23f56
14:13:24.0 (38666453)|HEAP_ALLOCATE|[28]|Bytes:12
14:13:24.0 (38672097)|CONSTRUCTOR_ENTRY|[28]|01p46000003buu6|<init>(Expense__c,Boolean)
14:13:24.0 (38674798)|VARIABLE_SCOPE_BEGIN|[6]|this|ExpenseWrapper|true|false
14:13:24.0 (38681892)|VARIABLE_ASSIGNMENT|[6]|this|{}|0x9f9bf98
14:13:24.0 (38683451)|VARIABLE_SCOPE_BEGIN|[6]|ex|Expense__c|true|false
14:13:24.0 (38693387)|VARIABLE_ASSIGNMENT|[6]|ex|{"Category__c":"Lodging","RecordTypeId":"012460000005G1KAAU","Amount__c":4000,"Tax__c":520.00,"Client_Company__c":"At&t","Submitted__c":true,"Employee__c":"00346000002ojeGAAQ","Id":"a0F46000000Ftq1EAC","RecordType":{"Name":"Client Meetings","Id":"012460000005G1KAAU"},"Employee__r":{"Id":"00346000002ojeGAAQ","Name":"Paolo Smith"}}|0x4c306935
14:13:24.0 (38698295)|VARIABLE_SCOPE_BEGIN|[6]|check|Boolean|false|false
14:13:24.0 (38700682)|VARIABLE_ASSIGNMENT|[6]|check|false
14:13:24.0 (38702568)|STATEMENT_EXECUTE|[1]
14:13:24.0 (38703629)|STATEMENT_EXECUTE|[3]
14:13:24.0 (38704715)|STATEMENT_EXECUTE|[4]
14:13:24.0 (38712008)|STATEMENT_EXECUTE|[6]
14:13:24.0 (38713168)|STATEMENT_EXECUTE|[8]
14:13:24.0 (38721254)|VARIABLE_ASSIGNMENT|[EXTERNAL]|this|{}|0x9f9bf98
14:13:24.0 (38731373)|VARIABLE_ASSIGNMENT|[EXTERNAL]|value|{"Category__c":"Lodging","RecordTypeId":"012460000005G1KAAU","Amount__c":4000,"Tax__c":520.00,"Client_Company__c":"At&t","Submitted__c":true,"Employee__c":"00346000002ojeGAAQ","Id":"a0F46000000Ftq1EAC","RecordType":{"Name":"Client Meetings","Id":"012460000005G1KAAU"},"Employee__r":{"Id":"00346000002ojeGAAQ","Name":"Paolo Smith"}}|0x4c306935
14:13:24.0 (38742817)|VARIABLE_ASSIGNMENT|[3]|this.expense|{"Category__c":"Lodging","RecordTypeId":"012460000005G1KAAU","Amount__c":4000,"Tax__c":520.00,"Client_Company__c":"At&t","Submitted__c":true,"Employee__c":"00346000002ojeGAAQ","Id":"a0F46000000Ftq1EAC","RecordType":{"Name":"Client Meetings","Id":"012460000005G1KAAU"},"Employee__r":{"Id":"00346000002ojeGAAQ","Name":"Paolo Smith"}}|0x9f9bf98
14:13:24.0 (38747560)|STATEMENT_EXECUTE|[9]
14:13:24.0 (38755899)|VARIABLE_ASSIGNMENT|[EXTERNAL]|this|{"expense":"0x4c306935"}|0x9f9bf98
14:13:24.0 (38759706)|VARIABLE_ASSIGNMENT|[EXTERNAL]|value|false
14:13:24.0 (38761874)|HEAP_ALLOCATE|[4]|Bytes:5
14:13:24.0 (38765089)|VARIABLE_ASSIGNMENT|[4]|this.checked|false|0x9f9bf98
14:13:24.0 (38771250)|CONSTRUCTOR_EXIT|[28]|01p46000003buu6|<init>(Expense__c,Boolean)
14:13:24.0 (38776396)|HEAP_ALLOCATE|[EXTERNAL]|Bytes:4
14:13:24.0 (38783613)|HEAP_ALLOCATE|[26]|Bytes:5
14:13:24.0 (38790453)|VARIABLE_ASSIGNMENT|[26]|ex|null|
14:13:24.0 (38792591)|STATEMENT_EXECUTE|[32]
14:13:24.0 (38808674)|VARIABLE_ASSIGNMENT|[EXTERNAL]|this|{"CountTotalRecords":7,"OffsetSize":3,"QueryLimit":3,"queryString":"","wrappedExpenses":"0x43e862c9"}|0x2fa23f56
14:13:24.0 (40392581)|SYSTEM_MODE_ENTER|true
14:13:24.0 (40420116)|HEAP_ALLOCATE|[EXTERNAL]|Bytes:24
14:13:24.0 (40425517)|VARIABLE_SCOPE_BEGIN|[107]|this|ExpenseController|true|false
14:13:24.0 (40451812)|VARIABLE_ASSIGNMENT|[107]|this|{"CountTotalRecords":7,"OffsetSize":3,"QueryLimit":3,"queryString":"","wrappedExpenses":"0x43e862c9"}|0x2fa23f56
14:13:24.0 (40458243)|STATEMENT_EXECUTE|[107]
14:13:24.0 (40462322)|STATEMENT_EXECUTE|[108]
14:13:24.0 (40463402)|STATEMENT_EXECUTE|[109]
14:13:24.0 (40467946)|HEAP_ALLOCATE|[109]|Bytes:5
14:13:24.0 (40871235)|SYSTEM_MODE_ENTER|true
14:13:24.0 (40905059)|HEAP_ALLOCATE|[EXTERNAL]|Bytes:24
14:13:24.0 (40919006)|VARIABLE_SCOPE_BEGIN|[114]|this|ExpenseController|true|false
14:13:24.0 (40953030)|VARIABLE_ASSIGNMENT|[114]|this|{"CountTotalRecords":7,"OffsetSize":3,"QueryLimit":3,"queryString":"","wrappedExpenses":"0x43e862c9"}|0x2fa23f56
14:13:24.0 (40961903)|STATEMENT_EXECUTE|[114]
14:13:24.0 (40989353)|VARIABLE_ASSIGNMENT|[EXTERNAL]|this|{"CountTotalRecords":7,"OffsetSize":3,"QueryLimit":3,"queryString":"","wrappedExpenses":"0x43e862c9"}|0x2fa23f56
14:13:24.0 (40997384)|STATEMENT_EXECUTE|[115]
14:13:24.0 (40998722)|STATEMENT_EXECUTE|[116]
14:13:24.0 (41003804)|HEAP_ALLOCATE|[116]|Bytes:5
14:13:24.0 (48794360)|VF_SERIALIZE_VIEWSTATE_BEGIN|06646000001BW08
14:13:24.0 (60635509)|VF_SERIALIZE_VIEWSTATE_END
14:13:24.0 (74317336)|CODE_UNIT_STARTED|[EXTERNAL]|Generate Metadata
14:13:24.0 (76338157)|CODE_UNIT_FINISHED|Generate Metadata
14:13:24.78 (78698075)|CUMULATIVE_LIMIT_USAGE
14:13:24.78 (78698075)|LIMIT_USAGE_FOR_NS|(default)|
  Number of SOQL queries: 2 out of 100
  Number of query rows: 6 out of 50000
  Number of SOSL queries: 0 out of 20
  Number of DML statements: 0 out of 150
  Number of DML rows: 0 out of 10000
  Maximum CPU time: 0 out of 10000
  Maximum heap size: 0 out of 6000000
  Number of callouts: 0 out of 100
  Number of Email Invocations: 0 out of 10
  Number of future calls: 0 out of 50
  Number of queueable jobs added to the queue: 0 out of 50
  Number of Mobile Apex push calls: 0 out of 10

14:13:24.78 (78698075)|CUMULATIVE_LIMIT_USAGE_END

14:13:24.0 (78730928)|CODE_UNIT_FINISHED|VF: /apex/ListOfEmployees
14:13:24.0 (79435844)|EXECUTION_FINISHED
