39.0 APEX_CODE,FINEST;APEX_PROFILING,INFO;CALLOUT,INFO;DB,INFO;SYSTEM,DEBUG;VALIDATION,INFO;VISUALFORCE,INFO;WAVE,INFO;WORKFLOW,INFO
14:51:24.0 (57859)|USER_INFO|[EXTERNAL]|00546000000Iihs|pacosta@altimetrik.com|Argentine Time|GMT-03:00
14:51:24.0 (82970)|EXECUTION_STARTED
14:51:24.0 (87218)|CODE_UNIT_STARTED|[EXTERNAL]|06646000001Bfzo|VF: /apex/showExpensesListForContact
14:51:24.0 (221405)|VF_DESERIALIZE_VIEWSTATE_BEGIN|06646000001Bfzo
14:51:24.0 (4361133)|HEAP_ALLOCATE|[72]|Bytes:3
14:51:24.0 (4404367)|HEAP_ALLOCATE|[77]|Bytes:152
14:51:24.0 (4420186)|HEAP_ALLOCATE|[342]|Bytes:408
14:51:24.0 (4435208)|HEAP_ALLOCATE|[355]|Bytes:408
14:51:24.0 (4448962)|HEAP_ALLOCATE|[467]|Bytes:48
14:51:24.0 (4475578)|HEAP_ALLOCATE|[139]|Bytes:6
14:51:24.0 (5791480)|VF_DESERIALIZE_VIEWSTATE_END
14:51:24.0 (6602707)|SYSTEM_MODE_ENTER|true
14:51:24.0 (6807655)|HEAP_ALLOCATE|[EXTERNAL]|Bytes:100
14:51:24.0 (6815932)|HEAP_ALLOCATE|[EXTERNAL]|Bytes:31
14:51:24.0 (6824941)|METHOD_ENTRY|[1]|01p46000002x5eL|showExpensesListForContactController.showExpensesListForContactController()
14:51:24.0 (6828608)|STATEMENT_EXECUTE|[1]
14:51:24.0 (6833914)|STATEMENT_EXECUTE|[1]
14:51:24.0 (6839682)|METHOD_EXIT|[1]|showExpensesListForContactController
14:51:24.0 (6844790)|HEAP_ALLOCATE|[EXTERNAL]|Bytes:24
14:51:24.0 (6850830)|VARIABLE_SCOPE_BEGIN|[26]|this|showExpensesListForContactController|true|false
14:51:24.0 (6904869)|VARIABLE_ASSIGNMENT|[26]|this|{"CountTotalRecords":7,"idContact":"00346000002ojVW","OffsetSize":3,"QueryLimit":3,"queryString":""}|0x79ce9bd1
14:51:24.0 (6914589)|STATEMENT_EXECUTE|[26]
14:51:24.0 (6915926)|STATEMENT_EXECUTE|[28]
14:51:24.0 (6919653)|HEAP_ALLOCATE|[28]|Bytes:136
14:51:24.0 (6927423)|HEAP_ALLOCATE|[30]|Bytes:1
14:51:24.0 (6930308)|HEAP_ALLOCATE|[31]|Bytes:7
14:51:24.0 (6995224)|HEAP_ALLOCATE|[31]|Bytes:1
14:51:24.0 (7013518)|HEAP_ALLOCATE|[28]|Bytes:160
14:51:24.0 (7016818)|HEAP_ALLOCATE|[31]|Bytes:8
14:51:24.0 (7024926)|HEAP_ALLOCATE|[31]|Bytes:1
14:51:24.0 (7033929)|HEAP_ALLOCATE|[28]|Bytes:9
14:51:24.0 (7037136)|HEAP_ALLOCATE|[28]|Bytes:169
14:51:24.0 (7072652)|HEAP_ALLOCATE|[50]|Bytes:5
14:51:24.0 (7092890)|HEAP_ALLOCATE|[56]|Bytes:5
14:51:24.0 (7098554)|HEAP_ALLOCATE|[64]|Bytes:7
14:51:24.0 (7902480)|SOQL_EXECUTE_BEGIN|[28]|Aggregations:0|SELECT id, Name, Category__c, RecordType.Name, Amount__c, Tax__c, Client_Company__c, Submitted__c FROM Expense__c WHERE Employee__r.Id='00346000002ojVW' LIMIT 3 OFFSET 3
14:51:24.0 (16754078)|SOQL_EXECUTE_END|[28]|Rows:1
14:51:24.0 (16779006)|HEAP_ALLOCATE|[28]|Bytes:8
14:51:24.0 (16808166)|HEAP_ALLOCATE|[28]|Bytes:325
14:51:24.0 (16933760)|HEAP_ALLOCATE|[28]|Bytes:8
14:51:24.0 (16962876)|VARIABLE_SCOPE_BEGIN|[28]|results|List<Expense__c>|true|false
14:51:24.0 (17002085)|VARIABLE_ASSIGNMENT|[28]|results|[{"Id":"a0F46000000FtpwEAC","Name":"Expense nueva","Category__c":"Transportation","RecordTypeId":"012460000005G1FAAU","Amount__c":4000,"Tax__c":520.00,"Submitted__c":true,"Employee__c":"00346000002ojVWAAY","RecordType":{"Name":"Business Trips","Id":"012460000005G1FAAU"}}]|0x74c2d32a
14:51:24.0 (17009430)|STATEMENT_EXECUTE|[33]
14:51:24.0 (17598648)|SYSTEM_MODE_ENTER|true
14:51:24.0 (17641133)|HEAP_ALLOCATE|[EXTERNAL]|Bytes:24
14:51:24.0 (17649848)|VARIABLE_SCOPE_BEGIN|[57]|this|showExpensesListForContactController|true|false
14:51:24.0 (17686962)|VARIABLE_ASSIGNMENT|[57]|this|{"CountTotalRecords":7,"idContact":"00346000002ojVW","OffsetSize":3,"QueryLimit":3,"queryString":""}|0x79ce9bd1
14:51:24.0 (17697154)|STATEMENT_EXECUTE|[57]
14:51:24.0 (17707004)|STATEMENT_EXECUTE|[58]
14:51:24.0 (17708215)|STATEMENT_EXECUTE|[59]
14:51:24.0 (17722501)|HEAP_ALLOCATE|[59]|Bytes:5
14:51:24.0 (17812203)|SYSTEM_MODE_ENTER|true
14:51:24.0 (17832754)|HEAP_ALLOCATE|[EXTERNAL]|Bytes:24
14:51:24.0 (17837531)|VARIABLE_SCOPE_BEGIN|[64]|this|showExpensesListForContactController|true|false
14:51:24.0 (17857885)|VARIABLE_ASSIGNMENT|[64]|this|{"CountTotalRecords":7,"idContact":"00346000002ojVW","OffsetSize":3,"QueryLimit":3,"queryString":""}|0x79ce9bd1
14:51:24.0 (17864387)|STATEMENT_EXECUTE|[64]
14:51:24.0 (17907038)|VARIABLE_ASSIGNMENT|[EXTERNAL]|this|{"CountTotalRecords":7,"idContact":"00346000002ojVW","OffsetSize":3,"QueryLimit":3,"queryString":""}|0x79ce9bd1
14:51:24.0 (17917088)|STATEMENT_EXECUTE|[65]
14:51:24.0 (17918362)|STATEMENT_EXECUTE|[66]
14:51:24.0 (17923191)|HEAP_ALLOCATE|[66]|Bytes:5
14:51:24.0 (18142867)|HEAP_ALLOCATE|[EXTERNAL]|Bytes:24
14:51:24.0 (18149191)|VARIABLE_SCOPE_BEGIN|[76]|this|showExpensesListForContactController|true|false
14:51:24.0 (18170102)|VARIABLE_ASSIGNMENT|[76]|this|{"CountTotalRecords":7,"idContact":"00346000002ojVW","OffsetSize":3,"QueryLimit":3,"queryString":""}|0x79ce9bd1
14:51:24.0 (18176831)|STATEMENT_EXECUTE|[76]
14:51:24.0 (18178552)|STATEMENT_EXECUTE|[77]
14:51:24.0 (18186041)|HEAP_ALLOCATE|[77]|Bytes:4
14:51:24.0 (18195784)|VARIABLE_ASSIGNMENT|[77]|this.OffsetSize|0|0x79ce9bd1
14:51:24.0 (18197477)|STATEMENT_EXECUTE|[78]
14:51:24.0 (21520387)|SYSTEM_MODE_ENTER|true
14:51:24.0 (21556029)|HEAP_ALLOCATE|[EXTERNAL]|Bytes:24
14:51:24.0 (21562666)|VARIABLE_SCOPE_BEGIN|[26]|this|showExpensesListForContactController|true|false
14:51:24.0 (21592815)|VARIABLE_ASSIGNMENT|[26]|this|{"CountTotalRecords":7,"idContact":"00346000002ojVW","OffsetSize":0,"QueryLimit":3,"queryString":""}|0x79ce9bd1
14:51:24.0 (21600418)|STATEMENT_EXECUTE|[26]
14:51:24.0 (21601987)|STATEMENT_EXECUTE|[28]
14:51:24.0 (21637151)|HEAP_ALLOCATE|[31]|Bytes:1
14:51:24.0 (21651163)|HEAP_ALLOCATE|[28]|Bytes:160
14:51:24.0 (21659179)|HEAP_ALLOCATE|[31]|Bytes:1
14:51:24.0 (21667580)|HEAP_ALLOCATE|[28]|Bytes:9
14:51:24.0 (21670200)|HEAP_ALLOCATE|[28]|Bytes:169
14:51:24.0 (22106368)|SOQL_EXECUTE_BEGIN|[28]|Aggregations:0|SELECT id, Name, Category__c, RecordType.Name, Amount__c, Tax__c, Client_Company__c, Submitted__c FROM Expense__c WHERE Employee__r.Id='00346000002ojVW' LIMIT 3 OFFSET 0
14:51:24.0 (28371107)|SOQL_EXECUTE_END|[28]|Rows:3
14:51:24.0 (28394557)|HEAP_ALLOCATE|[28]|Bytes:16
14:51:24.0 (28432708)|HEAP_ALLOCATE|[28]|Bytes:840
14:51:24.0 (28462369)|HEAP_ALLOCATE|[28]|Bytes:16
14:51:24.0 (28490322)|VARIABLE_SCOPE_BEGIN|[28]|results|List<Expense__c>|true|false
14:51:24.0 (28537985)|VARIABLE_ASSIGNMENT|[28]|results|[{"Id":"a0F46000000FBblEAG","Name":"Test","Category__c":"Transportation","RecordTypeId":"012460000005G1FAAU","Amount__c":3500,"Tax__c":455.00,"Submitted__c":true,"Employee__c":"00346000002ojVWAAY","RecordType":{"Name":"Business Trips","Id":"012460000005G1FAAU"}},{"Id":"a0F46000000Fp6rEAC","Name":"Test44","RecordTypeId":"012460000005G1FAAU","Amount__c":3000,"Tax__c":390.00,"Submitted__c":true,"Employee__c":"00346000002ojVWAAY","RecordType":{"Name":"Business Trips","Id":"012460000005G1FAAU"}},{"Id":"a0F46000000Fp76EAC","Name":"Travel to Las Vegas","Category__c":"Event Registration","RecordTypeId":"012460000005G1FAAU","Amount__c":3499,"Tax__c":454.87,"Submitted__c":true,"Employee__c":"00346000002ojVWAAY","RecordType":{"Name":"Business Trips","Id":"012460000005G1FAAU"}}]|0x70daad17
14:51:24.0 (28546668)|STATEMENT_EXECUTE|[33]
14:51:24.0 (30100093)|SYSTEM_MODE_ENTER|true
14:51:24.0 (30144797)|HEAP_ALLOCATE|[EXTERNAL]|Bytes:24
14:51:24.0 (30153857)|VARIABLE_SCOPE_BEGIN|[57]|this|showExpensesListForContactController|true|false
14:51:24.0 (30192991)|VARIABLE_ASSIGNMENT|[57]|this|{"CountTotalRecords":7,"idContact":"00346000002ojVW","OffsetSize":0,"QueryLimit":3,"queryString":""}|0x79ce9bd1
14:51:24.0 (30202993)|STATEMENT_EXECUTE|[57]
14:51:24.0 (30211486)|STATEMENT_EXECUTE|[61]
14:51:24.0 (30221539)|HEAP_ALLOCATE|[61]|Bytes:5
14:51:24.0 (30426234)|SYSTEM_MODE_ENTER|true
14:51:24.0 (30452273)|HEAP_ALLOCATE|[EXTERNAL]|Bytes:24
14:51:24.0 (30457030)|VARIABLE_SCOPE_BEGIN|[64]|this|showExpensesListForContactController|true|false
14:51:24.0 (30483156)|VARIABLE_ASSIGNMENT|[64]|this|{"CountTotalRecords":7,"idContact":"00346000002ojVW","OffsetSize":0,"QueryLimit":3,"queryString":""}|0x79ce9bd1
14:51:24.0 (30490010)|STATEMENT_EXECUTE|[64]
14:51:24.0 (30517680)|VARIABLE_ASSIGNMENT|[EXTERNAL]|this|{"CountTotalRecords":7,"idContact":"00346000002ojVW","OffsetSize":0,"QueryLimit":3,"queryString":""}|0x79ce9bd1
14:51:24.0 (30526916)|STATEMENT_EXECUTE|[65]
14:51:24.0 (30528116)|STATEMENT_EXECUTE|[66]
14:51:24.0 (30532979)|HEAP_ALLOCATE|[66]|Bytes:5
14:51:24.0 (34841368)|VF_SERIALIZE_VIEWSTATE_BEGIN|06646000001Bfzo
14:51:24.0 (36692254)|VF_SERIALIZE_VIEWSTATE_END
14:51:24.38 (38531554)|CUMULATIVE_LIMIT_USAGE
14:51:24.38 (38531554)|LIMIT_USAGE_FOR_NS|(default)|
  Number of SOQL queries: 2 out of 100
  Number of query rows: 4 out of 50000
  Number of SOSL queries: 0 out of 20
  Number of DML statements: 0 out of 150
  Number of DML rows: 0 out of 10000
  Maximum CPU time: 0 out of 10000
  Maximum heap size: 0 out of 6000000
  Number of callouts: 0 out of 100
  Number of Email Invocations: 0 out of 10
  Number of future calls: 0 out of 50
  Number of queueable jobs added to the queue: 0 out of 50
  Number of Mobile Apex push calls: 0 out of 10

14:51:24.38 (38531554)|CUMULATIVE_LIMIT_USAGE_END

14:51:24.0 (38566176)|CODE_UNIT_FINISHED|VF: /apex/showExpensesListForContact
14:51:24.0 (39341801)|EXECUTION_FINISHED
