39.0 APEX_CODE,FINEST;APEX_PROFILING,INFO;CALLOUT,INFO;DB,INFO;SYSTEM,DEBUG;VALIDATION,INFO;VISUALFORCE,INFO;WAVE,INFO;WORKFLOW,INFO
17:20:12.0 (272214)|USER_INFO|[EXTERNAL]|00546000000Iihs|pacosta@altimetrik.com|Argentine Time|GMT-03:00
17:20:12.0 (291733)|EXECUTION_STARTED
17:20:12.0 (294633)|CODE_UNIT_STARTED|[EXTERNAL]|06646000001Bfzo|VF: /apex/showExpensesListForContact
17:20:12.0 (5947569)|SYSTEM_MODE_ENTER|true
17:20:12.0 (6185722)|HEAP_ALLOCATE|[72]|Bytes:3
17:20:12.0 (6223206)|HEAP_ALLOCATE|[77]|Bytes:152
17:20:12.0 (6235366)|HEAP_ALLOCATE|[342]|Bytes:408
17:20:12.0 (6248380)|HEAP_ALLOCATE|[355]|Bytes:408
17:20:12.0 (6260386)|HEAP_ALLOCATE|[467]|Bytes:48
17:20:12.0 (6284167)|HEAP_ALLOCATE|[139]|Bytes:6
17:20:12.0 (6296649)|HEAP_ALLOCATE|[EXTERNAL]|Bytes:10
17:20:12.0 (6303695)|METHOD_ENTRY|[1]|01p46000002x5eL|showExpensesListForContactController.showExpensesListForContactController()
17:20:12.0 (6308655)|STATEMENT_EXECUTE|[1]
17:20:12.0 (6313672)|STATEMENT_EXECUTE|[1]
17:20:12.0 (6317533)|METHOD_EXIT|[1]|showExpensesListForContactController
17:20:12.0 (6330774)|HEAP_ALLOCATE|[EXTERNAL]|Bytes:8
17:20:12.0 (6336430)|VARIABLE_SCOPE_BEGIN|[1]|this|showExpensesListForContactController|true|false
17:20:12.0 (6376059)|VARIABLE_ASSIGNMENT|[1]|this|{}|0x2ae22664
17:20:12.0 (6383915)|HEAP_ALLOCATE|[3]|Bytes:6
17:20:12.0 (6418230)|STATEMENT_EXECUTE|[1]
17:20:12.0 (6419975)|STATEMENT_EXECUTE|[3]
17:20:12.0 (6433966)|VARIABLE_ASSIGNMENT|[3]|this.queryString|""|0x2ae22664
17:20:12.0 (6473882)|SYSTEM_MODE_ENTER|true
17:20:12.0 (6503069)|HEAP_ALLOCATE|[EXTERNAL]|Bytes:8
17:20:12.0 (6507641)|VARIABLE_SCOPE_BEGIN|[5]|this|showExpensesListForContactController|true|false
17:20:12.0 (6521614)|VARIABLE_ASSIGNMENT|[5]|this|{"queryString":""}|0x2ae22664
17:20:12.0 (6528581)|STATEMENT_EXECUTE|[5]
17:20:12.0 (23905150)|HEAP_DUMP|[8]|07n4600000000Np|showExpensesListForContactController|none|8
17:20:12.0 (23910215)|STATEMENT_EXECUTE|[8]
17:20:12.0 (23936858)|HEAP_ALLOCATE|[50]|Bytes:5
17:20:12.0 (23957126)|HEAP_ALLOCATE|[56]|Bytes:5
17:20:12.0 (23963423)|HEAP_ALLOCATE|[64]|Bytes:7
17:20:12.0 (24046988)|HEAP_ALLOCATE|[8]|Bytes:53
17:20:12.0 (24112528)|HEAP_ALLOCATE|[8]|Bytes:17
17:20:12.0 (24127938)|HEAP_ALLOCATE|[8]|Bytes:2
17:20:12.0 (24146613)|VARIABLE_SCOPE_BEGIN|[8]|idContact|String|false|false
17:20:12.0 (24156314)|VARIABLE_ASSIGNMENT|[8]|idContact|"00346000002ojeG"
17:20:12.0 (24161244)|STATEMENT_EXECUTE|[10]
17:20:12.0 (24164620)|HEAP_ALLOCATE|[10]|Bytes:136
17:20:12.0 (24166924)|HEAP_ALLOCATE|[12]|Bytes:1
17:20:12.0 (24185244)|HEAP_ALLOCATE|[10]|Bytes:152
17:20:12.0 (24875919)|SOQL_EXECUTE_BEGIN|[10]|Aggregations:0|SELECT id, Name, Category__c, RecordType.Name, Amount__c, Tax__c, Client_Company__c, Submitted__c FROM Expense__c WHERE Employee__r.Id='00346000002ojeG'
17:20:12.0 (31671918)|SOQL_EXECUTE_END|[10]|Rows:2
17:20:12.0 (31701892)|HEAP_ALLOCATE|[10]|Bytes:12
17:20:12.0 (31732748)|HEAP_ALLOCATE|[10]|Bytes:610
17:20:12.0 (31764323)|HEAP_ALLOCATE|[10]|Bytes:12
17:20:12.0 (31777921)|VARIABLE_SCOPE_BEGIN|[10]|results|List<Expense__c>|true|false
17:20:12.0 (31814157)|VARIABLE_ASSIGNMENT|[10]|results|[{"Id":"a0F46000000FmUwEAK","Name":"Test 4","Category__c":"Road Meals","RecordTypeId":"012460000005G1KAAU","Amount__c":8900,"Tax__c":1157.00,"Submitted__c":true,"Employee__c":"00346000002ojeGAAQ","RecordType":{"Name":"Client Meetings","Id":"012460000005G1KAAU"}},{"Id":"a0F46000000Ftq1EAC","Name":"Another Meeting","Category__c":"Lodging","RecordTypeId":"012460000005G1KAAU","Amount__c":4000,"Tax__c":520.00,"Client_Company__c":"At&t","Submitted__c":true,"Employee__c":"00346000002ojeGAAQ","RecordType":{"Name":"Client Meetings","Id":"012460000005G1KAAU"}}]|0x5d2464e9
17:20:12.0 (31821457)|STATEMENT_EXECUTE|[15]
17:20:12.0 (40265627)|VF_SERIALIZE_VIEWSTATE_BEGIN|06646000001Bfzo
17:20:12.0 (42512601)|VF_SERIALIZE_VIEWSTATE_END
17:20:12.44 (44754779)|CUMULATIVE_LIMIT_USAGE
17:20:12.44 (44754779)|LIMIT_USAGE_FOR_NS|(default)|
  Number of SOQL queries: 1 out of 100
  Number of query rows: 2 out of 50000
  Number of SOSL queries: 0 out of 20
  Number of DML statements: 0 out of 150
  Number of DML rows: 0 out of 10000
  Maximum CPU time: 0 out of 10000
  Maximum heap size: 0 out of 6000000
  Number of callouts: 0 out of 100
  Number of Email Invocations: 0 out of 10
  Number of future calls: 0 out of 50
  Number of queueable jobs added to the queue: 0 out of 50
  Number of Mobile Apex push calls: 0 out of 10

17:20:12.44 (44754779)|CUMULATIVE_LIMIT_USAGE_END

17:20:12.0 (44785526)|CODE_UNIT_FINISHED|VF: /apex/showExpensesListForContact
17:20:12.0 (45515775)|EXECUTION_FINISHED
