39.0 APEX_CODE,FINEST;APEX_PROFILING,INFO;CALLOUT,INFO;DB,INFO;SYSTEM,DEBUG;VALIDATION,INFO;VISUALFORCE,INFO;WAVE,INFO;WORKFLOW,INFO
14:51:23.0 (329562)|USER_INFO|[EXTERNAL]|00546000000Iihs|pacosta@altimetrik.com|Argentine Time|GMT-03:00
14:51:23.0 (355112)|EXECUTION_STARTED
14:51:23.0 (359286)|CODE_UNIT_STARTED|[EXTERNAL]|06646000001Bfzo|VF: /apex/showExpensesListForContact
14:51:23.0 (873780)|VF_DESERIALIZE_VIEWSTATE_BEGIN|06646000001Bfzo
14:51:23.0 (6437357)|HEAP_ALLOCATE|[72]|Bytes:3
14:51:23.0 (6488511)|HEAP_ALLOCATE|[77]|Bytes:152
14:51:23.0 (6507731)|HEAP_ALLOCATE|[342]|Bytes:408
14:51:23.0 (6532008)|HEAP_ALLOCATE|[355]|Bytes:408
14:51:23.0 (6555395)|HEAP_ALLOCATE|[467]|Bytes:48
14:51:23.0 (6592271)|HEAP_ALLOCATE|[139]|Bytes:6
14:51:23.0 (8146090)|VF_DESERIALIZE_VIEWSTATE_END
14:51:23.0 (9061101)|SYSTEM_MODE_ENTER|true
14:51:23.0 (9292781)|HEAP_ALLOCATE|[EXTERNAL]|Bytes:100
14:51:23.0 (9300811)|HEAP_ALLOCATE|[EXTERNAL]|Bytes:31
14:51:23.0 (9309750)|METHOD_ENTRY|[1]|01p46000002x5eL|showExpensesListForContactController.showExpensesListForContactController()
14:51:23.0 (9314052)|STATEMENT_EXECUTE|[1]
14:51:23.0 (9318828)|STATEMENT_EXECUTE|[1]
14:51:23.0 (9324326)|METHOD_EXIT|[1]|showExpensesListForContactController
14:51:23.0 (9335797)|HEAP_ALLOCATE|[EXTERNAL]|Bytes:24
14:51:23.0 (9344257)|VARIABLE_SCOPE_BEGIN|[26]|this|showExpensesListForContactController|true|false
14:51:23.0 (9419419)|VARIABLE_ASSIGNMENT|[26]|this|{"CountTotalRecords":7,"idContact":"00346000002ojVW","OffsetSize":0,"QueryLimit":3,"queryString":""}|0x24125a17
14:51:23.0 (9432251)|STATEMENT_EXECUTE|[26]
14:51:23.0 (9434623)|STATEMENT_EXECUTE|[28]
14:51:23.0 (9440258)|HEAP_ALLOCATE|[28]|Bytes:136
14:51:23.0 (9450160)|HEAP_ALLOCATE|[30]|Bytes:1
14:51:23.0 (9454082)|HEAP_ALLOCATE|[31]|Bytes:7
14:51:23.0 (9536517)|HEAP_ALLOCATE|[31]|Bytes:1
14:51:23.0 (9555532)|HEAP_ALLOCATE|[28]|Bytes:160
14:51:23.0 (9558419)|HEAP_ALLOCATE|[31]|Bytes:8
14:51:23.0 (9566927)|HEAP_ALLOCATE|[31]|Bytes:1
14:51:23.0 (9581873)|HEAP_ALLOCATE|[28]|Bytes:9
14:51:23.0 (9586021)|HEAP_ALLOCATE|[28]|Bytes:169
14:51:23.0 (9623485)|HEAP_ALLOCATE|[50]|Bytes:5
14:51:23.0 (9644493)|HEAP_ALLOCATE|[56]|Bytes:5
14:51:23.0 (9650203)|HEAP_ALLOCATE|[64]|Bytes:7
14:51:23.0 (12113791)|SOQL_EXECUTE_BEGIN|[28]|Aggregations:0|SELECT id, Name, Category__c, RecordType.Name, Amount__c, Tax__c, Client_Company__c, Submitted__c FROM Expense__c WHERE Employee__r.Id='00346000002ojVW' LIMIT 3 OFFSET 0
14:51:23.0 (20582264)|SOQL_EXECUTE_END|[28]|Rows:3
14:51:23.0 (20599397)|HEAP_ALLOCATE|[28]|Bytes:16
14:51:23.0 (20630887)|HEAP_ALLOCATE|[28]|Bytes:840
14:51:23.0 (20662957)|HEAP_ALLOCATE|[28]|Bytes:16
14:51:23.0 (20679665)|VARIABLE_SCOPE_BEGIN|[28]|results|List<Expense__c>|true|false
14:51:23.0 (20723047)|VARIABLE_ASSIGNMENT|[28]|results|[{"Id":"a0F46000000FBblEAG","Name":"Test","Category__c":"Transportation","RecordTypeId":"012460000005G1FAAU","Amount__c":3500,"Tax__c":455.00,"Submitted__c":true,"Employee__c":"00346000002ojVWAAY","RecordType":{"Name":"Business Trips","Id":"012460000005G1FAAU"}},{"Id":"a0F46000000Fp6rEAC","Name":"Test44","RecordTypeId":"012460000005G1FAAU","Amount__c":3000,"Tax__c":390.00,"Submitted__c":true,"Employee__c":"00346000002ojVWAAY","RecordType":{"Name":"Business Trips","Id":"012460000005G1FAAU"}},{"Id":"a0F46000000Fp76EAC","Name":"Travel to Las Vegas","Category__c":"Event Registration","RecordTypeId":"012460000005G1FAAU","Amount__c":3499,"Tax__c":454.87,"Submitted__c":true,"Employee__c":"00346000002ojVWAAY","RecordType":{"Name":"Business Trips","Id":"012460000005G1FAAU"}}]|0x3a93bb5f
14:51:23.0 (20731257)|STATEMENT_EXECUTE|[33]
14:51:23.0 (21239300)|SYSTEM_MODE_ENTER|true
14:51:23.0 (21272721)|HEAP_ALLOCATE|[EXTERNAL]|Bytes:24
14:51:23.0 (21279608)|VARIABLE_SCOPE_BEGIN|[57]|this|showExpensesListForContactController|true|false
14:51:23.0 (21307218)|VARIABLE_ASSIGNMENT|[57]|this|{"CountTotalRecords":7,"idContact":"00346000002ojVW","OffsetSize":0,"QueryLimit":3,"queryString":""}|0x24125a17
14:51:23.0 (21316169)|STATEMENT_EXECUTE|[57]
14:51:23.0 (21324285)|STATEMENT_EXECUTE|[61]
14:51:23.0 (21335960)|HEAP_ALLOCATE|[61]|Bytes:5
14:51:23.0 (21407993)|SYSTEM_MODE_ENTER|true
14:51:23.0 (21429615)|HEAP_ALLOCATE|[EXTERNAL]|Bytes:24
14:51:23.0 (21435043)|VARIABLE_SCOPE_BEGIN|[64]|this|showExpensesListForContactController|true|false
14:51:23.0 (21454583)|VARIABLE_ASSIGNMENT|[64]|this|{"CountTotalRecords":7,"idContact":"00346000002ojVW","OffsetSize":0,"QueryLimit":3,"queryString":""}|0x24125a17
14:51:23.0 (21460774)|STATEMENT_EXECUTE|[64]
14:51:23.0 (21500787)|VARIABLE_ASSIGNMENT|[EXTERNAL]|this|{"CountTotalRecords":7,"idContact":"00346000002ojVW","OffsetSize":0,"QueryLimit":3,"queryString":""}|0x24125a17
14:51:23.0 (21510836)|STATEMENT_EXECUTE|[65]
14:51:23.0 (21512313)|STATEMENT_EXECUTE|[66]
14:51:23.0 (21517559)|HEAP_ALLOCATE|[66]|Bytes:5
14:51:23.0 (21770738)|HEAP_ALLOCATE|[EXTERNAL]|Bytes:24
14:51:23.0 (21777292)|VARIABLE_SCOPE_BEGIN|[71]|this|showExpensesListForContactController|true|false
14:51:23.0 (21799284)|VARIABLE_ASSIGNMENT|[71]|this|{"CountTotalRecords":7,"idContact":"00346000002ojVW","OffsetSize":0,"QueryLimit":3,"queryString":""}|0x24125a17
14:51:23.0 (21819306)|STATEMENT_EXECUTE|[71]
14:51:23.0 (21821790)|STATEMENT_EXECUTE|[72]
14:51:23.0 (21830914)|HEAP_ALLOCATE|[72]|Bytes:4
14:51:23.0 (21843328)|VARIABLE_ASSIGNMENT|[72]|this.OffsetSize|3|0x24125a17
14:51:23.0 (21846467)|STATEMENT_EXECUTE|[73]
14:51:23.0 (25076208)|SYSTEM_MODE_ENTER|true
14:51:23.0 (25102649)|HEAP_ALLOCATE|[EXTERNAL]|Bytes:24
14:51:23.0 (25108278)|VARIABLE_SCOPE_BEGIN|[26]|this|showExpensesListForContactController|true|false
14:51:23.0 (25132934)|VARIABLE_ASSIGNMENT|[26]|this|{"CountTotalRecords":7,"idContact":"00346000002ojVW","OffsetSize":3,"QueryLimit":3,"queryString":""}|0x24125a17
14:51:23.0 (25140023)|STATEMENT_EXECUTE|[26]
14:51:23.0 (25141654)|STATEMENT_EXECUTE|[28]
14:51:23.0 (25178212)|HEAP_ALLOCATE|[31]|Bytes:1
14:51:23.0 (25191922)|HEAP_ALLOCATE|[28]|Bytes:160
14:51:23.0 (25199502)|HEAP_ALLOCATE|[31]|Bytes:1
14:51:23.0 (25206187)|HEAP_ALLOCATE|[28]|Bytes:9
14:51:23.0 (25208966)|HEAP_ALLOCATE|[28]|Bytes:169
14:51:23.0 (25520032)|SOQL_EXECUTE_BEGIN|[28]|Aggregations:0|SELECT id, Name, Category__c, RecordType.Name, Amount__c, Tax__c, Client_Company__c, Submitted__c FROM Expense__c WHERE Employee__r.Id='00346000002ojVW' LIMIT 3 OFFSET 3
14:51:23.0 (29739284)|SOQL_EXECUTE_END|[28]|Rows:1
14:51:23.0 (29754246)|HEAP_ALLOCATE|[28]|Bytes:8
14:51:23.0 (29775840)|HEAP_ALLOCATE|[28]|Bytes:325
14:51:23.0 (29793303)|HEAP_ALLOCATE|[28]|Bytes:8
14:51:23.0 (29809866)|VARIABLE_SCOPE_BEGIN|[28]|results|List<Expense__c>|true|false
14:51:23.0 (29837083)|VARIABLE_ASSIGNMENT|[28]|results|[{"Id":"a0F46000000FtpwEAC","Name":"Expense nueva","Category__c":"Transportation","RecordTypeId":"012460000005G1FAAU","Amount__c":4000,"Tax__c":520.00,"Submitted__c":true,"Employee__c":"00346000002ojVWAAY","RecordType":{"Name":"Business Trips","Id":"012460000005G1FAAU"}}]|0x5b8a681c
14:51:23.0 (29841559)|STATEMENT_EXECUTE|[33]
14:51:23.0 (31163953)|SYSTEM_MODE_ENTER|true
14:51:23.0 (31194422)|HEAP_ALLOCATE|[EXTERNAL]|Bytes:24
14:51:23.0 (31200016)|VARIABLE_SCOPE_BEGIN|[57]|this|showExpensesListForContactController|true|false
14:51:23.0 (31225992)|VARIABLE_ASSIGNMENT|[57]|this|{"CountTotalRecords":7,"idContact":"00346000002ojVW","OffsetSize":3,"QueryLimit":3,"queryString":""}|0x24125a17
14:51:23.0 (31233783)|STATEMENT_EXECUTE|[57]
14:51:23.0 (31238644)|STATEMENT_EXECUTE|[58]
14:51:23.0 (31240113)|STATEMENT_EXECUTE|[59]
14:51:23.0 (31246694)|HEAP_ALLOCATE|[59]|Bytes:5
14:51:23.0 (31599557)|SYSTEM_MODE_ENTER|true
14:51:23.0 (31623439)|HEAP_ALLOCATE|[EXTERNAL]|Bytes:24
14:51:23.0 (31628546)|VARIABLE_SCOPE_BEGIN|[64]|this|showExpensesListForContactController|true|false
14:51:23.0 (31650949)|VARIABLE_ASSIGNMENT|[64]|this|{"CountTotalRecords":7,"idContact":"00346000002ojVW","OffsetSize":3,"QueryLimit":3,"queryString":""}|0x24125a17
14:51:23.0 (31657578)|STATEMENT_EXECUTE|[64]
14:51:23.0 (31682040)|VARIABLE_ASSIGNMENT|[EXTERNAL]|this|{"CountTotalRecords":7,"idContact":"00346000002ojVW","OffsetSize":3,"QueryLimit":3,"queryString":""}|0x24125a17
14:51:23.0 (31690389)|STATEMENT_EXECUTE|[65]
14:51:23.0 (31691648)|STATEMENT_EXECUTE|[66]
14:51:23.0 (31696564)|HEAP_ALLOCATE|[66]|Bytes:5
14:51:23.0 (35956725)|VF_SERIALIZE_VIEWSTATE_BEGIN|06646000001Bfzo
14:51:23.0 (37560509)|VF_SERIALIZE_VIEWSTATE_END
14:51:23.39 (39249458)|CUMULATIVE_LIMIT_USAGE
14:51:23.39 (39249458)|LIMIT_USAGE_FOR_NS|(default)|
  Number of SOQL queries: 2 out of 100
  Number of query rows: 4 out of 50000
  Number of SOSL queries: 0 out of 20
  Number of DML statements: 0 out of 150
  Number of DML rows: 0 out of 10000
  Maximum CPU time: 0 out of 10000
  Maximum heap size: 0 out of 6000000
  Number of callouts: 0 out of 100
  Number of Email Invocations: 0 out of 10
  Number of future calls: 0 out of 50
  Number of queueable jobs added to the queue: 0 out of 50
  Number of Mobile Apex push calls: 0 out of 10

14:51:23.39 (39249458)|CUMULATIVE_LIMIT_USAGE_END

14:51:23.0 (39281519)|CODE_UNIT_FINISHED|VF: /apex/showExpensesListForContact
14:51:23.0 (40005335)|EXECUTION_FINISHED
