39.0 APEX_CODE,FINEST;APEX_PROFILING,INFO;CALLOUT,INFO;DB,INFO;SYSTEM,DEBUG;VALIDATION,INFO;VISUALFORCE,INFO;WAVE,INFO;WORKFLOW,INFO
12:41:12.0 (61052)|USER_INFO|[EXTERNAL]|00546000000Iihs|pacosta@altimetrik.com|Argentine Time|GMT-03:00
12:41:12.0 (82218)|EXECUTION_STARTED
12:41:12.0 (86130)|CODE_UNIT_STARTED|[EXTERNAL]|06646000001BW08|VF: /apex/ListOfEmployees
12:41:12.0 (190180)|VF_DESERIALIZE_VIEWSTATE_BEGIN|06646000001BW08
12:41:12.0 (4518308)|HEAP_ALLOCATE|[72]|Bytes:3
12:41:12.0 (4557373)|HEAP_ALLOCATE|[77]|Bytes:152
12:41:12.0 (4574947)|HEAP_ALLOCATE|[342]|Bytes:408
12:41:12.0 (4589306)|HEAP_ALLOCATE|[355]|Bytes:408
12:41:12.0 (4602921)|HEAP_ALLOCATE|[467]|Bytes:48
12:41:12.0 (4630381)|HEAP_ALLOCATE|[139]|Bytes:6
12:41:12.0 (5934286)|HEAP_ALLOCATE|[50]|Bytes:5
12:41:12.0 (5962084)|HEAP_ALLOCATE|[56]|Bytes:5
12:41:12.0 (5970416)|HEAP_ALLOCATE|[64]|Bytes:7
12:41:12.0 (7209722)|VF_DESERIALIZE_VIEWSTATE_END
12:41:12.0 (7969726)|SYSTEM_MODE_ENTER|true
12:41:12.0 (8148982)|HEAP_ALLOCATE|[EXTERNAL]|Bytes:140
12:41:12.0 (8156330)|HEAP_ALLOCATE|[EXTERNAL]|Bytes:46
12:41:12.0 (8166032)|METHOD_ENTRY|[1]|01p46000002wayn|ExpenseController.ExpenseController()
12:41:12.0 (8169744)|STATEMENT_EXECUTE|[1]
12:41:12.0 (8174192)|STATEMENT_EXECUTE|[1]
12:41:12.0 (8179063)|METHOD_EXIT|[1]|ExpenseController
12:41:12.0 (8183037)|HEAP_ALLOCATE|[EXTERNAL]|Bytes:24
12:41:12.0 (8188537)|VARIABLE_SCOPE_BEGIN|[17]|this|ExpenseController|true|false
12:41:12.0 (8238660)|VARIABLE_ASSIGNMENT|[17]|this|{"CountTotalRecords":7,"OffsetSize":3,"QueryLimit":3,"queryString":"","wrappedExpenses":"0x5cecdf6c"}|0x652976ad
12:41:12.0 (8248366)|STATEMENT_EXECUTE|[17]
12:41:12.0 (8249777)|STATEMENT_EXECUTE|[19]
12:41:12.0 (8252460)|HEAP_ALLOCATE|[19]|Bytes:161
12:41:12.0 (8257340)|HEAP_ALLOCATE|[22]|Bytes:33
12:41:12.0 (8315032)|HEAP_ALLOCATE|[22]|Bytes:1
12:41:12.0 (8325651)|HEAP_ALLOCATE|[22]|Bytes:8
12:41:12.0 (8333260)|HEAP_ALLOCATE|[22]|Bytes:1
12:41:12.0 (8346282)|HEAP_ALLOCATE|[19]|Bytes:204
12:41:12.0 (9170951)|SOQL_EXECUTE_BEGIN|[19]|Aggregations:0|SELECT Category__c, RecordType.Name, Amount__c, Tax__c, Client_Company__c, Submitted__c, Employee__r.Id, Employee__r.Name, Employee__r.Birthdate FROM Expense__c  ORDER BY Employee__r.Name LIMIT 3 OFFSET 3
12:41:12.0 (19036520)|SOQL_EXECUTE_END|[19]|Rows:3
12:41:12.0 (19053519)|HEAP_ALLOCATE|[19]|Bytes:16
12:41:12.0 (19089761)|HEAP_ALLOCATE|[19]|Bytes:1032
12:41:12.0 (19156510)|HEAP_ALLOCATE|[19]|Bytes:16
12:41:12.0 (19173804)|VARIABLE_SCOPE_BEGIN|[19]|results|List<Expense__c>|true|false
12:41:12.0 (19237809)|VARIABLE_ASSIGNMENT|[19]|results|[{"Category__c":"Transportation","RecordTypeId":"012460000005G1FAAU","Amount__c":4000,"Tax__c":520.00,"Submitted__c":true,"Employee__c":"00346000002ojVWAAY","Id":"a0F46000000FtpwEAC","RecordType":{"Name":"Business Trips","Id":"012460000005G1FAAU"},"Employee__r":{"Id":"00346000002ojVWAAY","Name":"Carol Ruiz","Birthdate":"2017-10-09T00:00:00.000Z"}},{"Category__c":"Road Meals","RecordTypeId":"012460000005G1KAAU","Amount__c":8900,"Tax__c":1157.00,"Submitted__c":true,"Employee__c":"00346000002ojeGAAQ","Id":"a0F46000000FmUwEAK","RecordType":{"Name":"Client Meetings","Id":"012460000005G1KAAU"},"Employee__r":{"Id":"00346000002ojeGAAQ","Name":"Paolo Smith"}},{"Category__c":"Lodging","RecordTypeId":"012460000005G1KAAU","Amount__c":4000,"Tax__c":520.00,"Client_Company__c":"At&t","Submitted__c":true,"Employee__c":"00346000002ojeGAAQ","Id":"a0F46000000Ftq1EAC","RecordType":{"Name":"Client Meetings","Id":"012460000005G1KAAU"},"Employee__r":{"Id":"00346000002ojeGAAQ","Name":"Paolo Smith"}}]|0x4d085077
12:41:12.0 (19247249)|STATEMENT_EXECUTE|[25]
12:41:12.0 (19253882)|HEAP_ALLOCATE|[25]|Bytes:4
12:41:12.0 (19355092)|VARIABLE_ASSIGNMENT|[EXTERNAL]|this|{"CountTotalRecords":7,"OffsetSize":3,"QueryLimit":3,"queryString":"","wrappedExpenses":"0x5cecdf6c"}|0x652976ad
12:41:12.0 (19374899)|HEAP_ALLOCATE|[EXTERNAL]|Bytes:4
12:41:12.0 (19381377)|VARIABLE_ASSIGNMENT|[EXTERNAL]|value|[]|0x4782e771
12:41:12.0 (19391731)|VARIABLE_ASSIGNMENT|[14]|this.wrappedExpenses|[]|0x652976ad
12:41:12.0 (19553285)|HEAP_ALLOCATE|[26]|Bytes:5
12:41:12.0 (19598308)|HEAP_ALLOCATE|[26]|Bytes:40
12:41:12.0 (19608143)|VARIABLE_SCOPE_BEGIN|[26]|ex|Expense__c|true|false
12:41:12.0 (19631828)|VARIABLE_ASSIGNMENT|[26]|ex|{"Category__c":"Transportation","RecordTypeId":"012460000005G1FAAU","Amount__c":4000,"Tax__c":520.00,"Submitted__c":true,"Employee__c":"00346000002ojVWAAY","Id":"a0F46000000FtpwEAC","RecordType":{"Name":"Business Trips","Id":"012460000005G1FAAU"},"Employee__r":{"Id":"00346000002ojVWAAY","Name":"Carol Ruiz","Birthdate":"2017-10-09T00:00:00.000Z"}}|0x1cc1415e
12:41:12.0 (19636503)|STATEMENT_EXECUTE|[26]
12:41:12.0 (19637810)|STATEMENT_EXECUTE|[28]
12:41:12.0 (19674858)|VARIABLE_ASSIGNMENT|[EXTERNAL]|this|{"CountTotalRecords":7,"OffsetSize":3,"QueryLimit":3,"queryString":"","wrappedExpenses":"0x4782e771"}|0x652976ad
12:41:12.0 (19686495)|HEAP_ALLOCATE|[28]|Bytes:112
12:41:12.0 (19691338)|HEAP_ALLOCATE|[28]|Bytes:5
12:41:12.0 (19711931)|METHOD_ENTRY|[1]|01p46000003buu6|ExpenseWrapper.ExpenseWrapper()
12:41:12.0 (19714186)|STATEMENT_EXECUTE|[1]
12:41:12.0 (19717117)|STATEMENT_EXECUTE|[1]
12:41:12.0 (19721046)|METHOD_EXIT|[1]|ExpenseWrapper
12:41:12.0 (19726074)|HEAP_ALLOCATE|[28]|Bytes:12
12:41:12.0 (19739447)|CONSTRUCTOR_ENTRY|[28]|01p46000003buu6|<init>(Expense__c,Boolean)
12:41:12.0 (19743346)|VARIABLE_SCOPE_BEGIN|[6]|this|ExpenseWrapper|true|false
12:41:12.0 (19754004)|VARIABLE_ASSIGNMENT|[6]|this|{}|0x50978070
12:41:12.0 (19755834)|VARIABLE_SCOPE_BEGIN|[6]|ex|Expense__c|true|false
12:41:12.0 (19772633)|VARIABLE_ASSIGNMENT|[6]|ex|{"Category__c":"Transportation","RecordTypeId":"012460000005G1FAAU","Amount__c":4000,"Tax__c":520.00,"Submitted__c":true,"Employee__c":"00346000002ojVWAAY","Id":"a0F46000000FtpwEAC","RecordType":{"Name":"Business Trips","Id":"012460000005G1FAAU"},"Employee__r":{"Id":"00346000002ojVWAAY","Name":"Carol Ruiz","Birthdate":"2017-10-09T00:00:00.000Z"}}|0x1cc1415e
12:41:12.0 (19778013)|VARIABLE_SCOPE_BEGIN|[6]|check|Boolean|false|false
12:41:12.0 (19781223)|VARIABLE_ASSIGNMENT|[6]|check|false
12:41:12.0 (19783570)|STATEMENT_EXECUTE|[1]
12:41:12.0 (19785190)|STATEMENT_EXECUTE|[3]
12:41:12.0 (19786637)|STATEMENT_EXECUTE|[4]
12:41:12.0 (19792681)|HEAP_ALLOCATE|[8]|Bytes:6
12:41:12.0 (19810015)|STATEMENT_EXECUTE|[6]
12:41:12.0 (19811446)|STATEMENT_EXECUTE|[8]
12:41:12.0 (19833670)|VARIABLE_ASSIGNMENT|[EXTERNAL]|this|{}|0x50978070
12:41:12.0 (19849619)|VARIABLE_ASSIGNMENT|[EXTERNAL]|value|{"Category__c":"Transportation","RecordTypeId":"012460000005G1FAAU","Amount__c":4000,"Tax__c":520.00,"Submitted__c":true,"Employee__c":"00346000002ojVWAAY","Id":"a0F46000000FtpwEAC","RecordType":{"Name":"Business Trips","Id":"012460000005G1FAAU"},"Employee__r":{"Id":"00346000002ojVWAAY","Name":"Carol Ruiz","Birthdate":"2017-10-09T00:00:00.000Z"}}|0x1cc1415e
12:41:12.0 (19865933)|VARIABLE_ASSIGNMENT|[3]|this.expense|{"Category__c":"Transportation","RecordTypeId":"012460000005G1FAAU","Amount__c":4000,"Tax__c":520.00,"Submitted__c":true,"Employee__c":"00346000002ojVWAAY","Id":"a0F46000000FtpwEAC","RecordType":{"Name":"Business Trips","Id":"012460000005G1FAAU"},"Employee__r":{"Id":"00346000002ojVWAAY","Name":"Carol Ruiz","Birthdate":"2017-10-09T00:00:00.000Z"}}|0x50978070
12:41:12.0 (19872112)|STATEMENT_EXECUTE|[9]
12:41:12.0 (19890437)|VARIABLE_ASSIGNMENT|[EXTERNAL]|this|{"expense":"0x1cc1415e"}|0x50978070
12:41:12.0 (19895329)|VARIABLE_ASSIGNMENT|[EXTERNAL]|value|false
12:41:12.0 (19898756)|HEAP_ALLOCATE|[4]|Bytes:5
12:41:12.0 (19902615)|VARIABLE_ASSIGNMENT|[4]|this.checked|false|0x50978070
12:41:12.0 (19910560)|CONSTRUCTOR_EXIT|[28]|01p46000003buu6|<init>(Expense__c,Boolean)
12:41:12.0 (19922018)|HEAP_ALLOCATE|[EXTERNAL]|Bytes:4
12:41:12.0 (19931933)|HEAP_ALLOCATE|[26]|Bytes:5
12:41:12.0 (19954347)|HEAP_ALLOCATE|[26]|Bytes:40
12:41:12.0 (19960003)|VARIABLE_SCOPE_BEGIN|[26]|ex|Expense__c|true|false
12:41:12.0 (19974283)|VARIABLE_ASSIGNMENT|[26]|ex|{"Category__c":"Road Meals","RecordTypeId":"012460000005G1KAAU","Amount__c":8900,"Tax__c":1157.00,"Submitted__c":true,"Employee__c":"00346000002ojeGAAQ","Id":"a0F46000000FmUwEAK","RecordType":{"Name":"Client Meetings","Id":"012460000005G1KAAU"},"Employee__r":{"Id":"00346000002ojeGAAQ","Name":"Paolo Smith"}}|0x714b8d89
12:41:12.0 (19977798)|STATEMENT_EXECUTE|[26]
12:41:12.0 (19978936)|STATEMENT_EXECUTE|[28]
12:41:12.0 (19999072)|VARIABLE_ASSIGNMENT|[EXTERNAL]|this|{"CountTotalRecords":7,"OffsetSize":3,"QueryLimit":3,"queryString":"","wrappedExpenses":"0x4782e771"}|0x652976ad
12:41:12.0 (20007071)|HEAP_ALLOCATE|[28]|Bytes:12
12:41:12.0 (20014617)|CONSTRUCTOR_ENTRY|[28]|01p46000003buu6|<init>(Expense__c,Boolean)
12:41:12.0 (20017351)|VARIABLE_SCOPE_BEGIN|[6]|this|ExpenseWrapper|true|false
12:41:12.0 (20025163)|VARIABLE_ASSIGNMENT|[6]|this|{}|0x4a03122c
12:41:12.0 (20026785)|VARIABLE_SCOPE_BEGIN|[6]|ex|Expense__c|true|false
12:41:12.0 (20036922)|VARIABLE_ASSIGNMENT|[6]|ex|{"Category__c":"Road Meals","RecordTypeId":"012460000005G1KAAU","Amount__c":8900,"Tax__c":1157.00,"Submitted__c":true,"Employee__c":"00346000002ojeGAAQ","Id":"a0F46000000FmUwEAK","RecordType":{"Name":"Client Meetings","Id":"012460000005G1KAAU"},"Employee__r":{"Id":"00346000002ojeGAAQ","Name":"Paolo Smith"}}|0x714b8d89
12:41:12.0 (20040690)|VARIABLE_SCOPE_BEGIN|[6]|check|Boolean|false|false
12:41:12.0 (20043245)|VARIABLE_ASSIGNMENT|[6]|check|false
12:41:12.0 (20045344)|STATEMENT_EXECUTE|[1]
12:41:12.0 (20046428)|STATEMENT_EXECUTE|[3]
12:41:12.0 (20047429)|STATEMENT_EXECUTE|[4]
12:41:12.0 (20055040)|STATEMENT_EXECUTE|[6]
12:41:12.0 (20056140)|STATEMENT_EXECUTE|[8]
12:41:12.0 (20064697)|VARIABLE_ASSIGNMENT|[EXTERNAL]|this|{}|0x4a03122c
12:41:12.0 (20074618)|VARIABLE_ASSIGNMENT|[EXTERNAL]|value|{"Category__c":"Road Meals","RecordTypeId":"012460000005G1KAAU","Amount__c":8900,"Tax__c":1157.00,"Submitted__c":true,"Employee__c":"00346000002ojeGAAQ","Id":"a0F46000000FmUwEAK","RecordType":{"Name":"Client Meetings","Id":"012460000005G1KAAU"},"Employee__r":{"Id":"00346000002ojeGAAQ","Name":"Paolo Smith"}}|0x714b8d89
12:41:12.0 (20086483)|VARIABLE_ASSIGNMENT|[3]|this.expense|{"Category__c":"Road Meals","RecordTypeId":"012460000005G1KAAU","Amount__c":8900,"Tax__c":1157.00,"Submitted__c":true,"Employee__c":"00346000002ojeGAAQ","Id":"a0F46000000FmUwEAK","RecordType":{"Name":"Client Meetings","Id":"012460000005G1KAAU"},"Employee__r":{"Id":"00346000002ojeGAAQ","Name":"Paolo Smith"}}|0x4a03122c
12:41:12.0 (20091222)|STATEMENT_EXECUTE|[9]
12:41:12.0 (20100194)|VARIABLE_ASSIGNMENT|[EXTERNAL]|this|{"expense":"0x714b8d89"}|0x4a03122c
12:41:12.0 (20103732)|VARIABLE_ASSIGNMENT|[EXTERNAL]|value|false
12:41:12.0 (20106076)|HEAP_ALLOCATE|[4]|Bytes:5
12:41:12.0 (20109335)|VARIABLE_ASSIGNMENT|[4]|this.checked|false|0x4a03122c
12:41:12.0 (20115661)|CONSTRUCTOR_EXIT|[28]|01p46000003buu6|<init>(Expense__c,Boolean)
12:41:12.0 (20121100)|HEAP_ALLOCATE|[EXTERNAL]|Bytes:4
12:41:12.0 (20128932)|HEAP_ALLOCATE|[26]|Bytes:5
12:41:12.0 (20146897)|HEAP_ALLOCATE|[26]|Bytes:44
12:41:12.0 (20151448)|VARIABLE_SCOPE_BEGIN|[26]|ex|Expense__c|true|false
12:41:12.0 (20164792)|VARIABLE_ASSIGNMENT|[26]|ex|{"Category__c":"Lodging","RecordTypeId":"012460000005G1KAAU","Amount__c":4000,"Tax__c":520.00,"Client_Company__c":"At&t","Submitted__c":true,"Employee__c":"00346000002ojeGAAQ","Id":"a0F46000000Ftq1EAC","RecordType":{"Name":"Client Meetings","Id":"012460000005G1KAAU"},"Employee__r":{"Id":"00346000002ojeGAAQ","Name":"Paolo Smith"}}|0x2b6a07b5
12:41:12.0 (20168095)|STATEMENT_EXECUTE|[26]
12:41:12.0 (20169543)|STATEMENT_EXECUTE|[28]
12:41:12.0 (20187932)|VARIABLE_ASSIGNMENT|[EXTERNAL]|this|{"CountTotalRecords":7,"OffsetSize":3,"QueryLimit":3,"queryString":"","wrappedExpenses":"0x4782e771"}|0x652976ad
12:41:12.0 (20194584)|HEAP_ALLOCATE|[28]|Bytes:12
12:41:12.0 (20200449)|CONSTRUCTOR_ENTRY|[28]|01p46000003buu6|<init>(Expense__c,Boolean)
12:41:12.0 (20202884)|VARIABLE_SCOPE_BEGIN|[6]|this|ExpenseWrapper|true|false
12:41:12.0 (20209924)|VARIABLE_ASSIGNMENT|[6]|this|{}|0xa105861
12:41:12.0 (20211519)|VARIABLE_SCOPE_BEGIN|[6]|ex|Expense__c|true|false
12:41:12.0 (20221813)|VARIABLE_ASSIGNMENT|[6]|ex|{"Category__c":"Lodging","RecordTypeId":"012460000005G1KAAU","Amount__c":4000,"Tax__c":520.00,"Client_Company__c":"At&t","Submitted__c":true,"Employee__c":"00346000002ojeGAAQ","Id":"a0F46000000Ftq1EAC","RecordType":{"Name":"Client Meetings","Id":"012460000005G1KAAU"},"Employee__r":{"Id":"00346000002ojeGAAQ","Name":"Paolo Smith"}}|0x2b6a07b5
12:41:12.0 (20225458)|VARIABLE_SCOPE_BEGIN|[6]|check|Boolean|false|false
12:41:12.0 (20227806)|VARIABLE_ASSIGNMENT|[6]|check|false
12:41:12.0 (20229523)|STATEMENT_EXECUTE|[1]
12:41:12.0 (20230744)|STATEMENT_EXECUTE|[3]
12:41:12.0 (20231829)|STATEMENT_EXECUTE|[4]
12:41:12.0 (20238777)|STATEMENT_EXECUTE|[6]
12:41:12.0 (20239833)|STATEMENT_EXECUTE|[8]
12:41:12.0 (20247988)|VARIABLE_ASSIGNMENT|[EXTERNAL]|this|{}|0xa105861
12:41:12.0 (20257974)|VARIABLE_ASSIGNMENT|[EXTERNAL]|value|{"Category__c":"Lodging","RecordTypeId":"012460000005G1KAAU","Amount__c":4000,"Tax__c":520.00,"Client_Company__c":"At&t","Submitted__c":true,"Employee__c":"00346000002ojeGAAQ","Id":"a0F46000000Ftq1EAC","RecordType":{"Name":"Client Meetings","Id":"012460000005G1KAAU"},"Employee__r":{"Id":"00346000002ojeGAAQ","Name":"Paolo Smith"}}|0x2b6a07b5
12:41:12.0 (20269489)|VARIABLE_ASSIGNMENT|[3]|this.expense|{"Category__c":"Lodging","RecordTypeId":"012460000005G1KAAU","Amount__c":4000,"Tax__c":520.00,"Client_Company__c":"At&t","Submitted__c":true,"Employee__c":"00346000002ojeGAAQ","Id":"a0F46000000Ftq1EAC","RecordType":{"Name":"Client Meetings","Id":"012460000005G1KAAU"},"Employee__r":{"Id":"00346000002ojeGAAQ","Name":"Paolo Smith"}}|0xa105861
12:41:12.0 (20274048)|STATEMENT_EXECUTE|[9]
12:41:12.0 (20282739)|VARIABLE_ASSIGNMENT|[EXTERNAL]|this|{"expense":"0x2b6a07b5"}|0xa105861
12:41:12.0 (20286258)|VARIABLE_ASSIGNMENT|[EXTERNAL]|value|false
12:41:12.0 (20288616)|HEAP_ALLOCATE|[4]|Bytes:5
12:41:12.0 (20291880)|VARIABLE_ASSIGNMENT|[4]|this.checked|false|0xa105861
12:41:12.0 (20297700)|CONSTRUCTOR_EXIT|[28]|01p46000003buu6|<init>(Expense__c,Boolean)
12:41:12.0 (20302821)|HEAP_ALLOCATE|[EXTERNAL]|Bytes:4
12:41:12.0 (20310065)|HEAP_ALLOCATE|[26]|Bytes:5
12:41:12.0 (20316916)|VARIABLE_ASSIGNMENT|[26]|ex|null|
12:41:12.0 (20319410)|STATEMENT_EXECUTE|[32]
12:41:12.0 (20344861)|VARIABLE_ASSIGNMENT|[EXTERNAL]|this|{"CountTotalRecords":7,"OffsetSize":3,"QueryLimit":3,"queryString":"","wrappedExpenses":"0x4782e771"}|0x652976ad
12:41:12.0 (20890561)|SYSTEM_MODE_ENTER|true
12:41:12.0 (20919201)|HEAP_ALLOCATE|[EXTERNAL]|Bytes:24
12:41:12.0 (20924530)|VARIABLE_SCOPE_BEGIN|[107]|this|ExpenseController|true|false
12:41:12.0 (20946242)|VARIABLE_ASSIGNMENT|[107]|this|{"CountTotalRecords":7,"OffsetSize":3,"QueryLimit":3,"queryString":"","wrappedExpenses":"0x4782e771"}|0x652976ad
12:41:12.0 (20953555)|STATEMENT_EXECUTE|[107]
12:41:12.0 (20959783)|STATEMENT_EXECUTE|[108]
12:41:12.0 (20960900)|STATEMENT_EXECUTE|[109]
12:41:12.0 (20965715)|HEAP_ALLOCATE|[109]|Bytes:5
12:41:12.0 (21056633)|SYSTEM_MODE_ENTER|true
12:41:12.0 (21076602)|HEAP_ALLOCATE|[EXTERNAL]|Bytes:24
12:41:12.0 (21080929)|VARIABLE_SCOPE_BEGIN|[114]|this|ExpenseController|true|false
12:41:12.0 (21099907)|VARIABLE_ASSIGNMENT|[114]|this|{"CountTotalRecords":7,"OffsetSize":3,"QueryLimit":3,"queryString":"","wrappedExpenses":"0x4782e771"}|0x652976ad
12:41:12.0 (21104998)|STATEMENT_EXECUTE|[114]
12:41:12.0 (21135979)|VARIABLE_ASSIGNMENT|[EXTERNAL]|this|{"CountTotalRecords":7,"OffsetSize":3,"QueryLimit":3,"queryString":"","wrappedExpenses":"0x4782e771"}|0x652976ad
12:41:12.0 (21144764)|STATEMENT_EXECUTE|[115]
12:41:12.0 (21145959)|STATEMENT_EXECUTE|[116]
12:41:12.0 (21149939)|HEAP_ALLOCATE|[116]|Bytes:5
12:41:12.0 (21458615)|HEAP_ALLOCATE|[EXTERNAL]|Bytes:5
12:41:12.0 (21462466)|HEAP_ALLOCATE|[EXTERNAL]|Bytes:12
12:41:12.0 (21468896)|VARIABLE_ASSIGNMENT|[EXTERNAL]|this.checked|false|0x50978070
12:41:12.0 (21511281)|HEAP_ALLOCATE|[EXTERNAL]|Bytes:5
12:41:12.0 (21513718)|HEAP_ALLOCATE|[EXTERNAL]|Bytes:12
12:41:12.0 (21518335)|VARIABLE_ASSIGNMENT|[EXTERNAL]|this.checked|false|0x4a03122c
12:41:12.0 (21551769)|HEAP_ALLOCATE|[EXTERNAL]|Bytes:5
12:41:12.0 (21554069)|HEAP_ALLOCATE|[EXTERNAL]|Bytes:12
12:41:12.0 (21558473)|VARIABLE_ASSIGNMENT|[EXTERNAL]|this.checked|false|0xa105861
12:41:12.0 (21701076)|HEAP_ALLOCATE|[EXTERNAL]|Bytes:24
12:41:12.0 (21707302)|VARIABLE_SCOPE_BEGIN|[126]|this|ExpenseController|true|false
12:41:12.0 (21728956)|VARIABLE_ASSIGNMENT|[126]|this|{"CountTotalRecords":7,"OffsetSize":3,"QueryLimit":3,"queryString":"","wrappedExpenses":"0x4782e771"}|0x652976ad
12:41:12.0 (21734863)|STATEMENT_EXECUTE|[126]
12:41:12.0 (21736286)|STATEMENT_EXECUTE|[127]
12:41:12.0 (21744164)|HEAP_ALLOCATE|[127]|Bytes:4
12:41:12.0 (21749270)|VARIABLE_ASSIGNMENT|[127]|this.OffsetSize|0|0x652976ad
12:41:12.0 (21751296)|STATEMENT_EXECUTE|[128]
12:41:12.0 (24993827)|SYSTEM_MODE_ENTER|true
12:41:12.0 (25013356)|HEAP_ALLOCATE|[EXTERNAL]|Bytes:96
12:41:12.0 (25019446)|HEAP_ALLOCATE|[EXTERNAL]|Bytes:6
12:41:12.0 (25025421)|METHOD_ENTRY|[1]|01p46000002ySm2|SaveAsPdfExtension.SaveAsPdfExtension()
12:41:12.0 (25027702)|STATEMENT_EXECUTE|[1]
12:41:12.0 (25030968)|STATEMENT_EXECUTE|[1]
12:41:12.0 (25034360)|METHOD_EXIT|[1]|SaveAsPdfExtension
12:41:12.0 (25226934)|SYSTEM_MODE_ENTER|true
12:41:12.0 (25249773)|HEAP_ALLOCATE|[EXTERNAL]|Bytes:24
12:41:12.0 (25254453)|VARIABLE_SCOPE_BEGIN|[17]|this|ExpenseController|true|false
12:41:12.0 (25278723)|VARIABLE_ASSIGNMENT|[17]|this|{"CountTotalRecords":7,"OffsetSize":0,"QueryLimit":3,"queryString":"","wrappedExpenses":"0x4782e771"}|0x652976ad
12:41:12.0 (25284783)|STATEMENT_EXECUTE|[17]
12:41:12.0 (25286572)|STATEMENT_EXECUTE|[19]
12:41:12.0 (25305027)|HEAP_ALLOCATE|[22]|Bytes:1
12:41:12.0 (25322602)|HEAP_ALLOCATE|[22]|Bytes:1
12:41:12.0 (25337010)|HEAP_ALLOCATE|[19]|Bytes:204
12:41:12.0 (25702415)|SOQL_EXECUTE_BEGIN|[19]|Aggregations:0|SELECT Category__c, RecordType.Name, Amount__c, Tax__c, Client_Company__c, Submitted__c, Employee__r.Id, Employee__r.Name, Employee__r.Birthdate FROM Expense__c  ORDER BY Employee__r.Name LIMIT 3 OFFSET 0
12:41:12.0 (30482192)|SOQL_EXECUTE_END|[19]|Rows:3
12:41:12.0 (30496690)|HEAP_ALLOCATE|[19]|Bytes:16
12:41:12.0 (30527683)|HEAP_ALLOCATE|[19]|Bytes:895
12:41:12.0 (30544374)|HEAP_ALLOCATE|[19]|Bytes:16
12:41:12.0 (30557862)|VARIABLE_SCOPE_BEGIN|[19]|results|List<Expense__c>|true|false
12:41:12.0 (30609998)|VARIABLE_ASSIGNMENT|[19]|results|[{"Category__c":"Transportation","RecordTypeId":"012460000005G1FAAU","Amount__c":3500,"Tax__c":455.00,"Submitted__c":true,"Employee__c":"00346000002ojVWAAY","Id":"a0F46000000FBblEAG","RecordType":{"Name":"Business Trips","Id":"012460000005G1FAAU"},"Employee__r":{"Id":"00346000002ojVWAAY","Name":"Carol Ruiz","Birthdate":"2017-10-09T00:00:00.000Z"}},{"RecordTypeId":"012460000005G1FAAU","Amount__c":3000,"Tax__c":390.00,"Submitted__c":true,"Employee__c":"00346000002ojVWAAY","Id":"a0F46000000Fp6rEAC","RecordType":{"Name":"Business Trips","Id":"012460000005G1FAAU"},"Employee__r":{"Id":"00346000002ojVWAAY","Name":"Carol Ruiz","Birthdate":"2017-10-09T00:00:00.000Z"}},{"Category__c":"Event Registration","RecordTypeId":"012460000005G1FAAU","Amount__c":3499,"Tax__c":454.87,"Submitted__c":true,"Employee__c":"00346000002ojVWAAY","Id":"a0F46000000Fp76EAC","RecordType":{"Name":"Business Trips","Id":"012460000005G1FAAU"},"Employee__r":{"Id":"00346000002ojVWAAY","Name":"Carol Ruiz","Birthdate":"2017-10-09T00:00:00.000Z"}}]|0x14b67719
12:41:12.0 (30616978)|STATEMENT_EXECUTE|[25]
12:41:12.0 (30621455)|HEAP_ALLOCATE|[25]|Bytes:4
12:41:12.0 (30657032)|VARIABLE_ASSIGNMENT|[EXTERNAL]|this|{"CountTotalRecords":7,"OffsetSize":0,"QueryLimit":3,"queryString":"","wrappedExpenses":"0x4782e771"}|0x652976ad
12:41:12.0 (30667414)|HEAP_ALLOCATE|[EXTERNAL]|Bytes:4
12:41:12.0 (30672113)|VARIABLE_ASSIGNMENT|[EXTERNAL]|value|[]|0x4afdce63
12:41:12.0 (30678730)|VARIABLE_ASSIGNMENT|[14]|this.wrappedExpenses|[]|0x652976ad
12:41:12.0 (30699290)|HEAP_ALLOCATE|[26]|Bytes:5
12:41:12.0 (30723429)|HEAP_ALLOCATE|[26]|Bytes:40
12:41:12.0 (30730169)|VARIABLE_SCOPE_BEGIN|[26]|ex|Expense__c|true|false
12:41:12.0 (30749443)|VARIABLE_ASSIGNMENT|[26]|ex|{"Category__c":"Transportation","RecordTypeId":"012460000005G1FAAU","Amount__c":3500,"Tax__c":455.00,"Submitted__c":true,"Employee__c":"00346000002ojVWAAY","Id":"a0F46000000FBblEAG","RecordType":{"Name":"Business Trips","Id":"012460000005G1FAAU"},"Employee__r":{"Id":"00346000002ojVWAAY","Name":"Carol Ruiz","Birthdate":"2017-10-09T00:00:00.000Z"}}|0xdb8b0e5
12:41:12.0 (30753850)|STATEMENT_EXECUTE|[26]
12:41:12.0 (30755144)|STATEMENT_EXECUTE|[28]
12:41:12.0 (30777217)|VARIABLE_ASSIGNMENT|[EXTERNAL]|this|{"CountTotalRecords":7,"OffsetSize":0,"QueryLimit":3,"queryString":"","wrappedExpenses":"0x4afdce63"}|0x652976ad
12:41:12.0 (30786330)|HEAP_ALLOCATE|[28]|Bytes:12
12:41:12.0 (30794844)|CONSTRUCTOR_ENTRY|[28]|01p46000003buu6|<init>(Expense__c,Boolean)
12:41:12.0 (30798067)|VARIABLE_SCOPE_BEGIN|[6]|this|ExpenseWrapper|true|false
12:41:12.0 (30806651)|VARIABLE_ASSIGNMENT|[6]|this|{}|0x505e3849
12:41:12.0 (30808193)|VARIABLE_SCOPE_BEGIN|[6]|ex|Expense__c|true|false
12:41:12.0 (30822550)|VARIABLE_ASSIGNMENT|[6]|ex|{"Category__c":"Transportation","RecordTypeId":"012460000005G1FAAU","Amount__c":3500,"Tax__c":455.00,"Submitted__c":true,"Employee__c":"00346000002ojVWAAY","Id":"a0F46000000FBblEAG","RecordType":{"Name":"Business Trips","Id":"012460000005G1FAAU"},"Employee__r":{"Id":"00346000002ojVWAAY","Name":"Carol Ruiz","Birthdate":"2017-10-09T00:00:00.000Z"}}|0xdb8b0e5
12:41:12.0 (30827509)|VARIABLE_SCOPE_BEGIN|[6]|check|Boolean|false|false
12:41:12.0 (30830218)|VARIABLE_ASSIGNMENT|[6]|check|false
12:41:12.0 (30832526)|STATEMENT_EXECUTE|[1]
12:41:12.0 (30833803)|STATEMENT_EXECUTE|[3]
12:41:12.0 (30834960)|STATEMENT_EXECUTE|[4]
12:41:12.0 (30844308)|STATEMENT_EXECUTE|[6]
12:41:12.0 (30845388)|STATEMENT_EXECUTE|[8]
12:41:12.0 (30855278)|VARIABLE_ASSIGNMENT|[EXTERNAL]|this|{}|0x505e3849
12:41:12.0 (30868329)|VARIABLE_ASSIGNMENT|[EXTERNAL]|value|{"Category__c":"Transportation","RecordTypeId":"012460000005G1FAAU","Amount__c":3500,"Tax__c":455.00,"Submitted__c":true,"Employee__c":"00346000002ojVWAAY","Id":"a0F46000000FBblEAG","RecordType":{"Name":"Business Trips","Id":"012460000005G1FAAU"},"Employee__r":{"Id":"00346000002ojVWAAY","Name":"Carol Ruiz","Birthdate":"2017-10-09T00:00:00.000Z"}}|0xdb8b0e5
12:41:12.0 (30883340)|VARIABLE_ASSIGNMENT|[3]|this.expense|{"Category__c":"Transportation","RecordTypeId":"012460000005G1FAAU","Amount__c":3500,"Tax__c":455.00,"Submitted__c":true,"Employee__c":"00346000002ojVWAAY","Id":"a0F46000000FBblEAG","RecordType":{"Name":"Business Trips","Id":"012460000005G1FAAU"},"Employee__r":{"Id":"00346000002ojVWAAY","Name":"Carol Ruiz","Birthdate":"2017-10-09T00:00:00.000Z"}}|0x505e3849
12:41:12.0 (30888611)|STATEMENT_EXECUTE|[9]
12:41:12.0 (30898597)|VARIABLE_ASSIGNMENT|[EXTERNAL]|this|{"expense":"0xdb8b0e5"}|0x505e3849
12:41:12.0 (30902633)|VARIABLE_ASSIGNMENT|[EXTERNAL]|value|false
12:41:12.0 (30905352)|HEAP_ALLOCATE|[4]|Bytes:5
12:41:12.0 (30908995)|VARIABLE_ASSIGNMENT|[4]|this.checked|false|0x505e3849
12:41:12.0 (30916031)|CONSTRUCTOR_EXIT|[28]|01p46000003buu6|<init>(Expense__c,Boolean)
12:41:12.0 (30922391)|HEAP_ALLOCATE|[EXTERNAL]|Bytes:4
12:41:12.0 (30930807)|HEAP_ALLOCATE|[26]|Bytes:5
12:41:12.0 (30950258)|HEAP_ALLOCATE|[26]|Bytes:36
12:41:12.0 (30955575)|VARIABLE_SCOPE_BEGIN|[26]|ex|Expense__c|true|false
12:41:12.0 (30971719)|VARIABLE_ASSIGNMENT|[26]|ex|{"RecordTypeId":"012460000005G1FAAU","Amount__c":3000,"Tax__c":390.00,"Submitted__c":true,"Employee__c":"00346000002ojVWAAY","Id":"a0F46000000Fp6rEAC","RecordType":{"Name":"Business Trips","Id":"012460000005G1FAAU"},"Employee__r":{"Id":"00346000002ojVWAAY","Name":"Carol Ruiz","Birthdate":"2017-10-09T00:00:00.000Z"}}|0x5f5634ca
12:41:12.0 (30975319)|STATEMENT_EXECUTE|[26]
12:41:12.0 (30976454)|STATEMENT_EXECUTE|[28]
12:41:12.0 (30996115)|VARIABLE_ASSIGNMENT|[EXTERNAL]|this|{"CountTotalRecords":7,"OffsetSize":0,"QueryLimit":3,"queryString":"","wrappedExpenses":"0x4afdce63"}|0x652976ad
12:41:12.0 (31004074)|HEAP_ALLOCATE|[28]|Bytes:12
12:41:12.0 (31011185)|CONSTRUCTOR_ENTRY|[28]|01p46000003buu6|<init>(Expense__c,Boolean)
12:41:12.0 (31013693)|VARIABLE_SCOPE_BEGIN|[6]|this|ExpenseWrapper|true|false
12:41:12.0 (31021185)|VARIABLE_ASSIGNMENT|[6]|this|{}|0x163fa84b
12:41:12.0 (31022711)|VARIABLE_SCOPE_BEGIN|[6]|ex|Expense__c|true|false
12:41:12.0 (31034872)|VARIABLE_ASSIGNMENT|[6]|ex|{"RecordTypeId":"012460000005G1FAAU","Amount__c":3000,"Tax__c":390.00,"Submitted__c":true,"Employee__c":"00346000002ojVWAAY","Id":"a0F46000000Fp6rEAC","RecordType":{"Name":"Business Trips","Id":"012460000005G1FAAU"},"Employee__r":{"Id":"00346000002ojVWAAY","Name":"Carol Ruiz","Birthdate":"2017-10-09T00:00:00.000Z"}}|0x5f5634ca
12:41:12.0 (31038662)|VARIABLE_SCOPE_BEGIN|[6]|check|Boolean|false|false
12:41:12.0 (31041073)|VARIABLE_ASSIGNMENT|[6]|check|false
12:41:12.0 (31043004)|STATEMENT_EXECUTE|[1]
12:41:12.0 (31044116)|STATEMENT_EXECUTE|[3]
12:41:12.0 (31045112)|STATEMENT_EXECUTE|[4]
12:41:12.0 (31052622)|STATEMENT_EXECUTE|[6]
12:41:12.0 (31053727)|STATEMENT_EXECUTE|[8]
12:41:12.0 (31062827)|VARIABLE_ASSIGNMENT|[EXTERNAL]|this|{}|0x163fa84b
12:41:12.0 (31074743)|VARIABLE_ASSIGNMENT|[EXTERNAL]|value|{"RecordTypeId":"012460000005G1FAAU","Amount__c":3000,"Tax__c":390.00,"Submitted__c":true,"Employee__c":"00346000002ojVWAAY","Id":"a0F46000000Fp6rEAC","RecordType":{"Name":"Business Trips","Id":"012460000005G1FAAU"},"Employee__r":{"Id":"00346000002ojVWAAY","Name":"Carol Ruiz","Birthdate":"2017-10-09T00:00:00.000Z"}}|0x5f5634ca
12:41:12.0 (31088183)|VARIABLE_ASSIGNMENT|[3]|this.expense|{"RecordTypeId":"012460000005G1FAAU","Amount__c":3000,"Tax__c":390.00,"Submitted__c":true,"Employee__c":"00346000002ojVWAAY","Id":"a0F46000000Fp6rEAC","RecordType":{"Name":"Business Trips","Id":"012460000005G1FAAU"},"Employee__r":{"Id":"00346000002ojVWAAY","Name":"Carol Ruiz","Birthdate":"2017-10-09T00:00:00.000Z"}}|0x163fa84b
12:41:12.0 (31093000)|STATEMENT_EXECUTE|[9]
12:41:12.0 (31102115)|VARIABLE_ASSIGNMENT|[EXTERNAL]|this|{"expense":"0x5f5634ca"}|0x163fa84b
12:41:12.0 (31105978)|VARIABLE_ASSIGNMENT|[EXTERNAL]|value|false
12:41:12.0 (31108632)|HEAP_ALLOCATE|[4]|Bytes:5
12:41:12.0 (31112098)|VARIABLE_ASSIGNMENT|[4]|this.checked|false|0x163fa84b
12:41:12.0 (31118236)|CONSTRUCTOR_EXIT|[28]|01p46000003buu6|<init>(Expense__c,Boolean)
12:41:12.0 (31123603)|HEAP_ALLOCATE|[EXTERNAL]|Bytes:4
12:41:12.0 (31131581)|HEAP_ALLOCATE|[26]|Bytes:5
12:41:12.0 (31148947)|HEAP_ALLOCATE|[26]|Bytes:40
12:41:12.0 (31153350)|VARIABLE_SCOPE_BEGIN|[26]|ex|Expense__c|true|false
12:41:12.0 (31169534)|VARIABLE_ASSIGNMENT|[26]|ex|{"Category__c":"Event Registration","RecordTypeId":"012460000005G1FAAU","Amount__c":3499,"Tax__c":454.87,"Submitted__c":true,"Employee__c":"00346000002ojVWAAY","Id":"a0F46000000Fp76EAC","RecordType":{"Name":"Business Trips","Id":"012460000005G1FAAU"},"Employee__r":{"Id":"00346000002ojVWAAY","Name":"Carol Ruiz","Birthdate":"2017-10-09T00:00:00.000Z"}}|0x7b04792d
12:41:12.0 (31173548)|STATEMENT_EXECUTE|[26]
12:41:12.0 (31174749)|STATEMENT_EXECUTE|[28]
12:41:12.0 (31193595)|VARIABLE_ASSIGNMENT|[EXTERNAL]|this|{"CountTotalRecords":7,"OffsetSize":0,"QueryLimit":3,"queryString":"","wrappedExpenses":"0x4afdce63"}|0x652976ad
12:41:12.0 (31200941)|HEAP_ALLOCATE|[28]|Bytes:12
12:41:12.0 (31207073)|CONSTRUCTOR_ENTRY|[28]|01p46000003buu6|<init>(Expense__c,Boolean)
12:41:12.0 (31209553)|VARIABLE_SCOPE_BEGIN|[6]|this|ExpenseWrapper|true|false
12:41:12.0 (31216690)|VARIABLE_ASSIGNMENT|[6]|this|{}|0x31160b2a
12:41:12.0 (31218089)|VARIABLE_SCOPE_BEGIN|[6]|ex|Expense__c|true|false
12:41:12.0 (31230624)|VARIABLE_ASSIGNMENT|[6]|ex|{"Category__c":"Event Registration","RecordTypeId":"012460000005G1FAAU","Amount__c":3499,"Tax__c":454.87,"Submitted__c":true,"Employee__c":"00346000002ojVWAAY","Id":"a0F46000000Fp76EAC","RecordType":{"Name":"Business Trips","Id":"012460000005G1FAAU"},"Employee__r":{"Id":"00346000002ojVWAAY","Name":"Carol Ruiz","Birthdate":"2017-10-09T00:00:00.000Z"}}|0x7b04792d
12:41:12.0 (31234923)|VARIABLE_SCOPE_BEGIN|[6]|check|Boolean|false|false
12:41:12.0 (31237324)|VARIABLE_ASSIGNMENT|[6]|check|false
12:41:12.0 (31239006)|STATEMENT_EXECUTE|[1]
12:41:12.0 (31240047)|STATEMENT_EXECUTE|[3]
12:41:12.0 (31241089)|STATEMENT_EXECUTE|[4]
12:41:12.0 (31248194)|STATEMENT_EXECUTE|[6]
12:41:12.0 (31249277)|STATEMENT_EXECUTE|[8]
12:41:12.0 (31258043)|VARIABLE_ASSIGNMENT|[EXTERNAL]|this|{}|0x31160b2a
12:41:12.0 (31270371)|VARIABLE_ASSIGNMENT|[EXTERNAL]|value|{"Category__c":"Event Registration","RecordTypeId":"012460000005G1FAAU","Amount__c":3499,"Tax__c":454.87,"Submitted__c":true,"Employee__c":"00346000002ojVWAAY","Id":"a0F46000000Fp76EAC","RecordType":{"Name":"Business Trips","Id":"012460000005G1FAAU"},"Employee__r":{"Id":"00346000002ojVWAAY","Name":"Carol Ruiz","Birthdate":"2017-10-09T00:00:00.000Z"}}|0x7b04792d
12:41:12.0 (31284019)|VARIABLE_ASSIGNMENT|[3]|this.expense|{"Category__c":"Event Registration","RecordTypeId":"012460000005G1FAAU","Amount__c":3499,"Tax__c":454.87,"Submitted__c":true,"Employee__c":"00346000002ojVWAAY","Id":"a0F46000000Fp76EAC","RecordType":{"Name":"Business Trips","Id":"012460000005G1FAAU"},"Employee__r":{"Id":"00346000002ojVWAAY","Name":"Carol Ruiz","Birthdate":"2017-10-09T00:00:00.000Z"}}|0x31160b2a
12:41:12.0 (31288671)|STATEMENT_EXECUTE|[9]
12:41:12.0 (31297764)|VARIABLE_ASSIGNMENT|[EXTERNAL]|this|{"expense":"0x7b04792d"}|0x31160b2a
12:41:12.0 (31301541)|VARIABLE_ASSIGNMENT|[EXTERNAL]|value|false
12:41:12.0 (31303807)|HEAP_ALLOCATE|[4]|Bytes:5
12:41:12.0 (31307153)|VARIABLE_ASSIGNMENT|[4]|this.checked|false|0x31160b2a
12:41:12.0 (31313169)|CONSTRUCTOR_EXIT|[28]|01p46000003buu6|<init>(Expense__c,Boolean)
12:41:12.0 (31318176)|HEAP_ALLOCATE|[EXTERNAL]|Bytes:4
12:41:12.0 (31325501)|HEAP_ALLOCATE|[26]|Bytes:5
12:41:12.0 (31331970)|VARIABLE_ASSIGNMENT|[26]|ex|null|
12:41:12.0 (31334093)|STATEMENT_EXECUTE|[32]
12:41:12.0 (31349881)|VARIABLE_ASSIGNMENT|[EXTERNAL]|this|{"CountTotalRecords":7,"OffsetSize":0,"QueryLimit":3,"queryString":"","wrappedExpenses":"0x4afdce63"}|0x652976ad
12:41:12.0 (32859206)|SYSTEM_MODE_ENTER|true
12:41:12.0 (32886074)|HEAP_ALLOCATE|[EXTERNAL]|Bytes:24
12:41:12.0 (32891080)|VARIABLE_SCOPE_BEGIN|[107]|this|ExpenseController|true|false
12:41:12.0 (32915789)|VARIABLE_ASSIGNMENT|[107]|this|{"CountTotalRecords":7,"OffsetSize":0,"QueryLimit":3,"queryString":"","wrappedExpenses":"0x4afdce63"}|0x652976ad
12:41:12.0 (32922459)|STATEMENT_EXECUTE|[107]
12:41:12.0 (32926313)|STATEMENT_EXECUTE|[111]
12:41:12.0 (32931351)|HEAP_ALLOCATE|[111]|Bytes:5
12:41:12.0 (33140479)|SYSTEM_MODE_ENTER|true
12:41:12.0 (33163144)|HEAP_ALLOCATE|[EXTERNAL]|Bytes:24
12:41:12.0 (33167435)|VARIABLE_SCOPE_BEGIN|[114]|this|ExpenseController|true|false
12:41:12.0 (33188522)|VARIABLE_ASSIGNMENT|[114]|this|{"CountTotalRecords":7,"OffsetSize":0,"QueryLimit":3,"queryString":"","wrappedExpenses":"0x4afdce63"}|0x652976ad
12:41:12.0 (33193643)|STATEMENT_EXECUTE|[114]
12:41:12.0 (33214822)|VARIABLE_ASSIGNMENT|[EXTERNAL]|this|{"CountTotalRecords":7,"OffsetSize":0,"QueryLimit":3,"queryString":"","wrappedExpenses":"0x4afdce63"}|0x652976ad
12:41:12.0 (33222393)|STATEMENT_EXECUTE|[115]
12:41:12.0 (33223545)|STATEMENT_EXECUTE|[116]
12:41:12.0 (33227884)|HEAP_ALLOCATE|[116]|Bytes:5
12:41:12.0 (38889615)|VF_SERIALIZE_VIEWSTATE_BEGIN|06646000001BW08
12:41:12.0 (49825150)|VF_SERIALIZE_VIEWSTATE_END
12:41:12.0 (60387549)|CODE_UNIT_STARTED|[EXTERNAL]|Generate Metadata
12:41:12.0 (61700879)|CODE_UNIT_FINISHED|Generate Metadata
12:41:12.63 (63879536)|CUMULATIVE_LIMIT_USAGE
12:41:12.63 (63879536)|LIMIT_USAGE_FOR_NS|(default)|
  Number of SOQL queries: 2 out of 100
  Number of query rows: 6 out of 50000
  Number of SOSL queries: 0 out of 20
  Number of DML statements: 0 out of 150
  Number of DML rows: 0 out of 10000
  Maximum CPU time: 0 out of 10000
  Maximum heap size: 0 out of 6000000
  Number of callouts: 0 out of 100
  Number of Email Invocations: 0 out of 10
  Number of future calls: 0 out of 50
  Number of queueable jobs added to the queue: 0 out of 50
  Number of Mobile Apex push calls: 0 out of 10

12:41:12.63 (63879536)|CUMULATIVE_LIMIT_USAGE_END

12:41:12.0 (63913651)|CODE_UNIT_FINISHED|VF: /apex/ListOfEmployees
12:41:12.0 (64629654)|EXECUTION_FINISHED
