39.0 APEX_CODE,FINEST;APEX_PROFILING,INFO;CALLOUT,INFO;DB,INFO;SYSTEM,DEBUG;VALIDATION,INFO;VISUALFORCE,INFO;WAVE,INFO;WORKFLOW,INFO
17:42:42.0 (759188)|USER_INFO|[EXTERNAL]|00546000000Iihs|pacosta@altimetrik.com|Argentine Time|GMT-03:00
17:42:42.0 (789872)|EXECUTION_STARTED
17:42:42.0 (793866)|CODE_UNIT_STARTED|[EXTERNAL]|01p46000002uYS7|TestVerifyDate.checkDates
17:42:42.0 (1658137)|HEAP_ALLOCATE|[72]|Bytes:3
17:42:42.0 (1694798)|HEAP_ALLOCATE|[77]|Bytes:152
17:42:42.0 (1709921)|HEAP_ALLOCATE|[342]|Bytes:408
17:42:42.0 (1728482)|HEAP_ALLOCATE|[355]|Bytes:408
17:42:42.0 (1746784)|HEAP_ALLOCATE|[467]|Bytes:48
17:42:42.0 (1775828)|HEAP_ALLOCATE|[139]|Bytes:6
17:42:42.0 (1788272)|HEAP_ALLOCATE|[EXTERNAL]|Bytes:23
17:42:42.0 (1797172)|METHOD_ENTRY|[2]|01p46000002uYS7|TestVerifyDate.TestVerifyDate()
17:42:42.0 (1801215)|STATEMENT_EXECUTE|[2]
17:42:42.0 (1806717)|STATEMENT_EXECUTE|[2]
17:42:42.0 (1810146)|METHOD_EXIT|[2]|TestVerifyDate
17:42:42.0 (1843077)|HEAP_ALLOCATE|[50]|Bytes:5
17:42:42.0 (1864056)|HEAP_ALLOCATE|[56]|Bytes:5
17:42:42.0 (1870754)|HEAP_ALLOCATE|[64]|Bytes:7
17:42:42.0 (1907265)|STATEMENT_EXECUTE|[4]
17:42:42.0 (1909228)|STATEMENT_EXECUTE|[6]
17:42:42.0 (1955850)|HEAP_ALLOCATE|[6]|Bytes:4
17:42:42.0 (1972321)|VARIABLE_SCOPE_BEGIN|[6]|date1|Date|false|false
17:42:42.0 (2007466)|VARIABLE_ASSIGNMENT|[6]|date1|"2017-03-22T00:00:00.000Z"
17:42:42.0 (2010775)|STATEMENT_EXECUTE|[7]
17:42:42.0 (2029977)|HEAP_ALLOCATE|[7]|Bytes:4
17:42:42.0 (2045030)|HEAP_ALLOCATE|[7]|Bytes:4
17:42:42.0 (2051294)|VARIABLE_SCOPE_BEGIN|[7]|date2|Date|false|false
17:42:42.0 (2060211)|VARIABLE_ASSIGNMENT|[7]|date2|"2017-04-16T00:00:00.000Z"
17:42:42.0 (2062554)|STATEMENT_EXECUTE|[9]
17:42:42.0 (6620844)|HEAP_ALLOCATE|[9]|Bytes:7
17:42:42.0 (6634736)|METHOD_ENTRY|[1]|01p46000002uYS2|VerifyDate.VerifyDate()
17:42:42.0 (6638057)|STATEMENT_EXECUTE|[1]
17:42:42.0 (6642268)|STATEMENT_EXECUTE|[1]
17:42:42.0 (6646300)|METHOD_EXIT|[1]|VerifyDate
17:42:42.0 (6673075)|METHOD_ENTRY|[9]|01p46000002uYS2|VerifyDate.CheckDates(Date, Date)
17:42:42.0 (6692433)|VARIABLE_SCOPE_BEGIN|[4]|date1|Date|false|false
17:42:42.0 (6708728)|VARIABLE_ASSIGNMENT|[4]|date1|"2017-03-22T00:00:00.000Z"
17:42:42.0 (6713136)|VARIABLE_SCOPE_BEGIN|[4]|date2|Date|false|false
17:42:42.0 (6717299)|VARIABLE_ASSIGNMENT|[4]|date2|"2017-04-16T00:00:00.000Z"
17:42:42.0 (6727449)|STATEMENT_EXECUTE|[4]
17:42:42.0 (6744665)|METHOD_ENTRY|[6]|01p46000002uYS2|VerifyDate.DateWithin30Days(Date, Date)
17:42:42.0 (6770693)|VARIABLE_SCOPE_BEGIN|[14]|date1|Date|false|false
17:42:42.0 (6777561)|VARIABLE_ASSIGNMENT|[14]|date1|"2017-03-22T00:00:00.000Z"
17:42:42.0 (6780963)|VARIABLE_SCOPE_BEGIN|[14]|date2|Date|false|false
17:42:42.0 (6784271)|VARIABLE_ASSIGNMENT|[14]|date2|"2017-04-16T00:00:00.000Z"
17:42:42.0 (6790374)|STATEMENT_EXECUTE|[14]
17:42:42.0 (6822010)|STATEMENT_EXECUTE|[16]
17:42:42.0 (6823818)|STATEMENT_EXECUTE|[19]
17:42:42.0 (6843001)|HEAP_ALLOCATE|[19]|Bytes:4
17:42:42.0 (6851171)|VARIABLE_SCOPE_BEGIN|[19]|date30Days|Date|false|false
17:42:42.0 (6860528)|VARIABLE_ASSIGNMENT|[19]|date30Days|"2017-04-21T00:00:00.000Z"
17:42:42.0 (6879986)|STATEMENT_EXECUTE|[21]
17:42:42.0 (6881489)|STATEMENT_EXECUTE|[21]
17:42:42.0 (6886326)|METHOD_EXIT|[6]|01p46000002uYS2|VerifyDate.DateWithin30Days(Date, Date)
17:42:42.0 (6890307)|STATEMENT_EXECUTE|[6]
17:42:42.0 (6891490)|STATEMENT_EXECUTE|[7]
17:42:42.0 (6894243)|METHOD_EXIT|[9]|01p46000002uYS2|VerifyDate.CheckDates(Date, Date)
17:42:42.0 (6898438)|VARIABLE_SCOPE_BEGIN|[9]|check|Date|false|false
17:42:42.0 (6905296)|VARIABLE_ASSIGNMENT|[9]|check|"2017-04-16T00:00:00.000Z"
17:42:42.0 (6907054)|STATEMENT_EXECUTE|[11]
17:42:42.7 (7135592)|CUMULATIVE_LIMIT_USAGE
17:42:42.7 (7135592)|LIMIT_USAGE_FOR_NS|(default)|
  Number of SOQL queries: 0 out of 100
  Number of query rows: 0 out of 50000
  Number of SOSL queries: 0 out of 20
  Number of DML statements: 0 out of 150
  Number of DML rows: 0 out of 10000
  Maximum CPU time: 0 out of 10000
  Maximum heap size: 0 out of 6000000
  Number of callouts: 0 out of 100
  Number of Email Invocations: 0 out of 10
  Number of future calls: 0 out of 50
  Number of queueable jobs added to the queue: 0 out of 50
  Number of Mobile Apex push calls: 0 out of 10

17:42:42.7 (7135592)|CUMULATIVE_LIMIT_USAGE_END

17:42:42.0 (7164207)|CODE_UNIT_FINISHED|TestVerifyDate.checkDates
17:42:42.0 (8050786)|EXECUTION_FINISHED
17:42:42.35 (35864440)|USER_INFO|[EXTERNAL]|00546000000Iihs|pacosta@altimetrik.com|Argentine Time|GMT-03:00
17:42:42.35 (35871687)|EXECUTION_STARTED
17:42:42.35 (35874396)|CODE_UNIT_STARTED|[EXTERNAL]|01p46000002uYS7|TestVerifyDate.checkDates2
17:42:42.35 (35942574)|HEAP_ALLOCATE|[72]|Bytes:3
17:42:42.35 (35962202)|HEAP_ALLOCATE|[77]|Bytes:152
17:42:42.35 (35973574)|HEAP_ALLOCATE|[342]|Bytes:408
17:42:42.35 (35990949)|HEAP_ALLOCATE|[355]|Bytes:408
17:42:42.35 (36008216)|HEAP_ALLOCATE|[467]|Bytes:48
17:42:42.35 (36029224)|HEAP_ALLOCATE|[139]|Bytes:6
17:42:42.35 (36040316)|HEAP_ALLOCATE|[EXTERNAL]|Bytes:23
17:42:42.35 (36046631)|METHOD_ENTRY|[2]|01p46000002uYS7|TestVerifyDate.TestVerifyDate()
17:42:42.35 (36049586)|STATEMENT_EXECUTE|[2]
17:42:42.35 (36054088)|STATEMENT_EXECUTE|[2]
17:42:42.35 (36056923)|METHOD_EXIT|[2]|TestVerifyDate
17:42:42.35 (36071369)|HEAP_ALLOCATE|[50]|Bytes:5
17:42:42.35 (36085727)|HEAP_ALLOCATE|[56]|Bytes:5
17:42:42.35 (36090866)|HEAP_ALLOCATE|[64]|Bytes:7
17:42:42.35 (36112519)|STATEMENT_EXECUTE|[15]
17:42:42.35 (36114227)|STATEMENT_EXECUTE|[17]
17:42:42.35 (36147038)|HEAP_ALLOCATE|[17]|Bytes:4
17:42:42.35 (36158325)|VARIABLE_SCOPE_BEGIN|[17]|date1|Date|false|false
17:42:42.35 (36176542)|VARIABLE_ASSIGNMENT|[17]|date1|"2017-03-22T00:00:00.000Z"
17:42:42.35 (36179446)|STATEMENT_EXECUTE|[18]
17:42:42.35 (36197788)|HEAP_ALLOCATE|[18]|Bytes:4
17:42:42.35 (36210992)|HEAP_ALLOCATE|[18]|Bytes:4
17:42:42.35 (36217461)|VARIABLE_SCOPE_BEGIN|[18]|date2|Date|false|false
17:42:42.35 (36226061)|VARIABLE_ASSIGNMENT|[18]|date2|"2017-04-28T00:00:00.000Z"
17:42:42.35 (36228282)|STATEMENT_EXECUTE|[20]
17:42:42.35 (36235422)|HEAP_ALLOCATE|[20]|Bytes:7
17:42:42.35 (36240476)|METHOD_ENTRY|[1]|01p46000002uYS2|VerifyDate.VerifyDate()
17:42:42.35 (36243389)|STATEMENT_EXECUTE|[1]
17:42:42.35 (36245949)|STATEMENT_EXECUTE|[1]
17:42:42.35 (36248707)|METHOD_EXIT|[1]|VerifyDate
17:42:42.35 (36255158)|METHOD_ENTRY|[20]|01p46000002uYS2|VerifyDate.CheckDates(Date, Date)
17:42:42.35 (36264872)|VARIABLE_SCOPE_BEGIN|[4]|date1|Date|false|false
17:42:42.35 (36271362)|VARIABLE_ASSIGNMENT|[4]|date1|"2017-03-22T00:00:00.000Z"
17:42:42.35 (36273046)|VARIABLE_SCOPE_BEGIN|[4]|date2|Date|false|false
17:42:42.35 (36276081)|VARIABLE_ASSIGNMENT|[4]|date2|"2017-04-28T00:00:00.000Z"
17:42:42.35 (36282923)|STATEMENT_EXECUTE|[4]
17:42:42.35 (36288562)|METHOD_ENTRY|[6]|01p46000002uYS2|VerifyDate.DateWithin30Days(Date, Date)
17:42:42.35 (36291236)|VARIABLE_SCOPE_BEGIN|[14]|date1|Date|false|false
17:42:42.35 (36295779)|VARIABLE_ASSIGNMENT|[14]|date1|"2017-03-22T00:00:00.000Z"
17:42:42.35 (36297115)|VARIABLE_SCOPE_BEGIN|[14]|date2|Date|false|false
17:42:42.35 (36300143)|VARIABLE_ASSIGNMENT|[14]|date2|"2017-04-28T00:00:00.000Z"
17:42:42.35 (36304016)|STATEMENT_EXECUTE|[14]
17:42:42.35 (36316838)|STATEMENT_EXECUTE|[16]
17:42:42.35 (36318237)|STATEMENT_EXECUTE|[19]
17:42:42.35 (36326424)|HEAP_ALLOCATE|[19]|Bytes:4
17:42:42.35 (36339580)|VARIABLE_SCOPE_BEGIN|[19]|date30Days|Date|false|false
17:42:42.35 (36347805)|VARIABLE_ASSIGNMENT|[19]|date30Days|"2017-04-21T00:00:00.000Z"
17:42:42.35 (36357372)|STATEMENT_EXECUTE|[20]
17:42:42.35 (36358685)|STATEMENT_EXECUTE|[20]
17:42:42.35 (36362938)|METHOD_EXIT|[6]|01p46000002uYS2|VerifyDate.DateWithin30Days(Date, Date)
17:42:42.35 (36365912)|STATEMENT_EXECUTE|[8]
17:42:42.35 (36367102)|STATEMENT_EXECUTE|[9]
17:42:42.35 (36375738)|METHOD_ENTRY|[9]|01p46000002uYS2|VerifyDate.SetEndOfMonthDate(Date)
17:42:42.35 (36390329)|VARIABLE_SCOPE_BEGIN|[25]|date1|Date|false|false
17:42:42.35 (36396055)|VARIABLE_ASSIGNMENT|[25]|date1|"2017-03-22T00:00:00.000Z"
17:42:42.35 (36402205)|STATEMENT_EXECUTE|[25]
17:42:42.35 (36403488)|STATEMENT_EXECUTE|[26]
17:42:42.35 (36452967)|VARIABLE_SCOPE_BEGIN|[26]|totalDays|Integer|false|false
17:42:42.35 (36456530)|HEAP_ALLOCATE|[26]|Bytes:4
17:42:42.35 (36466568)|VARIABLE_ASSIGNMENT|[26]|totalDays|31
17:42:42.35 (36468920)|STATEMENT_EXECUTE|[27]
17:42:42.35 (36495826)|HEAP_ALLOCATE|[27]|Bytes:4
17:42:42.35 (36502673)|VARIABLE_SCOPE_BEGIN|[27]|lastDay|Date|false|false
17:42:42.35 (36511688)|VARIABLE_ASSIGNMENT|[27]|lastDay|"2017-03-31T00:00:00.000Z"
17:42:42.35 (36514041)|STATEMENT_EXECUTE|[28]
17:42:42.35 (36518081)|METHOD_EXIT|[9]|01p46000002uYS2|VerifyDate.SetEndOfMonthDate(Date)
17:42:42.35 (36521975)|METHOD_EXIT|[20]|01p46000002uYS2|VerifyDate.CheckDates(Date, Date)
17:42:42.35 (36525712)|VARIABLE_SCOPE_BEGIN|[20]|endOfMonth|Date|false|false
17:42:42.35 (36531602)|VARIABLE_ASSIGNMENT|[20]|endOfMonth|"2017-03-31T00:00:00.000Z"
17:42:42.35 (36533256)|STATEMENT_EXECUTE|[22]
17:42:42.35 (36574023)|HEAP_ALLOCATE|[22]|Bytes:4
17:42:42.35 (36580408)|VARIABLE_SCOPE_BEGIN|[22]|check|Date|false|false
17:42:42.35 (36587671)|VARIABLE_ASSIGNMENT|[22]|check|"2017-03-31T00:00:00.000Z"
17:42:42.35 (36589743)|STATEMENT_EXECUTE|[25]
17:42:42.36 (36622288)|CUMULATIVE_LIMIT_USAGE
17:42:42.36 (36622288)|LIMIT_USAGE_FOR_NS|(default)|
  Number of SOQL queries: 0 out of 100
  Number of query rows: 0 out of 50000
  Number of SOSL queries: 0 out of 20
  Number of DML statements: 0 out of 150
  Number of DML rows: 0 out of 10000
  Maximum CPU time: 0 out of 10000
  Maximum heap size: 0 out of 6000000
  Number of callouts: 0 out of 100
  Number of Email Invocations: 0 out of 10
  Number of future calls: 0 out of 50
  Number of queueable jobs added to the queue: 0 out of 50
  Number of Mobile Apex push calls: 0 out of 10

17:42:42.36 (36622288)|CUMULATIVE_LIMIT_USAGE_END

17:42:42.35 (36642696)|CODE_UNIT_FINISHED|TestVerifyDate.checkDates2
17:42:42.35 (37370395)|EXECUTION_FINISHED
