39.0 APEX_CODE,FINEST;APEX_PROFILING,INFO;CALLOUT,INFO;DB,INFO;SYSTEM,DEBUG;VALIDATION,INFO;VISUALFORCE,INFO;WAVE,INFO;WORKFLOW,INFO
16:50:01.0 (450152)|USER_INFO|[EXTERNAL]|00546000000Iihs|pacosta@altimetrik.com|Argentine Time|GMT-03:00
16:50:01.0 (476154)|EXECUTION_STARTED
16:50:01.0 (480284)|CODE_UNIT_STARTED|[EXTERNAL]|TRIGGERS
16:50:01.0 (514174)|CODE_UNIT_STARTED|[EXTERNAL]|01q46000000Qd5z|UpdateOrDelete on Expense trigger event BeforeUpdate for [a0F46000000Fp6r]
16:50:01.0 (569021)|HEAP_ALLOCATE|[EXTERNAL]|Bytes:8
16:50:01.0 (674715)|HEAP_ALLOCATE|[EXTERNAL]|Bytes:8
16:50:01.0 (1037993)|HEAP_ALLOCATE|[72]|Bytes:3
16:50:01.0 (1079918)|HEAP_ALLOCATE|[77]|Bytes:152
16:50:01.0 (1094736)|HEAP_ALLOCATE|[342]|Bytes:408
16:50:01.0 (1108715)|HEAP_ALLOCATE|[355]|Bytes:408
16:50:01.0 (1120934)|HEAP_ALLOCATE|[467]|Bytes:48
16:50:01.0 (1149227)|HEAP_ALLOCATE|[139]|Bytes:6
16:50:01.0 (1175660)|HEAP_ALLOCATE|[EXTERNAL]|Bytes:4
16:50:01.0 (1182915)|VARIABLE_SCOPE_BEGIN|[1]|this|UpdateOrDelete|true|false
16:50:01.0 (1222846)|VARIABLE_ASSIGNMENT|[1]|this|{}|0x125d974
16:50:01.0 (1259918)|HEAP_ALLOCATE|[EXTERNAL]|Bytes:4
16:50:01.0 (1264928)|VARIABLE_SCOPE_BEGIN|[1]|this|UpdateOrDelete|true|false
16:50:01.0 (1272582)|VARIABLE_ASSIGNMENT|[1]|this|{}|0x125d974
16:50:01.0 (1280139)|STATEMENT_EXECUTE|[1]
16:50:01.0 (1313047)|HEAP_ALLOCATE|[50]|Bytes:5
16:50:01.0 (1335919)|HEAP_ALLOCATE|[56]|Bytes:5
16:50:01.0 (1342185)|HEAP_ALLOCATE|[64]|Bytes:7
16:50:01.0 (1676373)|HEAP_ALLOCATE|[3]|Bytes:5
16:50:01.0 (1707231)|VARIABLE_SCOPE_BEGIN|[3]|ex|Expense__c|true|false
16:50:01.0 (2327441)|VARIABLE_ASSIGNMENT|[3]|ex|{"Expense_Status__c":"NOT SUBMITTED","LastModifiedDate":"2017-03-22T19:05:57.000Z","IsDeleted":false,"Name":"Test44","SystemModstamp":"2017-03-22T19:05:57.000Z","Employee__c":"00346000002ojVWAAY","OwnerId":"00546000000IihsAAC","CreatedById":"00546000000IihsAAC","Amount__c":3211,"Submitted__c":false,"RecordTypeId":"012460000005G1FAAU","CreatedDate":"2017-03-22T19:05:57.000Z","Id":"a0F46000000Fp6rEAC","LastModifiedById":"00546000000IihsAAC","Tax__c":417.43}|0x6219d9d8
16:50:01.0 (2336372)|STATEMENT_EXECUTE|[3]
16:50:01.0 (2365503)|HEAP_ALLOCATE|[5]|Bytes:13
16:50:01.0 (2402985)|STATEMENT_EXECUTE|[5]
16:50:01.0 (2417417)|HEAP_ALLOCATE|[3]|Bytes:5
16:50:01.0 (2430095)|VARIABLE_ASSIGNMENT|[3]|ex|null|
16:50:01.2 (2437563)|CUMULATIVE_LIMIT_USAGE
16:50:01.2 (2437563)|LIMIT_USAGE_FOR_NS|(default)|
  Number of SOQL queries: 0 out of 100
  Number of query rows: 0 out of 50000
  Number of SOSL queries: 0 out of 20
  Number of DML statements: 0 out of 150
  Number of DML rows: 0 out of 10000
  Maximum CPU time: 0 out of 10000
  Maximum heap size: 0 out of 6000000
  Number of callouts: 0 out of 100
  Number of Email Invocations: 0 out of 10
  Number of future calls: 0 out of 50
  Number of queueable jobs added to the queue: 0 out of 50
  Number of Mobile Apex push calls: 0 out of 10

16:50:01.2 (2437563)|CUMULATIVE_LIMIT_USAGE_END

16:50:01.0 (3442104)|CODE_UNIT_FINISHED|UpdateOrDelete on Expense trigger event BeforeUpdate for [a0F46000000Fp6r]
16:50:01.0 (6348111)|CODE_UNIT_STARTED|[EXTERNAL]|Validation:Expense:a0F46000000Fp6r
16:50:01.0 (6355311)|VALIDATION_RULE|03d46000000DMqh|InsertOtherValue
16:50:01.0 (6636552)|VALIDATION_FORMULA|AND (IF (ISPICKVAL( Category__c , "Other"), true, false),  ISBLANK( Other__c ) )|Category__c=null , Other__c=null
16:50:01.0 (6642035)|VALIDATION_PASS
16:50:01.0 (6673735)|CODE_UNIT_FINISHED|Validation:Expense:a0F46000000Fp6r
16:50:01.0 (15183116)|CODE_UNIT_STARTED|[EXTERNAL]|Workflow:01I46000000AdSk
16:50:01.0 (22366279)|WF_RULE_EVAL_BEGIN|Workflow
16:50:01.0 (22398313)|WF_CRITERIA_BEGIN|[Expense: Test44 a0F46000000Fp6r]|High_Value_Expense_Email_Alert30146000000Cjmi|01Q460000000EDT|ON_ALL_CHANGES|0
16:50:01.0 (22511650)|WF_FORMULA|Formula:ENCODED:[treatNullAsNull]true|Values:
16:50:01.0 (22515468)|WF_CRITERIA_END|true
16:50:01.0 (23229162)|WF_CRITERIA_BEGIN|[Expense: Test44 a0F46000000Fp6r]|Submitted_Expense_Update_Status30146000000Ckou|01Q460000000F5k|ON_ALL_CHANGES|0
16:50:01.0 (23264690)|WF_FORMULA|Formula:ENCODED:[treatNullAsNull]true|Values:
16:50:01.0 (23267329)|WF_CRITERIA_END|true
16:50:01.0 (23281305)|WF_SPOOL_ACTION_BEGIN|Workflow
16:50:01.0 (23302895)|WF_ACTION| Flow Trigger: 2;
16:50:01.0 (23305594)|WF_RULE_EVAL_END
16:50:01.0 (23902316)|WF_FLOW_ACTION_BEGIN|09L46000000Lqqi
16:50:01.23 (23967247)|FLOW_CREATE_INTERVIEW_BEGIN|00D46000000buVW|30046000000Gs2p|30146000000Ckou
16:50:01.23 (25800567)|FLOW_CREATE_INTERVIEW_END|7373c5eeffb15774d19232f397a915af76b6049-4832|Submitted Expense Update Status
16:50:01.26 (26197323)|FLOW_START_INTERVIEWS_BEGIN|1
16:50:01.26 (27236221)|FLOW_START_INTERVIEW_BEGIN|7373c5eeffb15774d19232f397a915af76b6049-4832|Submitted Expense Update Status
16:50:01.26 (28070954)|FLOW_START_INTERVIEW_END|7373c5eeffb15774d19232f397a915af76b6049-4832|Submitted Expense Update Status
16:50:01.26 (28080427)|FLOW_START_INTERVIEWS_END|1
16:50:01.0 (29024376)|WF_FLOW_ACTION_END|09L46000000Lqqi
16:50:01.0 (29040974)|WF_FLOW_ACTION_BEGIN|09L46000000Lo2w
16:50:01.29 (29092892)|FLOW_CREATE_INTERVIEW_BEGIN|00D46000000buVW|30046000000Grmv|30146000000Cjmi
16:50:01.29 (31289652)|FLOW_CREATE_INTERVIEW_END|7374c5eeffb15774d19232f397a915af76b6049-4833|High Value Expense Email Alert
16:50:01.31 (31679715)|FLOW_START_INTERVIEWS_BEGIN|1
16:50:01.31 (32563780)|FLOW_START_INTERVIEW_BEGIN|7374c5eeffb15774d19232f397a915af76b6049-4833|High Value Expense Email Alert
16:50:01.31 (33167951)|FLOW_START_INTERVIEW_END|7374c5eeffb15774d19232f397a915af76b6049-4833|High Value Expense Email Alert
16:50:01.31 (33176636)|FLOW_START_INTERVIEWS_END|1
16:50:01.0 (33643335)|WF_FLOW_ACTION_END|09L46000000Lo2w
16:50:01.0 (33734685)|WF_ACTIONS_END| Flow Trigger: 2;
16:50:01.0 (33742114)|CODE_UNIT_FINISHED|Workflow:01I46000000AdSk
16:50:01.0 (41370495)|CODE_UNIT_FINISHED|TRIGGERS
16:50:01.0 (41383283)|EXECUTION_FINISHED
