39.0 APEX_CODE,FINEST;APEX_PROFILING,INFO;CALLOUT,INFO;DB,INFO;SYSTEM,DEBUG;VALIDATION,INFO;VISUALFORCE,INFO;WAVE,INFO;WORKFLOW,INFO
15:10:24.0 (317866)|USER_INFO|[EXTERNAL]|00546000000Iihs|pacosta@altimetrik.com|Argentine Time|GMT-03:00
15:10:24.0 (337540)|EXECUTION_STARTED
15:10:24.0 (342166)|CODE_UNIT_STARTED|[EXTERNAL]|06646000001BW08|VF: /apex/ListOfEmployees
15:10:24.0 (856659)|VF_DESERIALIZE_VIEWSTATE_BEGIN|06646000001BW08
15:10:24.0 (4573103)|HEAP_ALLOCATE|[72]|Bytes:3
15:10:24.0 (4608964)|HEAP_ALLOCATE|[77]|Bytes:152
15:10:24.0 (4621713)|HEAP_ALLOCATE|[342]|Bytes:408
15:10:24.0 (4635902)|HEAP_ALLOCATE|[355]|Bytes:408
15:10:24.0 (4648664)|HEAP_ALLOCATE|[467]|Bytes:48
15:10:24.0 (4673212)|HEAP_ALLOCATE|[139]|Bytes:6
15:10:24.0 (6133154)|HEAP_ALLOCATE|[50]|Bytes:5
15:10:24.0 (6159731)|HEAP_ALLOCATE|[56]|Bytes:5
15:10:24.0 (6167405)|HEAP_ALLOCATE|[64]|Bytes:7
15:10:24.0 (7690008)|VF_DESERIALIZE_VIEWSTATE_END
15:10:24.0 (8100281)|SYSTEM_MODE_ENTER|true
15:10:24.0 (8283732)|HEAP_ALLOCATE|[EXTERNAL]|Bytes:140
15:10:24.0 (8291309)|HEAP_ALLOCATE|[EXTERNAL]|Bytes:46
15:10:24.0 (8299145)|METHOD_ENTRY|[1]|01p46000002wayn|ExpenseController.ExpenseController()
15:10:24.0 (8302069)|STATEMENT_EXECUTE|[1]
15:10:24.0 (8306592)|STATEMENT_EXECUTE|[1]
15:10:24.0 (8310672)|METHOD_EXIT|[1]|ExpenseController
15:10:24.0 (8314942)|HEAP_ALLOCATE|[EXTERNAL]|Bytes:24
15:10:24.0 (8319032)|VARIABLE_SCOPE_BEGIN|[17]|this|ExpenseController|true|false
15:10:24.0 (8378754)|VARIABLE_ASSIGNMENT|[17]|this|{"CountTotalRecords":7,"OffsetSize":3,"QueryLimit":3,"queryString":"","wrappedExpenses":"0x296d84c7"}|0x50def576
15:10:24.0 (8388249)|STATEMENT_EXECUTE|[17]
15:10:24.0 (8389674)|STATEMENT_EXECUTE|[19]
15:10:24.0 (8392335)|HEAP_ALLOCATE|[19]|Bytes:161
15:10:24.0 (8397939)|HEAP_ALLOCATE|[22]|Bytes:33
15:10:24.0 (8458974)|HEAP_ALLOCATE|[22]|Bytes:1
15:10:24.0 (8469816)|HEAP_ALLOCATE|[22]|Bytes:8
15:10:24.0 (8478584)|HEAP_ALLOCATE|[22]|Bytes:1
15:10:24.0 (8490118)|HEAP_ALLOCATE|[19]|Bytes:204
15:10:24.0 (10803503)|SOQL_EXECUTE_BEGIN|[19]|Aggregations:0|SELECT Category__c, RecordType.Name, Amount__c, Tax__c, Client_Company__c, Submitted__c, Employee__r.Id, Employee__r.Name, Employee__r.Birthdate FROM Expense__c  ORDER BY Employee__r.Name LIMIT 3 OFFSET 3
15:10:24.0 (19345389)|SOQL_EXECUTE_END|[19]|Rows:3
15:10:24.0 (19361740)|HEAP_ALLOCATE|[19]|Bytes:16
15:10:24.0 (19398726)|HEAP_ALLOCATE|[19]|Bytes:1032
15:10:24.0 (19460161)|HEAP_ALLOCATE|[19]|Bytes:16
15:10:24.0 (19476261)|VARIABLE_SCOPE_BEGIN|[19]|results|List<Expense__c>|true|false
15:10:24.0 (19537918)|VARIABLE_ASSIGNMENT|[19]|results|[{"Category__c":"Transportation","RecordTypeId":"012460000005G1FAAU","Amount__c":4000,"Tax__c":520.00,"Submitted__c":true,"Employee__c":"00346000002ojVWAAY","Id":"a0F46000000FtpwEAC","RecordType":{"Name":"Business Trips","Id":"012460000005G1FAAU"},"Employee__r":{"Id":"00346000002ojVWAAY","Name":"Carol Ruiz","Birthdate":"2017-10-09T00:00:00.000Z"}},{"Category__c":"Road Meals","RecordTypeId":"012460000005G1KAAU","Amount__c":8900,"Tax__c":1157.00,"Submitted__c":true,"Employee__c":"00346000002ojeGAAQ","Id":"a0F46000000FmUwEAK","RecordType":{"Name":"Client Meetings","Id":"012460000005G1KAAU"},"Employee__r":{"Id":"00346000002ojeGAAQ","Name":"Paolo Smith"}},{"Category__c":"Lodging","RecordTypeId":"012460000005G1KAAU","Amount__c":4000,"Tax__c":520.00,"Client_Company__c":"At&t","Submitted__c":true,"Employee__c":"00346000002ojeGAAQ","Id":"a0F46000000Ftq1EAC","RecordType":{"Name":"Client Meetings","Id":"012460000005G1KAAU"},"Employee__r":{"Id":"00346000002ojeGAAQ","Name":"Paolo Smith"}}]|0x2318c7f1
15:10:24.0 (19547736)|STATEMENT_EXECUTE|[25]
15:10:24.0 (19553186)|HEAP_ALLOCATE|[25]|Bytes:4
15:10:24.0 (19652931)|VARIABLE_ASSIGNMENT|[EXTERNAL]|this|{"CountTotalRecords":7,"OffsetSize":3,"QueryLimit":3,"queryString":"","wrappedExpenses":"0x296d84c7"}|0x50def576
15:10:24.0 (19670666)|HEAP_ALLOCATE|[EXTERNAL]|Bytes:4
15:10:24.0 (19676350)|VARIABLE_ASSIGNMENT|[EXTERNAL]|value|[]|0x1b07fac8
15:10:24.0 (19685122)|VARIABLE_ASSIGNMENT|[14]|this.wrappedExpenses|[]|0x50def576
15:10:24.0 (19843862)|HEAP_ALLOCATE|[26]|Bytes:5
15:10:24.0 (19882661)|HEAP_ALLOCATE|[26]|Bytes:40
15:10:24.0 (19892380)|VARIABLE_SCOPE_BEGIN|[26]|ex|Expense__c|true|false
15:10:24.0 (19916956)|VARIABLE_ASSIGNMENT|[26]|ex|{"Category__c":"Transportation","RecordTypeId":"012460000005G1FAAU","Amount__c":4000,"Tax__c":520.00,"Submitted__c":true,"Employee__c":"00346000002ojVWAAY","Id":"a0F46000000FtpwEAC","RecordType":{"Name":"Business Trips","Id":"012460000005G1FAAU"},"Employee__r":{"Id":"00346000002ojVWAAY","Name":"Carol Ruiz","Birthdate":"2017-10-09T00:00:00.000Z"}}|0x5fc3db25
15:10:24.0 (19921973)|STATEMENT_EXECUTE|[26]
15:10:24.0 (19923299)|STATEMENT_EXECUTE|[28]
15:10:24.0 (19971021)|VARIABLE_ASSIGNMENT|[EXTERNAL]|this|{"CountTotalRecords":7,"OffsetSize":3,"QueryLimit":3,"queryString":"","wrappedExpenses":"0x1b07fac8"}|0x50def576
15:10:24.0 (19984129)|HEAP_ALLOCATE|[28]|Bytes:112
15:10:24.0 (19990089)|HEAP_ALLOCATE|[28]|Bytes:5
15:10:24.0 (20011132)|METHOD_ENTRY|[1]|01p46000003buu6|ExpenseWrapper.ExpenseWrapper()
15:10:24.0 (20013878)|STATEMENT_EXECUTE|[1]
15:10:24.0 (20016613)|STATEMENT_EXECUTE|[1]
15:10:24.0 (20020150)|METHOD_EXIT|[1]|ExpenseWrapper
15:10:24.0 (20024901)|HEAP_ALLOCATE|[28]|Bytes:12
15:10:24.0 (20039563)|CONSTRUCTOR_ENTRY|[28]|01p46000003buu6|<init>(Expense__c,Boolean)
15:10:24.0 (20043607)|VARIABLE_SCOPE_BEGIN|[6]|this|ExpenseWrapper|true|false
15:10:24.0 (20058266)|VARIABLE_ASSIGNMENT|[6]|this|{}|0x4bf48b39
15:10:24.0 (20060575)|VARIABLE_SCOPE_BEGIN|[6]|ex|Expense__c|true|false
15:10:24.0 (20078392)|VARIABLE_ASSIGNMENT|[6]|ex|{"Category__c":"Transportation","RecordTypeId":"012460000005G1FAAU","Amount__c":4000,"Tax__c":520.00,"Submitted__c":true,"Employee__c":"00346000002ojVWAAY","Id":"a0F46000000FtpwEAC","RecordType":{"Name":"Business Trips","Id":"012460000005G1FAAU"},"Employee__r":{"Id":"00346000002ojVWAAY","Name":"Carol Ruiz","Birthdate":"2017-10-09T00:00:00.000Z"}}|0x5fc3db25
15:10:24.0 (20083873)|VARIABLE_SCOPE_BEGIN|[6]|check|Boolean|false|false
15:10:24.0 (20087023)|VARIABLE_ASSIGNMENT|[6]|check|false
15:10:24.0 (20089781)|STATEMENT_EXECUTE|[1]
15:10:24.0 (20091402)|STATEMENT_EXECUTE|[3]
15:10:24.0 (20092691)|STATEMENT_EXECUTE|[4]
15:10:24.0 (20098199)|HEAP_ALLOCATE|[8]|Bytes:6
15:10:24.0 (20114926)|STATEMENT_EXECUTE|[6]
15:10:24.0 (20116309)|STATEMENT_EXECUTE|[8]
15:10:24.0 (20142403)|VARIABLE_ASSIGNMENT|[EXTERNAL]|this|{}|0x4bf48b39
15:10:24.0 (20159142)|VARIABLE_ASSIGNMENT|[EXTERNAL]|value|{"Category__c":"Transportation","RecordTypeId":"012460000005G1FAAU","Amount__c":4000,"Tax__c":520.00,"Submitted__c":true,"Employee__c":"00346000002ojVWAAY","Id":"a0F46000000FtpwEAC","RecordType":{"Name":"Business Trips","Id":"012460000005G1FAAU"},"Employee__r":{"Id":"00346000002ojVWAAY","Name":"Carol Ruiz","Birthdate":"2017-10-09T00:00:00.000Z"}}|0x5fc3db25
15:10:24.0 (20175489)|VARIABLE_ASSIGNMENT|[3]|this.expense|{"Category__c":"Transportation","RecordTypeId":"012460000005G1FAAU","Amount__c":4000,"Tax__c":520.00,"Submitted__c":true,"Employee__c":"00346000002ojVWAAY","Id":"a0F46000000FtpwEAC","RecordType":{"Name":"Business Trips","Id":"012460000005G1FAAU"},"Employee__r":{"Id":"00346000002ojVWAAY","Name":"Carol Ruiz","Birthdate":"2017-10-09T00:00:00.000Z"}}|0x4bf48b39
15:10:24.0 (20182768)|STATEMENT_EXECUTE|[9]
15:10:24.0 (20204971)|VARIABLE_ASSIGNMENT|[EXTERNAL]|this|{"expense":"0x5fc3db25"}|0x4bf48b39
15:10:24.0 (20210496)|VARIABLE_ASSIGNMENT|[EXTERNAL]|value|false
15:10:24.0 (20213753)|HEAP_ALLOCATE|[4]|Bytes:5
15:10:24.0 (20218169)|VARIABLE_ASSIGNMENT|[4]|this.checked|false|0x4bf48b39
15:10:24.0 (20227577)|CONSTRUCTOR_EXIT|[28]|01p46000003buu6|<init>(Expense__c,Boolean)
15:10:24.0 (20238982)|HEAP_ALLOCATE|[EXTERNAL]|Bytes:4
15:10:24.0 (20250283)|HEAP_ALLOCATE|[26]|Bytes:5
15:10:24.0 (20273362)|HEAP_ALLOCATE|[26]|Bytes:40
15:10:24.0 (20279146)|VARIABLE_SCOPE_BEGIN|[26]|ex|Expense__c|true|false
15:10:24.0 (20294271)|VARIABLE_ASSIGNMENT|[26]|ex|{"Category__c":"Road Meals","RecordTypeId":"012460000005G1KAAU","Amount__c":8900,"Tax__c":1157.00,"Submitted__c":true,"Employee__c":"00346000002ojeGAAQ","Id":"a0F46000000FmUwEAK","RecordType":{"Name":"Client Meetings","Id":"012460000005G1KAAU"},"Employee__r":{"Id":"00346000002ojeGAAQ","Name":"Paolo Smith"}}|0x16e3c6a4
15:10:24.0 (20298007)|STATEMENT_EXECUTE|[26]
15:10:24.0 (20299236)|STATEMENT_EXECUTE|[28]
15:10:24.0 (20323900)|VARIABLE_ASSIGNMENT|[EXTERNAL]|this|{"CountTotalRecords":7,"OffsetSize":3,"QueryLimit":3,"queryString":"","wrappedExpenses":"0x1b07fac8"}|0x50def576
15:10:24.0 (20333010)|HEAP_ALLOCATE|[28]|Bytes:12
15:10:24.0 (20341038)|CONSTRUCTOR_ENTRY|[28]|01p46000003buu6|<init>(Expense__c,Boolean)
15:10:24.0 (20343858)|VARIABLE_SCOPE_BEGIN|[6]|this|ExpenseWrapper|true|false
15:10:24.0 (20354151)|VARIABLE_ASSIGNMENT|[6]|this|{}|0x5776062a
15:10:24.0 (20356012)|VARIABLE_SCOPE_BEGIN|[6]|ex|Expense__c|true|false
15:10:24.0 (20366528)|VARIABLE_ASSIGNMENT|[6]|ex|{"Category__c":"Road Meals","RecordTypeId":"012460000005G1KAAU","Amount__c":8900,"Tax__c":1157.00,"Submitted__c":true,"Employee__c":"00346000002ojeGAAQ","Id":"a0F46000000FmUwEAK","RecordType":{"Name":"Client Meetings","Id":"012460000005G1KAAU"},"Employee__r":{"Id":"00346000002ojeGAAQ","Name":"Paolo Smith"}}|0x16e3c6a4
15:10:24.0 (20370426)|VARIABLE_SCOPE_BEGIN|[6]|check|Boolean|false|false
15:10:24.0 (20372856)|VARIABLE_ASSIGNMENT|[6]|check|false
15:10:24.0 (20375243)|STATEMENT_EXECUTE|[1]
15:10:24.0 (20376358)|STATEMENT_EXECUTE|[3]
15:10:24.0 (20377346)|STATEMENT_EXECUTE|[4]
15:10:24.0 (20385469)|STATEMENT_EXECUTE|[6]
15:10:24.0 (20386625)|STATEMENT_EXECUTE|[8]
15:10:24.0 (20397682)|VARIABLE_ASSIGNMENT|[EXTERNAL]|this|{}|0x5776062a
15:10:24.0 (20407716)|VARIABLE_ASSIGNMENT|[EXTERNAL]|value|{"Category__c":"Road Meals","RecordTypeId":"012460000005G1KAAU","Amount__c":8900,"Tax__c":1157.00,"Submitted__c":true,"Employee__c":"00346000002ojeGAAQ","Id":"a0F46000000FmUwEAK","RecordType":{"Name":"Client Meetings","Id":"012460000005G1KAAU"},"Employee__r":{"Id":"00346000002ojeGAAQ","Name":"Paolo Smith"}}|0x16e3c6a4
15:10:24.0 (20419388)|VARIABLE_ASSIGNMENT|[3]|this.expense|{"Category__c":"Road Meals","RecordTypeId":"012460000005G1KAAU","Amount__c":8900,"Tax__c":1157.00,"Submitted__c":true,"Employee__c":"00346000002ojeGAAQ","Id":"a0F46000000FmUwEAK","RecordType":{"Name":"Client Meetings","Id":"012460000005G1KAAU"},"Employee__r":{"Id":"00346000002ojeGAAQ","Name":"Paolo Smith"}}|0x5776062a
15:10:24.0 (20424590)|STATEMENT_EXECUTE|[9]
15:10:24.0 (20435252)|VARIABLE_ASSIGNMENT|[EXTERNAL]|this|{"expense":"0x16e3c6a4"}|0x5776062a
15:10:24.0 (20439410)|VARIABLE_ASSIGNMENT|[EXTERNAL]|value|false
15:10:24.0 (20441910)|HEAP_ALLOCATE|[4]|Bytes:5
15:10:24.0 (20445424)|VARIABLE_ASSIGNMENT|[4]|this.checked|false|0x5776062a
15:10:24.0 (20453342)|CONSTRUCTOR_EXIT|[28]|01p46000003buu6|<init>(Expense__c,Boolean)
15:10:24.0 (20459352)|HEAP_ALLOCATE|[EXTERNAL]|Bytes:4
15:10:24.0 (20467852)|HEAP_ALLOCATE|[26]|Bytes:5
15:10:24.0 (20487372)|HEAP_ALLOCATE|[26]|Bytes:44
15:10:24.0 (20492566)|VARIABLE_SCOPE_BEGIN|[26]|ex|Expense__c|true|false
15:10:24.0 (20505865)|VARIABLE_ASSIGNMENT|[26]|ex|{"Category__c":"Lodging","RecordTypeId":"012460000005G1KAAU","Amount__c":4000,"Tax__c":520.00,"Client_Company__c":"At&t","Submitted__c":true,"Employee__c":"00346000002ojeGAAQ","Id":"a0F46000000Ftq1EAC","RecordType":{"Name":"Client Meetings","Id":"012460000005G1KAAU"},"Employee__r":{"Id":"00346000002ojeGAAQ","Name":"Paolo Smith"}}|0x34d84ae3
15:10:24.0 (20509280)|STATEMENT_EXECUTE|[26]
15:10:24.0 (20510707)|STATEMENT_EXECUTE|[28]
15:10:24.0 (20533205)|VARIABLE_ASSIGNMENT|[EXTERNAL]|this|{"CountTotalRecords":7,"OffsetSize":3,"QueryLimit":3,"queryString":"","wrappedExpenses":"0x1b07fac8"}|0x50def576
15:10:24.0 (20540935)|HEAP_ALLOCATE|[28]|Bytes:12
15:10:24.0 (20548071)|CONSTRUCTOR_ENTRY|[28]|01p46000003buu6|<init>(Expense__c,Boolean)
15:10:24.0 (20550681)|VARIABLE_SCOPE_BEGIN|[6]|this|ExpenseWrapper|true|false
15:10:24.0 (20560342)|VARIABLE_ASSIGNMENT|[6]|this|{}|0x4eebe66b
15:10:24.0 (20561981)|VARIABLE_SCOPE_BEGIN|[6]|ex|Expense__c|true|false
15:10:24.0 (20572194)|VARIABLE_ASSIGNMENT|[6]|ex|{"Category__c":"Lodging","RecordTypeId":"012460000005G1KAAU","Amount__c":4000,"Tax__c":520.00,"Client_Company__c":"At&t","Submitted__c":true,"Employee__c":"00346000002ojeGAAQ","Id":"a0F46000000Ftq1EAC","RecordType":{"Name":"Client Meetings","Id":"012460000005G1KAAU"},"Employee__r":{"Id":"00346000002ojeGAAQ","Name":"Paolo Smith"}}|0x34d84ae3
15:10:24.0 (20576775)|VARIABLE_SCOPE_BEGIN|[6]|check|Boolean|false|false
15:10:24.0 (20579143)|VARIABLE_ASSIGNMENT|[6]|check|false
15:10:24.0 (20581083)|STATEMENT_EXECUTE|[1]
15:10:24.0 (20582396)|STATEMENT_EXECUTE|[3]
15:10:24.0 (20583528)|STATEMENT_EXECUTE|[4]
15:10:24.0 (20590953)|STATEMENT_EXECUTE|[6]
15:10:24.0 (20592018)|STATEMENT_EXECUTE|[8]
15:10:24.0 (20602429)|VARIABLE_ASSIGNMENT|[EXTERNAL]|this|{}|0x4eebe66b
15:10:24.0 (20612790)|VARIABLE_ASSIGNMENT|[EXTERNAL]|value|{"Category__c":"Lodging","RecordTypeId":"012460000005G1KAAU","Amount__c":4000,"Tax__c":520.00,"Client_Company__c":"At&t","Submitted__c":true,"Employee__c":"00346000002ojeGAAQ","Id":"a0F46000000Ftq1EAC","RecordType":{"Name":"Client Meetings","Id":"012460000005G1KAAU"},"Employee__r":{"Id":"00346000002ojeGAAQ","Name":"Paolo Smith"}}|0x34d84ae3
15:10:24.0 (20624752)|VARIABLE_ASSIGNMENT|[3]|this.expense|{"Category__c":"Lodging","RecordTypeId":"012460000005G1KAAU","Amount__c":4000,"Tax__c":520.00,"Client_Company__c":"At&t","Submitted__c":true,"Employee__c":"00346000002ojeGAAQ","Id":"a0F46000000Ftq1EAC","RecordType":{"Name":"Client Meetings","Id":"012460000005G1KAAU"},"Employee__r":{"Id":"00346000002ojeGAAQ","Name":"Paolo Smith"}}|0x4eebe66b
15:10:24.0 (20629652)|STATEMENT_EXECUTE|[9]
15:10:24.0 (20639972)|VARIABLE_ASSIGNMENT|[EXTERNAL]|this|{"expense":"0x34d84ae3"}|0x4eebe66b
15:10:24.0 (20643842)|VARIABLE_ASSIGNMENT|[EXTERNAL]|value|false
15:10:24.0 (20646235)|HEAP_ALLOCATE|[4]|Bytes:5
15:10:24.0 (20649591)|VARIABLE_ASSIGNMENT|[4]|this.checked|false|0x4eebe66b
15:10:24.0 (20656651)|CONSTRUCTOR_EXIT|[28]|01p46000003buu6|<init>(Expense__c,Boolean)
15:10:24.0 (20662248)|HEAP_ALLOCATE|[EXTERNAL]|Bytes:4
15:10:24.0 (20670359)|HEAP_ALLOCATE|[26]|Bytes:5
15:10:24.0 (20678096)|VARIABLE_ASSIGNMENT|[26]|ex|null|
15:10:24.0 (20680640)|STATEMENT_EXECUTE|[32]
15:10:24.0 (20710876)|VARIABLE_ASSIGNMENT|[EXTERNAL]|this|{"CountTotalRecords":7,"OffsetSize":3,"QueryLimit":3,"queryString":"","wrappedExpenses":"0x1b07fac8"}|0x50def576
15:10:24.0 (21240936)|SYSTEM_MODE_ENTER|true
15:10:24.0 (21267757)|HEAP_ALLOCATE|[EXTERNAL]|Bytes:24
15:10:24.0 (21273003)|VARIABLE_SCOPE_BEGIN|[107]|this|ExpenseController|true|false
15:10:24.0 (21300040)|VARIABLE_ASSIGNMENT|[107]|this|{"CountTotalRecords":7,"OffsetSize":3,"QueryLimit":3,"queryString":"","wrappedExpenses":"0x1b07fac8"}|0x50def576
15:10:24.0 (21308021)|STATEMENT_EXECUTE|[107]
15:10:24.0 (21313398)|STATEMENT_EXECUTE|[108]
15:10:24.0 (21314535)|STATEMENT_EXECUTE|[109]
15:10:24.0 (21318731)|HEAP_ALLOCATE|[109]|Bytes:5
15:10:24.0 (21411403)|SYSTEM_MODE_ENTER|true
15:10:24.0 (21431439)|HEAP_ALLOCATE|[EXTERNAL]|Bytes:24
15:10:24.0 (21435564)|VARIABLE_SCOPE_BEGIN|[114]|this|ExpenseController|true|false
15:10:24.0 (21459478)|VARIABLE_ASSIGNMENT|[114]|this|{"CountTotalRecords":7,"OffsetSize":3,"QueryLimit":3,"queryString":"","wrappedExpenses":"0x1b07fac8"}|0x50def576
15:10:24.0 (21465681)|STATEMENT_EXECUTE|[114]
15:10:24.0 (21499731)|VARIABLE_ASSIGNMENT|[EXTERNAL]|this|{"CountTotalRecords":7,"OffsetSize":3,"QueryLimit":3,"queryString":"","wrappedExpenses":"0x1b07fac8"}|0x50def576
15:10:24.0 (21508728)|STATEMENT_EXECUTE|[115]
15:10:24.0 (21509875)|STATEMENT_EXECUTE|[116]
15:10:24.0 (21513742)|HEAP_ALLOCATE|[116]|Bytes:5
15:10:24.0 (21816790)|HEAP_ALLOCATE|[EXTERNAL]|Bytes:5
15:10:24.0 (21820776)|HEAP_ALLOCATE|[EXTERNAL]|Bytes:12
15:10:24.0 (21848050)|VARIABLE_ASSIGNMENT|[EXTERNAL]|this.checked|false|0x4bf48b39
15:10:24.0 (21892917)|HEAP_ALLOCATE|[EXTERNAL]|Bytes:5
15:10:24.0 (21895658)|HEAP_ALLOCATE|[EXTERNAL]|Bytes:12
15:10:24.0 (21901085)|VARIABLE_ASSIGNMENT|[EXTERNAL]|this.checked|false|0x5776062a
15:10:24.0 (21933979)|HEAP_ALLOCATE|[EXTERNAL]|Bytes:5
15:10:24.0 (21936225)|HEAP_ALLOCATE|[EXTERNAL]|Bytes:12
15:10:24.0 (21940635)|VARIABLE_ASSIGNMENT|[EXTERNAL]|this.checked|false|0x4eebe66b
15:10:24.0 (22070163)|HEAP_ALLOCATE|[EXTERNAL]|Bytes:24
15:10:24.0 (22078208)|VARIABLE_SCOPE_BEGIN|[126]|this|ExpenseController|true|false
15:10:24.0 (22106689)|VARIABLE_ASSIGNMENT|[126]|this|{"CountTotalRecords":7,"OffsetSize":3,"QueryLimit":3,"queryString":"","wrappedExpenses":"0x1b07fac8"}|0x50def576
15:10:24.0 (22113801)|STATEMENT_EXECUTE|[126]
15:10:24.0 (22115288)|STATEMENT_EXECUTE|[127]
15:10:24.0 (22122199)|HEAP_ALLOCATE|[127]|Bytes:4
15:10:24.0 (22128173)|VARIABLE_ASSIGNMENT|[127]|this.OffsetSize|0|0x50def576
15:10:24.0 (22130204)|STATEMENT_EXECUTE|[128]
15:10:24.0 (25111913)|SYSTEM_MODE_ENTER|true
15:10:24.0 (25131125)|HEAP_ALLOCATE|[EXTERNAL]|Bytes:96
15:10:24.0 (25136814)|HEAP_ALLOCATE|[EXTERNAL]|Bytes:6
15:10:24.0 (25142934)|METHOD_ENTRY|[1]|01p46000002ySm2|SaveAsPdfExtension.SaveAsPdfExtension()
15:10:24.0 (25145146)|STATEMENT_EXECUTE|[1]
15:10:24.0 (25148022)|STATEMENT_EXECUTE|[1]
15:10:24.0 (25151429)|METHOD_EXIT|[1]|SaveAsPdfExtension
15:10:24.0 (25337588)|SYSTEM_MODE_ENTER|true
15:10:24.0 (25368054)|HEAP_ALLOCATE|[EXTERNAL]|Bytes:24
15:10:24.0 (25372859)|VARIABLE_SCOPE_BEGIN|[17]|this|ExpenseController|true|false
15:10:24.0 (25404048)|VARIABLE_ASSIGNMENT|[17]|this|{"CountTotalRecords":7,"OffsetSize":0,"QueryLimit":3,"queryString":"","wrappedExpenses":"0x1b07fac8"}|0x50def576
15:10:24.0 (25410889)|STATEMENT_EXECUTE|[17]
15:10:24.0 (25412275)|STATEMENT_EXECUTE|[19]
15:10:24.0 (25431541)|HEAP_ALLOCATE|[22]|Bytes:1
15:10:24.0 (25444724)|HEAP_ALLOCATE|[22]|Bytes:1
15:10:24.0 (25453394)|HEAP_ALLOCATE|[19]|Bytes:204
15:10:24.0 (25798289)|SOQL_EXECUTE_BEGIN|[19]|Aggregations:0|SELECT Category__c, RecordType.Name, Amount__c, Tax__c, Client_Company__c, Submitted__c, Employee__r.Id, Employee__r.Name, Employee__r.Birthdate FROM Expense__c  ORDER BY Employee__r.Name LIMIT 3 OFFSET 0
15:10:24.0 (30468189)|SOQL_EXECUTE_END|[19]|Rows:3
15:10:24.0 (30482374)|HEAP_ALLOCATE|[19]|Bytes:16
15:10:24.0 (30510642)|HEAP_ALLOCATE|[19]|Bytes:895
15:10:24.0 (30524933)|HEAP_ALLOCATE|[19]|Bytes:16
15:10:24.0 (30537334)|VARIABLE_SCOPE_BEGIN|[19]|results|List<Expense__c>|true|false
15:10:24.0 (30583314)|VARIABLE_ASSIGNMENT|[19]|results|[{"Category__c":"Transportation","RecordTypeId":"012460000005G1FAAU","Amount__c":3500,"Tax__c":455.00,"Submitted__c":true,"Employee__c":"00346000002ojVWAAY","Id":"a0F46000000FBblEAG","RecordType":{"Name":"Business Trips","Id":"012460000005G1FAAU"},"Employee__r":{"Id":"00346000002ojVWAAY","Name":"Carol Ruiz","Birthdate":"2017-10-09T00:00:00.000Z"}},{"RecordTypeId":"012460000005G1FAAU","Amount__c":3000,"Tax__c":390.00,"Submitted__c":true,"Employee__c":"00346000002ojVWAAY","Id":"a0F46000000Fp6rEAC","RecordType":{"Name":"Business Trips","Id":"012460000005G1FAAU"},"Employee__r":{"Id":"00346000002ojVWAAY","Name":"Carol Ruiz","Birthdate":"2017-10-09T00:00:00.000Z"}},{"Category__c":"Event Registration","RecordTypeId":"012460000005G1FAAU","Amount__c":3499,"Tax__c":454.87,"Submitted__c":true,"Employee__c":"00346000002ojVWAAY","Id":"a0F46000000Fp76EAC","RecordType":{"Name":"Business Trips","Id":"012460000005G1FAAU"},"Employee__r":{"Id":"00346000002ojVWAAY","Name":"Carol Ruiz","Birthdate":"2017-10-09T00:00:00.000Z"}}]|0x68f6840b
15:10:24.0 (30591252)|STATEMENT_EXECUTE|[25]
15:10:24.0 (30595380)|HEAP_ALLOCATE|[25]|Bytes:4
15:10:24.0 (30639428)|VARIABLE_ASSIGNMENT|[EXTERNAL]|this|{"CountTotalRecords":7,"OffsetSize":0,"QueryLimit":3,"queryString":"","wrappedExpenses":"0x1b07fac8"}|0x50def576
15:10:24.0 (30648762)|HEAP_ALLOCATE|[EXTERNAL]|Bytes:4
15:10:24.0 (30652894)|VARIABLE_ASSIGNMENT|[EXTERNAL]|value|[]|0x54e7ac2a
15:10:24.0 (30659953)|VARIABLE_ASSIGNMENT|[14]|this.wrappedExpenses|[]|0x50def576
15:10:24.0 (30681279)|HEAP_ALLOCATE|[26]|Bytes:5
15:10:24.0 (30706190)|HEAP_ALLOCATE|[26]|Bytes:40
15:10:24.0 (30713093)|VARIABLE_SCOPE_BEGIN|[26]|ex|Expense__c|true|false
15:10:24.0 (30733904)|VARIABLE_ASSIGNMENT|[26]|ex|{"Category__c":"Transportation","RecordTypeId":"012460000005G1FAAU","Amount__c":3500,"Tax__c":455.00,"Submitted__c":true,"Employee__c":"00346000002ojVWAAY","Id":"a0F46000000FBblEAG","RecordType":{"Name":"Business Trips","Id":"012460000005G1FAAU"},"Employee__r":{"Id":"00346000002ojVWAAY","Name":"Carol Ruiz","Birthdate":"2017-10-09T00:00:00.000Z"}}|0x32009361
15:10:24.0 (30738379)|STATEMENT_EXECUTE|[26]
15:10:24.0 (30739632)|STATEMENT_EXECUTE|[28]
15:10:24.0 (30766917)|VARIABLE_ASSIGNMENT|[EXTERNAL]|this|{"CountTotalRecords":7,"OffsetSize":0,"QueryLimit":3,"queryString":"","wrappedExpenses":"0x54e7ac2a"}|0x50def576
15:10:24.0 (30776249)|HEAP_ALLOCATE|[28]|Bytes:12
15:10:24.0 (30786040)|CONSTRUCTOR_ENTRY|[28]|01p46000003buu6|<init>(Expense__c,Boolean)
15:10:24.0 (30789349)|VARIABLE_SCOPE_BEGIN|[6]|this|ExpenseWrapper|true|false
15:10:24.0 (30801565)|VARIABLE_ASSIGNMENT|[6]|this|{}|0x561ddd2f
15:10:24.0 (30803419)|VARIABLE_SCOPE_BEGIN|[6]|ex|Expense__c|true|false
15:10:24.0 (30818124)|VARIABLE_ASSIGNMENT|[6]|ex|{"Category__c":"Transportation","RecordTypeId":"012460000005G1FAAU","Amount__c":3500,"Tax__c":455.00,"Submitted__c":true,"Employee__c":"00346000002ojVWAAY","Id":"a0F46000000FBblEAG","RecordType":{"Name":"Business Trips","Id":"012460000005G1FAAU"},"Employee__r":{"Id":"00346000002ojVWAAY","Name":"Carol Ruiz","Birthdate":"2017-10-09T00:00:00.000Z"}}|0x32009361
15:10:24.0 (30823807)|VARIABLE_SCOPE_BEGIN|[6]|check|Boolean|false|false
15:10:24.0 (30826606)|VARIABLE_ASSIGNMENT|[6]|check|false
15:10:24.0 (30829063)|STATEMENT_EXECUTE|[1]
15:10:24.0 (30830266)|STATEMENT_EXECUTE|[3]
15:10:24.0 (30831274)|STATEMENT_EXECUTE|[4]
15:10:24.0 (30841172)|STATEMENT_EXECUTE|[6]
15:10:24.0 (30842350)|STATEMENT_EXECUTE|[8]
15:10:24.0 (30854792)|VARIABLE_ASSIGNMENT|[EXTERNAL]|this|{}|0x561ddd2f
15:10:24.0 (30868635)|VARIABLE_ASSIGNMENT|[EXTERNAL]|value|{"Category__c":"Transportation","RecordTypeId":"012460000005G1FAAU","Amount__c":3500,"Tax__c":455.00,"Submitted__c":true,"Employee__c":"00346000002ojVWAAY","Id":"a0F46000000FBblEAG","RecordType":{"Name":"Business Trips","Id":"012460000005G1FAAU"},"Employee__r":{"Id":"00346000002ojVWAAY","Name":"Carol Ruiz","Birthdate":"2017-10-09T00:00:00.000Z"}}|0x32009361
15:10:24.0 (30883760)|VARIABLE_ASSIGNMENT|[3]|this.expense|{"Category__c":"Transportation","RecordTypeId":"012460000005G1FAAU","Amount__c":3500,"Tax__c":455.00,"Submitted__c":true,"Employee__c":"00346000002ojVWAAY","Id":"a0F46000000FBblEAG","RecordType":{"Name":"Business Trips","Id":"012460000005G1FAAU"},"Employee__r":{"Id":"00346000002ojVWAAY","Name":"Carol Ruiz","Birthdate":"2017-10-09T00:00:00.000Z"}}|0x561ddd2f
15:10:24.0 (30889956)|STATEMENT_EXECUTE|[9]
15:10:24.0 (30901911)|VARIABLE_ASSIGNMENT|[EXTERNAL]|this|{"expense":"0x32009361"}|0x561ddd2f
15:10:24.0 (30906619)|VARIABLE_ASSIGNMENT|[EXTERNAL]|value|false
15:10:24.0 (30909300)|HEAP_ALLOCATE|[4]|Bytes:5
15:10:24.0 (30913360)|VARIABLE_ASSIGNMENT|[4]|this.checked|false|0x561ddd2f
15:10:24.0 (30921602)|CONSTRUCTOR_EXIT|[28]|01p46000003buu6|<init>(Expense__c,Boolean)
15:10:24.0 (30928691)|HEAP_ALLOCATE|[EXTERNAL]|Bytes:4
15:10:24.0 (30938395)|HEAP_ALLOCATE|[26]|Bytes:5
15:10:24.0 (30965109)|HEAP_ALLOCATE|[26]|Bytes:36
15:10:24.0 (30971218)|VARIABLE_SCOPE_BEGIN|[26]|ex|Expense__c|true|false
15:10:24.0 (30988773)|VARIABLE_ASSIGNMENT|[26]|ex|{"RecordTypeId":"012460000005G1FAAU","Amount__c":3000,"Tax__c":390.00,"Submitted__c":true,"Employee__c":"00346000002ojVWAAY","Id":"a0F46000000Fp6rEAC","RecordType":{"Name":"Business Trips","Id":"012460000005G1FAAU"},"Employee__r":{"Id":"00346000002ojVWAAY","Name":"Carol Ruiz","Birthdate":"2017-10-09T00:00:00.000Z"}}|0x5da0e678
15:10:24.0 (30993340)|STATEMENT_EXECUTE|[26]
15:10:24.0 (30994553)|STATEMENT_EXECUTE|[28]
15:10:24.0 (31022836)|VARIABLE_ASSIGNMENT|[EXTERNAL]|this|{"CountTotalRecords":7,"OffsetSize":0,"QueryLimit":3,"queryString":"","wrappedExpenses":"0x54e7ac2a"}|0x50def576
15:10:24.0 (31031896)|HEAP_ALLOCATE|[28]|Bytes:12
15:10:24.0 (31039765)|CONSTRUCTOR_ENTRY|[28]|01p46000003buu6|<init>(Expense__c,Boolean)
15:10:24.0 (31042560)|VARIABLE_SCOPE_BEGIN|[6]|this|ExpenseWrapper|true|false
15:10:24.0 (31053506)|VARIABLE_ASSIGNMENT|[6]|this|{}|0x6fa0551a
15:10:24.0 (31055228)|VARIABLE_SCOPE_BEGIN|[6]|ex|Expense__c|true|false
15:10:24.0 (31068703)|VARIABLE_ASSIGNMENT|[6]|ex|{"RecordTypeId":"012460000005G1FAAU","Amount__c":3000,"Tax__c":390.00,"Submitted__c":true,"Employee__c":"00346000002ojVWAAY","Id":"a0F46000000Fp6rEAC","RecordType":{"Name":"Business Trips","Id":"012460000005G1FAAU"},"Employee__r":{"Id":"00346000002ojVWAAY","Name":"Carol Ruiz","Birthdate":"2017-10-09T00:00:00.000Z"}}|0x5da0e678
15:10:24.0 (31073679)|VARIABLE_SCOPE_BEGIN|[6]|check|Boolean|false|false
15:10:24.0 (31075955)|VARIABLE_ASSIGNMENT|[6]|check|false
15:10:24.0 (31078075)|STATEMENT_EXECUTE|[1]
15:10:24.0 (31079074)|STATEMENT_EXECUTE|[3]
15:10:24.0 (31080078)|STATEMENT_EXECUTE|[4]
15:10:24.0 (31088653)|STATEMENT_EXECUTE|[6]
15:10:24.0 (31089743)|STATEMENT_EXECUTE|[8]
15:10:24.0 (31122264)|VARIABLE_ASSIGNMENT|[EXTERNAL]|this|{}|0x6fa0551a
15:10:24.0 (31146395)|VARIABLE_ASSIGNMENT|[EXTERNAL]|value|{"RecordTypeId":"012460000005G1FAAU","Amount__c":3000,"Tax__c":390.00,"Submitted__c":true,"Employee__c":"00346000002ojVWAAY","Id":"a0F46000000Fp6rEAC","RecordType":{"Name":"Business Trips","Id":"012460000005G1FAAU"},"Employee__r":{"Id":"00346000002ojVWAAY","Name":"Carol Ruiz","Birthdate":"2017-10-09T00:00:00.000Z"}}|0x5da0e678
15:10:24.0 (31167599)|VARIABLE_ASSIGNMENT|[3]|this.expense|{"RecordTypeId":"012460000005G1FAAU","Amount__c":3000,"Tax__c":390.00,"Submitted__c":true,"Employee__c":"00346000002ojVWAAY","Id":"a0F46000000Fp6rEAC","RecordType":{"Name":"Business Trips","Id":"012460000005G1FAAU"},"Employee__r":{"Id":"00346000002ojVWAAY","Name":"Carol Ruiz","Birthdate":"2017-10-09T00:00:00.000Z"}}|0x6fa0551a
15:10:24.0 (31175954)|STATEMENT_EXECUTE|[9]
15:10:24.0 (31191981)|VARIABLE_ASSIGNMENT|[EXTERNAL]|this|{"expense":"0x5da0e678"}|0x6fa0551a
15:10:24.0 (31197442)|VARIABLE_ASSIGNMENT|[EXTERNAL]|value|false
15:10:24.0 (31200437)|HEAP_ALLOCATE|[4]|Bytes:5
15:10:24.0 (31204461)|VARIABLE_ASSIGNMENT|[4]|this.checked|false|0x6fa0551a
15:10:24.0 (31213097)|CONSTRUCTOR_EXIT|[28]|01p46000003buu6|<init>(Expense__c,Boolean)
15:10:24.0 (31220003)|HEAP_ALLOCATE|[EXTERNAL]|Bytes:4
15:10:24.0 (31229791)|HEAP_ALLOCATE|[26]|Bytes:5
15:10:24.0 (31252881)|HEAP_ALLOCATE|[26]|Bytes:40
15:10:24.0 (31258461)|VARIABLE_SCOPE_BEGIN|[26]|ex|Expense__c|true|false
15:10:24.0 (31275961)|VARIABLE_ASSIGNMENT|[26]|ex|{"Category__c":"Event Registration","RecordTypeId":"012460000005G1FAAU","Amount__c":3499,"Tax__c":454.87,"Submitted__c":true,"Employee__c":"00346000002ojVWAAY","Id":"a0F46000000Fp76EAC","RecordType":{"Name":"Business Trips","Id":"012460000005G1FAAU"},"Employee__r":{"Id":"00346000002ojVWAAY","Name":"Carol Ruiz","Birthdate":"2017-10-09T00:00:00.000Z"}}|0x5ace106a
15:10:24.0 (31280493)|STATEMENT_EXECUTE|[26]
15:10:24.0 (31281710)|STATEMENT_EXECUTE|[28]
15:10:24.0 (31306545)|VARIABLE_ASSIGNMENT|[EXTERNAL]|this|{"CountTotalRecords":7,"OffsetSize":0,"QueryLimit":3,"queryString":"","wrappedExpenses":"0x54e7ac2a"}|0x50def576
15:10:24.0 (31314954)|HEAP_ALLOCATE|[28]|Bytes:12
15:10:24.0 (31322439)|CONSTRUCTOR_ENTRY|[28]|01p46000003buu6|<init>(Expense__c,Boolean)
15:10:24.0 (31324935)|VARIABLE_SCOPE_BEGIN|[6]|this|ExpenseWrapper|true|false
15:10:24.0 (31335089)|VARIABLE_ASSIGNMENT|[6]|this|{}|0x33aa4239
15:10:24.0 (31336632)|VARIABLE_SCOPE_BEGIN|[6]|ex|Expense__c|true|false
15:10:24.0 (31349669)|VARIABLE_ASSIGNMENT|[6]|ex|{"Category__c":"Event Registration","RecordTypeId":"012460000005G1FAAU","Amount__c":3499,"Tax__c":454.87,"Submitted__c":true,"Employee__c":"00346000002ojVWAAY","Id":"a0F46000000Fp76EAC","RecordType":{"Name":"Business Trips","Id":"012460000005G1FAAU"},"Employee__r":{"Id":"00346000002ojVWAAY","Name":"Carol Ruiz","Birthdate":"2017-10-09T00:00:00.000Z"}}|0x5ace106a
15:10:24.0 (31354419)|VARIABLE_SCOPE_BEGIN|[6]|check|Boolean|false|false
15:10:24.0 (31356978)|VARIABLE_ASSIGNMENT|[6]|check|false
15:10:24.0 (31359078)|STATEMENT_EXECUTE|[1]
15:10:24.0 (31360067)|STATEMENT_EXECUTE|[3]
15:10:24.0 (31361046)|STATEMENT_EXECUTE|[4]
15:10:24.0 (31369828)|STATEMENT_EXECUTE|[6]
15:10:24.0 (31370972)|STATEMENT_EXECUTE|[8]
15:10:24.0 (31561695)|VARIABLE_ASSIGNMENT|[EXTERNAL]|this|{}|0x33aa4239
15:10:24.0 (31580198)|VARIABLE_ASSIGNMENT|[EXTERNAL]|value|{"Category__c":"Event Registration","RecordTypeId":"012460000005G1FAAU","Amount__c":3499,"Tax__c":454.87,"Submitted__c":true,"Employee__c":"00346000002ojVWAAY","Id":"a0F46000000Fp76EAC","RecordType":{"Name":"Business Trips","Id":"012460000005G1FAAU"},"Employee__r":{"Id":"00346000002ojVWAAY","Name":"Carol Ruiz","Birthdate":"2017-10-09T00:00:00.000Z"}}|0x5ace106a
15:10:24.0 (31597135)|VARIABLE_ASSIGNMENT|[3]|this.expense|{"Category__c":"Event Registration","RecordTypeId":"012460000005G1FAAU","Amount__c":3499,"Tax__c":454.87,"Submitted__c":true,"Employee__c":"00346000002ojVWAAY","Id":"a0F46000000Fp76EAC","RecordType":{"Name":"Business Trips","Id":"012460000005G1FAAU"},"Employee__r":{"Id":"00346000002ojVWAAY","Name":"Carol Ruiz","Birthdate":"2017-10-09T00:00:00.000Z"}}|0x33aa4239
15:10:24.0 (31604535)|STATEMENT_EXECUTE|[9]
15:10:24.0 (31618035)|VARIABLE_ASSIGNMENT|[EXTERNAL]|this|{"expense":"0x5ace106a"}|0x33aa4239
15:10:24.0 (31623042)|VARIABLE_ASSIGNMENT|[EXTERNAL]|value|false
15:10:24.0 (31625754)|HEAP_ALLOCATE|[4]|Bytes:5
15:10:24.0 (31630618)|VARIABLE_ASSIGNMENT|[4]|this.checked|false|0x33aa4239
15:10:24.0 (31639303)|CONSTRUCTOR_EXIT|[28]|01p46000003buu6|<init>(Expense__c,Boolean)
15:10:24.0 (31645889)|HEAP_ALLOCATE|[EXTERNAL]|Bytes:4
15:10:24.0 (31656949)|HEAP_ALLOCATE|[26]|Bytes:5
15:10:24.0 (31668762)|VARIABLE_ASSIGNMENT|[26]|ex|null|
15:10:24.0 (31671602)|STATEMENT_EXECUTE|[32]
15:10:24.0 (31695573)|VARIABLE_ASSIGNMENT|[EXTERNAL]|this|{"CountTotalRecords":7,"OffsetSize":0,"QueryLimit":3,"queryString":"","wrappedExpenses":"0x54e7ac2a"}|0x50def576
15:10:24.0 (33099245)|SYSTEM_MODE_ENTER|true
15:10:24.0 (33125579)|HEAP_ALLOCATE|[EXTERNAL]|Bytes:24
15:10:24.0 (33130822)|VARIABLE_SCOPE_BEGIN|[107]|this|ExpenseController|true|false
15:10:24.0 (33161721)|VARIABLE_ASSIGNMENT|[107]|this|{"CountTotalRecords":7,"OffsetSize":0,"QueryLimit":3,"queryString":"","wrappedExpenses":"0x54e7ac2a"}|0x50def576
15:10:24.0 (33168709)|STATEMENT_EXECUTE|[107]
15:10:24.0 (33172583)|STATEMENT_EXECUTE|[111]
15:10:24.0 (33177356)|HEAP_ALLOCATE|[111]|Bytes:5
15:10:24.0 (33405173)|SYSTEM_MODE_ENTER|true
15:10:24.0 (33426837)|HEAP_ALLOCATE|[EXTERNAL]|Bytes:24
15:10:24.0 (33431263)|VARIABLE_SCOPE_BEGIN|[114]|this|ExpenseController|true|false
15:10:24.0 (33458474)|VARIABLE_ASSIGNMENT|[114]|this|{"CountTotalRecords":7,"OffsetSize":0,"QueryLimit":3,"queryString":"","wrappedExpenses":"0x54e7ac2a"}|0x50def576
15:10:24.0 (33464665)|STATEMENT_EXECUTE|[114]
15:10:24.0 (33489814)|VARIABLE_ASSIGNMENT|[EXTERNAL]|this|{"CountTotalRecords":7,"OffsetSize":0,"QueryLimit":3,"queryString":"","wrappedExpenses":"0x54e7ac2a"}|0x50def576
15:10:24.0 (33498168)|STATEMENT_EXECUTE|[115]
15:10:24.0 (33499368)|STATEMENT_EXECUTE|[116]
15:10:24.0 (33503732)|HEAP_ALLOCATE|[116]|Bytes:5
15:10:24.0 (40833198)|VF_SERIALIZE_VIEWSTATE_BEGIN|06646000001BW08
15:10:24.0 (51764346)|VF_SERIALIZE_VIEWSTATE_END
15:10:24.0 (63510953)|CODE_UNIT_STARTED|[EXTERNAL]|Generate Metadata
15:10:24.0 (64996308)|CODE_UNIT_FINISHED|Generate Metadata
15:10:24.67 (67082103)|CUMULATIVE_LIMIT_USAGE
15:10:24.67 (67082103)|LIMIT_USAGE_FOR_NS|(default)|
  Number of SOQL queries: 2 out of 100
  Number of query rows: 6 out of 50000
  Number of SOSL queries: 0 out of 20
  Number of DML statements: 0 out of 150
  Number of DML rows: 0 out of 10000
  Maximum CPU time: 0 out of 10000
  Maximum heap size: 0 out of 6000000
  Number of callouts: 0 out of 100
  Number of Email Invocations: 0 out of 10
  Number of future calls: 0 out of 50
  Number of queueable jobs added to the queue: 0 out of 50
  Number of Mobile Apex push calls: 0 out of 10

15:10:24.67 (67082103)|CUMULATIVE_LIMIT_USAGE_END

15:10:24.0 (67113533)|CODE_UNIT_FINISHED|VF: /apex/ListOfEmployees
15:10:24.0 (67849464)|EXECUTION_FINISHED
