39.0 APEX_CODE,FINEST;APEX_PROFILING,INFO;CALLOUT,INFO;DB,INFO;SYSTEM,DEBUG;VALIDATION,INFO;VISUALFORCE,INFO;WAVE,INFO;WORKFLOW,INFO
16:03:58.0 (312619)|USER_INFO|[EXTERNAL]|00546000000Iihs|pacosta@altimetrik.com|Argentine Time|GMT-03:00
16:03:58.0 (345890)|EXECUTION_STARTED
16:03:58.0 (350769)|CODE_UNIT_STARTED|[EXTERNAL]|06646000001BW08|VF: /apex/ListOfEmployees
16:03:58.0 (6767325)|SYSTEM_MODE_ENTER|true
16:03:58.0 (7199818)|HEAP_ALLOCATE|[72]|Bytes:3
16:03:58.0 (7234022)|HEAP_ALLOCATE|[77]|Bytes:152
16:03:58.0 (7248386)|HEAP_ALLOCATE|[342]|Bytes:408
16:03:58.0 (7261485)|HEAP_ALLOCATE|[355]|Bytes:408
16:03:58.0 (7275025)|HEAP_ALLOCATE|[467]|Bytes:48
16:03:58.0 (7301388)|HEAP_ALLOCATE|[139]|Bytes:6
16:03:58.0 (7313334)|HEAP_ALLOCATE|[EXTERNAL]|Bytes:14
16:03:58.0 (7317253)|HEAP_ALLOCATE|[EXTERNAL]|Bytes:88
16:03:58.0 (7319226)|HEAP_ALLOCATE|[EXTERNAL]|Bytes:21
16:03:58.0 (7326312)|METHOD_ENTRY|[1]|01p46000002wayn|ExpenseController.ExpenseController()
16:03:58.0 (7331575)|STATEMENT_EXECUTE|[1]
16:03:58.0 (7337043)|STATEMENT_EXECUTE|[1]
16:03:58.0 (7338543)|STATEMENT_EXECUTE|[70]
16:03:58.0 (7342852)|METHOD_EXIT|[1]|ExpenseController
16:03:58.0 (7357604)|HEAP_ALLOCATE|[EXTERNAL]|Bytes:12
16:03:58.0 (7363911)|VARIABLE_SCOPE_BEGIN|[1]|this|ExpenseController|true|false
16:03:58.0 (7407853)|VARIABLE_ASSIGNMENT|[1]|this|{}|0x2f3362aa
16:03:58.0 (7418016)|HEAP_ALLOCATE|[3]|Bytes:6
16:03:58.0 (7454325)|STATEMENT_EXECUTE|[1]
16:03:58.0 (7456096)|STATEMENT_EXECUTE|[3]
16:03:58.0 (7470404)|VARIABLE_ASSIGNMENT|[3]|this.queryString|""|0x2f3362aa
16:03:58.0 (7472734)|STATEMENT_EXECUTE|[5]
16:03:58.0 (7540521)|SYSTEM_MODE_ENTER|true
16:03:58.0 (15638696)|VF_SERIALIZE_VIEWSTATE_BEGIN|06646000001BW08
16:03:58.0 (24610882)|VF_SERIALIZE_VIEWSTATE_END
16:03:58.0 (25763408)|CODE_UNIT_STARTED|[EXTERNAL]|Generate Metadata
16:03:58.0 (26111031)|CODE_UNIT_FINISHED|Generate Metadata
16:03:58.27 (27708381)|CUMULATIVE_LIMIT_USAGE
16:03:58.27 (27708381)|LIMIT_USAGE_FOR_NS|(default)|
  Number of SOQL queries: 0 out of 100
  Number of query rows: 0 out of 50000
  Number of SOSL queries: 0 out of 20
  Number of DML statements: 0 out of 150
  Number of DML rows: 0 out of 10000
  Maximum CPU time: 0 out of 10000
  Maximum heap size: 0 out of 6000000
  Number of callouts: 0 out of 100
  Number of Email Invocations: 0 out of 10
  Number of future calls: 0 out of 50
  Number of queueable jobs added to the queue: 0 out of 50
  Number of Mobile Apex push calls: 0 out of 10

16:03:58.27 (27708381)|CUMULATIVE_LIMIT_USAGE_END

16:03:58.0 (27739172)|CODE_UNIT_FINISHED|VF: /apex/ListOfEmployees
16:03:58.0 (28459287)|EXECUTION_FINISHED
