39.0 APEX_CODE,FINEST;APEX_PROFILING,INFO;CALLOUT,INFO;DB,INFO;SYSTEM,DEBUG;VALIDATION,INFO;VISUALFORCE,INFO;WAVE,INFO;WORKFLOW,INFO
12:41:02.0 (310132)|USER_INFO|[EXTERNAL]|00546000000Iihs|pacosta@altimetrik.com|Argentine Time|GMT-03:00
12:41:02.0 (330875)|EXECUTION_STARTED
12:41:02.0 (333695)|CODE_UNIT_STARTED|[EXTERNAL]|06646000001BW08|VF: /apex/ListOfEmployees
12:41:02.0 (868701)|VF_DESERIALIZE_VIEWSTATE_BEGIN|06646000001BW08
12:41:02.0 (13425351)|HEAP_ALLOCATE|[72]|Bytes:3
12:41:02.0 (13450655)|HEAP_ALLOCATE|[77]|Bytes:152
12:41:02.0 (13460852)|HEAP_ALLOCATE|[342]|Bytes:408
12:41:02.0 (13473147)|HEAP_ALLOCATE|[355]|Bytes:408
12:41:02.0 (13484478)|HEAP_ALLOCATE|[467]|Bytes:48
12:41:02.0 (13505834)|HEAP_ALLOCATE|[139]|Bytes:6
12:41:02.0 (15414660)|HEAP_ALLOCATE|[50]|Bytes:5
12:41:02.0 (15434341)|HEAP_ALLOCATE|[56]|Bytes:5
12:41:02.0 (15441293)|HEAP_ALLOCATE|[64]|Bytes:7
12:41:02.0 (17559380)|VF_DESERIALIZE_VIEWSTATE_END
12:41:02.0 (18467776)|SYSTEM_MODE_ENTER|true
12:41:02.0 (18672970)|HEAP_ALLOCATE|[EXTERNAL]|Bytes:140
12:41:02.0 (18678943)|HEAP_ALLOCATE|[EXTERNAL]|Bytes:46
12:41:02.0 (18686784)|METHOD_ENTRY|[1]|01p46000002wayn|ExpenseController.ExpenseController()
12:41:02.0 (18689845)|STATEMENT_EXECUTE|[1]
12:41:02.0 (18694221)|STATEMENT_EXECUTE|[1]
12:41:02.0 (18698586)|METHOD_EXIT|[1]|ExpenseController
12:41:02.0 (18706991)|HEAP_ALLOCATE|[EXTERNAL]|Bytes:24
12:41:02.0 (18713563)|VARIABLE_SCOPE_BEGIN|[17]|this|ExpenseController|true|false
12:41:02.0 (18773977)|VARIABLE_ASSIGNMENT|[17]|this|{"CountTotalRecords":7,"OffsetSize":0,"QueryLimit":3,"queryString":"","wrappedExpenses":"0x2a82d18c"}|0x1399d2cb
12:41:02.0 (18781545)|STATEMENT_EXECUTE|[17]
12:41:02.0 (18782815)|STATEMENT_EXECUTE|[19]
12:41:02.0 (18785853)|HEAP_ALLOCATE|[19]|Bytes:161
12:41:02.0 (18791465)|HEAP_ALLOCATE|[22]|Bytes:33
12:41:02.0 (18837392)|HEAP_ALLOCATE|[22]|Bytes:1
12:41:02.0 (18846747)|HEAP_ALLOCATE|[22]|Bytes:8
12:41:02.0 (18854587)|HEAP_ALLOCATE|[22]|Bytes:1
12:41:02.0 (18864750)|HEAP_ALLOCATE|[19]|Bytes:204
12:41:02.0 (19572099)|SOQL_EXECUTE_BEGIN|[19]|Aggregations:0|SELECT Category__c, RecordType.Name, Amount__c, Tax__c, Client_Company__c, Submitted__c, Employee__r.Id, Employee__r.Name, Employee__r.Birthdate FROM Expense__c  ORDER BY Employee__r.Name LIMIT 3 OFFSET 0
12:41:02.0 (27832654)|SOQL_EXECUTE_END|[19]|Rows:3
12:41:02.0 (27847939)|HEAP_ALLOCATE|[19]|Bytes:16
12:41:02.0 (27879724)|HEAP_ALLOCATE|[19]|Bytes:895
12:41:02.0 (27917333)|HEAP_ALLOCATE|[19]|Bytes:16
12:41:02.0 (27933548)|VARIABLE_SCOPE_BEGIN|[19]|results|List<Expense__c>|true|false
12:41:02.0 (27998782)|VARIABLE_ASSIGNMENT|[19]|results|[{"Category__c":"Transportation","RecordTypeId":"012460000005G1FAAU","Amount__c":3500,"Tax__c":455.00,"Submitted__c":true,"Employee__c":"00346000002ojVWAAY","Id":"a0F46000000FBblEAG","RecordType":{"Name":"Business Trips","Id":"012460000005G1FAAU"},"Employee__r":{"Id":"00346000002ojVWAAY","Name":"Carol Ruiz","Birthdate":"2017-10-09T00:00:00.000Z"}},{"RecordTypeId":"012460000005G1FAAU","Amount__c":3000,"Tax__c":390.00,"Submitted__c":true,"Employee__c":"00346000002ojVWAAY","Id":"a0F46000000Fp6rEAC","RecordType":{"Name":"Business Trips","Id":"012460000005G1FAAU"},"Employee__r":{"Id":"00346000002ojVWAAY","Name":"Carol Ruiz","Birthdate":"2017-10-09T00:00:00.000Z"}},{"Category__c":"Event Registration","RecordTypeId":"012460000005G1FAAU","Amount__c":3499,"Tax__c":454.87,"Submitted__c":true,"Employee__c":"00346000002ojVWAAY","Id":"a0F46000000Fp76EAC","RecordType":{"Name":"Business Trips","Id":"012460000005G1FAAU"},"Employee__r":{"Id":"00346000002ojVWAAY","Name":"Carol Ruiz","Birthdate":"2017-10-09T00:00:00.000Z"}}]|0x7a1ddb03
12:41:02.0 (28007317)|STATEMENT_EXECUTE|[25]
12:41:02.0 (28014500)|HEAP_ALLOCATE|[25]|Bytes:4
12:41:02.0 (28116599)|VARIABLE_ASSIGNMENT|[EXTERNAL]|this|{"CountTotalRecords":7,"OffsetSize":0,"QueryLimit":3,"queryString":"","wrappedExpenses":"0x2a82d18c"}|0x1399d2cb
12:41:02.0 (28132036)|HEAP_ALLOCATE|[EXTERNAL]|Bytes:4
12:41:02.0 (28137067)|VARIABLE_ASSIGNMENT|[EXTERNAL]|value|[]|0x2a626fc4
12:41:02.0 (28146597)|VARIABLE_ASSIGNMENT|[14]|this.wrappedExpenses|[]|0x1399d2cb
12:41:02.0 (28300565)|HEAP_ALLOCATE|[26]|Bytes:5
12:41:02.0 (28330223)|HEAP_ALLOCATE|[26]|Bytes:40
12:41:02.0 (28338584)|VARIABLE_SCOPE_BEGIN|[26]|ex|Expense__c|true|false
12:41:02.0 (28359007)|VARIABLE_ASSIGNMENT|[26]|ex|{"Category__c":"Transportation","RecordTypeId":"012460000005G1FAAU","Amount__c":3500,"Tax__c":455.00,"Submitted__c":true,"Employee__c":"00346000002ojVWAAY","Id":"a0F46000000FBblEAG","RecordType":{"Name":"Business Trips","Id":"012460000005G1FAAU"},"Employee__r":{"Id":"00346000002ojVWAAY","Name":"Carol Ruiz","Birthdate":"2017-10-09T00:00:00.000Z"}}|0x3846994f
12:41:02.0 (28363257)|STATEMENT_EXECUTE|[26]
12:41:02.0 (28364510)|STATEMENT_EXECUTE|[28]
12:41:02.0 (28402433)|VARIABLE_ASSIGNMENT|[EXTERNAL]|this|{"CountTotalRecords":7,"OffsetSize":0,"QueryLimit":3,"queryString":"","wrappedExpenses":"0x2a626fc4"}|0x1399d2cb
12:41:02.0 (28414767)|HEAP_ALLOCATE|[28]|Bytes:112
12:41:02.0 (28419697)|HEAP_ALLOCATE|[28]|Bytes:5
12:41:02.0 (28446164)|METHOD_ENTRY|[1]|01p46000003buu6|ExpenseWrapper.ExpenseWrapper()
12:41:02.0 (28448735)|STATEMENT_EXECUTE|[1]
12:41:02.0 (28451937)|STATEMENT_EXECUTE|[1]
12:41:02.0 (28455664)|METHOD_EXIT|[1]|ExpenseWrapper
12:41:02.0 (28463393)|HEAP_ALLOCATE|[28]|Bytes:12
12:41:02.0 (28474646)|CONSTRUCTOR_ENTRY|[28]|01p46000003buu6|<init>(Expense__c,Boolean)
12:41:02.0 (28483930)|VARIABLE_SCOPE_BEGIN|[6]|this|ExpenseWrapper|true|false
12:41:02.0 (28501157)|VARIABLE_ASSIGNMENT|[6]|this|{}|0x27b33d2a
12:41:02.0 (28503574)|VARIABLE_SCOPE_BEGIN|[6]|ex|Expense__c|true|false
12:41:02.0 (28519025)|VARIABLE_ASSIGNMENT|[6]|ex|{"Category__c":"Transportation","RecordTypeId":"012460000005G1FAAU","Amount__c":3500,"Tax__c":455.00,"Submitted__c":true,"Employee__c":"00346000002ojVWAAY","Id":"a0F46000000FBblEAG","RecordType":{"Name":"Business Trips","Id":"012460000005G1FAAU"},"Employee__r":{"Id":"00346000002ojVWAAY","Name":"Carol Ruiz","Birthdate":"2017-10-09T00:00:00.000Z"}}|0x3846994f
12:41:02.0 (28523778)|VARIABLE_SCOPE_BEGIN|[6]|check|Boolean|false|false
12:41:02.0 (28526822)|VARIABLE_ASSIGNMENT|[6]|check|false
12:41:02.0 (28529224)|STATEMENT_EXECUTE|[1]
12:41:02.0 (28530243)|STATEMENT_EXECUTE|[3]
12:41:02.0 (28531333)|STATEMENT_EXECUTE|[4]
12:41:02.0 (28536325)|HEAP_ALLOCATE|[8]|Bytes:6
12:41:02.0 (28553268)|STATEMENT_EXECUTE|[6]
12:41:02.0 (28554487)|STATEMENT_EXECUTE|[8]
12:41:02.0 (28600341)|VARIABLE_ASSIGNMENT|[EXTERNAL]|this|{}|0x27b33d2a
12:41:02.0 (28615869)|VARIABLE_ASSIGNMENT|[EXTERNAL]|value|{"Category__c":"Transportation","RecordTypeId":"012460000005G1FAAU","Amount__c":3500,"Tax__c":455.00,"Submitted__c":true,"Employee__c":"00346000002ojVWAAY","Id":"a0F46000000FBblEAG","RecordType":{"Name":"Business Trips","Id":"012460000005G1FAAU"},"Employee__r":{"Id":"00346000002ojVWAAY","Name":"Carol Ruiz","Birthdate":"2017-10-09T00:00:00.000Z"}}|0x3846994f
12:41:02.0 (28630774)|VARIABLE_ASSIGNMENT|[3]|this.expense|{"Category__c":"Transportation","RecordTypeId":"012460000005G1FAAU","Amount__c":3500,"Tax__c":455.00,"Submitted__c":true,"Employee__c":"00346000002ojVWAAY","Id":"a0F46000000FBblEAG","RecordType":{"Name":"Business Trips","Id":"012460000005G1FAAU"},"Employee__r":{"Id":"00346000002ojVWAAY","Name":"Carol Ruiz","Birthdate":"2017-10-09T00:00:00.000Z"}}|0x27b33d2a
12:41:02.0 (28637402)|STATEMENT_EXECUTE|[9]
12:41:02.0 (28664959)|VARIABLE_ASSIGNMENT|[EXTERNAL]|this|{"expense":"0x3846994f"}|0x27b33d2a
12:41:02.0 (28669904)|VARIABLE_ASSIGNMENT|[EXTERNAL]|value|false
12:41:02.0 (28673252)|HEAP_ALLOCATE|[4]|Bytes:5
12:41:02.0 (28677429)|VARIABLE_ASSIGNMENT|[4]|this.checked|false|0x27b33d2a
12:41:02.0 (28685311)|CONSTRUCTOR_EXIT|[28]|01p46000003buu6|<init>(Expense__c,Boolean)
12:41:02.0 (28695257)|HEAP_ALLOCATE|[EXTERNAL]|Bytes:4
12:41:02.0 (28703859)|HEAP_ALLOCATE|[26]|Bytes:5
12:41:02.0 (28723191)|HEAP_ALLOCATE|[26]|Bytes:36
12:41:02.0 (28728543)|VARIABLE_SCOPE_BEGIN|[26]|ex|Expense__c|true|false
12:41:02.0 (28744010)|VARIABLE_ASSIGNMENT|[26]|ex|{"RecordTypeId":"012460000005G1FAAU","Amount__c":3000,"Tax__c":390.00,"Submitted__c":true,"Employee__c":"00346000002ojVWAAY","Id":"a0F46000000Fp6rEAC","RecordType":{"Name":"Business Trips","Id":"012460000005G1FAAU"},"Employee__r":{"Id":"00346000002ojVWAAY","Name":"Carol Ruiz","Birthdate":"2017-10-09T00:00:00.000Z"}}|0x6a34d927
12:41:02.0 (28747628)|STATEMENT_EXECUTE|[26]
12:41:02.0 (28748724)|STATEMENT_EXECUTE|[28]
12:41:02.0 (28767412)|VARIABLE_ASSIGNMENT|[EXTERNAL]|this|{"CountTotalRecords":7,"OffsetSize":0,"QueryLimit":3,"queryString":"","wrappedExpenses":"0x2a626fc4"}|0x1399d2cb
12:41:02.0 (28773983)|HEAP_ALLOCATE|[28]|Bytes:12
12:41:02.0 (28779770)|CONSTRUCTOR_ENTRY|[28]|01p46000003buu6|<init>(Expense__c,Boolean)
12:41:02.0 (28782357)|VARIABLE_SCOPE_BEGIN|[6]|this|ExpenseWrapper|true|false
12:41:02.0 (28789282)|VARIABLE_ASSIGNMENT|[6]|this|{}|0x6b516cb
12:41:02.0 (28790943)|VARIABLE_SCOPE_BEGIN|[6]|ex|Expense__c|true|false
12:41:02.0 (28802700)|VARIABLE_ASSIGNMENT|[6]|ex|{"RecordTypeId":"012460000005G1FAAU","Amount__c":3000,"Tax__c":390.00,"Submitted__c":true,"Employee__c":"00346000002ojVWAAY","Id":"a0F46000000Fp6rEAC","RecordType":{"Name":"Business Trips","Id":"012460000005G1FAAU"},"Employee__r":{"Id":"00346000002ojVWAAY","Name":"Carol Ruiz","Birthdate":"2017-10-09T00:00:00.000Z"}}|0x6a34d927
12:41:02.0 (28806415)|VARIABLE_SCOPE_BEGIN|[6]|check|Boolean|false|false
12:41:02.0 (28809221)|VARIABLE_ASSIGNMENT|[6]|check|false
12:41:02.0 (28810953)|STATEMENT_EXECUTE|[1]
12:41:02.0 (28811884)|STATEMENT_EXECUTE|[3]
12:41:02.0 (28812736)|STATEMENT_EXECUTE|[4]
12:41:02.0 (28819996)|STATEMENT_EXECUTE|[6]
12:41:02.0 (28821027)|STATEMENT_EXECUTE|[8]
12:41:02.0 (28829429)|VARIABLE_ASSIGNMENT|[EXTERNAL]|this|{}|0x6b516cb
12:41:02.0 (28841015)|VARIABLE_ASSIGNMENT|[EXTERNAL]|value|{"RecordTypeId":"012460000005G1FAAU","Amount__c":3000,"Tax__c":390.00,"Submitted__c":true,"Employee__c":"00346000002ojVWAAY","Id":"a0F46000000Fp6rEAC","RecordType":{"Name":"Business Trips","Id":"012460000005G1FAAU"},"Employee__r":{"Id":"00346000002ojVWAAY","Name":"Carol Ruiz","Birthdate":"2017-10-09T00:00:00.000Z"}}|0x6a34d927
12:41:02.0 (28853722)|VARIABLE_ASSIGNMENT|[3]|this.expense|{"RecordTypeId":"012460000005G1FAAU","Amount__c":3000,"Tax__c":390.00,"Submitted__c":true,"Employee__c":"00346000002ojVWAAY","Id":"a0F46000000Fp6rEAC","RecordType":{"Name":"Business Trips","Id":"012460000005G1FAAU"},"Employee__r":{"Id":"00346000002ojVWAAY","Name":"Carol Ruiz","Birthdate":"2017-10-09T00:00:00.000Z"}}|0x6b516cb
12:41:02.0 (28858028)|STATEMENT_EXECUTE|[9]
12:41:02.0 (28866693)|VARIABLE_ASSIGNMENT|[EXTERNAL]|this|{"expense":"0x6a34d927"}|0x6b516cb
12:41:02.0 (28870182)|VARIABLE_ASSIGNMENT|[EXTERNAL]|value|false
12:41:02.0 (28872381)|HEAP_ALLOCATE|[4]|Bytes:5
12:41:02.0 (28875740)|VARIABLE_ASSIGNMENT|[4]|this.checked|false|0x6b516cb
12:41:02.0 (28882084)|CONSTRUCTOR_EXIT|[28]|01p46000003buu6|<init>(Expense__c,Boolean)
12:41:02.0 (28887348)|HEAP_ALLOCATE|[EXTERNAL]|Bytes:4
12:41:02.0 (28894511)|HEAP_ALLOCATE|[26]|Bytes:5
12:41:02.0 (28909065)|HEAP_ALLOCATE|[26]|Bytes:40
12:41:02.0 (28913260)|VARIABLE_SCOPE_BEGIN|[26]|ex|Expense__c|true|false
12:41:02.0 (28928080)|VARIABLE_ASSIGNMENT|[26]|ex|{"Category__c":"Event Registration","RecordTypeId":"012460000005G1FAAU","Amount__c":3499,"Tax__c":454.87,"Submitted__c":true,"Employee__c":"00346000002ojVWAAY","Id":"a0F46000000Fp76EAC","RecordType":{"Name":"Business Trips","Id":"012460000005G1FAAU"},"Employee__r":{"Id":"00346000002ojVWAAY","Name":"Carol Ruiz","Birthdate":"2017-10-09T00:00:00.000Z"}}|0x4d4f22d4
12:41:02.0 (28931153)|STATEMENT_EXECUTE|[26]
12:41:02.0 (28932139)|STATEMENT_EXECUTE|[28]
12:41:02.0 (28948409)|VARIABLE_ASSIGNMENT|[EXTERNAL]|this|{"CountTotalRecords":7,"OffsetSize":0,"QueryLimit":3,"queryString":"","wrappedExpenses":"0x2a626fc4"}|0x1399d2cb
12:41:02.0 (28954830)|HEAP_ALLOCATE|[28]|Bytes:12
12:41:02.0 (28959917)|CONSTRUCTOR_ENTRY|[28]|01p46000003buu6|<init>(Expense__c,Boolean)
12:41:02.0 (28962198)|VARIABLE_SCOPE_BEGIN|[6]|this|ExpenseWrapper|true|false
12:41:02.0 (28968540)|VARIABLE_ASSIGNMENT|[6]|this|{}|0x6fa5833b
12:41:02.0 (28969966)|VARIABLE_SCOPE_BEGIN|[6]|ex|Expense__c|true|false
12:41:02.0 (28981926)|VARIABLE_ASSIGNMENT|[6]|ex|{"Category__c":"Event Registration","RecordTypeId":"012460000005G1FAAU","Amount__c":3499,"Tax__c":454.87,"Submitted__c":true,"Employee__c":"00346000002ojVWAAY","Id":"a0F46000000Fp76EAC","RecordType":{"Name":"Business Trips","Id":"012460000005G1FAAU"},"Employee__r":{"Id":"00346000002ojVWAAY","Name":"Carol Ruiz","Birthdate":"2017-10-09T00:00:00.000Z"}}|0x4d4f22d4
12:41:02.0 (28985335)|VARIABLE_SCOPE_BEGIN|[6]|check|Boolean|false|false
12:41:02.0 (28988009)|VARIABLE_ASSIGNMENT|[6]|check|false
12:41:02.0 (28989683)|STATEMENT_EXECUTE|[1]
12:41:02.0 (28990569)|STATEMENT_EXECUTE|[3]
12:41:02.0 (28991449)|STATEMENT_EXECUTE|[4]
12:41:02.0 (28997696)|STATEMENT_EXECUTE|[6]
12:41:02.0 (28998742)|STATEMENT_EXECUTE|[8]
12:41:02.0 (29006581)|VARIABLE_ASSIGNMENT|[EXTERNAL]|this|{}|0x6fa5833b
12:41:02.0 (29019546)|VARIABLE_ASSIGNMENT|[EXTERNAL]|value|{"Category__c":"Event Registration","RecordTypeId":"012460000005G1FAAU","Amount__c":3499,"Tax__c":454.87,"Submitted__c":true,"Employee__c":"00346000002ojVWAAY","Id":"a0F46000000Fp76EAC","RecordType":{"Name":"Business Trips","Id":"012460000005G1FAAU"},"Employee__r":{"Id":"00346000002ojVWAAY","Name":"Carol Ruiz","Birthdate":"2017-10-09T00:00:00.000Z"}}|0x4d4f22d4
12:41:02.0 (29031845)|VARIABLE_ASSIGNMENT|[3]|this.expense|{"Category__c":"Event Registration","RecordTypeId":"012460000005G1FAAU","Amount__c":3499,"Tax__c":454.87,"Submitted__c":true,"Employee__c":"00346000002ojVWAAY","Id":"a0F46000000Fp76EAC","RecordType":{"Name":"Business Trips","Id":"012460000005G1FAAU"},"Employee__r":{"Id":"00346000002ojVWAAY","Name":"Carol Ruiz","Birthdate":"2017-10-09T00:00:00.000Z"}}|0x6fa5833b
12:41:02.0 (29036210)|STATEMENT_EXECUTE|[9]
12:41:02.0 (29044403)|VARIABLE_ASSIGNMENT|[EXTERNAL]|this|{"expense":"0x4d4f22d4"}|0x6fa5833b
12:41:02.0 (29048202)|VARIABLE_ASSIGNMENT|[EXTERNAL]|value|false
12:41:02.0 (29050378)|HEAP_ALLOCATE|[4]|Bytes:5
12:41:02.0 (29053745)|VARIABLE_ASSIGNMENT|[4]|this.checked|false|0x6fa5833b
12:41:02.0 (29063916)|CONSTRUCTOR_EXIT|[28]|01p46000003buu6|<init>(Expense__c,Boolean)
12:41:02.0 (29069222)|HEAP_ALLOCATE|[EXTERNAL]|Bytes:4
12:41:02.0 (29076152)|HEAP_ALLOCATE|[26]|Bytes:5
12:41:02.0 (29083337)|VARIABLE_ASSIGNMENT|[26]|ex|null|
12:41:02.0 (29085584)|STATEMENT_EXECUTE|[32]
12:41:02.0 (29110032)|VARIABLE_ASSIGNMENT|[EXTERNAL]|this|{"CountTotalRecords":7,"OffsetSize":0,"QueryLimit":3,"queryString":"","wrappedExpenses":"0x2a626fc4"}|0x1399d2cb
12:41:02.0 (29723074)|SYSTEM_MODE_ENTER|true
12:41:02.0 (29752833)|HEAP_ALLOCATE|[EXTERNAL]|Bytes:24
12:41:02.0 (29759327)|VARIABLE_SCOPE_BEGIN|[107]|this|ExpenseController|true|false
12:41:02.0 (29781416)|VARIABLE_ASSIGNMENT|[107]|this|{"CountTotalRecords":7,"OffsetSize":0,"QueryLimit":3,"queryString":"","wrappedExpenses":"0x2a626fc4"}|0x1399d2cb
12:41:02.0 (29787907)|STATEMENT_EXECUTE|[107]
12:41:02.0 (29793870)|STATEMENT_EXECUTE|[111]
12:41:02.0 (29798533)|HEAP_ALLOCATE|[111]|Bytes:5
12:41:02.0 (29864300)|SYSTEM_MODE_ENTER|true
12:41:02.0 (29882774)|HEAP_ALLOCATE|[EXTERNAL]|Bytes:24
12:41:02.0 (29887503)|VARIABLE_SCOPE_BEGIN|[114]|this|ExpenseController|true|false
12:41:02.0 (29904714)|VARIABLE_ASSIGNMENT|[114]|this|{"CountTotalRecords":7,"OffsetSize":0,"QueryLimit":3,"queryString":"","wrappedExpenses":"0x2a626fc4"}|0x1399d2cb
12:41:02.0 (29909741)|STATEMENT_EXECUTE|[114]
12:41:02.0 (29941010)|VARIABLE_ASSIGNMENT|[EXTERNAL]|this|{"CountTotalRecords":7,"OffsetSize":0,"QueryLimit":3,"queryString":"","wrappedExpenses":"0x2a626fc4"}|0x1399d2cb
12:41:02.0 (29950519)|STATEMENT_EXECUTE|[115]
12:41:02.0 (29951615)|STATEMENT_EXECUTE|[116]
12:41:02.0 (29955438)|HEAP_ALLOCATE|[116]|Bytes:5
12:41:02.0 (30235990)|HEAP_ALLOCATE|[EXTERNAL]|Bytes:5
12:41:02.0 (30240161)|HEAP_ALLOCATE|[EXTERNAL]|Bytes:12
12:41:02.0 (30245601)|VARIABLE_ASSIGNMENT|[EXTERNAL]|this.checked|false|0x27b33d2a
12:41:02.0 (30276673)|HEAP_ALLOCATE|[EXTERNAL]|Bytes:5
12:41:02.0 (30278882)|HEAP_ALLOCATE|[EXTERNAL]|Bytes:12
12:41:02.0 (30282566)|VARIABLE_ASSIGNMENT|[EXTERNAL]|this.checked|false|0x6b516cb
12:41:02.0 (30306928)|HEAP_ALLOCATE|[EXTERNAL]|Bytes:5
12:41:02.0 (30308631)|HEAP_ALLOCATE|[EXTERNAL]|Bytes:12
12:41:02.0 (30312055)|VARIABLE_ASSIGNMENT|[EXTERNAL]|this.checked|false|0x6fa5833b
12:41:02.0 (30424132)|HEAP_ALLOCATE|[EXTERNAL]|Bytes:24
12:41:02.0 (30429463)|VARIABLE_SCOPE_BEGIN|[121]|this|ExpenseController|true|false
12:41:02.0 (30450287)|VARIABLE_ASSIGNMENT|[121]|this|{"CountTotalRecords":7,"OffsetSize":0,"QueryLimit":3,"queryString":"","wrappedExpenses":"0x2a626fc4"}|0x1399d2cb
12:41:02.0 (30455874)|STATEMENT_EXECUTE|[121]
12:41:02.0 (30457392)|STATEMENT_EXECUTE|[122]
12:41:02.0 (30462803)|HEAP_ALLOCATE|[122]|Bytes:4
12:41:02.0 (30467588)|VARIABLE_ASSIGNMENT|[122]|this.OffsetSize|3|0x1399d2cb
12:41:02.0 (30469094)|STATEMENT_EXECUTE|[123]
12:41:02.0 (33321387)|SYSTEM_MODE_ENTER|true
12:41:02.0 (33340650)|HEAP_ALLOCATE|[EXTERNAL]|Bytes:96
12:41:02.0 (33345816)|HEAP_ALLOCATE|[EXTERNAL]|Bytes:6
12:41:02.0 (33351747)|METHOD_ENTRY|[1]|01p46000002ySm2|SaveAsPdfExtension.SaveAsPdfExtension()
12:41:02.0 (33354251)|STATEMENT_EXECUTE|[1]
12:41:02.0 (33357031)|STATEMENT_EXECUTE|[1]
12:41:02.0 (33360444)|METHOD_EXIT|[1]|SaveAsPdfExtension
12:41:02.0 (33522223)|SYSTEM_MODE_ENTER|true
12:41:02.0 (33544262)|HEAP_ALLOCATE|[EXTERNAL]|Bytes:24
12:41:02.0 (33548213)|VARIABLE_SCOPE_BEGIN|[17]|this|ExpenseController|true|false
12:41:02.0 (33571811)|VARIABLE_ASSIGNMENT|[17]|this|{"CountTotalRecords":7,"OffsetSize":3,"QueryLimit":3,"queryString":"","wrappedExpenses":"0x2a626fc4"}|0x1399d2cb
12:41:02.0 (33577783)|STATEMENT_EXECUTE|[17]
12:41:02.0 (33579014)|STATEMENT_EXECUTE|[19]
12:41:02.0 (33597853)|HEAP_ALLOCATE|[22]|Bytes:1
12:41:02.0 (33610100)|HEAP_ALLOCATE|[22]|Bytes:1
12:41:02.0 (33618278)|HEAP_ALLOCATE|[19]|Bytes:204
12:41:02.0 (33932300)|SOQL_EXECUTE_BEGIN|[19]|Aggregations:0|SELECT Category__c, RecordType.Name, Amount__c, Tax__c, Client_Company__c, Submitted__c, Employee__r.Id, Employee__r.Name, Employee__r.Birthdate FROM Expense__c  ORDER BY Employee__r.Name LIMIT 3 OFFSET 3
12:41:02.0 (38889614)|SOQL_EXECUTE_END|[19]|Rows:3
12:41:02.0 (38902695)|HEAP_ALLOCATE|[19]|Bytes:16
12:41:02.0 (38934590)|HEAP_ALLOCATE|[19]|Bytes:1032
12:41:02.0 (38948764)|HEAP_ALLOCATE|[19]|Bytes:16
12:41:02.0 (38961554)|VARIABLE_SCOPE_BEGIN|[19]|results|List<Expense__c>|true|false
12:41:02.0 (39010386)|VARIABLE_ASSIGNMENT|[19]|results|[{"Category__c":"Transportation","RecordTypeId":"012460000005G1FAAU","Amount__c":4000,"Tax__c":520.00,"Submitted__c":true,"Employee__c":"00346000002ojVWAAY","Id":"a0F46000000FtpwEAC","RecordType":{"Name":"Business Trips","Id":"012460000005G1FAAU"},"Employee__r":{"Id":"00346000002ojVWAAY","Name":"Carol Ruiz","Birthdate":"2017-10-09T00:00:00.000Z"}},{"Category__c":"Road Meals","RecordTypeId":"012460000005G1KAAU","Amount__c":8900,"Tax__c":1157.00,"Submitted__c":true,"Employee__c":"00346000002ojeGAAQ","Id":"a0F46000000FmUwEAK","RecordType":{"Name":"Client Meetings","Id":"012460000005G1KAAU"},"Employee__r":{"Id":"00346000002ojeGAAQ","Name":"Paolo Smith"}},{"Category__c":"Lodging","RecordTypeId":"012460000005G1KAAU","Amount__c":4000,"Tax__c":520.00,"Client_Company__c":"At&t","Submitted__c":true,"Employee__c":"00346000002ojeGAAQ","Id":"a0F46000000Ftq1EAC","RecordType":{"Name":"Client Meetings","Id":"012460000005G1KAAU"},"Employee__r":{"Id":"00346000002ojeGAAQ","Name":"Paolo Smith"}}]|0x5f58e623
12:41:02.0 (39017034)|STATEMENT_EXECUTE|[25]
12:41:02.0 (39021857)|HEAP_ALLOCATE|[25]|Bytes:4
12:41:02.0 (39062470)|VARIABLE_ASSIGNMENT|[EXTERNAL]|this|{"CountTotalRecords":7,"OffsetSize":3,"QueryLimit":3,"queryString":"","wrappedExpenses":"0x2a626fc4"}|0x1399d2cb
12:41:02.0 (39071515)|HEAP_ALLOCATE|[EXTERNAL]|Bytes:4
12:41:02.0 (39076223)|VARIABLE_ASSIGNMENT|[EXTERNAL]|value|[]|0x5c2d6cc
12:41:02.0 (39082790)|VARIABLE_ASSIGNMENT|[14]|this.wrappedExpenses|[]|0x1399d2cb
12:41:02.0 (39102455)|HEAP_ALLOCATE|[26]|Bytes:5
12:41:02.0 (39123029)|HEAP_ALLOCATE|[26]|Bytes:40
12:41:02.0 (39129173)|VARIABLE_SCOPE_BEGIN|[26]|ex|Expense__c|true|false
12:41:02.0 (39147267)|VARIABLE_ASSIGNMENT|[26]|ex|{"Category__c":"Transportation","RecordTypeId":"012460000005G1FAAU","Amount__c":4000,"Tax__c":520.00,"Submitted__c":true,"Employee__c":"00346000002ojVWAAY","Id":"a0F46000000FtpwEAC","RecordType":{"Name":"Business Trips","Id":"012460000005G1FAAU"},"Employee__r":{"Id":"00346000002ojVWAAY","Name":"Carol Ruiz","Birthdate":"2017-10-09T00:00:00.000Z"}}|0x900b205
12:41:02.0 (39151398)|STATEMENT_EXECUTE|[26]
12:41:02.0 (39152600)|STATEMENT_EXECUTE|[28]
12:41:02.0 (39172726)|VARIABLE_ASSIGNMENT|[EXTERNAL]|this|{"CountTotalRecords":7,"OffsetSize":3,"QueryLimit":3,"queryString":"","wrappedExpenses":"0x5c2d6cc"}|0x1399d2cb
12:41:02.0 (39180697)|HEAP_ALLOCATE|[28]|Bytes:12
12:41:02.0 (39188638)|CONSTRUCTOR_ENTRY|[28]|01p46000003buu6|<init>(Expense__c,Boolean)
12:41:02.0 (39191884)|VARIABLE_SCOPE_BEGIN|[6]|this|ExpenseWrapper|true|false
12:41:02.0 (39200616)|VARIABLE_ASSIGNMENT|[6]|this|{}|0x7c31e918
12:41:02.0 (39202322)|VARIABLE_SCOPE_BEGIN|[6]|ex|Expense__c|true|false
12:41:02.0 (39216024)|VARIABLE_ASSIGNMENT|[6]|ex|{"Category__c":"Transportation","RecordTypeId":"012460000005G1FAAU","Amount__c":4000,"Tax__c":520.00,"Submitted__c":true,"Employee__c":"00346000002ojVWAAY","Id":"a0F46000000FtpwEAC","RecordType":{"Name":"Business Trips","Id":"012460000005G1FAAU"},"Employee__r":{"Id":"00346000002ojVWAAY","Name":"Carol Ruiz","Birthdate":"2017-10-09T00:00:00.000Z"}}|0x900b205
12:41:02.0 (39220345)|VARIABLE_SCOPE_BEGIN|[6]|check|Boolean|false|false
12:41:02.0 (39222891)|VARIABLE_ASSIGNMENT|[6]|check|false
12:41:02.0 (39224889)|STATEMENT_EXECUTE|[1]
12:41:02.0 (39225908)|STATEMENT_EXECUTE|[3]
12:41:02.0 (39226826)|STATEMENT_EXECUTE|[4]
12:41:02.0 (39235635)|STATEMENT_EXECUTE|[6]
12:41:02.0 (39236928)|STATEMENT_EXECUTE|[8]
12:41:02.0 (39246073)|VARIABLE_ASSIGNMENT|[EXTERNAL]|this|{}|0x7c31e918
12:41:02.0 (39258588)|VARIABLE_ASSIGNMENT|[EXTERNAL]|value|{"Category__c":"Transportation","RecordTypeId":"012460000005G1FAAU","Amount__c":4000,"Tax__c":520.00,"Submitted__c":true,"Employee__c":"00346000002ojVWAAY","Id":"a0F46000000FtpwEAC","RecordType":{"Name":"Business Trips","Id":"012460000005G1FAAU"},"Employee__r":{"Id":"00346000002ojVWAAY","Name":"Carol Ruiz","Birthdate":"2017-10-09T00:00:00.000Z"}}|0x900b205
12:41:02.0 (39271971)|VARIABLE_ASSIGNMENT|[3]|this.expense|{"Category__c":"Transportation","RecordTypeId":"012460000005G1FAAU","Amount__c":4000,"Tax__c":520.00,"Submitted__c":true,"Employee__c":"00346000002ojVWAAY","Id":"a0F46000000FtpwEAC","RecordType":{"Name":"Business Trips","Id":"012460000005G1FAAU"},"Employee__r":{"Id":"00346000002ojVWAAY","Name":"Carol Ruiz","Birthdate":"2017-10-09T00:00:00.000Z"}}|0x7c31e918
12:41:02.0 (39276671)|STATEMENT_EXECUTE|[9]
12:41:02.0 (39286114)|VARIABLE_ASSIGNMENT|[EXTERNAL]|this|{"expense":"0x900b205"}|0x7c31e918
12:41:02.0 (39289778)|VARIABLE_ASSIGNMENT|[EXTERNAL]|value|false
12:41:02.0 (39292489)|HEAP_ALLOCATE|[4]|Bytes:5
12:41:02.0 (39295669)|VARIABLE_ASSIGNMENT|[4]|this.checked|false|0x7c31e918
12:41:02.0 (39302473)|CONSTRUCTOR_EXIT|[28]|01p46000003buu6|<init>(Expense__c,Boolean)
12:41:02.0 (39308401)|HEAP_ALLOCATE|[EXTERNAL]|Bytes:4
12:41:02.0 (39316007)|HEAP_ALLOCATE|[26]|Bytes:5
12:41:02.0 (39332395)|HEAP_ALLOCATE|[26]|Bytes:40
12:41:02.0 (39336889)|VARIABLE_SCOPE_BEGIN|[26]|ex|Expense__c|true|false
12:41:02.0 (39349010)|VARIABLE_ASSIGNMENT|[26]|ex|{"Category__c":"Road Meals","RecordTypeId":"012460000005G1KAAU","Amount__c":8900,"Tax__c":1157.00,"Submitted__c":true,"Employee__c":"00346000002ojeGAAQ","Id":"a0F46000000FmUwEAK","RecordType":{"Name":"Client Meetings","Id":"012460000005G1KAAU"},"Employee__r":{"Id":"00346000002ojeGAAQ","Name":"Paolo Smith"}}|0x3d982e1b
12:41:02.0 (39351869)|STATEMENT_EXECUTE|[26]
12:41:02.0 (39352861)|STATEMENT_EXECUTE|[28]
12:41:02.0 (39369321)|VARIABLE_ASSIGNMENT|[EXTERNAL]|this|{"CountTotalRecords":7,"OffsetSize":3,"QueryLimit":3,"queryString":"","wrappedExpenses":"0x5c2d6cc"}|0x1399d2cb
12:41:02.0 (39375438)|HEAP_ALLOCATE|[28]|Bytes:12
12:41:02.0 (39380781)|CONSTRUCTOR_ENTRY|[28]|01p46000003buu6|<init>(Expense__c,Boolean)
12:41:02.0 (39383164)|VARIABLE_SCOPE_BEGIN|[6]|this|ExpenseWrapper|true|false
12:41:02.0 (39389954)|VARIABLE_ASSIGNMENT|[6]|this|{}|0x30d126d0
12:41:02.0 (39391340)|VARIABLE_SCOPE_BEGIN|[6]|ex|Expense__c|true|false
12:41:02.0 (39400311)|VARIABLE_ASSIGNMENT|[6]|ex|{"Category__c":"Road Meals","RecordTypeId":"012460000005G1KAAU","Amount__c":8900,"Tax__c":1157.00,"Submitted__c":true,"Employee__c":"00346000002ojeGAAQ","Id":"a0F46000000FmUwEAK","RecordType":{"Name":"Client Meetings","Id":"012460000005G1KAAU"},"Employee__r":{"Id":"00346000002ojeGAAQ","Name":"Paolo Smith"}}|0x3d982e1b
12:41:02.0 (39403662)|VARIABLE_SCOPE_BEGIN|[6]|check|Boolean|false|false
12:41:02.0 (39405770)|VARIABLE_ASSIGNMENT|[6]|check|false
12:41:02.0 (39407292)|STATEMENT_EXECUTE|[1]
12:41:02.0 (39408195)|STATEMENT_EXECUTE|[3]
12:41:02.0 (39409047)|STATEMENT_EXECUTE|[4]
12:41:02.0 (39415223)|STATEMENT_EXECUTE|[6]
12:41:02.0 (39416191)|STATEMENT_EXECUTE|[8]
12:41:02.0 (39424021)|VARIABLE_ASSIGNMENT|[EXTERNAL]|this|{}|0x30d126d0
12:41:02.0 (39432932)|VARIABLE_ASSIGNMENT|[EXTERNAL]|value|{"Category__c":"Road Meals","RecordTypeId":"012460000005G1KAAU","Amount__c":8900,"Tax__c":1157.00,"Submitted__c":true,"Employee__c":"00346000002ojeGAAQ","Id":"a0F46000000FmUwEAK","RecordType":{"Name":"Client Meetings","Id":"012460000005G1KAAU"},"Employee__r":{"Id":"00346000002ojeGAAQ","Name":"Paolo Smith"}}|0x3d982e1b
12:41:02.0 (39443528)|VARIABLE_ASSIGNMENT|[3]|this.expense|{"Category__c":"Road Meals","RecordTypeId":"012460000005G1KAAU","Amount__c":8900,"Tax__c":1157.00,"Submitted__c":true,"Employee__c":"00346000002ojeGAAQ","Id":"a0F46000000FmUwEAK","RecordType":{"Name":"Client Meetings","Id":"012460000005G1KAAU"},"Employee__r":{"Id":"00346000002ojeGAAQ","Name":"Paolo Smith"}}|0x30d126d0
12:41:02.0 (39447450)|STATEMENT_EXECUTE|[9]
12:41:02.0 (39455238)|VARIABLE_ASSIGNMENT|[EXTERNAL]|this|{"expense":"0x3d982e1b"}|0x30d126d0
12:41:02.0 (39458413)|VARIABLE_ASSIGNMENT|[EXTERNAL]|value|false
12:41:02.0 (39460590)|HEAP_ALLOCATE|[4]|Bytes:5
12:41:02.0 (39463616)|VARIABLE_ASSIGNMENT|[4]|this.checked|false|0x30d126d0
12:41:02.0 (39469304)|CONSTRUCTOR_EXIT|[28]|01p46000003buu6|<init>(Expense__c,Boolean)
12:41:02.0 (39474537)|HEAP_ALLOCATE|[EXTERNAL]|Bytes:4
12:41:02.0 (39480741)|HEAP_ALLOCATE|[26]|Bytes:5
12:41:02.0 (39494307)|HEAP_ALLOCATE|[26]|Bytes:44
12:41:02.0 (39498268)|VARIABLE_SCOPE_BEGIN|[26]|ex|Expense__c|true|false
12:41:02.0 (39510385)|VARIABLE_ASSIGNMENT|[26]|ex|{"Category__c":"Lodging","RecordTypeId":"012460000005G1KAAU","Amount__c":4000,"Tax__c":520.00,"Client_Company__c":"At&t","Submitted__c":true,"Employee__c":"00346000002ojeGAAQ","Id":"a0F46000000Ftq1EAC","RecordType":{"Name":"Client Meetings","Id":"012460000005G1KAAU"},"Employee__r":{"Id":"00346000002ojeGAAQ","Name":"Paolo Smith"}}|0x2adc856e
12:41:02.0 (39513645)|STATEMENT_EXECUTE|[26]
12:41:02.0 (39514798)|STATEMENT_EXECUTE|[28]
12:41:02.0 (39530226)|VARIABLE_ASSIGNMENT|[EXTERNAL]|this|{"CountTotalRecords":7,"OffsetSize":3,"QueryLimit":3,"queryString":"","wrappedExpenses":"0x5c2d6cc"}|0x1399d2cb
12:41:02.0 (39535661)|HEAP_ALLOCATE|[28]|Bytes:12
12:41:02.0 (39540674)|CONSTRUCTOR_ENTRY|[28]|01p46000003buu6|<init>(Expense__c,Boolean)
12:41:02.0 (39542672)|VARIABLE_SCOPE_BEGIN|[6]|this|ExpenseWrapper|true|false
12:41:02.0 (39548880)|VARIABLE_ASSIGNMENT|[6]|this|{}|0x2820a717
12:41:02.0 (39550318)|VARIABLE_SCOPE_BEGIN|[6]|ex|Expense__c|true|false
12:41:02.0 (39559080)|VARIABLE_ASSIGNMENT|[6]|ex|{"Category__c":"Lodging","RecordTypeId":"012460000005G1KAAU","Amount__c":4000,"Tax__c":520.00,"Client_Company__c":"At&t","Submitted__c":true,"Employee__c":"00346000002ojeGAAQ","Id":"a0F46000000Ftq1EAC","RecordType":{"Name":"Client Meetings","Id":"012460000005G1KAAU"},"Employee__r":{"Id":"00346000002ojeGAAQ","Name":"Paolo Smith"}}|0x2adc856e
12:41:02.0 (39562148)|VARIABLE_SCOPE_BEGIN|[6]|check|Boolean|false|false
12:41:02.0 (39564349)|VARIABLE_ASSIGNMENT|[6]|check|false
12:41:02.0 (39565782)|STATEMENT_EXECUTE|[1]
12:41:02.0 (39566668)|STATEMENT_EXECUTE|[3]
12:41:02.0 (39567537)|STATEMENT_EXECUTE|[4]
12:41:02.0 (39573389)|STATEMENT_EXECUTE|[6]
12:41:02.0 (39574319)|STATEMENT_EXECUTE|[8]
12:41:02.0 (39582100)|VARIABLE_ASSIGNMENT|[EXTERNAL]|this|{}|0x2820a717
12:41:02.0 (39591032)|VARIABLE_ASSIGNMENT|[EXTERNAL]|value|{"Category__c":"Lodging","RecordTypeId":"012460000005G1KAAU","Amount__c":4000,"Tax__c":520.00,"Client_Company__c":"At&t","Submitted__c":true,"Employee__c":"00346000002ojeGAAQ","Id":"a0F46000000Ftq1EAC","RecordType":{"Name":"Client Meetings","Id":"012460000005G1KAAU"},"Employee__r":{"Id":"00346000002ojeGAAQ","Name":"Paolo Smith"}}|0x2adc856e
12:41:02.0 (39602152)|VARIABLE_ASSIGNMENT|[3]|this.expense|{"Category__c":"Lodging","RecordTypeId":"012460000005G1KAAU","Amount__c":4000,"Tax__c":520.00,"Client_Company__c":"At&t","Submitted__c":true,"Employee__c":"00346000002ojeGAAQ","Id":"a0F46000000Ftq1EAC","RecordType":{"Name":"Client Meetings","Id":"012460000005G1KAAU"},"Employee__r":{"Id":"00346000002ojeGAAQ","Name":"Paolo Smith"}}|0x2820a717
12:41:02.0 (39606053)|STATEMENT_EXECUTE|[9]
12:41:02.0 (39613767)|VARIABLE_ASSIGNMENT|[EXTERNAL]|this|{"expense":"0x2adc856e"}|0x2820a717
12:41:02.0 (39617093)|VARIABLE_ASSIGNMENT|[EXTERNAL]|value|false
12:41:02.0 (39619585)|HEAP_ALLOCATE|[4]|Bytes:5
12:41:02.0 (39622599)|VARIABLE_ASSIGNMENT|[4]|this.checked|false|0x2820a717
12:41:02.0 (39628086)|CONSTRUCTOR_EXIT|[28]|01p46000003buu6|<init>(Expense__c,Boolean)
12:41:02.0 (39632782)|HEAP_ALLOCATE|[EXTERNAL]|Bytes:4
12:41:02.0 (39639036)|HEAP_ALLOCATE|[26]|Bytes:5
12:41:02.0 (39645647)|VARIABLE_ASSIGNMENT|[26]|ex|null|
12:41:02.0 (39647887)|STATEMENT_EXECUTE|[32]
12:41:02.0 (39662585)|VARIABLE_ASSIGNMENT|[EXTERNAL]|this|{"CountTotalRecords":7,"OffsetSize":3,"QueryLimit":3,"queryString":"","wrappedExpenses":"0x5c2d6cc"}|0x1399d2cb
12:41:02.0 (41141570)|SYSTEM_MODE_ENTER|true
12:41:02.0 (41168023)|HEAP_ALLOCATE|[EXTERNAL]|Bytes:24
12:41:02.0 (41172752)|VARIABLE_SCOPE_BEGIN|[107]|this|ExpenseController|true|false
12:41:02.0 (41196881)|VARIABLE_ASSIGNMENT|[107]|this|{"CountTotalRecords":7,"OffsetSize":3,"QueryLimit":3,"queryString":"","wrappedExpenses":"0x5c2d6cc"}|0x1399d2cb
12:41:02.0 (41203338)|STATEMENT_EXECUTE|[107]
12:41:02.0 (41207375)|STATEMENT_EXECUTE|[108]
12:41:02.0 (41208353)|STATEMENT_EXECUTE|[109]
12:41:02.0 (41212573)|HEAP_ALLOCATE|[109]|Bytes:5
12:41:02.0 (41562086)|SYSTEM_MODE_ENTER|true
12:41:02.0 (41583866)|HEAP_ALLOCATE|[EXTERNAL]|Bytes:24
12:41:02.0 (41588584)|VARIABLE_SCOPE_BEGIN|[114]|this|ExpenseController|true|false
12:41:02.0 (41610051)|VARIABLE_ASSIGNMENT|[114]|this|{"CountTotalRecords":7,"OffsetSize":3,"QueryLimit":3,"queryString":"","wrappedExpenses":"0x5c2d6cc"}|0x1399d2cb
12:41:02.0 (41615846)|STATEMENT_EXECUTE|[114]
12:41:02.0 (41637676)|VARIABLE_ASSIGNMENT|[EXTERNAL]|this|{"CountTotalRecords":7,"OffsetSize":3,"QueryLimit":3,"queryString":"","wrappedExpenses":"0x5c2d6cc"}|0x1399d2cb
12:41:02.0 (41645040)|STATEMENT_EXECUTE|[115]
12:41:02.0 (41646127)|STATEMENT_EXECUTE|[116]
12:41:02.0 (41650027)|HEAP_ALLOCATE|[116]|Bytes:5
12:41:02.0 (47690084)|VF_SERIALIZE_VIEWSTATE_BEGIN|06646000001BW08
12:41:02.0 (58080064)|VF_SERIALIZE_VIEWSTATE_END
12:41:02.0 (69351951)|CODE_UNIT_STARTED|[EXTERNAL]|Generate Metadata
12:41:02.0 (70580766)|CODE_UNIT_FINISHED|Generate Metadata
12:41:02.72 (72700648)|CUMULATIVE_LIMIT_USAGE
12:41:02.72 (72700648)|LIMIT_USAGE_FOR_NS|(default)|
  Number of SOQL queries: 2 out of 100
  Number of query rows: 6 out of 50000
  Number of SOSL queries: 0 out of 20
  Number of DML statements: 0 out of 150
  Number of DML rows: 0 out of 10000
  Maximum CPU time: 0 out of 10000
  Maximum heap size: 0 out of 6000000
  Number of callouts: 0 out of 100
  Number of Email Invocations: 0 out of 10
  Number of future calls: 0 out of 50
  Number of queueable jobs added to the queue: 0 out of 50
  Number of Mobile Apex push calls: 0 out of 10

12:41:02.72 (72700648)|CUMULATIVE_LIMIT_USAGE_END

12:41:02.0 (72732564)|CODE_UNIT_FINISHED|VF: /apex/ListOfEmployees
12:41:02.0 (73472975)|EXECUTION_FINISHED
