39.0 APEX_CODE,FINEST;APEX_PROFILING,INFO;CALLOUT,INFO;DB,INFO;SYSTEM,DEBUG;VALIDATION,INFO;VISUALFORCE,INFO;WAVE,INFO;WORKFLOW,INFO
16:26:15.0 (319209)|USER_INFO|[EXTERNAL]|00546000000Iihs|pacosta@altimetrik.com|Argentine Time|GMT-03:00
16:26:15.0 (342028)|EXECUTION_STARTED
16:26:15.0 (346178)|CODE_UNIT_STARTED|[EXTERNAL]|06646000001BW08|VF: /apex/ListOfEmployees
16:26:15.0 (878792)|VF_DESERIALIZE_VIEWSTATE_BEGIN|06646000001BW08
16:26:15.0 (6093075)|HEAP_ALLOCATE|[72]|Bytes:3
16:26:15.0 (6130632)|HEAP_ALLOCATE|[77]|Bytes:152
16:26:15.0 (6143567)|HEAP_ALLOCATE|[342]|Bytes:408
16:26:15.0 (6157976)|HEAP_ALLOCATE|[355]|Bytes:408
16:26:15.0 (6170766)|HEAP_ALLOCATE|[467]|Bytes:48
16:26:15.0 (6197350)|HEAP_ALLOCATE|[139]|Bytes:6
16:26:15.0 (6219055)|HEAP_ALLOCATE|[50]|Bytes:5
16:26:15.0 (6237359)|HEAP_ALLOCATE|[56]|Bytes:5
16:26:15.0 (6243171)|HEAP_ALLOCATE|[64]|Bytes:7
16:26:15.0 (7352983)|VF_DESERIALIZE_VIEWSTATE_END
16:26:15.0 (8281766)|SYSTEM_MODE_ENTER|true
16:26:15.0 (8497671)|HEAP_ALLOCATE|[EXTERNAL]|Bytes:14
16:26:15.0 (8503678)|HEAP_ALLOCATE|[EXTERNAL]|Bytes:96
16:26:15.0 (8505886)|HEAP_ALLOCATE|[EXTERNAL]|Bytes:21
16:26:15.0 (8512334)|METHOD_ENTRY|[1]|01p46000002wayn|ExpenseController.ExpenseController()
16:26:15.0 (8517368)|STATEMENT_EXECUTE|[1]
16:26:15.0 (8522706)|STATEMENT_EXECUTE|[1]
16:26:15.0 (8524181)|STATEMENT_EXECUTE|[78]
16:26:15.0 (8529027)|METHOD_EXIT|[1]|ExpenseController
16:26:15.0 (8536963)|HEAP_ALLOCATE|[EXTERNAL]|Bytes:12
16:26:15.0 (8543092)|VARIABLE_SCOPE_BEGIN|[8]|this|ExpenseController|true|false
16:26:15.0 (8597550)|VARIABLE_ASSIGNMENT|[8]|this|{"queryString":"WHERE RecordType.Nam (20 more) ...","wrappedExpenses":"0x1293295d"}|0x13dc82c2
16:26:15.0 (8607863)|STATEMENT_EXECUTE|[8]
16:26:15.0 (8609515)|STATEMENT_EXECUTE|[10]
16:26:15.0 (8612541)|HEAP_ALLOCATE|[10]|Bytes:161
16:26:15.0 (8631751)|HEAP_ALLOCATE|[10]|Bytes:201
16:26:15.0 (9383632)|SOQL_EXECUTE_BEGIN|[10]|Aggregations:0|SELECT Category__c, RecordType.Name, Amount__c, Tax__c, Client_Company__c, Submitted__c, Employee__r.Id, Employee__r.Name, Employee__r.Birthdate FROM Expense__c WHERE RecordType.Name = 'Business Trips'
16:26:15.0 (18987967)|SOQL_EXECUTE_END|[10]|Rows:3
16:26:15.0 (19004855)|HEAP_ALLOCATE|[10]|Bytes:16
16:26:15.0 (19038823)|HEAP_ALLOCATE|[10]|Bytes:895
16:26:15.0 (19088221)|HEAP_ALLOCATE|[10]|Bytes:16
16:26:15.0 (19103625)|VARIABLE_SCOPE_BEGIN|[10]|results|List<Expense__c>|true|false
16:26:15.0 (19163797)|VARIABLE_ASSIGNMENT|[10]|results|[{"RecordTypeId":"012460000005G1FAAU","Amount__c":3000,"Tax__c":390.00,"Submitted__c":true,"Employee__c":"00346000002ojVWAAY","Id":"a0F46000000Fp6rEAC","RecordType":{"Name":"Business Trips","Id":"012460000005G1FAAU"},"Employee__r":{"Id":"00346000002ojVWAAY","Name":"Carol Ruiz","Birthdate":"2017-10-09T00:00:00.000Z"}},{"Category__c":"Event Registration","RecordTypeId":"012460000005G1FAAU","Amount__c":3499,"Tax__c":454.87,"Submitted__c":true,"Employee__c":"00346000002ojVWAAY","Id":"a0F46000000Fp76EAC","RecordType":{"Name":"Business Trips","Id":"012460000005G1FAAU"},"Employee__r":{"Id":"00346000002ojVWAAY","Name":"Carol Ruiz","Birthdate":"2017-10-09T00:00:00.000Z"}},{"Category__c":"Transportation","RecordTypeId":"012460000005G1FAAU","Amount__c":3500,"Tax__c":455.00,"Submitted__c":false,"Employee__c":"00346000002ojVWAAY","Id":"a0F46000000FBblEAG","RecordType":{"Name":"Business Trips","Id":"012460000005G1FAAU"},"Employee__r":{"Id":"00346000002ojVWAAY","Name":"Carol Ruiz","Birthdate":"2017-10-09T00:00:00.000Z"}}]|0x660e0337
16:26:15.0 (19175446)|STATEMENT_EXECUTE|[15]
16:26:15.0 (19181710)|HEAP_ALLOCATE|[15]|Bytes:4
16:26:15.0 (19277920)|VARIABLE_ASSIGNMENT|[EXTERNAL]|this|{"queryString":"WHERE RecordType.Nam (20 more) ...","wrappedExpenses":"0x1293295d"}|0x13dc82c2
16:26:15.0 (19296163)|HEAP_ALLOCATE|[EXTERNAL]|Bytes:4
16:26:15.0 (19301737)|VARIABLE_ASSIGNMENT|[EXTERNAL]|value|[]|0x3225e8f2
16:26:15.0 (19310799)|VARIABLE_ASSIGNMENT|[5]|this.wrappedExpenses|[]|0x13dc82c2
16:26:15.0 (19471143)|HEAP_ALLOCATE|[16]|Bytes:5
16:26:15.0 (19521225)|HEAP_ALLOCATE|[16]|Bytes:36
16:26:15.0 (19531772)|VARIABLE_SCOPE_BEGIN|[16]|ex|Expense__c|true|false
16:26:15.0 (19553878)|VARIABLE_ASSIGNMENT|[16]|ex|{"RecordTypeId":"012460000005G1FAAU","Amount__c":3000,"Tax__c":390.00,"Submitted__c":true,"Employee__c":"00346000002ojVWAAY","Id":"a0F46000000Fp6rEAC","RecordType":{"Name":"Business Trips","Id":"012460000005G1FAAU"},"Employee__r":{"Id":"00346000002ojVWAAY","Name":"Carol Ruiz","Birthdate":"2017-10-09T00:00:00.000Z"}}|0x6a9ca6b7
16:26:15.0 (19559717)|STATEMENT_EXECUTE|[16]
16:26:15.0 (19561758)|STATEMENT_EXECUTE|[18]
16:26:15.0 (19598188)|VARIABLE_ASSIGNMENT|[EXTERNAL]|this|{"queryString":"WHERE RecordType.Nam (20 more) ...","wrappedExpenses":"0x3225e8f2"}|0x13dc82c2
16:26:15.0 (19610369)|HEAP_ALLOCATE|[18]|Bytes:116
16:26:15.0 (19614700)|HEAP_ALLOCATE|[18]|Bytes:8
16:26:15.0 (19622559)|HEAP_ALLOCATE|[18]|Bytes:12
16:26:15.0 (19638149)|CONSTRUCTOR_ENTRY|[18]|01p46000002wayn|<init>(Expense__c,Boolean)
16:26:15.0 (19648089)|VARIABLE_SCOPE_BEGIN|[83]|this|ExpenseController.ExpenseWrapper|true|false
16:26:15.0 (19665886)|VARIABLE_ASSIGNMENT|[83]|this|{}|0xdd6bb56
16:26:15.0 (19668800)|VARIABLE_SCOPE_BEGIN|[83]|ex|Expense__c|true|false
16:26:15.0 (19683741)|VARIABLE_ASSIGNMENT|[83]|ex|{"RecordTypeId":"012460000005G1FAAU","Amount__c":3000,"Tax__c":390.00,"Submitted__c":true,"Employee__c":"00346000002ojVWAAY","Id":"a0F46000000Fp6rEAC","RecordType":{"Name":"Business Trips","Id":"012460000005G1FAAU"},"Employee__r":{"Id":"00346000002ojVWAAY","Name":"Carol Ruiz","Birthdate":"2017-10-09T00:00:00.000Z"}}|0x6a9ca6b7
16:26:15.0 (19690335)|VARIABLE_SCOPE_BEGIN|[83]|check|Boolean|false|false
16:26:15.0 (19693891)|VARIABLE_ASSIGNMENT|[83]|check|false
16:26:15.0 (19697863)|STATEMENT_EXECUTE|[78]
16:26:15.0 (19699377)|STATEMENT_EXECUTE|[80]
16:26:15.0 (19700735)|STATEMENT_EXECUTE|[81]
16:26:15.0 (19706116)|HEAP_ALLOCATE|[85]|Bytes:6
16:26:15.0 (19741165)|STATEMENT_EXECUTE|[83]
16:26:15.0 (19742800)|STATEMENT_EXECUTE|[85]
16:26:15.0 (19790890)|VARIABLE_ASSIGNMENT|[EXTERNAL]|this|{}|0xdd6bb56
16:26:15.0 (19807885)|VARIABLE_ASSIGNMENT|[EXTERNAL]|value|{"RecordTypeId":"012460000005G1FAAU","Amount__c":3000,"Tax__c":390.00,"Submitted__c":true,"Employee__c":"00346000002ojVWAAY","Id":"a0F46000000Fp6rEAC","RecordType":{"Name":"Business Trips","Id":"012460000005G1FAAU"},"Employee__r":{"Id":"00346000002ojVWAAY","Name":"Carol Ruiz","Birthdate":"2017-10-09T00:00:00.000Z"}}|0x6a9ca6b7
16:26:15.0 (19824042)|VARIABLE_ASSIGNMENT|[80]|this.expense|{"RecordTypeId":"012460000005G1FAAU","Amount__c":3000,"Tax__c":390.00,"Submitted__c":true,"Employee__c":"00346000002ojVWAAY","Id":"a0F46000000Fp6rEAC","RecordType":{"Name":"Business Trips","Id":"012460000005G1FAAU"},"Employee__r":{"Id":"00346000002ojVWAAY","Name":"Carol Ruiz","Birthdate":"2017-10-09T00:00:00.000Z"}}|0xdd6bb56
16:26:15.0 (19831778)|STATEMENT_EXECUTE|[86]
16:26:15.0 (19861024)|VARIABLE_ASSIGNMENT|[EXTERNAL]|this|{"expense":"0x6a9ca6b7"}|0xdd6bb56
16:26:15.0 (19866972)|VARIABLE_ASSIGNMENT|[EXTERNAL]|value|false
16:26:15.0 (19871436)|HEAP_ALLOCATE|[81]|Bytes:5
16:26:15.0 (19875738)|VARIABLE_ASSIGNMENT|[81]|this.checked|false|0xdd6bb56
16:26:15.0 (19883898)|CONSTRUCTOR_EXIT|[18]|01p46000002wayn|<init>(Expense__c,Boolean)
16:26:15.0 (19895155)|HEAP_ALLOCATE|[EXTERNAL]|Bytes:4
16:26:15.0 (19905882)|HEAP_ALLOCATE|[16]|Bytes:5
16:26:15.0 (19927109)|HEAP_ALLOCATE|[16]|Bytes:40
16:26:15.0 (19932608)|VARIABLE_SCOPE_BEGIN|[16]|ex|Expense__c|true|false
16:26:15.0 (19950378)|VARIABLE_ASSIGNMENT|[16]|ex|{"Category__c":"Event Registration","RecordTypeId":"012460000005G1FAAU","Amount__c":3499,"Tax__c":454.87,"Submitted__c":true,"Employee__c":"00346000002ojVWAAY","Id":"a0F46000000Fp76EAC","RecordType":{"Name":"Business Trips","Id":"012460000005G1FAAU"},"Employee__r":{"Id":"00346000002ojVWAAY","Name":"Carol Ruiz","Birthdate":"2017-10-09T00:00:00.000Z"}}|0x25e5647d
16:26:15.0 (19955466)|STATEMENT_EXECUTE|[16]
16:26:15.0 (19956969)|STATEMENT_EXECUTE|[18]
16:26:15.0 (19973726)|VARIABLE_ASSIGNMENT|[EXTERNAL]|this|{"queryString":"WHERE RecordType.Nam (20 more) ...","wrappedExpenses":"0x3225e8f2"}|0x13dc82c2
16:26:15.0 (19982440)|HEAP_ALLOCATE|[18]|Bytes:12
16:26:15.0 (19989350)|CONSTRUCTOR_ENTRY|[18]|01p46000002wayn|<init>(Expense__c,Boolean)
16:26:15.0 (19992688)|VARIABLE_SCOPE_BEGIN|[83]|this|ExpenseController.ExpenseWrapper|true|false
16:26:15.0 (20000881)|VARIABLE_ASSIGNMENT|[83]|this|{}|0x22b3c9c9
16:26:15.0 (20003285)|VARIABLE_SCOPE_BEGIN|[83]|ex|Expense__c|true|false
16:26:15.0 (20016898)|VARIABLE_ASSIGNMENT|[83]|ex|{"Category__c":"Event Registration","RecordTypeId":"012460000005G1FAAU","Amount__c":3499,"Tax__c":454.87,"Submitted__c":true,"Employee__c":"00346000002ojVWAAY","Id":"a0F46000000Fp76EAC","RecordType":{"Name":"Business Trips","Id":"012460000005G1FAAU"},"Employee__r":{"Id":"00346000002ojVWAAY","Name":"Carol Ruiz","Birthdate":"2017-10-09T00:00:00.000Z"}}|0x25e5647d
16:26:15.0 (20021617)|VARIABLE_SCOPE_BEGIN|[83]|check|Boolean|false|false
16:26:15.0 (20024259)|VARIABLE_ASSIGNMENT|[83]|check|false
16:26:15.0 (20027627)|STATEMENT_EXECUTE|[78]
16:26:15.0 (20028986)|STATEMENT_EXECUTE|[80]
16:26:15.0 (20030242)|STATEMENT_EXECUTE|[81]
16:26:15.0 (20039047)|STATEMENT_EXECUTE|[83]
16:26:15.0 (20040385)|STATEMENT_EXECUTE|[85]
16:26:15.0 (20050365)|VARIABLE_ASSIGNMENT|[EXTERNAL]|this|{}|0x22b3c9c9
16:26:15.0 (20063257)|VARIABLE_ASSIGNMENT|[EXTERNAL]|value|{"Category__c":"Event Registration","RecordTypeId":"012460000005G1FAAU","Amount__c":3499,"Tax__c":454.87,"Submitted__c":true,"Employee__c":"00346000002ojVWAAY","Id":"a0F46000000Fp76EAC","RecordType":{"Name":"Business Trips","Id":"012460000005G1FAAU"},"Employee__r":{"Id":"00346000002ojVWAAY","Name":"Carol Ruiz","Birthdate":"2017-10-09T00:00:00.000Z"}}|0x25e5647d
16:26:15.0 (20077491)|VARIABLE_ASSIGNMENT|[80]|this.expense|{"Category__c":"Event Registration","RecordTypeId":"012460000005G1FAAU","Amount__c":3499,"Tax__c":454.87,"Submitted__c":true,"Employee__c":"00346000002ojVWAAY","Id":"a0F46000000Fp76EAC","RecordType":{"Name":"Business Trips","Id":"012460000005G1FAAU"},"Employee__r":{"Id":"00346000002ojVWAAY","Name":"Carol Ruiz","Birthdate":"2017-10-09T00:00:00.000Z"}}|0x22b3c9c9
16:26:15.0 (20083521)|STATEMENT_EXECUTE|[86]
16:26:15.0 (20093573)|VARIABLE_ASSIGNMENT|[EXTERNAL]|this|{"expense":"0x25e5647d"}|0x22b3c9c9
16:26:15.0 (20098175)|VARIABLE_ASSIGNMENT|[EXTERNAL]|value|false
16:26:15.0 (20101039)|HEAP_ALLOCATE|[81]|Bytes:5
16:26:15.0 (20104560)|VARIABLE_ASSIGNMENT|[81]|this.checked|false|0x22b3c9c9
16:26:15.0 (20111211)|CONSTRUCTOR_EXIT|[18]|01p46000002wayn|<init>(Expense__c,Boolean)
16:26:15.0 (20117121)|HEAP_ALLOCATE|[EXTERNAL]|Bytes:4
16:26:15.0 (20125142)|HEAP_ALLOCATE|[16]|Bytes:5
16:26:15.0 (20142558)|HEAP_ALLOCATE|[16]|Bytes:40
16:26:15.0 (20146885)|VARIABLE_SCOPE_BEGIN|[16]|ex|Expense__c|true|false
16:26:15.0 (20163001)|VARIABLE_ASSIGNMENT|[16]|ex|{"Category__c":"Transportation","RecordTypeId":"012460000005G1FAAU","Amount__c":3500,"Tax__c":455.00,"Submitted__c":false,"Employee__c":"00346000002ojVWAAY","Id":"a0F46000000FBblEAG","RecordType":{"Name":"Business Trips","Id":"012460000005G1FAAU"},"Employee__r":{"Id":"00346000002ojVWAAY","Name":"Carol Ruiz","Birthdate":"2017-10-09T00:00:00.000Z"}}|0x57c23d2f
16:26:15.0 (20167805)|STATEMENT_EXECUTE|[16]
16:26:15.0 (20169229)|STATEMENT_EXECUTE|[18]
16:26:15.0 (20184631)|VARIABLE_ASSIGNMENT|[EXTERNAL]|this|{"queryString":"WHERE RecordType.Nam (20 more) ...","wrappedExpenses":"0x3225e8f2"}|0x13dc82c2
16:26:15.0 (20191747)|HEAP_ALLOCATE|[18]|Bytes:12
16:26:15.0 (20197915)|CONSTRUCTOR_ENTRY|[18]|01p46000002wayn|<init>(Expense__c,Boolean)
16:26:15.0 (20200747)|VARIABLE_SCOPE_BEGIN|[83]|this|ExpenseController.ExpenseWrapper|true|false
16:26:15.0 (20208115)|VARIABLE_ASSIGNMENT|[83]|this|{}|0x2a8a32f4
16:26:15.0 (20209593)|VARIABLE_SCOPE_BEGIN|[83]|ex|Expense__c|true|false
16:26:15.0 (20222582)|VARIABLE_ASSIGNMENT|[83]|ex|{"Category__c":"Transportation","RecordTypeId":"012460000005G1FAAU","Amount__c":3500,"Tax__c":455.00,"Submitted__c":false,"Employee__c":"00346000002ojVWAAY","Id":"a0F46000000FBblEAG","RecordType":{"Name":"Business Trips","Id":"012460000005G1FAAU"},"Employee__r":{"Id":"00346000002ojVWAAY","Name":"Carol Ruiz","Birthdate":"2017-10-09T00:00:00.000Z"}}|0x57c23d2f
16:26:15.0 (20227365)|VARIABLE_SCOPE_BEGIN|[83]|check|Boolean|false|false
16:26:15.0 (20229652)|VARIABLE_ASSIGNMENT|[83]|check|false
16:26:15.0 (20232675)|STATEMENT_EXECUTE|[78]
16:26:15.0 (20234014)|STATEMENT_EXECUTE|[80]
16:26:15.0 (20235711)|STATEMENT_EXECUTE|[81]
16:26:15.0 (20243621)|STATEMENT_EXECUTE|[83]
16:26:15.0 (20244884)|STATEMENT_EXECUTE|[85]
16:26:15.0 (20253652)|VARIABLE_ASSIGNMENT|[EXTERNAL]|this|{}|0x2a8a32f4
16:26:15.0 (20266394)|VARIABLE_ASSIGNMENT|[EXTERNAL]|value|{"Category__c":"Transportation","RecordTypeId":"012460000005G1FAAU","Amount__c":3500,"Tax__c":455.00,"Submitted__c":false,"Employee__c":"00346000002ojVWAAY","Id":"a0F46000000FBblEAG","RecordType":{"Name":"Business Trips","Id":"012460000005G1FAAU"},"Employee__r":{"Id":"00346000002ojVWAAY","Name":"Carol Ruiz","Birthdate":"2017-10-09T00:00:00.000Z"}}|0x57c23d2f
16:26:15.0 (20279219)|VARIABLE_ASSIGNMENT|[80]|this.expense|{"Category__c":"Transportation","RecordTypeId":"012460000005G1FAAU","Amount__c":3500,"Tax__c":455.00,"Submitted__c":false,"Employee__c":"00346000002ojVWAAY","Id":"a0F46000000FBblEAG","RecordType":{"Name":"Business Trips","Id":"012460000005G1FAAU"},"Employee__r":{"Id":"00346000002ojVWAAY","Name":"Carol Ruiz","Birthdate":"2017-10-09T00:00:00.000Z"}}|0x2a8a32f4
16:26:15.0 (20284971)|STATEMENT_EXECUTE|[86]
16:26:15.0 (20294299)|VARIABLE_ASSIGNMENT|[EXTERNAL]|this|{"expense":"0x57c23d2f"}|0x2a8a32f4
16:26:15.0 (20298186)|VARIABLE_ASSIGNMENT|[EXTERNAL]|value|false
16:26:15.0 (20301020)|HEAP_ALLOCATE|[81]|Bytes:5
16:26:15.0 (20304266)|VARIABLE_ASSIGNMENT|[81]|this.checked|false|0x2a8a32f4
16:26:15.0 (20310800)|CONSTRUCTOR_EXIT|[18]|01p46000002wayn|<init>(Expense__c,Boolean)
16:26:15.0 (20316369)|HEAP_ALLOCATE|[EXTERNAL]|Bytes:4
16:26:15.0 (20324092)|HEAP_ALLOCATE|[16]|Bytes:5
16:26:15.0 (20331145)|VARIABLE_ASSIGNMENT|[16]|ex|null|
16:26:15.0 (20334644)|STATEMENT_EXECUTE|[21]
16:26:15.0 (20358832)|VARIABLE_ASSIGNMENT|[EXTERNAL]|this|{"queryString":"WHERE RecordType.Nam (20 more) ...","wrappedExpenses":"0x3225e8f2"}|0x13dc82c2
16:26:15.0 (20947649)|HEAP_ALLOCATE|[EXTERNAL]|Bytes:12
16:26:15.0 (20955108)|VARIABLE_SCOPE_BEGIN|[50]|this|ExpenseController|true|false
16:26:15.0 (20975942)|VARIABLE_ASSIGNMENT|[50]|this|{"queryString":"WHERE RecordType.Nam (20 more) ...","wrappedExpenses":"0x3225e8f2"}|0x13dc82c2
16:26:15.0 (20983914)|STATEMENT_EXECUTE|[50]
16:26:15.0 (20986311)|STATEMENT_EXECUTE|[52]
16:26:15.0 (20989394)|HEAP_ALLOCATE|[52]|Bytes:41
16:26:15.0 (20997839)|VARIABLE_ASSIGNMENT|[52]|this.queryString|"WHERE RecordType.Nam (21 more) ..."|0x13dc82c2
16:26:15.0 (23791131)|SYSTEM_MODE_ENTER|true
16:26:15.0 (23818313)|HEAP_ALLOCATE|[EXTERNAL]|Bytes:12
16:26:15.0 (23823453)|VARIABLE_SCOPE_BEGIN|[8]|this|ExpenseController|true|false
16:26:15.0 (23845175)|VARIABLE_ASSIGNMENT|[8]|this|{"queryString":"WHERE RecordType.Nam (21 more) ...","wrappedExpenses":"0x3225e8f2"}|0x13dc82c2
16:26:15.0 (23852535)|STATEMENT_EXECUTE|[8]
16:26:15.0 (23854449)|STATEMENT_EXECUTE|[10]
16:26:15.0 (23862715)|HEAP_ALLOCATE|[10]|Bytes:202
16:26:15.0 (24166838)|SOQL_EXECUTE_BEGIN|[10]|Aggregations:0|SELECT Category__c, RecordType.Name, Amount__c, Tax__c, Client_Company__c, Submitted__c, Employee__r.Id, Employee__r.Name, Employee__r.Birthdate FROM Expense__c WHERE RecordType.Name = 'Client Meetings'
16:26:15.0 (28553454)|SOQL_EXECUTE_END|[10]|Rows:2
16:26:15.0 (28567022)|HEAP_ALLOCATE|[10]|Bytes:12
16:26:15.0 (28592691)|HEAP_ALLOCATE|[10]|Bytes:684
16:26:15.0 (28608021)|HEAP_ALLOCATE|[10]|Bytes:12
16:26:15.0 (28619914)|VARIABLE_SCOPE_BEGIN|[10]|results|List<Expense__c>|true|false
16:26:15.0 (28650165)|VARIABLE_ASSIGNMENT|[10]|results|[{"Category__c":"Road Meals","RecordTypeId":"012460000005G1KAAU","Amount__c":8900,"Tax__c":1157.00,"Submitted__c":false,"Employee__c":"00346000002ojeGAAQ","Id":"a0F46000000FmUwEAK","RecordType":{"Name":"Client Meetings","Id":"012460000005G1KAAU"},"Employee__r":{"Id":"00346000002ojeGAAQ","Name":"Paolo Smith"}},{"Category__c":"Event Registration","RecordTypeId":"012460000005G1KAAU","Amount__c":5600,"Tax__c":728.00,"Submitted__c":false,"Employee__c":"00346000002oeLWAAY","Id":"a0F46000000FBc6EAG","RecordType":{"Name":"Client Meetings","Id":"012460000005G1KAAU"},"Employee__r":{"Id":"00346000002oeLWAAY","Name":"Paulo Acosta"}}]|0x3c7cfdce
16:26:15.0 (28657137)|STATEMENT_EXECUTE|[15]
16:26:15.0 (28661697)|HEAP_ALLOCATE|[15]|Bytes:4
16:26:15.0 (28693777)|VARIABLE_ASSIGNMENT|[EXTERNAL]|this|{"queryString":"WHERE RecordType.Nam (21 more) ...","wrappedExpenses":"0x3225e8f2"}|0x13dc82c2
16:26:15.0 (28704512)|HEAP_ALLOCATE|[EXTERNAL]|Bytes:4
16:26:15.0 (28708730)|VARIABLE_ASSIGNMENT|[EXTERNAL]|value|[]|0x41c85331
16:26:15.0 (28714793)|VARIABLE_ASSIGNMENT|[5]|this.wrappedExpenses|[]|0x13dc82c2
16:26:15.0 (28735855)|HEAP_ALLOCATE|[16]|Bytes:5
16:26:15.0 (28758003)|HEAP_ALLOCATE|[16]|Bytes:40
16:26:15.0 (28764388)|VARIABLE_SCOPE_BEGIN|[16]|ex|Expense__c|true|false
16:26:15.0 (28779127)|VARIABLE_ASSIGNMENT|[16]|ex|{"Category__c":"Road Meals","RecordTypeId":"012460000005G1KAAU","Amount__c":8900,"Tax__c":1157.00,"Submitted__c":false,"Employee__c":"00346000002ojeGAAQ","Id":"a0F46000000FmUwEAK","RecordType":{"Name":"Client Meetings","Id":"012460000005G1KAAU"},"Employee__r":{"Id":"00346000002ojeGAAQ","Name":"Paolo Smith"}}|0x538e0888
16:26:15.0 (28784392)|STATEMENT_EXECUTE|[16]
16:26:15.0 (28786070)|STATEMENT_EXECUTE|[18]
16:26:15.0 (28803219)|VARIABLE_ASSIGNMENT|[EXTERNAL]|this|{"queryString":"WHERE RecordType.Nam (21 more) ...","wrappedExpenses":"0x41c85331"}|0x13dc82c2
16:26:15.0 (28811944)|HEAP_ALLOCATE|[18]|Bytes:12
16:26:15.0 (28820120)|CONSTRUCTOR_ENTRY|[18]|01p46000002wayn|<init>(Expense__c,Boolean)
16:26:15.0 (28823264)|VARIABLE_SCOPE_BEGIN|[83]|this|ExpenseController.ExpenseWrapper|true|false
16:26:15.0 (28831920)|VARIABLE_ASSIGNMENT|[83]|this|{}|0x1d536693
16:26:15.0 (28833880)|VARIABLE_SCOPE_BEGIN|[83]|ex|Expense__c|true|false
16:26:15.0 (28844308)|VARIABLE_ASSIGNMENT|[83]|ex|{"Category__c":"Road Meals","RecordTypeId":"012460000005G1KAAU","Amount__c":8900,"Tax__c":1157.00,"Submitted__c":false,"Employee__c":"00346000002ojeGAAQ","Id":"a0F46000000FmUwEAK","RecordType":{"Name":"Client Meetings","Id":"012460000005G1KAAU"},"Employee__r":{"Id":"00346000002ojeGAAQ","Name":"Paolo Smith"}}|0x538e0888
16:26:15.0 (28848887)|VARIABLE_SCOPE_BEGIN|[83]|check|Boolean|false|false
16:26:15.0 (28851488)|VARIABLE_ASSIGNMENT|[83]|check|false
16:26:15.0 (28854715)|STATEMENT_EXECUTE|[78]
16:26:15.0 (28856150)|STATEMENT_EXECUTE|[80]
16:26:15.0 (28857390)|STATEMENT_EXECUTE|[81]
16:26:15.0 (28867356)|STATEMENT_EXECUTE|[83]
16:26:15.0 (28868937)|STATEMENT_EXECUTE|[85]
16:26:15.0 (28878526)|VARIABLE_ASSIGNMENT|[EXTERNAL]|this|{}|0x1d536693
16:26:15.0 (28888685)|VARIABLE_ASSIGNMENT|[EXTERNAL]|value|{"Category__c":"Road Meals","RecordTypeId":"012460000005G1KAAU","Amount__c":8900,"Tax__c":1157.00,"Submitted__c":false,"Employee__c":"00346000002ojeGAAQ","Id":"a0F46000000FmUwEAK","RecordType":{"Name":"Client Meetings","Id":"012460000005G1KAAU"},"Employee__r":{"Id":"00346000002ojeGAAQ","Name":"Paolo Smith"}}|0x538e0888
16:26:15.0 (28900477)|VARIABLE_ASSIGNMENT|[80]|this.expense|{"Category__c":"Road Meals","RecordTypeId":"012460000005G1KAAU","Amount__c":8900,"Tax__c":1157.00,"Submitted__c":false,"Employee__c":"00346000002ojeGAAQ","Id":"a0F46000000FmUwEAK","RecordType":{"Name":"Client Meetings","Id":"012460000005G1KAAU"},"Employee__r":{"Id":"00346000002ojeGAAQ","Name":"Paolo Smith"}}|0x1d536693
16:26:15.0 (28906202)|STATEMENT_EXECUTE|[86]
16:26:15.0 (28915775)|VARIABLE_ASSIGNMENT|[EXTERNAL]|this|{"expense":"0x538e0888"}|0x1d536693
16:26:15.0 (28919969)|VARIABLE_ASSIGNMENT|[EXTERNAL]|value|false
16:26:15.0 (28923054)|HEAP_ALLOCATE|[81]|Bytes:5
16:26:15.0 (28926534)|VARIABLE_ASSIGNMENT|[81]|this.checked|false|0x1d536693
16:26:15.0 (28933390)|CONSTRUCTOR_EXIT|[18]|01p46000002wayn|<init>(Expense__c,Boolean)
16:26:15.0 (28940498)|HEAP_ALLOCATE|[EXTERNAL]|Bytes:4
16:26:15.0 (28949303)|HEAP_ALLOCATE|[16]|Bytes:5
16:26:15.0 (28967835)|HEAP_ALLOCATE|[16]|Bytes:40
16:26:15.0 (28972448)|VARIABLE_SCOPE_BEGIN|[16]|ex|Expense__c|true|false
16:26:15.0 (28984962)|VARIABLE_ASSIGNMENT|[16]|ex|{"Category__c":"Event Registration","RecordTypeId":"012460000005G1KAAU","Amount__c":5600,"Tax__c":728.00,"Submitted__c":false,"Employee__c":"00346000002oeLWAAY","Id":"a0F46000000FBc6EAG","RecordType":{"Name":"Client Meetings","Id":"012460000005G1KAAU"},"Employee__r":{"Id":"00346000002oeLWAAY","Name":"Paulo Acosta"}}|0x58548bfb
16:26:15.0 (28988958)|STATEMENT_EXECUTE|[16]
16:26:15.0 (28990358)|STATEMENT_EXECUTE|[18]
16:26:15.0 (29005219)|VARIABLE_ASSIGNMENT|[EXTERNAL]|this|{"queryString":"WHERE RecordType.Nam (21 more) ...","wrappedExpenses":"0x41c85331"}|0x13dc82c2
16:26:15.0 (29013269)|HEAP_ALLOCATE|[18]|Bytes:12
16:26:15.0 (29019725)|CONSTRUCTOR_ENTRY|[18]|01p46000002wayn|<init>(Expense__c,Boolean)
16:26:15.0 (29022548)|VARIABLE_SCOPE_BEGIN|[83]|this|ExpenseController.ExpenseWrapper|true|false
16:26:15.0 (29029785)|VARIABLE_ASSIGNMENT|[83]|this|{}|0x3b15ab6
16:26:15.0 (29034382)|VARIABLE_SCOPE_BEGIN|[83]|ex|Expense__c|true|false
16:26:15.0 (29045073)|VARIABLE_ASSIGNMENT|[83]|ex|{"Category__c":"Event Registration","RecordTypeId":"012460000005G1KAAU","Amount__c":5600,"Tax__c":728.00,"Submitted__c":false,"Employee__c":"00346000002oeLWAAY","Id":"a0F46000000FBc6EAG","RecordType":{"Name":"Client Meetings","Id":"012460000005G1KAAU"},"Employee__r":{"Id":"00346000002oeLWAAY","Name":"Paulo Acosta"}}|0x58548bfb
16:26:15.0 (29049428)|VARIABLE_SCOPE_BEGIN|[83]|check|Boolean|false|false
16:26:15.0 (29051790)|VARIABLE_ASSIGNMENT|[83]|check|false
16:26:15.0 (29054743)|STATEMENT_EXECUTE|[78]
16:26:15.0 (29056053)|STATEMENT_EXECUTE|[80]
16:26:15.0 (29057278)|STATEMENT_EXECUTE|[81]
16:26:15.0 (29065542)|STATEMENT_EXECUTE|[83]
16:26:15.0 (29066818)|STATEMENT_EXECUTE|[85]
16:26:15.0 (29075789)|VARIABLE_ASSIGNMENT|[EXTERNAL]|this|{}|0x3b15ab6
16:26:15.0 (29086078)|VARIABLE_ASSIGNMENT|[EXTERNAL]|value|{"Category__c":"Event Registration","RecordTypeId":"012460000005G1KAAU","Amount__c":5600,"Tax__c":728.00,"Submitted__c":false,"Employee__c":"00346000002oeLWAAY","Id":"a0F46000000FBc6EAG","RecordType":{"Name":"Client Meetings","Id":"012460000005G1KAAU"},"Employee__r":{"Id":"00346000002oeLWAAY","Name":"Paulo Acosta"}}|0x58548bfb
16:26:15.0 (29097789)|VARIABLE_ASSIGNMENT|[80]|this.expense|{"Category__c":"Event Registration","RecordTypeId":"012460000005G1KAAU","Amount__c":5600,"Tax__c":728.00,"Submitted__c":false,"Employee__c":"00346000002oeLWAAY","Id":"a0F46000000FBc6EAG","RecordType":{"Name":"Client Meetings","Id":"012460000005G1KAAU"},"Employee__r":{"Id":"00346000002oeLWAAY","Name":"Paulo Acosta"}}|0x3b15ab6
16:26:15.0 (29102652)|STATEMENT_EXECUTE|[86]
16:26:15.0 (29111459)|VARIABLE_ASSIGNMENT|[EXTERNAL]|this|{"expense":"0x58548bfb"}|0x3b15ab6
16:26:15.0 (29115140)|VARIABLE_ASSIGNMENT|[EXTERNAL]|value|false
16:26:15.0 (29117871)|HEAP_ALLOCATE|[81]|Bytes:5
16:26:15.0 (29121403)|VARIABLE_ASSIGNMENT|[81]|this.checked|false|0x3b15ab6
16:26:15.0 (29127725)|CONSTRUCTOR_EXIT|[18]|01p46000002wayn|<init>(Expense__c,Boolean)
16:26:15.0 (29133470)|HEAP_ALLOCATE|[EXTERNAL]|Bytes:4
16:26:15.0 (29141224)|HEAP_ALLOCATE|[16]|Bytes:5
16:26:15.0 (29148934)|VARIABLE_ASSIGNMENT|[16]|ex|null|
16:26:15.0 (29151889)|STATEMENT_EXECUTE|[21]
16:26:15.0 (29165271)|VARIABLE_ASSIGNMENT|[EXTERNAL]|this|{"queryString":"WHERE RecordType.Nam (21 more) ...","wrappedExpenses":"0x41c85331"}|0x13dc82c2
16:26:15.0 (35080601)|VF_SERIALIZE_VIEWSTATE_BEGIN|06646000001BW08
16:26:15.0 (43631624)|VF_SERIALIZE_VIEWSTATE_END
16:26:15.0 (50684290)|CODE_UNIT_STARTED|[EXTERNAL]|Generate Metadata
16:26:15.0 (51605550)|CODE_UNIT_FINISHED|Generate Metadata
16:26:15.53 (53398812)|CUMULATIVE_LIMIT_USAGE
16:26:15.53 (53398812)|LIMIT_USAGE_FOR_NS|(default)|
  Number of SOQL queries: 2 out of 100
  Number of query rows: 5 out of 50000
  Number of SOSL queries: 0 out of 20
  Number of DML statements: 0 out of 150
  Number of DML rows: 0 out of 10000
  Maximum CPU time: 0 out of 10000
  Maximum heap size: 0 out of 6000000
  Number of callouts: 0 out of 100
  Number of Email Invocations: 0 out of 10
  Number of future calls: 0 out of 50
  Number of queueable jobs added to the queue: 0 out of 50
  Number of Mobile Apex push calls: 0 out of 10

16:26:15.53 (53398812)|CUMULATIVE_LIMIT_USAGE_END

16:26:15.0 (53428489)|CODE_UNIT_FINISHED|VF: /apex/ListOfEmployees
16:26:15.0 (54133284)|EXECUTION_FINISHED
