39.0 APEX_CODE,FINEST;APEX_PROFILING,INFO;CALLOUT,INFO;DB,INFO;SYSTEM,DEBUG;VALIDATION,INFO;VISUALFORCE,INFO;WAVE,INFO;WORKFLOW,INFO
12:27:48.0 (290122)|USER_INFO|[EXTERNAL]|00546000000Iihs|pacosta@altimetrik.com|Argentine Time|GMT-03:00
12:27:48.0 (316308)|EXECUTION_STARTED
12:27:48.0 (319925)|CODE_UNIT_STARTED|[EXTERNAL]|06646000001BW08|VF: /apex/ListOfEmployees
12:27:48.0 (854571)|VF_DESERIALIZE_VIEWSTATE_BEGIN|06646000001BW08
12:27:48.0 (13054463)|HEAP_ALLOCATE|[72]|Bytes:3
12:27:48.0 (13094997)|HEAP_ALLOCATE|[77]|Bytes:152
12:27:48.0 (13107517)|HEAP_ALLOCATE|[342]|Bytes:408
12:27:48.0 (13118834)|HEAP_ALLOCATE|[355]|Bytes:408
12:27:48.0 (13129297)|HEAP_ALLOCATE|[467]|Bytes:48
12:27:48.0 (13156617)|HEAP_ALLOCATE|[139]|Bytes:6
12:27:48.0 (15182722)|HEAP_ALLOCATE|[50]|Bytes:5
12:27:48.0 (15209116)|HEAP_ALLOCATE|[56]|Bytes:5
12:27:48.0 (15216366)|HEAP_ALLOCATE|[64]|Bytes:7
12:27:48.0 (17448197)|VF_DESERIALIZE_VIEWSTATE_END
12:27:48.0 (18302382)|SYSTEM_MODE_ENTER|true
12:27:48.0 (18528865)|HEAP_ALLOCATE|[EXTERNAL]|Bytes:140
12:27:48.0 (18535403)|HEAP_ALLOCATE|[EXTERNAL]|Bytes:46
12:27:48.0 (18545432)|METHOD_ENTRY|[1]|01p46000002wayn|ExpenseController.ExpenseController()
12:27:48.0 (18548596)|STATEMENT_EXECUTE|[1]
12:27:48.0 (18553136)|STATEMENT_EXECUTE|[1]
12:27:48.0 (18558366)|METHOD_EXIT|[1]|ExpenseController
12:27:48.0 (18567718)|HEAP_ALLOCATE|[EXTERNAL]|Bytes:24
12:27:48.0 (18575248)|VARIABLE_SCOPE_BEGIN|[17]|this|ExpenseController|true|false
12:27:48.0 (18641215)|VARIABLE_ASSIGNMENT|[17]|this|{"CountTotalRecords":7,"OffsetSize":3,"QueryLimit":3,"queryString":"","wrappedExpenses":"0x48928918"}|0x3505b8ca
12:27:48.0 (18651209)|STATEMENT_EXECUTE|[17]
12:27:48.0 (18652810)|STATEMENT_EXECUTE|[19]
12:27:48.0 (18655875)|HEAP_ALLOCATE|[19]|Bytes:161
12:27:48.0 (18661569)|HEAP_ALLOCATE|[22]|Bytes:33
12:27:48.0 (18718212)|HEAP_ALLOCATE|[22]|Bytes:1
12:27:48.0 (18727265)|HEAP_ALLOCATE|[22]|Bytes:8
12:27:48.0 (18735324)|HEAP_ALLOCATE|[22]|Bytes:1
12:27:48.0 (18746365)|HEAP_ALLOCATE|[19]|Bytes:204
12:27:48.0 (20973795)|SOQL_EXECUTE_BEGIN|[19]|Aggregations:0|SELECT Category__c, RecordType.Name, Amount__c, Tax__c, Client_Company__c, Submitted__c, Employee__r.Id, Employee__r.Name, Employee__r.Birthdate FROM Expense__c  ORDER BY Employee__r.Name LIMIT 3 OFFSET 3
12:27:48.0 (29371839)|SOQL_EXECUTE_END|[19]|Rows:3
12:27:48.0 (29388360)|HEAP_ALLOCATE|[19]|Bytes:16
12:27:48.0 (29426079)|HEAP_ALLOCATE|[19]|Bytes:1032
12:27:48.0 (29475638)|HEAP_ALLOCATE|[19]|Bytes:16
12:27:48.0 (29493728)|VARIABLE_SCOPE_BEGIN|[19]|results|List<Expense__c>|true|false
12:27:48.0 (29559065)|VARIABLE_ASSIGNMENT|[19]|results|[{"Category__c":"Transportation","RecordTypeId":"012460000005G1FAAU","Amount__c":4000,"Tax__c":520.00,"Submitted__c":true,"Employee__c":"00346000002ojVWAAY","Id":"a0F46000000FtpwEAC","RecordType":{"Name":"Business Trips","Id":"012460000005G1FAAU"},"Employee__r":{"Id":"00346000002ojVWAAY","Name":"Carol Ruiz","Birthdate":"2017-10-09T00:00:00.000Z"}},{"Category__c":"Road Meals","RecordTypeId":"012460000005G1KAAU","Amount__c":8900,"Tax__c":1157.00,"Submitted__c":true,"Employee__c":"00346000002ojeGAAQ","Id":"a0F46000000FmUwEAK","RecordType":{"Name":"Client Meetings","Id":"012460000005G1KAAU"},"Employee__r":{"Id":"00346000002ojeGAAQ","Name":"Paolo Smith"}},{"Category__c":"Lodging","RecordTypeId":"012460000005G1KAAU","Amount__c":4000,"Tax__c":520.00,"Client_Company__c":"At&t","Submitted__c":true,"Employee__c":"00346000002ojeGAAQ","Id":"a0F46000000Ftq1EAC","RecordType":{"Name":"Client Meetings","Id":"012460000005G1KAAU"},"Employee__r":{"Id":"00346000002ojeGAAQ","Name":"Paolo Smith"}}]|0x691ec64e
12:27:48.0 (29568503)|STATEMENT_EXECUTE|[25]
12:27:48.0 (29574584)|HEAP_ALLOCATE|[25]|Bytes:4
12:27:48.0 (29678280)|VARIABLE_ASSIGNMENT|[EXTERNAL]|this|{"CountTotalRecords":7,"OffsetSize":3,"QueryLimit":3,"queryString":"","wrappedExpenses":"0x48928918"}|0x3505b8ca
12:27:48.0 (29696467)|HEAP_ALLOCATE|[EXTERNAL]|Bytes:4
12:27:48.0 (29702428)|VARIABLE_ASSIGNMENT|[EXTERNAL]|value|[]|0x4d004257
12:27:48.0 (29713088)|VARIABLE_ASSIGNMENT|[14]|this.wrappedExpenses|[]|0x3505b8ca
12:27:48.0 (29893934)|HEAP_ALLOCATE|[26]|Bytes:5
12:27:48.0 (29927034)|HEAP_ALLOCATE|[26]|Bytes:40
12:27:48.0 (29935921)|VARIABLE_SCOPE_BEGIN|[26]|ex|Expense__c|true|false
12:27:48.0 (29959268)|VARIABLE_ASSIGNMENT|[26]|ex|{"Category__c":"Transportation","RecordTypeId":"012460000005G1FAAU","Amount__c":4000,"Tax__c":520.00,"Submitted__c":true,"Employee__c":"00346000002ojVWAAY","Id":"a0F46000000FtpwEAC","RecordType":{"Name":"Business Trips","Id":"012460000005G1FAAU"},"Employee__r":{"Id":"00346000002ojVWAAY","Name":"Carol Ruiz","Birthdate":"2017-10-09T00:00:00.000Z"}}|0x936c43d
12:27:48.0 (29964004)|STATEMENT_EXECUTE|[26]
12:27:48.0 (29965374)|STATEMENT_EXECUTE|[28]
12:27:48.0 (30005563)|VARIABLE_ASSIGNMENT|[EXTERNAL]|this|{"CountTotalRecords":7,"OffsetSize":3,"QueryLimit":3,"queryString":"","wrappedExpenses":"0x4d004257"}|0x3505b8ca
12:27:48.0 (30019598)|HEAP_ALLOCATE|[28]|Bytes:112
12:27:48.0 (30024146)|HEAP_ALLOCATE|[28]|Bytes:5
12:27:48.0 (30051476)|METHOD_ENTRY|[1]|01p46000003buu6|ExpenseWrapper.ExpenseWrapper()
12:27:48.0 (30054043)|STATEMENT_EXECUTE|[1]
12:27:48.0 (30057423)|STATEMENT_EXECUTE|[1]
12:27:48.0 (30061511)|METHOD_EXIT|[1]|ExpenseWrapper
12:27:48.0 (30069856)|HEAP_ALLOCATE|[28]|Bytes:12
12:27:48.0 (30081577)|CONSTRUCTOR_ENTRY|[28]|01p46000003buu6|<init>(Expense__c,Boolean)
12:27:48.0 (30091999)|VARIABLE_SCOPE_BEGIN|[6]|this|ExpenseWrapper|true|false
12:27:48.0 (30111721)|VARIABLE_ASSIGNMENT|[6]|this|{}|0x4c46de5e
12:27:48.0 (30114567)|VARIABLE_SCOPE_BEGIN|[6]|ex|Expense__c|true|false
12:27:48.0 (30131553)|VARIABLE_ASSIGNMENT|[6]|ex|{"Category__c":"Transportation","RecordTypeId":"012460000005G1FAAU","Amount__c":4000,"Tax__c":520.00,"Submitted__c":true,"Employee__c":"00346000002ojVWAAY","Id":"a0F46000000FtpwEAC","RecordType":{"Name":"Business Trips","Id":"012460000005G1FAAU"},"Employee__r":{"Id":"00346000002ojVWAAY","Name":"Carol Ruiz","Birthdate":"2017-10-09T00:00:00.000Z"}}|0x936c43d
12:27:48.0 (30137882)|VARIABLE_SCOPE_BEGIN|[6]|check|Boolean|false|false
12:27:48.0 (30140796)|VARIABLE_ASSIGNMENT|[6]|check|false
12:27:48.0 (30143220)|STATEMENT_EXECUTE|[1]
12:27:48.0 (30144873)|STATEMENT_EXECUTE|[3]
12:27:48.0 (30146174)|STATEMENT_EXECUTE|[4]
12:27:48.0 (30150932)|HEAP_ALLOCATE|[8]|Bytes:6
12:27:48.0 (30169261)|STATEMENT_EXECUTE|[6]
12:27:48.0 (30170573)|STATEMENT_EXECUTE|[8]
12:27:48.0 (30221841)|VARIABLE_ASSIGNMENT|[EXTERNAL]|this|{}|0x4c46de5e
12:27:48.0 (30239848)|VARIABLE_ASSIGNMENT|[EXTERNAL]|value|{"Category__c":"Transportation","RecordTypeId":"012460000005G1FAAU","Amount__c":4000,"Tax__c":520.00,"Submitted__c":true,"Employee__c":"00346000002ojVWAAY","Id":"a0F46000000FtpwEAC","RecordType":{"Name":"Business Trips","Id":"012460000005G1FAAU"},"Employee__r":{"Id":"00346000002ojVWAAY","Name":"Carol Ruiz","Birthdate":"2017-10-09T00:00:00.000Z"}}|0x936c43d
12:27:48.0 (30256237)|VARIABLE_ASSIGNMENT|[3]|this.expense|{"Category__c":"Transportation","RecordTypeId":"012460000005G1FAAU","Amount__c":4000,"Tax__c":520.00,"Submitted__c":true,"Employee__c":"00346000002ojVWAAY","Id":"a0F46000000FtpwEAC","RecordType":{"Name":"Business Trips","Id":"012460000005G1FAAU"},"Employee__r":{"Id":"00346000002ojVWAAY","Name":"Carol Ruiz","Birthdate":"2017-10-09T00:00:00.000Z"}}|0x4c46de5e
12:27:48.0 (30263727)|STATEMENT_EXECUTE|[9]
12:27:48.0 (30295490)|VARIABLE_ASSIGNMENT|[EXTERNAL]|this|{"expense":"0x936c43d"}|0x4c46de5e
12:27:48.0 (30301833)|VARIABLE_ASSIGNMENT|[EXTERNAL]|value|false
12:27:48.0 (30305303)|HEAP_ALLOCATE|[4]|Bytes:5
12:27:48.0 (30309841)|VARIABLE_ASSIGNMENT|[4]|this.checked|false|0x4c46de5e
12:27:48.0 (30317729)|CONSTRUCTOR_EXIT|[28]|01p46000003buu6|<init>(Expense__c,Boolean)
12:27:48.0 (30327655)|HEAP_ALLOCATE|[EXTERNAL]|Bytes:4
12:27:48.0 (30337451)|HEAP_ALLOCATE|[26]|Bytes:5
12:27:48.0 (30359810)|HEAP_ALLOCATE|[26]|Bytes:40
12:27:48.0 (30365484)|VARIABLE_SCOPE_BEGIN|[26]|ex|Expense__c|true|false
12:27:48.0 (30379412)|VARIABLE_ASSIGNMENT|[26]|ex|{"Category__c":"Road Meals","RecordTypeId":"012460000005G1KAAU","Amount__c":8900,"Tax__c":1157.00,"Submitted__c":true,"Employee__c":"00346000002ojeGAAQ","Id":"a0F46000000FmUwEAK","RecordType":{"Name":"Client Meetings","Id":"012460000005G1KAAU"},"Employee__r":{"Id":"00346000002ojeGAAQ","Name":"Paolo Smith"}}|0x5cbb8f0e
12:27:48.0 (30383502)|STATEMENT_EXECUTE|[26]
12:27:48.0 (30384855)|STATEMENT_EXECUTE|[28]
12:27:48.0 (30405233)|VARIABLE_ASSIGNMENT|[EXTERNAL]|this|{"CountTotalRecords":7,"OffsetSize":3,"QueryLimit":3,"queryString":"","wrappedExpenses":"0x4d004257"}|0x3505b8ca
12:27:48.0 (30413026)|HEAP_ALLOCATE|[28]|Bytes:12
12:27:48.0 (30419884)|CONSTRUCTOR_ENTRY|[28]|01p46000003buu6|<init>(Expense__c,Boolean)
12:27:48.0 (30423173)|VARIABLE_SCOPE_BEGIN|[6]|this|ExpenseWrapper|true|false
12:27:48.0 (30431095)|VARIABLE_ASSIGNMENT|[6]|this|{}|0x233b7e7c
12:27:48.0 (30432684)|VARIABLE_SCOPE_BEGIN|[6]|ex|Expense__c|true|false
12:27:48.0 (30442472)|VARIABLE_ASSIGNMENT|[6]|ex|{"Category__c":"Road Meals","RecordTypeId":"012460000005G1KAAU","Amount__c":8900,"Tax__c":1157.00,"Submitted__c":true,"Employee__c":"00346000002ojeGAAQ","Id":"a0F46000000FmUwEAK","RecordType":{"Name":"Client Meetings","Id":"012460000005G1KAAU"},"Employee__r":{"Id":"00346000002ojeGAAQ","Name":"Paolo Smith"}}|0x5cbb8f0e
12:27:48.0 (30446446)|VARIABLE_SCOPE_BEGIN|[6]|check|Boolean|false|false
12:27:48.0 (30448772)|VARIABLE_ASSIGNMENT|[6]|check|false
12:27:48.0 (30450999)|STATEMENT_EXECUTE|[1]
12:27:48.0 (30452085)|STATEMENT_EXECUTE|[3]
12:27:48.0 (30453123)|STATEMENT_EXECUTE|[4]
12:27:48.0 (30461065)|STATEMENT_EXECUTE|[6]
12:27:48.0 (30462124)|STATEMENT_EXECUTE|[8]
12:27:48.0 (30471173)|VARIABLE_ASSIGNMENT|[EXTERNAL]|this|{}|0x233b7e7c
12:27:48.0 (30480816)|VARIABLE_ASSIGNMENT|[EXTERNAL]|value|{"Category__c":"Road Meals","RecordTypeId":"012460000005G1KAAU","Amount__c":8900,"Tax__c":1157.00,"Submitted__c":true,"Employee__c":"00346000002ojeGAAQ","Id":"a0F46000000FmUwEAK","RecordType":{"Name":"Client Meetings","Id":"012460000005G1KAAU"},"Employee__r":{"Id":"00346000002ojeGAAQ","Name":"Paolo Smith"}}|0x5cbb8f0e
12:27:48.0 (30491886)|VARIABLE_ASSIGNMENT|[3]|this.expense|{"Category__c":"Road Meals","RecordTypeId":"012460000005G1KAAU","Amount__c":8900,"Tax__c":1157.00,"Submitted__c":true,"Employee__c":"00346000002ojeGAAQ","Id":"a0F46000000FmUwEAK","RecordType":{"Name":"Client Meetings","Id":"012460000005G1KAAU"},"Employee__r":{"Id":"00346000002ojeGAAQ","Name":"Paolo Smith"}}|0x233b7e7c
12:27:48.0 (30496715)|STATEMENT_EXECUTE|[9]
12:27:48.0 (30505425)|VARIABLE_ASSIGNMENT|[EXTERNAL]|this|{"expense":"0x5cbb8f0e"}|0x233b7e7c
12:27:48.0 (30509245)|VARIABLE_ASSIGNMENT|[EXTERNAL]|value|false
12:27:48.0 (30511534)|HEAP_ALLOCATE|[4]|Bytes:5
12:27:48.0 (30514832)|VARIABLE_ASSIGNMENT|[4]|this.checked|false|0x233b7e7c
12:27:48.0 (30521162)|CONSTRUCTOR_EXIT|[28]|01p46000003buu6|<init>(Expense__c,Boolean)
12:27:48.0 (30527180)|HEAP_ALLOCATE|[EXTERNAL]|Bytes:4
12:27:48.0 (30534667)|HEAP_ALLOCATE|[26]|Bytes:5
12:27:48.0 (30551340)|HEAP_ALLOCATE|[26]|Bytes:44
12:27:48.0 (30555762)|VARIABLE_SCOPE_BEGIN|[26]|ex|Expense__c|true|false
12:27:48.0 (30568457)|VARIABLE_ASSIGNMENT|[26]|ex|{"Category__c":"Lodging","RecordTypeId":"012460000005G1KAAU","Amount__c":4000,"Tax__c":520.00,"Client_Company__c":"At&t","Submitted__c":true,"Employee__c":"00346000002ojeGAAQ","Id":"a0F46000000Ftq1EAC","RecordType":{"Name":"Client Meetings","Id":"012460000005G1KAAU"},"Employee__r":{"Id":"00346000002ojeGAAQ","Name":"Paolo Smith"}}|0x3542ed87
12:27:48.0 (30572152)|STATEMENT_EXECUTE|[26]
12:27:48.0 (30573571)|STATEMENT_EXECUTE|[28]
12:27:48.0 (30591616)|VARIABLE_ASSIGNMENT|[EXTERNAL]|this|{"CountTotalRecords":7,"OffsetSize":3,"QueryLimit":3,"queryString":"","wrappedExpenses":"0x4d004257"}|0x3505b8ca
12:27:48.0 (30597813)|HEAP_ALLOCATE|[28]|Bytes:12
12:27:48.0 (30603956)|CONSTRUCTOR_ENTRY|[28]|01p46000003buu6|<init>(Expense__c,Boolean)
12:27:48.0 (30606501)|VARIABLE_SCOPE_BEGIN|[6]|this|ExpenseWrapper|true|false
12:27:48.0 (30613331)|VARIABLE_ASSIGNMENT|[6]|this|{}|0x3a5cc4d7
12:27:48.0 (30614849)|VARIABLE_SCOPE_BEGIN|[6]|ex|Expense__c|true|false
12:27:48.0 (30624624)|VARIABLE_ASSIGNMENT|[6]|ex|{"Category__c":"Lodging","RecordTypeId":"012460000005G1KAAU","Amount__c":4000,"Tax__c":520.00,"Client_Company__c":"At&t","Submitted__c":true,"Employee__c":"00346000002ojeGAAQ","Id":"a0F46000000Ftq1EAC","RecordType":{"Name":"Client Meetings","Id":"012460000005G1KAAU"},"Employee__r":{"Id":"00346000002ojeGAAQ","Name":"Paolo Smith"}}|0x3542ed87
12:27:48.0 (30628402)|VARIABLE_SCOPE_BEGIN|[6]|check|Boolean|false|false
12:27:48.0 (30630689)|VARIABLE_ASSIGNMENT|[6]|check|false
12:27:48.0 (30632767)|STATEMENT_EXECUTE|[1]
12:27:48.0 (30633982)|STATEMENT_EXECUTE|[3]
12:27:48.0 (30635017)|STATEMENT_EXECUTE|[4]
12:27:48.0 (30642170)|STATEMENT_EXECUTE|[6]
12:27:48.0 (30643273)|STATEMENT_EXECUTE|[8]
12:27:48.0 (30651944)|VARIABLE_ASSIGNMENT|[EXTERNAL]|this|{}|0x3a5cc4d7
12:27:48.0 (30661540)|VARIABLE_ASSIGNMENT|[EXTERNAL]|value|{"Category__c":"Lodging","RecordTypeId":"012460000005G1KAAU","Amount__c":4000,"Tax__c":520.00,"Client_Company__c":"At&t","Submitted__c":true,"Employee__c":"00346000002ojeGAAQ","Id":"a0F46000000Ftq1EAC","RecordType":{"Name":"Client Meetings","Id":"012460000005G1KAAU"},"Employee__r":{"Id":"00346000002ojeGAAQ","Name":"Paolo Smith"}}|0x3542ed87
12:27:48.0 (30672749)|VARIABLE_ASSIGNMENT|[3]|this.expense|{"Category__c":"Lodging","RecordTypeId":"012460000005G1KAAU","Amount__c":4000,"Tax__c":520.00,"Client_Company__c":"At&t","Submitted__c":true,"Employee__c":"00346000002ojeGAAQ","Id":"a0F46000000Ftq1EAC","RecordType":{"Name":"Client Meetings","Id":"012460000005G1KAAU"},"Employee__r":{"Id":"00346000002ojeGAAQ","Name":"Paolo Smith"}}|0x3a5cc4d7
12:27:48.0 (30677975)|STATEMENT_EXECUTE|[9]
12:27:48.0 (30686454)|VARIABLE_ASSIGNMENT|[EXTERNAL]|this|{"expense":"0x3542ed87"}|0x3a5cc4d7
12:27:48.0 (30690045)|VARIABLE_ASSIGNMENT|[EXTERNAL]|value|false
12:27:48.0 (30692188)|HEAP_ALLOCATE|[4]|Bytes:5
12:27:48.0 (30695554)|VARIABLE_ASSIGNMENT|[4]|this.checked|false|0x3a5cc4d7
12:27:48.0 (30701405)|CONSTRUCTOR_EXIT|[28]|01p46000003buu6|<init>(Expense__c,Boolean)
12:27:48.0 (30706436)|HEAP_ALLOCATE|[EXTERNAL]|Bytes:4
12:27:48.0 (30713608)|HEAP_ALLOCATE|[26]|Bytes:5
12:27:48.0 (30721094)|VARIABLE_ASSIGNMENT|[26]|ex|null|
12:27:48.0 (30723804)|STATEMENT_EXECUTE|[32]
12:27:48.0 (30749343)|VARIABLE_ASSIGNMENT|[EXTERNAL]|this|{"CountTotalRecords":7,"OffsetSize":3,"QueryLimit":3,"queryString":"","wrappedExpenses":"0x4d004257"}|0x3505b8ca
12:27:48.0 (31327169)|SYSTEM_MODE_ENTER|true
12:27:48.0 (31360159)|HEAP_ALLOCATE|[EXTERNAL]|Bytes:24
12:27:48.0 (31367053)|VARIABLE_SCOPE_BEGIN|[107]|this|ExpenseController|true|false
12:27:48.0 (31390439)|VARIABLE_ASSIGNMENT|[107]|this|{"CountTotalRecords":7,"OffsetSize":3,"QueryLimit":3,"queryString":"","wrappedExpenses":"0x4d004257"}|0x3505b8ca
12:27:48.0 (31397494)|STATEMENT_EXECUTE|[107]
12:27:48.0 (31404459)|STATEMENT_EXECUTE|[108]
12:27:48.0 (31405516)|STATEMENT_EXECUTE|[109]
12:27:48.0 (31409940)|HEAP_ALLOCATE|[109]|Bytes:5
12:27:48.0 (31495599)|SYSTEM_MODE_ENTER|true
12:27:48.0 (31517328)|HEAP_ALLOCATE|[EXTERNAL]|Bytes:24
12:27:48.0 (31522574)|VARIABLE_SCOPE_BEGIN|[114]|this|ExpenseController|true|false
12:27:48.0 (31541956)|VARIABLE_ASSIGNMENT|[114]|this|{"CountTotalRecords":7,"OffsetSize":3,"QueryLimit":3,"queryString":"","wrappedExpenses":"0x4d004257"}|0x3505b8ca
12:27:48.0 (31547425)|STATEMENT_EXECUTE|[114]
12:27:48.0 (31582875)|VARIABLE_ASSIGNMENT|[EXTERNAL]|this|{"CountTotalRecords":7,"OffsetSize":3,"QueryLimit":3,"queryString":"","wrappedExpenses":"0x4d004257"}|0x3505b8ca
12:27:48.0 (31591724)|STATEMENT_EXECUTE|[115]
12:27:48.0 (31593019)|STATEMENT_EXECUTE|[116]
12:27:48.0 (31596837)|HEAP_ALLOCATE|[116]|Bytes:5
12:27:48.0 (31921656)|HEAP_ALLOCATE|[EXTERNAL]|Bytes:5
12:27:48.0 (31925242)|HEAP_ALLOCATE|[EXTERNAL]|Bytes:12
12:27:48.0 (31932172)|VARIABLE_ASSIGNMENT|[EXTERNAL]|this.checked|false|0x4c46de5e
12:27:48.0 (31970469)|HEAP_ALLOCATE|[EXTERNAL]|Bytes:5
12:27:48.0 (31972768)|HEAP_ALLOCATE|[EXTERNAL]|Bytes:12
12:27:48.0 (31977838)|VARIABLE_ASSIGNMENT|[EXTERNAL]|this.checked|false|0x233b7e7c
12:27:48.0 (32009413)|HEAP_ALLOCATE|[EXTERNAL]|Bytes:5
12:27:48.0 (32012275)|HEAP_ALLOCATE|[EXTERNAL]|Bytes:12
12:27:48.0 (32016867)|VARIABLE_ASSIGNMENT|[EXTERNAL]|this.checked|false|0x3a5cc4d7
12:27:48.0 (32140042)|HEAP_ALLOCATE|[EXTERNAL]|Bytes:24
12:27:48.0 (32145794)|VARIABLE_SCOPE_BEGIN|[121]|this|ExpenseController|true|false
12:27:48.0 (32169021)|VARIABLE_ASSIGNMENT|[121]|this|{"CountTotalRecords":7,"OffsetSize":3,"QueryLimit":3,"queryString":"","wrappedExpenses":"0x4d004257"}|0x3505b8ca
12:27:48.0 (32175363)|STATEMENT_EXECUTE|[121]
12:27:48.0 (32176759)|STATEMENT_EXECUTE|[122]
12:27:48.0 (32182335)|HEAP_ALLOCATE|[122]|Bytes:4
12:27:48.0 (32187467)|VARIABLE_ASSIGNMENT|[122]|this.OffsetSize|6|0x3505b8ca
12:27:48.0 (32189362)|STATEMENT_EXECUTE|[123]
12:27:48.0 (35294343)|SYSTEM_MODE_ENTER|true
12:27:48.0 (35315438)|HEAP_ALLOCATE|[EXTERNAL]|Bytes:96
12:27:48.0 (35320880)|HEAP_ALLOCATE|[EXTERNAL]|Bytes:6
12:27:48.0 (35327322)|METHOD_ENTRY|[1]|01p46000002ySm2|SaveAsPdfExtension.SaveAsPdfExtension()
12:27:48.0 (35329705)|STATEMENT_EXECUTE|[1]
12:27:48.0 (35332750)|STATEMENT_EXECUTE|[1]
12:27:48.0 (35336136)|METHOD_EXIT|[1]|SaveAsPdfExtension
12:27:48.0 (35512225)|SYSTEM_MODE_ENTER|true
12:27:48.0 (35535773)|HEAP_ALLOCATE|[EXTERNAL]|Bytes:24
12:27:48.0 (35540205)|VARIABLE_SCOPE_BEGIN|[17]|this|ExpenseController|true|false
12:27:48.0 (35565761)|VARIABLE_ASSIGNMENT|[17]|this|{"CountTotalRecords":7,"OffsetSize":6,"QueryLimit":3,"queryString":"","wrappedExpenses":"0x4d004257"}|0x3505b8ca
12:27:48.0 (35572059)|STATEMENT_EXECUTE|[17]
12:27:48.0 (35573580)|STATEMENT_EXECUTE|[19]
12:27:48.0 (35591947)|HEAP_ALLOCATE|[22]|Bytes:1
12:27:48.0 (35603741)|HEAP_ALLOCATE|[22]|Bytes:1
12:27:48.0 (35612602)|HEAP_ALLOCATE|[19]|Bytes:204
12:27:48.0 (35955236)|SOQL_EXECUTE_BEGIN|[19]|Aggregations:0|SELECT Category__c, RecordType.Name, Amount__c, Tax__c, Client_Company__c, Submitted__c, Employee__r.Id, Employee__r.Name, Employee__r.Birthdate FROM Expense__c  ORDER BY Employee__r.Name LIMIT 3 OFFSET 6
12:27:48.0 (40573723)|SOQL_EXECUTE_END|[19]|Rows:1
12:27:48.0 (40588112)|HEAP_ALLOCATE|[19]|Bytes:8
12:27:48.0 (40608648)|HEAP_ALLOCATE|[19]|Bytes:372
12:27:48.0 (40623629)|HEAP_ALLOCATE|[19]|Bytes:8
12:27:48.0 (40636555)|VARIABLE_SCOPE_BEGIN|[19]|results|List<Expense__c>|true|false
12:27:48.0 (40660593)|VARIABLE_ASSIGNMENT|[19]|results|[{"Category__c":"Event Registration","RecordTypeId":"012460000005G1KAAU","Amount__c":5600,"Tax__c":728.00,"Submitted__c":true,"Employee__c":"00346000002oeLWAAY","Id":"a0F46000000FBc6EAG","RecordType":{"Name":"Client Meetings","Id":"012460000005G1KAAU"},"Employee__r":{"Id":"00346000002oeLWAAY","Name":"Paulo Acosta"}}]|0x415c7a46
12:27:48.0 (40664681)|STATEMENT_EXECUTE|[25]
12:27:48.0 (40669086)|HEAP_ALLOCATE|[25]|Bytes:4
12:27:48.0 (40705488)|VARIABLE_ASSIGNMENT|[EXTERNAL]|this|{"CountTotalRecords":7,"OffsetSize":6,"QueryLimit":3,"queryString":"","wrappedExpenses":"0x4d004257"}|0x3505b8ca
12:27:48.0 (40715700)|HEAP_ALLOCATE|[EXTERNAL]|Bytes:4
12:27:48.0 (40720513)|VARIABLE_ASSIGNMENT|[EXTERNAL]|value|[]|0xaee3479
12:27:48.0 (40727452)|VARIABLE_ASSIGNMENT|[14]|this.wrappedExpenses|[]|0x3505b8ca
12:27:48.0 (40747651)|HEAP_ALLOCATE|[26]|Bytes:5
12:27:48.0 (40775866)|HEAP_ALLOCATE|[26]|Bytes:40
12:27:48.0 (40782697)|VARIABLE_SCOPE_BEGIN|[26]|ex|Expense__c|true|false
12:27:48.0 (40798193)|VARIABLE_ASSIGNMENT|[26]|ex|{"Category__c":"Event Registration","RecordTypeId":"012460000005G1KAAU","Amount__c":5600,"Tax__c":728.00,"Submitted__c":true,"Employee__c":"00346000002oeLWAAY","Id":"a0F46000000FBc6EAG","RecordType":{"Name":"Client Meetings","Id":"012460000005G1KAAU"},"Employee__r":{"Id":"00346000002oeLWAAY","Name":"Paulo Acosta"}}|0x470d025b
12:27:48.0 (40802233)|STATEMENT_EXECUTE|[26]
12:27:48.0 (40803474)|STATEMENT_EXECUTE|[28]
12:27:48.0 (40824940)|VARIABLE_ASSIGNMENT|[EXTERNAL]|this|{"CountTotalRecords":7,"OffsetSize":6,"QueryLimit":3,"queryString":"","wrappedExpenses":"0xaee3479"}|0x3505b8ca
12:27:48.0 (40833115)|HEAP_ALLOCATE|[28]|Bytes:12
12:27:48.0 (40841234)|CONSTRUCTOR_ENTRY|[28]|01p46000003buu6|<init>(Expense__c,Boolean)
12:27:48.0 (40844885)|VARIABLE_SCOPE_BEGIN|[6]|this|ExpenseWrapper|true|false
12:27:48.0 (40854015)|VARIABLE_ASSIGNMENT|[6]|this|{}|0x102c79cd
12:27:48.0 (40855629)|VARIABLE_SCOPE_BEGIN|[6]|ex|Expense__c|true|false
12:27:48.0 (40867008)|VARIABLE_ASSIGNMENT|[6]|ex|{"Category__c":"Event Registration","RecordTypeId":"012460000005G1KAAU","Amount__c":5600,"Tax__c":728.00,"Submitted__c":true,"Employee__c":"00346000002oeLWAAY","Id":"a0F46000000FBc6EAG","RecordType":{"Name":"Client Meetings","Id":"012460000005G1KAAU"},"Employee__r":{"Id":"00346000002oeLWAAY","Name":"Paulo Acosta"}}|0x470d025b
12:27:48.0 (40871594)|VARIABLE_SCOPE_BEGIN|[6]|check|Boolean|false|false
12:27:48.0 (40874320)|VARIABLE_ASSIGNMENT|[6]|check|false
12:27:48.0 (40876404)|STATEMENT_EXECUTE|[1]
12:27:48.0 (40877652)|STATEMENT_EXECUTE|[3]
12:27:48.0 (40878674)|STATEMENT_EXECUTE|[4]
12:27:48.0 (40887789)|STATEMENT_EXECUTE|[6]
12:27:48.0 (40888990)|STATEMENT_EXECUTE|[8]
12:27:48.0 (40899048)|VARIABLE_ASSIGNMENT|[EXTERNAL]|this|{}|0x102c79cd
12:27:48.0 (40909004)|VARIABLE_ASSIGNMENT|[EXTERNAL]|value|{"Category__c":"Event Registration","RecordTypeId":"012460000005G1KAAU","Amount__c":5600,"Tax__c":728.00,"Submitted__c":true,"Employee__c":"00346000002oeLWAAY","Id":"a0F46000000FBc6EAG","RecordType":{"Name":"Client Meetings","Id":"012460000005G1KAAU"},"Employee__r":{"Id":"00346000002oeLWAAY","Name":"Paulo Acosta"}}|0x470d025b
12:27:48.0 (40921054)|VARIABLE_ASSIGNMENT|[3]|this.expense|{"Category__c":"Event Registration","RecordTypeId":"012460000005G1KAAU","Amount__c":5600,"Tax__c":728.00,"Submitted__c":true,"Employee__c":"00346000002oeLWAAY","Id":"a0F46000000FBc6EAG","RecordType":{"Name":"Client Meetings","Id":"012460000005G1KAAU"},"Employee__r":{"Id":"00346000002oeLWAAY","Name":"Paulo Acosta"}}|0x102c79cd
12:27:48.0 (40925542)|STATEMENT_EXECUTE|[9]
12:27:48.0 (40934419)|VARIABLE_ASSIGNMENT|[EXTERNAL]|this|{"expense":"0x470d025b"}|0x102c79cd
12:27:48.0 (40938631)|VARIABLE_ASSIGNMENT|[EXTERNAL]|value|false
12:27:48.0 (40940975)|HEAP_ALLOCATE|[4]|Bytes:5
12:27:48.0 (40944449)|VARIABLE_ASSIGNMENT|[4]|this.checked|false|0x102c79cd
12:27:48.0 (40951482)|CONSTRUCTOR_EXIT|[28]|01p46000003buu6|<init>(Expense__c,Boolean)
12:27:48.0 (40957659)|HEAP_ALLOCATE|[EXTERNAL]|Bytes:4
12:27:48.0 (40965848)|HEAP_ALLOCATE|[26]|Bytes:5
12:27:48.0 (40973408)|VARIABLE_ASSIGNMENT|[26]|ex|null|
12:27:48.0 (40975654)|STATEMENT_EXECUTE|[32]
12:27:48.0 (40991809)|VARIABLE_ASSIGNMENT|[EXTERNAL]|this|{"CountTotalRecords":7,"OffsetSize":6,"QueryLimit":3,"queryString":"","wrappedExpenses":"0xaee3479"}|0x3505b8ca
12:27:48.0 (42367305)|SYSTEM_MODE_ENTER|true
12:27:48.0 (42395122)|HEAP_ALLOCATE|[EXTERNAL]|Bytes:24
12:27:48.0 (42400388)|VARIABLE_SCOPE_BEGIN|[107]|this|ExpenseController|true|false
12:27:48.0 (42425384)|VARIABLE_ASSIGNMENT|[107]|this|{"CountTotalRecords":7,"OffsetSize":6,"QueryLimit":3,"queryString":"","wrappedExpenses":"0xaee3479"}|0x3505b8ca
12:27:48.0 (42431880)|STATEMENT_EXECUTE|[107]
12:27:48.0 (42435573)|STATEMENT_EXECUTE|[108]
12:27:48.0 (42436775)|STATEMENT_EXECUTE|[109]
12:27:48.0 (42441323)|HEAP_ALLOCATE|[109]|Bytes:5
12:27:48.0 (42859425)|SYSTEM_MODE_ENTER|true
12:27:48.0 (42884100)|HEAP_ALLOCATE|[EXTERNAL]|Bytes:24
12:27:48.0 (42888967)|VARIABLE_SCOPE_BEGIN|[114]|this|ExpenseController|true|false
12:27:48.0 (42913615)|VARIABLE_ASSIGNMENT|[114]|this|{"CountTotalRecords":7,"OffsetSize":6,"QueryLimit":3,"queryString":"","wrappedExpenses":"0xaee3479"}|0x3505b8ca
12:27:48.0 (42920498)|STATEMENT_EXECUTE|[114]
12:27:48.0 (42943682)|VARIABLE_ASSIGNMENT|[EXTERNAL]|this|{"CountTotalRecords":7,"OffsetSize":6,"QueryLimit":3,"queryString":"","wrappedExpenses":"0xaee3479"}|0x3505b8ca
12:27:48.0 (42951163)|STATEMENT_EXECUTE|[118]
12:27:48.0 (42956338)|HEAP_ALLOCATE|[118]|Bytes:5
12:27:48.0 (48117856)|VF_SERIALIZE_VIEWSTATE_BEGIN|06646000001BW08
12:27:48.0 (82943109)|VF_SERIALIZE_VIEWSTATE_END
12:27:48.0 (89337543)|CODE_UNIT_STARTED|[EXTERNAL]|Generate Metadata
12:27:48.0 (90277987)|CODE_UNIT_FINISHED|Generate Metadata
12:27:48.92 (92328126)|CUMULATIVE_LIMIT_USAGE
12:27:48.92 (92328126)|LIMIT_USAGE_FOR_NS|(default)|
  Number of SOQL queries: 2 out of 100
  Number of query rows: 4 out of 50000
  Number of SOSL queries: 0 out of 20
  Number of DML statements: 0 out of 150
  Number of DML rows: 0 out of 10000
  Maximum CPU time: 0 out of 10000
  Maximum heap size: 0 out of 6000000
  Number of callouts: 0 out of 100
  Number of Email Invocations: 0 out of 10
  Number of future calls: 0 out of 50
  Number of queueable jobs added to the queue: 0 out of 50
  Number of Mobile Apex push calls: 0 out of 10

12:27:48.92 (92328126)|CUMULATIVE_LIMIT_USAGE_END

12:27:48.0 (92362566)|CODE_UNIT_FINISHED|VF: /apex/ListOfEmployees
12:27:48.0 (93106035)|EXECUTION_FINISHED
