39.0 APEX_CODE,FINEST;APEX_PROFILING,INFO;CALLOUT,INFO;DB,INFO;SYSTEM,DEBUG;VALIDATION,INFO;VISUALFORCE,INFO;WAVE,INFO;WORKFLOW,INFO
17:55:30.0 (695089)|USER_INFO|[EXTERNAL]|00546000000Iihs|pacosta@altimetrik.com|Argentine Time|GMT-03:00
17:55:30.0 (723142)|EXECUTION_STARTED
17:55:30.0 (727243)|CODE_UNIT_STARTED|[EXTERNAL]|01p46000002uYS7|TestVerifyDate.checkDates
17:55:30.0 (1540322)|HEAP_ALLOCATE|[72]|Bytes:3
17:55:30.0 (1580498)|HEAP_ALLOCATE|[77]|Bytes:152
17:55:30.0 (1597123)|HEAP_ALLOCATE|[342]|Bytes:408
17:55:30.0 (1616267)|HEAP_ALLOCATE|[355]|Bytes:408
17:55:30.0 (1633405)|HEAP_ALLOCATE|[467]|Bytes:48
17:55:30.0 (1661068)|HEAP_ALLOCATE|[139]|Bytes:6
17:55:30.0 (1673061)|HEAP_ALLOCATE|[EXTERNAL]|Bytes:23
17:55:30.0 (1681230)|METHOD_ENTRY|[2]|01p46000002uYS7|TestVerifyDate.TestVerifyDate()
17:55:30.0 (1686081)|STATEMENT_EXECUTE|[2]
17:55:30.0 (1691026)|STATEMENT_EXECUTE|[2]
17:55:30.0 (1694440)|METHOD_EXIT|[2]|TestVerifyDate
17:55:30.0 (1728758)|HEAP_ALLOCATE|[50]|Bytes:5
17:55:30.0 (1749168)|HEAP_ALLOCATE|[56]|Bytes:5
17:55:30.0 (1756123)|HEAP_ALLOCATE|[64]|Bytes:7
17:55:30.0 (1792582)|STATEMENT_EXECUTE|[4]
17:55:30.0 (1794415)|STATEMENT_EXECUTE|[6]
17:55:30.0 (1850679)|HEAP_ALLOCATE|[6]|Bytes:4
17:55:30.0 (1866877)|VARIABLE_SCOPE_BEGIN|[6]|date1|Date|false|false
17:55:30.0 (1916307)|VARIABLE_ASSIGNMENT|[6]|date1|"2017-03-22T00:00:00.000Z"
17:55:30.0 (1920433)|STATEMENT_EXECUTE|[7]
17:55:30.0 (1941137)|HEAP_ALLOCATE|[7]|Bytes:4
17:55:30.0 (1958768)|HEAP_ALLOCATE|[7]|Bytes:4
17:55:30.0 (1965357)|VARIABLE_SCOPE_BEGIN|[7]|date2|Date|false|false
17:55:30.0 (1975510)|VARIABLE_ASSIGNMENT|[7]|date2|"2017-04-16T00:00:00.000Z"
17:55:30.0 (1978016)|STATEMENT_EXECUTE|[9]
17:55:30.0 (5116313)|HEAP_ALLOCATE|[9]|Bytes:7
17:55:30.0 (5129930)|METHOD_ENTRY|[1]|01p46000002uYS2|VerifyDate.VerifyDate()
17:55:30.0 (5133336)|STATEMENT_EXECUTE|[1]
17:55:30.0 (5137566)|STATEMENT_EXECUTE|[1]
17:55:30.0 (5141578)|METHOD_EXIT|[1]|VerifyDate
17:55:30.0 (5167448)|METHOD_ENTRY|[9]|01p46000002uYS2|VerifyDate.CheckDates(Date, Date)
17:55:30.0 (5188199)|VARIABLE_SCOPE_BEGIN|[4]|date1|Date|false|false
17:55:30.0 (5200734)|VARIABLE_ASSIGNMENT|[4]|date1|"2017-03-22T00:00:00.000Z"
17:55:30.0 (5204781)|VARIABLE_SCOPE_BEGIN|[4]|date2|Date|false|false
17:55:30.0 (5209415)|VARIABLE_ASSIGNMENT|[4]|date2|"2017-04-16T00:00:00.000Z"
17:55:30.0 (5218746)|STATEMENT_EXECUTE|[4]
17:55:30.0 (5235656)|METHOD_ENTRY|[6]|01p46000002uYS2|VerifyDate.DateWithin30Days(Date, Date)
17:55:30.0 (5261751)|VARIABLE_SCOPE_BEGIN|[14]|date1|Date|false|false
17:55:30.0 (5268469)|VARIABLE_ASSIGNMENT|[14]|date1|"2017-03-22T00:00:00.000Z"
17:55:30.0 (5271756)|VARIABLE_SCOPE_BEGIN|[14]|date2|Date|false|false
17:55:30.0 (5275202)|VARIABLE_ASSIGNMENT|[14]|date2|"2017-04-16T00:00:00.000Z"
17:55:30.0 (5281252)|STATEMENT_EXECUTE|[14]
17:55:30.0 (5312142)|STATEMENT_EXECUTE|[16]
17:55:30.0 (5313922)|STATEMENT_EXECUTE|[19]
17:55:30.0 (5330908)|HEAP_ALLOCATE|[19]|Bytes:4
17:55:30.0 (5339863)|VARIABLE_SCOPE_BEGIN|[19]|date30Days|Date|false|false
17:55:30.0 (5348918)|VARIABLE_ASSIGNMENT|[19]|date30Days|"2017-04-21T00:00:00.000Z"
17:55:30.0 (5367032)|STATEMENT_EXECUTE|[21]
17:55:30.0 (5368579)|STATEMENT_EXECUTE|[21]
17:55:30.0 (5373333)|METHOD_EXIT|[6]|01p46000002uYS2|VerifyDate.DateWithin30Days(Date, Date)
17:55:30.0 (5377729)|STATEMENT_EXECUTE|[6]
17:55:30.0 (5378957)|STATEMENT_EXECUTE|[7]
17:55:30.0 (5381690)|METHOD_EXIT|[9]|01p46000002uYS2|VerifyDate.CheckDates(Date, Date)
17:55:30.0 (5385975)|VARIABLE_SCOPE_BEGIN|[9]|check|Date|false|false
17:55:30.0 (5393354)|VARIABLE_ASSIGNMENT|[9]|check|"2017-04-16T00:00:00.000Z"
17:55:30.0 (5395600)|STATEMENT_EXECUTE|[11]
17:55:30.5 (5470075)|CUMULATIVE_LIMIT_USAGE
17:55:30.5 (5470075)|LIMIT_USAGE_FOR_NS|(default)|
  Number of SOQL queries: 0 out of 100
  Number of query rows: 0 out of 50000
  Number of SOSL queries: 0 out of 20
  Number of DML statements: 0 out of 150
  Number of DML rows: 0 out of 10000
  Maximum CPU time: 0 out of 10000
  Maximum heap size: 0 out of 6000000
  Number of callouts: 0 out of 100
  Number of Email Invocations: 0 out of 10
  Number of future calls: 0 out of 50
  Number of queueable jobs added to the queue: 0 out of 50
  Number of Mobile Apex push calls: 0 out of 10

17:55:30.5 (5470075)|CUMULATIVE_LIMIT_USAGE_END

17:55:30.0 (5501785)|CODE_UNIT_FINISHED|TestVerifyDate.checkDates
17:55:30.0 (6285426)|EXECUTION_FINISHED
17:55:30.43 (43054529)|USER_INFO|[EXTERNAL]|00546000000Iihs|pacosta@altimetrik.com|Argentine Time|GMT-03:00
17:55:30.43 (43062157)|EXECUTION_STARTED
17:55:30.43 (43064789)|CODE_UNIT_STARTED|[EXTERNAL]|01p46000002uYS7|TestVerifyDate.checkDates2
17:55:30.43 (43133491)|HEAP_ALLOCATE|[72]|Bytes:3
17:55:30.43 (43152264)|HEAP_ALLOCATE|[77]|Bytes:152
17:55:30.43 (43164392)|HEAP_ALLOCATE|[342]|Bytes:408
17:55:30.43 (43181462)|HEAP_ALLOCATE|[355]|Bytes:408
17:55:30.43 (43198273)|HEAP_ALLOCATE|[467]|Bytes:48
17:55:30.43 (43217846)|HEAP_ALLOCATE|[139]|Bytes:6
17:55:30.43 (43228390)|HEAP_ALLOCATE|[EXTERNAL]|Bytes:23
17:55:30.43 (43234995)|METHOD_ENTRY|[2]|01p46000002uYS7|TestVerifyDate.TestVerifyDate()
17:55:30.43 (43238178)|STATEMENT_EXECUTE|[2]
17:55:30.43 (43242674)|STATEMENT_EXECUTE|[2]
17:55:30.43 (43245582)|METHOD_EXIT|[2]|TestVerifyDate
17:55:30.43 (43259688)|HEAP_ALLOCATE|[50]|Bytes:5
17:55:30.43 (43272672)|HEAP_ALLOCATE|[56]|Bytes:5
17:55:30.43 (43277687)|HEAP_ALLOCATE|[64]|Bytes:7
17:55:30.43 (43299954)|STATEMENT_EXECUTE|[15]
17:55:30.43 (43301931)|STATEMENT_EXECUTE|[17]
17:55:30.43 (43335527)|HEAP_ALLOCATE|[17]|Bytes:4
17:55:30.43 (43346676)|VARIABLE_SCOPE_BEGIN|[17]|date1|Date|false|false
17:55:30.43 (43367007)|VARIABLE_ASSIGNMENT|[17]|date1|"2017-03-22T00:00:00.000Z"
17:55:30.43 (43370485)|STATEMENT_EXECUTE|[18]
17:55:30.43 (43387867)|HEAP_ALLOCATE|[18]|Bytes:4
17:55:30.43 (43401965)|HEAP_ALLOCATE|[18]|Bytes:4
17:55:30.43 (43408046)|VARIABLE_SCOPE_BEGIN|[18]|date2|Date|false|false
17:55:30.43 (43416544)|VARIABLE_ASSIGNMENT|[18]|date2|"2017-04-28T00:00:00.000Z"
17:55:30.43 (43419110)|STATEMENT_EXECUTE|[20]
17:55:30.43 (43426372)|HEAP_ALLOCATE|[20]|Bytes:7
17:55:30.43 (43431080)|METHOD_ENTRY|[1]|01p46000002uYS2|VerifyDate.VerifyDate()
17:55:30.43 (43433535)|STATEMENT_EXECUTE|[1]
17:55:30.43 (43435785)|STATEMENT_EXECUTE|[1]
17:55:30.43 (43438793)|METHOD_EXIT|[1]|VerifyDate
17:55:30.43 (43445243)|METHOD_ENTRY|[20]|01p46000002uYS2|VerifyDate.CheckDates(Date, Date)
17:55:30.43 (43455423)|VARIABLE_SCOPE_BEGIN|[4]|date1|Date|false|false
17:55:30.43 (43462049)|VARIABLE_ASSIGNMENT|[4]|date1|"2017-03-22T00:00:00.000Z"
17:55:30.43 (43463844)|VARIABLE_SCOPE_BEGIN|[4]|date2|Date|false|false
17:55:30.43 (43467215)|VARIABLE_ASSIGNMENT|[4]|date2|"2017-04-28T00:00:00.000Z"
17:55:30.43 (43474031)|STATEMENT_EXECUTE|[4]
17:55:30.43 (43480302)|METHOD_ENTRY|[6]|01p46000002uYS2|VerifyDate.DateWithin30Days(Date, Date)
17:55:30.43 (43483017)|VARIABLE_SCOPE_BEGIN|[14]|date1|Date|false|false
17:55:30.43 (43487372)|VARIABLE_ASSIGNMENT|[14]|date1|"2017-03-22T00:00:00.000Z"
17:55:30.43 (43488832)|VARIABLE_SCOPE_BEGIN|[14]|date2|Date|false|false
17:55:30.43 (43491833)|VARIABLE_ASSIGNMENT|[14]|date2|"2017-04-28T00:00:00.000Z"
17:55:30.43 (43496047)|STATEMENT_EXECUTE|[14]
17:55:30.43 (43508981)|STATEMENT_EXECUTE|[16]
17:55:30.43 (43510429)|STATEMENT_EXECUTE|[19]
17:55:30.43 (43517322)|HEAP_ALLOCATE|[19]|Bytes:4
17:55:30.43 (43524819)|VARIABLE_SCOPE_BEGIN|[19]|date30Days|Date|false|false
17:55:30.43 (43532855)|VARIABLE_ASSIGNMENT|[19]|date30Days|"2017-04-21T00:00:00.000Z"
17:55:30.43 (43542172)|STATEMENT_EXECUTE|[20]
17:55:30.43 (43543412)|STATEMENT_EXECUTE|[20]
17:55:30.43 (43547827)|METHOD_EXIT|[6]|01p46000002uYS2|VerifyDate.DateWithin30Days(Date, Date)
17:55:30.43 (43551270)|STATEMENT_EXECUTE|[8]
17:55:30.43 (43552526)|STATEMENT_EXECUTE|[9]
17:55:30.43 (43561062)|METHOD_ENTRY|[9]|01p46000002uYS2|VerifyDate.SetEndOfMonthDate(Date)
17:55:30.43 (43574487)|VARIABLE_SCOPE_BEGIN|[25]|date1|Date|false|false
17:55:30.43 (43580044)|VARIABLE_ASSIGNMENT|[25]|date1|"2017-03-22T00:00:00.000Z"
17:55:30.43 (43586115)|STATEMENT_EXECUTE|[25]
17:55:30.43 (43587406)|STATEMENT_EXECUTE|[26]
17:55:30.43 (43634095)|VARIABLE_SCOPE_BEGIN|[26]|totalDays|Integer|false|false
17:55:30.43 (43637459)|HEAP_ALLOCATE|[26]|Bytes:4
17:55:30.43 (43643970)|VARIABLE_ASSIGNMENT|[26]|totalDays|31
17:55:30.43 (43646442)|STATEMENT_EXECUTE|[27]
17:55:30.43 (43672754)|HEAP_ALLOCATE|[27]|Bytes:4
17:55:30.43 (43680191)|VARIABLE_SCOPE_BEGIN|[27]|lastDay|Date|false|false
17:55:30.43 (43688759)|VARIABLE_ASSIGNMENT|[27]|lastDay|"2017-03-31T00:00:00.000Z"
17:55:30.43 (43691013)|STATEMENT_EXECUTE|[28]
17:55:30.43 (43695066)|METHOD_EXIT|[9]|01p46000002uYS2|VerifyDate.SetEndOfMonthDate(Date)
17:55:30.43 (43699267)|METHOD_EXIT|[20]|01p46000002uYS2|VerifyDate.CheckDates(Date, Date)
17:55:30.43 (43703065)|VARIABLE_SCOPE_BEGIN|[20]|endOfMonth|Date|false|false
17:55:30.43 (43709404)|VARIABLE_ASSIGNMENT|[20]|endOfMonth|"2017-03-31T00:00:00.000Z"
17:55:30.43 (43711206)|STATEMENT_EXECUTE|[22]
17:55:30.43 (43753136)|HEAP_ALLOCATE|[22]|Bytes:4
17:55:30.43 (43759845)|VARIABLE_SCOPE_BEGIN|[22]|check|Date|false|false
17:55:30.43 (43767514)|VARIABLE_ASSIGNMENT|[22]|check|"2017-03-31T00:00:00.000Z"
17:55:30.43 (43769929)|STATEMENT_EXECUTE|[25]
17:55:30.43 (43809979)|CUMULATIVE_LIMIT_USAGE
17:55:30.43 (43809979)|LIMIT_USAGE_FOR_NS|(default)|
  Number of SOQL queries: 0 out of 100
  Number of query rows: 0 out of 50000
  Number of SOSL queries: 0 out of 20
  Number of DML statements: 0 out of 150
  Number of DML rows: 0 out of 10000
  Maximum CPU time: 0 out of 10000
  Maximum heap size: 0 out of 6000000
  Number of callouts: 0 out of 100
  Number of Email Invocations: 0 out of 10
  Number of future calls: 0 out of 50
  Number of queueable jobs added to the queue: 0 out of 50
  Number of Mobile Apex push calls: 0 out of 10

17:55:30.43 (43809979)|CUMULATIVE_LIMIT_USAGE_END

17:55:30.43 (43840448)|CODE_UNIT_FINISHED|TestVerifyDate.checkDates2
17:55:30.43 (44542758)|EXECUTION_FINISHED
