39.0 APEX_CODE,FINEST;APEX_PROFILING,INFO;CALLOUT,INFO;DB,INFO;SYSTEM,DEBUG;VALIDATION,INFO;VISUALFORCE,INFO;WAVE,INFO;WORKFLOW,INFO
16:24:28.0 (347614)|USER_INFO|[EXTERNAL]|00546000000Iihs|pacosta@altimetrik.com|Argentine Time|GMT-03:00
16:24:28.0 (372686)|EXECUTION_STARTED
16:24:28.0 (376756)|CODE_UNIT_STARTED|[EXTERNAL]|06646000001BW08|VF: /apex/ListOfEmployees
16:24:28.0 (7450209)|SYSTEM_MODE_ENTER|true
16:24:28.0 (7749488)|HEAP_ALLOCATE|[72]|Bytes:3
16:24:28.0 (7786974)|HEAP_ALLOCATE|[77]|Bytes:152
16:24:28.0 (7799024)|HEAP_ALLOCATE|[342]|Bytes:408
16:24:28.0 (7810782)|HEAP_ALLOCATE|[355]|Bytes:408
16:24:28.0 (7822337)|HEAP_ALLOCATE|[467]|Bytes:48
16:24:28.0 (7853554)|HEAP_ALLOCATE|[139]|Bytes:6
16:24:28.0 (7865008)|HEAP_ALLOCATE|[EXTERNAL]|Bytes:14
16:24:28.0 (7868071)|HEAP_ALLOCATE|[EXTERNAL]|Bytes:96
16:24:28.0 (7870147)|HEAP_ALLOCATE|[EXTERNAL]|Bytes:21
16:24:28.0 (7876774)|METHOD_ENTRY|[1]|01p46000002wayn|ExpenseController.ExpenseController()
16:24:28.0 (7881768)|STATEMENT_EXECUTE|[1]
16:24:28.0 (7886556)|STATEMENT_EXECUTE|[1]
16:24:28.0 (7887793)|STATEMENT_EXECUTE|[76]
16:24:28.0 (7891677)|METHOD_EXIT|[1]|ExpenseController
16:24:28.0 (7905924)|HEAP_ALLOCATE|[EXTERNAL]|Bytes:12
16:24:28.0 (7911262)|VARIABLE_SCOPE_BEGIN|[1]|this|ExpenseController|true|false
16:24:28.0 (7960217)|VARIABLE_ASSIGNMENT|[1]|this|{}|0x1f259041
16:24:28.0 (7969547)|HEAP_ALLOCATE|[3]|Bytes:6
16:24:28.0 (8002426)|STATEMENT_EXECUTE|[1]
16:24:28.0 (8004640)|STATEMENT_EXECUTE|[3]
16:24:28.0 (8017693)|VARIABLE_ASSIGNMENT|[3]|this.queryString|""|0x1f259041
16:24:28.0 (8019882)|STATEMENT_EXECUTE|[5]
16:24:28.0 (8066361)|SYSTEM_MODE_ENTER|true
16:24:28.0 (8097729)|HEAP_ALLOCATE|[EXTERNAL]|Bytes:12
16:24:28.0 (8102420)|VARIABLE_SCOPE_BEGIN|[8]|this|ExpenseController|true|false
16:24:28.0 (8116818)|VARIABLE_ASSIGNMENT|[8]|this|{"queryString":""}|0x1f259041
16:24:28.0 (8123812)|STATEMENT_EXECUTE|[8]
16:24:28.0 (8124981)|STATEMENT_EXECUTE|[10]
16:24:28.0 (8127223)|HEAP_ALLOCATE|[10]|Bytes:161
16:24:28.0 (8145602)|HEAP_ALLOCATE|[10]|Bytes:161
16:24:28.0 (8161249)|HEAP_ALLOCATE|[50]|Bytes:5
16:24:28.0 (8174714)|HEAP_ALLOCATE|[56]|Bytes:5
16:24:28.0 (8179524)|HEAP_ALLOCATE|[64]|Bytes:7
16:24:28.0 (9828368)|SOQL_EXECUTE_BEGIN|[10]|Aggregations:0|SELECT Category__c, RecordType.Name, Amount__c, Tax__c, Client_Company__c, Submitted__c, Employee__r.Id, Employee__r.Name, Employee__r.Birthdate FROM Expense__c 
16:24:28.0 (19152779)|SOQL_EXECUTE_END|[10]|Rows:5
16:24:28.0 (19178061)|HEAP_ALLOCATE|[10]|Bytes:24
16:24:28.0 (19235458)|HEAP_ALLOCATE|[10]|Bytes:1579
16:24:28.0 (19345237)|HEAP_ALLOCATE|[10]|Bytes:24
16:24:28.0 (19377862)|VARIABLE_SCOPE_BEGIN|[10]|results|List<Expense__c>|true|false
16:24:28.0 (19480963)|VARIABLE_ASSIGNMENT|[10]|results|[{"Category__c":"Road Meals","RecordTypeId":"012460000005G1KAAU","Amount__c":8900,"Tax__c":1157.00,"Submitted__c":false,"Employee__c":"00346000002ojeGAAQ","Id":"a0F46000000FmUwEAK","RecordType":{"Name":"Client Meetings","Id":"012460000005G1KAAU"},"Employee__r":{"Id":"00346000002ojeGAAQ","Name":"Paolo Smith"}},{"RecordTypeId":"012460000005G1FAAU","Amount__c":3000,"Tax__c":390.00,"Submitted__c":true,"Employee__c":"00346000002ojVWAAY","Id":"a0F46000000Fp6rEAC","RecordType":{"Name":"Business Trips","Id":"012460000005G1FAAU"},"Employee__r":{"Id":"00346000002ojVWAAY","Name":"Carol Ruiz","Birthdate":"2017-10-09T00:00:00.000Z"}},{"Category__c":"Event Registration","RecordTypeId":"012460000005G1FAAU","Amount__c":3499,"Tax__c":454.87,"Submitted__c":true,"Employee__c":"00346000002ojVWAAY","Id":"a0F46000000Fp76EAC","RecordType":{"Name":"Business Trips","Id":"012460000005G1FAAU"},"Employee__r":{"Id":"00346000002ojVWAAY","Name":"Carol Ruiz","Birthdate":"2017-10-09T00:00:00.000Z"}},{"Category__c":"Event Registration","RecordTypeId":"012460000005G1KAAU","Amount__c":5600,"Tax__c":728.00,"Submitted__c":false,"Employee__c":"00346000002oeLWAAY","Id":"a0F46000000FBc6EAG","RecordType":{"Name":"Client Meetings","Id":"012460000005G1KAAU"},"Employee__r":{"Id":"00346000002oeLWAAY","Name":"Paulo Acosta"}},{"Category__c":"Transportation","RecordTypeId":"012460000005G1FAAU","Amount__c":3500,"Tax__c":455.00,"Submitted__c":false,"Employee__c":"00346000002ojVWAAY","Id":"a0F46000000FBblEAG","RecordType":{"Name":"Business Trips","Id":"012460000005G1FAAU"},"Employee__r":{"Id":"00346000002ojVWAAY","Name":"Carol Ruiz","Birthdate":"2017-10-09T00:00:00.000Z"}}]|0x38511452
16:24:28.0 (19856303)|HEAP_ALLOCATE|[14]|Bytes:5
16:24:28.0 (19945305)|HEAP_ALLOCATE|[14]|Bytes:40
16:24:28.0 (19968908)|VARIABLE_SCOPE_BEGIN|[14]|ex|Expense__c|true|false
16:24:28.0 (20013280)|VARIABLE_ASSIGNMENT|[14]|ex|{"Category__c":"Road Meals","RecordTypeId":"012460000005G1KAAU","Amount__c":8900,"Tax__c":1157.00,"Submitted__c":false,"Employee__c":"00346000002ojeGAAQ","Id":"a0F46000000FmUwEAK","RecordType":{"Name":"Client Meetings","Id":"012460000005G1KAAU"},"Employee__r":{"Id":"00346000002ojeGAAQ","Name":"Paolo Smith"}}|0x5795414e
16:24:28.0 (20031059)|STATEMENT_EXECUTE|[14]
16:24:28.0 (20037179)|STATEMENT_EXECUTE|[16]
16:24:28.0 (20132464)|VARIABLE_ASSIGNMENT|[EXTERNAL]|this|{"queryString":""}|0x1f259041
16:24:28.0 (20238179)|HEAP_ALLOCATE|[16]|Bytes:116
16:24:28.0 (20266806)|HEAP_ALLOCATE|[16]|Bytes:8
16:24:28.0 (20286712)|HEAP_ALLOCATE|[16]|Bytes:12
16:24:28.0 (20313655)|CONSTRUCTOR_ENTRY|[16]|01p46000002wayn|<init>(Expense__c,Boolean)
16:24:28.0 (20329041)|VARIABLE_SCOPE_BEGIN|[81]|this|ExpenseController.ExpenseWrapper|true|false
16:24:28.0 (20348102)|VARIABLE_ASSIGNMENT|[81]|this|{}|0x1b0dc13f
16:24:28.0 (20351470)|VARIABLE_SCOPE_BEGIN|[81]|ex|Expense__c|true|false
16:24:28.0 (20367433)|VARIABLE_ASSIGNMENT|[81]|ex|{"Category__c":"Road Meals","RecordTypeId":"012460000005G1KAAU","Amount__c":8900,"Tax__c":1157.00,"Submitted__c":false,"Employee__c":"00346000002ojeGAAQ","Id":"a0F46000000FmUwEAK","RecordType":{"Name":"Client Meetings","Id":"012460000005G1KAAU"},"Employee__r":{"Id":"00346000002ojeGAAQ","Name":"Paolo Smith"}}|0x5795414e
16:24:28.0 (20375005)|VARIABLE_SCOPE_BEGIN|[81]|check|Boolean|false|false
16:24:28.0 (20379546)|VARIABLE_ASSIGNMENT|[81]|check|false
16:24:28.0 (20384755)|STATEMENT_EXECUTE|[76]
16:24:28.0 (20387082)|STATEMENT_EXECUTE|[78]
16:24:28.0 (20388978)|STATEMENT_EXECUTE|[79]
16:24:28.0 (20411456)|STATEMENT_EXECUTE|[81]
16:24:28.0 (20413735)|STATEMENT_EXECUTE|[83]
16:24:28.0 (20485763)|VARIABLE_ASSIGNMENT|[EXTERNAL]|this|{}|0x1b0dc13f
16:24:28.0 (20499584)|VARIABLE_ASSIGNMENT|[EXTERNAL]|value|{"Category__c":"Road Meals","RecordTypeId":"012460000005G1KAAU","Amount__c":8900,"Tax__c":1157.00,"Submitted__c":false,"Employee__c":"00346000002ojeGAAQ","Id":"a0F46000000FmUwEAK","RecordType":{"Name":"Client Meetings","Id":"012460000005G1KAAU"},"Employee__r":{"Id":"00346000002ojeGAAQ","Name":"Paolo Smith"}}|0x5795414e
16:24:28.0 (20515028)|VARIABLE_ASSIGNMENT|[78]|this.expense|{"Category__c":"Road Meals","RecordTypeId":"012460000005G1KAAU","Amount__c":8900,"Tax__c":1157.00,"Submitted__c":false,"Employee__c":"00346000002ojeGAAQ","Id":"a0F46000000FmUwEAK","RecordType":{"Name":"Client Meetings","Id":"012460000005G1KAAU"},"Employee__r":{"Id":"00346000002ojeGAAQ","Name":"Paolo Smith"}}|0x1b0dc13f
16:24:28.0 (20522313)|STATEMENT_EXECUTE|[84]
16:24:28.0 (20550521)|VARIABLE_ASSIGNMENT|[EXTERNAL]|this|{"expense":"0x5795414e"}|0x1b0dc13f
16:24:28.0 (20556029)|VARIABLE_ASSIGNMENT|[EXTERNAL]|value|false
16:24:28.0 (20559848)|HEAP_ALLOCATE|[79]|Bytes:5
16:24:28.0 (20564347)|VARIABLE_ASSIGNMENT|[79]|this.checked|false|0x1b0dc13f
16:24:28.0 (20572796)|CONSTRUCTOR_EXIT|[16]|01p46000002wayn|<init>(Expense__c,Boolean)
16:24:28.0 (20609936)|HEAP_ALLOCATE|[16]|Bytes:41
16:24:28.0 (20708491)|FATAL_ERROR|System.NullPointerException: Attempt to de-reference a null object

Class.ExpenseController.getExpenses: line 16, column 1
