39.0 APEX_CODE,FINEST;APEX_PROFILING,INFO;CALLOUT,INFO;DB,INFO;SYSTEM,DEBUG;VALIDATION,INFO;VISUALFORCE,INFO;WAVE,INFO;WORKFLOW,INFO
12:30:16.0 (302498)|USER_INFO|[EXTERNAL]|00546000000Iihs|pacosta@altimetrik.com|Argentine Time|GMT-03:00
12:30:16.0 (323558)|EXECUTION_STARTED
12:30:16.0 (327268)|CODE_UNIT_STARTED|[EXTERNAL]|06646000001BW08|VF: /apex/ListOfEmployees
12:30:16.0 (810079)|VF_DESERIALIZE_VIEWSTATE_BEGIN|06646000001BW08
12:30:16.0 (12764959)|HEAP_ALLOCATE|[72]|Bytes:3
12:30:16.0 (12800596)|HEAP_ALLOCATE|[77]|Bytes:152
12:30:16.0 (12812072)|HEAP_ALLOCATE|[342]|Bytes:408
12:30:16.0 (12825596)|HEAP_ALLOCATE|[355]|Bytes:408
12:30:16.0 (12838779)|HEAP_ALLOCATE|[467]|Bytes:48
12:30:16.0 (12864839)|HEAP_ALLOCATE|[139]|Bytes:6
12:30:16.0 (14840256)|HEAP_ALLOCATE|[50]|Bytes:5
12:30:16.0 (14864989)|HEAP_ALLOCATE|[56]|Bytes:5
12:30:16.0 (14877658)|HEAP_ALLOCATE|[64]|Bytes:7
12:30:16.0 (17095279)|VF_DESERIALIZE_VIEWSTATE_END
12:30:16.0 (17918281)|SYSTEM_MODE_ENTER|true
12:30:16.0 (18180566)|HEAP_ALLOCATE|[EXTERNAL]|Bytes:140
12:30:16.0 (18187990)|HEAP_ALLOCATE|[EXTERNAL]|Bytes:46
12:30:16.0 (18196910)|METHOD_ENTRY|[1]|01p46000002wayn|ExpenseController.ExpenseController()
12:30:16.0 (18200250)|STATEMENT_EXECUTE|[1]
12:30:16.0 (18204500)|STATEMENT_EXECUTE|[1]
12:30:16.0 (18209195)|METHOD_EXIT|[1]|ExpenseController
12:30:16.0 (18217468)|HEAP_ALLOCATE|[EXTERNAL]|Bytes:24
12:30:16.0 (18223810)|VARIABLE_SCOPE_BEGIN|[17]|this|ExpenseController|true|false
12:30:16.0 (18289715)|VARIABLE_ASSIGNMENT|[17]|this|{"CountTotalRecords":7,"OffsetSize":3,"QueryLimit":3,"queryString":"","wrappedExpenses":"0x58e9091e"}|0x54ddd974
12:30:16.0 (18298928)|STATEMENT_EXECUTE|[17]
12:30:16.0 (18300211)|STATEMENT_EXECUTE|[19]
12:30:16.0 (18303361)|HEAP_ALLOCATE|[19]|Bytes:161
12:30:16.0 (18309237)|HEAP_ALLOCATE|[22]|Bytes:33
12:30:16.0 (18361921)|HEAP_ALLOCATE|[22]|Bytes:1
12:30:16.0 (18372316)|HEAP_ALLOCATE|[22]|Bytes:8
12:30:16.0 (18380551)|HEAP_ALLOCATE|[22]|Bytes:1
12:30:16.0 (18392147)|HEAP_ALLOCATE|[19]|Bytes:204
12:30:16.0 (20749332)|SOQL_EXECUTE_BEGIN|[19]|Aggregations:0|SELECT Category__c, RecordType.Name, Amount__c, Tax__c, Client_Company__c, Submitted__c, Employee__r.Id, Employee__r.Name, Employee__r.Birthdate FROM Expense__c  ORDER BY Employee__r.Name LIMIT 3 OFFSET 3
12:30:16.0 (29345045)|SOQL_EXECUTE_END|[19]|Rows:3
12:30:16.0 (29365769)|HEAP_ALLOCATE|[19]|Bytes:16
12:30:16.0 (29405838)|HEAP_ALLOCATE|[19]|Bytes:1032
12:30:16.0 (29478601)|HEAP_ALLOCATE|[19]|Bytes:16
12:30:16.0 (29503709)|VARIABLE_SCOPE_BEGIN|[19]|results|List<Expense__c>|true|false
12:30:16.0 (29576727)|VARIABLE_ASSIGNMENT|[19]|results|[{"Category__c":"Transportation","RecordTypeId":"012460000005G1FAAU","Amount__c":4000,"Tax__c":520.00,"Submitted__c":true,"Employee__c":"00346000002ojVWAAY","Id":"a0F46000000FtpwEAC","RecordType":{"Name":"Business Trips","Id":"012460000005G1FAAU"},"Employee__r":{"Id":"00346000002ojVWAAY","Name":"Carol Ruiz","Birthdate":"2017-10-09T00:00:00.000Z"}},{"Category__c":"Road Meals","RecordTypeId":"012460000005G1KAAU","Amount__c":8900,"Tax__c":1157.00,"Submitted__c":true,"Employee__c":"00346000002ojeGAAQ","Id":"a0F46000000FmUwEAK","RecordType":{"Name":"Client Meetings","Id":"012460000005G1KAAU"},"Employee__r":{"Id":"00346000002ojeGAAQ","Name":"Paolo Smith"}},{"Category__c":"Lodging","RecordTypeId":"012460000005G1KAAU","Amount__c":4000,"Tax__c":520.00,"Client_Company__c":"At&t","Submitted__c":true,"Employee__c":"00346000002ojeGAAQ","Id":"a0F46000000Ftq1EAC","RecordType":{"Name":"Client Meetings","Id":"012460000005G1KAAU"},"Employee__r":{"Id":"00346000002ojeGAAQ","Name":"Paolo Smith"}}]|0x61c49ef
12:30:16.0 (29587718)|STATEMENT_EXECUTE|[25]
12:30:16.0 (29596902)|HEAP_ALLOCATE|[25]|Bytes:4
12:30:16.0 (29721511)|VARIABLE_ASSIGNMENT|[EXTERNAL]|this|{"CountTotalRecords":7,"OffsetSize":3,"QueryLimit":3,"queryString":"","wrappedExpenses":"0x58e9091e"}|0x54ddd974
12:30:16.0 (29740093)|HEAP_ALLOCATE|[EXTERNAL]|Bytes:4
12:30:16.0 (29747385)|VARIABLE_ASSIGNMENT|[EXTERNAL]|value|[]|0x44a9bdf4
12:30:16.0 (29760206)|VARIABLE_ASSIGNMENT|[14]|this.wrappedExpenses|[]|0x54ddd974
12:30:16.0 (29948470)|HEAP_ALLOCATE|[26]|Bytes:5
12:30:16.0 (29984531)|HEAP_ALLOCATE|[26]|Bytes:40
12:30:16.0 (29994223)|VARIABLE_SCOPE_BEGIN|[26]|ex|Expense__c|true|false
12:30:16.0 (30018781)|VARIABLE_ASSIGNMENT|[26]|ex|{"Category__c":"Transportation","RecordTypeId":"012460000005G1FAAU","Amount__c":4000,"Tax__c":520.00,"Submitted__c":true,"Employee__c":"00346000002ojVWAAY","Id":"a0F46000000FtpwEAC","RecordType":{"Name":"Business Trips","Id":"012460000005G1FAAU"},"Employee__r":{"Id":"00346000002ojVWAAY","Name":"Carol Ruiz","Birthdate":"2017-10-09T00:00:00.000Z"}}|0x7dda0140
12:30:16.0 (30024494)|STATEMENT_EXECUTE|[26]
12:30:16.0 (30025968)|STATEMENT_EXECUTE|[28]
12:30:16.0 (30069537)|VARIABLE_ASSIGNMENT|[EXTERNAL]|this|{"CountTotalRecords":7,"OffsetSize":3,"QueryLimit":3,"queryString":"","wrappedExpenses":"0x44a9bdf4"}|0x54ddd974
12:30:16.0 (30086248)|HEAP_ALLOCATE|[28]|Bytes:112
12:30:16.0 (30093199)|HEAP_ALLOCATE|[28]|Bytes:5
12:30:16.0 (30124573)|METHOD_ENTRY|[1]|01p46000003buu6|ExpenseWrapper.ExpenseWrapper()
12:30:16.0 (30127132)|STATEMENT_EXECUTE|[1]
12:30:16.0 (30130836)|STATEMENT_EXECUTE|[1]
12:30:16.0 (30135163)|METHOD_EXIT|[1]|ExpenseWrapper
12:30:16.0 (30144693)|HEAP_ALLOCATE|[28]|Bytes:12
12:30:16.0 (30158724)|CONSTRUCTOR_ENTRY|[28]|01p46000003buu6|<init>(Expense__c,Boolean)
12:30:16.0 (30169024)|VARIABLE_SCOPE_BEGIN|[6]|this|ExpenseWrapper|true|false
12:30:16.0 (30188654)|VARIABLE_ASSIGNMENT|[6]|this|{}|0x48c4a3c1
12:30:16.0 (30191518)|VARIABLE_SCOPE_BEGIN|[6]|ex|Expense__c|true|false
12:30:16.0 (30209474)|VARIABLE_ASSIGNMENT|[6]|ex|{"Category__c":"Transportation","RecordTypeId":"012460000005G1FAAU","Amount__c":4000,"Tax__c":520.00,"Submitted__c":true,"Employee__c":"00346000002ojVWAAY","Id":"a0F46000000FtpwEAC","RecordType":{"Name":"Business Trips","Id":"012460000005G1FAAU"},"Employee__r":{"Id":"00346000002ojVWAAY","Name":"Carol Ruiz","Birthdate":"2017-10-09T00:00:00.000Z"}}|0x7dda0140
12:30:16.0 (30215309)|VARIABLE_SCOPE_BEGIN|[6]|check|Boolean|false|false
12:30:16.0 (30218571)|VARIABLE_ASSIGNMENT|[6]|check|false
12:30:16.0 (30221405)|STATEMENT_EXECUTE|[1]
12:30:16.0 (30222979)|STATEMENT_EXECUTE|[3]
12:30:16.0 (30224283)|STATEMENT_EXECUTE|[4]
12:30:16.0 (30230546)|HEAP_ALLOCATE|[8]|Bytes:6
12:30:16.0 (30250771)|STATEMENT_EXECUTE|[6]
12:30:16.0 (30252097)|STATEMENT_EXECUTE|[8]
12:30:16.0 (30307442)|VARIABLE_ASSIGNMENT|[EXTERNAL]|this|{}|0x48c4a3c1
12:30:16.0 (30325854)|VARIABLE_ASSIGNMENT|[EXTERNAL]|value|{"Category__c":"Transportation","RecordTypeId":"012460000005G1FAAU","Amount__c":4000,"Tax__c":520.00,"Submitted__c":true,"Employee__c":"00346000002ojVWAAY","Id":"a0F46000000FtpwEAC","RecordType":{"Name":"Business Trips","Id":"012460000005G1FAAU"},"Employee__r":{"Id":"00346000002ojVWAAY","Name":"Carol Ruiz","Birthdate":"2017-10-09T00:00:00.000Z"}}|0x7dda0140
12:30:16.0 (30344398)|VARIABLE_ASSIGNMENT|[3]|this.expense|{"Category__c":"Transportation","RecordTypeId":"012460000005G1FAAU","Amount__c":4000,"Tax__c":520.00,"Submitted__c":true,"Employee__c":"00346000002ojVWAAY","Id":"a0F46000000FtpwEAC","RecordType":{"Name":"Business Trips","Id":"012460000005G1FAAU"},"Employee__r":{"Id":"00346000002ojVWAAY","Name":"Carol Ruiz","Birthdate":"2017-10-09T00:00:00.000Z"}}|0x48c4a3c1
12:30:16.0 (30352297)|STATEMENT_EXECUTE|[9]
12:30:16.0 (30384604)|VARIABLE_ASSIGNMENT|[EXTERNAL]|this|{"expense":"0x7dda0140"}|0x48c4a3c1
12:30:16.0 (30390576)|VARIABLE_ASSIGNMENT|[EXTERNAL]|value|false
12:30:16.0 (30394926)|HEAP_ALLOCATE|[4]|Bytes:5
12:30:16.0 (30399600)|VARIABLE_ASSIGNMENT|[4]|this.checked|false|0x48c4a3c1
12:30:16.0 (30408095)|CONSTRUCTOR_EXIT|[28]|01p46000003buu6|<init>(Expense__c,Boolean)
12:30:16.0 (30419265)|HEAP_ALLOCATE|[EXTERNAL]|Bytes:4
12:30:16.0 (30429637)|HEAP_ALLOCATE|[26]|Bytes:5
12:30:16.0 (30452162)|HEAP_ALLOCATE|[26]|Bytes:40
12:30:16.0 (30457762)|VARIABLE_SCOPE_BEGIN|[26]|ex|Expense__c|true|false
12:30:16.0 (30472431)|VARIABLE_ASSIGNMENT|[26]|ex|{"Category__c":"Road Meals","RecordTypeId":"012460000005G1KAAU","Amount__c":8900,"Tax__c":1157.00,"Submitted__c":true,"Employee__c":"00346000002ojeGAAQ","Id":"a0F46000000FmUwEAK","RecordType":{"Name":"Client Meetings","Id":"012460000005G1KAAU"},"Employee__r":{"Id":"00346000002ojeGAAQ","Name":"Paolo Smith"}}|0x5af7c837
12:30:16.0 (30476134)|STATEMENT_EXECUTE|[26]
12:30:16.0 (30477465)|STATEMENT_EXECUTE|[28]
12:30:16.0 (30499289)|VARIABLE_ASSIGNMENT|[EXTERNAL]|this|{"CountTotalRecords":7,"OffsetSize":3,"QueryLimit":3,"queryString":"","wrappedExpenses":"0x44a9bdf4"}|0x54ddd974
12:30:16.0 (30507130)|HEAP_ALLOCATE|[28]|Bytes:12
12:30:16.0 (30514464)|CONSTRUCTOR_ENTRY|[28]|01p46000003buu6|<init>(Expense__c,Boolean)
12:30:16.0 (30517502)|VARIABLE_SCOPE_BEGIN|[6]|this|ExpenseWrapper|true|false
12:30:16.0 (30525253)|VARIABLE_ASSIGNMENT|[6]|this|{}|0x1fc093d7
12:30:16.0 (30526831)|VARIABLE_SCOPE_BEGIN|[6]|ex|Expense__c|true|false
12:30:16.0 (30537705)|VARIABLE_ASSIGNMENT|[6]|ex|{"Category__c":"Road Meals","RecordTypeId":"012460000005G1KAAU","Amount__c":8900,"Tax__c":1157.00,"Submitted__c":true,"Employee__c":"00346000002ojeGAAQ","Id":"a0F46000000FmUwEAK","RecordType":{"Name":"Client Meetings","Id":"012460000005G1KAAU"},"Employee__r":{"Id":"00346000002ojeGAAQ","Name":"Paolo Smith"}}|0x5af7c837
12:30:16.0 (30541656)|VARIABLE_SCOPE_BEGIN|[6]|check|Boolean|false|false
12:30:16.0 (30543846)|VARIABLE_ASSIGNMENT|[6]|check|false
12:30:16.0 (30545974)|STATEMENT_EXECUTE|[1]
12:30:16.0 (30547104)|STATEMENT_EXECUTE|[3]
12:30:16.0 (30548086)|STATEMENT_EXECUTE|[4]
12:30:16.0 (30556380)|STATEMENT_EXECUTE|[6]
12:30:16.0 (30557532)|STATEMENT_EXECUTE|[8]
12:30:16.0 (30566824)|VARIABLE_ASSIGNMENT|[EXTERNAL]|this|{}|0x1fc093d7
12:30:16.0 (30577179)|VARIABLE_ASSIGNMENT|[EXTERNAL]|value|{"Category__c":"Road Meals","RecordTypeId":"012460000005G1KAAU","Amount__c":8900,"Tax__c":1157.00,"Submitted__c":true,"Employee__c":"00346000002ojeGAAQ","Id":"a0F46000000FmUwEAK","RecordType":{"Name":"Client Meetings","Id":"012460000005G1KAAU"},"Employee__r":{"Id":"00346000002ojeGAAQ","Name":"Paolo Smith"}}|0x5af7c837
12:30:16.0 (30589667)|VARIABLE_ASSIGNMENT|[3]|this.expense|{"Category__c":"Road Meals","RecordTypeId":"012460000005G1KAAU","Amount__c":8900,"Tax__c":1157.00,"Submitted__c":true,"Employee__c":"00346000002ojeGAAQ","Id":"a0F46000000FmUwEAK","RecordType":{"Name":"Client Meetings","Id":"012460000005G1KAAU"},"Employee__r":{"Id":"00346000002ojeGAAQ","Name":"Paolo Smith"}}|0x1fc093d7
12:30:16.0 (30594954)|STATEMENT_EXECUTE|[9]
12:30:16.0 (30604182)|VARIABLE_ASSIGNMENT|[EXTERNAL]|this|{"expense":"0x5af7c837"}|0x1fc093d7
12:30:16.0 (30607895)|VARIABLE_ASSIGNMENT|[EXTERNAL]|value|false
12:30:16.0 (30610551)|HEAP_ALLOCATE|[4]|Bytes:5
12:30:16.0 (30613780)|VARIABLE_ASSIGNMENT|[4]|this.checked|false|0x1fc093d7
12:30:16.0 (30620487)|CONSTRUCTOR_EXIT|[28]|01p46000003buu6|<init>(Expense__c,Boolean)
12:30:16.0 (30626655)|HEAP_ALLOCATE|[EXTERNAL]|Bytes:4
12:30:16.0 (30634360)|HEAP_ALLOCATE|[26]|Bytes:5
12:30:16.0 (30651893)|HEAP_ALLOCATE|[26]|Bytes:44
12:30:16.0 (30656140)|VARIABLE_SCOPE_BEGIN|[26]|ex|Expense__c|true|false
12:30:16.0 (30669547)|VARIABLE_ASSIGNMENT|[26]|ex|{"Category__c":"Lodging","RecordTypeId":"012460000005G1KAAU","Amount__c":4000,"Tax__c":520.00,"Client_Company__c":"At&t","Submitted__c":true,"Employee__c":"00346000002ojeGAAQ","Id":"a0F46000000Ftq1EAC","RecordType":{"Name":"Client Meetings","Id":"012460000005G1KAAU"},"Employee__r":{"Id":"00346000002ojeGAAQ","Name":"Paolo Smith"}}|0x13fd9b21
12:30:16.0 (30672897)|STATEMENT_EXECUTE|[26]
12:30:16.0 (30674323)|STATEMENT_EXECUTE|[28]
12:30:16.0 (30692693)|VARIABLE_ASSIGNMENT|[EXTERNAL]|this|{"CountTotalRecords":7,"OffsetSize":3,"QueryLimit":3,"queryString":"","wrappedExpenses":"0x44a9bdf4"}|0x54ddd974
12:30:16.0 (30699542)|HEAP_ALLOCATE|[28]|Bytes:12
12:30:16.0 (30705820)|CONSTRUCTOR_ENTRY|[28]|01p46000003buu6|<init>(Expense__c,Boolean)
12:30:16.0 (30708224)|VARIABLE_SCOPE_BEGIN|[6]|this|ExpenseWrapper|true|false
12:30:16.0 (30715239)|VARIABLE_ASSIGNMENT|[6]|this|{}|0x6b69f199
12:30:16.0 (30716721)|VARIABLE_SCOPE_BEGIN|[6]|ex|Expense__c|true|false
12:30:16.0 (30727301)|VARIABLE_ASSIGNMENT|[6]|ex|{"Category__c":"Lodging","RecordTypeId":"012460000005G1KAAU","Amount__c":4000,"Tax__c":520.00,"Client_Company__c":"At&t","Submitted__c":true,"Employee__c":"00346000002ojeGAAQ","Id":"a0F46000000Ftq1EAC","RecordType":{"Name":"Client Meetings","Id":"012460000005G1KAAU"},"Employee__r":{"Id":"00346000002ojeGAAQ","Name":"Paolo Smith"}}|0x13fd9b21
12:30:16.0 (30731032)|VARIABLE_SCOPE_BEGIN|[6]|check|Boolean|false|false
12:30:16.0 (30733192)|VARIABLE_ASSIGNMENT|[6]|check|false
12:30:16.0 (30735238)|STATEMENT_EXECUTE|[1]
12:30:16.0 (30736479)|STATEMENT_EXECUTE|[3]
12:30:16.0 (30737465)|STATEMENT_EXECUTE|[4]
12:30:16.0 (30744886)|STATEMENT_EXECUTE|[6]
12:30:16.0 (30745963)|STATEMENT_EXECUTE|[8]
12:30:16.0 (30754697)|VARIABLE_ASSIGNMENT|[EXTERNAL]|this|{}|0x6b69f199
12:30:16.0 (30764884)|VARIABLE_ASSIGNMENT|[EXTERNAL]|value|{"Category__c":"Lodging","RecordTypeId":"012460000005G1KAAU","Amount__c":4000,"Tax__c":520.00,"Client_Company__c":"At&t","Submitted__c":true,"Employee__c":"00346000002ojeGAAQ","Id":"a0F46000000Ftq1EAC","RecordType":{"Name":"Client Meetings","Id":"012460000005G1KAAU"},"Employee__r":{"Id":"00346000002ojeGAAQ","Name":"Paolo Smith"}}|0x13fd9b21
12:30:16.0 (30777251)|VARIABLE_ASSIGNMENT|[3]|this.expense|{"Category__c":"Lodging","RecordTypeId":"012460000005G1KAAU","Amount__c":4000,"Tax__c":520.00,"Client_Company__c":"At&t","Submitted__c":true,"Employee__c":"00346000002ojeGAAQ","Id":"a0F46000000Ftq1EAC","RecordType":{"Name":"Client Meetings","Id":"012460000005G1KAAU"},"Employee__r":{"Id":"00346000002ojeGAAQ","Name":"Paolo Smith"}}|0x6b69f199
12:30:16.0 (30782177)|STATEMENT_EXECUTE|[9]
12:30:16.0 (30791441)|VARIABLE_ASSIGNMENT|[EXTERNAL]|this|{"expense":"0x13fd9b21"}|0x6b69f199
12:30:16.0 (30794940)|VARIABLE_ASSIGNMENT|[EXTERNAL]|value|false
12:30:16.0 (30797503)|HEAP_ALLOCATE|[4]|Bytes:5
12:30:16.0 (30801006)|VARIABLE_ASSIGNMENT|[4]|this.checked|false|0x6b69f199
12:30:16.0 (30807121)|CONSTRUCTOR_EXIT|[28]|01p46000003buu6|<init>(Expense__c,Boolean)
12:30:16.0 (30812173)|HEAP_ALLOCATE|[EXTERNAL]|Bytes:4
12:30:16.0 (30819516)|HEAP_ALLOCATE|[26]|Bytes:5
12:30:16.0 (30827327)|VARIABLE_ASSIGNMENT|[26]|ex|null|
12:30:16.0 (30830360)|STATEMENT_EXECUTE|[32]
12:30:16.0 (30856296)|VARIABLE_ASSIGNMENT|[EXTERNAL]|this|{"CountTotalRecords":7,"OffsetSize":3,"QueryLimit":3,"queryString":"","wrappedExpenses":"0x44a9bdf4"}|0x54ddd974
12:30:16.0 (31449520)|SYSTEM_MODE_ENTER|true
12:30:16.0 (31486311)|HEAP_ALLOCATE|[EXTERNAL]|Bytes:24
12:30:16.0 (31507359)|VARIABLE_SCOPE_BEGIN|[107]|this|ExpenseController|true|false
12:30:16.0 (31533366)|VARIABLE_ASSIGNMENT|[107]|this|{"CountTotalRecords":7,"OffsetSize":3,"QueryLimit":3,"queryString":"","wrappedExpenses":"0x44a9bdf4"}|0x54ddd974
12:30:16.0 (31540823)|STATEMENT_EXECUTE|[107]
12:30:16.0 (31547893)|STATEMENT_EXECUTE|[108]
12:30:16.0 (31549046)|STATEMENT_EXECUTE|[109]
12:30:16.0 (31554123)|HEAP_ALLOCATE|[109]|Bytes:5
12:30:16.0 (31643158)|SYSTEM_MODE_ENTER|true
12:30:16.0 (31667060)|HEAP_ALLOCATE|[EXTERNAL]|Bytes:24
12:30:16.0 (31673293)|VARIABLE_SCOPE_BEGIN|[114]|this|ExpenseController|true|false
12:30:16.0 (31693442)|VARIABLE_ASSIGNMENT|[114]|this|{"CountTotalRecords":7,"OffsetSize":3,"QueryLimit":3,"queryString":"","wrappedExpenses":"0x44a9bdf4"}|0x54ddd974
12:30:16.0 (31699296)|STATEMENT_EXECUTE|[114]
12:30:16.0 (31736177)|VARIABLE_ASSIGNMENT|[EXTERNAL]|this|{"CountTotalRecords":7,"OffsetSize":3,"QueryLimit":3,"queryString":"","wrappedExpenses":"0x44a9bdf4"}|0x54ddd974
12:30:16.0 (31745514)|STATEMENT_EXECUTE|[115]
12:30:16.0 (31746786)|STATEMENT_EXECUTE|[116]
12:30:16.0 (31751153)|HEAP_ALLOCATE|[116]|Bytes:5
12:30:16.0 (32083283)|HEAP_ALLOCATE|[EXTERNAL]|Bytes:5
12:30:16.0 (32088164)|HEAP_ALLOCATE|[EXTERNAL]|Bytes:12
12:30:16.0 (32121100)|VARIABLE_ASSIGNMENT|[EXTERNAL]|this.checked|false|0x48c4a3c1
12:30:16.0 (32165703)|HEAP_ALLOCATE|[EXTERNAL]|Bytes:5
12:30:16.0 (32168608)|HEAP_ALLOCATE|[EXTERNAL]|Bytes:12
12:30:16.0 (32174179)|VARIABLE_ASSIGNMENT|[EXTERNAL]|this.checked|false|0x1fc093d7
12:30:16.0 (32212104)|HEAP_ALLOCATE|[EXTERNAL]|Bytes:5
12:30:16.0 (32214608)|HEAP_ALLOCATE|[EXTERNAL]|Bytes:12
12:30:16.0 (32219104)|VARIABLE_ASSIGNMENT|[EXTERNAL]|this.checked|false|0x6b69f199
12:30:16.0 (32350055)|HEAP_ALLOCATE|[EXTERNAL]|Bytes:24
12:30:16.0 (32356612)|VARIABLE_SCOPE_BEGIN|[121]|this|ExpenseController|true|false
12:30:16.0 (32379670)|VARIABLE_ASSIGNMENT|[121]|this|{"CountTotalRecords":7,"OffsetSize":3,"QueryLimit":3,"queryString":"","wrappedExpenses":"0x44a9bdf4"}|0x54ddd974
12:30:16.0 (32385926)|STATEMENT_EXECUTE|[121]
12:30:16.0 (32387227)|STATEMENT_EXECUTE|[122]
12:30:16.0 (32394689)|HEAP_ALLOCATE|[122]|Bytes:4
12:30:16.0 (32400770)|VARIABLE_ASSIGNMENT|[122]|this.OffsetSize|6|0x54ddd974
12:30:16.0 (32402499)|STATEMENT_EXECUTE|[123]
12:30:16.0 (35578593)|SYSTEM_MODE_ENTER|true
12:30:16.0 (35601470)|HEAP_ALLOCATE|[EXTERNAL]|Bytes:96
12:30:16.0 (35607607)|HEAP_ALLOCATE|[EXTERNAL]|Bytes:6
12:30:16.0 (35614716)|METHOD_ENTRY|[1]|01p46000002ySm2|SaveAsPdfExtension.SaveAsPdfExtension()
12:30:16.0 (35617066)|STATEMENT_EXECUTE|[1]
12:30:16.0 (35620452)|STATEMENT_EXECUTE|[1]
12:30:16.0 (35624096)|METHOD_EXIT|[1]|SaveAsPdfExtension
12:30:16.0 (35800348)|SYSTEM_MODE_ENTER|true
12:30:16.0 (35824769)|HEAP_ALLOCATE|[EXTERNAL]|Bytes:24
12:30:16.0 (35829135)|VARIABLE_SCOPE_BEGIN|[17]|this|ExpenseController|true|false
12:30:16.0 (35854927)|VARIABLE_ASSIGNMENT|[17]|this|{"CountTotalRecords":7,"OffsetSize":6,"QueryLimit":3,"queryString":"","wrappedExpenses":"0x44a9bdf4"}|0x54ddd974
12:30:16.0 (35860974)|STATEMENT_EXECUTE|[17]
12:30:16.0 (35862364)|STATEMENT_EXECUTE|[19]
12:30:16.0 (35886194)|HEAP_ALLOCATE|[22]|Bytes:1
12:30:16.0 (35898668)|HEAP_ALLOCATE|[22]|Bytes:1
12:30:16.0 (35908167)|HEAP_ALLOCATE|[19]|Bytes:204
12:30:16.0 (36348206)|SOQL_EXECUTE_BEGIN|[19]|Aggregations:0|SELECT Category__c, RecordType.Name, Amount__c, Tax__c, Client_Company__c, Submitted__c, Employee__r.Id, Employee__r.Name, Employee__r.Birthdate FROM Expense__c  ORDER BY Employee__r.Name LIMIT 3 OFFSET 6
12:30:16.0 (42253470)|SOQL_EXECUTE_END|[19]|Rows:1
12:30:16.0 (42270983)|HEAP_ALLOCATE|[19]|Bytes:8
12:30:16.0 (42295776)|HEAP_ALLOCATE|[19]|Bytes:372
12:30:16.0 (42318234)|HEAP_ALLOCATE|[19]|Bytes:8
12:30:16.0 (42337521)|VARIABLE_SCOPE_BEGIN|[19]|results|List<Expense__c>|true|false
12:30:16.0 (42368345)|VARIABLE_ASSIGNMENT|[19]|results|[{"Category__c":"Event Registration","RecordTypeId":"012460000005G1KAAU","Amount__c":5600,"Tax__c":728.00,"Submitted__c":true,"Employee__c":"00346000002oeLWAAY","Id":"a0F46000000FBc6EAG","RecordType":{"Name":"Client Meetings","Id":"012460000005G1KAAU"},"Employee__r":{"Id":"00346000002oeLWAAY","Name":"Paulo Acosta"}}]|0x28edf618
12:30:16.0 (42373216)|STATEMENT_EXECUTE|[25]
12:30:16.0 (42378729)|HEAP_ALLOCATE|[25]|Bytes:4
12:30:16.0 (42425785)|VARIABLE_ASSIGNMENT|[EXTERNAL]|this|{"CountTotalRecords":7,"OffsetSize":6,"QueryLimit":3,"queryString":"","wrappedExpenses":"0x44a9bdf4"}|0x54ddd974
12:30:16.0 (42436483)|HEAP_ALLOCATE|[EXTERNAL]|Bytes:4
12:30:16.0 (42442008)|VARIABLE_ASSIGNMENT|[EXTERNAL]|value|[]|0x3775448c
12:30:16.0 (42450494)|VARIABLE_ASSIGNMENT|[14]|this.wrappedExpenses|[]|0x54ddd974
12:30:16.0 (42478828)|HEAP_ALLOCATE|[26]|Bytes:5
12:30:16.0 (42505936)|HEAP_ALLOCATE|[26]|Bytes:40
12:30:16.0 (42515213)|VARIABLE_SCOPE_BEGIN|[26]|ex|Expense__c|true|false
12:30:16.0 (42531210)|VARIABLE_ASSIGNMENT|[26]|ex|{"Category__c":"Event Registration","RecordTypeId":"012460000005G1KAAU","Amount__c":5600,"Tax__c":728.00,"Submitted__c":true,"Employee__c":"00346000002oeLWAAY","Id":"a0F46000000FBc6EAG","RecordType":{"Name":"Client Meetings","Id":"012460000005G1KAAU"},"Employee__r":{"Id":"00346000002oeLWAAY","Name":"Paulo Acosta"}}|0xc298a4d
12:30:16.0 (42535480)|STATEMENT_EXECUTE|[26]
12:30:16.0 (42536793)|STATEMENT_EXECUTE|[28]
12:30:16.0 (42559058)|VARIABLE_ASSIGNMENT|[EXTERNAL]|this|{"CountTotalRecords":7,"OffsetSize":6,"QueryLimit":3,"queryString":"","wrappedExpenses":"0x3775448c"}|0x54ddd974
12:30:16.0 (42568110)|HEAP_ALLOCATE|[28]|Bytes:12
12:30:16.0 (42579146)|CONSTRUCTOR_ENTRY|[28]|01p46000003buu6|<init>(Expense__c,Boolean)
12:30:16.0 (42583489)|VARIABLE_SCOPE_BEGIN|[6]|this|ExpenseWrapper|true|false
12:30:16.0 (42592532)|VARIABLE_ASSIGNMENT|[6]|this|{}|0x65682f43
12:30:16.0 (42594308)|VARIABLE_SCOPE_BEGIN|[6]|ex|Expense__c|true|false
12:30:16.0 (42606349)|VARIABLE_ASSIGNMENT|[6]|ex|{"Category__c":"Event Registration","RecordTypeId":"012460000005G1KAAU","Amount__c":5600,"Tax__c":728.00,"Submitted__c":true,"Employee__c":"00346000002oeLWAAY","Id":"a0F46000000FBc6EAG","RecordType":{"Name":"Client Meetings","Id":"012460000005G1KAAU"},"Employee__r":{"Id":"00346000002oeLWAAY","Name":"Paulo Acosta"}}|0xc298a4d
12:30:16.0 (42611418)|VARIABLE_SCOPE_BEGIN|[6]|check|Boolean|false|false
12:30:16.0 (42614372)|VARIABLE_ASSIGNMENT|[6]|check|false
12:30:16.0 (42616624)|STATEMENT_EXECUTE|[1]
12:30:16.0 (42617871)|STATEMENT_EXECUTE|[3]
12:30:16.0 (42618995)|STATEMENT_EXECUTE|[4]
12:30:16.0 (42630842)|STATEMENT_EXECUTE|[6]
12:30:16.0 (42632044)|STATEMENT_EXECUTE|[8]
12:30:16.0 (42642413)|VARIABLE_ASSIGNMENT|[EXTERNAL]|this|{}|0x65682f43
12:30:16.0 (42653317)|VARIABLE_ASSIGNMENT|[EXTERNAL]|value|{"Category__c":"Event Registration","RecordTypeId":"012460000005G1KAAU","Amount__c":5600,"Tax__c":728.00,"Submitted__c":true,"Employee__c":"00346000002oeLWAAY","Id":"a0F46000000FBc6EAG","RecordType":{"Name":"Client Meetings","Id":"012460000005G1KAAU"},"Employee__r":{"Id":"00346000002oeLWAAY","Name":"Paulo Acosta"}}|0xc298a4d
12:30:16.0 (42666583)|VARIABLE_ASSIGNMENT|[3]|this.expense|{"Category__c":"Event Registration","RecordTypeId":"012460000005G1KAAU","Amount__c":5600,"Tax__c":728.00,"Submitted__c":true,"Employee__c":"00346000002oeLWAAY","Id":"a0F46000000FBc6EAG","RecordType":{"Name":"Client Meetings","Id":"012460000005G1KAAU"},"Employee__r":{"Id":"00346000002oeLWAAY","Name":"Paulo Acosta"}}|0x65682f43
12:30:16.0 (42671549)|STATEMENT_EXECUTE|[9]
12:30:16.0 (42682235)|VARIABLE_ASSIGNMENT|[EXTERNAL]|this|{"expense":"0xc298a4d"}|0x65682f43
12:30:16.0 (42686568)|VARIABLE_ASSIGNMENT|[EXTERNAL]|value|false
12:30:16.0 (42689769)|HEAP_ALLOCATE|[4]|Bytes:5
12:30:16.0 (42693532)|VARIABLE_ASSIGNMENT|[4]|this.checked|false|0x65682f43
12:30:16.0 (42700280)|CONSTRUCTOR_EXIT|[28]|01p46000003buu6|<init>(Expense__c,Boolean)
12:30:16.0 (42708448)|HEAP_ALLOCATE|[EXTERNAL]|Bytes:4
12:30:16.0 (42717601)|HEAP_ALLOCATE|[26]|Bytes:5
12:30:16.0 (42726091)|VARIABLE_ASSIGNMENT|[26]|ex|null|
12:30:16.0 (42729138)|STATEMENT_EXECUTE|[32]
12:30:16.0 (42746759)|VARIABLE_ASSIGNMENT|[EXTERNAL]|this|{"CountTotalRecords":7,"OffsetSize":6,"QueryLimit":3,"queryString":"","wrappedExpenses":"0x3775448c"}|0x54ddd974
12:30:16.0 (44200128)|SYSTEM_MODE_ENTER|true
12:30:16.0 (44231624)|HEAP_ALLOCATE|[EXTERNAL]|Bytes:24
12:30:16.0 (44237416)|VARIABLE_SCOPE_BEGIN|[107]|this|ExpenseController|true|false
12:30:16.0 (44263250)|VARIABLE_ASSIGNMENT|[107]|this|{"CountTotalRecords":7,"OffsetSize":6,"QueryLimit":3,"queryString":"","wrappedExpenses":"0x3775448c"}|0x54ddd974
12:30:16.0 (44270044)|STATEMENT_EXECUTE|[107]
12:30:16.0 (44274784)|STATEMENT_EXECUTE|[108]
12:30:16.0 (44275948)|STATEMENT_EXECUTE|[109]
12:30:16.0 (44280867)|HEAP_ALLOCATE|[109]|Bytes:5
12:30:16.0 (44701831)|SYSTEM_MODE_ENTER|true
12:30:16.0 (44727590)|HEAP_ALLOCATE|[EXTERNAL]|Bytes:24
12:30:16.0 (44733320)|VARIABLE_SCOPE_BEGIN|[114]|this|ExpenseController|true|false
12:30:16.0 (44757453)|VARIABLE_ASSIGNMENT|[114]|this|{"CountTotalRecords":7,"OffsetSize":6,"QueryLimit":3,"queryString":"","wrappedExpenses":"0x3775448c"}|0x54ddd974
12:30:16.0 (44763805)|STATEMENT_EXECUTE|[114]
12:30:16.0 (44787844)|VARIABLE_ASSIGNMENT|[EXTERNAL]|this|{"CountTotalRecords":7,"OffsetSize":6,"QueryLimit":3,"queryString":"","wrappedExpenses":"0x3775448c"}|0x54ddd974
12:30:16.0 (44796310)|STATEMENT_EXECUTE|[118]
12:30:16.0 (44801824)|HEAP_ALLOCATE|[118]|Bytes:5
12:30:16.0 (51771335)|VF_SERIALIZE_VIEWSTATE_BEGIN|06646000001BW08
12:30:16.0 (63285471)|VF_SERIALIZE_VIEWSTATE_END
12:30:16.0 (68864556)|CODE_UNIT_STARTED|[EXTERNAL]|Generate Metadata
12:30:16.0 (69766738)|CODE_UNIT_FINISHED|Generate Metadata
12:30:16.71 (71822438)|CUMULATIVE_LIMIT_USAGE
12:30:16.71 (71822438)|LIMIT_USAGE_FOR_NS|(default)|
  Number of SOQL queries: 2 out of 100
  Number of query rows: 4 out of 50000
  Number of SOSL queries: 0 out of 20
  Number of DML statements: 0 out of 150
  Number of DML rows: 0 out of 10000
  Maximum CPU time: 0 out of 10000
  Maximum heap size: 0 out of 6000000
  Number of callouts: 0 out of 100
  Number of Email Invocations: 0 out of 10
  Number of future calls: 0 out of 50
  Number of queueable jobs added to the queue: 0 out of 50
  Number of Mobile Apex push calls: 0 out of 10

12:30:16.71 (71822438)|CUMULATIVE_LIMIT_USAGE_END

12:30:16.0 (71857480)|CODE_UNIT_FINISHED|VF: /apex/ListOfEmployees
12:30:16.0 (72612243)|EXECUTION_FINISHED
