39.0 APEX_CODE,FINEST;APEX_PROFILING,INFO;CALLOUT,INFO;DB,INFO;SYSTEM,DEBUG;VALIDATION,INFO;VISUALFORCE,INFO;WAVE,INFO;WORKFLOW,INFO
16:24:53.0 (410542)|USER_INFO|[EXTERNAL]|00546000000Iihs|pacosta@altimetrik.com|Argentine Time|GMT-03:00
16:24:53.0 (437102)|EXECUTION_STARTED
16:24:53.0 (441399)|CODE_UNIT_STARTED|[EXTERNAL]|06646000001BW08|VF: /apex/ListOfEmployees
16:24:53.0 (1042866)|VF_DESERIALIZE_VIEWSTATE_BEGIN|06646000001BW08
16:24:53.0 (7510073)|HEAP_ALLOCATE|[72]|Bytes:3
16:24:53.0 (7546686)|HEAP_ALLOCATE|[77]|Bytes:152
16:24:53.0 (7559951)|HEAP_ALLOCATE|[342]|Bytes:408
16:24:53.0 (7573218)|HEAP_ALLOCATE|[355]|Bytes:408
16:24:53.0 (7585557)|HEAP_ALLOCATE|[467]|Bytes:48
16:24:53.0 (7611834)|HEAP_ALLOCATE|[139]|Bytes:6
16:24:53.0 (7633235)|HEAP_ALLOCATE|[50]|Bytes:5
16:24:53.0 (7652757)|HEAP_ALLOCATE|[56]|Bytes:5
16:24:53.0 (7658525)|HEAP_ALLOCATE|[64]|Bytes:7
16:24:53.0 (8799085)|VF_DESERIALIZE_VIEWSTATE_END
16:24:53.0 (10231581)|SYSTEM_MODE_ENTER|true
16:24:53.0 (10466725)|HEAP_ALLOCATE|[EXTERNAL]|Bytes:14
16:24:53.0 (10473616)|HEAP_ALLOCATE|[EXTERNAL]|Bytes:96
16:24:53.0 (10476177)|HEAP_ALLOCATE|[EXTERNAL]|Bytes:21
16:24:53.0 (10484876)|METHOD_ENTRY|[1]|01p46000002wayn|ExpenseController.ExpenseController()
16:24:53.0 (10489707)|STATEMENT_EXECUTE|[1]
16:24:53.0 (10496930)|STATEMENT_EXECUTE|[1]
16:24:53.0 (10498657)|STATEMENT_EXECUTE|[76]
16:24:53.0 (10504743)|METHOD_EXIT|[1]|ExpenseController
16:24:53.0 (10513035)|HEAP_ALLOCATE|[EXTERNAL]|Bytes:12
16:24:53.0 (10519665)|VARIABLE_SCOPE_BEGIN|[8]|this|ExpenseController|true|false
16:24:53.0 (10572800)|VARIABLE_ASSIGNMENT|[8]|this|{"queryString":"","wrappedExpenses":"0x498228f6"}|0x2bef9a3c
16:24:53.0 (10583139)|STATEMENT_EXECUTE|[8]
16:24:53.0 (10584598)|STATEMENT_EXECUTE|[10]
16:24:53.0 (10588469)|HEAP_ALLOCATE|[10]|Bytes:161
16:24:53.0 (10611791)|HEAP_ALLOCATE|[10]|Bytes:161
16:24:53.0 (13409093)|SOQL_EXECUTE_BEGIN|[10]|Aggregations:0|SELECT Category__c, RecordType.Name, Amount__c, Tax__c, Client_Company__c, Submitted__c, Employee__r.Id, Employee__r.Name, Employee__r.Birthdate FROM Expense__c 
16:24:53.0 (21353719)|SOQL_EXECUTE_END|[10]|Rows:5
16:24:53.0 (21379982)|HEAP_ALLOCATE|[10]|Bytes:24
16:24:53.0 (21430185)|HEAP_ALLOCATE|[10]|Bytes:1579
16:24:53.0 (21507037)|HEAP_ALLOCATE|[10]|Bytes:24
16:24:53.0 (21533693)|VARIABLE_SCOPE_BEGIN|[10]|results|List<Expense__c>|true|false
16:24:53.0 (21606693)|VARIABLE_ASSIGNMENT|[10]|results|[{"Category__c":"Road Meals","RecordTypeId":"012460000005G1KAAU","Amount__c":8900,"Tax__c":1157.00,"Submitted__c":false,"Employee__c":"00346000002ojeGAAQ","Id":"a0F46000000FmUwEAK","RecordType":{"Name":"Client Meetings","Id":"012460000005G1KAAU"},"Employee__r":{"Id":"00346000002ojeGAAQ","Name":"Paolo Smith"}},{"RecordTypeId":"012460000005G1FAAU","Amount__c":3000,"Tax__c":390.00,"Submitted__c":true,"Employee__c":"00346000002ojVWAAY","Id":"a0F46000000Fp6rEAC","RecordType":{"Name":"Business Trips","Id":"012460000005G1FAAU"},"Employee__r":{"Id":"00346000002ojVWAAY","Name":"Carol Ruiz","Birthdate":"2017-10-09T00:00:00.000Z"}},{"Category__c":"Event Registration","RecordTypeId":"012460000005G1FAAU","Amount__c":3499,"Tax__c":454.87,"Submitted__c":true,"Employee__c":"00346000002ojVWAAY","Id":"a0F46000000Fp76EAC","RecordType":{"Name":"Business Trips","Id":"012460000005G1FAAU"},"Employee__r":{"Id":"00346000002ojVWAAY","Name":"Carol Ruiz","Birthdate":"2017-10-09T00:00:00.000Z"}},{"Category__c":"Event Registration","RecordTypeId":"012460000005G1KAAU","Amount__c":5600,"Tax__c":728.00,"Submitted__c":false,"Employee__c":"00346000002oeLWAAY","Id":"a0F46000000FBc6EAG","RecordType":{"Name":"Client Meetings","Id":"012460000005G1KAAU"},"Employee__r":{"Id":"00346000002oeLWAAY","Name":"Paulo Acosta"}},{"Category__c":"Transportation","RecordTypeId":"012460000005G1FAAU","Amount__c":3500,"Tax__c":455.00,"Submitted__c":false,"Employee__c":"00346000002ojVWAAY","Id":"a0F46000000FBblEAG","RecordType":{"Name":"Business Trips","Id":"012460000005G1FAAU"},"Employee__r":{"Id":"00346000002ojVWAAY","Name":"Carol Ruiz","Birthdate":"2017-10-09T00:00:00.000Z"}}]|0x71e2bbd0
16:24:53.0 (21874886)|HEAP_ALLOCATE|[14]|Bytes:5
16:24:53.0 (21912521)|HEAP_ALLOCATE|[14]|Bytes:40
16:24:53.0 (21922281)|VARIABLE_SCOPE_BEGIN|[14]|ex|Expense__c|true|false
16:24:53.0 (21940659)|VARIABLE_ASSIGNMENT|[14]|ex|{"Category__c":"Road Meals","RecordTypeId":"012460000005G1KAAU","Amount__c":8900,"Tax__c":1157.00,"Submitted__c":false,"Employee__c":"00346000002ojeGAAQ","Id":"a0F46000000FmUwEAK","RecordType":{"Name":"Client Meetings","Id":"012460000005G1KAAU"},"Employee__r":{"Id":"00346000002ojeGAAQ","Name":"Paolo Smith"}}|0x1cedd8b8
16:24:53.0 (21949110)|STATEMENT_EXECUTE|[14]
16:24:53.0 (21951070)|STATEMENT_EXECUTE|[15]
16:24:53.0 (21957555)|HEAP_ALLOCATE|[15]|Bytes:4
16:24:53.0 (22046826)|VARIABLE_ASSIGNMENT|[EXTERNAL]|this|{"queryString":"","wrappedExpenses":"0x498228f6"}|0x2bef9a3c
16:24:53.0 (22067090)|HEAP_ALLOCATE|[EXTERNAL]|Bytes:4
16:24:53.0 (22073625)|VARIABLE_ASSIGNMENT|[EXTERNAL]|value|[]|0x29eb6f14
16:24:53.0 (22086001)|VARIABLE_ASSIGNMENT|[5]|this.wrappedExpenses|[]|0x2bef9a3c
16:24:53.0 (22093335)|STATEMENT_EXECUTE|[16]
16:24:53.0 (22138411)|VARIABLE_ASSIGNMENT|[EXTERNAL]|this|{"queryString":"","wrappedExpenses":"0x29eb6f14"}|0x2bef9a3c
16:24:53.0 (22161390)|HEAP_ALLOCATE|[16]|Bytes:116
16:24:53.0 (22172001)|HEAP_ALLOCATE|[16]|Bytes:8
16:24:53.0 (22183025)|HEAP_ALLOCATE|[16]|Bytes:12
16:24:53.0 (22205807)|CONSTRUCTOR_ENTRY|[16]|01p46000002wayn|<init>(Expense__c,Boolean)
16:24:53.0 (22216637)|VARIABLE_SCOPE_BEGIN|[81]|this|ExpenseController.ExpenseWrapper|true|false
16:24:53.0 (22237926)|VARIABLE_ASSIGNMENT|[81]|this|{}|0xe78dcfa
16:24:53.0 (22240580)|VARIABLE_SCOPE_BEGIN|[81]|ex|Expense__c|true|false
16:24:53.0 (22253905)|VARIABLE_ASSIGNMENT|[81]|ex|{"Category__c":"Road Meals","RecordTypeId":"012460000005G1KAAU","Amount__c":8900,"Tax__c":1157.00,"Submitted__c":false,"Employee__c":"00346000002ojeGAAQ","Id":"a0F46000000FmUwEAK","RecordType":{"Name":"Client Meetings","Id":"012460000005G1KAAU"},"Employee__r":{"Id":"00346000002ojeGAAQ","Name":"Paolo Smith"}}|0x1cedd8b8
16:24:53.0 (22260163)|VARIABLE_SCOPE_BEGIN|[81]|check|Boolean|false|false
16:24:53.0 (22263851)|VARIABLE_ASSIGNMENT|[81]|check|false
16:24:53.0 (22269582)|STATEMENT_EXECUTE|[76]
16:24:53.0 (22271778)|STATEMENT_EXECUTE|[78]
16:24:53.0 (22273727)|STATEMENT_EXECUTE|[79]
16:24:53.0 (22282014)|HEAP_ALLOCATE|[83]|Bytes:6
16:24:53.0 (22330354)|STATEMENT_EXECUTE|[81]
16:24:53.0 (22332512)|STATEMENT_EXECUTE|[83]
16:24:53.0 (22410710)|VARIABLE_ASSIGNMENT|[EXTERNAL]|this|{}|0xe78dcfa
16:24:53.0 (22432349)|VARIABLE_ASSIGNMENT|[EXTERNAL]|value|{"Category__c":"Road Meals","RecordTypeId":"012460000005G1KAAU","Amount__c":8900,"Tax__c":1157.00,"Submitted__c":false,"Employee__c":"00346000002ojeGAAQ","Id":"a0F46000000FmUwEAK","RecordType":{"Name":"Client Meetings","Id":"012460000005G1KAAU"},"Employee__r":{"Id":"00346000002ojeGAAQ","Name":"Paolo Smith"}}|0x1cedd8b8
16:24:53.0 (22452628)|VARIABLE_ASSIGNMENT|[78]|this.expense|{"Category__c":"Road Meals","RecordTypeId":"012460000005G1KAAU","Amount__c":8900,"Tax__c":1157.00,"Submitted__c":false,"Employee__c":"00346000002ojeGAAQ","Id":"a0F46000000FmUwEAK","RecordType":{"Name":"Client Meetings","Id":"012460000005G1KAAU"},"Employee__r":{"Id":"00346000002ojeGAAQ","Name":"Paolo Smith"}}|0xe78dcfa
16:24:53.0 (22461989)|STATEMENT_EXECUTE|[84]
16:24:53.0 (22498203)|VARIABLE_ASSIGNMENT|[EXTERNAL]|this|{"expense":"0x1cedd8b8"}|0xe78dcfa
16:24:53.0 (22504580)|VARIABLE_ASSIGNMENT|[EXTERNAL]|value|false
16:24:53.0 (22509041)|HEAP_ALLOCATE|[79]|Bytes:5
16:24:53.0 (22514000)|VARIABLE_ASSIGNMENT|[79]|this.checked|false|0xe78dcfa
16:24:53.0 (22522986)|CONSTRUCTOR_EXIT|[16]|01p46000002wayn|<init>(Expense__c,Boolean)
16:24:53.0 (22535454)|HEAP_ALLOCATE|[EXTERNAL]|Bytes:4
16:24:53.0 (22551362)|HEAP_ALLOCATE|[14]|Bytes:5
16:24:53.0 (22610129)|HEAP_ALLOCATE|[14]|Bytes:36
16:24:53.0 (22620085)|VARIABLE_SCOPE_BEGIN|[14]|ex|Expense__c|true|false
16:24:53.0 (22643508)|VARIABLE_ASSIGNMENT|[14]|ex|{"RecordTypeId":"012460000005G1FAAU","Amount__c":3000,"Tax__c":390.00,"Submitted__c":true,"Employee__c":"00346000002ojVWAAY","Id":"a0F46000000Fp6rEAC","RecordType":{"Name":"Business Trips","Id":"012460000005G1FAAU"},"Employee__r":{"Id":"00346000002ojVWAAY","Name":"Carol Ruiz","Birthdate":"2017-10-09T00:00:00.000Z"}}|0x4a1d9711
16:24:53.0 (22648976)|STATEMENT_EXECUTE|[14]
16:24:53.0 (22650317)|STATEMENT_EXECUTE|[15]
16:24:53.0 (22653717)|HEAP_ALLOCATE|[15]|Bytes:4
16:24:53.0 (22679715)|VARIABLE_ASSIGNMENT|[EXTERNAL]|this|{"queryString":"","wrappedExpenses":"0x29eb6f14"}|0x2bef9a3c
16:24:53.0 (22688786)|HEAP_ALLOCATE|[EXTERNAL]|Bytes:4
16:24:53.0 (22693733)|VARIABLE_ASSIGNMENT|[EXTERNAL]|value|[]|0x1346a054
16:24:53.0 (22699419)|VARIABLE_ASSIGNMENT|[5]|this.wrappedExpenses|[]|0x2bef9a3c
16:24:53.0 (22704581)|STATEMENT_EXECUTE|[16]
16:24:53.0 (22715641)|VARIABLE_ASSIGNMENT|[EXTERNAL]|this|{"queryString":"","wrappedExpenses":"0x1346a054"}|0x2bef9a3c
16:24:53.0 (22722132)|HEAP_ALLOCATE|[16]|Bytes:12
16:24:53.0 (22729791)|CONSTRUCTOR_ENTRY|[16]|01p46000002wayn|<init>(Expense__c,Boolean)
16:24:53.0 (22732665)|VARIABLE_SCOPE_BEGIN|[81]|this|ExpenseController.ExpenseWrapper|true|false
16:24:53.0 (22740821)|VARIABLE_ASSIGNMENT|[81]|this|{}|0x69e6a4e7
16:24:53.0 (22742396)|VARIABLE_SCOPE_BEGIN|[81]|ex|Expense__c|true|false
16:24:53.0 (22758259)|VARIABLE_ASSIGNMENT|[81]|ex|{"RecordTypeId":"012460000005G1FAAU","Amount__c":3000,"Tax__c":390.00,"Submitted__c":true,"Employee__c":"00346000002ojVWAAY","Id":"a0F46000000Fp6rEAC","RecordType":{"Name":"Business Trips","Id":"012460000005G1FAAU"},"Employee__r":{"Id":"00346000002ojVWAAY","Name":"Carol Ruiz","Birthdate":"2017-10-09T00:00:00.000Z"}}|0x4a1d9711
16:24:53.0 (22763405)|VARIABLE_SCOPE_BEGIN|[81]|check|Boolean|false|false
16:24:53.0 (22766057)|VARIABLE_ASSIGNMENT|[81]|check|false
16:24:53.0 (22769034)|STATEMENT_EXECUTE|[76]
16:24:53.0 (22770232)|STATEMENT_EXECUTE|[78]
16:24:53.0 (22771424)|STATEMENT_EXECUTE|[79]
16:24:53.0 (22780473)|STATEMENT_EXECUTE|[81]
16:24:53.0 (22781694)|STATEMENT_EXECUTE|[83]
16:24:53.0 (22791885)|VARIABLE_ASSIGNMENT|[EXTERNAL]|this|{}|0x69e6a4e7
16:24:53.0 (22805400)|VARIABLE_ASSIGNMENT|[EXTERNAL]|value|{"RecordTypeId":"012460000005G1FAAU","Amount__c":3000,"Tax__c":390.00,"Submitted__c":true,"Employee__c":"00346000002ojVWAAY","Id":"a0F46000000Fp6rEAC","RecordType":{"Name":"Business Trips","Id":"012460000005G1FAAU"},"Employee__r":{"Id":"00346000002ojVWAAY","Name":"Carol Ruiz","Birthdate":"2017-10-09T00:00:00.000Z"}}|0x4a1d9711
16:24:53.0 (22819264)|VARIABLE_ASSIGNMENT|[78]|this.expense|{"RecordTypeId":"012460000005G1FAAU","Amount__c":3000,"Tax__c":390.00,"Submitted__c":true,"Employee__c":"00346000002ojVWAAY","Id":"a0F46000000Fp6rEAC","RecordType":{"Name":"Business Trips","Id":"012460000005G1FAAU"},"Employee__r":{"Id":"00346000002ojVWAAY","Name":"Carol Ruiz","Birthdate":"2017-10-09T00:00:00.000Z"}}|0x69e6a4e7
16:24:53.0 (22824207)|STATEMENT_EXECUTE|[84]
16:24:53.0 (22833622)|VARIABLE_ASSIGNMENT|[EXTERNAL]|this|{"expense":"0x4a1d9711"}|0x69e6a4e7
16:24:53.0 (22837640)|VARIABLE_ASSIGNMENT|[EXTERNAL]|value|false
16:24:53.0 (22840255)|HEAP_ALLOCATE|[79]|Bytes:5
16:24:53.0 (22843609)|VARIABLE_ASSIGNMENT|[79]|this.checked|false|0x69e6a4e7
16:24:53.0 (22850712)|CONSTRUCTOR_EXIT|[16]|01p46000002wayn|<init>(Expense__c,Boolean)
16:24:53.0 (22857303)|HEAP_ALLOCATE|[EXTERNAL]|Bytes:4
16:24:53.0 (22865978)|HEAP_ALLOCATE|[14]|Bytes:5
16:24:53.0 (22885000)|HEAP_ALLOCATE|[14]|Bytes:40
16:24:53.0 (22890408)|VARIABLE_SCOPE_BEGIN|[14]|ex|Expense__c|true|false
16:24:53.0 (22908188)|VARIABLE_ASSIGNMENT|[14]|ex|{"Category__c":"Event Registration","RecordTypeId":"012460000005G1FAAU","Amount__c":3499,"Tax__c":454.87,"Submitted__c":true,"Employee__c":"00346000002ojVWAAY","Id":"a0F46000000Fp76EAC","RecordType":{"Name":"Business Trips","Id":"012460000005G1FAAU"},"Employee__r":{"Id":"00346000002ojVWAAY","Name":"Carol Ruiz","Birthdate":"2017-10-09T00:00:00.000Z"}}|0x6061914e
16:24:53.0 (22912891)|STATEMENT_EXECUTE|[14]
16:24:53.0 (22914213)|STATEMENT_EXECUTE|[15]
16:24:53.0 (22917071)|HEAP_ALLOCATE|[15]|Bytes:4
16:24:53.0 (22937469)|VARIABLE_ASSIGNMENT|[EXTERNAL]|this|{"queryString":"","wrappedExpenses":"0x1346a054"}|0x2bef9a3c
16:24:53.0 (22944615)|HEAP_ALLOCATE|[EXTERNAL]|Bytes:4
16:24:53.0 (22948984)|VARIABLE_ASSIGNMENT|[EXTERNAL]|value|[]|0x38ed0699
16:24:53.0 (22953437)|VARIABLE_ASSIGNMENT|[5]|this.wrappedExpenses|[]|0x2bef9a3c
16:24:53.0 (22957564)|STATEMENT_EXECUTE|[16]
16:24:53.0 (22968458)|VARIABLE_ASSIGNMENT|[EXTERNAL]|this|{"queryString":"","wrappedExpenses":"0x38ed0699"}|0x2bef9a3c
16:24:53.0 (22974819)|HEAP_ALLOCATE|[16]|Bytes:12
16:24:53.0 (22980787)|CONSTRUCTOR_ENTRY|[16]|01p46000002wayn|<init>(Expense__c,Boolean)
16:24:53.0 (22983370)|VARIABLE_SCOPE_BEGIN|[81]|this|ExpenseController.ExpenseWrapper|true|false
16:24:53.0 (22990157)|VARIABLE_ASSIGNMENT|[81]|this|{}|0x1db18358
16:24:53.0 (22991655)|VARIABLE_SCOPE_BEGIN|[81]|ex|Expense__c|true|false
16:24:53.0 (23005955)|VARIABLE_ASSIGNMENT|[81]|ex|{"Category__c":"Event Registration","RecordTypeId":"012460000005G1FAAU","Amount__c":3499,"Tax__c":454.87,"Submitted__c":true,"Employee__c":"00346000002ojVWAAY","Id":"a0F46000000Fp76EAC","RecordType":{"Name":"Business Trips","Id":"012460000005G1FAAU"},"Employee__r":{"Id":"00346000002ojVWAAY","Name":"Carol Ruiz","Birthdate":"2017-10-09T00:00:00.000Z"}}|0x6061914e
16:24:53.0 (23011459)|VARIABLE_SCOPE_BEGIN|[81]|check|Boolean|false|false
16:24:53.0 (23013971)|VARIABLE_ASSIGNMENT|[81]|check|false
16:24:53.0 (23016701)|STATEMENT_EXECUTE|[76]
16:24:53.0 (23017921)|STATEMENT_EXECUTE|[78]
16:24:53.0 (23019090)|STATEMENT_EXECUTE|[79]
16:24:53.0 (23027074)|STATEMENT_EXECUTE|[81]
16:24:53.0 (23028654)|STATEMENT_EXECUTE|[83]
16:24:53.0 (23038589)|VARIABLE_ASSIGNMENT|[EXTERNAL]|this|{}|0x1db18358
16:24:53.0 (23051549)|VARIABLE_ASSIGNMENT|[EXTERNAL]|value|{"Category__c":"Event Registration","RecordTypeId":"012460000005G1FAAU","Amount__c":3499,"Tax__c":454.87,"Submitted__c":true,"Employee__c":"00346000002ojVWAAY","Id":"a0F46000000Fp76EAC","RecordType":{"Name":"Business Trips","Id":"012460000005G1FAAU"},"Employee__r":{"Id":"00346000002ojVWAAY","Name":"Carol Ruiz","Birthdate":"2017-10-09T00:00:00.000Z"}}|0x6061914e
16:24:53.0 (23065000)|VARIABLE_ASSIGNMENT|[78]|this.expense|{"Category__c":"Event Registration","RecordTypeId":"012460000005G1FAAU","Amount__c":3499,"Tax__c":454.87,"Submitted__c":true,"Employee__c":"00346000002ojVWAAY","Id":"a0F46000000Fp76EAC","RecordType":{"Name":"Business Trips","Id":"012460000005G1FAAU"},"Employee__r":{"Id":"00346000002ojVWAAY","Name":"Carol Ruiz","Birthdate":"2017-10-09T00:00:00.000Z"}}|0x1db18358
16:24:53.0 (23070155)|STATEMENT_EXECUTE|[84]
16:24:53.0 (23079334)|VARIABLE_ASSIGNMENT|[EXTERNAL]|this|{"expense":"0x6061914e"}|0x1db18358
16:24:53.0 (23083839)|VARIABLE_ASSIGNMENT|[EXTERNAL]|value|false
16:24:53.0 (23086222)|HEAP_ALLOCATE|[79]|Bytes:5
16:24:53.0 (23089604)|VARIABLE_ASSIGNMENT|[79]|this.checked|false|0x1db18358
16:24:53.0 (23095823)|CONSTRUCTOR_EXIT|[16]|01p46000002wayn|<init>(Expense__c,Boolean)
16:24:53.0 (23101686)|HEAP_ALLOCATE|[EXTERNAL]|Bytes:4
16:24:53.0 (23109868)|HEAP_ALLOCATE|[14]|Bytes:5
16:24:53.0 (23127309)|HEAP_ALLOCATE|[14]|Bytes:40
16:24:53.0 (23132174)|VARIABLE_SCOPE_BEGIN|[14]|ex|Expense__c|true|false
16:24:53.0 (23146485)|VARIABLE_ASSIGNMENT|[14]|ex|{"Category__c":"Event Registration","RecordTypeId":"012460000005G1KAAU","Amount__c":5600,"Tax__c":728.00,"Submitted__c":false,"Employee__c":"00346000002oeLWAAY","Id":"a0F46000000FBc6EAG","RecordType":{"Name":"Client Meetings","Id":"012460000005G1KAAU"},"Employee__r":{"Id":"00346000002oeLWAAY","Name":"Paulo Acosta"}}|0x726f732e
16:24:53.0 (23150404)|STATEMENT_EXECUTE|[14]
16:24:53.0 (23151628)|STATEMENT_EXECUTE|[15]
16:24:53.0 (23154482)|HEAP_ALLOCATE|[15]|Bytes:4
16:24:53.0 (23172904)|VARIABLE_ASSIGNMENT|[EXTERNAL]|this|{"queryString":"","wrappedExpenses":"0x38ed0699"}|0x2bef9a3c
16:24:53.0 (23179837)|HEAP_ALLOCATE|[EXTERNAL]|Bytes:4
16:24:53.0 (23184033)|VARIABLE_ASSIGNMENT|[EXTERNAL]|value|[]|0x3b53c4ba
16:24:53.0 (23188930)|VARIABLE_ASSIGNMENT|[5]|this.wrappedExpenses|[]|0x2bef9a3c
16:24:53.0 (23197479)|STATEMENT_EXECUTE|[16]
16:24:53.0 (23208249)|VARIABLE_ASSIGNMENT|[EXTERNAL]|this|{"queryString":"","wrappedExpenses":"0x3b53c4ba"}|0x2bef9a3c
16:24:53.0 (23214293)|HEAP_ALLOCATE|[16]|Bytes:12
16:24:53.0 (23220386)|CONSTRUCTOR_ENTRY|[16]|01p46000002wayn|<init>(Expense__c,Boolean)
16:24:53.0 (23222621)|VARIABLE_SCOPE_BEGIN|[81]|this|ExpenseController.ExpenseWrapper|true|false
16:24:53.0 (23229362)|VARIABLE_ASSIGNMENT|[81]|this|{}|0x67ce8eab
16:24:53.0 (23231115)|VARIABLE_SCOPE_BEGIN|[81]|ex|Expense__c|true|false
16:24:53.0 (23241201)|VARIABLE_ASSIGNMENT|[81]|ex|{"Category__c":"Event Registration","RecordTypeId":"012460000005G1KAAU","Amount__c":5600,"Tax__c":728.00,"Submitted__c":false,"Employee__c":"00346000002oeLWAAY","Id":"a0F46000000FBc6EAG","RecordType":{"Name":"Client Meetings","Id":"012460000005G1KAAU"},"Employee__r":{"Id":"00346000002oeLWAAY","Name":"Paulo Acosta"}}|0x726f732e
16:24:53.0 (23245854)|VARIABLE_SCOPE_BEGIN|[81]|check|Boolean|false|false
16:24:53.0 (23248168)|VARIABLE_ASSIGNMENT|[81]|check|false
16:24:53.0 (23250458)|STATEMENT_EXECUTE|[76]
16:24:53.0 (23251635)|STATEMENT_EXECUTE|[78]
16:24:53.0 (23252760)|STATEMENT_EXECUTE|[79]
16:24:53.0 (23260131)|STATEMENT_EXECUTE|[81]
16:24:53.0 (23261365)|STATEMENT_EXECUTE|[83]
16:24:53.0 (23269982)|VARIABLE_ASSIGNMENT|[EXTERNAL]|this|{}|0x67ce8eab
16:24:53.0 (23279504)|VARIABLE_ASSIGNMENT|[EXTERNAL]|value|{"Category__c":"Event Registration","RecordTypeId":"012460000005G1KAAU","Amount__c":5600,"Tax__c":728.00,"Submitted__c":false,"Employee__c":"00346000002oeLWAAY","Id":"a0F46000000FBc6EAG","RecordType":{"Name":"Client Meetings","Id":"012460000005G1KAAU"},"Employee__r":{"Id":"00346000002oeLWAAY","Name":"Paulo Acosta"}}|0x726f732e
16:24:53.0 (23290518)|VARIABLE_ASSIGNMENT|[78]|this.expense|{"Category__c":"Event Registration","RecordTypeId":"012460000005G1KAAU","Amount__c":5600,"Tax__c":728.00,"Submitted__c":false,"Employee__c":"00346000002oeLWAAY","Id":"a0F46000000FBc6EAG","RecordType":{"Name":"Client Meetings","Id":"012460000005G1KAAU"},"Employee__r":{"Id":"00346000002oeLWAAY","Name":"Paulo Acosta"}}|0x67ce8eab
16:24:53.0 (23295712)|STATEMENT_EXECUTE|[84]
16:24:53.0 (23304054)|VARIABLE_ASSIGNMENT|[EXTERNAL]|this|{"expense":"0x726f732e"}|0x67ce8eab
16:24:53.0 (23307640)|VARIABLE_ASSIGNMENT|[EXTERNAL]|value|false
16:24:53.0 (23309905)|HEAP_ALLOCATE|[79]|Bytes:5
16:24:53.0 (23312998)|VARIABLE_ASSIGNMENT|[79]|this.checked|false|0x67ce8eab
16:24:53.0 (23318655)|CONSTRUCTOR_EXIT|[16]|01p46000002wayn|<init>(Expense__c,Boolean)
16:24:53.0 (23323856)|HEAP_ALLOCATE|[EXTERNAL]|Bytes:4
16:24:53.0 (23331287)|HEAP_ALLOCATE|[14]|Bytes:5
16:24:53.0 (23351972)|HEAP_ALLOCATE|[14]|Bytes:40
16:24:53.0 (23356936)|VARIABLE_SCOPE_BEGIN|[14]|ex|Expense__c|true|false
16:24:53.0 (23375316)|VARIABLE_ASSIGNMENT|[14]|ex|{"Category__c":"Transportation","RecordTypeId":"012460000005G1FAAU","Amount__c":3500,"Tax__c":455.00,"Submitted__c":false,"Employee__c":"00346000002ojVWAAY","Id":"a0F46000000FBblEAG","RecordType":{"Name":"Business Trips","Id":"012460000005G1FAAU"},"Employee__r":{"Id":"00346000002ojVWAAY","Name":"Carol Ruiz","Birthdate":"2017-10-09T00:00:00.000Z"}}|0x354dc3
16:24:53.0 (23380045)|STATEMENT_EXECUTE|[14]
16:24:53.0 (23381289)|STATEMENT_EXECUTE|[15]
16:24:53.0 (23383990)|HEAP_ALLOCATE|[15]|Bytes:4
16:24:53.0 (23403652)|VARIABLE_ASSIGNMENT|[EXTERNAL]|this|{"queryString":"","wrappedExpenses":"0x3b53c4ba"}|0x2bef9a3c
16:24:53.0 (23410168)|HEAP_ALLOCATE|[EXTERNAL]|Bytes:4
16:24:53.0 (23414287)|VARIABLE_ASSIGNMENT|[EXTERNAL]|value|[]|0x37478505
16:24:53.0 (23418730)|VARIABLE_ASSIGNMENT|[5]|this.wrappedExpenses|[]|0x2bef9a3c
16:24:53.0 (23422545)|STATEMENT_EXECUTE|[16]
16:24:53.0 (23432434)|VARIABLE_ASSIGNMENT|[EXTERNAL]|this|{"queryString":"","wrappedExpenses":"0x37478505"}|0x2bef9a3c
16:24:53.0 (23437899)|HEAP_ALLOCATE|[16]|Bytes:12
16:24:53.0 (23443629)|CONSTRUCTOR_ENTRY|[16]|01p46000002wayn|<init>(Expense__c,Boolean)
16:24:53.0 (23445824)|VARIABLE_SCOPE_BEGIN|[81]|this|ExpenseController.ExpenseWrapper|true|false
16:24:53.0 (23452406)|VARIABLE_ASSIGNMENT|[81]|this|{}|0x267d7bf6
16:24:53.0 (23453709)|VARIABLE_SCOPE_BEGIN|[81]|ex|Expense__c|true|false
16:24:53.0 (23467472)|VARIABLE_ASSIGNMENT|[81]|ex|{"Category__c":"Transportation","RecordTypeId":"012460000005G1FAAU","Amount__c":3500,"Tax__c":455.00,"Submitted__c":false,"Employee__c":"00346000002ojVWAAY","Id":"a0F46000000FBblEAG","RecordType":{"Name":"Business Trips","Id":"012460000005G1FAAU"},"Employee__r":{"Id":"00346000002ojVWAAY","Name":"Carol Ruiz","Birthdate":"2017-10-09T00:00:00.000Z"}}|0x354dc3
16:24:53.0 (23471647)|VARIABLE_SCOPE_BEGIN|[81]|check|Boolean|false|false
16:24:53.0 (23473919)|VARIABLE_ASSIGNMENT|[81]|check|false
16:24:53.0 (23476715)|STATEMENT_EXECUTE|[76]
16:24:53.0 (23477844)|STATEMENT_EXECUTE|[78]
16:24:53.0 (23479125)|STATEMENT_EXECUTE|[79]
16:24:53.0 (23486388)|STATEMENT_EXECUTE|[81]
16:24:53.0 (23487608)|STATEMENT_EXECUTE|[83]
16:24:53.0 (23496879)|VARIABLE_ASSIGNMENT|[EXTERNAL]|this|{}|0x267d7bf6
16:24:53.0 (23509019)|VARIABLE_ASSIGNMENT|[EXTERNAL]|value|{"Category__c":"Transportation","RecordTypeId":"012460000005G1FAAU","Amount__c":3500,"Tax__c":455.00,"Submitted__c":false,"Employee__c":"00346000002ojVWAAY","Id":"a0F46000000FBblEAG","RecordType":{"Name":"Business Trips","Id":"012460000005G1FAAU"},"Employee__r":{"Id":"00346000002ojVWAAY","Name":"Carol Ruiz","Birthdate":"2017-10-09T00:00:00.000Z"}}|0x354dc3
16:24:53.0 (23522455)|VARIABLE_ASSIGNMENT|[78]|this.expense|{"Category__c":"Transportation","RecordTypeId":"012460000005G1FAAU","Amount__c":3500,"Tax__c":455.00,"Submitted__c":false,"Employee__c":"00346000002ojVWAAY","Id":"a0F46000000FBblEAG","RecordType":{"Name":"Business Trips","Id":"012460000005G1FAAU"},"Employee__r":{"Id":"00346000002ojVWAAY","Name":"Carol Ruiz","Birthdate":"2017-10-09T00:00:00.000Z"}}|0x267d7bf6
16:24:53.0 (23527624)|STATEMENT_EXECUTE|[84]
16:24:53.0 (23537134)|VARIABLE_ASSIGNMENT|[EXTERNAL]|this|{"expense":"0x354dc3"}|0x267d7bf6
16:24:53.0 (23540932)|VARIABLE_ASSIGNMENT|[EXTERNAL]|value|false
16:24:53.0 (23543360)|HEAP_ALLOCATE|[79]|Bytes:5
16:24:53.0 (23547095)|VARIABLE_ASSIGNMENT|[79]|this.checked|false|0x267d7bf6
16:24:53.0 (23553098)|CONSTRUCTOR_EXIT|[16]|01p46000002wayn|<init>(Expense__c,Boolean)
16:24:53.0 (23558362)|HEAP_ALLOCATE|[EXTERNAL]|Bytes:4
16:24:53.0 (23565492)|HEAP_ALLOCATE|[14]|Bytes:5
16:24:53.0 (23573025)|VARIABLE_ASSIGNMENT|[14]|ex|null|
16:24:53.0 (23576573)|STATEMENT_EXECUTE|[19]
16:24:53.0 (23601069)|VARIABLE_ASSIGNMENT|[EXTERNAL]|this|{"queryString":"","wrappedExpenses":"0x37478505"}|0x2bef9a3c
16:24:53.0 (24309681)|HEAP_ALLOCATE|[EXTERNAL]|Bytes:12
16:24:53.0 (24318010)|VARIABLE_SCOPE_BEGIN|[69]|this|ExpenseController|true|false
16:24:53.0 (24337521)|VARIABLE_ASSIGNMENT|[69]|this|{"queryString":"","wrappedExpenses":"0x37478505"}|0x2bef9a3c
16:24:53.0 (24345937)|STATEMENT_EXECUTE|[69]
16:24:53.0 (24352200)|STATEMENT_EXECUTE|[71]
16:24:53.0 (24363925)|VARIABLE_ASSIGNMENT|[71]|this.queryString|""|0x2bef9a3c
16:24:53.0 (27352012)|SYSTEM_MODE_ENTER|true
16:24:53.0 (27393933)|HEAP_ALLOCATE|[EXTERNAL]|Bytes:12
16:24:53.0 (27401373)|VARIABLE_SCOPE_BEGIN|[8]|this|ExpenseController|true|false
16:24:53.0 (27433513)|VARIABLE_ASSIGNMENT|[8]|this|{"queryString":"","wrappedExpenses":"0x37478505"}|0x2bef9a3c
16:24:53.0 (27444048)|STATEMENT_EXECUTE|[8]
16:24:53.0 (27445748)|STATEMENT_EXECUTE|[10]
16:24:53.0 (27460984)|HEAP_ALLOCATE|[10]|Bytes:161
16:24:53.0 (27856228)|SOQL_EXECUTE_BEGIN|[10]|Aggregations:0|SELECT Category__c, RecordType.Name, Amount__c, Tax__c, Client_Company__c, Submitted__c, Employee__r.Id, Employee__r.Name, Employee__r.Birthdate FROM Expense__c 
16:24:53.0 (33195978)|SOQL_EXECUTE_END|[10]|Rows:5
16:24:53.0 (33219834)|HEAP_ALLOCATE|[10]|Bytes:24
16:24:53.0 (33270685)|HEAP_ALLOCATE|[10]|Bytes:1579
16:24:53.0 (33304322)|HEAP_ALLOCATE|[10]|Bytes:24
16:24:53.0 (33331522)|VARIABLE_SCOPE_BEGIN|[10]|results|List<Expense__c>|true|false
16:24:53.0 (33422341)|VARIABLE_ASSIGNMENT|[10]|results|[{"Category__c":"Road Meals","RecordTypeId":"012460000005G1KAAU","Amount__c":8900,"Tax__c":1157.00,"Submitted__c":false,"Employee__c":"00346000002ojeGAAQ","Id":"a0F46000000FmUwEAK","RecordType":{"Name":"Client Meetings","Id":"012460000005G1KAAU"},"Employee__r":{"Id":"00346000002ojeGAAQ","Name":"Paolo Smith"}},{"RecordTypeId":"012460000005G1FAAU","Amount__c":3000,"Tax__c":390.00,"Submitted__c":true,"Employee__c":"00346000002ojVWAAY","Id":"a0F46000000Fp6rEAC","RecordType":{"Name":"Business Trips","Id":"012460000005G1FAAU"},"Employee__r":{"Id":"00346000002ojVWAAY","Name":"Carol Ruiz","Birthdate":"2017-10-09T00:00:00.000Z"}},{"Category__c":"Event Registration","RecordTypeId":"012460000005G1FAAU","Amount__c":3499,"Tax__c":454.87,"Submitted__c":true,"Employee__c":"00346000002ojVWAAY","Id":"a0F46000000Fp76EAC","RecordType":{"Name":"Business Trips","Id":"012460000005G1FAAU"},"Employee__r":{"Id":"00346000002ojVWAAY","Name":"Carol Ruiz","Birthdate":"2017-10-09T00:00:00.000Z"}},{"Category__c":"Event Registration","RecordTypeId":"012460000005G1KAAU","Amount__c":5600,"Tax__c":728.00,"Submitted__c":false,"Employee__c":"00346000002oeLWAAY","Id":"a0F46000000FBc6EAG","RecordType":{"Name":"Client Meetings","Id":"012460000005G1KAAU"},"Employee__r":{"Id":"00346000002oeLWAAY","Name":"Paulo Acosta"}},{"Category__c":"Transportation","RecordTypeId":"012460000005G1FAAU","Amount__c":3500,"Tax__c":455.00,"Submitted__c":false,"Employee__c":"00346000002ojVWAAY","Id":"a0F46000000FBblEAG","RecordType":{"Name":"Business Trips","Id":"012460000005G1FAAU"},"Employee__r":{"Id":"00346000002ojVWAAY","Name":"Carol Ruiz","Birthdate":"2017-10-09T00:00:00.000Z"}}]|0x1805076b
16:24:53.0 (33483362)|HEAP_ALLOCATE|[14]|Bytes:5
16:24:53.0 (33516518)|HEAP_ALLOCATE|[14]|Bytes:40
16:24:53.0 (33534440)|VARIABLE_SCOPE_BEGIN|[14]|ex|Expense__c|true|false
16:24:53.0 (33550847)|VARIABLE_ASSIGNMENT|[14]|ex|{"Category__c":"Road Meals","RecordTypeId":"012460000005G1KAAU","Amount__c":8900,"Tax__c":1157.00,"Submitted__c":false,"Employee__c":"00346000002ojeGAAQ","Id":"a0F46000000FmUwEAK","RecordType":{"Name":"Client Meetings","Id":"012460000005G1KAAU"},"Employee__r":{"Id":"00346000002ojeGAAQ","Name":"Paolo Smith"}}|0x20583d88
16:24:53.0 (33558485)|STATEMENT_EXECUTE|[14]
16:24:53.0 (33560366)|STATEMENT_EXECUTE|[15]
16:24:53.0 (33566250)|HEAP_ALLOCATE|[15]|Bytes:4
16:24:53.0 (33612769)|VARIABLE_ASSIGNMENT|[EXTERNAL]|this|{"queryString":"","wrappedExpenses":"0x37478505"}|0x2bef9a3c
16:24:53.0 (33623699)|HEAP_ALLOCATE|[EXTERNAL]|Bytes:4
16:24:53.0 (33629525)|VARIABLE_ASSIGNMENT|[EXTERNAL]|value|[]|0x2e33778c
16:24:53.0 (33639311)|VARIABLE_ASSIGNMENT|[5]|this.wrappedExpenses|[]|0x2bef9a3c
16:24:53.0 (33646125)|STATEMENT_EXECUTE|[16]
16:24:53.0 (33660277)|VARIABLE_ASSIGNMENT|[EXTERNAL]|this|{"queryString":"","wrappedExpenses":"0x2e33778c"}|0x2bef9a3c
16:24:53.0 (33670212)|HEAP_ALLOCATE|[16]|Bytes:12
16:24:53.0 (33682753)|CONSTRUCTOR_ENTRY|[16]|01p46000002wayn|<init>(Expense__c,Boolean)
16:24:53.0 (33686137)|VARIABLE_SCOPE_BEGIN|[81]|this|ExpenseController.ExpenseWrapper|true|false
16:24:53.0 (33696661)|VARIABLE_ASSIGNMENT|[81]|this|{}|0x500dc2f2
16:24:53.0 (33698766)|VARIABLE_SCOPE_BEGIN|[81]|ex|Expense__c|true|false
16:24:53.0 (33709516)|VARIABLE_ASSIGNMENT|[81]|ex|{"Category__c":"Road Meals","RecordTypeId":"012460000005G1KAAU","Amount__c":8900,"Tax__c":1157.00,"Submitted__c":false,"Employee__c":"00346000002ojeGAAQ","Id":"a0F46000000FmUwEAK","RecordType":{"Name":"Client Meetings","Id":"012460000005G1KAAU"},"Employee__r":{"Id":"00346000002ojeGAAQ","Name":"Paolo Smith"}}|0x20583d88
16:24:53.0 (33714578)|VARIABLE_SCOPE_BEGIN|[81]|check|Boolean|false|false
16:24:53.0 (33717712)|VARIABLE_ASSIGNMENT|[81]|check|false
16:24:53.0 (33721050)|STATEMENT_EXECUTE|[76]
16:24:53.0 (33722359)|STATEMENT_EXECUTE|[78]
16:24:53.0 (33723914)|STATEMENT_EXECUTE|[79]
16:24:53.0 (33738874)|STATEMENT_EXECUTE|[81]
16:24:53.0 (33740158)|STATEMENT_EXECUTE|[83]
16:24:53.0 (33752006)|VARIABLE_ASSIGNMENT|[EXTERNAL]|this|{}|0x500dc2f2
16:24:53.0 (33762825)|VARIABLE_ASSIGNMENT|[EXTERNAL]|value|{"Category__c":"Road Meals","RecordTypeId":"012460000005G1KAAU","Amount__c":8900,"Tax__c":1157.00,"Submitted__c":false,"Employee__c":"00346000002ojeGAAQ","Id":"a0F46000000FmUwEAK","RecordType":{"Name":"Client Meetings","Id":"012460000005G1KAAU"},"Employee__r":{"Id":"00346000002ojeGAAQ","Name":"Paolo Smith"}}|0x20583d88
16:24:53.0 (33775721)|VARIABLE_ASSIGNMENT|[78]|this.expense|{"Category__c":"Road Meals","RecordTypeId":"012460000005G1KAAU","Amount__c":8900,"Tax__c":1157.00,"Submitted__c":false,"Employee__c":"00346000002ojeGAAQ","Id":"a0F46000000FmUwEAK","RecordType":{"Name":"Client Meetings","Id":"012460000005G1KAAU"},"Employee__r":{"Id":"00346000002ojeGAAQ","Name":"Paolo Smith"}}|0x500dc2f2
16:24:53.0 (33781445)|STATEMENT_EXECUTE|[84]
16:24:53.0 (33792386)|VARIABLE_ASSIGNMENT|[EXTERNAL]|this|{"expense":"0x20583d88"}|0x500dc2f2
16:24:53.0 (33797314)|VARIABLE_ASSIGNMENT|[EXTERNAL]|value|false
16:24:53.0 (33800709)|HEAP_ALLOCATE|[79]|Bytes:5
16:24:53.0 (33804425)|VARIABLE_ASSIGNMENT|[79]|this.checked|false|0x500dc2f2
16:24:53.0 (33811756)|CONSTRUCTOR_EXIT|[16]|01p46000002wayn|<init>(Expense__c,Boolean)
16:24:53.0 (33822994)|HEAP_ALLOCATE|[EXTERNAL]|Bytes:4
16:24:53.0 (33832140)|HEAP_ALLOCATE|[14]|Bytes:5
16:24:53.0 (33851265)|HEAP_ALLOCATE|[14]|Bytes:36
16:24:53.0 (33856230)|VARIABLE_SCOPE_BEGIN|[14]|ex|Expense__c|true|false
16:24:53.0 (33874869)|VARIABLE_ASSIGNMENT|[14]|ex|{"RecordTypeId":"012460000005G1FAAU","Amount__c":3000,"Tax__c":390.00,"Submitted__c":true,"Employee__c":"00346000002ojVWAAY","Id":"a0F46000000Fp6rEAC","RecordType":{"Name":"Business Trips","Id":"012460000005G1FAAU"},"Employee__r":{"Id":"00346000002ojVWAAY","Name":"Carol Ruiz","Birthdate":"2017-10-09T00:00:00.000Z"}}|0x2f7f609f
16:24:53.0 (33879381)|STATEMENT_EXECUTE|[14]
16:24:53.0 (33880592)|STATEMENT_EXECUTE|[15]
16:24:53.0 (33883565)|HEAP_ALLOCATE|[15]|Bytes:4
16:24:53.0 (33904516)|VARIABLE_ASSIGNMENT|[EXTERNAL]|this|{"queryString":"","wrappedExpenses":"0x2e33778c"}|0x2bef9a3c
16:24:53.0 (33911148)|HEAP_ALLOCATE|[EXTERNAL]|Bytes:4
16:24:53.0 (33915195)|VARIABLE_ASSIGNMENT|[EXTERNAL]|value|[]|0x7a44dfa6
16:24:53.0 (33919774)|VARIABLE_ASSIGNMENT|[5]|this.wrappedExpenses|[]|0x2bef9a3c
16:24:53.0 (33924139)|STATEMENT_EXECUTE|[16]
16:24:53.0 (33934153)|VARIABLE_ASSIGNMENT|[EXTERNAL]|this|{"queryString":"","wrappedExpenses":"0x7a44dfa6"}|0x2bef9a3c
16:24:53.0 (33939953)|HEAP_ALLOCATE|[16]|Bytes:12
16:24:53.0 (33945995)|CONSTRUCTOR_ENTRY|[16]|01p46000002wayn|<init>(Expense__c,Boolean)
16:24:53.0 (33948347)|VARIABLE_SCOPE_BEGIN|[81]|this|ExpenseController.ExpenseWrapper|true|false
16:24:53.0 (33955371)|VARIABLE_ASSIGNMENT|[81]|this|{}|0x4a4aa1da
16:24:53.0 (33956821)|VARIABLE_SCOPE_BEGIN|[81]|ex|Expense__c|true|false
16:24:53.0 (33971093)|VARIABLE_ASSIGNMENT|[81]|ex|{"RecordTypeId":"012460000005G1FAAU","Amount__c":3000,"Tax__c":390.00,"Submitted__c":true,"Employee__c":"00346000002ojVWAAY","Id":"a0F46000000Fp6rEAC","RecordType":{"Name":"Business Trips","Id":"012460000005G1FAAU"},"Employee__r":{"Id":"00346000002ojVWAAY","Name":"Carol Ruiz","Birthdate":"2017-10-09T00:00:00.000Z"}}|0x2f7f609f
16:24:53.0 (33975498)|VARIABLE_SCOPE_BEGIN|[81]|check|Boolean|false|false
16:24:53.0 (33977990)|VARIABLE_ASSIGNMENT|[81]|check|false
16:24:53.0 (33980910)|STATEMENT_EXECUTE|[76]
16:24:53.0 (33982022)|STATEMENT_EXECUTE|[78]
16:24:53.0 (33983234)|STATEMENT_EXECUTE|[79]
16:24:53.0 (33991438)|STATEMENT_EXECUTE|[81]
16:24:53.0 (33992665)|STATEMENT_EXECUTE|[83]
16:24:53.0 (34002124)|VARIABLE_ASSIGNMENT|[EXTERNAL]|this|{}|0x4a4aa1da
16:24:53.0 (34015278)|VARIABLE_ASSIGNMENT|[EXTERNAL]|value|{"RecordTypeId":"012460000005G1FAAU","Amount__c":3000,"Tax__c":390.00,"Submitted__c":true,"Employee__c":"00346000002ojVWAAY","Id":"a0F46000000Fp6rEAC","RecordType":{"Name":"Business Trips","Id":"012460000005G1FAAU"},"Employee__r":{"Id":"00346000002ojVWAAY","Name":"Carol Ruiz","Birthdate":"2017-10-09T00:00:00.000Z"}}|0x2f7f609f
16:24:53.0 (34028086)|VARIABLE_ASSIGNMENT|[78]|this.expense|{"RecordTypeId":"012460000005G1FAAU","Amount__c":3000,"Tax__c":390.00,"Submitted__c":true,"Employee__c":"00346000002ojVWAAY","Id":"a0F46000000Fp6rEAC","RecordType":{"Name":"Business Trips","Id":"012460000005G1FAAU"},"Employee__r":{"Id":"00346000002ojVWAAY","Name":"Carol Ruiz","Birthdate":"2017-10-09T00:00:00.000Z"}}|0x4a4aa1da
16:24:53.0 (34033508)|STATEMENT_EXECUTE|[84]
16:24:53.0 (34042992)|VARIABLE_ASSIGNMENT|[EXTERNAL]|this|{"expense":"0x2f7f609f"}|0x4a4aa1da
16:24:53.0 (34046934)|VARIABLE_ASSIGNMENT|[EXTERNAL]|value|false
16:24:53.0 (34049546)|HEAP_ALLOCATE|[79]|Bytes:5
16:24:53.0 (34053040)|VARIABLE_ASSIGNMENT|[79]|this.checked|false|0x4a4aa1da
16:24:53.0 (34062924)|CONSTRUCTOR_EXIT|[16]|01p46000002wayn|<init>(Expense__c,Boolean)
16:24:53.0 (34069630)|HEAP_ALLOCATE|[EXTERNAL]|Bytes:4
16:24:53.0 (34078373)|HEAP_ALLOCATE|[14]|Bytes:5
16:24:53.0 (34095706)|HEAP_ALLOCATE|[14]|Bytes:40
16:24:53.0 (34100337)|VARIABLE_SCOPE_BEGIN|[14]|ex|Expense__c|true|false
16:24:53.0 (34117752)|VARIABLE_ASSIGNMENT|[14]|ex|{"Category__c":"Event Registration","RecordTypeId":"012460000005G1FAAU","Amount__c":3499,"Tax__c":454.87,"Submitted__c":true,"Employee__c":"00346000002ojVWAAY","Id":"a0F46000000Fp76EAC","RecordType":{"Name":"Business Trips","Id":"012460000005G1FAAU"},"Employee__r":{"Id":"00346000002ojVWAAY","Name":"Carol Ruiz","Birthdate":"2017-10-09T00:00:00.000Z"}}|0x17b7ba01
16:24:53.0 (34122716)|STATEMENT_EXECUTE|[14]
16:24:53.0 (34123951)|STATEMENT_EXECUTE|[15]
16:24:53.0 (34126702)|HEAP_ALLOCATE|[15]|Bytes:4
16:24:53.0 (34146463)|VARIABLE_ASSIGNMENT|[EXTERNAL]|this|{"queryString":"","wrappedExpenses":"0x7a44dfa6"}|0x2bef9a3c
16:24:53.0 (34152645)|HEAP_ALLOCATE|[EXTERNAL]|Bytes:4
16:24:53.0 (34156492)|VARIABLE_ASSIGNMENT|[EXTERNAL]|value|[]|0x7f702008
16:24:53.0 (34160724)|VARIABLE_ASSIGNMENT|[5]|this.wrappedExpenses|[]|0x2bef9a3c
16:24:53.0 (34165101)|STATEMENT_EXECUTE|[16]
16:24:53.0 (34174959)|VARIABLE_ASSIGNMENT|[EXTERNAL]|this|{"queryString":"","wrappedExpenses":"0x7f702008"}|0x2bef9a3c
16:24:53.0 (34180352)|HEAP_ALLOCATE|[16]|Bytes:12
16:24:53.0 (34186088)|CONSTRUCTOR_ENTRY|[16]|01p46000002wayn|<init>(Expense__c,Boolean)
16:24:53.0 (34188313)|VARIABLE_SCOPE_BEGIN|[81]|this|ExpenseController.ExpenseWrapper|true|false
16:24:53.0 (34195453)|VARIABLE_ASSIGNMENT|[81]|this|{}|0x41546746
16:24:53.0 (34196859)|VARIABLE_SCOPE_BEGIN|[81]|ex|Expense__c|true|false
16:24:53.0 (34210010)|VARIABLE_ASSIGNMENT|[81]|ex|{"Category__c":"Event Registration","RecordTypeId":"012460000005G1FAAU","Amount__c":3499,"Tax__c":454.87,"Submitted__c":true,"Employee__c":"00346000002ojVWAAY","Id":"a0F46000000Fp76EAC","RecordType":{"Name":"Business Trips","Id":"012460000005G1FAAU"},"Employee__r":{"Id":"00346000002ojVWAAY","Name":"Carol Ruiz","Birthdate":"2017-10-09T00:00:00.000Z"}}|0x17b7ba01
16:24:53.0 (34214290)|VARIABLE_SCOPE_BEGIN|[81]|check|Boolean|false|false
16:24:53.0 (34216773)|VARIABLE_ASSIGNMENT|[81]|check|false
16:24:53.0 (34219371)|STATEMENT_EXECUTE|[76]
16:24:53.0 (34220490)|STATEMENT_EXECUTE|[78]
16:24:53.0 (34221697)|STATEMENT_EXECUTE|[79]
16:24:53.0 (34229322)|STATEMENT_EXECUTE|[81]
16:24:53.0 (34230575)|STATEMENT_EXECUTE|[83]
16:24:53.0 (34239579)|VARIABLE_ASSIGNMENT|[EXTERNAL]|this|{}|0x41546746
16:24:53.0 (34252050)|VARIABLE_ASSIGNMENT|[EXTERNAL]|value|{"Category__c":"Event Registration","RecordTypeId":"012460000005G1FAAU","Amount__c":3499,"Tax__c":454.87,"Submitted__c":true,"Employee__c":"00346000002ojVWAAY","Id":"a0F46000000Fp76EAC","RecordType":{"Name":"Business Trips","Id":"012460000005G1FAAU"},"Employee__r":{"Id":"00346000002ojVWAAY","Name":"Carol Ruiz","Birthdate":"2017-10-09T00:00:00.000Z"}}|0x17b7ba01
16:24:53.0 (34266287)|VARIABLE_ASSIGNMENT|[78]|this.expense|{"Category__c":"Event Registration","RecordTypeId":"012460000005G1FAAU","Amount__c":3499,"Tax__c":454.87,"Submitted__c":true,"Employee__c":"00346000002ojVWAAY","Id":"a0F46000000Fp76EAC","RecordType":{"Name":"Business Trips","Id":"012460000005G1FAAU"},"Employee__r":{"Id":"00346000002ojVWAAY","Name":"Carol Ruiz","Birthdate":"2017-10-09T00:00:00.000Z"}}|0x41546746
16:24:53.0 (34271850)|STATEMENT_EXECUTE|[84]
16:24:53.0 (34281006)|VARIABLE_ASSIGNMENT|[EXTERNAL]|this|{"expense":"0x17b7ba01"}|0x41546746
16:24:53.0 (34284764)|VARIABLE_ASSIGNMENT|[EXTERNAL]|value|false
16:24:53.0 (34287430)|HEAP_ALLOCATE|[79]|Bytes:5
16:24:53.0 (34290655)|VARIABLE_ASSIGNMENT|[79]|this.checked|false|0x41546746
16:24:53.0 (34296797)|CONSTRUCTOR_EXIT|[16]|01p46000002wayn|<init>(Expense__c,Boolean)
16:24:53.0 (34302027)|HEAP_ALLOCATE|[EXTERNAL]|Bytes:4
16:24:53.0 (34309897)|HEAP_ALLOCATE|[14]|Bytes:5
16:24:53.0 (34325917)|HEAP_ALLOCATE|[14]|Bytes:40
16:24:53.0 (34330723)|VARIABLE_SCOPE_BEGIN|[14]|ex|Expense__c|true|false
16:24:53.0 (34343060)|VARIABLE_ASSIGNMENT|[14]|ex|{"Category__c":"Event Registration","RecordTypeId":"012460000005G1KAAU","Amount__c":5600,"Tax__c":728.00,"Submitted__c":false,"Employee__c":"00346000002oeLWAAY","Id":"a0F46000000FBc6EAG","RecordType":{"Name":"Client Meetings","Id":"012460000005G1KAAU"},"Employee__r":{"Id":"00346000002oeLWAAY","Name":"Paulo Acosta"}}|0x5da3d86
16:24:53.0 (34351528)|STATEMENT_EXECUTE|[14]
16:24:53.0 (34352720)|STATEMENT_EXECUTE|[15]
16:24:53.0 (34357890)|HEAP_ALLOCATE|[15]|Bytes:4
16:24:53.0 (34377305)|VARIABLE_ASSIGNMENT|[EXTERNAL]|this|{"queryString":"","wrappedExpenses":"0x7f702008"}|0x2bef9a3c
16:24:53.0 (34383475)|HEAP_ALLOCATE|[EXTERNAL]|Bytes:4
16:24:53.0 (34387948)|VARIABLE_ASSIGNMENT|[EXTERNAL]|value|[]|0x1d313925
16:24:53.0 (34392166)|VARIABLE_ASSIGNMENT|[5]|this.wrappedExpenses|[]|0x2bef9a3c
16:24:53.0 (34396209)|STATEMENT_EXECUTE|[16]
16:24:53.0 (34405774)|VARIABLE_ASSIGNMENT|[EXTERNAL]|this|{"queryString":"","wrappedExpenses":"0x1d313925"}|0x2bef9a3c
16:24:53.0 (34411224)|HEAP_ALLOCATE|[16]|Bytes:12
16:24:53.0 (34416901)|CONSTRUCTOR_ENTRY|[16]|01p46000002wayn|<init>(Expense__c,Boolean)
16:24:53.0 (34419307)|VARIABLE_SCOPE_BEGIN|[81]|this|ExpenseController.ExpenseWrapper|true|false
16:24:53.0 (34426255)|VARIABLE_ASSIGNMENT|[81]|this|{}|0x2ea1f28
16:24:53.0 (34427897)|VARIABLE_SCOPE_BEGIN|[81]|ex|Expense__c|true|false
16:24:53.0 (34438410)|VARIABLE_ASSIGNMENT|[81]|ex|{"Category__c":"Event Registration","RecordTypeId":"012460000005G1KAAU","Amount__c":5600,"Tax__c":728.00,"Submitted__c":false,"Employee__c":"00346000002oeLWAAY","Id":"a0F46000000FBc6EAG","RecordType":{"Name":"Client Meetings","Id":"012460000005G1KAAU"},"Employee__r":{"Id":"00346000002oeLWAAY","Name":"Paulo Acosta"}}|0x5da3d86
16:24:53.0 (34442607)|VARIABLE_SCOPE_BEGIN|[81]|check|Boolean|false|false
16:24:53.0 (34445356)|VARIABLE_ASSIGNMENT|[81]|check|false
16:24:53.0 (34447576)|STATEMENT_EXECUTE|[76]
16:24:53.0 (34448781)|STATEMENT_EXECUTE|[78]
16:24:53.0 (34449998)|STATEMENT_EXECUTE|[79]
16:24:53.0 (34457064)|STATEMENT_EXECUTE|[81]
16:24:53.0 (34458233)|STATEMENT_EXECUTE|[83]
16:24:53.0 (34466733)|VARIABLE_ASSIGNMENT|[EXTERNAL]|this|{}|0x2ea1f28
16:24:53.0 (34475783)|VARIABLE_ASSIGNMENT|[EXTERNAL]|value|{"Category__c":"Event Registration","RecordTypeId":"012460000005G1KAAU","Amount__c":5600,"Tax__c":728.00,"Submitted__c":false,"Employee__c":"00346000002oeLWAAY","Id":"a0F46000000FBc6EAG","RecordType":{"Name":"Client Meetings","Id":"012460000005G1KAAU"},"Employee__r":{"Id":"00346000002oeLWAAY","Name":"Paulo Acosta"}}|0x5da3d86
16:24:53.0 (34487353)|VARIABLE_ASSIGNMENT|[78]|this.expense|{"Category__c":"Event Registration","RecordTypeId":"012460000005G1KAAU","Amount__c":5600,"Tax__c":728.00,"Submitted__c":false,"Employee__c":"00346000002oeLWAAY","Id":"a0F46000000FBc6EAG","RecordType":{"Name":"Client Meetings","Id":"012460000005G1KAAU"},"Employee__r":{"Id":"00346000002oeLWAAY","Name":"Paulo Acosta"}}|0x2ea1f28
16:24:53.0 (34492768)|STATEMENT_EXECUTE|[84]
16:24:53.0 (34501014)|VARIABLE_ASSIGNMENT|[EXTERNAL]|this|{"expense":"0x5da3d86"}|0x2ea1f28
16:24:53.0 (34504617)|VARIABLE_ASSIGNMENT|[EXTERNAL]|value|false
16:24:53.0 (34506982)|HEAP_ALLOCATE|[79]|Bytes:5
16:24:53.0 (34509965)|VARIABLE_ASSIGNMENT|[79]|this.checked|false|0x2ea1f28
16:24:53.0 (34515728)|CONSTRUCTOR_EXIT|[16]|01p46000002wayn|<init>(Expense__c,Boolean)
16:24:53.0 (34520833)|HEAP_ALLOCATE|[EXTERNAL]|Bytes:4
16:24:53.0 (34528240)|HEAP_ALLOCATE|[14]|Bytes:5
16:24:53.0 (34543953)|HEAP_ALLOCATE|[14]|Bytes:40
16:24:53.0 (34548514)|VARIABLE_SCOPE_BEGIN|[14]|ex|Expense__c|true|false
16:24:53.0 (34565694)|VARIABLE_ASSIGNMENT|[14]|ex|{"Category__c":"Transportation","RecordTypeId":"012460000005G1FAAU","Amount__c":3500,"Tax__c":455.00,"Submitted__c":false,"Employee__c":"00346000002ojVWAAY","Id":"a0F46000000FBblEAG","RecordType":{"Name":"Business Trips","Id":"012460000005G1FAAU"},"Employee__r":{"Id":"00346000002ojVWAAY","Name":"Carol Ruiz","Birthdate":"2017-10-09T00:00:00.000Z"}}|0x640ff4c8
16:24:53.0 (34570457)|STATEMENT_EXECUTE|[14]
16:24:53.0 (34571692)|STATEMENT_EXECUTE|[15]
16:24:53.0 (34574421)|HEAP_ALLOCATE|[15]|Bytes:4
16:24:53.0 (34593426)|VARIABLE_ASSIGNMENT|[EXTERNAL]|this|{"queryString":"","wrappedExpenses":"0x1d313925"}|0x2bef9a3c
16:24:53.0 (34599254)|HEAP_ALLOCATE|[EXTERNAL]|Bytes:4
16:24:53.0 (34603068)|VARIABLE_ASSIGNMENT|[EXTERNAL]|value|[]|0x7c640f1d
16:24:53.0 (34607337)|VARIABLE_ASSIGNMENT|[5]|this.wrappedExpenses|[]|0x2bef9a3c
16:24:53.0 (34611188)|STATEMENT_EXECUTE|[16]
16:24:53.0 (34620561)|VARIABLE_ASSIGNMENT|[EXTERNAL]|this|{"queryString":"","wrappedExpenses":"0x7c640f1d"}|0x2bef9a3c
16:24:53.0 (34640419)|HEAP_ALLOCATE|[16]|Bytes:12
16:24:53.0 (34650057)|CONSTRUCTOR_ENTRY|[16]|01p46000002wayn|<init>(Expense__c,Boolean)
16:24:53.0 (34654669)|VARIABLE_SCOPE_BEGIN|[81]|this|ExpenseController.ExpenseWrapper|true|false
16:24:53.0 (34668296)|VARIABLE_ASSIGNMENT|[81]|this|{}|0x1ee82980
16:24:53.0 (34671116)|VARIABLE_SCOPE_BEGIN|[81]|ex|Expense__c|true|false
16:24:53.0 (34691178)|VARIABLE_ASSIGNMENT|[81]|ex|{"Category__c":"Transportation","RecordTypeId":"012460000005G1FAAU","Amount__c":3500,"Tax__c":455.00,"Submitted__c":false,"Employee__c":"00346000002ojVWAAY","Id":"a0F46000000FBblEAG","RecordType":{"Name":"Business Trips","Id":"012460000005G1FAAU"},"Employee__r":{"Id":"00346000002ojVWAAY","Name":"Carol Ruiz","Birthdate":"2017-10-09T00:00:00.000Z"}}|0x640ff4c8
16:24:53.0 (34696100)|VARIABLE_SCOPE_BEGIN|[81]|check|Boolean|false|false
16:24:53.0 (34698620)|VARIABLE_ASSIGNMENT|[81]|check|false
16:24:53.0 (34701644)|STATEMENT_EXECUTE|[76]
16:24:53.0 (34702937)|STATEMENT_EXECUTE|[78]
16:24:53.0 (34704165)|STATEMENT_EXECUTE|[79]
16:24:53.0 (34713001)|STATEMENT_EXECUTE|[81]
16:24:53.0 (34714262)|STATEMENT_EXECUTE|[83]
16:24:53.0 (34734731)|VARIABLE_ASSIGNMENT|[EXTERNAL]|this|{}|0x1ee82980
16:24:53.0 (34748620)|VARIABLE_ASSIGNMENT|[EXTERNAL]|value|{"Category__c":"Transportation","RecordTypeId":"012460000005G1FAAU","Amount__c":3500,"Tax__c":455.00,"Submitted__c":false,"Employee__c":"00346000002ojVWAAY","Id":"a0F46000000FBblEAG","RecordType":{"Name":"Business Trips","Id":"012460000005G1FAAU"},"Employee__r":{"Id":"00346000002ojVWAAY","Name":"Carol Ruiz","Birthdate":"2017-10-09T00:00:00.000Z"}}|0x640ff4c8
16:24:53.0 (34763526)|VARIABLE_ASSIGNMENT|[78]|this.expense|{"Category__c":"Transportation","RecordTypeId":"012460000005G1FAAU","Amount__c":3500,"Tax__c":455.00,"Submitted__c":false,"Employee__c":"00346000002ojVWAAY","Id":"a0F46000000FBblEAG","RecordType":{"Name":"Business Trips","Id":"012460000005G1FAAU"},"Employee__r":{"Id":"00346000002ojVWAAY","Name":"Carol Ruiz","Birthdate":"2017-10-09T00:00:00.000Z"}}|0x1ee82980
16:24:53.0 (34769828)|STATEMENT_EXECUTE|[84]
16:24:53.0 (34779805)|VARIABLE_ASSIGNMENT|[EXTERNAL]|this|{"expense":"0x640ff4c8"}|0x1ee82980
16:24:53.0 (34783782)|VARIABLE_ASSIGNMENT|[EXTERNAL]|value|false
16:24:53.0 (34786480)|HEAP_ALLOCATE|[79]|Bytes:5
16:24:53.0 (34789857)|VARIABLE_ASSIGNMENT|[79]|this.checked|false|0x1ee82980
16:24:53.0 (34796662)|CONSTRUCTOR_EXIT|[16]|01p46000002wayn|<init>(Expense__c,Boolean)
16:24:53.0 (34802906)|HEAP_ALLOCATE|[EXTERNAL]|Bytes:4
16:24:53.0 (34811384)|HEAP_ALLOCATE|[14]|Bytes:5
16:24:53.0 (34819760)|VARIABLE_ASSIGNMENT|[14]|ex|null|
16:24:53.0 (34823647)|STATEMENT_EXECUTE|[19]
16:24:53.0 (34836691)|VARIABLE_ASSIGNMENT|[EXTERNAL]|this|{"queryString":"","wrappedExpenses":"0x7c640f1d"}|0x2bef9a3c
16:24:53.0 (41259386)|VF_SERIALIZE_VIEWSTATE_BEGIN|06646000001BW08
16:24:53.0 (50292979)|VF_SERIALIZE_VIEWSTATE_END
16:24:53.0 (56297250)|CODE_UNIT_STARTED|[EXTERNAL]|Generate Metadata
16:24:53.0 (57169303)|CODE_UNIT_FINISHED|Generate Metadata
16:24:53.59 (59126438)|CUMULATIVE_LIMIT_USAGE
16:24:53.59 (59126438)|LIMIT_USAGE_FOR_NS|(default)|
  Number of SOQL queries: 2 out of 100
  Number of query rows: 10 out of 50000
  Number of SOSL queries: 0 out of 20
  Number of DML statements: 0 out of 150
  Number of DML rows: 0 out of 10000
  Maximum CPU time: 0 out of 10000
  Maximum heap size: 0 out of 6000000
  Number of callouts: 0 out of 100
  Number of Email Invocations: 0 out of 10
  Number of future calls: 0 out of 50
  Number of queueable jobs added to the queue: 0 out of 50
  Number of Mobile Apex push calls: 0 out of 10

16:24:53.59 (59126438)|CUMULATIVE_LIMIT_USAGE_END

16:24:53.0 (59160000)|CODE_UNIT_FINISHED|VF: /apex/ListOfEmployees
16:24:53.0 (59881431)|EXECUTION_FINISHED
