39.0 APEX_CODE,FINEST;APEX_PROFILING,INFO;CALLOUT,INFO;DB,INFO;SYSTEM,DEBUG;VALIDATION,INFO;VISUALFORCE,INFO;WAVE,INFO;WORKFLOW,INFO
14:51:38.0 (52601)|USER_INFO|[EXTERNAL]|00546000000Iihs|pacosta@altimetrik.com|Argentine Time|GMT-03:00
14:51:38.0 (75434)|EXECUTION_STARTED
14:51:38.0 (78708)|CODE_UNIT_STARTED|[EXTERNAL]|06646000001BW08|VF: /apex/ListOfEmployees
14:51:38.0 (174066)|VF_DESERIALIZE_VIEWSTATE_BEGIN|06646000001BW08
14:51:38.0 (5914426)|HEAP_ALLOCATE|[72]|Bytes:3
14:51:38.0 (5949732)|HEAP_ALLOCATE|[77]|Bytes:152
14:51:38.0 (5961018)|HEAP_ALLOCATE|[342]|Bytes:408
14:51:38.0 (5977948)|HEAP_ALLOCATE|[355]|Bytes:408
14:51:38.0 (5990939)|HEAP_ALLOCATE|[467]|Bytes:48
14:51:38.0 (6017670)|HEAP_ALLOCATE|[139]|Bytes:6
14:51:38.0 (8048343)|HEAP_ALLOCATE|[50]|Bytes:5
14:51:38.0 (8072960)|HEAP_ALLOCATE|[56]|Bytes:5
14:51:38.0 (8080314)|HEAP_ALLOCATE|[64]|Bytes:7
14:51:38.0 (10281465)|VF_DESERIALIZE_VIEWSTATE_END
14:51:38.0 (11111705)|SYSTEM_MODE_ENTER|true
14:51:38.0 (11351565)|HEAP_ALLOCATE|[EXTERNAL]|Bytes:140
14:51:38.0 (11358340)|HEAP_ALLOCATE|[EXTERNAL]|Bytes:46
14:51:38.0 (11366408)|METHOD_ENTRY|[1]|01p46000002wayn|ExpenseController.ExpenseController()
14:51:38.0 (11369706)|STATEMENT_EXECUTE|[1]
14:51:38.0 (11373599)|STATEMENT_EXECUTE|[1]
14:51:38.0 (11378320)|METHOD_EXIT|[1]|ExpenseController
14:51:38.0 (11386593)|HEAP_ALLOCATE|[EXTERNAL]|Bytes:24
14:51:38.0 (11393386)|VARIABLE_SCOPE_BEGIN|[17]|this|ExpenseController|true|false
14:51:38.0 (11456953)|VARIABLE_ASSIGNMENT|[17]|this|{"CountTotalRecords":7,"OffsetSize":0,"QueryLimit":3,"queryString":"","wrappedExpenses":"0x2ae120b"}|0x5ff1280c
14:51:38.0 (11465589)|STATEMENT_EXECUTE|[17]
14:51:38.0 (11466987)|STATEMENT_EXECUTE|[19]
14:51:38.0 (11470271)|HEAP_ALLOCATE|[19]|Bytes:161
14:51:38.0 (11475907)|HEAP_ALLOCATE|[22]|Bytes:33
14:51:38.0 (11531586)|HEAP_ALLOCATE|[22]|Bytes:1
14:51:38.0 (11541546)|HEAP_ALLOCATE|[22]|Bytes:8
14:51:38.0 (11549897)|HEAP_ALLOCATE|[22]|Bytes:1
14:51:38.0 (11561950)|HEAP_ALLOCATE|[19]|Bytes:204
14:51:38.0 (12392281)|SOQL_EXECUTE_BEGIN|[19]|Aggregations:0|SELECT Category__c, RecordType.Name, Amount__c, Tax__c, Client_Company__c, Submitted__c, Employee__r.Id, Employee__r.Name, Employee__r.Birthdate FROM Expense__c  ORDER BY Employee__r.Name LIMIT 3 OFFSET 0
14:51:38.0 (22188108)|SOQL_EXECUTE_END|[19]|Rows:3
14:51:38.0 (22204617)|HEAP_ALLOCATE|[19]|Bytes:16
14:51:38.0 (22237103)|HEAP_ALLOCATE|[19]|Bytes:895
14:51:38.0 (22285116)|HEAP_ALLOCATE|[19]|Bytes:16
14:51:38.0 (22302988)|VARIABLE_SCOPE_BEGIN|[19]|results|List<Expense__c>|true|false
14:51:38.0 (22363363)|VARIABLE_ASSIGNMENT|[19]|results|[{"Category__c":"Transportation","RecordTypeId":"012460000005G1FAAU","Amount__c":3500,"Tax__c":455.00,"Submitted__c":true,"Employee__c":"00346000002ojVWAAY","Id":"a0F46000000FBblEAG","RecordType":{"Name":"Business Trips","Id":"012460000005G1FAAU"},"Employee__r":{"Id":"00346000002ojVWAAY","Name":"Carol Ruiz","Birthdate":"2017-10-09T00:00:00.000Z"}},{"RecordTypeId":"012460000005G1FAAU","Amount__c":3000,"Tax__c":390.00,"Submitted__c":true,"Employee__c":"00346000002ojVWAAY","Id":"a0F46000000Fp6rEAC","RecordType":{"Name":"Business Trips","Id":"012460000005G1FAAU"},"Employee__r":{"Id":"00346000002ojVWAAY","Name":"Carol Ruiz","Birthdate":"2017-10-09T00:00:00.000Z"}},{"Category__c":"Event Registration","RecordTypeId":"012460000005G1FAAU","Amount__c":3499,"Tax__c":454.87,"Submitted__c":true,"Employee__c":"00346000002ojVWAAY","Id":"a0F46000000Fp76EAC","RecordType":{"Name":"Business Trips","Id":"012460000005G1FAAU"},"Employee__r":{"Id":"00346000002ojVWAAY","Name":"Carol Ruiz","Birthdate":"2017-10-09T00:00:00.000Z"}}]|0x3240c557
14:51:38.0 (22373190)|STATEMENT_EXECUTE|[25]
14:51:38.0 (22379677)|HEAP_ALLOCATE|[25]|Bytes:4
14:51:38.0 (22478792)|VARIABLE_ASSIGNMENT|[EXTERNAL]|this|{"CountTotalRecords":7,"OffsetSize":0,"QueryLimit":3,"queryString":"","wrappedExpenses":"0x2ae120b"}|0x5ff1280c
14:51:38.0 (22498904)|HEAP_ALLOCATE|[EXTERNAL]|Bytes:4
14:51:38.0 (22505215)|VARIABLE_ASSIGNMENT|[EXTERNAL]|value|[]|0x262ff9db
14:51:38.0 (22515764)|VARIABLE_ASSIGNMENT|[14]|this.wrappedExpenses|[]|0x5ff1280c
14:51:38.0 (22681966)|HEAP_ALLOCATE|[26]|Bytes:5
14:51:38.0 (22716395)|HEAP_ALLOCATE|[26]|Bytes:40
14:51:38.0 (22724617)|VARIABLE_SCOPE_BEGIN|[26]|ex|Expense__c|true|false
14:51:38.0 (22747764)|VARIABLE_ASSIGNMENT|[26]|ex|{"Category__c":"Transportation","RecordTypeId":"012460000005G1FAAU","Amount__c":3500,"Tax__c":455.00,"Submitted__c":true,"Employee__c":"00346000002ojVWAAY","Id":"a0F46000000FBblEAG","RecordType":{"Name":"Business Trips","Id":"012460000005G1FAAU"},"Employee__r":{"Id":"00346000002ojVWAAY","Name":"Carol Ruiz","Birthdate":"2017-10-09T00:00:00.000Z"}}|0x6608037a
14:51:38.0 (22752734)|STATEMENT_EXECUTE|[26]
14:51:38.0 (22754050)|STATEMENT_EXECUTE|[28]
14:51:38.0 (22796811)|VARIABLE_ASSIGNMENT|[EXTERNAL]|this|{"CountTotalRecords":7,"OffsetSize":0,"QueryLimit":3,"queryString":"","wrappedExpenses":"0x262ff9db"}|0x5ff1280c
14:51:38.0 (22810109)|HEAP_ALLOCATE|[28]|Bytes:112
14:51:38.0 (22814943)|HEAP_ALLOCATE|[28]|Bytes:5
14:51:38.0 (22842342)|METHOD_ENTRY|[1]|01p46000003buu6|ExpenseWrapper.ExpenseWrapper()
14:51:38.0 (22844542)|STATEMENT_EXECUTE|[1]
14:51:38.0 (22847809)|STATEMENT_EXECUTE|[1]
14:51:38.0 (22851674)|METHOD_EXIT|[1]|ExpenseWrapper
14:51:38.0 (22859659)|HEAP_ALLOCATE|[28]|Bytes:12
14:51:38.0 (22872440)|CONSTRUCTOR_ENTRY|[28]|01p46000003buu6|<init>(Expense__c,Boolean)
14:51:38.0 (22882601)|VARIABLE_SCOPE_BEGIN|[6]|this|ExpenseWrapper|true|false
14:51:38.0 (22902053)|VARIABLE_ASSIGNMENT|[6]|this|{}|0x2167c708
14:51:38.0 (22904907)|VARIABLE_SCOPE_BEGIN|[6]|ex|Expense__c|true|false
14:51:38.0 (22922401)|VARIABLE_ASSIGNMENT|[6]|ex|{"Category__c":"Transportation","RecordTypeId":"012460000005G1FAAU","Amount__c":3500,"Tax__c":455.00,"Submitted__c":true,"Employee__c":"00346000002ojVWAAY","Id":"a0F46000000FBblEAG","RecordType":{"Name":"Business Trips","Id":"012460000005G1FAAU"},"Employee__r":{"Id":"00346000002ojVWAAY","Name":"Carol Ruiz","Birthdate":"2017-10-09T00:00:00.000Z"}}|0x6608037a
14:51:38.0 (22928840)|VARIABLE_SCOPE_BEGIN|[6]|check|Boolean|false|false
14:51:38.0 (22931989)|VARIABLE_ASSIGNMENT|[6]|check|false
14:51:38.0 (22934947)|STATEMENT_EXECUTE|[1]
14:51:38.0 (22936056)|STATEMENT_EXECUTE|[3]
14:51:38.0 (22937190)|STATEMENT_EXECUTE|[4]
14:51:38.0 (22943892)|HEAP_ALLOCATE|[8]|Bytes:6
14:51:38.0 (22962120)|STATEMENT_EXECUTE|[6]
14:51:38.0 (22963523)|STATEMENT_EXECUTE|[8]
14:51:38.0 (23020113)|VARIABLE_ASSIGNMENT|[EXTERNAL]|this|{}|0x2167c708
14:51:38.0 (23038336)|VARIABLE_ASSIGNMENT|[EXTERNAL]|value|{"Category__c":"Transportation","RecordTypeId":"012460000005G1FAAU","Amount__c":3500,"Tax__c":455.00,"Submitted__c":true,"Employee__c":"00346000002ojVWAAY","Id":"a0F46000000FBblEAG","RecordType":{"Name":"Business Trips","Id":"012460000005G1FAAU"},"Employee__r":{"Id":"00346000002ojVWAAY","Name":"Carol Ruiz","Birthdate":"2017-10-09T00:00:00.000Z"}}|0x6608037a
14:51:38.0 (23055183)|VARIABLE_ASSIGNMENT|[3]|this.expense|{"Category__c":"Transportation","RecordTypeId":"012460000005G1FAAU","Amount__c":3500,"Tax__c":455.00,"Submitted__c":true,"Employee__c":"00346000002ojVWAAY","Id":"a0F46000000FBblEAG","RecordType":{"Name":"Business Trips","Id":"012460000005G1FAAU"},"Employee__r":{"Id":"00346000002ojVWAAY","Name":"Carol Ruiz","Birthdate":"2017-10-09T00:00:00.000Z"}}|0x2167c708
14:51:38.0 (23063339)|STATEMENT_EXECUTE|[9]
14:51:38.0 (23095709)|VARIABLE_ASSIGNMENT|[EXTERNAL]|this|{"expense":"0x6608037a"}|0x2167c708
14:51:38.0 (23101888)|VARIABLE_ASSIGNMENT|[EXTERNAL]|value|false
14:51:38.0 (23105848)|HEAP_ALLOCATE|[4]|Bytes:5
14:51:38.0 (23110395)|VARIABLE_ASSIGNMENT|[4]|this.checked|false|0x2167c708
14:51:38.0 (23118997)|CONSTRUCTOR_EXIT|[28]|01p46000003buu6|<init>(Expense__c,Boolean)
14:51:38.0 (23130438)|HEAP_ALLOCATE|[EXTERNAL]|Bytes:4
14:51:38.0 (23141081)|HEAP_ALLOCATE|[26]|Bytes:5
14:51:38.0 (23163251)|HEAP_ALLOCATE|[26]|Bytes:36
14:51:38.0 (23168875)|VARIABLE_SCOPE_BEGIN|[26]|ex|Expense__c|true|false
14:51:38.0 (23186562)|VARIABLE_ASSIGNMENT|[26]|ex|{"RecordTypeId":"012460000005G1FAAU","Amount__c":3000,"Tax__c":390.00,"Submitted__c":true,"Employee__c":"00346000002ojVWAAY","Id":"a0F46000000Fp6rEAC","RecordType":{"Name":"Business Trips","Id":"012460000005G1FAAU"},"Employee__r":{"Id":"00346000002ojVWAAY","Name":"Carol Ruiz","Birthdate":"2017-10-09T00:00:00.000Z"}}|0x2d6479d4
14:51:38.0 (23191145)|STATEMENT_EXECUTE|[26]
14:51:38.0 (23192285)|STATEMENT_EXECUTE|[28]
14:51:38.0 (23215968)|VARIABLE_ASSIGNMENT|[EXTERNAL]|this|{"CountTotalRecords":7,"OffsetSize":0,"QueryLimit":3,"queryString":"","wrappedExpenses":"0x262ff9db"}|0x5ff1280c
14:51:38.0 (23223804)|HEAP_ALLOCATE|[28]|Bytes:12
14:51:38.0 (23231111)|CONSTRUCTOR_ENTRY|[28]|01p46000003buu6|<init>(Expense__c,Boolean)
14:51:38.0 (23234035)|VARIABLE_SCOPE_BEGIN|[6]|this|ExpenseWrapper|true|false
14:51:38.0 (23242547)|VARIABLE_ASSIGNMENT|[6]|this|{}|0x328026d
14:51:38.0 (23244387)|VARIABLE_SCOPE_BEGIN|[6]|ex|Expense__c|true|false
14:51:38.0 (23256881)|VARIABLE_ASSIGNMENT|[6]|ex|{"RecordTypeId":"012460000005G1FAAU","Amount__c":3000,"Tax__c":390.00,"Submitted__c":true,"Employee__c":"00346000002ojVWAAY","Id":"a0F46000000Fp6rEAC","RecordType":{"Name":"Business Trips","Id":"012460000005G1FAAU"},"Employee__r":{"Id":"00346000002ojVWAAY","Name":"Carol Ruiz","Birthdate":"2017-10-09T00:00:00.000Z"}}|0x2d6479d4
14:51:38.0 (23261103)|VARIABLE_SCOPE_BEGIN|[6]|check|Boolean|false|false
14:51:38.0 (23264046)|VARIABLE_ASSIGNMENT|[6]|check|false
14:51:38.0 (23265989)|STATEMENT_EXECUTE|[1]
14:51:38.0 (23267136)|STATEMENT_EXECUTE|[3]
14:51:38.0 (23268278)|STATEMENT_EXECUTE|[4]
14:51:38.0 (23276722)|STATEMENT_EXECUTE|[6]
14:51:38.0 (23277843)|STATEMENT_EXECUTE|[8]
14:51:38.0 (23288403)|VARIABLE_ASSIGNMENT|[EXTERNAL]|this|{}|0x328026d
14:51:38.0 (23301449)|VARIABLE_ASSIGNMENT|[EXTERNAL]|value|{"RecordTypeId":"012460000005G1FAAU","Amount__c":3000,"Tax__c":390.00,"Submitted__c":true,"Employee__c":"00346000002ojVWAAY","Id":"a0F46000000Fp6rEAC","RecordType":{"Name":"Business Trips","Id":"012460000005G1FAAU"},"Employee__r":{"Id":"00346000002ojVWAAY","Name":"Carol Ruiz","Birthdate":"2017-10-09T00:00:00.000Z"}}|0x2d6479d4
14:51:38.0 (23314751)|VARIABLE_ASSIGNMENT|[3]|this.expense|{"RecordTypeId":"012460000005G1FAAU","Amount__c":3000,"Tax__c":390.00,"Submitted__c":true,"Employee__c":"00346000002ojVWAAY","Id":"a0F46000000Fp6rEAC","RecordType":{"Name":"Business Trips","Id":"012460000005G1FAAU"},"Employee__r":{"Id":"00346000002ojVWAAY","Name":"Carol Ruiz","Birthdate":"2017-10-09T00:00:00.000Z"}}|0x328026d
14:51:38.0 (23320141)|STATEMENT_EXECUTE|[9]
14:51:38.0 (23331201)|VARIABLE_ASSIGNMENT|[EXTERNAL]|this|{"expense":"0x2d6479d4"}|0x328026d
14:51:38.0 (23335168)|VARIABLE_ASSIGNMENT|[EXTERNAL]|value|false
14:51:38.0 (23337824)|HEAP_ALLOCATE|[4]|Bytes:5
14:51:38.0 (23341317)|VARIABLE_ASSIGNMENT|[4]|this.checked|false|0x328026d
14:51:38.0 (23348374)|CONSTRUCTOR_EXIT|[28]|01p46000003buu6|<init>(Expense__c,Boolean)
14:51:38.0 (23354844)|HEAP_ALLOCATE|[EXTERNAL]|Bytes:4
14:51:38.0 (23363689)|HEAP_ALLOCATE|[26]|Bytes:5
14:51:38.0 (23381012)|HEAP_ALLOCATE|[26]|Bytes:40
14:51:38.0 (23385947)|VARIABLE_SCOPE_BEGIN|[26]|ex|Expense__c|true|false
14:51:38.0 (23402504)|VARIABLE_ASSIGNMENT|[26]|ex|{"Category__c":"Event Registration","RecordTypeId":"012460000005G1FAAU","Amount__c":3499,"Tax__c":454.87,"Submitted__c":true,"Employee__c":"00346000002ojVWAAY","Id":"a0F46000000Fp76EAC","RecordType":{"Name":"Business Trips","Id":"012460000005G1FAAU"},"Employee__r":{"Id":"00346000002ojVWAAY","Name":"Carol Ruiz","Birthdate":"2017-10-09T00:00:00.000Z"}}|0x7dd118eb
14:51:38.0 (23406678)|STATEMENT_EXECUTE|[26]
14:51:38.0 (23407873)|STATEMENT_EXECUTE|[28]
14:51:38.0 (23429086)|VARIABLE_ASSIGNMENT|[EXTERNAL]|this|{"CountTotalRecords":7,"OffsetSize":0,"QueryLimit":3,"queryString":"","wrappedExpenses":"0x262ff9db"}|0x5ff1280c
14:51:38.0 (23436056)|HEAP_ALLOCATE|[28]|Bytes:12
14:51:38.0 (23442336)|CONSTRUCTOR_ENTRY|[28]|01p46000003buu6|<init>(Expense__c,Boolean)
14:51:38.0 (23444966)|VARIABLE_SCOPE_BEGIN|[6]|this|ExpenseWrapper|true|false
14:51:38.0 (23452935)|VARIABLE_ASSIGNMENT|[6]|this|{}|0x6715ffe0
14:51:38.0 (23454496)|VARIABLE_SCOPE_BEGIN|[6]|ex|Expense__c|true|false
14:51:38.0 (23467735)|VARIABLE_ASSIGNMENT|[6]|ex|{"Category__c":"Event Registration","RecordTypeId":"012460000005G1FAAU","Amount__c":3499,"Tax__c":454.87,"Submitted__c":true,"Employee__c":"00346000002ojVWAAY","Id":"a0F46000000Fp76EAC","RecordType":{"Name":"Business Trips","Id":"012460000005G1FAAU"},"Employee__r":{"Id":"00346000002ojVWAAY","Name":"Carol Ruiz","Birthdate":"2017-10-09T00:00:00.000Z"}}|0x7dd118eb
14:51:38.0 (23471864)|VARIABLE_SCOPE_BEGIN|[6]|check|Boolean|false|false
14:51:38.0 (23474701)|VARIABLE_ASSIGNMENT|[6]|check|false
14:51:38.0 (23476699)|STATEMENT_EXECUTE|[1]
14:51:38.0 (23477747)|STATEMENT_EXECUTE|[3]
14:51:38.0 (23478852)|STATEMENT_EXECUTE|[4]
14:51:38.0 (23486183)|STATEMENT_EXECUTE|[6]
14:51:38.0 (23487353)|STATEMENT_EXECUTE|[8]
14:51:38.0 (23497530)|VARIABLE_ASSIGNMENT|[EXTERNAL]|this|{}|0x6715ffe0
14:51:38.0 (23511338)|VARIABLE_ASSIGNMENT|[EXTERNAL]|value|{"Category__c":"Event Registration","RecordTypeId":"012460000005G1FAAU","Amount__c":3499,"Tax__c":454.87,"Submitted__c":true,"Employee__c":"00346000002ojVWAAY","Id":"a0F46000000Fp76EAC","RecordType":{"Name":"Business Trips","Id":"012460000005G1FAAU"},"Employee__r":{"Id":"00346000002ojVWAAY","Name":"Carol Ruiz","Birthdate":"2017-10-09T00:00:00.000Z"}}|0x7dd118eb
14:51:38.0 (23526031)|VARIABLE_ASSIGNMENT|[3]|this.expense|{"Category__c":"Event Registration","RecordTypeId":"012460000005G1FAAU","Amount__c":3499,"Tax__c":454.87,"Submitted__c":true,"Employee__c":"00346000002ojVWAAY","Id":"a0F46000000Fp76EAC","RecordType":{"Name":"Business Trips","Id":"012460000005G1FAAU"},"Employee__r":{"Id":"00346000002ojVWAAY","Name":"Carol Ruiz","Birthdate":"2017-10-09T00:00:00.000Z"}}|0x6715ffe0
14:51:38.0 (23531345)|STATEMENT_EXECUTE|[9]
14:51:38.0 (23541757)|VARIABLE_ASSIGNMENT|[EXTERNAL]|this|{"expense":"0x7dd118eb"}|0x6715ffe0
14:51:38.0 (23545814)|VARIABLE_ASSIGNMENT|[EXTERNAL]|value|false
14:51:38.0 (23548179)|HEAP_ALLOCATE|[4]|Bytes:5
14:51:38.0 (23551512)|VARIABLE_ASSIGNMENT|[4]|this.checked|false|0x6715ffe0
14:51:38.0 (23558068)|CONSTRUCTOR_EXIT|[28]|01p46000003buu6|<init>(Expense__c,Boolean)
14:51:38.0 (23563645)|HEAP_ALLOCATE|[EXTERNAL]|Bytes:4
14:51:38.0 (23571653)|HEAP_ALLOCATE|[26]|Bytes:5
14:51:38.0 (23579851)|VARIABLE_ASSIGNMENT|[26]|ex|null|
14:51:38.0 (23582626)|STATEMENT_EXECUTE|[32]
14:51:38.0 (23611109)|VARIABLE_ASSIGNMENT|[EXTERNAL]|this|{"CountTotalRecords":7,"OffsetSize":0,"QueryLimit":3,"queryString":"","wrappedExpenses":"0x262ff9db"}|0x5ff1280c
14:51:38.0 (24178601)|SYSTEM_MODE_ENTER|true
14:51:38.0 (24209657)|HEAP_ALLOCATE|[EXTERNAL]|Bytes:24
14:51:38.0 (24216216)|VARIABLE_SCOPE_BEGIN|[107]|this|ExpenseController|true|false
14:51:38.0 (24239906)|VARIABLE_ASSIGNMENT|[107]|this|{"CountTotalRecords":7,"OffsetSize":0,"QueryLimit":3,"queryString":"","wrappedExpenses":"0x262ff9db"}|0x5ff1280c
14:51:38.0 (24246510)|STATEMENT_EXECUTE|[107]
14:51:38.0 (24252696)|STATEMENT_EXECUTE|[111]
14:51:38.0 (24257260)|HEAP_ALLOCATE|[111]|Bytes:5
14:51:38.0 (24338033)|SYSTEM_MODE_ENTER|true
14:51:38.0 (24360332)|HEAP_ALLOCATE|[EXTERNAL]|Bytes:24
14:51:38.0 (24365558)|VARIABLE_SCOPE_BEGIN|[114]|this|ExpenseController|true|false
14:51:38.0 (24386280)|VARIABLE_ASSIGNMENT|[114]|this|{"CountTotalRecords":7,"OffsetSize":0,"QueryLimit":3,"queryString":"","wrappedExpenses":"0x262ff9db"}|0x5ff1280c
14:51:38.0 (24391616)|STATEMENT_EXECUTE|[114]
14:51:38.0 (24427468)|VARIABLE_ASSIGNMENT|[EXTERNAL]|this|{"CountTotalRecords":7,"OffsetSize":0,"QueryLimit":3,"queryString":"","wrappedExpenses":"0x262ff9db"}|0x5ff1280c
14:51:38.0 (24436448)|STATEMENT_EXECUTE|[115]
14:51:38.0 (24437542)|STATEMENT_EXECUTE|[116]
14:51:38.0 (24441966)|HEAP_ALLOCATE|[116]|Bytes:5
14:51:38.0 (24799159)|HEAP_ALLOCATE|[EXTERNAL]|Bytes:5
14:51:38.0 (24802832)|HEAP_ALLOCATE|[EXTERNAL]|Bytes:12
14:51:38.0 (24810182)|VARIABLE_ASSIGNMENT|[EXTERNAL]|this.checked|false|0x2167c708
14:51:38.0 (24850690)|HEAP_ALLOCATE|[EXTERNAL]|Bytes:5
14:51:38.0 (24853272)|HEAP_ALLOCATE|[EXTERNAL]|Bytes:12
14:51:38.0 (24858382)|VARIABLE_ASSIGNMENT|[EXTERNAL]|this.checked|false|0x328026d
14:51:38.0 (24893152)|HEAP_ALLOCATE|[EXTERNAL]|Bytes:5
14:51:38.0 (24895349)|HEAP_ALLOCATE|[EXTERNAL]|Bytes:12
14:51:38.0 (24899778)|VARIABLE_ASSIGNMENT|[EXTERNAL]|this.checked|false|0x6715ffe0
14:51:38.0 (25032726)|HEAP_ALLOCATE|[EXTERNAL]|Bytes:24
14:51:38.0 (25039619)|VARIABLE_SCOPE_BEGIN|[121]|this|ExpenseController|true|false
14:51:38.0 (25063623)|VARIABLE_ASSIGNMENT|[121]|this|{"CountTotalRecords":7,"OffsetSize":0,"QueryLimit":3,"queryString":"","wrappedExpenses":"0x262ff9db"}|0x5ff1280c
14:51:38.0 (25069717)|STATEMENT_EXECUTE|[121]
14:51:38.0 (25071165)|STATEMENT_EXECUTE|[122]
14:51:38.0 (25077380)|HEAP_ALLOCATE|[122]|Bytes:4
14:51:38.0 (25082581)|VARIABLE_ASSIGNMENT|[122]|this.OffsetSize|3|0x5ff1280c
14:51:38.0 (25084318)|STATEMENT_EXECUTE|[123]
14:51:38.0 (28204485)|SYSTEM_MODE_ENTER|true
14:51:38.0 (28226970)|HEAP_ALLOCATE|[EXTERNAL]|Bytes:96
14:51:38.0 (28232263)|HEAP_ALLOCATE|[EXTERNAL]|Bytes:6
14:51:38.0 (28238612)|METHOD_ENTRY|[1]|01p46000002ySm2|SaveAsPdfExtension.SaveAsPdfExtension()
14:51:38.0 (28240951)|STATEMENT_EXECUTE|[1]
14:51:38.0 (28243964)|STATEMENT_EXECUTE|[1]
14:51:38.0 (28247485)|METHOD_EXIT|[1]|SaveAsPdfExtension
14:51:38.0 (28434118)|SYSTEM_MODE_ENTER|true
14:51:38.0 (28468002)|HEAP_ALLOCATE|[EXTERNAL]|Bytes:24
14:51:38.0 (28472847)|VARIABLE_SCOPE_BEGIN|[17]|this|ExpenseController|true|false
14:51:38.0 (28499491)|VARIABLE_ASSIGNMENT|[17]|this|{"CountTotalRecords":7,"OffsetSize":3,"QueryLimit":3,"queryString":"","wrappedExpenses":"0x262ff9db"}|0x5ff1280c
14:51:38.0 (28505977)|STATEMENT_EXECUTE|[17]
14:51:38.0 (28507446)|STATEMENT_EXECUTE|[19]
14:51:38.0 (28526346)|HEAP_ALLOCATE|[22]|Bytes:1
14:51:38.0 (28539275)|HEAP_ALLOCATE|[22]|Bytes:1
14:51:38.0 (28551796)|HEAP_ALLOCATE|[19]|Bytes:204
14:51:38.0 (28896189)|SOQL_EXECUTE_BEGIN|[19]|Aggregations:0|SELECT Category__c, RecordType.Name, Amount__c, Tax__c, Client_Company__c, Submitted__c, Employee__r.Id, Employee__r.Name, Employee__r.Birthdate FROM Expense__c  ORDER BY Employee__r.Name LIMIT 3 OFFSET 3
14:51:38.0 (34756764)|SOQL_EXECUTE_END|[19]|Rows:3
14:51:38.0 (34771145)|HEAP_ALLOCATE|[19]|Bytes:16
14:51:38.0 (34801974)|HEAP_ALLOCATE|[19]|Bytes:1032
14:51:38.0 (34817089)|HEAP_ALLOCATE|[19]|Bytes:16
14:51:38.0 (34830686)|VARIABLE_SCOPE_BEGIN|[19]|results|List<Expense__c>|true|false
14:51:38.0 (34876086)|VARIABLE_ASSIGNMENT|[19]|results|[{"Category__c":"Transportation","RecordTypeId":"012460000005G1FAAU","Amount__c":4000,"Tax__c":520.00,"Submitted__c":true,"Employee__c":"00346000002ojVWAAY","Id":"a0F46000000FtpwEAC","RecordType":{"Name":"Business Trips","Id":"012460000005G1FAAU"},"Employee__r":{"Id":"00346000002ojVWAAY","Name":"Carol Ruiz","Birthdate":"2017-10-09T00:00:00.000Z"}},{"Category__c":"Road Meals","RecordTypeId":"012460000005G1KAAU","Amount__c":8900,"Tax__c":1157.00,"Submitted__c":true,"Employee__c":"00346000002ojeGAAQ","Id":"a0F46000000FmUwEAK","RecordType":{"Name":"Client Meetings","Id":"012460000005G1KAAU"},"Employee__r":{"Id":"00346000002ojeGAAQ","Name":"Paolo Smith"}},{"Category__c":"Lodging","RecordTypeId":"012460000005G1KAAU","Amount__c":4000,"Tax__c":520.00,"Client_Company__c":"At&t","Submitted__c":true,"Employee__c":"00346000002ojeGAAQ","Id":"a0F46000000Ftq1EAC","RecordType":{"Name":"Client Meetings","Id":"012460000005G1KAAU"},"Employee__r":{"Id":"00346000002ojeGAAQ","Name":"Paolo Smith"}}]|0x2d548649
14:51:38.0 (34884609)|STATEMENT_EXECUTE|[25]
14:51:38.0 (34889380)|HEAP_ALLOCATE|[25]|Bytes:4
14:51:38.0 (34928130)|VARIABLE_ASSIGNMENT|[EXTERNAL]|this|{"CountTotalRecords":7,"OffsetSize":3,"QueryLimit":3,"queryString":"","wrappedExpenses":"0x262ff9db"}|0x5ff1280c
14:51:38.0 (34938653)|HEAP_ALLOCATE|[EXTERNAL]|Bytes:4
14:51:38.0 (34943579)|VARIABLE_ASSIGNMENT|[EXTERNAL]|value|[]|0x4d538958
14:51:38.0 (34950408)|VARIABLE_ASSIGNMENT|[14]|this.wrappedExpenses|[]|0x5ff1280c
14:51:38.0 (34978023)|HEAP_ALLOCATE|[26]|Bytes:5
14:51:38.0 (35002513)|HEAP_ALLOCATE|[26]|Bytes:40
14:51:38.0 (35009773)|VARIABLE_SCOPE_BEGIN|[26]|ex|Expense__c|true|false
14:51:38.0 (35031089)|VARIABLE_ASSIGNMENT|[26]|ex|{"Category__c":"Transportation","RecordTypeId":"012460000005G1FAAU","Amount__c":4000,"Tax__c":520.00,"Submitted__c":true,"Employee__c":"00346000002ojVWAAY","Id":"a0F46000000FtpwEAC","RecordType":{"Name":"Business Trips","Id":"012460000005G1FAAU"},"Employee__r":{"Id":"00346000002ojVWAAY","Name":"Carol Ruiz","Birthdate":"2017-10-09T00:00:00.000Z"}}|0x6d3d098b
14:51:38.0 (35036009)|STATEMENT_EXECUTE|[26]
14:51:38.0 (35037366)|STATEMENT_EXECUTE|[28]
14:51:38.0 (35061443)|VARIABLE_ASSIGNMENT|[EXTERNAL]|this|{"CountTotalRecords":7,"OffsetSize":3,"QueryLimit":3,"queryString":"","wrappedExpenses":"0x4d538958"}|0x5ff1280c
14:51:38.0 (35069722)|HEAP_ALLOCATE|[28]|Bytes:12
14:51:38.0 (35078685)|CONSTRUCTOR_ENTRY|[28]|01p46000003buu6|<init>(Expense__c,Boolean)
14:51:38.0 (35082318)|VARIABLE_SCOPE_BEGIN|[6]|this|ExpenseWrapper|true|false
14:51:38.0 (35092396)|VARIABLE_ASSIGNMENT|[6]|this|{}|0x43ce577e
14:51:38.0 (35094124)|VARIABLE_SCOPE_BEGIN|[6]|ex|Expense__c|true|false
14:51:38.0 (35108553)|VARIABLE_ASSIGNMENT|[6]|ex|{"Category__c":"Transportation","RecordTypeId":"012460000005G1FAAU","Amount__c":4000,"Tax__c":520.00,"Submitted__c":true,"Employee__c":"00346000002ojVWAAY","Id":"a0F46000000FtpwEAC","RecordType":{"Name":"Business Trips","Id":"012460000005G1FAAU"},"Employee__r":{"Id":"00346000002ojVWAAY","Name":"Carol Ruiz","Birthdate":"2017-10-09T00:00:00.000Z"}}|0x6d3d098b
14:51:38.0 (35114215)|VARIABLE_SCOPE_BEGIN|[6]|check|Boolean|false|false
14:51:38.0 (35116950)|VARIABLE_ASSIGNMENT|[6]|check|false
14:51:38.0 (35119171)|STATEMENT_EXECUTE|[1]
14:51:38.0 (35120371)|STATEMENT_EXECUTE|[3]
14:51:38.0 (35121574)|STATEMENT_EXECUTE|[4]
14:51:38.0 (35131083)|STATEMENT_EXECUTE|[6]
14:51:38.0 (35132266)|STATEMENT_EXECUTE|[8]
14:51:38.0 (35143247)|VARIABLE_ASSIGNMENT|[EXTERNAL]|this|{}|0x43ce577e
14:51:38.0 (35156214)|VARIABLE_ASSIGNMENT|[EXTERNAL]|value|{"Category__c":"Transportation","RecordTypeId":"012460000005G1FAAU","Amount__c":4000,"Tax__c":520.00,"Submitted__c":true,"Employee__c":"00346000002ojVWAAY","Id":"a0F46000000FtpwEAC","RecordType":{"Name":"Business Trips","Id":"012460000005G1FAAU"},"Employee__r":{"Id":"00346000002ojVWAAY","Name":"Carol Ruiz","Birthdate":"2017-10-09T00:00:00.000Z"}}|0x6d3d098b
14:51:38.0 (35170842)|VARIABLE_ASSIGNMENT|[3]|this.expense|{"Category__c":"Transportation","RecordTypeId":"012460000005G1FAAU","Amount__c":4000,"Tax__c":520.00,"Submitted__c":true,"Employee__c":"00346000002ojVWAAY","Id":"a0F46000000FtpwEAC","RecordType":{"Name":"Business Trips","Id":"012460000005G1FAAU"},"Employee__r":{"Id":"00346000002ojVWAAY","Name":"Carol Ruiz","Birthdate":"2017-10-09T00:00:00.000Z"}}|0x43ce577e
14:51:38.0 (35176277)|STATEMENT_EXECUTE|[9]
14:51:38.0 (35187450)|VARIABLE_ASSIGNMENT|[EXTERNAL]|this|{"expense":"0x6d3d098b"}|0x43ce577e
14:51:38.0 (35191532)|VARIABLE_ASSIGNMENT|[EXTERNAL]|value|false
14:51:38.0 (35194557)|HEAP_ALLOCATE|[4]|Bytes:5
14:51:38.0 (35198819)|VARIABLE_ASSIGNMENT|[4]|this.checked|false|0x43ce577e
14:51:38.0 (35206661)|CONSTRUCTOR_EXIT|[28]|01p46000003buu6|<init>(Expense__c,Boolean)
14:51:38.0 (35213733)|HEAP_ALLOCATE|[EXTERNAL]|Bytes:4
14:51:38.0 (35222652)|HEAP_ALLOCATE|[26]|Bytes:5
14:51:38.0 (35241153)|HEAP_ALLOCATE|[26]|Bytes:40
14:51:38.0 (35246237)|VARIABLE_SCOPE_BEGIN|[26]|ex|Expense__c|true|false
14:51:38.0 (35260008)|VARIABLE_ASSIGNMENT|[26]|ex|{"Category__c":"Road Meals","RecordTypeId":"012460000005G1KAAU","Amount__c":8900,"Tax__c":1157.00,"Submitted__c":true,"Employee__c":"00346000002ojeGAAQ","Id":"a0F46000000FmUwEAK","RecordType":{"Name":"Client Meetings","Id":"012460000005G1KAAU"},"Employee__r":{"Id":"00346000002ojeGAAQ","Name":"Paolo Smith"}}|0x292532b9
14:51:38.0 (35264069)|STATEMENT_EXECUTE|[26]
14:51:38.0 (35265297)|STATEMENT_EXECUTE|[28]
14:51:38.0 (35285474)|VARIABLE_ASSIGNMENT|[EXTERNAL]|this|{"CountTotalRecords":7,"OffsetSize":3,"QueryLimit":3,"queryString":"","wrappedExpenses":"0x4d538958"}|0x5ff1280c
14:51:38.0 (35292631)|HEAP_ALLOCATE|[28]|Bytes:12
14:51:38.0 (35299339)|CONSTRUCTOR_ENTRY|[28]|01p46000003buu6|<init>(Expense__c,Boolean)
14:51:38.0 (35302177)|VARIABLE_SCOPE_BEGIN|[6]|this|ExpenseWrapper|true|false
14:51:38.0 (35310322)|VARIABLE_ASSIGNMENT|[6]|this|{}|0x4aa60d8e
14:51:38.0 (35311906)|VARIABLE_SCOPE_BEGIN|[6]|ex|Expense__c|true|false
14:51:38.0 (35321428)|VARIABLE_ASSIGNMENT|[6]|ex|{"Category__c":"Road Meals","RecordTypeId":"012460000005G1KAAU","Amount__c":8900,"Tax__c":1157.00,"Submitted__c":true,"Employee__c":"00346000002ojeGAAQ","Id":"a0F46000000FmUwEAK","RecordType":{"Name":"Client Meetings","Id":"012460000005G1KAAU"},"Employee__r":{"Id":"00346000002ojeGAAQ","Name":"Paolo Smith"}}|0x292532b9
14:51:38.0 (35325709)|VARIABLE_SCOPE_BEGIN|[6]|check|Boolean|false|false
14:51:38.0 (35328066)|VARIABLE_ASSIGNMENT|[6]|check|false
14:51:38.0 (35329928)|STATEMENT_EXECUTE|[1]
14:51:38.0 (35330946)|STATEMENT_EXECUTE|[3]
14:51:38.0 (35332037)|STATEMENT_EXECUTE|[4]
14:51:38.0 (35339523)|STATEMENT_EXECUTE|[6]
14:51:38.0 (35340684)|STATEMENT_EXECUTE|[8]
14:51:38.0 (35349786)|VARIABLE_ASSIGNMENT|[EXTERNAL]|this|{}|0x4aa60d8e
14:51:38.0 (35360067)|VARIABLE_ASSIGNMENT|[EXTERNAL]|value|{"Category__c":"Road Meals","RecordTypeId":"012460000005G1KAAU","Amount__c":8900,"Tax__c":1157.00,"Submitted__c":true,"Employee__c":"00346000002ojeGAAQ","Id":"a0F46000000FmUwEAK","RecordType":{"Name":"Client Meetings","Id":"012460000005G1KAAU"},"Employee__r":{"Id":"00346000002ojeGAAQ","Name":"Paolo Smith"}}|0x292532b9
14:51:38.0 (35372051)|VARIABLE_ASSIGNMENT|[3]|this.expense|{"Category__c":"Road Meals","RecordTypeId":"012460000005G1KAAU","Amount__c":8900,"Tax__c":1157.00,"Submitted__c":true,"Employee__c":"00346000002ojeGAAQ","Id":"a0F46000000FmUwEAK","RecordType":{"Name":"Client Meetings","Id":"012460000005G1KAAU"},"Employee__r":{"Id":"00346000002ojeGAAQ","Name":"Paolo Smith"}}|0x4aa60d8e
14:51:38.0 (35377053)|STATEMENT_EXECUTE|[9]
14:51:38.0 (35386716)|VARIABLE_ASSIGNMENT|[EXTERNAL]|this|{"expense":"0x292532b9"}|0x4aa60d8e
14:51:38.0 (35390277)|VARIABLE_ASSIGNMENT|[EXTERNAL]|value|false
14:51:38.0 (35392711)|HEAP_ALLOCATE|[4]|Bytes:5
14:51:38.0 (35396103)|VARIABLE_ASSIGNMENT|[4]|this.checked|false|0x4aa60d8e
14:51:38.0 (35402429)|CONSTRUCTOR_EXIT|[28]|01p46000003buu6|<init>(Expense__c,Boolean)
14:51:38.0 (35408686)|HEAP_ALLOCATE|[EXTERNAL]|Bytes:4
14:51:38.0 (35416796)|HEAP_ALLOCATE|[26]|Bytes:5
14:51:38.0 (35433364)|HEAP_ALLOCATE|[26]|Bytes:44
14:51:38.0 (35437729)|VARIABLE_SCOPE_BEGIN|[26]|ex|Expense__c|true|false
14:51:38.0 (35452187)|VARIABLE_ASSIGNMENT|[26]|ex|{"Category__c":"Lodging","RecordTypeId":"012460000005G1KAAU","Amount__c":4000,"Tax__c":520.00,"Client_Company__c":"At&t","Submitted__c":true,"Employee__c":"00346000002ojeGAAQ","Id":"a0F46000000Ftq1EAC","RecordType":{"Name":"Client Meetings","Id":"012460000005G1KAAU"},"Employee__r":{"Id":"00346000002ojeGAAQ","Name":"Paolo Smith"}}|0x67c350f0
14:51:38.0 (35456291)|STATEMENT_EXECUTE|[26]
14:51:38.0 (35457694)|STATEMENT_EXECUTE|[28]
14:51:38.0 (35477459)|VARIABLE_ASSIGNMENT|[EXTERNAL]|this|{"CountTotalRecords":7,"OffsetSize":3,"QueryLimit":3,"queryString":"","wrappedExpenses":"0x4d538958"}|0x5ff1280c
14:51:38.0 (35483977)|HEAP_ALLOCATE|[28]|Bytes:12
14:51:38.0 (35489983)|CONSTRUCTOR_ENTRY|[28]|01p46000003buu6|<init>(Expense__c,Boolean)
14:51:38.0 (35492618)|VARIABLE_SCOPE_BEGIN|[6]|this|ExpenseWrapper|true|false
14:51:38.0 (35499928)|VARIABLE_ASSIGNMENT|[6]|this|{}|0x4349ac5d
14:51:38.0 (35501349)|VARIABLE_SCOPE_BEGIN|[6]|ex|Expense__c|true|false
14:51:38.0 (35511493)|VARIABLE_ASSIGNMENT|[6]|ex|{"Category__c":"Lodging","RecordTypeId":"012460000005G1KAAU","Amount__c":4000,"Tax__c":520.00,"Client_Company__c":"At&t","Submitted__c":true,"Employee__c":"00346000002ojeGAAQ","Id":"a0F46000000Ftq1EAC","RecordType":{"Name":"Client Meetings","Id":"012460000005G1KAAU"},"Employee__r":{"Id":"00346000002ojeGAAQ","Name":"Paolo Smith"}}|0x67c350f0
14:51:38.0 (35516269)|VARIABLE_SCOPE_BEGIN|[6]|check|Boolean|false|false
14:51:38.0 (35518451)|VARIABLE_ASSIGNMENT|[6]|check|false
14:51:38.0 (35520294)|STATEMENT_EXECUTE|[1]
14:51:38.0 (35521338)|STATEMENT_EXECUTE|[3]
14:51:38.0 (35522480)|STATEMENT_EXECUTE|[4]
14:51:38.0 (35530038)|STATEMENT_EXECUTE|[6]
14:51:38.0 (35531119)|STATEMENT_EXECUTE|[8]
14:51:38.0 (35540141)|VARIABLE_ASSIGNMENT|[EXTERNAL]|this|{}|0x4349ac5d
14:51:38.0 (35549660)|VARIABLE_ASSIGNMENT|[EXTERNAL]|value|{"Category__c":"Lodging","RecordTypeId":"012460000005G1KAAU","Amount__c":4000,"Tax__c":520.00,"Client_Company__c":"At&t","Submitted__c":true,"Employee__c":"00346000002ojeGAAQ","Id":"a0F46000000Ftq1EAC","RecordType":{"Name":"Client Meetings","Id":"012460000005G1KAAU"},"Employee__r":{"Id":"00346000002ojeGAAQ","Name":"Paolo Smith"}}|0x67c350f0
14:51:38.0 (35563407)|VARIABLE_ASSIGNMENT|[3]|this.expense|{"Category__c":"Lodging","RecordTypeId":"012460000005G1KAAU","Amount__c":4000,"Tax__c":520.00,"Client_Company__c":"At&t","Submitted__c":true,"Employee__c":"00346000002ojeGAAQ","Id":"a0F46000000Ftq1EAC","RecordType":{"Name":"Client Meetings","Id":"012460000005G1KAAU"},"Employee__r":{"Id":"00346000002ojeGAAQ","Name":"Paolo Smith"}}|0x4349ac5d
14:51:38.0 (35568487)|STATEMENT_EXECUTE|[9]
14:51:38.0 (35577954)|VARIABLE_ASSIGNMENT|[EXTERNAL]|this|{"expense":"0x67c350f0"}|0x4349ac5d
14:51:38.0 (35581409)|VARIABLE_ASSIGNMENT|[EXTERNAL]|value|false
14:51:38.0 (35583773)|HEAP_ALLOCATE|[4]|Bytes:5
14:51:38.0 (35587054)|VARIABLE_ASSIGNMENT|[4]|this.checked|false|0x4349ac5d
14:51:38.0 (35593256)|CONSTRUCTOR_EXIT|[28]|01p46000003buu6|<init>(Expense__c,Boolean)
14:51:38.0 (35598801)|HEAP_ALLOCATE|[EXTERNAL]|Bytes:4
14:51:38.0 (35606464)|HEAP_ALLOCATE|[26]|Bytes:5
14:51:38.0 (35613765)|VARIABLE_ASSIGNMENT|[26]|ex|null|
14:51:38.0 (35616521)|STATEMENT_EXECUTE|[32]
14:51:38.0 (35634208)|VARIABLE_ASSIGNMENT|[EXTERNAL]|this|{"CountTotalRecords":7,"OffsetSize":3,"QueryLimit":3,"queryString":"","wrappedExpenses":"0x4d538958"}|0x5ff1280c
14:51:38.0 (37167107)|SYSTEM_MODE_ENTER|true
14:51:38.0 (37196418)|HEAP_ALLOCATE|[EXTERNAL]|Bytes:24
14:51:38.0 (37201898)|VARIABLE_SCOPE_BEGIN|[107]|this|ExpenseController|true|false
14:51:38.0 (37228455)|VARIABLE_ASSIGNMENT|[107]|this|{"CountTotalRecords":7,"OffsetSize":3,"QueryLimit":3,"queryString":"","wrappedExpenses":"0x4d538958"}|0x5ff1280c
14:51:38.0 (37235232)|STATEMENT_EXECUTE|[107]
14:51:38.0 (37239274)|STATEMENT_EXECUTE|[108]
14:51:38.0 (37240373)|STATEMENT_EXECUTE|[109]
14:51:38.0 (37245121)|HEAP_ALLOCATE|[109]|Bytes:5
14:51:38.0 (37645538)|SYSTEM_MODE_ENTER|true
14:51:38.0 (37669974)|HEAP_ALLOCATE|[EXTERNAL]|Bytes:24
14:51:38.0 (37674358)|VARIABLE_SCOPE_BEGIN|[114]|this|ExpenseController|true|false
14:51:38.0 (37698819)|VARIABLE_ASSIGNMENT|[114]|this|{"CountTotalRecords":7,"OffsetSize":3,"QueryLimit":3,"queryString":"","wrappedExpenses":"0x4d538958"}|0x5ff1280c
14:51:38.0 (37705031)|STATEMENT_EXECUTE|[114]
14:51:38.0 (37728249)|VARIABLE_ASSIGNMENT|[EXTERNAL]|this|{"CountTotalRecords":7,"OffsetSize":3,"QueryLimit":3,"queryString":"","wrappedExpenses":"0x4d538958"}|0x5ff1280c
14:51:38.0 (37736342)|STATEMENT_EXECUTE|[115]
14:51:38.0 (37737605)|STATEMENT_EXECUTE|[116]
14:51:38.0 (37742549)|HEAP_ALLOCATE|[116]|Bytes:5
14:51:38.0 (45464829)|VF_SERIALIZE_VIEWSTATE_BEGIN|06646000001BW08
14:51:38.0 (56272666)|VF_SERIALIZE_VIEWSTATE_END
14:51:38.0 (68544884)|CODE_UNIT_STARTED|[EXTERNAL]|Generate Metadata
14:51:38.0 (70048658)|CODE_UNIT_FINISHED|Generate Metadata
14:51:38.72 (72257216)|CUMULATIVE_LIMIT_USAGE
14:51:38.72 (72257216)|LIMIT_USAGE_FOR_NS|(default)|
  Number of SOQL queries: 2 out of 100
  Number of query rows: 6 out of 50000
  Number of SOSL queries: 0 out of 20
  Number of DML statements: 0 out of 150
  Number of DML rows: 0 out of 10000
  Maximum CPU time: 0 out of 10000
  Maximum heap size: 0 out of 6000000
  Number of callouts: 0 out of 100
  Number of Email Invocations: 0 out of 10
  Number of future calls: 0 out of 50
  Number of queueable jobs added to the queue: 0 out of 50
  Number of Mobile Apex push calls: 0 out of 10

14:51:38.72 (72257216)|CUMULATIVE_LIMIT_USAGE_END

14:51:38.0 (72301964)|CODE_UNIT_FINISHED|VF: /apex/ListOfEmployees
14:51:38.0 (73052199)|EXECUTION_FINISHED
