39.0 APEX_CODE,FINEST;APEX_PROFILING,INFO;CALLOUT,INFO;DB,INFO;SYSTEM,DEBUG;VALIDATION,INFO;VISUALFORCE,INFO;WAVE,INFO;WORKFLOW,INFO
14:51:12.0 (320377)|USER_INFO|[EXTERNAL]|00546000000Iihs|pacosta@altimetrik.com|Argentine Time|GMT-03:00
14:51:12.0 (341115)|EXECUTION_STARTED
14:51:12.0 (345973)|CODE_UNIT_STARTED|[EXTERNAL]|06646000001Bfzo|VF: /apex/showExpensesListForContact
14:51:12.0 (947014)|VF_DESERIALIZE_VIEWSTATE_BEGIN|06646000001Bfzo
14:51:12.0 (6445689)|HEAP_ALLOCATE|[72]|Bytes:3
14:51:12.0 (6484203)|HEAP_ALLOCATE|[77]|Bytes:152
14:51:12.0 (6500431)|HEAP_ALLOCATE|[342]|Bytes:408
14:51:12.0 (6513835)|HEAP_ALLOCATE|[355]|Bytes:408
14:51:12.0 (6528824)|HEAP_ALLOCATE|[467]|Bytes:48
14:51:12.0 (6554843)|HEAP_ALLOCATE|[139]|Bytes:6
14:51:12.0 (7904449)|VF_DESERIALIZE_VIEWSTATE_END
14:51:12.0 (8807693)|SYSTEM_MODE_ENTER|true
14:51:12.0 (9040788)|HEAP_ALLOCATE|[EXTERNAL]|Bytes:100
14:51:12.0 (9048214)|HEAP_ALLOCATE|[EXTERNAL]|Bytes:31
14:51:12.0 (9057624)|METHOD_ENTRY|[1]|01p46000002x5eL|showExpensesListForContactController.showExpensesListForContactController()
14:51:12.0 (9061065)|STATEMENT_EXECUTE|[1]
14:51:12.0 (9066621)|STATEMENT_EXECUTE|[1]
14:51:12.0 (9071476)|METHOD_EXIT|[1]|showExpensesListForContactController
14:51:12.0 (9080811)|HEAP_ALLOCATE|[EXTERNAL]|Bytes:24
14:51:12.0 (9091690)|VARIABLE_SCOPE_BEGIN|[26]|this|showExpensesListForContactController|true|false
14:51:12.0 (9146552)|VARIABLE_ASSIGNMENT|[26]|this|{"CountTotalRecords":7,"idContact":"00346000002ojVW","OffsetSize":3,"QueryLimit":3,"queryString":""}|0x1b994a48
14:51:12.0 (9159344)|STATEMENT_EXECUTE|[26]
14:51:12.0 (9160903)|STATEMENT_EXECUTE|[28]
14:51:12.0 (9165109)|HEAP_ALLOCATE|[28]|Bytes:136
14:51:12.0 (9172513)|HEAP_ALLOCATE|[30]|Bytes:1
14:51:12.0 (9175216)|HEAP_ALLOCATE|[31]|Bytes:7
14:51:12.0 (9235528)|HEAP_ALLOCATE|[31]|Bytes:1
14:51:12.0 (9253936)|HEAP_ALLOCATE|[28]|Bytes:160
14:51:12.0 (9256884)|HEAP_ALLOCATE|[31]|Bytes:8
14:51:12.0 (9268509)|HEAP_ALLOCATE|[31]|Bytes:1
14:51:12.0 (9278195)|HEAP_ALLOCATE|[28]|Bytes:9
14:51:12.0 (9281118)|HEAP_ALLOCATE|[28]|Bytes:169
14:51:12.0 (9318557)|HEAP_ALLOCATE|[50]|Bytes:5
14:51:12.0 (9339078)|HEAP_ALLOCATE|[56]|Bytes:5
14:51:12.0 (9344482)|HEAP_ALLOCATE|[64]|Bytes:7
14:51:12.0 (11862327)|SOQL_EXECUTE_BEGIN|[28]|Aggregations:0|SELECT id, Name, Category__c, RecordType.Name, Amount__c, Tax__c, Client_Company__c, Submitted__c FROM Expense__c WHERE Employee__r.Id='00346000002ojVW' LIMIT 3 OFFSET 3
14:51:12.0 (20171052)|SOQL_EXECUTE_END|[28]|Rows:1
14:51:12.0 (20191063)|HEAP_ALLOCATE|[28]|Bytes:8
14:51:12.0 (20213680)|HEAP_ALLOCATE|[28]|Bytes:325
14:51:12.0 (20251188)|HEAP_ALLOCATE|[28]|Bytes:8
14:51:12.0 (20268411)|VARIABLE_SCOPE_BEGIN|[28]|results|List<Expense__c>|true|false
14:51:12.0 (20301465)|VARIABLE_ASSIGNMENT|[28]|results|[{"Id":"a0F46000000FtpwEAC","Name":"Expense nueva","Category__c":"Transportation","RecordTypeId":"012460000005G1FAAU","Amount__c":4000,"Tax__c":520.00,"Submitted__c":true,"Employee__c":"00346000002ojVWAAY","RecordType":{"Name":"Business Trips","Id":"012460000005G1FAAU"}}]|0x6ae6d6f2
14:51:12.0 (20306708)|STATEMENT_EXECUTE|[33]
14:51:12.0 (20821386)|SYSTEM_MODE_ENTER|true
14:51:12.0 (20858832)|HEAP_ALLOCATE|[EXTERNAL]|Bytes:24
14:51:12.0 (20866601)|VARIABLE_SCOPE_BEGIN|[57]|this|showExpensesListForContactController|true|false
14:51:12.0 (20897846)|VARIABLE_ASSIGNMENT|[57]|this|{"CountTotalRecords":7,"idContact":"00346000002ojVW","OffsetSize":3,"QueryLimit":3,"queryString":""}|0x1b994a48
14:51:12.0 (20908559)|STATEMENT_EXECUTE|[57]
14:51:12.0 (20916573)|STATEMENT_EXECUTE|[58]
14:51:12.0 (20918047)|STATEMENT_EXECUTE|[59]
14:51:12.0 (20930087)|HEAP_ALLOCATE|[59]|Bytes:5
14:51:12.0 (21022032)|SYSTEM_MODE_ENTER|true
14:51:12.0 (21050395)|HEAP_ALLOCATE|[EXTERNAL]|Bytes:24
14:51:12.0 (21056073)|VARIABLE_SCOPE_BEGIN|[64]|this|showExpensesListForContactController|true|false
14:51:12.0 (21075941)|VARIABLE_ASSIGNMENT|[64]|this|{"CountTotalRecords":7,"idContact":"00346000002ojVW","OffsetSize":3,"QueryLimit":3,"queryString":""}|0x1b994a48
14:51:12.0 (21082800)|STATEMENT_EXECUTE|[64]
14:51:12.0 (21126578)|VARIABLE_ASSIGNMENT|[EXTERNAL]|this|{"CountTotalRecords":7,"idContact":"00346000002ojVW","OffsetSize":3,"QueryLimit":3,"queryString":""}|0x1b994a48
14:51:12.0 (21136869)|STATEMENT_EXECUTE|[65]
14:51:12.0 (21138314)|STATEMENT_EXECUTE|[66]
14:51:12.0 (21143363)|HEAP_ALLOCATE|[66]|Bytes:5
14:51:12.0 (21433723)|HEAP_ALLOCATE|[EXTERNAL]|Bytes:24
14:51:12.0 (21440334)|VARIABLE_SCOPE_BEGIN|[71]|this|showExpensesListForContactController|true|false
14:51:12.0 (21461259)|VARIABLE_ASSIGNMENT|[71]|this|{"CountTotalRecords":7,"idContact":"00346000002ojVW","OffsetSize":3,"QueryLimit":3,"queryString":""}|0x1b994a48
14:51:12.0 (21467771)|STATEMENT_EXECUTE|[71]
14:51:12.0 (21469330)|STATEMENT_EXECUTE|[72]
14:51:12.0 (21476948)|HEAP_ALLOCATE|[72]|Bytes:4
14:51:12.0 (21486491)|VARIABLE_ASSIGNMENT|[72]|this.OffsetSize|6|0x1b994a48
14:51:12.0 (21488425)|STATEMENT_EXECUTE|[73]
14:51:12.0 (24707429)|SYSTEM_MODE_ENTER|true
14:51:12.0 (24734380)|HEAP_ALLOCATE|[EXTERNAL]|Bytes:24
14:51:12.0 (24739502)|VARIABLE_SCOPE_BEGIN|[26]|this|showExpensesListForContactController|true|false
14:51:12.0 (24765316)|VARIABLE_ASSIGNMENT|[26]|this|{"CountTotalRecords":7,"idContact":"00346000002ojVW","OffsetSize":6,"QueryLimit":3,"queryString":""}|0x1b994a48
14:51:12.0 (24771642)|STATEMENT_EXECUTE|[26]
14:51:12.0 (24773193)|STATEMENT_EXECUTE|[28]
14:51:12.0 (24797434)|HEAP_ALLOCATE|[31]|Bytes:1
14:51:12.0 (24809649)|HEAP_ALLOCATE|[28]|Bytes:160
14:51:12.0 (24817872)|HEAP_ALLOCATE|[31]|Bytes:1
14:51:12.0 (24827769)|HEAP_ALLOCATE|[28]|Bytes:9
14:51:12.0 (24830508)|HEAP_ALLOCATE|[28]|Bytes:169
14:51:12.0 (25185064)|SOQL_EXECUTE_BEGIN|[28]|Aggregations:0|SELECT id, Name, Category__c, RecordType.Name, Amount__c, Tax__c, Client_Company__c, Submitted__c FROM Expense__c WHERE Employee__r.Id='00346000002ojVW' LIMIT 3 OFFSET 6
14:51:12.0 (28249197)|SOQL_EXECUTE_END|[28]|Rows:0
14:51:12.0 (28267715)|HEAP_ALLOCATE|[28]|Bytes:4
14:51:12.0 (28279624)|HEAP_ALLOCATE|[28]|Bytes:0
14:51:12.0 (28295757)|HEAP_ALLOCATE|[28]|Bytes:4
14:51:12.0 (28309162)|VARIABLE_SCOPE_BEGIN|[28]|results|List<Expense__c>|true|false
14:51:12.0 (28320466)|VARIABLE_ASSIGNMENT|[28]|results|[]|0x45d7541
14:51:12.0 (28323160)|STATEMENT_EXECUTE|[33]
14:51:12.0 (29723662)|SYSTEM_MODE_ENTER|true
14:51:12.0 (29756815)|HEAP_ALLOCATE|[EXTERNAL]|Bytes:24
14:51:12.0 (29762419)|VARIABLE_SCOPE_BEGIN|[57]|this|showExpensesListForContactController|true|false
14:51:12.0 (29787485)|VARIABLE_ASSIGNMENT|[57]|this|{"CountTotalRecords":7,"idContact":"00346000002ojVW","OffsetSize":6,"QueryLimit":3,"queryString":""}|0x1b994a48
14:51:12.0 (29794043)|STATEMENT_EXECUTE|[57]
14:51:12.0 (29798326)|STATEMENT_EXECUTE|[58]
14:51:12.0 (29800238)|STATEMENT_EXECUTE|[59]
14:51:12.0 (29806881)|HEAP_ALLOCATE|[59]|Bytes:5
14:51:12.0 (30198537)|SYSTEM_MODE_ENTER|true
14:51:12.0 (30227859)|HEAP_ALLOCATE|[EXTERNAL]|Bytes:24
14:51:12.0 (30232859)|VARIABLE_SCOPE_BEGIN|[64]|this|showExpensesListForContactController|true|false
14:51:12.0 (30257572)|VARIABLE_ASSIGNMENT|[64]|this|{"CountTotalRecords":7,"idContact":"00346000002ojVW","OffsetSize":6,"QueryLimit":3,"queryString":""}|0x1b994a48
14:51:12.0 (30264008)|STATEMENT_EXECUTE|[64]
14:51:12.0 (30291615)|VARIABLE_ASSIGNMENT|[EXTERNAL]|this|{"CountTotalRecords":7,"idContact":"00346000002ojVW","OffsetSize":6,"QueryLimit":3,"queryString":""}|0x1b994a48
14:51:12.0 (30301409)|STATEMENT_EXECUTE|[68]
14:51:12.0 (30306944)|HEAP_ALLOCATE|[68]|Bytes:5
14:51:12.0 (31645497)|VF_SERIALIZE_VIEWSTATE_BEGIN|06646000001Bfzo
14:51:12.0 (33404872)|VF_SERIALIZE_VIEWSTATE_END
14:51:12.35 (35182781)|CUMULATIVE_LIMIT_USAGE
14:51:12.35 (35182781)|LIMIT_USAGE_FOR_NS|(default)|
  Number of SOQL queries: 2 out of 100
  Number of query rows: 1 out of 50000
  Number of SOSL queries: 0 out of 20
  Number of DML statements: 0 out of 150
  Number of DML rows: 0 out of 10000
  Maximum CPU time: 0 out of 10000
  Maximum heap size: 0 out of 6000000
  Number of callouts: 0 out of 100
  Number of Email Invocations: 0 out of 10
  Number of future calls: 0 out of 50
  Number of queueable jobs added to the queue: 0 out of 50
  Number of Mobile Apex push calls: 0 out of 10

14:51:12.35 (35182781)|CUMULATIVE_LIMIT_USAGE_END

14:51:12.0 (35218333)|CODE_UNIT_FINISHED|VF: /apex/showExpensesListForContact
14:51:12.0 (35947905)|EXECUTION_FINISHED
