39.0 APEX_CODE,FINEST;APEX_PROFILING,INFO;CALLOUT,INFO;DB,INFO;SYSTEM,DEBUG;VALIDATION,INFO;VISUALFORCE,INFO;WAVE,INFO;WORKFLOW,INFO
17:18:57.0 (338522)|USER_INFO|[EXTERNAL]|00546000000Iihs|pacosta@altimetrik.com|Argentine Time|GMT-03:00
17:18:57.0 (364498)|EXECUTION_STARTED
17:18:57.0 (368484)|CODE_UNIT_STARTED|[EXTERNAL]|06646000001BW08|VF: /apex/ListOfEmployees
17:18:57.0 (8363023)|SYSTEM_MODE_ENTER|true
17:18:57.0 (8692207)|HEAP_ALLOCATE|[72]|Bytes:3
17:18:57.0 (8726696)|HEAP_ALLOCATE|[77]|Bytes:152
17:18:57.0 (8740439)|HEAP_ALLOCATE|[342]|Bytes:408
17:18:57.0 (8758683)|HEAP_ALLOCATE|[355]|Bytes:408
17:18:57.0 (8777454)|HEAP_ALLOCATE|[467]|Bytes:48
17:18:57.0 (8806252)|HEAP_ALLOCATE|[139]|Bytes:6
17:18:57.0 (8824238)|HEAP_ALLOCATE|[EXTERNAL]|Bytes:14
17:18:57.0 (8829777)|HEAP_ALLOCATE|[EXTERNAL]|Bytes:96
17:18:57.0 (8832353)|HEAP_ALLOCATE|[EXTERNAL]|Bytes:24
17:18:57.0 (8841873)|METHOD_ENTRY|[1]|01p46000002wayn|ExpenseController.ExpenseController()
17:18:57.0 (8849480)|STATEMENT_EXECUTE|[1]
17:18:57.0 (8855877)|STATEMENT_EXECUTE|[1]
17:18:57.0 (8857710)|STATEMENT_EXECUTE|[97]
17:18:57.0 (8863596)|METHOD_EXIT|[1]|ExpenseController
17:18:57.0 (8883088)|HEAP_ALLOCATE|[EXTERNAL]|Bytes:12
17:18:57.0 (8891625)|VARIABLE_SCOPE_BEGIN|[1]|this|ExpenseController|true|false
17:18:57.0 (8958458)|VARIABLE_ASSIGNMENT|[1]|this|{}|0x7809604f
17:18:57.0 (8971517)|HEAP_ALLOCATE|[3]|Bytes:6
17:18:57.0 (9016476)|STATEMENT_EXECUTE|[1]
17:18:57.0 (9019619)|STATEMENT_EXECUTE|[3]
17:18:57.0 (9036802)|VARIABLE_ASSIGNMENT|[3]|this.queryString|""|0x7809604f
17:18:57.0 (9040305)|STATEMENT_EXECUTE|[5]
17:18:57.0 (9099986)|SYSTEM_MODE_ENTER|true
17:18:57.0 (9141455)|HEAP_ALLOCATE|[EXTERNAL]|Bytes:12
17:18:57.0 (9147744)|VARIABLE_SCOPE_BEGIN|[8]|this|ExpenseController|true|false
17:18:57.0 (9166121)|VARIABLE_ASSIGNMENT|[8]|this|{"queryString":""}|0x7809604f
17:18:57.0 (9175627)|STATEMENT_EXECUTE|[8]
17:18:57.0 (9177261)|STATEMENT_EXECUTE|[10]
17:18:57.0 (9180448)|HEAP_ALLOCATE|[10]|Bytes:161
17:18:57.0 (9204008)|HEAP_ALLOCATE|[10]|Bytes:161
17:18:57.0 (9223946)|HEAP_ALLOCATE|[50]|Bytes:5
17:18:57.0 (9239667)|HEAP_ALLOCATE|[56]|Bytes:5
17:18:57.0 (9246794)|HEAP_ALLOCATE|[64]|Bytes:7
17:18:57.0 (12348158)|SOQL_EXECUTE_BEGIN|[10]|Aggregations:0|SELECT Category__c, RecordType.Name, Amount__c, Tax__c, Client_Company__c, Submitted__c, Employee__r.Id, Employee__r.Name, Employee__r.Birthdate FROM Expense__c 
17:18:57.0 (20094399)|SOQL_EXECUTE_END|[10]|Rows:7
17:18:57.0 (20111827)|HEAP_ALLOCATE|[10]|Bytes:32
17:18:57.0 (20162142)|HEAP_ALLOCATE|[10]|Bytes:2135
17:18:57.0 (20238102)|HEAP_ALLOCATE|[10]|Bytes:32
17:18:57.0 (20259671)|VARIABLE_SCOPE_BEGIN|[10]|results|List<Expense__c>|true|false
17:18:57.0 (20279247)|VARIABLE_ASSIGNMENT|[10]|results|"List of size 7 too large to display"|0x2b89b207
17:18:57.0 (20285793)|STATEMENT_EXECUTE|[15]
17:18:57.0 (20294373)|HEAP_ALLOCATE|[15]|Bytes:4
17:18:57.0 (20405655)|VARIABLE_ASSIGNMENT|[EXTERNAL]|this|{"queryString":""}|0x7809604f
17:18:57.0 (20422262)|HEAP_ALLOCATE|[EXTERNAL]|Bytes:4
17:18:57.0 (20429276)|VARIABLE_ASSIGNMENT|[EXTERNAL]|value|[]|0x6181fb9e
17:18:57.0 (20439303)|VARIABLE_ASSIGNMENT|[5]|this.wrappedExpenses|[]|0x7809604f
17:18:57.0 (20610158)|HEAP_ALLOCATE|[16]|Bytes:5
17:18:57.0 (20643275)|HEAP_ALLOCATE|[16]|Bytes:40
17:18:57.0 (20651302)|VARIABLE_SCOPE_BEGIN|[16]|ex|Expense__c|true|false
17:18:57.0 (20673220)|VARIABLE_ASSIGNMENT|[16]|ex|{"Category__c":"Road Meals","RecordTypeId":"012460000005G1KAAU","Amount__c":8900,"Tax__c":1157.00,"Submitted__c":true,"Employee__c":"00346000002ojeGAAQ","Id":"a0F46000000FmUwEAK","RecordType":{"Name":"Client Meetings","Id":"012460000005G1KAAU"},"Employee__r":{"Id":"00346000002ojeGAAQ","Name":"Paolo Smith"}}|0x1c96913a
17:18:57.0 (20678566)|STATEMENT_EXECUTE|[16]
17:18:57.0 (20679954)|STATEMENT_EXECUTE|[18]
17:18:57.0 (20710490)|VARIABLE_ASSIGNMENT|[EXTERNAL]|this|{"queryString":"","wrappedExpenses":"0x6181fb9e"}|0x7809604f
17:18:57.0 (20778587)|HEAP_ALLOCATE|[18]|Bytes:116
17:18:57.0 (20783792)|HEAP_ALLOCATE|[18]|Bytes:10
17:18:57.0 (20797124)|HEAP_ALLOCATE|[18]|Bytes:12
17:18:57.0 (20815527)|CONSTRUCTOR_ENTRY|[18]|01p46000002wayn|<init>(Expense__c,Boolean)
17:18:57.0 (20826321)|VARIABLE_SCOPE_BEGIN|[102]|this|ExpenseController.ExpenseWrapper|true|false
17:18:57.0 (20843805)|VARIABLE_ASSIGNMENT|[102]|this|{}|0x27515eb3
17:18:57.0 (20846287)|VARIABLE_SCOPE_BEGIN|[102]|ex|Expense__c|true|false
17:18:57.0 (20858452)|VARIABLE_ASSIGNMENT|[102]|ex|{"Category__c":"Road Meals","RecordTypeId":"012460000005G1KAAU","Amount__c":8900,"Tax__c":1157.00,"Submitted__c":true,"Employee__c":"00346000002ojeGAAQ","Id":"a0F46000000FmUwEAK","RecordType":{"Name":"Client Meetings","Id":"012460000005G1KAAU"},"Employee__r":{"Id":"00346000002ojeGAAQ","Name":"Paolo Smith"}}|0x1c96913a
17:18:57.0 (20863305)|VARIABLE_SCOPE_BEGIN|[102]|check|Boolean|false|false
17:18:57.0 (20866634)|VARIABLE_ASSIGNMENT|[102]|check|false
17:18:57.0 (20869714)|STATEMENT_EXECUTE|[97]
17:18:57.0 (20871269)|STATEMENT_EXECUTE|[99]
17:18:57.0 (20872662)|STATEMENT_EXECUTE|[100]
17:18:57.0 (20887304)|STATEMENT_EXECUTE|[102]
17:18:57.0 (20888569)|STATEMENT_EXECUTE|[104]
17:18:57.0 (20933120)|VARIABLE_ASSIGNMENT|[EXTERNAL]|this|{}|0x27515eb3
17:18:57.0 (20948937)|VARIABLE_ASSIGNMENT|[EXTERNAL]|value|{"Category__c":"Road Meals","RecordTypeId":"012460000005G1KAAU","Amount__c":8900,"Tax__c":1157.00,"Submitted__c":true,"Employee__c":"00346000002ojeGAAQ","Id":"a0F46000000FmUwEAK","RecordType":{"Name":"Client Meetings","Id":"012460000005G1KAAU"},"Employee__r":{"Id":"00346000002ojeGAAQ","Name":"Paolo Smith"}}|0x1c96913a
17:18:57.0 (20962247)|VARIABLE_ASSIGNMENT|[99]|this.expense|{"Category__c":"Road Meals","RecordTypeId":"012460000005G1KAAU","Amount__c":8900,"Tax__c":1157.00,"Submitted__c":true,"Employee__c":"00346000002ojeGAAQ","Id":"a0F46000000FmUwEAK","RecordType":{"Name":"Client Meetings","Id":"012460000005G1KAAU"},"Employee__r":{"Id":"00346000002ojeGAAQ","Name":"Paolo Smith"}}|0x27515eb3
17:18:57.0 (20968520)|STATEMENT_EXECUTE|[105]
17:18:57.0 (20992677)|VARIABLE_ASSIGNMENT|[EXTERNAL]|this|{"expense":"0x1c96913a"}|0x27515eb3
17:18:57.0 (20997541)|VARIABLE_ASSIGNMENT|[EXTERNAL]|value|false
17:18:57.0 (21004000)|HEAP_ALLOCATE|[100]|Bytes:5
17:18:57.0 (21010279)|VARIABLE_ASSIGNMENT|[100]|this.checked|false|0x27515eb3
17:18:57.0 (21020665)|CONSTRUCTOR_EXIT|[18]|01p46000002wayn|<init>(Expense__c,Boolean)
17:18:57.0 (21032073)|HEAP_ALLOCATE|[EXTERNAL]|Bytes:4
17:18:57.0 (21041206)|HEAP_ALLOCATE|[16]|Bytes:5
17:18:57.0 (21060184)|HEAP_ALLOCATE|[16]|Bytes:36
17:18:57.0 (21064962)|VARIABLE_SCOPE_BEGIN|[16]|ex|Expense__c|true|false
17:18:57.0 (21096136)|VARIABLE_ASSIGNMENT|[16]|ex|{"RecordTypeId":"012460000005G1FAAU","Amount__c":3000,"Tax__c":390.00,"Submitted__c":true,"Employee__c":"00346000002ojVWAAY","Id":"a0F46000000Fp6rEAC","RecordType":{"Name":"Business Trips","Id":"012460000005G1FAAU"},"Employee__r":{"Id":"00346000002ojVWAAY","Name":"Carol Ruiz","Birthdate":"2017-10-09T00:00:00.000Z"}}|0x40c9993d
17:18:57.0 (21100204)|STATEMENT_EXECUTE|[16]
17:18:57.0 (21101408)|STATEMENT_EXECUTE|[18]
17:18:57.0 (21116810)|VARIABLE_ASSIGNMENT|[EXTERNAL]|this|{"queryString":"","wrappedExpenses":"0x6181fb9e"}|0x7809604f
17:18:57.0 (21123701)|HEAP_ALLOCATE|[18]|Bytes:12
17:18:57.0 (21129975)|CONSTRUCTOR_ENTRY|[18]|01p46000002wayn|<init>(Expense__c,Boolean)
17:18:57.0 (21133479)|VARIABLE_SCOPE_BEGIN|[102]|this|ExpenseController.ExpenseWrapper|true|false
17:18:57.0 (21140519)|VARIABLE_ASSIGNMENT|[102]|this|{}|0x3f044274
17:18:57.0 (21141950)|VARIABLE_SCOPE_BEGIN|[102]|ex|Expense__c|true|false
17:18:57.0 (21153833)|VARIABLE_ASSIGNMENT|[102]|ex|{"RecordTypeId":"012460000005G1FAAU","Amount__c":3000,"Tax__c":390.00,"Submitted__c":true,"Employee__c":"00346000002ojVWAAY","Id":"a0F46000000Fp6rEAC","RecordType":{"Name":"Business Trips","Id":"012460000005G1FAAU"},"Employee__r":{"Id":"00346000002ojVWAAY","Name":"Carol Ruiz","Birthdate":"2017-10-09T00:00:00.000Z"}}|0x40c9993d
17:18:57.0 (21157429)|VARIABLE_SCOPE_BEGIN|[102]|check|Boolean|false|false
17:18:57.0 (21159705)|VARIABLE_ASSIGNMENT|[102]|check|false
17:18:57.0 (21161998)|STATEMENT_EXECUTE|[97]
17:18:57.0 (21163122)|STATEMENT_EXECUTE|[99]
17:18:57.0 (21164208)|STATEMENT_EXECUTE|[100]
17:18:57.0 (21171971)|STATEMENT_EXECUTE|[102]
17:18:57.0 (21173103)|STATEMENT_EXECUTE|[104]
17:18:57.0 (21180942)|VARIABLE_ASSIGNMENT|[EXTERNAL]|this|{}|0x3f044274
17:18:57.0 (21192005)|VARIABLE_ASSIGNMENT|[EXTERNAL]|value|{"RecordTypeId":"012460000005G1FAAU","Amount__c":3000,"Tax__c":390.00,"Submitted__c":true,"Employee__c":"00346000002ojVWAAY","Id":"a0F46000000Fp6rEAC","RecordType":{"Name":"Business Trips","Id":"012460000005G1FAAU"},"Employee__r":{"Id":"00346000002ojVWAAY","Name":"Carol Ruiz","Birthdate":"2017-10-09T00:00:00.000Z"}}|0x40c9993d
17:18:57.0 (21204552)|VARIABLE_ASSIGNMENT|[99]|this.expense|{"RecordTypeId":"012460000005G1FAAU","Amount__c":3000,"Tax__c":390.00,"Submitted__c":true,"Employee__c":"00346000002ojVWAAY","Id":"a0F46000000Fp6rEAC","RecordType":{"Name":"Business Trips","Id":"012460000005G1FAAU"},"Employee__r":{"Id":"00346000002ojVWAAY","Name":"Carol Ruiz","Birthdate":"2017-10-09T00:00:00.000Z"}}|0x3f044274
17:18:57.0 (21208883)|STATEMENT_EXECUTE|[105]
17:18:57.0 (21217079)|VARIABLE_ASSIGNMENT|[EXTERNAL]|this|{"expense":"0x40c9993d"}|0x3f044274
17:18:57.0 (21220625)|VARIABLE_ASSIGNMENT|[EXTERNAL]|value|false
17:18:57.0 (21222864)|HEAP_ALLOCATE|[100]|Bytes:5
17:18:57.0 (21225776)|VARIABLE_ASSIGNMENT|[100]|this.checked|false|0x3f044274
17:18:57.0 (21234952)|CONSTRUCTOR_EXIT|[18]|01p46000002wayn|<init>(Expense__c,Boolean)
17:18:57.0 (21242384)|HEAP_ALLOCATE|[EXTERNAL]|Bytes:4
17:18:57.0 (21250172)|HEAP_ALLOCATE|[16]|Bytes:5
17:18:57.0 (21266020)|HEAP_ALLOCATE|[16]|Bytes:40
17:18:57.0 (21270209)|VARIABLE_SCOPE_BEGIN|[16]|ex|Expense__c|true|false
17:18:57.0 (21287173)|VARIABLE_ASSIGNMENT|[16]|ex|{"Category__c":"Event Registration","RecordTypeId":"012460000005G1FAAU","Amount__c":3499,"Tax__c":454.87,"Submitted__c":true,"Employee__c":"00346000002ojVWAAY","Id":"a0F46000000Fp76EAC","RecordType":{"Name":"Business Trips","Id":"012460000005G1FAAU"},"Employee__r":{"Id":"00346000002ojVWAAY","Name":"Carol Ruiz","Birthdate":"2017-10-09T00:00:00.000Z"}}|0x7355bf0d
17:18:57.0 (21291093)|STATEMENT_EXECUTE|[16]
17:18:57.0 (21292158)|STATEMENT_EXECUTE|[18]
17:18:57.0 (21304418)|VARIABLE_ASSIGNMENT|[EXTERNAL]|this|{"queryString":"","wrappedExpenses":"0x6181fb9e"}|0x7809604f
17:18:57.0 (21310572)|HEAP_ALLOCATE|[18]|Bytes:12
17:18:57.0 (21316298)|CONSTRUCTOR_ENTRY|[18]|01p46000002wayn|<init>(Expense__c,Boolean)
17:18:57.0 (21318676)|VARIABLE_SCOPE_BEGIN|[102]|this|ExpenseController.ExpenseWrapper|true|false
17:18:57.0 (21325290)|VARIABLE_ASSIGNMENT|[102]|this|{}|0x3afaec7f
17:18:57.0 (21326557)|VARIABLE_SCOPE_BEGIN|[102]|ex|Expense__c|true|false
17:18:57.0 (21337999)|VARIABLE_ASSIGNMENT|[102]|ex|{"Category__c":"Event Registration","RecordTypeId":"012460000005G1FAAU","Amount__c":3499,"Tax__c":454.87,"Submitted__c":true,"Employee__c":"00346000002ojVWAAY","Id":"a0F46000000Fp76EAC","RecordType":{"Name":"Business Trips","Id":"012460000005G1FAAU"},"Employee__r":{"Id":"00346000002ojVWAAY","Name":"Carol Ruiz","Birthdate":"2017-10-09T00:00:00.000Z"}}|0x7355bf0d
17:18:57.0 (21341542)|VARIABLE_SCOPE_BEGIN|[102]|check|Boolean|false|false
17:18:57.0 (21343797)|VARIABLE_ASSIGNMENT|[102]|check|false
17:18:57.0 (21345982)|STATEMENT_EXECUTE|[97]
17:18:57.0 (21346984)|STATEMENT_EXECUTE|[99]
17:18:57.0 (21348149)|STATEMENT_EXECUTE|[100]
17:18:57.0 (21355009)|STATEMENT_EXECUTE|[102]
17:18:57.0 (21356044)|STATEMENT_EXECUTE|[104]
17:18:57.0 (21363566)|VARIABLE_ASSIGNMENT|[EXTERNAL]|this|{}|0x3afaec7f
17:18:57.0 (21374605)|VARIABLE_ASSIGNMENT|[EXTERNAL]|value|{"Category__c":"Event Registration","RecordTypeId":"012460000005G1FAAU","Amount__c":3499,"Tax__c":454.87,"Submitted__c":true,"Employee__c":"00346000002ojVWAAY","Id":"a0F46000000Fp76EAC","RecordType":{"Name":"Business Trips","Id":"012460000005G1FAAU"},"Employee__r":{"Id":"00346000002ojVWAAY","Name":"Carol Ruiz","Birthdate":"2017-10-09T00:00:00.000Z"}}|0x7355bf0d
17:18:57.0 (21385987)|VARIABLE_ASSIGNMENT|[99]|this.expense|{"Category__c":"Event Registration","RecordTypeId":"012460000005G1FAAU","Amount__c":3499,"Tax__c":454.87,"Submitted__c":true,"Employee__c":"00346000002ojVWAAY","Id":"a0F46000000Fp76EAC","RecordType":{"Name":"Business Trips","Id":"012460000005G1FAAU"},"Employee__r":{"Id":"00346000002ojVWAAY","Name":"Carol Ruiz","Birthdate":"2017-10-09T00:00:00.000Z"}}|0x3afaec7f
17:18:57.0 (21390786)|STATEMENT_EXECUTE|[105]
17:18:57.0 (21398835)|VARIABLE_ASSIGNMENT|[EXTERNAL]|this|{"expense":"0x7355bf0d"}|0x3afaec7f
17:18:57.0 (21402559)|VARIABLE_ASSIGNMENT|[EXTERNAL]|value|false
17:18:57.0 (21404665)|HEAP_ALLOCATE|[100]|Bytes:5
17:18:57.0 (21407595)|VARIABLE_ASSIGNMENT|[100]|this.checked|false|0x3afaec7f
17:18:57.0 (21412951)|CONSTRUCTOR_EXIT|[18]|01p46000002wayn|<init>(Expense__c,Boolean)
17:18:57.0 (21417187)|HEAP_ALLOCATE|[EXTERNAL]|Bytes:4
17:18:57.0 (21423304)|HEAP_ALLOCATE|[16]|Bytes:5
17:18:57.0 (21435941)|HEAP_ALLOCATE|[16]|Bytes:40
17:18:57.0 (21439725)|VARIABLE_SCOPE_BEGIN|[16]|ex|Expense__c|true|false
17:18:57.0 (21450534)|VARIABLE_ASSIGNMENT|[16]|ex|{"Category__c":"Event Registration","RecordTypeId":"012460000005G1KAAU","Amount__c":5600,"Tax__c":728.00,"Submitted__c":true,"Employee__c":"00346000002oeLWAAY","Id":"a0F46000000FBc6EAG","RecordType":{"Name":"Client Meetings","Id":"012460000005G1KAAU"},"Employee__r":{"Id":"00346000002oeLWAAY","Name":"Paulo Acosta"}}|0x79777363
17:18:57.0 (21454093)|STATEMENT_EXECUTE|[16]
17:18:57.0 (21455650)|STATEMENT_EXECUTE|[18]
17:18:57.0 (21465931)|VARIABLE_ASSIGNMENT|[EXTERNAL]|this|{"queryString":"","wrappedExpenses":"0x6181fb9e"}|0x7809604f
17:18:57.0 (21471652)|HEAP_ALLOCATE|[18]|Bytes:12
17:18:57.0 (21476559)|CONSTRUCTOR_ENTRY|[18]|01p46000002wayn|<init>(Expense__c,Boolean)
17:18:57.0 (21478473)|VARIABLE_SCOPE_BEGIN|[102]|this|ExpenseController.ExpenseWrapper|true|false
17:18:57.0 (21484565)|VARIABLE_ASSIGNMENT|[102]|this|{}|0x33860d8
17:18:57.0 (21486130)|VARIABLE_SCOPE_BEGIN|[102]|ex|Expense__c|true|false
17:18:57.0 (21494243)|VARIABLE_ASSIGNMENT|[102]|ex|{"Category__c":"Event Registration","RecordTypeId":"012460000005G1KAAU","Amount__c":5600,"Tax__c":728.00,"Submitted__c":true,"Employee__c":"00346000002oeLWAAY","Id":"a0F46000000FBc6EAG","RecordType":{"Name":"Client Meetings","Id":"012460000005G1KAAU"},"Employee__r":{"Id":"00346000002oeLWAAY","Name":"Paulo Acosta"}}|0x79777363
17:18:57.0 (21497302)|VARIABLE_SCOPE_BEGIN|[102]|check|Boolean|false|false
17:18:57.0 (21499216)|VARIABLE_ASSIGNMENT|[102]|check|false
17:18:57.0 (21501164)|STATEMENT_EXECUTE|[97]
17:18:57.0 (21502157)|STATEMENT_EXECUTE|[99]
17:18:57.0 (21503426)|STATEMENT_EXECUTE|[100]
17:18:57.0 (21509222)|STATEMENT_EXECUTE|[102]
17:18:57.0 (21510252)|STATEMENT_EXECUTE|[104]
17:18:57.0 (21517132)|VARIABLE_ASSIGNMENT|[EXTERNAL]|this|{}|0x33860d8
17:18:57.0 (21525271)|VARIABLE_ASSIGNMENT|[EXTERNAL]|value|{"Category__c":"Event Registration","RecordTypeId":"012460000005G1KAAU","Amount__c":5600,"Tax__c":728.00,"Submitted__c":true,"Employee__c":"00346000002oeLWAAY","Id":"a0F46000000FBc6EAG","RecordType":{"Name":"Client Meetings","Id":"012460000005G1KAAU"},"Employee__r":{"Id":"00346000002oeLWAAY","Name":"Paulo Acosta"}}|0x79777363
17:18:57.0 (21534617)|VARIABLE_ASSIGNMENT|[99]|this.expense|{"Category__c":"Event Registration","RecordTypeId":"012460000005G1KAAU","Amount__c":5600,"Tax__c":728.00,"Submitted__c":true,"Employee__c":"00346000002oeLWAAY","Id":"a0F46000000FBc6EAG","RecordType":{"Name":"Client Meetings","Id":"012460000005G1KAAU"},"Employee__r":{"Id":"00346000002oeLWAAY","Name":"Paulo Acosta"}}|0x33860d8
17:18:57.0 (21538709)|STATEMENT_EXECUTE|[105]
17:18:57.0 (21546359)|VARIABLE_ASSIGNMENT|[EXTERNAL]|this|{"expense":"0x79777363"}|0x33860d8
17:18:57.0 (21549449)|VARIABLE_ASSIGNMENT|[EXTERNAL]|value|false
17:18:57.0 (21551409)|HEAP_ALLOCATE|[100]|Bytes:5
17:18:57.0 (21554411)|VARIABLE_ASSIGNMENT|[100]|this.checked|false|0x33860d8
17:18:57.0 (21559308)|CONSTRUCTOR_EXIT|[18]|01p46000002wayn|<init>(Expense__c,Boolean)
17:18:57.0 (21563673)|HEAP_ALLOCATE|[EXTERNAL]|Bytes:4
17:18:57.0 (21569193)|HEAP_ALLOCATE|[16]|Bytes:5
17:18:57.0 (21580888)|HEAP_ALLOCATE|[16]|Bytes:40
17:18:57.0 (21583894)|VARIABLE_SCOPE_BEGIN|[16]|ex|Expense__c|true|false
17:18:57.0 (21597891)|VARIABLE_ASSIGNMENT|[16]|ex|{"Category__c":"Transportation","RecordTypeId":"012460000005G1FAAU","Amount__c":3500,"Tax__c":455.00,"Submitted__c":true,"Employee__c":"00346000002ojVWAAY","Id":"a0F46000000FBblEAG","RecordType":{"Name":"Business Trips","Id":"012460000005G1FAAU"},"Employee__r":{"Id":"00346000002ojVWAAY","Name":"Carol Ruiz","Birthdate":"2017-10-09T00:00:00.000Z"}}|0x51c02236
17:18:57.0 (21601756)|STATEMENT_EXECUTE|[16]
17:18:57.0 (21602791)|STATEMENT_EXECUTE|[18]
17:18:57.0 (21613637)|VARIABLE_ASSIGNMENT|[EXTERNAL]|this|{"queryString":"","wrappedExpenses":"0x6181fb9e"}|0x7809604f
17:18:57.0 (21618455)|HEAP_ALLOCATE|[18]|Bytes:12
17:18:57.0 (21623552)|CONSTRUCTOR_ENTRY|[18]|01p46000002wayn|<init>(Expense__c,Boolean)
17:18:57.0 (21625700)|VARIABLE_SCOPE_BEGIN|[102]|this|ExpenseController.ExpenseWrapper|true|false
17:18:57.0 (21631608)|VARIABLE_ASSIGNMENT|[102]|this|{}|0x5cc69b97
17:18:57.0 (21633003)|VARIABLE_SCOPE_BEGIN|[102]|ex|Expense__c|true|false
17:18:57.0 (21643994)|VARIABLE_ASSIGNMENT|[102]|ex|{"Category__c":"Transportation","RecordTypeId":"012460000005G1FAAU","Amount__c":3500,"Tax__c":455.00,"Submitted__c":true,"Employee__c":"00346000002ojVWAAY","Id":"a0F46000000FBblEAG","RecordType":{"Name":"Business Trips","Id":"012460000005G1FAAU"},"Employee__r":{"Id":"00346000002ojVWAAY","Name":"Carol Ruiz","Birthdate":"2017-10-09T00:00:00.000Z"}}|0x51c02236
17:18:57.0 (21652467)|VARIABLE_SCOPE_BEGIN|[102]|check|Boolean|false|false
17:18:57.0 (21654652)|VARIABLE_ASSIGNMENT|[102]|check|false
17:18:57.0 (21656821)|STATEMENT_EXECUTE|[97]
17:18:57.0 (21658165)|STATEMENT_EXECUTE|[99]
17:18:57.0 (21659203)|STATEMENT_EXECUTE|[100]
17:18:57.0 (21665310)|STATEMENT_EXECUTE|[102]
17:18:57.0 (21666334)|STATEMENT_EXECUTE|[104]
17:18:57.0 (21674098)|VARIABLE_ASSIGNMENT|[EXTERNAL]|this|{}|0x5cc69b97
17:18:57.0 (21685375)|VARIABLE_ASSIGNMENT|[EXTERNAL]|value|{"Category__c":"Transportation","RecordTypeId":"012460000005G1FAAU","Amount__c":3500,"Tax__c":455.00,"Submitted__c":true,"Employee__c":"00346000002ojVWAAY","Id":"a0F46000000FBblEAG","RecordType":{"Name":"Business Trips","Id":"012460000005G1FAAU"},"Employee__r":{"Id":"00346000002ojVWAAY","Name":"Carol Ruiz","Birthdate":"2017-10-09T00:00:00.000Z"}}|0x51c02236
17:18:57.0 (21696481)|VARIABLE_ASSIGNMENT|[99]|this.expense|{"Category__c":"Transportation","RecordTypeId":"012460000005G1FAAU","Amount__c":3500,"Tax__c":455.00,"Submitted__c":true,"Employee__c":"00346000002ojVWAAY","Id":"a0F46000000FBblEAG","RecordType":{"Name":"Business Trips","Id":"012460000005G1FAAU"},"Employee__r":{"Id":"00346000002ojVWAAY","Name":"Carol Ruiz","Birthdate":"2017-10-09T00:00:00.000Z"}}|0x5cc69b97
17:18:57.0 (21700801)|STATEMENT_EXECUTE|[105]
17:18:57.0 (21708703)|VARIABLE_ASSIGNMENT|[EXTERNAL]|this|{"expense":"0x51c02236"}|0x5cc69b97
17:18:57.0 (21712269)|VARIABLE_ASSIGNMENT|[EXTERNAL]|value|false
17:18:57.0 (21714284)|HEAP_ALLOCATE|[100]|Bytes:5
17:18:57.0 (21717102)|VARIABLE_ASSIGNMENT|[100]|this.checked|false|0x5cc69b97
17:18:57.0 (21722351)|CONSTRUCTOR_EXIT|[18]|01p46000002wayn|<init>(Expense__c,Boolean)
17:18:57.0 (21726516)|HEAP_ALLOCATE|[EXTERNAL]|Bytes:4
17:18:57.0 (21732321)|HEAP_ALLOCATE|[16]|Bytes:5
17:18:57.0 (21744816)|HEAP_ALLOCATE|[16]|Bytes:44
17:18:57.0 (21747999)|VARIABLE_SCOPE_BEGIN|[16]|ex|Expense__c|true|false
17:18:57.0 (21759048)|VARIABLE_ASSIGNMENT|[16]|ex|{"Category__c":"Lodging","RecordTypeId":"012460000005G1KAAU","Amount__c":4000,"Tax__c":520.00,"Client_Company__c":"At&t","Submitted__c":false,"Employee__c":"00346000002ojeGAAQ","Id":"a0F46000000Ftq1EAC","RecordType":{"Name":"Client Meetings","Id":"012460000005G1KAAU"},"Employee__r":{"Id":"00346000002ojeGAAQ","Name":"Paolo Smith"}}|0x5dcc4942
17:18:57.0 (21762783)|STATEMENT_EXECUTE|[16]
17:18:57.0 (21763955)|STATEMENT_EXECUTE|[18]
17:18:57.0 (21773984)|VARIABLE_ASSIGNMENT|[EXTERNAL]|this|{"queryString":"","wrappedExpenses":"0x6181fb9e"}|0x7809604f
17:18:57.0 (21778815)|HEAP_ALLOCATE|[18]|Bytes:12
17:18:57.0 (21783809)|CONSTRUCTOR_ENTRY|[18]|01p46000002wayn|<init>(Expense__c,Boolean)
17:18:57.0 (21785829)|VARIABLE_SCOPE_BEGIN|[102]|this|ExpenseController.ExpenseWrapper|true|false
17:18:57.0 (21791966)|VARIABLE_ASSIGNMENT|[102]|this|{}|0x414c7599
17:18:57.0 (21793289)|VARIABLE_SCOPE_BEGIN|[102]|ex|Expense__c|true|false
17:18:57.0 (21802070)|VARIABLE_ASSIGNMENT|[102]|ex|{"Category__c":"Lodging","RecordTypeId":"012460000005G1KAAU","Amount__c":4000,"Tax__c":520.00,"Client_Company__c":"At&t","Submitted__c":false,"Employee__c":"00346000002ojeGAAQ","Id":"a0F46000000Ftq1EAC","RecordType":{"Name":"Client Meetings","Id":"012460000005G1KAAU"},"Employee__r":{"Id":"00346000002ojeGAAQ","Name":"Paolo Smith"}}|0x5dcc4942
17:18:57.0 (21805388)|VARIABLE_SCOPE_BEGIN|[102]|check|Boolean|false|false
17:18:57.0 (21807325)|VARIABLE_ASSIGNMENT|[102]|check|false
17:18:57.0 (21809541)|STATEMENT_EXECUTE|[97]
17:18:57.0 (21810827)|STATEMENT_EXECUTE|[99]
17:18:57.0 (21811952)|STATEMENT_EXECUTE|[100]
17:18:57.0 (21817471)|STATEMENT_EXECUTE|[102]
17:18:57.0 (21818727)|STATEMENT_EXECUTE|[104]
17:18:57.0 (21825373)|VARIABLE_ASSIGNMENT|[EXTERNAL]|this|{}|0x414c7599
17:18:57.0 (21834424)|VARIABLE_ASSIGNMENT|[EXTERNAL]|value|{"Category__c":"Lodging","RecordTypeId":"012460000005G1KAAU","Amount__c":4000,"Tax__c":520.00,"Client_Company__c":"At&t","Submitted__c":false,"Employee__c":"00346000002ojeGAAQ","Id":"a0F46000000Ftq1EAC","RecordType":{"Name":"Client Meetings","Id":"012460000005G1KAAU"},"Employee__r":{"Id":"00346000002ojeGAAQ","Name":"Paolo Smith"}}|0x5dcc4942
17:18:57.0 (21844012)|VARIABLE_ASSIGNMENT|[99]|this.expense|{"Category__c":"Lodging","RecordTypeId":"012460000005G1KAAU","Amount__c":4000,"Tax__c":520.00,"Client_Company__c":"At&t","Submitted__c":false,"Employee__c":"00346000002ojeGAAQ","Id":"a0F46000000Ftq1EAC","RecordType":{"Name":"Client Meetings","Id":"012460000005G1KAAU"},"Employee__r":{"Id":"00346000002ojeGAAQ","Name":"Paolo Smith"}}|0x414c7599
17:18:57.0 (21847957)|STATEMENT_EXECUTE|[105]
17:18:57.0 (21855275)|VARIABLE_ASSIGNMENT|[EXTERNAL]|this|{"expense":"0x5dcc4942"}|0x414c7599
17:18:57.0 (21858236)|VARIABLE_ASSIGNMENT|[EXTERNAL]|value|false
17:18:57.0 (21860252)|HEAP_ALLOCATE|[100]|Bytes:5
17:18:57.0 (21863099)|VARIABLE_ASSIGNMENT|[100]|this.checked|false|0x414c7599
17:18:57.0 (21867983)|CONSTRUCTOR_EXIT|[18]|01p46000002wayn|<init>(Expense__c,Boolean)
17:18:57.0 (21872391)|HEAP_ALLOCATE|[EXTERNAL]|Bytes:4
17:18:57.0 (21878188)|HEAP_ALLOCATE|[16]|Bytes:5
17:18:57.0 (21889947)|HEAP_ALLOCATE|[16]|Bytes:40
17:18:57.0 (21893212)|VARIABLE_SCOPE_BEGIN|[16]|ex|Expense__c|true|false
17:18:57.0 (21906621)|VARIABLE_ASSIGNMENT|[16]|ex|{"Category__c":"Transportation","RecordTypeId":"012460000005G1FAAU","Amount__c":4000,"Tax__c":520.00,"Submitted__c":false,"Employee__c":"00346000002ojVWAAY","Id":"a0F46000000FtpwEAC","RecordType":{"Name":"Business Trips","Id":"012460000005G1FAAU"},"Employee__r":{"Id":"00346000002ojVWAAY","Name":"Carol Ruiz","Birthdate":"2017-10-09T00:00:00.000Z"}}|0x33f2821
17:18:57.0 (21910539)|STATEMENT_EXECUTE|[16]
17:18:57.0 (21911541)|STATEMENT_EXECUTE|[18]
17:18:57.0 (21922244)|VARIABLE_ASSIGNMENT|[EXTERNAL]|this|{"queryString":"","wrappedExpenses":"0x6181fb9e"}|0x7809604f
17:18:57.0 (21927195)|HEAP_ALLOCATE|[18]|Bytes:12
17:18:57.0 (21932055)|CONSTRUCTOR_ENTRY|[18]|01p46000002wayn|<init>(Expense__c,Boolean)
17:18:57.0 (21934113)|VARIABLE_SCOPE_BEGIN|[102]|this|ExpenseController.ExpenseWrapper|true|false
17:18:57.0 (21940098)|VARIABLE_ASSIGNMENT|[102]|this|{}|0x2c38f0db
17:18:57.0 (21945325)|VARIABLE_SCOPE_BEGIN|[102]|ex|Expense__c|true|false
17:18:57.0 (21956393)|VARIABLE_ASSIGNMENT|[102]|ex|{"Category__c":"Transportation","RecordTypeId":"012460000005G1FAAU","Amount__c":4000,"Tax__c":520.00,"Submitted__c":false,"Employee__c":"00346000002ojVWAAY","Id":"a0F46000000FtpwEAC","RecordType":{"Name":"Business Trips","Id":"012460000005G1FAAU"},"Employee__r":{"Id":"00346000002ojVWAAY","Name":"Carol Ruiz","Birthdate":"2017-10-09T00:00:00.000Z"}}|0x33f2821
17:18:57.0 (21960415)|VARIABLE_SCOPE_BEGIN|[102]|check|Boolean|false|false
17:18:57.0 (21962770)|VARIABLE_ASSIGNMENT|[102]|check|false
17:18:57.0 (21964879)|STATEMENT_EXECUTE|[97]
17:18:57.0 (21965890)|STATEMENT_EXECUTE|[99]
17:18:57.0 (21967234)|STATEMENT_EXECUTE|[100]
17:18:57.0 (21973182)|STATEMENT_EXECUTE|[102]
17:18:57.0 (21974246)|STATEMENT_EXECUTE|[104]
17:18:57.0 (21981751)|VARIABLE_ASSIGNMENT|[EXTERNAL]|this|{}|0x2c38f0db
17:18:57.0 (21992091)|VARIABLE_ASSIGNMENT|[EXTERNAL]|value|{"Category__c":"Transportation","RecordTypeId":"012460000005G1FAAU","Amount__c":4000,"Tax__c":520.00,"Submitted__c":false,"Employee__c":"00346000002ojVWAAY","Id":"a0F46000000FtpwEAC","RecordType":{"Name":"Business Trips","Id":"012460000005G1FAAU"},"Employee__r":{"Id":"00346000002ojVWAAY","Name":"Carol Ruiz","Birthdate":"2017-10-09T00:00:00.000Z"}}|0x33f2821
17:18:57.0 (22003239)|VARIABLE_ASSIGNMENT|[99]|this.expense|{"Category__c":"Transportation","RecordTypeId":"012460000005G1FAAU","Amount__c":4000,"Tax__c":520.00,"Submitted__c":false,"Employee__c":"00346000002ojVWAAY","Id":"a0F46000000FtpwEAC","RecordType":{"Name":"Business Trips","Id":"012460000005G1FAAU"},"Employee__r":{"Id":"00346000002ojVWAAY","Name":"Carol Ruiz","Birthdate":"2017-10-09T00:00:00.000Z"}}|0x2c38f0db
17:18:57.0 (22012046)|STATEMENT_EXECUTE|[105]
17:18:57.0 (22025689)|VARIABLE_ASSIGNMENT|[EXTERNAL]|this|{"expense":"0x33f2821"}|0x2c38f0db
17:18:57.0 (22029696)|VARIABLE_ASSIGNMENT|[EXTERNAL]|value|false
17:18:57.0 (22032116)|HEAP_ALLOCATE|[100]|Bytes:5
17:18:57.0 (22035283)|VARIABLE_ASSIGNMENT|[100]|this.checked|false|0x2c38f0db
17:18:57.0 (22041044)|CONSTRUCTOR_EXIT|[18]|01p46000002wayn|<init>(Expense__c,Boolean)
17:18:57.0 (22045651)|HEAP_ALLOCATE|[EXTERNAL]|Bytes:4
17:18:57.0 (22051706)|HEAP_ALLOCATE|[16]|Bytes:5
17:18:57.0 (22058201)|VARIABLE_ASSIGNMENT|[16]|ex|null|
17:18:57.0 (22061189)|STATEMENT_EXECUTE|[21]
17:18:57.0 (22080044)|VARIABLE_ASSIGNMENT|[EXTERNAL]|this|{"queryString":"","wrappedExpenses":"0x6181fb9e"}|0x7809604f
17:18:57.0 (39682313)|VF_SERIALIZE_VIEWSTATE_BEGIN|06646000001BW08
17:18:57.0 (49802692)|VF_SERIALIZE_VIEWSTATE_END
17:18:57.0 (95776099)|CODE_UNIT_STARTED|[EXTERNAL]|Generate Metadata
17:18:57.0 (98083145)|CODE_UNIT_FINISHED|Generate Metadata
17:18:57.100 (100596238)|CUMULATIVE_LIMIT_USAGE
17:18:57.100 (100596238)|LIMIT_USAGE_FOR_NS|(default)|
  Number of SOQL queries: 1 out of 100
  Number of query rows: 7 out of 50000
  Number of SOSL queries: 0 out of 20
  Number of DML statements: 0 out of 150
  Number of DML rows: 0 out of 10000
  Maximum CPU time: 0 out of 10000
  Maximum heap size: 0 out of 6000000
  Number of callouts: 0 out of 100
  Number of Email Invocations: 0 out of 10
  Number of future calls: 0 out of 50
  Number of queueable jobs added to the queue: 0 out of 50
  Number of Mobile Apex push calls: 0 out of 10

17:18:57.100 (100596238)|CUMULATIVE_LIMIT_USAGE_END

17:18:57.0 (100647210)|CODE_UNIT_FINISHED|VF: /apex/ListOfEmployees
17:18:57.0 (101374258)|EXECUTION_FINISHED
