39.0 APEX_CODE,FINEST;APEX_PROFILING,INFO;CALLOUT,INFO;DB,INFO;SYSTEM,DEBUG;VALIDATION,INFO;VISUALFORCE,INFO;WAVE,INFO;WORKFLOW,INFO
16:12:13.0 (368509)|USER_INFO|[EXTERNAL]|00546000000Iihs|pacosta@altimetrik.com|Argentine Time|GMT-03:00
16:12:13.0 (397617)|EXECUTION_STARTED
16:12:13.0 (401780)|CODE_UNIT_STARTED|[EXTERNAL]|Validation:Expense:new
16:12:13.0 (412211)|VALIDATION_RULE|03d46000000DMqh|InsertOtherValue
16:12:13.0 (685894)|VALIDATION_FORMULA|AND (IF (ISPICKVAL( Category__c , "Other"), true, false),  ISBLANK( Other__c ) )|Category__c=Road Meals , Other__c=null
16:12:13.0 (690658)|VALIDATION_PASS
16:12:13.0 (692825)|VALIDATION_RULE|03d46000000DP1e|SubmittedError
16:12:13.0 (826199)|VALIDATION_FORMULA|NOT(ISPICKVAL( Expense_Status__c , "NOT SUBMITTED"))|Expense_Status__c=NOT SUBMITTED
16:12:13.0 (830152)|VALIDATION_PASS
16:12:13.0 (866779)|CODE_UNIT_FINISHED|Validation:Expense:new
16:12:13.0 (872104)|EXECUTION_FINISHED
16:12:13.17 (17374081)|USER_INFO|[EXTERNAL]|00546000000Iihs|pacosta@altimetrik.com|Argentine Time|GMT-03:00
16:12:13.17 (17381526)|EXECUTION_STARTED
16:12:13.17 (17383464)|CODE_UNIT_STARTED|[EXTERNAL]|Workflow:01I46000000AdSk
16:12:13.17 (23822689)|WF_RULE_EVAL_BEGIN|Workflow
16:12:13.17 (23839871)|WF_CRITERIA_BEGIN|[Expense: Expense Number 5 a0F46000000Fp6w]|High_Value_Expense_Email_Alert30146000000Cjmi|01Q460000000EDT|ON_ALL_CHANGES|0
16:12:13.17 (24074420)|WF_FORMULA|Formula:ENCODED:[treatNullAsNull]true|Values:
16:12:13.17 (24078132)|WF_CRITERIA_END|true
16:12:13.17 (24546298)|WF_CRITERIA_BEGIN|[Expense: Expense Number 5 a0F46000000Fp6w]|Submitted_Expense_Update_Status30146000000CkoG|01Q460000000F5V|ON_ALL_CHANGES|0
16:12:13.17 (24578455)|WF_FORMULA|Formula:ENCODED:[treatNullAsNull]true|Values:
16:12:13.17 (24580693)|WF_CRITERIA_END|true
16:12:13.17 (24591744)|WF_SPOOL_ACTION_BEGIN|Workflow
16:12:13.17 (24608870)|WF_ACTION| Flow Trigger: 2;
16:12:13.17 (24610364)|WF_RULE_EVAL_END
16:12:13.17 (25023959)|WF_FLOW_ACTION_BEGIN|09L46000000LqqY
16:12:13.25 (25891854)|FLOW_CREATE_INTERVIEW_BEGIN|00D46000000buVW|30046000000Gs2p|30146000000CkoG
16:12:13.25 (27357758)|FLOW_CREATE_INTERVIEW_END|1316d00276220349b03761af367715af7643330-464b|Submitted Expense Update Status
16:12:13.27 (27716722)|FLOW_START_INTERVIEWS_BEGIN|1
16:12:13.27 (28496762)|FLOW_START_INTERVIEW_BEGIN|1316d00276220349b03761af367715af7643330-464b|Submitted Expense Update Status
16:12:13.27 (29319439)|FLOW_START_INTERVIEW_END|1316d00276220349b03761af367715af7643330-464b|Submitted Expense Update Status
16:12:13.44 (44758964)|CODE_UNIT_STARTED|[EXTERNAL]|Validation:Expense:a0F46000000Fp6w
16:12:13.44 (44770400)|VALIDATION_RULE|03d46000000DMqh|InsertOtherValue
16:12:13.44 (44881838)|VALIDATION_FORMULA|AND (IF (ISPICKVAL( Category__c , "Other"), true, false),  ISBLANK( Other__c ) )|Category__c=Road Meals , Other__c=null
16:12:13.44 (44885848)|VALIDATION_PASS
16:12:13.44 (44887578)|VALIDATION_RULE|03d46000000DP1e|SubmittedError
16:12:13.44 (44941655)|VALIDATION_FORMULA|NOT(ISPICKVAL( Expense_Status__c , "NOT SUBMITTED"))|Expense_Status__c=SUBMITTED
16:12:13.44 (44948462)|VALIDATION_FAIL
16:12:13.44 (44977635)|CODE_UNIT_FINISHED|Validation:Expense:a0F46000000Fp6w
16:12:13.27 (45950628)|FLOW_ELEMENT_ERROR|The flow tried to update these records: null. This error occurred: FIELD_CUSTOM_VALIDATION_EXCEPTION: Submitted Expenses cannot be Deleted or Updated. For details, see <a href='https://developer.salesforce.com/docs/atlas.en-us.api.meta/api/sforce_api_calls_concepts_core_data_objects.htm#'>API Exceptions</a>.|FlowRecordUpdate|myRule_1_A1
16:12:13.27 (59851112)|FLOW_START_INTERVIEWS_END|1
16:12:13.17 (59896145)|WF_FLOW_ACTION_ERROR|09L46000000LqqY|30046000000Gs2p|Error executing flow: Submitted_Expense_Update_Status, FlowDefId: 30046000000Gs2p, FlowVersionId: 30146000000CkoG
16:12:13.17 (59910425)|WF_FLOW_ACTION_ERROR_DETAIL|<b>An unhandled fault has occurred in this flow</b><br>An unhandled fault has occurred while processing the flow.  Please contact your system administrator for more information.
16:12:13.17 (60032349)|WF_FLOW_ACTION_END|09L46000000LqqY
16:12:13.17 (60043136)|CODE_UNIT_FINISHED|Workflow:01I46000000AdSk
16:12:13.17 (60817181)|EXECUTION_FINISHED
