39.0 APEX_CODE,FINEST;APEX_PROFILING,INFO;CALLOUT,INFO;DB,INFO;SYSTEM,DEBUG;VALIDATION,INFO;VISUALFORCE,INFO;WAVE,INFO;WORKFLOW,INFO
14:51:09.0 (58462)|USER_INFO|[EXTERNAL]|00546000000Iihs|pacosta@altimetrik.com|Argentine Time|GMT-03:00
14:51:09.0 (83787)|EXECUTION_STARTED
14:51:09.0 (90408)|CODE_UNIT_STARTED|[EXTERNAL]|06646000001Bfzo|VF: /apex/showExpensesListForContact
14:51:09.0 (4668130)|SYSTEM_MODE_ENTER|true
14:51:09.0 (4966703)|HEAP_ALLOCATE|[72]|Bytes:3
14:51:09.0 (5006825)|HEAP_ALLOCATE|[77]|Bytes:152
14:51:09.0 (5021120)|HEAP_ALLOCATE|[342]|Bytes:408
14:51:09.0 (5038634)|HEAP_ALLOCATE|[355]|Bytes:408
14:51:09.0 (5052064)|HEAP_ALLOCATE|[467]|Bytes:48
14:51:09.0 (5078189)|HEAP_ALLOCATE|[139]|Bytes:6
14:51:09.0 (5134951)|HEAP_ALLOCATE|[EXTERNAL]|Bytes:100
14:51:09.0 (5141220)|HEAP_ALLOCATE|[EXTERNAL]|Bytes:31
14:51:09.0 (5148232)|METHOD_ENTRY|[1]|01p46000002x5eL|showExpensesListForContactController.showExpensesListForContactController()
14:51:09.0 (5152028)|STATEMENT_EXECUTE|[1]
14:51:09.0 (5156709)|STATEMENT_EXECUTE|[1]
14:51:09.0 (5160293)|METHOD_EXIT|[1]|showExpensesListForContactController
14:51:09.0 (5166862)|HEAP_ALLOCATE|[EXTERNAL]|Bytes:24
14:51:09.0 (5172810)|VARIABLE_SCOPE_BEGIN|[12]|this|showExpensesListForContactController|true|false
14:51:09.0 (5216554)|VARIABLE_ASSIGNMENT|[12]|this|{}|0x9797fd4
14:51:09.0 (5222653)|STATEMENT_EXECUTE|[1]
14:51:09.0 (5223920)|STATEMENT_EXECUTE|[3]
14:51:09.0 (5238052)|VARIABLE_ASSIGNMENT|[3]|this.queryString|""|0x9797fd4
14:51:09.0 (5240093)|STATEMENT_EXECUTE|[5]
14:51:09.0 (5241191)|STATEMENT_EXECUTE|[7]
14:51:09.0 (5271729)|HEAP_ALLOCATE|[50]|Bytes:5
14:51:09.0 (5291681)|HEAP_ALLOCATE|[56]|Bytes:5
14:51:09.0 (5297743)|HEAP_ALLOCATE|[64]|Bytes:7
14:51:09.0 (5385578)|HEAP_ALLOCATE|[7]|Bytes:53
14:51:09.0 (5454100)|HEAP_ALLOCATE|[7]|Bytes:17
14:51:09.0 (5471590)|HEAP_ALLOCATE|[7]|Bytes:2
14:51:09.0 (5502838)|VARIABLE_ASSIGNMENT|[7]|this.idContact|"00346000002ojVW"|0x9797fd4
14:51:09.0 (5506048)|STATEMENT_EXECUTE|[9]
14:51:09.0 (5511509)|HEAP_ALLOCATE|[9]|Bytes:4
14:51:09.0 (5516912)|VARIABLE_ASSIGNMENT|[9]|this.OffsetSize|0|0x9797fd4
14:51:09.0 (5518471)|STATEMENT_EXECUTE|[10]
14:51:09.0 (5520564)|HEAP_ALLOCATE|[10]|Bytes:4
14:51:09.0 (5523514)|VARIABLE_ASSIGNMENT|[10]|this.QueryLimit|3|0x9797fd4
14:51:09.0 (5530402)|HEAP_ALLOCATE|[10]|Bytes:6
14:51:09.0 (5552310)|STATEMENT_EXECUTE|[12]
14:51:09.0 (5553953)|STATEMENT_EXECUTE|[14]
14:51:09.0 (5556125)|HEAP_ALLOCATE|[14]|Bytes:30
14:51:09.0 (5564165)|HEAP_ALLOCATE|[14]|Bytes:4
14:51:09.0 (5879517)|SOQL_EXECUTE_BEGIN|[14]|Aggregations:0|SELECT COUNT() FROM Expense__c
14:51:09.0 (7887759)|SOQL_EXECUTE_END|[14]|Rows:7
14:51:09.0 (7901528)|HEAP_ALLOCATE|[14]|Bytes:4
14:51:09.0 (7955973)|VARIABLE_ASSIGNMENT|[EXTERNAL]|this|{"idContact":"00346000002ojVW","OffsetSize":0,"QueryLimit":3,"queryString":""}|0x9797fd4
14:51:09.0 (7964610)|VARIABLE_ASSIGNMENT|[EXTERNAL]|value|7
14:51:09.0 (7970492)|HEAP_ALLOCATE|[5]|Bytes:4
14:51:09.0 (7978504)|VARIABLE_ASSIGNMENT|[5]|this.CountTotalRecords|7|0x9797fd4
14:51:09.0 (8050688)|SYSTEM_MODE_ENTER|true
14:51:09.0 (8093049)|HEAP_ALLOCATE|[EXTERNAL]|Bytes:24
14:51:09.0 (8100568)|VARIABLE_SCOPE_BEGIN|[26]|this|showExpensesListForContactController|true|false
14:51:09.0 (8128251)|VARIABLE_ASSIGNMENT|[26]|this|{"CountTotalRecords":7,"idContact":"00346000002ojVW","OffsetSize":0,"QueryLimit":3,"queryString":""}|0x9797fd4
14:51:09.0 (8138683)|STATEMENT_EXECUTE|[26]
14:51:09.0 (8141040)|STATEMENT_EXECUTE|[28]
14:51:09.0 (8145285)|HEAP_ALLOCATE|[28]|Bytes:136
14:51:09.0 (8151973)|HEAP_ALLOCATE|[30]|Bytes:1
14:51:09.0 (8155550)|HEAP_ALLOCATE|[31]|Bytes:7
14:51:09.0 (8217674)|HEAP_ALLOCATE|[31]|Bytes:1
14:51:09.0 (8240236)|HEAP_ALLOCATE|[28]|Bytes:160
14:51:09.0 (8244018)|HEAP_ALLOCATE|[31]|Bytes:8
14:51:09.0 (8254658)|HEAP_ALLOCATE|[31]|Bytes:1
14:51:09.0 (8267055)|HEAP_ALLOCATE|[28]|Bytes:9
14:51:09.0 (8271352)|HEAP_ALLOCATE|[28]|Bytes:169
14:51:09.0 (9115309)|SOQL_EXECUTE_BEGIN|[28]|Aggregations:0|SELECT id, Name, Category__c, RecordType.Name, Amount__c, Tax__c, Client_Company__c, Submitted__c FROM Expense__c WHERE Employee__r.Id='00346000002ojVW' LIMIT 3 OFFSET 0
14:51:09.0 (17123195)|SOQL_EXECUTE_END|[28]|Rows:3
14:51:09.0 (17145784)|HEAP_ALLOCATE|[28]|Bytes:16
14:51:09.0 (17177321)|HEAP_ALLOCATE|[28]|Bytes:840
14:51:09.0 (17296567)|HEAP_ALLOCATE|[28]|Bytes:16
14:51:09.0 (17321625)|VARIABLE_SCOPE_BEGIN|[28]|results|List<Expense__c>|true|false
14:51:09.0 (17372702)|VARIABLE_ASSIGNMENT|[28]|results|[{"Id":"a0F46000000FBblEAG","Name":"Test","Category__c":"Transportation","RecordTypeId":"012460000005G1FAAU","Amount__c":3500,"Tax__c":455.00,"Submitted__c":true,"Employee__c":"00346000002ojVWAAY","RecordType":{"Name":"Business Trips","Id":"012460000005G1FAAU"}},{"Id":"a0F46000000Fp6rEAC","Name":"Test44","RecordTypeId":"012460000005G1FAAU","Amount__c":3000,"Tax__c":390.00,"Submitted__c":true,"Employee__c":"00346000002ojVWAAY","RecordType":{"Name":"Business Trips","Id":"012460000005G1FAAU"}},{"Id":"a0F46000000Fp76EAC","Name":"Travel to Las Vegas","Category__c":"Event Registration","RecordTypeId":"012460000005G1FAAU","Amount__c":3499,"Tax__c":454.87,"Submitted__c":true,"Employee__c":"00346000002ojVWAAY","RecordType":{"Name":"Business Trips","Id":"012460000005G1FAAU"}}]|0x489d6c43
14:51:09.0 (17381943)|STATEMENT_EXECUTE|[33]
14:51:09.0 (23373573)|SYSTEM_MODE_ENTER|true
14:51:09.0 (23425061)|HEAP_ALLOCATE|[EXTERNAL]|Bytes:24
14:51:09.0 (23435361)|VARIABLE_SCOPE_BEGIN|[57]|this|showExpensesListForContactController|true|false
14:51:09.0 (23477646)|VARIABLE_ASSIGNMENT|[57]|this|{"CountTotalRecords":7,"idContact":"00346000002ojVW","OffsetSize":0,"QueryLimit":3,"queryString":""}|0x9797fd4
14:51:09.0 (23490004)|STATEMENT_EXECUTE|[57]
14:51:09.0 (23498627)|STATEMENT_EXECUTE|[61]
14:51:09.0 (23512684)|HEAP_ALLOCATE|[61]|Bytes:5
14:51:09.0 (23701951)|SYSTEM_MODE_ENTER|true
14:51:09.0 (23723327)|HEAP_ALLOCATE|[EXTERNAL]|Bytes:24
14:51:09.0 (23728215)|VARIABLE_SCOPE_BEGIN|[64]|this|showExpensesListForContactController|true|false
14:51:09.0 (23748930)|VARIABLE_ASSIGNMENT|[64]|this|{"CountTotalRecords":7,"idContact":"00346000002ojVW","OffsetSize":0,"QueryLimit":3,"queryString":""}|0x9797fd4
14:51:09.0 (23755212)|STATEMENT_EXECUTE|[64]
14:51:09.0 (23798796)|VARIABLE_ASSIGNMENT|[EXTERNAL]|this|{"CountTotalRecords":7,"idContact":"00346000002ojVW","OffsetSize":0,"QueryLimit":3,"queryString":""}|0x9797fd4
14:51:09.0 (23808512)|STATEMENT_EXECUTE|[65]
14:51:09.0 (23809848)|STATEMENT_EXECUTE|[66]
14:51:09.0 (23814670)|HEAP_ALLOCATE|[66]|Bytes:5
14:51:09.0 (29466719)|VF_SERIALIZE_VIEWSTATE_BEGIN|06646000001Bfzo
14:51:09.0 (31845617)|VF_SERIALIZE_VIEWSTATE_END
14:51:09.33 (33840060)|CUMULATIVE_LIMIT_USAGE
14:51:09.33 (33840060)|LIMIT_USAGE_FOR_NS|(default)|
  Number of SOQL queries: 2 out of 100
  Number of query rows: 10 out of 50000
  Number of SOSL queries: 0 out of 20
  Number of DML statements: 0 out of 150
  Number of DML rows: 0 out of 10000
  Maximum CPU time: 0 out of 10000
  Maximum heap size: 0 out of 6000000
  Number of callouts: 0 out of 100
  Number of Email Invocations: 0 out of 10
  Number of future calls: 0 out of 50
  Number of queueable jobs added to the queue: 0 out of 50
  Number of Mobile Apex push calls: 0 out of 10

14:51:09.33 (33840060)|CUMULATIVE_LIMIT_USAGE_END

14:51:09.0 (33871872)|CODE_UNIT_FINISHED|VF: /apex/showExpensesListForContact
14:51:09.0 (34578052)|EXECUTION_FINISHED
