39.0 APEX_CODE,FINEST;APEX_PROFILING,INFO;CALLOUT,INFO;DB,INFO;SYSTEM,DEBUG;VALIDATION,INFO;VISUALFORCE,INFO;WAVE,INFO;WORKFLOW,INFO
16:25:22.0 (332749)|USER_INFO|[EXTERNAL]|00546000000Iihs|pacosta@altimetrik.com|Argentine Time|GMT-03:00
16:25:22.0 (360369)|EXECUTION_STARTED
16:25:22.0 (363521)|CODE_UNIT_STARTED|[EXTERNAL]|06646000001BW08|VF: /apex/ListOfEmployees
16:25:22.0 (467671)|VF_DESERIALIZE_VIEWSTATE_BEGIN|06646000001BW08
16:25:22.0 (5900453)|HEAP_ALLOCATE|[72]|Bytes:3
16:25:22.0 (5926793)|HEAP_ALLOCATE|[77]|Bytes:152
16:25:22.0 (5939765)|HEAP_ALLOCATE|[342]|Bytes:408
16:25:22.0 (5953839)|HEAP_ALLOCATE|[355]|Bytes:408
16:25:22.0 (5967811)|HEAP_ALLOCATE|[467]|Bytes:48
16:25:22.0 (5993023)|HEAP_ALLOCATE|[139]|Bytes:6
16:25:22.0 (6011057)|HEAP_ALLOCATE|[50]|Bytes:5
16:25:22.0 (6025711)|HEAP_ALLOCATE|[56]|Bytes:5
16:25:22.0 (6032073)|HEAP_ALLOCATE|[64]|Bytes:7
16:25:22.0 (7387269)|VF_DESERIALIZE_VIEWSTATE_END
16:25:22.0 (8499368)|SYSTEM_MODE_ENTER|true
16:25:22.0 (8754027)|HEAP_ALLOCATE|[EXTERNAL]|Bytes:14
16:25:22.0 (8763052)|HEAP_ALLOCATE|[EXTERNAL]|Bytes:96
16:25:22.0 (8766527)|HEAP_ALLOCATE|[EXTERNAL]|Bytes:21
16:25:22.0 (8777456)|METHOD_ENTRY|[1]|01p46000002wayn|ExpenseController.ExpenseController()
16:25:22.0 (8784609)|STATEMENT_EXECUTE|[1]
16:25:22.0 (8792961)|STATEMENT_EXECUTE|[1]
16:25:22.0 (8795100)|STATEMENT_EXECUTE|[76]
16:25:22.0 (8801866)|METHOD_EXIT|[1]|ExpenseController
16:25:22.0 (8812479)|HEAP_ALLOCATE|[EXTERNAL]|Bytes:12
16:25:22.0 (8822955)|VARIABLE_SCOPE_BEGIN|[8]|this|ExpenseController|true|false
16:25:22.0 (8895789)|VARIABLE_ASSIGNMENT|[8]|this|{"queryString":"","wrappedExpenses":"0x5cdbaa7b"}|0x248844b4
16:25:22.0 (8906609)|STATEMENT_EXECUTE|[8]
16:25:22.0 (8908920)|STATEMENT_EXECUTE|[10]
16:25:22.0 (8913473)|HEAP_ALLOCATE|[10]|Bytes:161
16:25:22.0 (8933028)|HEAP_ALLOCATE|[10]|Bytes:161
16:25:22.0 (11603441)|SOQL_EXECUTE_BEGIN|[10]|Aggregations:0|SELECT Category__c, RecordType.Name, Amount__c, Tax__c, Client_Company__c, Submitted__c, Employee__r.Id, Employee__r.Name, Employee__r.Birthdate FROM Expense__c 
16:25:22.0 (21816338)|SOQL_EXECUTE_END|[10]|Rows:5
16:25:22.0 (21832239)|HEAP_ALLOCATE|[10]|Bytes:24
16:25:22.0 (21871987)|HEAP_ALLOCATE|[10]|Bytes:1579
16:25:22.0 (21917422)|HEAP_ALLOCATE|[10]|Bytes:24
16:25:22.0 (21935388)|VARIABLE_SCOPE_BEGIN|[10]|results|List<Expense__c>|true|false
16:25:22.0 (22025940)|VARIABLE_ASSIGNMENT|[10]|results|[{"Category__c":"Road Meals","RecordTypeId":"012460000005G1KAAU","Amount__c":8900,"Tax__c":1157.00,"Submitted__c":false,"Employee__c":"00346000002ojeGAAQ","Id":"a0F46000000FmUwEAK","RecordType":{"Name":"Client Meetings","Id":"012460000005G1KAAU"},"Employee__r":{"Id":"00346000002ojeGAAQ","Name":"Paolo Smith"}},{"RecordTypeId":"012460000005G1FAAU","Amount__c":3000,"Tax__c":390.00,"Submitted__c":true,"Employee__c":"00346000002ojVWAAY","Id":"a0F46000000Fp6rEAC","RecordType":{"Name":"Business Trips","Id":"012460000005G1FAAU"},"Employee__r":{"Id":"00346000002ojVWAAY","Name":"Carol Ruiz","Birthdate":"2017-10-09T00:00:00.000Z"}},{"Category__c":"Event Registration","RecordTypeId":"012460000005G1FAAU","Amount__c":3499,"Tax__c":454.87,"Submitted__c":true,"Employee__c":"00346000002ojVWAAY","Id":"a0F46000000Fp76EAC","RecordType":{"Name":"Business Trips","Id":"012460000005G1FAAU"},"Employee__r":{"Id":"00346000002ojVWAAY","Name":"Carol Ruiz","Birthdate":"2017-10-09T00:00:00.000Z"}},{"Category__c":"Event Registration","RecordTypeId":"012460000005G1KAAU","Amount__c":5600,"Tax__c":728.00,"Submitted__c":false,"Employee__c":"00346000002oeLWAAY","Id":"a0F46000000FBc6EAG","RecordType":{"Name":"Client Meetings","Id":"012460000005G1KAAU"},"Employee__r":{"Id":"00346000002oeLWAAY","Name":"Paulo Acosta"}},{"Category__c":"Transportation","RecordTypeId":"012460000005G1FAAU","Amount__c":3500,"Tax__c":455.00,"Submitted__c":false,"Employee__c":"00346000002ojVWAAY","Id":"a0F46000000FBblEAG","RecordType":{"Name":"Business Trips","Id":"012460000005G1FAAU"},"Employee__r":{"Id":"00346000002ojVWAAY","Name":"Carol Ruiz","Birthdate":"2017-10-09T00:00:00.000Z"}}]|0x5539cc5b
16:25:22.0 (22233974)|HEAP_ALLOCATE|[14]|Bytes:5
16:25:22.0 (22263185)|HEAP_ALLOCATE|[14]|Bytes:40
16:25:22.0 (22271012)|VARIABLE_SCOPE_BEGIN|[14]|ex|Expense__c|true|false
16:25:22.0 (22291366)|VARIABLE_ASSIGNMENT|[14]|ex|{"Category__c":"Road Meals","RecordTypeId":"012460000005G1KAAU","Amount__c":8900,"Tax__c":1157.00,"Submitted__c":false,"Employee__c":"00346000002ojeGAAQ","Id":"a0F46000000FmUwEAK","RecordType":{"Name":"Client Meetings","Id":"012460000005G1KAAU"},"Employee__r":{"Id":"00346000002ojeGAAQ","Name":"Paolo Smith"}}|0x5d68a055
16:25:22.0 (22297841)|STATEMENT_EXECUTE|[14]
16:25:22.0 (22299410)|STATEMENT_EXECUTE|[15]
16:25:22.0 (22303983)|HEAP_ALLOCATE|[15]|Bytes:4
16:25:22.0 (22383804)|VARIABLE_ASSIGNMENT|[EXTERNAL]|this|{"queryString":"","wrappedExpenses":"0x5cdbaa7b"}|0x248844b4
16:25:22.0 (22401329)|HEAP_ALLOCATE|[EXTERNAL]|Bytes:4
16:25:22.0 (22407675)|VARIABLE_ASSIGNMENT|[EXTERNAL]|value|[]|0x59167e78
16:25:22.0 (22417982)|VARIABLE_ASSIGNMENT|[5]|this.wrappedExpenses|[]|0x248844b4
16:25:22.0 (22425162)|STATEMENT_EXECUTE|[16]
16:25:22.0 (22454176)|VARIABLE_ASSIGNMENT|[EXTERNAL]|this|{"queryString":"","wrappedExpenses":"0x59167e78"}|0x248844b4
16:25:22.0 (22464394)|HEAP_ALLOCATE|[16]|Bytes:116
16:25:22.0 (22469702)|HEAP_ALLOCATE|[16]|Bytes:8
16:25:22.0 (22478038)|HEAP_ALLOCATE|[16]|Bytes:12
16:25:22.0 (22495246)|CONSTRUCTOR_ENTRY|[16]|01p46000002wayn|<init>(Expense__c,Boolean)
16:25:22.0 (22505694)|VARIABLE_SCOPE_BEGIN|[81]|this|ExpenseController.ExpenseWrapper|true|false
16:25:22.0 (22524326)|VARIABLE_ASSIGNMENT|[81]|this|{}|0x78c1e9f9
16:25:22.0 (22527359)|VARIABLE_SCOPE_BEGIN|[81]|ex|Expense__c|true|false
16:25:22.0 (22541549)|VARIABLE_ASSIGNMENT|[81]|ex|{"Category__c":"Road Meals","RecordTypeId":"012460000005G1KAAU","Amount__c":8900,"Tax__c":1157.00,"Submitted__c":false,"Employee__c":"00346000002ojeGAAQ","Id":"a0F46000000FmUwEAK","RecordType":{"Name":"Client Meetings","Id":"012460000005G1KAAU"},"Employee__r":{"Id":"00346000002ojeGAAQ","Name":"Paolo Smith"}}|0x5d68a055
16:25:22.0 (22547053)|VARIABLE_SCOPE_BEGIN|[81]|check|Boolean|false|false
16:25:22.0 (22550229)|VARIABLE_ASSIGNMENT|[81]|check|false
16:25:22.0 (22553824)|STATEMENT_EXECUTE|[76]
16:25:22.0 (22555286)|STATEMENT_EXECUTE|[78]
16:25:22.0 (22556582)|STATEMENT_EXECUTE|[79]
16:25:22.0 (22562405)|HEAP_ALLOCATE|[83]|Bytes:6
16:25:22.0 (22596366)|STATEMENT_EXECUTE|[81]
16:25:22.0 (22597886)|STATEMENT_EXECUTE|[83]
16:25:22.0 (22648227)|VARIABLE_ASSIGNMENT|[EXTERNAL]|this|{}|0x78c1e9f9
16:25:22.0 (22663460)|VARIABLE_ASSIGNMENT|[EXTERNAL]|value|{"Category__c":"Road Meals","RecordTypeId":"012460000005G1KAAU","Amount__c":8900,"Tax__c":1157.00,"Submitted__c":false,"Employee__c":"00346000002ojeGAAQ","Id":"a0F46000000FmUwEAK","RecordType":{"Name":"Client Meetings","Id":"012460000005G1KAAU"},"Employee__r":{"Id":"00346000002ojeGAAQ","Name":"Paolo Smith"}}|0x5d68a055
16:25:22.0 (22678561)|VARIABLE_ASSIGNMENT|[78]|this.expense|{"Category__c":"Road Meals","RecordTypeId":"012460000005G1KAAU","Amount__c":8900,"Tax__c":1157.00,"Submitted__c":false,"Employee__c":"00346000002ojeGAAQ","Id":"a0F46000000FmUwEAK","RecordType":{"Name":"Client Meetings","Id":"012460000005G1KAAU"},"Employee__r":{"Id":"00346000002ojeGAAQ","Name":"Paolo Smith"}}|0x78c1e9f9
16:25:22.0 (22685623)|STATEMENT_EXECUTE|[84]
16:25:22.0 (22714010)|VARIABLE_ASSIGNMENT|[EXTERNAL]|this|{"expense":"0x5d68a055"}|0x78c1e9f9
16:25:22.0 (22719918)|VARIABLE_ASSIGNMENT|[EXTERNAL]|value|false
16:25:22.0 (22723772)|HEAP_ALLOCATE|[79]|Bytes:5
16:25:22.0 (22728254)|VARIABLE_ASSIGNMENT|[79]|this.checked|false|0x78c1e9f9
16:25:22.0 (22743195)|CONSTRUCTOR_EXIT|[16]|01p46000002wayn|<init>(Expense__c,Boolean)
16:25:22.0 (22753871)|HEAP_ALLOCATE|[EXTERNAL]|Bytes:4
16:25:22.0 (22763983)|HEAP_ALLOCATE|[14]|Bytes:5
16:25:22.0 (22786274)|HEAP_ALLOCATE|[14]|Bytes:36
16:25:22.0 (22792898)|VARIABLE_SCOPE_BEGIN|[14]|ex|Expense__c|true|false
16:25:22.0 (22815807)|VARIABLE_ASSIGNMENT|[14]|ex|{"RecordTypeId":"012460000005G1FAAU","Amount__c":3000,"Tax__c":390.00,"Submitted__c":true,"Employee__c":"00346000002ojVWAAY","Id":"a0F46000000Fp6rEAC","RecordType":{"Name":"Business Trips","Id":"012460000005G1FAAU"},"Employee__r":{"Id":"00346000002ojVWAAY","Name":"Carol Ruiz","Birthdate":"2017-10-09T00:00:00.000Z"}}|0x5fd884ec
16:25:22.0 (22820920)|STATEMENT_EXECUTE|[14]
16:25:22.0 (22832566)|STATEMENT_EXECUTE|[15]
16:25:22.0 (22836667)|HEAP_ALLOCATE|[15]|Bytes:4
16:25:22.0 (22862758)|VARIABLE_ASSIGNMENT|[EXTERNAL]|this|{"queryString":"","wrappedExpenses":"0x59167e78"}|0x248844b4
16:25:22.0 (22870660)|HEAP_ALLOCATE|[EXTERNAL]|Bytes:4
16:25:22.0 (22875476)|VARIABLE_ASSIGNMENT|[EXTERNAL]|value|[]|0x446832e3
16:25:22.0 (22880895)|VARIABLE_ASSIGNMENT|[5]|this.wrappedExpenses|[]|0x248844b4
16:25:22.0 (22886020)|STATEMENT_EXECUTE|[16]
16:25:22.0 (22897197)|VARIABLE_ASSIGNMENT|[EXTERNAL]|this|{"queryString":"","wrappedExpenses":"0x446832e3"}|0x248844b4
16:25:22.0 (22903483)|HEAP_ALLOCATE|[16]|Bytes:12
16:25:22.0 (22910974)|CONSTRUCTOR_ENTRY|[16]|01p46000002wayn|<init>(Expense__c,Boolean)
16:25:22.0 (22914098)|VARIABLE_SCOPE_BEGIN|[81]|this|ExpenseController.ExpenseWrapper|true|false
16:25:22.0 (22922037)|VARIABLE_ASSIGNMENT|[81]|this|{}|0x2ad2597e
16:25:22.0 (22923766)|VARIABLE_SCOPE_BEGIN|[81]|ex|Expense__c|true|false
16:25:22.0 (22940569)|VARIABLE_ASSIGNMENT|[81]|ex|{"RecordTypeId":"012460000005G1FAAU","Amount__c":3000,"Tax__c":390.00,"Submitted__c":true,"Employee__c":"00346000002ojVWAAY","Id":"a0F46000000Fp6rEAC","RecordType":{"Name":"Business Trips","Id":"012460000005G1FAAU"},"Employee__r":{"Id":"00346000002ojVWAAY","Name":"Carol Ruiz","Birthdate":"2017-10-09T00:00:00.000Z"}}|0x5fd884ec
16:25:22.0 (22945187)|VARIABLE_SCOPE_BEGIN|[81]|check|Boolean|false|false
16:25:22.0 (22947941)|VARIABLE_ASSIGNMENT|[81]|check|false
16:25:22.0 (22950906)|STATEMENT_EXECUTE|[76]
16:25:22.0 (22952054)|STATEMENT_EXECUTE|[78]
16:25:22.0 (22953235)|STATEMENT_EXECUTE|[79]
16:25:22.0 (22962215)|STATEMENT_EXECUTE|[81]
16:25:22.0 (22963446)|STATEMENT_EXECUTE|[83]
16:25:22.0 (22973041)|VARIABLE_ASSIGNMENT|[EXTERNAL]|this|{}|0x2ad2597e
16:25:22.0 (22987818)|VARIABLE_ASSIGNMENT|[EXTERNAL]|value|{"RecordTypeId":"012460000005G1FAAU","Amount__c":3000,"Tax__c":390.00,"Submitted__c":true,"Employee__c":"00346000002ojVWAAY","Id":"a0F46000000Fp6rEAC","RecordType":{"Name":"Business Trips","Id":"012460000005G1FAAU"},"Employee__r":{"Id":"00346000002ojVWAAY","Name":"Carol Ruiz","Birthdate":"2017-10-09T00:00:00.000Z"}}|0x5fd884ec
16:25:22.0 (23002761)|VARIABLE_ASSIGNMENT|[78]|this.expense|{"RecordTypeId":"012460000005G1FAAU","Amount__c":3000,"Tax__c":390.00,"Submitted__c":true,"Employee__c":"00346000002ojVWAAY","Id":"a0F46000000Fp6rEAC","RecordType":{"Name":"Business Trips","Id":"012460000005G1FAAU"},"Employee__r":{"Id":"00346000002ojVWAAY","Name":"Carol Ruiz","Birthdate":"2017-10-09T00:00:00.000Z"}}|0x2ad2597e
16:25:22.0 (23008857)|STATEMENT_EXECUTE|[84]
16:25:22.0 (23019177)|VARIABLE_ASSIGNMENT|[EXTERNAL]|this|{"expense":"0x5fd884ec"}|0x2ad2597e
16:25:22.0 (23023224)|VARIABLE_ASSIGNMENT|[EXTERNAL]|value|false
16:25:22.0 (23025947)|HEAP_ALLOCATE|[79]|Bytes:5
16:25:22.0 (23029585)|VARIABLE_ASSIGNMENT|[79]|this.checked|false|0x2ad2597e
16:25:22.0 (23036901)|CONSTRUCTOR_EXIT|[16]|01p46000002wayn|<init>(Expense__c,Boolean)
16:25:22.0 (23043249)|HEAP_ALLOCATE|[EXTERNAL]|Bytes:4
16:25:22.0 (23051309)|HEAP_ALLOCATE|[14]|Bytes:5
16:25:22.0 (23071242)|HEAP_ALLOCATE|[14]|Bytes:40
16:25:22.0 (23077059)|VARIABLE_SCOPE_BEGIN|[14]|ex|Expense__c|true|false
16:25:22.0 (23096358)|VARIABLE_ASSIGNMENT|[14]|ex|{"Category__c":"Event Registration","RecordTypeId":"012460000005G1FAAU","Amount__c":3499,"Tax__c":454.87,"Submitted__c":true,"Employee__c":"00346000002ojVWAAY","Id":"a0F46000000Fp76EAC","RecordType":{"Name":"Business Trips","Id":"012460000005G1FAAU"},"Employee__r":{"Id":"00346000002ojVWAAY","Name":"Carol Ruiz","Birthdate":"2017-10-09T00:00:00.000Z"}}|0x4f9fe502
16:25:22.0 (23100919)|STATEMENT_EXECUTE|[14]
16:25:22.0 (23102193)|STATEMENT_EXECUTE|[15]
16:25:22.0 (23105100)|HEAP_ALLOCATE|[15]|Bytes:4
16:25:22.0 (23125742)|VARIABLE_ASSIGNMENT|[EXTERNAL]|this|{"queryString":"","wrappedExpenses":"0x446832e3"}|0x248844b4
16:25:22.0 (23133006)|HEAP_ALLOCATE|[EXTERNAL]|Bytes:4
16:25:22.0 (23137093)|VARIABLE_ASSIGNMENT|[EXTERNAL]|value|[]|0x77558743
16:25:22.0 (23141712)|VARIABLE_ASSIGNMENT|[5]|this.wrappedExpenses|[]|0x248844b4
16:25:22.0 (23146319)|STATEMENT_EXECUTE|[16]
16:25:22.0 (23156844)|VARIABLE_ASSIGNMENT|[EXTERNAL]|this|{"queryString":"","wrappedExpenses":"0x77558743"}|0x248844b4
16:25:22.0 (23162869)|HEAP_ALLOCATE|[16]|Bytes:12
16:25:22.0 (23169650)|CONSTRUCTOR_ENTRY|[16]|01p46000002wayn|<init>(Expense__c,Boolean)
16:25:22.0 (23172190)|VARIABLE_SCOPE_BEGIN|[81]|this|ExpenseController.ExpenseWrapper|true|false
16:25:22.0 (23179547)|VARIABLE_ASSIGNMENT|[81]|this|{}|0x103b24b9
16:25:22.0 (23181083)|VARIABLE_SCOPE_BEGIN|[81]|ex|Expense__c|true|false
16:25:22.0 (23196860)|VARIABLE_ASSIGNMENT|[81]|ex|{"Category__c":"Event Registration","RecordTypeId":"012460000005G1FAAU","Amount__c":3499,"Tax__c":454.87,"Submitted__c":true,"Employee__c":"00346000002ojVWAAY","Id":"a0F46000000Fp76EAC","RecordType":{"Name":"Business Trips","Id":"012460000005G1FAAU"},"Employee__r":{"Id":"00346000002ojVWAAY","Name":"Carol Ruiz","Birthdate":"2017-10-09T00:00:00.000Z"}}|0x4f9fe502
16:25:22.0 (23200943)|VARIABLE_SCOPE_BEGIN|[81]|check|Boolean|false|false
16:25:22.0 (23203385)|VARIABLE_ASSIGNMENT|[81]|check|false
16:25:22.0 (23206040)|STATEMENT_EXECUTE|[76]
16:25:22.0 (23207300)|STATEMENT_EXECUTE|[78]
16:25:22.0 (23208472)|STATEMENT_EXECUTE|[79]
16:25:22.0 (23216922)|STATEMENT_EXECUTE|[81]
16:25:22.0 (23218405)|STATEMENT_EXECUTE|[83]
16:25:22.0 (23228179)|VARIABLE_ASSIGNMENT|[EXTERNAL]|this|{}|0x103b24b9
16:25:22.0 (23242299)|VARIABLE_ASSIGNMENT|[EXTERNAL]|value|{"Category__c":"Event Registration","RecordTypeId":"012460000005G1FAAU","Amount__c":3499,"Tax__c":454.87,"Submitted__c":true,"Employee__c":"00346000002ojVWAAY","Id":"a0F46000000Fp76EAC","RecordType":{"Name":"Business Trips","Id":"012460000005G1FAAU"},"Employee__r":{"Id":"00346000002ojVWAAY","Name":"Carol Ruiz","Birthdate":"2017-10-09T00:00:00.000Z"}}|0x4f9fe502
16:25:22.0 (23257135)|VARIABLE_ASSIGNMENT|[78]|this.expense|{"Category__c":"Event Registration","RecordTypeId":"012460000005G1FAAU","Amount__c":3499,"Tax__c":454.87,"Submitted__c":true,"Employee__c":"00346000002ojVWAAY","Id":"a0F46000000Fp76EAC","RecordType":{"Name":"Business Trips","Id":"012460000005G1FAAU"},"Employee__r":{"Id":"00346000002ojVWAAY","Name":"Carol Ruiz","Birthdate":"2017-10-09T00:00:00.000Z"}}|0x103b24b9
16:25:22.0 (23262555)|STATEMENT_EXECUTE|[84]
16:25:22.0 (23272196)|VARIABLE_ASSIGNMENT|[EXTERNAL]|this|{"expense":"0x4f9fe502"}|0x103b24b9
16:25:22.0 (23276343)|VARIABLE_ASSIGNMENT|[EXTERNAL]|value|false
16:25:22.0 (23279017)|HEAP_ALLOCATE|[79]|Bytes:5
16:25:22.0 (23282397)|VARIABLE_ASSIGNMENT|[79]|this.checked|false|0x103b24b9
16:25:22.0 (23289314)|CONSTRUCTOR_EXIT|[16]|01p46000002wayn|<init>(Expense__c,Boolean)
16:25:22.0 (23295160)|HEAP_ALLOCATE|[EXTERNAL]|Bytes:4
16:25:22.0 (23302743)|HEAP_ALLOCATE|[14]|Bytes:5
16:25:22.0 (23320439)|HEAP_ALLOCATE|[14]|Bytes:40
16:25:22.0 (23325976)|VARIABLE_SCOPE_BEGIN|[14]|ex|Expense__c|true|false
16:25:22.0 (23341010)|VARIABLE_ASSIGNMENT|[14]|ex|{"Category__c":"Event Registration","RecordTypeId":"012460000005G1KAAU","Amount__c":5600,"Tax__c":728.00,"Submitted__c":false,"Employee__c":"00346000002oeLWAAY","Id":"a0F46000000FBc6EAG","RecordType":{"Name":"Client Meetings","Id":"012460000005G1KAAU"},"Employee__r":{"Id":"00346000002oeLWAAY","Name":"Paulo Acosta"}}|0x47363171
16:25:22.0 (23345089)|STATEMENT_EXECUTE|[14]
16:25:22.0 (23346520)|STATEMENT_EXECUTE|[15]
16:25:22.0 (23349331)|HEAP_ALLOCATE|[15]|Bytes:4
16:25:22.0 (23368558)|VARIABLE_ASSIGNMENT|[EXTERNAL]|this|{"queryString":"","wrappedExpenses":"0x77558743"}|0x248844b4
16:25:22.0 (23375942)|HEAP_ALLOCATE|[EXTERNAL]|Bytes:4
16:25:22.0 (23379961)|VARIABLE_ASSIGNMENT|[EXTERNAL]|value|[]|0x15c1e377
16:25:22.0 (23384819)|VARIABLE_ASSIGNMENT|[5]|this.wrappedExpenses|[]|0x248844b4
16:25:22.0 (23389233)|STATEMENT_EXECUTE|[16]
16:25:22.0 (23399651)|VARIABLE_ASSIGNMENT|[EXTERNAL]|this|{"queryString":"","wrappedExpenses":"0x15c1e377"}|0x248844b4
16:25:22.0 (23405268)|HEAP_ALLOCATE|[16]|Bytes:12
16:25:22.0 (23411168)|CONSTRUCTOR_ENTRY|[16]|01p46000002wayn|<init>(Expense__c,Boolean)
16:25:22.0 (23413627)|VARIABLE_SCOPE_BEGIN|[81]|this|ExpenseController.ExpenseWrapper|true|false
16:25:22.0 (23420807)|VARIABLE_ASSIGNMENT|[81]|this|{}|0x2d604118
16:25:22.0 (23422344)|VARIABLE_SCOPE_BEGIN|[81]|ex|Expense__c|true|false
16:25:22.0 (23433478)|VARIABLE_ASSIGNMENT|[81]|ex|{"Category__c":"Event Registration","RecordTypeId":"012460000005G1KAAU","Amount__c":5600,"Tax__c":728.00,"Submitted__c":false,"Employee__c":"00346000002oeLWAAY","Id":"a0F46000000FBc6EAG","RecordType":{"Name":"Client Meetings","Id":"012460000005G1KAAU"},"Employee__r":{"Id":"00346000002oeLWAAY","Name":"Paulo Acosta"}}|0x47363171
16:25:22.0 (23437616)|VARIABLE_SCOPE_BEGIN|[81]|check|Boolean|false|false
16:25:22.0 (23440018)|VARIABLE_ASSIGNMENT|[81]|check|false
16:25:22.0 (23442370)|STATEMENT_EXECUTE|[76]
16:25:22.0 (23443503)|STATEMENT_EXECUTE|[78]
16:25:22.0 (23444597)|STATEMENT_EXECUTE|[79]
16:25:22.0 (23452100)|STATEMENT_EXECUTE|[81]
16:25:22.0 (23453296)|STATEMENT_EXECUTE|[83]
16:25:22.0 (23461855)|VARIABLE_ASSIGNMENT|[EXTERNAL]|this|{}|0x2d604118
16:25:22.0 (23472898)|VARIABLE_ASSIGNMENT|[EXTERNAL]|value|{"Category__c":"Event Registration","RecordTypeId":"012460000005G1KAAU","Amount__c":5600,"Tax__c":728.00,"Submitted__c":false,"Employee__c":"00346000002oeLWAAY","Id":"a0F46000000FBc6EAG","RecordType":{"Name":"Client Meetings","Id":"012460000005G1KAAU"},"Employee__r":{"Id":"00346000002oeLWAAY","Name":"Paulo Acosta"}}|0x47363171
16:25:22.0 (23485254)|VARIABLE_ASSIGNMENT|[78]|this.expense|{"Category__c":"Event Registration","RecordTypeId":"012460000005G1KAAU","Amount__c":5600,"Tax__c":728.00,"Submitted__c":false,"Employee__c":"00346000002oeLWAAY","Id":"a0F46000000FBc6EAG","RecordType":{"Name":"Client Meetings","Id":"012460000005G1KAAU"},"Employee__r":{"Id":"00346000002oeLWAAY","Name":"Paulo Acosta"}}|0x2d604118
16:25:22.0 (23490655)|STATEMENT_EXECUTE|[84]
16:25:22.0 (23499233)|VARIABLE_ASSIGNMENT|[EXTERNAL]|this|{"expense":"0x47363171"}|0x2d604118
16:25:22.0 (23502938)|VARIABLE_ASSIGNMENT|[EXTERNAL]|value|false
16:25:22.0 (23505507)|HEAP_ALLOCATE|[79]|Bytes:5
16:25:22.0 (23508706)|VARIABLE_ASSIGNMENT|[79]|this.checked|false|0x2d604118
16:25:22.0 (23515066)|CONSTRUCTOR_EXIT|[16]|01p46000002wayn|<init>(Expense__c,Boolean)
16:25:22.0 (23520260)|HEAP_ALLOCATE|[EXTERNAL]|Bytes:4
16:25:22.0 (23527378)|HEAP_ALLOCATE|[14]|Bytes:5
16:25:22.0 (23543717)|HEAP_ALLOCATE|[14]|Bytes:40
16:25:22.0 (23549038)|VARIABLE_SCOPE_BEGIN|[14]|ex|Expense__c|true|false
16:25:22.0 (23568787)|VARIABLE_ASSIGNMENT|[14]|ex|{"Category__c":"Transportation","RecordTypeId":"012460000005G1FAAU","Amount__c":3500,"Tax__c":455.00,"Submitted__c":false,"Employee__c":"00346000002ojVWAAY","Id":"a0F46000000FBblEAG","RecordType":{"Name":"Business Trips","Id":"012460000005G1FAAU"},"Employee__r":{"Id":"00346000002ojVWAAY","Name":"Carol Ruiz","Birthdate":"2017-10-09T00:00:00.000Z"}}|0x5f444bca
16:25:22.0 (23573198)|STATEMENT_EXECUTE|[14]
16:25:22.0 (23574440)|STATEMENT_EXECUTE|[15]
16:25:22.0 (23577242)|HEAP_ALLOCATE|[15]|Bytes:4
16:25:22.0 (23596152)|VARIABLE_ASSIGNMENT|[EXTERNAL]|this|{"queryString":"","wrappedExpenses":"0x15c1e377"}|0x248844b4
16:25:22.0 (23602719)|HEAP_ALLOCATE|[EXTERNAL]|Bytes:4
16:25:22.0 (23606655)|VARIABLE_ASSIGNMENT|[EXTERNAL]|value|[]|0x76d4b468
16:25:22.0 (23611155)|VARIABLE_ASSIGNMENT|[5]|this.wrappedExpenses|[]|0x248844b4
16:25:22.0 (23615286)|STATEMENT_EXECUTE|[16]
16:25:22.0 (23625161)|VARIABLE_ASSIGNMENT|[EXTERNAL]|this|{"queryString":"","wrappedExpenses":"0x76d4b468"}|0x248844b4
16:25:22.0 (23630465)|HEAP_ALLOCATE|[16]|Bytes:12
16:25:22.0 (23636369)|CONSTRUCTOR_ENTRY|[16]|01p46000002wayn|<init>(Expense__c,Boolean)
16:25:22.0 (23638668)|VARIABLE_SCOPE_BEGIN|[81]|this|ExpenseController.ExpenseWrapper|true|false
16:25:22.0 (23645624)|VARIABLE_ASSIGNMENT|[81]|this|{}|0x3f8358e7
16:25:22.0 (23647236)|VARIABLE_SCOPE_BEGIN|[81]|ex|Expense__c|true|false
16:25:22.0 (23662223)|VARIABLE_ASSIGNMENT|[81]|ex|{"Category__c":"Transportation","RecordTypeId":"012460000005G1FAAU","Amount__c":3500,"Tax__c":455.00,"Submitted__c":false,"Employee__c":"00346000002ojVWAAY","Id":"a0F46000000FBblEAG","RecordType":{"Name":"Business Trips","Id":"012460000005G1FAAU"},"Employee__r":{"Id":"00346000002ojVWAAY","Name":"Carol Ruiz","Birthdate":"2017-10-09T00:00:00.000Z"}}|0x5f444bca
16:25:22.0 (23666301)|VARIABLE_SCOPE_BEGIN|[81]|check|Boolean|false|false
16:25:22.0 (23668925)|VARIABLE_ASSIGNMENT|[81]|check|false
16:25:22.0 (23671472)|STATEMENT_EXECUTE|[76]
16:25:22.0 (23672581)|STATEMENT_EXECUTE|[78]
16:25:22.0 (23673710)|STATEMENT_EXECUTE|[79]
16:25:22.0 (23681611)|STATEMENT_EXECUTE|[81]
16:25:22.0 (23682768)|STATEMENT_EXECUTE|[83]
16:25:22.0 (23691924)|VARIABLE_ASSIGNMENT|[EXTERNAL]|this|{}|0x3f8358e7
16:25:22.0 (23706175)|VARIABLE_ASSIGNMENT|[EXTERNAL]|value|{"Category__c":"Transportation","RecordTypeId":"012460000005G1FAAU","Amount__c":3500,"Tax__c":455.00,"Submitted__c":false,"Employee__c":"00346000002ojVWAAY","Id":"a0F46000000FBblEAG","RecordType":{"Name":"Business Trips","Id":"012460000005G1FAAU"},"Employee__r":{"Id":"00346000002ojVWAAY","Name":"Carol Ruiz","Birthdate":"2017-10-09T00:00:00.000Z"}}|0x5f444bca
16:25:22.0 (23721544)|VARIABLE_ASSIGNMENT|[78]|this.expense|{"Category__c":"Transportation","RecordTypeId":"012460000005G1FAAU","Amount__c":3500,"Tax__c":455.00,"Submitted__c":false,"Employee__c":"00346000002ojVWAAY","Id":"a0F46000000FBblEAG","RecordType":{"Name":"Business Trips","Id":"012460000005G1FAAU"},"Employee__r":{"Id":"00346000002ojVWAAY","Name":"Carol Ruiz","Birthdate":"2017-10-09T00:00:00.000Z"}}|0x3f8358e7
16:25:22.0 (23726775)|STATEMENT_EXECUTE|[84]
16:25:22.0 (23742277)|VARIABLE_ASSIGNMENT|[EXTERNAL]|this|{"expense":"0x5f444bca"}|0x3f8358e7
16:25:22.0 (23746561)|VARIABLE_ASSIGNMENT|[EXTERNAL]|value|false
16:25:22.0 (23749347)|HEAP_ALLOCATE|[79]|Bytes:5
16:25:22.0 (23753445)|VARIABLE_ASSIGNMENT|[79]|this.checked|false|0x3f8358e7
16:25:22.0 (23760792)|CONSTRUCTOR_EXIT|[16]|01p46000002wayn|<init>(Expense__c,Boolean)
16:25:22.0 (23766260)|HEAP_ALLOCATE|[EXTERNAL]|Bytes:4
16:25:22.0 (23773497)|HEAP_ALLOCATE|[14]|Bytes:5
16:25:22.0 (23780805)|VARIABLE_ASSIGNMENT|[14]|ex|null|
16:25:22.0 (23783869)|STATEMENT_EXECUTE|[19]
16:25:22.0 (23809686)|VARIABLE_ASSIGNMENT|[EXTERNAL]|this|{"queryString":"","wrappedExpenses":"0x76d4b468"}|0x248844b4
16:25:22.0 (24446186)|HEAP_ALLOCATE|[EXTERNAL]|Bytes:12
16:25:22.0 (24454362)|VARIABLE_SCOPE_BEGIN|[69]|this|ExpenseController|true|false
16:25:22.0 (24473487)|VARIABLE_ASSIGNMENT|[69]|this|{"queryString":"","wrappedExpenses":"0x76d4b468"}|0x248844b4
16:25:22.0 (24480097)|STATEMENT_EXECUTE|[69]
16:25:22.0 (24481579)|STATEMENT_EXECUTE|[71]
16:25:22.0 (24489627)|VARIABLE_ASSIGNMENT|[71]|this.queryString|""|0x248844b4
16:25:22.0 (28303165)|SYSTEM_MODE_ENTER|true
16:25:22.0 (28347412)|HEAP_ALLOCATE|[EXTERNAL]|Bytes:12
16:25:22.0 (28355622)|VARIABLE_SCOPE_BEGIN|[8]|this|ExpenseController|true|false
16:25:22.0 (28387251)|VARIABLE_ASSIGNMENT|[8]|this|{"queryString":"","wrappedExpenses":"0x76d4b468"}|0x248844b4
16:25:22.0 (28397981)|STATEMENT_EXECUTE|[8]
16:25:22.0 (28400545)|STATEMENT_EXECUTE|[10]
16:25:22.0 (28410845)|HEAP_ALLOCATE|[10]|Bytes:161
16:25:22.0 (28885033)|SOQL_EXECUTE_BEGIN|[10]|Aggregations:0|SELECT Category__c, RecordType.Name, Amount__c, Tax__c, Client_Company__c, Submitted__c, Employee__r.Id, Employee__r.Name, Employee__r.Birthdate FROM Expense__c 
16:25:22.0 (35782069)|SOQL_EXECUTE_END|[10]|Rows:5
16:25:22.0 (35796503)|HEAP_ALLOCATE|[10]|Bytes:24
16:25:22.0 (35835543)|HEAP_ALLOCATE|[10]|Bytes:1579
16:25:22.0 (35849358)|HEAP_ALLOCATE|[10]|Bytes:24
16:25:22.0 (35863047)|VARIABLE_SCOPE_BEGIN|[10]|results|List<Expense__c>|true|false
16:25:22.0 (35941903)|VARIABLE_ASSIGNMENT|[10]|results|[{"Category__c":"Road Meals","RecordTypeId":"012460000005G1KAAU","Amount__c":8900,"Tax__c":1157.00,"Submitted__c":false,"Employee__c":"00346000002ojeGAAQ","Id":"a0F46000000FmUwEAK","RecordType":{"Name":"Client Meetings","Id":"012460000005G1KAAU"},"Employee__r":{"Id":"00346000002ojeGAAQ","Name":"Paolo Smith"}},{"RecordTypeId":"012460000005G1FAAU","Amount__c":3000,"Tax__c":390.00,"Submitted__c":true,"Employee__c":"00346000002ojVWAAY","Id":"a0F46000000Fp6rEAC","RecordType":{"Name":"Business Trips","Id":"012460000005G1FAAU"},"Employee__r":{"Id":"00346000002ojVWAAY","Name":"Carol Ruiz","Birthdate":"2017-10-09T00:00:00.000Z"}},{"Category__c":"Event Registration","RecordTypeId":"012460000005G1FAAU","Amount__c":3499,"Tax__c":454.87,"Submitted__c":true,"Employee__c":"00346000002ojVWAAY","Id":"a0F46000000Fp76EAC","RecordType":{"Name":"Business Trips","Id":"012460000005G1FAAU"},"Employee__r":{"Id":"00346000002ojVWAAY","Name":"Carol Ruiz","Birthdate":"2017-10-09T00:00:00.000Z"}},{"Category__c":"Event Registration","RecordTypeId":"012460000005G1KAAU","Amount__c":5600,"Tax__c":728.00,"Submitted__c":false,"Employee__c":"00346000002oeLWAAY","Id":"a0F46000000FBc6EAG","RecordType":{"Name":"Client Meetings","Id":"012460000005G1KAAU"},"Employee__r":{"Id":"00346000002oeLWAAY","Name":"Paulo Acosta"}},{"Category__c":"Transportation","RecordTypeId":"012460000005G1FAAU","Amount__c":3500,"Tax__c":455.00,"Submitted__c":false,"Employee__c":"00346000002ojVWAAY","Id":"a0F46000000FBblEAG","RecordType":{"Name":"Business Trips","Id":"012460000005G1FAAU"},"Employee__r":{"Id":"00346000002ojVWAAY","Name":"Carol Ruiz","Birthdate":"2017-10-09T00:00:00.000Z"}}]|0x1c22baf0
16:25:22.0 (35970776)|HEAP_ALLOCATE|[14]|Bytes:5
16:25:22.0 (35993688)|HEAP_ALLOCATE|[14]|Bytes:40
16:25:22.0 (36001253)|VARIABLE_SCOPE_BEGIN|[14]|ex|Expense__c|true|false
16:25:22.0 (36019533)|VARIABLE_ASSIGNMENT|[14]|ex|{"Category__c":"Road Meals","RecordTypeId":"012460000005G1KAAU","Amount__c":8900,"Tax__c":1157.00,"Submitted__c":false,"Employee__c":"00346000002ojeGAAQ","Id":"a0F46000000FmUwEAK","RecordType":{"Name":"Client Meetings","Id":"012460000005G1KAAU"},"Employee__r":{"Id":"00346000002ojeGAAQ","Name":"Paolo Smith"}}|0x58f41987
16:25:22.0 (36025361)|STATEMENT_EXECUTE|[14]
16:25:22.0 (36027076)|STATEMENT_EXECUTE|[15]
16:25:22.0 (36030995)|HEAP_ALLOCATE|[15]|Bytes:4
16:25:22.0 (36064009)|VARIABLE_ASSIGNMENT|[EXTERNAL]|this|{"queryString":"","wrappedExpenses":"0x76d4b468"}|0x248844b4
16:25:22.0 (36072896)|HEAP_ALLOCATE|[EXTERNAL]|Bytes:4
16:25:22.0 (36092482)|VARIABLE_ASSIGNMENT|[EXTERNAL]|value|[]|0x220c4c99
16:25:22.0 (36104858)|VARIABLE_ASSIGNMENT|[5]|this.wrappedExpenses|[]|0x248844b4
16:25:22.0 (36114438)|STATEMENT_EXECUTE|[16]
16:25:22.0 (36135329)|VARIABLE_ASSIGNMENT|[EXTERNAL]|this|{"queryString":"","wrappedExpenses":"0x220c4c99"}|0x248844b4
16:25:22.0 (36143718)|HEAP_ALLOCATE|[16]|Bytes:12
16:25:22.0 (36154271)|CONSTRUCTOR_ENTRY|[16]|01p46000002wayn|<init>(Expense__c,Boolean)
16:25:22.0 (36165734)|VARIABLE_SCOPE_BEGIN|[81]|this|ExpenseController.ExpenseWrapper|true|false
16:25:22.0 (36177287)|VARIABLE_ASSIGNMENT|[81]|this|{}|0x5d26eccd
16:25:22.0 (36179198)|VARIABLE_SCOPE_BEGIN|[81]|ex|Expense__c|true|false
16:25:22.0 (36192921)|VARIABLE_ASSIGNMENT|[81]|ex|{"Category__c":"Road Meals","RecordTypeId":"012460000005G1KAAU","Amount__c":8900,"Tax__c":1157.00,"Submitted__c":false,"Employee__c":"00346000002ojeGAAQ","Id":"a0F46000000FmUwEAK","RecordType":{"Name":"Client Meetings","Id":"012460000005G1KAAU"},"Employee__r":{"Id":"00346000002ojeGAAQ","Name":"Paolo Smith"}}|0x58f41987
16:25:22.0 (36197959)|VARIABLE_SCOPE_BEGIN|[81]|check|Boolean|false|false
16:25:22.0 (36201019)|VARIABLE_ASSIGNMENT|[81]|check|false
16:25:22.0 (36204106)|STATEMENT_EXECUTE|[76]
16:25:22.0 (36205513)|STATEMENT_EXECUTE|[78]
16:25:22.0 (36207157)|STATEMENT_EXECUTE|[79]
16:25:22.0 (36218113)|STATEMENT_EXECUTE|[81]
16:25:22.0 (36219433)|STATEMENT_EXECUTE|[83]
16:25:22.0 (36230179)|VARIABLE_ASSIGNMENT|[EXTERNAL]|this|{}|0x5d26eccd
16:25:22.0 (36242144)|VARIABLE_ASSIGNMENT|[EXTERNAL]|value|{"Category__c":"Road Meals","RecordTypeId":"012460000005G1KAAU","Amount__c":8900,"Tax__c":1157.00,"Submitted__c":false,"Employee__c":"00346000002ojeGAAQ","Id":"a0F46000000FmUwEAK","RecordType":{"Name":"Client Meetings","Id":"012460000005G1KAAU"},"Employee__r":{"Id":"00346000002ojeGAAQ","Name":"Paolo Smith"}}|0x58f41987
16:25:22.0 (36255295)|VARIABLE_ASSIGNMENT|[78]|this.expense|{"Category__c":"Road Meals","RecordTypeId":"012460000005G1KAAU","Amount__c":8900,"Tax__c":1157.00,"Submitted__c":false,"Employee__c":"00346000002ojeGAAQ","Id":"a0F46000000FmUwEAK","RecordType":{"Name":"Client Meetings","Id":"012460000005G1KAAU"},"Employee__r":{"Id":"00346000002ojeGAAQ","Name":"Paolo Smith"}}|0x5d26eccd
16:25:22.0 (36260604)|STATEMENT_EXECUTE|[84]
16:25:22.0 (36271559)|VARIABLE_ASSIGNMENT|[EXTERNAL]|this|{"expense":"0x58f41987"}|0x5d26eccd
16:25:22.0 (36276154)|VARIABLE_ASSIGNMENT|[EXTERNAL]|value|false
16:25:22.0 (36279157)|HEAP_ALLOCATE|[79]|Bytes:5
16:25:22.0 (36283088)|VARIABLE_ASSIGNMENT|[79]|this.checked|false|0x5d26eccd
16:25:22.0 (36291371)|CONSTRUCTOR_EXIT|[16]|01p46000002wayn|<init>(Expense__c,Boolean)
16:25:22.0 (36299211)|HEAP_ALLOCATE|[EXTERNAL]|Bytes:4
16:25:22.0 (36307873)|HEAP_ALLOCATE|[14]|Bytes:5
16:25:22.0 (36328557)|HEAP_ALLOCATE|[14]|Bytes:36
16:25:22.0 (36334532)|VARIABLE_SCOPE_BEGIN|[14]|ex|Expense__c|true|false
16:25:22.0 (36355326)|VARIABLE_ASSIGNMENT|[14]|ex|{"RecordTypeId":"012460000005G1FAAU","Amount__c":3000,"Tax__c":390.00,"Submitted__c":true,"Employee__c":"00346000002ojVWAAY","Id":"a0F46000000Fp6rEAC","RecordType":{"Name":"Business Trips","Id":"012460000005G1FAAU"},"Employee__r":{"Id":"00346000002ojVWAAY","Name":"Carol Ruiz","Birthdate":"2017-10-09T00:00:00.000Z"}}|0x42cd73d2
16:25:22.0 (36359771)|STATEMENT_EXECUTE|[14]
16:25:22.0 (36361064)|STATEMENT_EXECUTE|[15]
16:25:22.0 (36364393)|HEAP_ALLOCATE|[15]|Bytes:4
16:25:22.0 (36387053)|VARIABLE_ASSIGNMENT|[EXTERNAL]|this|{"queryString":"","wrappedExpenses":"0x220c4c99"}|0x248844b4
16:25:22.0 (36394607)|HEAP_ALLOCATE|[EXTERNAL]|Bytes:4
16:25:22.0 (36399136)|VARIABLE_ASSIGNMENT|[EXTERNAL]|value|[]|0xc5d0eef
16:25:22.0 (36403908)|VARIABLE_ASSIGNMENT|[5]|this.wrappedExpenses|[]|0x248844b4
16:25:22.0 (36408370)|STATEMENT_EXECUTE|[16]
16:25:22.0 (36418788)|VARIABLE_ASSIGNMENT|[EXTERNAL]|this|{"queryString":"","wrappedExpenses":"0xc5d0eef"}|0x248844b4
16:25:22.0 (36424544)|HEAP_ALLOCATE|[16]|Bytes:12
16:25:22.0 (36431646)|CONSTRUCTOR_ENTRY|[16]|01p46000002wayn|<init>(Expense__c,Boolean)
16:25:22.0 (36434156)|VARIABLE_SCOPE_BEGIN|[81]|this|ExpenseController.ExpenseWrapper|true|false
16:25:22.0 (36441834)|VARIABLE_ASSIGNMENT|[81]|this|{}|0x5a1d0ae
16:25:22.0 (36443470)|VARIABLE_SCOPE_BEGIN|[81]|ex|Expense__c|true|false
16:25:22.0 (36459092)|VARIABLE_ASSIGNMENT|[81]|ex|{"RecordTypeId":"012460000005G1FAAU","Amount__c":3000,"Tax__c":390.00,"Submitted__c":true,"Employee__c":"00346000002ojVWAAY","Id":"a0F46000000Fp6rEAC","RecordType":{"Name":"Business Trips","Id":"012460000005G1FAAU"},"Employee__r":{"Id":"00346000002ojVWAAY","Name":"Carol Ruiz","Birthdate":"2017-10-09T00:00:00.000Z"}}|0x42cd73d2
16:25:22.0 (36463292)|VARIABLE_SCOPE_BEGIN|[81]|check|Boolean|false|false
16:25:22.0 (36465804)|VARIABLE_ASSIGNMENT|[81]|check|false
16:25:22.0 (36468573)|STATEMENT_EXECUTE|[76]
16:25:22.0 (36469706)|STATEMENT_EXECUTE|[78]
16:25:22.0 (36470985)|STATEMENT_EXECUTE|[79]
16:25:22.0 (36479401)|STATEMENT_EXECUTE|[81]
16:25:22.0 (36480572)|STATEMENT_EXECUTE|[83]
16:25:22.0 (36489845)|VARIABLE_ASSIGNMENT|[EXTERNAL]|this|{}|0x5a1d0ae
16:25:22.0 (36504062)|VARIABLE_ASSIGNMENT|[EXTERNAL]|value|{"RecordTypeId":"012460000005G1FAAU","Amount__c":3000,"Tax__c":390.00,"Submitted__c":true,"Employee__c":"00346000002ojVWAAY","Id":"a0F46000000Fp6rEAC","RecordType":{"Name":"Business Trips","Id":"012460000005G1FAAU"},"Employee__r":{"Id":"00346000002ojVWAAY","Name":"Carol Ruiz","Birthdate":"2017-10-09T00:00:00.000Z"}}|0x42cd73d2
16:25:22.0 (36517973)|VARIABLE_ASSIGNMENT|[78]|this.expense|{"RecordTypeId":"012460000005G1FAAU","Amount__c":3000,"Tax__c":390.00,"Submitted__c":true,"Employee__c":"00346000002ojVWAAY","Id":"a0F46000000Fp6rEAC","RecordType":{"Name":"Business Trips","Id":"012460000005G1FAAU"},"Employee__r":{"Id":"00346000002ojVWAAY","Name":"Carol Ruiz","Birthdate":"2017-10-09T00:00:00.000Z"}}|0x5a1d0ae
16:25:22.0 (36523767)|STATEMENT_EXECUTE|[84]
16:25:22.0 (36533209)|VARIABLE_ASSIGNMENT|[EXTERNAL]|this|{"expense":"0x42cd73d2"}|0x5a1d0ae
16:25:22.0 (36537052)|VARIABLE_ASSIGNMENT|[EXTERNAL]|value|false
16:25:22.0 (36539619)|HEAP_ALLOCATE|[79]|Bytes:5
16:25:22.0 (36543027)|VARIABLE_ASSIGNMENT|[79]|this.checked|false|0x5a1d0ae
16:25:22.0 (36550470)|CONSTRUCTOR_EXIT|[16]|01p46000002wayn|<init>(Expense__c,Boolean)
16:25:22.0 (36556588)|HEAP_ALLOCATE|[EXTERNAL]|Bytes:4
16:25:22.0 (36564205)|HEAP_ALLOCATE|[14]|Bytes:5
16:25:22.0 (36581800)|HEAP_ALLOCATE|[14]|Bytes:40
16:25:22.0 (36587059)|VARIABLE_SCOPE_BEGIN|[14]|ex|Expense__c|true|false
16:25:22.0 (36607223)|VARIABLE_ASSIGNMENT|[14]|ex|{"Category__c":"Event Registration","RecordTypeId":"012460000005G1FAAU","Amount__c":3499,"Tax__c":454.87,"Submitted__c":true,"Employee__c":"00346000002ojVWAAY","Id":"a0F46000000Fp76EAC","RecordType":{"Name":"Business Trips","Id":"012460000005G1FAAU"},"Employee__r":{"Id":"00346000002ojVWAAY","Name":"Carol Ruiz","Birthdate":"2017-10-09T00:00:00.000Z"}}|0x64955562
16:25:22.0 (36612106)|STATEMENT_EXECUTE|[14]
16:25:22.0 (36613363)|STATEMENT_EXECUTE|[15]
16:25:22.0 (36616417)|HEAP_ALLOCATE|[15]|Bytes:4
16:25:22.0 (36636898)|VARIABLE_ASSIGNMENT|[EXTERNAL]|this|{"queryString":"","wrappedExpenses":"0xc5d0eef"}|0x248844b4
16:25:22.0 (36643663)|HEAP_ALLOCATE|[EXTERNAL]|Bytes:4
16:25:22.0 (36648126)|VARIABLE_ASSIGNMENT|[EXTERNAL]|value|[]|0x45892c07
16:25:22.0 (36652837)|VARIABLE_ASSIGNMENT|[5]|this.wrappedExpenses|[]|0x248844b4
16:25:22.0 (36657087)|STATEMENT_EXECUTE|[16]
16:25:22.0 (36667224)|VARIABLE_ASSIGNMENT|[EXTERNAL]|this|{"queryString":"","wrappedExpenses":"0x45892c07"}|0x248844b4
16:25:22.0 (36672945)|HEAP_ALLOCATE|[16]|Bytes:12
16:25:22.0 (36679188)|CONSTRUCTOR_ENTRY|[16]|01p46000002wayn|<init>(Expense__c,Boolean)
16:25:22.0 (36681685)|VARIABLE_SCOPE_BEGIN|[81]|this|ExpenseController.ExpenseWrapper|true|false
16:25:22.0 (36689363)|VARIABLE_ASSIGNMENT|[81]|this|{}|0x2f23f0ff
16:25:22.0 (36690996)|VARIABLE_SCOPE_BEGIN|[81]|ex|Expense__c|true|false
16:25:22.0 (36706041)|VARIABLE_ASSIGNMENT|[81]|ex|{"Category__c":"Event Registration","RecordTypeId":"012460000005G1FAAU","Amount__c":3499,"Tax__c":454.87,"Submitted__c":true,"Employee__c":"00346000002ojVWAAY","Id":"a0F46000000Fp76EAC","RecordType":{"Name":"Business Trips","Id":"012460000005G1FAAU"},"Employee__r":{"Id":"00346000002ojVWAAY","Name":"Carol Ruiz","Birthdate":"2017-10-09T00:00:00.000Z"}}|0x64955562
16:25:22.0 (36710604)|VARIABLE_SCOPE_BEGIN|[81]|check|Boolean|false|false
16:25:22.0 (36713164)|VARIABLE_ASSIGNMENT|[81]|check|false
16:25:22.0 (36715859)|STATEMENT_EXECUTE|[76]
16:25:22.0 (36717001)|STATEMENT_EXECUTE|[78]
16:25:22.0 (36718245)|STATEMENT_EXECUTE|[79]
16:25:22.0 (36726233)|STATEMENT_EXECUTE|[81]
16:25:22.0 (36727387)|STATEMENT_EXECUTE|[83]
16:25:22.0 (36749361)|VARIABLE_ASSIGNMENT|[EXTERNAL]|this|{}|0x2f23f0ff
16:25:22.0 (36775770)|VARIABLE_ASSIGNMENT|[EXTERNAL]|value|{"Category__c":"Event Registration","RecordTypeId":"012460000005G1FAAU","Amount__c":3499,"Tax__c":454.87,"Submitted__c":true,"Employee__c":"00346000002ojVWAAY","Id":"a0F46000000Fp76EAC","RecordType":{"Name":"Business Trips","Id":"012460000005G1FAAU"},"Employee__r":{"Id":"00346000002ojVWAAY","Name":"Carol Ruiz","Birthdate":"2017-10-09T00:00:00.000Z"}}|0x64955562
16:25:22.0 (36803203)|VARIABLE_ASSIGNMENT|[78]|this.expense|{"Category__c":"Event Registration","RecordTypeId":"012460000005G1FAAU","Amount__c":3499,"Tax__c":454.87,"Submitted__c":true,"Employee__c":"00346000002ojVWAAY","Id":"a0F46000000Fp76EAC","RecordType":{"Name":"Business Trips","Id":"012460000005G1FAAU"},"Employee__r":{"Id":"00346000002ojVWAAY","Name":"Carol Ruiz","Birthdate":"2017-10-09T00:00:00.000Z"}}|0x2f23f0ff
16:25:22.0 (36813857)|STATEMENT_EXECUTE|[84]
16:25:22.0 (36834519)|VARIABLE_ASSIGNMENT|[EXTERNAL]|this|{"expense":"0x64955562"}|0x2f23f0ff
16:25:22.0 (36842290)|VARIABLE_ASSIGNMENT|[EXTERNAL]|value|false
16:25:22.0 (36846732)|HEAP_ALLOCATE|[79]|Bytes:5
16:25:22.0 (36853309)|VARIABLE_ASSIGNMENT|[79]|this.checked|false|0x2f23f0ff
16:25:22.0 (36865663)|CONSTRUCTOR_EXIT|[16]|01p46000002wayn|<init>(Expense__c,Boolean)
16:25:22.0 (36875630)|HEAP_ALLOCATE|[EXTERNAL]|Bytes:4
16:25:22.0 (36888902)|HEAP_ALLOCATE|[14]|Bytes:5
16:25:22.0 (36917359)|HEAP_ALLOCATE|[14]|Bytes:40
16:25:22.0 (36926350)|VARIABLE_SCOPE_BEGIN|[14]|ex|Expense__c|true|false
16:25:22.0 (36949724)|VARIABLE_ASSIGNMENT|[14]|ex|{"Category__c":"Event Registration","RecordTypeId":"012460000005G1KAAU","Amount__c":5600,"Tax__c":728.00,"Submitted__c":false,"Employee__c":"00346000002oeLWAAY","Id":"a0F46000000FBc6EAG","RecordType":{"Name":"Client Meetings","Id":"012460000005G1KAAU"},"Employee__r":{"Id":"00346000002oeLWAAY","Name":"Paulo Acosta"}}|0x67ab70ed
16:25:22.0 (36956264)|STATEMENT_EXECUTE|[14]
16:25:22.0 (36958349)|STATEMENT_EXECUTE|[15]
16:25:22.0 (36962605)|HEAP_ALLOCATE|[15]|Bytes:4
16:25:22.0 (36995457)|VARIABLE_ASSIGNMENT|[EXTERNAL]|this|{"queryString":"","wrappedExpenses":"0x45892c07"}|0x248844b4
16:25:22.0 (37006626)|HEAP_ALLOCATE|[EXTERNAL]|Bytes:4
16:25:22.0 (37014508)|VARIABLE_ASSIGNMENT|[EXTERNAL]|value|[]|0x4b6da982
16:25:22.0 (37023147)|VARIABLE_ASSIGNMENT|[5]|this.wrappedExpenses|[]|0x248844b4
16:25:22.0 (37031801)|STATEMENT_EXECUTE|[16]
16:25:22.0 (37053777)|VARIABLE_ASSIGNMENT|[EXTERNAL]|this|{"queryString":"","wrappedExpenses":"0x4b6da982"}|0x248844b4
16:25:22.0 (37064735)|HEAP_ALLOCATE|[16]|Bytes:12
16:25:22.0 (37077029)|CONSTRUCTOR_ENTRY|[16]|01p46000002wayn|<init>(Expense__c,Boolean)
16:25:22.0 (37082047)|VARIABLE_SCOPE_BEGIN|[81]|this|ExpenseController.ExpenseWrapper|true|false
16:25:22.0 (37097335)|VARIABLE_ASSIGNMENT|[81]|this|{}|0x40c224e1
16:25:22.0 (37100475)|VARIABLE_SCOPE_BEGIN|[81]|ex|Expense__c|true|false
16:25:22.0 (37119509)|VARIABLE_ASSIGNMENT|[81]|ex|{"Category__c":"Event Registration","RecordTypeId":"012460000005G1KAAU","Amount__c":5600,"Tax__c":728.00,"Submitted__c":false,"Employee__c":"00346000002oeLWAAY","Id":"a0F46000000FBc6EAG","RecordType":{"Name":"Client Meetings","Id":"012460000005G1KAAU"},"Employee__r":{"Id":"00346000002oeLWAAY","Name":"Paulo Acosta"}}|0x67ab70ed
16:25:22.0 (37126948)|VARIABLE_SCOPE_BEGIN|[81]|check|Boolean|false|false
16:25:22.0 (37131629)|VARIABLE_ASSIGNMENT|[81]|check|false
16:25:22.0 (37136418)|STATEMENT_EXECUTE|[76]
16:25:22.0 (37138450)|STATEMENT_EXECUTE|[78]
16:25:22.0 (37140343)|STATEMENT_EXECUTE|[79]
16:25:22.0 (37155008)|STATEMENT_EXECUTE|[81]
16:25:22.0 (37157461)|STATEMENT_EXECUTE|[83]
16:25:22.0 (37176495)|VARIABLE_ASSIGNMENT|[EXTERNAL]|this|{}|0x40c224e1
16:25:22.0 (37196143)|VARIABLE_ASSIGNMENT|[EXTERNAL]|value|{"Category__c":"Event Registration","RecordTypeId":"012460000005G1KAAU","Amount__c":5600,"Tax__c":728.00,"Submitted__c":false,"Employee__c":"00346000002oeLWAAY","Id":"a0F46000000FBc6EAG","RecordType":{"Name":"Client Meetings","Id":"012460000005G1KAAU"},"Employee__r":{"Id":"00346000002oeLWAAY","Name":"Paulo Acosta"}}|0x67ab70ed
16:25:22.0 (37217664)|VARIABLE_ASSIGNMENT|[78]|this.expense|{"Category__c":"Event Registration","RecordTypeId":"012460000005G1KAAU","Amount__c":5600,"Tax__c":728.00,"Submitted__c":false,"Employee__c":"00346000002oeLWAAY","Id":"a0F46000000FBc6EAG","RecordType":{"Name":"Client Meetings","Id":"012460000005G1KAAU"},"Employee__r":{"Id":"00346000002oeLWAAY","Name":"Paulo Acosta"}}|0x40c224e1
16:25:22.0 (37228542)|STATEMENT_EXECUTE|[84]
16:25:22.0 (37249360)|VARIABLE_ASSIGNMENT|[EXTERNAL]|this|{"expense":"0x67ab70ed"}|0x40c224e1
16:25:22.0 (37256926)|VARIABLE_ASSIGNMENT|[EXTERNAL]|value|false
16:25:22.0 (37261547)|HEAP_ALLOCATE|[79]|Bytes:5
16:25:22.0 (37267980)|VARIABLE_ASSIGNMENT|[79]|this.checked|false|0x40c224e1
16:25:22.0 (37280927)|CONSTRUCTOR_EXIT|[16]|01p46000002wayn|<init>(Expense__c,Boolean)
16:25:22.0 (37291020)|HEAP_ALLOCATE|[EXTERNAL]|Bytes:4
16:25:22.0 (37303789)|HEAP_ALLOCATE|[14]|Bytes:5
16:25:22.0 (37334291)|HEAP_ALLOCATE|[14]|Bytes:40
16:25:22.0 (37344538)|VARIABLE_SCOPE_BEGIN|[14]|ex|Expense__c|true|false
16:25:22.0 (37379348)|VARIABLE_ASSIGNMENT|[14]|ex|{"Category__c":"Transportation","RecordTypeId":"012460000005G1FAAU","Amount__c":3500,"Tax__c":455.00,"Submitted__c":false,"Employee__c":"00346000002ojVWAAY","Id":"a0F46000000FBblEAG","RecordType":{"Name":"Business Trips","Id":"012460000005G1FAAU"},"Employee__r":{"Id":"00346000002ojVWAAY","Name":"Carol Ruiz","Birthdate":"2017-10-09T00:00:00.000Z"}}|0x1feb65be
16:25:22.0 (37387357)|STATEMENT_EXECUTE|[14]
16:25:22.0 (37389522)|STATEMENT_EXECUTE|[15]
16:25:22.0 (37394328)|HEAP_ALLOCATE|[15]|Bytes:4
16:25:22.0 (37433174)|VARIABLE_ASSIGNMENT|[EXTERNAL]|this|{"queryString":"","wrappedExpenses":"0x4b6da982"}|0x248844b4
16:25:22.0 (37445156)|HEAP_ALLOCATE|[EXTERNAL]|Bytes:4
16:25:22.0 (37452396)|VARIABLE_ASSIGNMENT|[EXTERNAL]|value|[]|0x4ca7c1ea
16:25:22.0 (37461245)|VARIABLE_ASSIGNMENT|[5]|this.wrappedExpenses|[]|0x248844b4
16:25:22.0 (37470454)|STATEMENT_EXECUTE|[16]
16:25:22.0 (37493132)|VARIABLE_ASSIGNMENT|[EXTERNAL]|this|{"queryString":"","wrappedExpenses":"0x4ca7c1ea"}|0x248844b4
16:25:22.0 (37504833)|HEAP_ALLOCATE|[16]|Bytes:12
16:25:22.0 (37517242)|CONSTRUCTOR_ENTRY|[16]|01p46000002wayn|<init>(Expense__c,Boolean)
16:25:22.0 (37522147)|VARIABLE_SCOPE_BEGIN|[81]|this|ExpenseController.ExpenseWrapper|true|false
16:25:22.0 (37536790)|VARIABLE_ASSIGNMENT|[81]|this|{}|0x7c336489
16:25:22.0 (37539478)|VARIABLE_SCOPE_BEGIN|[81]|ex|Expense__c|true|false
16:25:22.0 (37567026)|VARIABLE_ASSIGNMENT|[81]|ex|{"Category__c":"Transportation","RecordTypeId":"012460000005G1FAAU","Amount__c":3500,"Tax__c":455.00,"Submitted__c":false,"Employee__c":"00346000002ojVWAAY","Id":"a0F46000000FBblEAG","RecordType":{"Name":"Business Trips","Id":"012460000005G1FAAU"},"Employee__r":{"Id":"00346000002ojVWAAY","Name":"Carol Ruiz","Birthdate":"2017-10-09T00:00:00.000Z"}}|0x1feb65be
16:25:22.0 (37574317)|VARIABLE_SCOPE_BEGIN|[81]|check|Boolean|false|false
16:25:22.0 (37578943)|VARIABLE_ASSIGNMENT|[81]|check|false
16:25:22.0 (37583748)|STATEMENT_EXECUTE|[76]
16:25:22.0 (37585812)|STATEMENT_EXECUTE|[78]
16:25:22.0 (37587882)|STATEMENT_EXECUTE|[79]
16:25:22.0 (37601709)|STATEMENT_EXECUTE|[81]
16:25:22.0 (37603837)|STATEMENT_EXECUTE|[83]
16:25:22.0 (37621637)|VARIABLE_ASSIGNMENT|[EXTERNAL]|this|{}|0x7c336489
16:25:22.0 (37645502)|VARIABLE_ASSIGNMENT|[EXTERNAL]|value|{"Category__c":"Transportation","RecordTypeId":"012460000005G1FAAU","Amount__c":3500,"Tax__c":455.00,"Submitted__c":false,"Employee__c":"00346000002ojVWAAY","Id":"a0F46000000FBblEAG","RecordType":{"Name":"Business Trips","Id":"012460000005G1FAAU"},"Employee__r":{"Id":"00346000002ojVWAAY","Name":"Carol Ruiz","Birthdate":"2017-10-09T00:00:00.000Z"}}|0x1feb65be
16:25:22.0 (37673620)|VARIABLE_ASSIGNMENT|[78]|this.expense|{"Category__c":"Transportation","RecordTypeId":"012460000005G1FAAU","Amount__c":3500,"Tax__c":455.00,"Submitted__c":false,"Employee__c":"00346000002ojVWAAY","Id":"a0F46000000FBblEAG","RecordType":{"Name":"Business Trips","Id":"012460000005G1FAAU"},"Employee__r":{"Id":"00346000002ojVWAAY","Name":"Carol Ruiz","Birthdate":"2017-10-09T00:00:00.000Z"}}|0x7c336489
16:25:22.0 (37684511)|STATEMENT_EXECUTE|[84]
16:25:22.0 (37703807)|VARIABLE_ASSIGNMENT|[EXTERNAL]|this|{"expense":"0x1feb65be"}|0x7c336489
16:25:22.0 (37711107)|VARIABLE_ASSIGNMENT|[EXTERNAL]|value|false
16:25:22.0 (37715513)|HEAP_ALLOCATE|[79]|Bytes:5
16:25:22.0 (37721819)|VARIABLE_ASSIGNMENT|[79]|this.checked|false|0x7c336489
16:25:22.0 (37739693)|CONSTRUCTOR_EXIT|[16]|01p46000002wayn|<init>(Expense__c,Boolean)
16:25:22.0 (37751480)|HEAP_ALLOCATE|[EXTERNAL]|Bytes:4
16:25:22.0 (37766659)|HEAP_ALLOCATE|[14]|Bytes:5
16:25:22.0 (37780494)|VARIABLE_ASSIGNMENT|[14]|ex|null|
16:25:22.0 (37785851)|STATEMENT_EXECUTE|[19]
16:25:22.0 (37812085)|VARIABLE_ASSIGNMENT|[EXTERNAL]|this|{"queryString":"","wrappedExpenses":"0x4ca7c1ea"}|0x248844b4
16:25:22.0 (44427196)|VF_SERIALIZE_VIEWSTATE_BEGIN|06646000001BW08
16:25:22.0 (53606436)|VF_SERIALIZE_VIEWSTATE_END
16:25:22.0 (59793771)|CODE_UNIT_STARTED|[EXTERNAL]|Generate Metadata
16:25:22.0 (60439763)|CODE_UNIT_FINISHED|Generate Metadata
16:25:22.62 (62264755)|CUMULATIVE_LIMIT_USAGE
16:25:22.62 (62264755)|LIMIT_USAGE_FOR_NS|(default)|
  Number of SOQL queries: 2 out of 100
  Number of query rows: 10 out of 50000
  Number of SOSL queries: 0 out of 20
  Number of DML statements: 0 out of 150
  Number of DML rows: 0 out of 10000
  Maximum CPU time: 0 out of 10000
  Maximum heap size: 0 out of 6000000
  Number of callouts: 0 out of 100
  Number of Email Invocations: 0 out of 10
  Number of future calls: 0 out of 50
  Number of queueable jobs added to the queue: 0 out of 50
  Number of Mobile Apex push calls: 0 out of 10

16:25:22.62 (62264755)|CUMULATIVE_LIMIT_USAGE_END

16:25:22.0 (62294468)|CODE_UNIT_FINISHED|VF: /apex/ListOfEmployees
16:25:22.0 (63019873)|EXECUTION_FINISHED
