39.0 APEX_CODE,FINEST;APEX_PROFILING,INFO;CALLOUT,INFO;DB,INFO;SYSTEM,DEBUG;VALIDATION,INFO;VISUALFORCE,INFO;WAVE,INFO;WORKFLOW,INFO
17:19:53.0 (80216)|USER_INFO|[EXTERNAL]|00546000000Iihs|pacosta@altimetrik.com|Argentine Time|GMT-03:00
17:19:53.0 (109815)|EXECUTION_STARTED
17:19:53.0 (114292)|CODE_UNIT_STARTED|[EXTERNAL]|06646000001Bfzo|VF: /apex/showExpensesListForContact
17:19:53.0 (233110)|VF_DESERIALIZE_VIEWSTATE_BEGIN|06646000001Bfzo
17:19:53.0 (3349578)|HEAP_ALLOCATE|[72]|Bytes:3
17:19:53.0 (3395136)|HEAP_ALLOCATE|[77]|Bytes:152
17:19:53.0 (3413404)|HEAP_ALLOCATE|[342]|Bytes:408
17:19:53.0 (3427755)|HEAP_ALLOCATE|[355]|Bytes:408
17:19:53.0 (3442841)|HEAP_ALLOCATE|[467]|Bytes:48
17:19:53.0 (3479544)|HEAP_ALLOCATE|[139]|Bytes:6
17:19:53.0 (4501989)|VF_DESERIALIZE_VIEWSTATE_END
17:19:53.0 (4970692)|SYSTEM_MODE_ENTER|true
17:19:53.0 (5230096)|HEAP_ALLOCATE|[EXTERNAL]|Bytes:10
17:19:53.0 (5242941)|METHOD_ENTRY|[1]|01p46000002x5eL|showExpensesListForContactController.showExpensesListForContactController()
17:19:53.0 (5249553)|STATEMENT_EXECUTE|[1]
17:19:53.0 (5255972)|STATEMENT_EXECUTE|[1]
17:19:53.0 (5265443)|METHOD_EXIT|[1]|showExpensesListForContactController
17:19:53.0 (5271345)|HEAP_ALLOCATE|[EXTERNAL]|Bytes:8
17:19:53.0 (5276731)|VARIABLE_SCOPE_BEGIN|[5]|this|showExpensesListForContactController|true|false
17:19:53.0 (5322320)|VARIABLE_ASSIGNMENT|[5]|this|{"queryString":""}|0x61236a68
17:19:53.0 (5334695)|STATEMENT_EXECUTE|[5]
17:19:53.0 (20514996)|HEAP_DUMP|[8]|07n4600000000Nk|showExpensesListForContactController|none|8
17:19:53.0 (20527116)|STATEMENT_EXECUTE|[8]
17:19:53.0 (20597920)|HEAP_ALLOCATE|[50]|Bytes:5
17:19:53.0 (20641562)|HEAP_ALLOCATE|[56]|Bytes:5
17:19:53.0 (20652010)|HEAP_ALLOCATE|[64]|Bytes:7
17:19:53.0 (20778302)|HEAP_ALLOCATE|[8]|Bytes:376
17:19:53.0 (20841888)|HEAP_ALLOCATE|[8]|Bytes:340
17:19:53.0 (20860692)|HEAP_ALLOCATE|[8]|Bytes:2
17:19:53.0 (20883484)|VARIABLE_SCOPE_BEGIN|[8]|idContact|String|false|false
17:19:53.0 (20898910)|VARIABLE_ASSIGNMENT|[8]|idContact|"00346000002ojVW"
17:19:53.0 (20905349)|STATEMENT_EXECUTE|[10]
17:19:53.0 (20908237)|HEAP_ALLOCATE|[10]|Bytes:136
17:19:53.0 (20911327)|HEAP_ALLOCATE|[12]|Bytes:1
17:19:53.0 (20931206)|HEAP_ALLOCATE|[10]|Bytes:152
17:19:53.0 (21867092)|SOQL_EXECUTE_BEGIN|[10]|Aggregations:0|SELECT id, Name, Category__c, RecordType.Name, Amount__c, Tax__c, Client_Company__c, Submitted__c FROM Expense__c WHERE Employee__r.Id='00346000002ojVW'
17:19:53.0 (29391720)|SOQL_EXECUTE_END|[10]|Rows:4
17:19:53.0 (29412659)|HEAP_ALLOCATE|[10]|Bytes:20
17:19:53.0 (29450257)|HEAP_ALLOCATE|[10]|Bytes:1115
17:19:53.0 (29564086)|HEAP_ALLOCATE|[10]|Bytes:20
17:19:53.0 (29581801)|VARIABLE_SCOPE_BEGIN|[10]|results|List<Expense__c>|true|false
17:19:53.0 (29633507)|VARIABLE_ASSIGNMENT|[10]|results|[{"Id":"a0F46000000Fp6rEAC","Name":"Test44","RecordTypeId":"012460000005G1FAAU","Amount__c":3000,"Tax__c":390.00,"Submitted__c":true,"Employee__c":"00346000002ojVWAAY","RecordType":{"Name":"Business Trips","Id":"012460000005G1FAAU"}},{"Id":"a0F46000000Fp76EAC","Name":"Travel to Las Vegas","Category__c":"Event Registration","RecordTypeId":"012460000005G1FAAU","Amount__c":3499,"Tax__c":454.87,"Submitted__c":true,"Employee__c":"00346000002ojVWAAY","RecordType":{"Name":"Business Trips","Id":"012460000005G1FAAU"}},{"Id":"a0F46000000FBblEAG","Name":"Test","Category__c":"Transportation","RecordTypeId":"012460000005G1FAAU","Amount__c":3500,"Tax__c":455.00,"Submitted__c":true,"Employee__c":"00346000002ojVWAAY","RecordType":{"Name":"Business Trips","Id":"012460000005G1FAAU"}},{"Id":"a0F46000000FtpwEAC","Name":"Expense nueva","Category__c":"Transportation","RecordTypeId":"012460000005G1FAAU","Amount__c":4000,"Tax__c":520.00,"Submitted__c":true,"Employee__c":"00346000002ojVWAAY","RecordType":{"Name":"Business Trips","Id":"012460000005G1FAAU"}}]|0x3b5c3a2
17:19:53.0 (29645491)|STATEMENT_EXECUTE|[15]
17:19:53.0 (30323637)|HEAP_ALLOCATE|[EXTERNAL]|Bytes:8
17:19:53.0 (30332822)|VARIABLE_SCOPE_BEGIN|[24]|this|showExpensesListForContactController|true|false
17:19:53.0 (30357663)|VARIABLE_ASSIGNMENT|[24]|this|{"queryString":""}|0x61236a68
17:19:53.0 (30367226)|STATEMENT_EXECUTE|[24]
17:19:53.0 (30369374)|STATEMENT_EXECUTE|[26]
17:19:53.0 (30373551)|HEAP_ALLOCATE|[26]|Bytes:40
17:19:53.0 (30387751)|VARIABLE_ASSIGNMENT|[26]|this.queryString|" AND RecordType.Name (20 more) ..."|0x61236a68
17:19:53.0 (33272725)|SYSTEM_MODE_ENTER|true
17:19:53.0 (33302398)|HEAP_ALLOCATE|[EXTERNAL]|Bytes:8
17:19:53.0 (33307742)|VARIABLE_SCOPE_BEGIN|[5]|this|showExpensesListForContactController|true|false
17:19:53.0 (33325526)|VARIABLE_ASSIGNMENT|[5]|this|{"queryString":" AND RecordType.Name (20 more) ..."}|0x61236a68
17:19:53.0 (33333393)|STATEMENT_EXECUTE|[5]
17:19:53.0 (33335625)|STATEMENT_EXECUTE|[8]
17:19:53.0 (33358462)|HEAP_ALLOCATE|[8]|Bytes:376
17:19:53.0 (33380570)|HEAP_ALLOCATE|[8]|Bytes:340
17:19:53.0 (33406296)|VARIABLE_SCOPE_BEGIN|[8]|idContact|String|false|false
17:19:53.0 (33412409)|VARIABLE_ASSIGNMENT|[8]|idContact|"00346000002ojVW"
17:19:53.0 (33415576)|STATEMENT_EXECUTE|[10]
17:19:53.0 (33426471)|HEAP_ALLOCATE|[10]|Bytes:192
17:19:53.0 (33769737)|SOQL_EXECUTE_BEGIN|[10]|Aggregations:0|SELECT id, Name, Category__c, RecordType.Name, Amount__c, Tax__c, Client_Company__c, Submitted__c FROM Expense__c WHERE Employee__r.Id='00346000002ojVW' AND RecordType.Name = 'Client Meetings'
17:19:53.0 (37481136)|SOQL_EXECUTE_END|[10]|Rows:0
17:19:53.0 (37499799)|HEAP_ALLOCATE|[10]|Bytes:4
17:19:53.0 (37512093)|HEAP_ALLOCATE|[10]|Bytes:0
17:19:53.0 (37527075)|HEAP_ALLOCATE|[10]|Bytes:4
17:19:53.0 (37541062)|VARIABLE_SCOPE_BEGIN|[10]|results|List<Expense__c>|true|false
17:19:53.0 (37551974)|VARIABLE_ASSIGNMENT|[10]|results|[]|0x6569ea92
17:19:53.0 (37556453)|STATEMENT_EXECUTE|[15]
17:19:53.0 (39513140)|VF_SERIALIZE_VIEWSTATE_BEGIN|06646000001Bfzo
17:19:53.0 (40977182)|VF_SERIALIZE_VIEWSTATE_END
17:19:53.42 (42666287)|CUMULATIVE_LIMIT_USAGE
17:19:53.42 (42666287)|LIMIT_USAGE_FOR_NS|(default)|
  Number of SOQL queries: 2 out of 100
  Number of query rows: 4 out of 50000
  Number of SOSL queries: 0 out of 20
  Number of DML statements: 0 out of 150
  Number of DML rows: 0 out of 10000
  Maximum CPU time: 0 out of 10000
  Maximum heap size: 0 out of 6000000
  Number of callouts: 0 out of 100
  Number of Email Invocations: 0 out of 10
  Number of future calls: 0 out of 50
  Number of queueable jobs added to the queue: 0 out of 50
  Number of Mobile Apex push calls: 0 out of 10

17:19:53.42 (42666287)|CUMULATIVE_LIMIT_USAGE_END

17:19:53.0 (42698825)|CODE_UNIT_FINISHED|VF: /apex/showExpensesListForContact
17:19:53.0 (43427988)|EXECUTION_FINISHED
