39.0 APEX_CODE,FINEST;APEX_PROFILING,INFO;CALLOUT,INFO;DB,INFO;SYSTEM,DEBUG;VALIDATION,INFO;VISUALFORCE,INFO;WAVE,INFO;WORKFLOW,INFO
14:51:20.0 (328385)|USER_INFO|[EXTERNAL]|00546000000Iihs|pacosta@altimetrik.com|Argentine Time|GMT-03:00
14:51:20.0 (351568)|EXECUTION_STARTED
14:51:20.0 (355452)|CODE_UNIT_STARTED|[EXTERNAL]|06646000001Bfzo|VF: /apex/showExpensesListForContact
14:51:20.0 (474595)|VF_DESERIALIZE_VIEWSTATE_BEGIN|06646000001Bfzo
14:51:20.0 (5797020)|HEAP_ALLOCATE|[72]|Bytes:3
14:51:20.0 (5838990)|HEAP_ALLOCATE|[77]|Bytes:152
14:51:20.0 (5852139)|HEAP_ALLOCATE|[342]|Bytes:408
14:51:20.0 (5863106)|HEAP_ALLOCATE|[355]|Bytes:408
14:51:20.0 (5873087)|HEAP_ALLOCATE|[467]|Bytes:48
14:51:20.0 (5899300)|HEAP_ALLOCATE|[139]|Bytes:6
14:51:20.0 (7259323)|VF_DESERIALIZE_VIEWSTATE_END
14:51:20.0 (8136884)|SYSTEM_MODE_ENTER|true
14:51:20.0 (8342194)|HEAP_ALLOCATE|[EXTERNAL]|Bytes:100
14:51:20.0 (8350031)|HEAP_ALLOCATE|[EXTERNAL]|Bytes:31
14:51:20.0 (8358606)|METHOD_ENTRY|[1]|01p46000002x5eL|showExpensesListForContactController.showExpensesListForContactController()
14:51:20.0 (8362246)|STATEMENT_EXECUTE|[1]
14:51:20.0 (8366796)|STATEMENT_EXECUTE|[1]
14:51:20.0 (8371708)|METHOD_EXIT|[1]|showExpensesListForContactController
14:51:20.0 (8381028)|HEAP_ALLOCATE|[EXTERNAL]|Bytes:24
14:51:20.0 (8387654)|VARIABLE_SCOPE_BEGIN|[26]|this|showExpensesListForContactController|true|false
14:51:20.0 (8450841)|VARIABLE_ASSIGNMENT|[26]|this|{"CountTotalRecords":7,"idContact":"00346000002ojVW","OffsetSize":3,"QueryLimit":3,"queryString":""}|0x55e90776
14:51:20.0 (8460625)|STATEMENT_EXECUTE|[26]
14:51:20.0 (8461920)|STATEMENT_EXECUTE|[28]
14:51:20.0 (8465900)|HEAP_ALLOCATE|[28]|Bytes:136
14:51:20.0 (8473438)|HEAP_ALLOCATE|[30]|Bytes:1
14:51:20.0 (8476190)|HEAP_ALLOCATE|[31]|Bytes:7
14:51:20.0 (8531247)|HEAP_ALLOCATE|[31]|Bytes:1
14:51:20.0 (8548107)|HEAP_ALLOCATE|[28]|Bytes:160
14:51:20.0 (8550990)|HEAP_ALLOCATE|[31]|Bytes:8
14:51:20.0 (8559224)|HEAP_ALLOCATE|[31]|Bytes:1
14:51:20.0 (8567959)|HEAP_ALLOCATE|[28]|Bytes:9
14:51:20.0 (8571005)|HEAP_ALLOCATE|[28]|Bytes:169
14:51:20.0 (8605031)|HEAP_ALLOCATE|[50]|Bytes:5
14:51:20.0 (8626233)|HEAP_ALLOCATE|[56]|Bytes:5
14:51:20.0 (8632016)|HEAP_ALLOCATE|[64]|Bytes:7
14:51:20.0 (9434537)|SOQL_EXECUTE_BEGIN|[28]|Aggregations:0|SELECT id, Name, Category__c, RecordType.Name, Amount__c, Tax__c, Client_Company__c, Submitted__c FROM Expense__c WHERE Employee__r.Id='00346000002ojVW' LIMIT 3 OFFSET 3
14:51:20.0 (17146440)|SOQL_EXECUTE_END|[28]|Rows:1
14:51:20.0 (17170669)|HEAP_ALLOCATE|[28]|Bytes:8
14:51:20.0 (17198852)|HEAP_ALLOCATE|[28]|Bytes:325
14:51:20.0 (17240049)|HEAP_ALLOCATE|[28]|Bytes:8
14:51:20.0 (17265591)|VARIABLE_SCOPE_BEGIN|[28]|results|List<Expense__c>|true|false
14:51:20.0 (17307486)|VARIABLE_ASSIGNMENT|[28]|results|[{"Id":"a0F46000000FtpwEAC","Name":"Expense nueva","Category__c":"Transportation","RecordTypeId":"012460000005G1FAAU","Amount__c":4000,"Tax__c":520.00,"Submitted__c":true,"Employee__c":"00346000002ojVWAAY","RecordType":{"Name":"Business Trips","Id":"012460000005G1FAAU"}}]|0x5d5f8441
14:51:20.0 (17313501)|STATEMENT_EXECUTE|[33]
14:51:20.0 (17868970)|SYSTEM_MODE_ENTER|true
14:51:20.0 (17911901)|HEAP_ALLOCATE|[EXTERNAL]|Bytes:24
14:51:20.0 (17920842)|VARIABLE_SCOPE_BEGIN|[57]|this|showExpensesListForContactController|true|false
14:51:20.0 (17957337)|VARIABLE_ASSIGNMENT|[57]|this|{"CountTotalRecords":7,"idContact":"00346000002ojVW","OffsetSize":3,"QueryLimit":3,"queryString":""}|0x55e90776
14:51:20.0 (17968482)|STATEMENT_EXECUTE|[57]
14:51:20.0 (17978721)|STATEMENT_EXECUTE|[58]
14:51:20.0 (17979861)|STATEMENT_EXECUTE|[59]
14:51:20.0 (17994392)|HEAP_ALLOCATE|[59]|Bytes:5
14:51:20.0 (18087747)|SYSTEM_MODE_ENTER|true
14:51:20.0 (18111297)|HEAP_ALLOCATE|[EXTERNAL]|Bytes:24
14:51:20.0 (18116845)|VARIABLE_SCOPE_BEGIN|[64]|this|showExpensesListForContactController|true|false
14:51:20.0 (18136742)|VARIABLE_ASSIGNMENT|[64]|this|{"CountTotalRecords":7,"idContact":"00346000002ojVW","OffsetSize":3,"QueryLimit":3,"queryString":""}|0x55e90776
14:51:20.0 (18143059)|STATEMENT_EXECUTE|[64]
14:51:20.0 (18186585)|VARIABLE_ASSIGNMENT|[EXTERNAL]|this|{"CountTotalRecords":7,"idContact":"00346000002ojVW","OffsetSize":3,"QueryLimit":3,"queryString":""}|0x55e90776
14:51:20.0 (18196136)|STATEMENT_EXECUTE|[65]
14:51:20.0 (18197390)|STATEMENT_EXECUTE|[66]
14:51:20.0 (18201567)|HEAP_ALLOCATE|[66]|Bytes:5
14:51:20.0 (18471882)|HEAP_ALLOCATE|[EXTERNAL]|Bytes:24
14:51:20.0 (18478155)|VARIABLE_SCOPE_BEGIN|[76]|this|showExpensesListForContactController|true|false
14:51:20.0 (18499298)|VARIABLE_ASSIGNMENT|[76]|this|{"CountTotalRecords":7,"idContact":"00346000002ojVW","OffsetSize":3,"QueryLimit":3,"queryString":""}|0x55e90776
14:51:20.0 (18505445)|STATEMENT_EXECUTE|[76]
14:51:20.0 (18506572)|STATEMENT_EXECUTE|[77]
14:51:20.0 (18514562)|HEAP_ALLOCATE|[77]|Bytes:4
14:51:20.0 (18523270)|VARIABLE_ASSIGNMENT|[77]|this.OffsetSize|0|0x55e90776
14:51:20.0 (18524941)|STATEMENT_EXECUTE|[78]
14:51:20.0 (21847012)|SYSTEM_MODE_ENTER|true
14:51:20.0 (21874343)|HEAP_ALLOCATE|[EXTERNAL]|Bytes:24
14:51:20.0 (21880002)|VARIABLE_SCOPE_BEGIN|[26]|this|showExpensesListForContactController|true|false
14:51:20.0 (21909120)|VARIABLE_ASSIGNMENT|[26]|this|{"CountTotalRecords":7,"idContact":"00346000002ojVW","OffsetSize":0,"QueryLimit":3,"queryString":""}|0x55e90776
14:51:20.0 (21916279)|STATEMENT_EXECUTE|[26]
14:51:20.0 (21917714)|STATEMENT_EXECUTE|[28]
14:51:20.0 (21945338)|HEAP_ALLOCATE|[31]|Bytes:1
14:51:20.0 (21958081)|HEAP_ALLOCATE|[28]|Bytes:160
14:51:20.0 (21965456)|HEAP_ALLOCATE|[31]|Bytes:1
14:51:20.0 (21973671)|HEAP_ALLOCATE|[28]|Bytes:9
14:51:20.0 (21976412)|HEAP_ALLOCATE|[28]|Bytes:169
14:51:20.0 (22309006)|SOQL_EXECUTE_BEGIN|[28]|Aggregations:0|SELECT id, Name, Category__c, RecordType.Name, Amount__c, Tax__c, Client_Company__c, Submitted__c FROM Expense__c WHERE Employee__r.Id='00346000002ojVW' LIMIT 3 OFFSET 0
14:51:20.0 (28190888)|SOQL_EXECUTE_END|[28]|Rows:3
14:51:20.0 (28207706)|HEAP_ALLOCATE|[28]|Bytes:16
14:51:20.0 (28240125)|HEAP_ALLOCATE|[28]|Bytes:840
14:51:20.0 (28261787)|HEAP_ALLOCATE|[28]|Bytes:16
14:51:20.0 (28277861)|VARIABLE_SCOPE_BEGIN|[28]|results|List<Expense__c>|true|false
14:51:20.0 (28316292)|VARIABLE_ASSIGNMENT|[28]|results|[{"Id":"a0F46000000FBblEAG","Name":"Test","Category__c":"Transportation","RecordTypeId":"012460000005G1FAAU","Amount__c":3500,"Tax__c":455.00,"Submitted__c":true,"Employee__c":"00346000002ojVWAAY","RecordType":{"Name":"Business Trips","Id":"012460000005G1FAAU"}},{"Id":"a0F46000000Fp6rEAC","Name":"Test44","RecordTypeId":"012460000005G1FAAU","Amount__c":3000,"Tax__c":390.00,"Submitted__c":true,"Employee__c":"00346000002ojVWAAY","RecordType":{"Name":"Business Trips","Id":"012460000005G1FAAU"}},{"Id":"a0F46000000Fp76EAC","Name":"Travel to Las Vegas","Category__c":"Event Registration","RecordTypeId":"012460000005G1FAAU","Amount__c":3499,"Tax__c":454.87,"Submitted__c":true,"Employee__c":"00346000002ojVWAAY","RecordType":{"Name":"Business Trips","Id":"012460000005G1FAAU"}}]|0x797e123e
14:51:20.0 (28323178)|STATEMENT_EXECUTE|[33]
14:51:20.0 (29717832)|SYSTEM_MODE_ENTER|true
14:51:20.0 (29751995)|HEAP_ALLOCATE|[EXTERNAL]|Bytes:24
14:51:20.0 (29757676)|VARIABLE_SCOPE_BEGIN|[57]|this|showExpensesListForContactController|true|false
14:51:20.0 (29783697)|VARIABLE_ASSIGNMENT|[57]|this|{"CountTotalRecords":7,"idContact":"00346000002ojVW","OffsetSize":0,"QueryLimit":3,"queryString":""}|0x55e90776
14:51:20.0 (29792062)|STATEMENT_EXECUTE|[57]
14:51:20.0 (29797985)|STATEMENT_EXECUTE|[61]
14:51:20.0 (29807292)|HEAP_ALLOCATE|[61]|Bytes:5
14:51:20.0 (30000430)|SYSTEM_MODE_ENTER|true
14:51:20.0 (30023883)|HEAP_ALLOCATE|[EXTERNAL]|Bytes:24
14:51:20.0 (30028591)|VARIABLE_SCOPE_BEGIN|[64]|this|showExpensesListForContactController|true|false
14:51:20.0 (30049406)|VARIABLE_ASSIGNMENT|[64]|this|{"CountTotalRecords":7,"idContact":"00346000002ojVW","OffsetSize":0,"QueryLimit":3,"queryString":""}|0x55e90776
14:51:20.0 (30055384)|STATEMENT_EXECUTE|[64]
14:51:20.0 (30079351)|VARIABLE_ASSIGNMENT|[EXTERNAL]|this|{"CountTotalRecords":7,"idContact":"00346000002ojVW","OffsetSize":0,"QueryLimit":3,"queryString":""}|0x55e90776
14:51:20.0 (30087198)|STATEMENT_EXECUTE|[65]
14:51:20.0 (30088484)|STATEMENT_EXECUTE|[66]
14:51:20.0 (30093035)|HEAP_ALLOCATE|[66]|Bytes:5
14:51:20.0 (34821458)|VF_SERIALIZE_VIEWSTATE_BEGIN|06646000001Bfzo
14:51:20.0 (36427473)|VF_SERIALIZE_VIEWSTATE_END
14:51:20.38 (38130796)|CUMULATIVE_LIMIT_USAGE
14:51:20.38 (38130796)|LIMIT_USAGE_FOR_NS|(default)|
  Number of SOQL queries: 2 out of 100
  Number of query rows: 4 out of 50000
  Number of SOSL queries: 0 out of 20
  Number of DML statements: 0 out of 150
  Number of DML rows: 0 out of 10000
  Maximum CPU time: 0 out of 10000
  Maximum heap size: 0 out of 6000000
  Number of callouts: 0 out of 100
  Number of Email Invocations: 0 out of 10
  Number of future calls: 0 out of 50
  Number of queueable jobs added to the queue: 0 out of 50
  Number of Mobile Apex push calls: 0 out of 10

14:51:20.38 (38130796)|CUMULATIVE_LIMIT_USAGE_END

14:51:20.0 (38159559)|CODE_UNIT_FINISHED|VF: /apex/showExpensesListForContact
14:51:20.0 (39032193)|EXECUTION_FINISHED
