39.0 APEX_CODE,FINEST;APEX_PROFILING,INFO;CALLOUT,INFO;DB,INFO;SYSTEM,DEBUG;VALIDATION,INFO;VISUALFORCE,INFO;WAVE,INFO;WORKFLOW,INFO
16:46:33.0 (303720)|USER_INFO|[EXTERNAL]|00546000000Iihs|pacosta@altimetrik.com|Argentine Time|GMT-03:00
16:46:33.0 (320691)|EXECUTION_STARTED
16:46:33.0 (323544)|CODE_UNIT_STARTED|[EXTERNAL]|TRIGGERS
16:46:33.0 (1004204)|CODE_UNIT_STARTED|[EXTERNAL]|01q46000000Qd5z|UpdateOrDelete on Expense trigger event BeforeDelete for [a0F46000000Fp76]
16:46:33.0 (1038682)|HEAP_ALLOCATE|[EXTERNAL]|Bytes:8
16:46:33.0 (1341266)|HEAP_ALLOCATE|[72]|Bytes:3
16:46:33.0 (1359956)|HEAP_ALLOCATE|[77]|Bytes:152
16:46:33.0 (1370073)|HEAP_ALLOCATE|[342]|Bytes:408
16:46:33.0 (1382898)|HEAP_ALLOCATE|[355]|Bytes:408
16:46:33.0 (1395242)|HEAP_ALLOCATE|[467]|Bytes:48
16:46:33.0 (1416951)|HEAP_ALLOCATE|[139]|Bytes:6
16:46:33.0 (1435594)|HEAP_ALLOCATE|[EXTERNAL]|Bytes:4
16:46:33.0 (1440205)|VARIABLE_SCOPE_BEGIN|[1]|this|UpdateOrDelete|true|false
16:46:33.0 (1468280)|VARIABLE_ASSIGNMENT|[1]|this|{}|0x5f9cdf27
16:46:33.0 (1502176)|HEAP_ALLOCATE|[EXTERNAL]|Bytes:4
16:46:33.0 (1506532)|VARIABLE_SCOPE_BEGIN|[1]|this|UpdateOrDelete|true|false
16:46:33.0 (1513868)|VARIABLE_ASSIGNMENT|[1]|this|{}|0x5f9cdf27
16:46:33.0 (1518728)|STATEMENT_EXECUTE|[1]
16:46:33.0 (1545197)|HEAP_ALLOCATE|[50]|Bytes:5
16:46:33.0 (1560620)|HEAP_ALLOCATE|[56]|Bytes:5
16:46:33.0 (1566934)|HEAP_ALLOCATE|[64]|Bytes:7
16:46:33.0 (1825873)|HEAP_ALLOCATE|[3]|Bytes:5
16:46:33.0 (1848235)|VARIABLE_SCOPE_BEGIN|[3]|ex|Expense__c|true|false
16:46:33.0 (3423021)|VARIABLE_ASSIGNMENT|[3]|ex|{"Expense_Status__c":"SUBMITTED","LastModifiedDate":"2017-03-22T19:17:26.000Z","IsDeleted":false,"Travel_Country__c":"United States","Name":"Travel to Las Vegas","SystemModstamp":"2017-03-22T19:17:26.000Z","Employee__c":"00346000002ojVWAAY","OwnerId":"00546000000IihsAAC","CreatedById":"00546000000IihsAAC","Amount__c":3499,"Submitted__c":true,"Category__c":"Event Registration","RecordTypeId":"012460000005G1FAAU","CreatedDate":"2017-03-22T19:17:26.000Z","Travel_Region__c":"North America","Id":"a0F46000000Fp76EAC","LastModifiedById":"00546000000IihsAAC","Tax__c":454.87}|0x5de440b3
16:46:33.0 (3434140)|STATEMENT_EXECUTE|[3]
16:46:33.0 (3460937)|HEAP_ALLOCATE|[5]|Bytes:13
16:46:33.0 (3489611)|STATEMENT_EXECUTE|[5]
16:46:33.0 (3491270)|STATEMENT_EXECUTE|[7]
16:46:33.0 (3608068)|HEAP_ALLOCATE|[7]|Bytes:43
16:46:33.0 (3690958)|HEAP_ALLOCATE|[3]|Bytes:5
16:46:33.0 (3706299)|VARIABLE_ASSIGNMENT|[3]|ex|null|
16:46:33.3 (3712972)|CUMULATIVE_LIMIT_USAGE
16:46:33.3 (3712972)|LIMIT_USAGE_FOR_NS|(default)|
  Number of SOQL queries: 0 out of 100
  Number of query rows: 0 out of 50000
  Number of SOSL queries: 0 out of 20
  Number of DML statements: 0 out of 150
  Number of DML rows: 0 out of 10000
  Maximum CPU time: 0 out of 10000
  Maximum heap size: 0 out of 6000000
  Number of callouts: 0 out of 100
  Number of Email Invocations: 0 out of 10
  Number of future calls: 0 out of 50
  Number of queueable jobs added to the queue: 0 out of 50
  Number of Mobile Apex push calls: 0 out of 10

16:46:33.3 (3712972)|CUMULATIVE_LIMIT_USAGE_END

16:46:33.0 (4523729)|CODE_UNIT_FINISHED|UpdateOrDelete on Expense trigger event BeforeDelete for [a0F46000000Fp76]
16:46:33.0 (6623803)|CODE_UNIT_FINISHED|TRIGGERS
16:46:33.0 (6635304)|EXECUTION_FINISHED
