39.0 APEX_CODE,FINEST;APEX_PROFILING,INFO;CALLOUT,INFO;DB,INFO;SYSTEM,DEBUG;VALIDATION,INFO;VISUALFORCE,INFO;WAVE,INFO;WORKFLOW,INFO
16:43:01.0 (337896)|USER_INFO|[EXTERNAL]|00546000000Iihs|pacosta@altimetrik.com|Argentine Time|GMT-03:00
16:43:01.0 (361451)|EXECUTION_STARTED
16:43:01.0 (367797)|CODE_UNIT_STARTED|[EXTERNAL]|TRIGGERS
16:43:01.0 (393190)|CODE_UNIT_STARTED|[EXTERNAL]|01q46000000Qd5z|UpdateOrDelete on Expense trigger event BeforeUpdate for [a0F46000000Fp76]
16:43:01.0 (432481)|HEAP_ALLOCATE|[EXTERNAL]|Bytes:8
16:43:01.0 (460433)|HEAP_ALLOCATE|[EXTERNAL]|Bytes:8
16:43:01.0 (795456)|HEAP_ALLOCATE|[72]|Bytes:3
16:43:01.0 (829736)|HEAP_ALLOCATE|[77]|Bytes:152
16:43:01.0 (840344)|HEAP_ALLOCATE|[342]|Bytes:408
16:43:01.0 (852599)|HEAP_ALLOCATE|[355]|Bytes:408
16:43:01.0 (863630)|HEAP_ALLOCATE|[467]|Bytes:48
16:43:01.0 (892283)|HEAP_ALLOCATE|[139]|Bytes:6
16:43:01.0 (915360)|HEAP_ALLOCATE|[EXTERNAL]|Bytes:4
16:43:01.0 (923029)|VARIABLE_SCOPE_BEGIN|[1]|this|UpdateOrDelete|true|false
16:43:01.0 (961838)|VARIABLE_ASSIGNMENT|[1]|this|{}|0x7491abdd
16:43:01.0 (1004518)|HEAP_ALLOCATE|[EXTERNAL]|Bytes:4
16:43:01.0 (1010506)|VARIABLE_SCOPE_BEGIN|[1]|this|UpdateOrDelete|true|false
16:43:01.0 (1018355)|VARIABLE_ASSIGNMENT|[1]|this|{}|0x7491abdd
16:43:01.0 (1027985)|STATEMENT_EXECUTE|[1]
16:43:01.0 (1060405)|HEAP_ALLOCATE|[50]|Bytes:5
16:43:01.0 (1090923)|HEAP_ALLOCATE|[56]|Bytes:5
16:43:01.0 (1102097)|HEAP_ALLOCATE|[64]|Bytes:7
16:43:01.0 (1459568)|HEAP_ALLOCATE|[3]|Bytes:5
16:43:01.0 (1486865)|HEAP_ALLOCATE|[3]|Bytes:4
16:43:01.0 (1494582)|VARIABLE_SCOPE_BEGIN|[3]|ex|Expense__c|true|false
16:43:01.0 (2167291)|VARIABLE_ASSIGNMENT|[3]|ex|{"Expense_Status__c":"SUBMITTED","LastModifiedDate":"2017-03-22T19:17:26.000Z","IsDeleted":false,"Travel_Country__c":"United States","Name":"Travel to Las Vegas","SystemModstamp":"2017-03-22T19:17:26.000Z","Employee__c":"00346000002ojVWAAY","OwnerId":"00546000000IihsAAC","CreatedById":"00546000000IihsAAC","Amount__c":3211,"Submitted__c":true,"Category__c":"Event Registration","RecordTypeId":"012460000005G1FAAU","CreatedDate":"2017-03-22T19:17:26.000Z","Travel_Region__c":"North America","Id":"a0F46000000Fp76EAC","LastModifiedById":"00546000000IihsAAC","Tax__c":417.43}|0x743e5a19
16:43:01.0 (2181256)|STATEMENT_EXECUTE|[3]
16:43:01.0 (2231486)|HEAP_ALLOCATE|[5]|Bytes:13
16:43:01.0 (2266742)|STATEMENT_EXECUTE|[5]
16:43:01.0 (2268587)|STATEMENT_EXECUTE|[7]
16:43:01.0 (2449714)|HEAP_ALLOCATE|[7]|Bytes:43
16:43:01.0 (2673808)|EXCEPTION_THROWN|[7]|System.FinalException: SObject row does not allow errors
16:43:01.0 (3050231)|HEAP_ALLOCATE|[7]|Bytes:37
16:43:01.0 (3133104)|FATAL_ERROR|System.FinalException: SObject row does not allow errors

Trigger.UpdateOrDelete: line 7, column 1
16:43:01.0 (3140851)|FATAL_ERROR|System.FinalException: SObject row does not allow errors

Trigger.UpdateOrDelete: line 7, column 1
16:43:01.3 (3180402)|CUMULATIVE_LIMIT_USAGE
16:43:01.3 (3180402)|LIMIT_USAGE_FOR_NS|(default)|
  Number of SOQL queries: 0 out of 100
  Number of query rows: 0 out of 50000
  Number of SOSL queries: 0 out of 20
  Number of DML statements: 0 out of 150
  Number of DML rows: 0 out of 10000
  Maximum CPU time: 0 out of 10000
  Maximum heap size: 0 out of 6000000
  Number of callouts: 0 out of 100
  Number of Email Invocations: 0 out of 10
  Number of future calls: 0 out of 50
  Number of queueable jobs added to the queue: 0 out of 50
  Number of Mobile Apex push calls: 0 out of 10

16:43:01.3 (3180402)|CUMULATIVE_LIMIT_USAGE_END

16:43:01.0 (4220102)|CODE_UNIT_FINISHED|UpdateOrDelete on Expense trigger event BeforeUpdate for [a0F46000000Fp76]
