39.0 APEX_CODE,FINEST;APEX_PROFILING,INFO;CALLOUT,INFO;DB,INFO;SYSTEM,DEBUG;VALIDATION,INFO;VISUALFORCE,INFO;WAVE,INFO;WORKFLOW,INFO
14:51:19.0 (49451)|USER_INFO|[EXTERNAL]|00546000000Iihs|pacosta@altimetrik.com|Argentine Time|GMT-03:00
14:51:19.0 (72826)|EXECUTION_STARTED
14:51:19.0 (75962)|CODE_UNIT_STARTED|[EXTERNAL]|06646000001Bfzo|VF: /apex/showExpensesListForContact
14:51:19.0 (173934)|VF_DESERIALIZE_VIEWSTATE_BEGIN|06646000001Bfzo
14:51:19.0 (3665801)|HEAP_ALLOCATE|[72]|Bytes:3
14:51:19.0 (3720345)|HEAP_ALLOCATE|[77]|Bytes:152
14:51:19.0 (3732789)|HEAP_ALLOCATE|[342]|Bytes:408
14:51:19.0 (3746673)|HEAP_ALLOCATE|[355]|Bytes:408
14:51:19.0 (3760987)|HEAP_ALLOCATE|[467]|Bytes:48
14:51:19.0 (3785738)|HEAP_ALLOCATE|[139]|Bytes:6
14:51:19.0 (4979498)|VF_DESERIALIZE_VIEWSTATE_END
14:51:19.0 (5673797)|SYSTEM_MODE_ENTER|true
14:51:19.0 (5889493)|HEAP_ALLOCATE|[EXTERNAL]|Bytes:100
14:51:19.0 (5922852)|HEAP_ALLOCATE|[EXTERNAL]|Bytes:31
14:51:19.0 (5930933)|METHOD_ENTRY|[1]|01p46000002x5eL|showExpensesListForContactController.showExpensesListForContactController()
14:51:19.0 (5934434)|STATEMENT_EXECUTE|[1]
14:51:19.0 (5939077)|STATEMENT_EXECUTE|[1]
14:51:19.0 (5943541)|METHOD_EXIT|[1]|showExpensesListForContactController
14:51:19.0 (5947268)|HEAP_ALLOCATE|[EXTERNAL]|Bytes:24
14:51:19.0 (5953530)|VARIABLE_SCOPE_BEGIN|[26]|this|showExpensesListForContactController|true|false
14:51:19.0 (5998421)|VARIABLE_ASSIGNMENT|[26]|this|{"CountTotalRecords":7,"idContact":"00346000002ojVW","OffsetSize":6,"QueryLimit":3,"queryString":""}|0x5529d0aa
14:51:19.0 (6006059)|STATEMENT_EXECUTE|[26]
14:51:19.0 (6007913)|STATEMENT_EXECUTE|[28]
14:51:19.0 (6011349)|HEAP_ALLOCATE|[28]|Bytes:136
14:51:19.0 (6017075)|HEAP_ALLOCATE|[30]|Bytes:1
14:51:19.0 (6019859)|HEAP_ALLOCATE|[31]|Bytes:7
14:51:19.0 (6072805)|HEAP_ALLOCATE|[31]|Bytes:1
14:51:19.0 (6089438)|HEAP_ALLOCATE|[28]|Bytes:160
14:51:19.0 (6092232)|HEAP_ALLOCATE|[31]|Bytes:8
14:51:19.0 (6099756)|HEAP_ALLOCATE|[31]|Bytes:1
14:51:19.0 (6107797)|HEAP_ALLOCATE|[28]|Bytes:9
14:51:19.0 (6110621)|HEAP_ALLOCATE|[28]|Bytes:169
14:51:19.0 (6143675)|HEAP_ALLOCATE|[50]|Bytes:5
14:51:19.0 (6163994)|HEAP_ALLOCATE|[56]|Bytes:5
14:51:19.0 (6169830)|HEAP_ALLOCATE|[64]|Bytes:7
14:51:19.0 (6908711)|SOQL_EXECUTE_BEGIN|[28]|Aggregations:0|SELECT id, Name, Category__c, RecordType.Name, Amount__c, Tax__c, Client_Company__c, Submitted__c FROM Expense__c WHERE Employee__r.Id='00346000002ojVW' LIMIT 3 OFFSET 6
14:51:19.0 (13097504)|SOQL_EXECUTE_END|[28]|Rows:0
14:51:19.0 (13116442)|HEAP_ALLOCATE|[28]|Bytes:4
14:51:19.0 (13127887)|HEAP_ALLOCATE|[28]|Bytes:0
14:51:19.0 (13196377)|HEAP_ALLOCATE|[28]|Bytes:4
14:51:19.0 (13213062)|VARIABLE_SCOPE_BEGIN|[28]|results|List<Expense__c>|true|false
14:51:19.0 (13229189)|VARIABLE_ASSIGNMENT|[28]|results|[]|0x598bd1e5
14:51:19.0 (13232340)|STATEMENT_EXECUTE|[33]
14:51:19.0 (13690592)|SYSTEM_MODE_ENTER|true
14:51:19.0 (13721383)|HEAP_ALLOCATE|[EXTERNAL]|Bytes:24
14:51:19.0 (13728651)|VARIABLE_SCOPE_BEGIN|[57]|this|showExpensesListForContactController|true|false
14:51:19.0 (13760038)|VARIABLE_ASSIGNMENT|[57]|this|{"CountTotalRecords":7,"idContact":"00346000002ojVW","OffsetSize":6,"QueryLimit":3,"queryString":""}|0x5529d0aa
14:51:19.0 (13766962)|STATEMENT_EXECUTE|[57]
14:51:19.0 (13771980)|STATEMENT_EXECUTE|[58]
14:51:19.0 (13773214)|STATEMENT_EXECUTE|[59]
14:51:19.0 (13782652)|HEAP_ALLOCATE|[59]|Bytes:5
14:51:19.0 (13863191)|SYSTEM_MODE_ENTER|true
14:51:19.0 (13882267)|HEAP_ALLOCATE|[EXTERNAL]|Bytes:24
14:51:19.0 (13886986)|VARIABLE_SCOPE_BEGIN|[64]|this|showExpensesListForContactController|true|false
14:51:19.0 (13906549)|VARIABLE_ASSIGNMENT|[64]|this|{"CountTotalRecords":7,"idContact":"00346000002ojVW","OffsetSize":6,"QueryLimit":3,"queryString":""}|0x5529d0aa
14:51:19.0 (13912063)|STATEMENT_EXECUTE|[64]
14:51:19.0 (13948079)|VARIABLE_ASSIGNMENT|[EXTERNAL]|this|{"CountTotalRecords":7,"idContact":"00346000002ojVW","OffsetSize":6,"QueryLimit":3,"queryString":""}|0x5529d0aa
14:51:19.0 (13957674)|STATEMENT_EXECUTE|[68]
14:51:19.0 (13962118)|HEAP_ALLOCATE|[68]|Bytes:5
14:51:19.0 (14170551)|HEAP_ALLOCATE|[EXTERNAL]|Bytes:24
14:51:19.0 (14177625)|VARIABLE_SCOPE_BEGIN|[76]|this|showExpensesListForContactController|true|false
14:51:19.0 (14198030)|VARIABLE_ASSIGNMENT|[76]|this|{"CountTotalRecords":7,"idContact":"00346000002ojVW","OffsetSize":6,"QueryLimit":3,"queryString":""}|0x5529d0aa
14:51:19.0 (14203986)|STATEMENT_EXECUTE|[76]
14:51:19.0 (14205407)|STATEMENT_EXECUTE|[77]
14:51:19.0 (14212313)|HEAP_ALLOCATE|[77]|Bytes:4
14:51:19.0 (14219472)|VARIABLE_ASSIGNMENT|[77]|this.OffsetSize|3|0x5529d0aa
14:51:19.0 (14221210)|STATEMENT_EXECUTE|[78]
14:51:19.0 (17337378)|SYSTEM_MODE_ENTER|true
14:51:19.0 (17362730)|HEAP_ALLOCATE|[EXTERNAL]|Bytes:24
14:51:19.0 (17367717)|VARIABLE_SCOPE_BEGIN|[26]|this|showExpensesListForContactController|true|false
14:51:19.0 (17391258)|VARIABLE_ASSIGNMENT|[26]|this|{"CountTotalRecords":7,"idContact":"00346000002ojVW","OffsetSize":3,"QueryLimit":3,"queryString":""}|0x5529d0aa
14:51:19.0 (17398437)|STATEMENT_EXECUTE|[26]
14:51:19.0 (17400011)|STATEMENT_EXECUTE|[28]
14:51:19.0 (17419251)|HEAP_ALLOCATE|[31]|Bytes:1
14:51:19.0 (17431797)|HEAP_ALLOCATE|[28]|Bytes:160
14:51:19.0 (17438956)|HEAP_ALLOCATE|[31]|Bytes:1
14:51:19.0 (17445252)|HEAP_ALLOCATE|[28]|Bytes:9
14:51:19.0 (17448023)|HEAP_ALLOCATE|[28]|Bytes:169
14:51:19.0 (17772114)|SOQL_EXECUTE_BEGIN|[28]|Aggregations:0|SELECT id, Name, Category__c, RecordType.Name, Amount__c, Tax__c, Client_Company__c, Submitted__c FROM Expense__c WHERE Employee__r.Id='00346000002ojVW' LIMIT 3 OFFSET 3
14:51:19.0 (22300286)|SOQL_EXECUTE_END|[28]|Rows:1
14:51:19.0 (22313726)|HEAP_ALLOCATE|[28]|Bytes:8
14:51:19.0 (22335294)|HEAP_ALLOCATE|[28]|Bytes:325
14:51:19.0 (22348100)|HEAP_ALLOCATE|[28]|Bytes:8
14:51:19.0 (22359746)|VARIABLE_SCOPE_BEGIN|[28]|results|List<Expense__c>|true|false
14:51:19.0 (22385810)|VARIABLE_ASSIGNMENT|[28]|results|[{"Id":"a0F46000000FtpwEAC","Name":"Expense nueva","Category__c":"Transportation","RecordTypeId":"012460000005G1FAAU","Amount__c":4000,"Tax__c":520.00,"Submitted__c":true,"Employee__c":"00346000002ojVWAAY","RecordType":{"Name":"Business Trips","Id":"012460000005G1FAAU"}}]|0x76ce3b6
14:51:19.0 (22390358)|STATEMENT_EXECUTE|[33]
14:51:19.0 (23627614)|SYSTEM_MODE_ENTER|true
14:51:19.0 (23653528)|HEAP_ALLOCATE|[EXTERNAL]|Bytes:24
14:51:19.0 (23659147)|VARIABLE_SCOPE_BEGIN|[57]|this|showExpensesListForContactController|true|false
14:51:19.0 (23683921)|VARIABLE_ASSIGNMENT|[57]|this|{"CountTotalRecords":7,"idContact":"00346000002ojVW","OffsetSize":3,"QueryLimit":3,"queryString":""}|0x5529d0aa
14:51:19.0 (23690328)|STATEMENT_EXECUTE|[57]
14:51:19.0 (23694073)|STATEMENT_EXECUTE|[58]
14:51:19.0 (23695317)|STATEMENT_EXECUTE|[59]
14:51:19.0 (23700161)|HEAP_ALLOCATE|[59]|Bytes:5
14:51:19.0 (24069876)|SYSTEM_MODE_ENTER|true
14:51:19.0 (24094274)|HEAP_ALLOCATE|[EXTERNAL]|Bytes:24
14:51:19.0 (24099009)|VARIABLE_SCOPE_BEGIN|[64]|this|showExpensesListForContactController|true|false
14:51:19.0 (24121425)|VARIABLE_ASSIGNMENT|[64]|this|{"CountTotalRecords":7,"idContact":"00346000002ojVW","OffsetSize":3,"QueryLimit":3,"queryString":""}|0x5529d0aa
14:51:19.0 (24127594)|STATEMENT_EXECUTE|[64]
14:51:19.0 (24150704)|VARIABLE_ASSIGNMENT|[EXTERNAL]|this|{"CountTotalRecords":7,"idContact":"00346000002ojVW","OffsetSize":3,"QueryLimit":3,"queryString":""}|0x5529d0aa
14:51:19.0 (24159272)|STATEMENT_EXECUTE|[65]
14:51:19.0 (24160587)|STATEMENT_EXECUTE|[66]
14:51:19.0 (24165136)|HEAP_ALLOCATE|[66]|Bytes:5
14:51:19.0 (26728123)|VF_SERIALIZE_VIEWSTATE_BEGIN|06646000001Bfzo
14:51:19.0 (28323753)|VF_SERIALIZE_VIEWSTATE_END
14:51:19.29 (29989073)|CUMULATIVE_LIMIT_USAGE
14:51:19.29 (29989073)|LIMIT_USAGE_FOR_NS|(default)|
  Number of SOQL queries: 2 out of 100
  Number of query rows: 1 out of 50000
  Number of SOSL queries: 0 out of 20
  Number of DML statements: 0 out of 150
  Number of DML rows: 0 out of 10000
  Maximum CPU time: 0 out of 10000
  Maximum heap size: 0 out of 6000000
  Number of callouts: 0 out of 100
  Number of Email Invocations: 0 out of 10
  Number of future calls: 0 out of 50
  Number of queueable jobs added to the queue: 0 out of 50
  Number of Mobile Apex push calls: 0 out of 10

14:51:19.29 (29989073)|CUMULATIVE_LIMIT_USAGE_END

14:51:19.0 (30021184)|CODE_UNIT_FINISHED|VF: /apex/showExpensesListForContact
14:51:19.0 (30765055)|EXECUTION_FINISHED
