39.0 APEX_CODE,FINEST;APEX_PROFILING,INFO;CALLOUT,INFO;DB,INFO;SYSTEM,DEBUG;VALIDATION,INFO;VISUALFORCE,INFO;WAVE,INFO;WORKFLOW,INFO
17:11:29.0 (337482)|USER_INFO|[EXTERNAL]|00546000000Iihs|pacosta@altimetrik.com|Argentine Time|GMT-03:00
17:11:29.0 (364583)|EXECUTION_STARTED
17:11:29.0 (368172)|CODE_UNIT_STARTED|[EXTERNAL]|06646000001BW08|VF: /apex/ListOfEmployees
17:11:29.0 (6579834)|SYSTEM_MODE_ENTER|true
17:11:29.0 (6852331)|HEAP_ALLOCATE|[72]|Bytes:3
17:11:29.0 (6878634)|HEAP_ALLOCATE|[77]|Bytes:152
17:11:29.0 (6889986)|HEAP_ALLOCATE|[342]|Bytes:408
17:11:29.0 (6901273)|HEAP_ALLOCATE|[355]|Bytes:408
17:11:29.0 (6911822)|HEAP_ALLOCATE|[467]|Bytes:48
17:11:29.0 (6934265)|HEAP_ALLOCATE|[139]|Bytes:6
17:11:29.0 (6946208)|HEAP_ALLOCATE|[EXTERNAL]|Bytes:14
17:11:29.0 (6949453)|HEAP_ALLOCATE|[EXTERNAL]|Bytes:96
17:11:29.0 (6951325)|HEAP_ALLOCATE|[EXTERNAL]|Bytes:24
17:11:29.0 (6958055)|METHOD_ENTRY|[1]|01p46000002wayn|ExpenseController.ExpenseController()
17:11:29.0 (6962612)|STATEMENT_EXECUTE|[1]
17:11:29.0 (6967223)|STATEMENT_EXECUTE|[1]
17:11:29.0 (6968613)|STATEMENT_EXECUTE|[97]
17:11:29.0 (6972480)|METHOD_EXIT|[1]|ExpenseController
17:11:29.0 (6985812)|HEAP_ALLOCATE|[EXTERNAL]|Bytes:12
17:11:29.0 (6990844)|VARIABLE_SCOPE_BEGIN|[1]|this|ExpenseController|true|false
17:11:29.0 (7036597)|VARIABLE_ASSIGNMENT|[1]|this|{}|0xe21555c
17:11:29.0 (7046104)|HEAP_ALLOCATE|[3]|Bytes:6
17:11:29.0 (7087833)|STATEMENT_EXECUTE|[1]
17:11:29.0 (7089392)|STATEMENT_EXECUTE|[3]
17:11:29.0 (7102291)|VARIABLE_ASSIGNMENT|[3]|this.queryString|""|0xe21555c
17:11:29.0 (7104950)|STATEMENT_EXECUTE|[5]
17:11:29.0 (7148966)|SYSTEM_MODE_ENTER|true
17:11:29.0 (7180875)|HEAP_ALLOCATE|[EXTERNAL]|Bytes:12
17:11:29.0 (7186158)|VARIABLE_SCOPE_BEGIN|[8]|this|ExpenseController|true|false
17:11:29.0 (7201738)|VARIABLE_ASSIGNMENT|[8]|this|{"queryString":""}|0xe21555c
17:11:29.0 (7209070)|STATEMENT_EXECUTE|[8]
17:11:29.0 (7210431)|STATEMENT_EXECUTE|[10]
17:11:29.0 (7213220)|HEAP_ALLOCATE|[10]|Bytes:161
17:11:29.0 (7230996)|HEAP_ALLOCATE|[10]|Bytes:161
17:11:29.0 (7246622)|HEAP_ALLOCATE|[50]|Bytes:5
17:11:29.0 (7259411)|HEAP_ALLOCATE|[56]|Bytes:5
17:11:29.0 (7264934)|HEAP_ALLOCATE|[64]|Bytes:7
17:11:29.0 (8953577)|SOQL_EXECUTE_BEGIN|[10]|Aggregations:0|SELECT Category__c, RecordType.Name, Amount__c, Tax__c, Client_Company__c, Submitted__c, Employee__r.Id, Employee__r.Name, Employee__r.Birthdate FROM Expense__c 
17:11:29.0 (17461985)|SOQL_EXECUTE_END|[10]|Rows:5
17:11:29.0 (17482233)|HEAP_ALLOCATE|[10]|Bytes:24
17:11:29.0 (17526124)|HEAP_ALLOCATE|[10]|Bytes:1579
17:11:29.0 (17577821)|HEAP_ALLOCATE|[10]|Bytes:24
17:11:29.0 (17592980)|VARIABLE_SCOPE_BEGIN|[10]|results|List<Expense__c>|true|false
17:11:29.0 (17667051)|VARIABLE_ASSIGNMENT|[10]|results|[{"Category__c":"Road Meals","RecordTypeId":"012460000005G1KAAU","Amount__c":8900,"Tax__c":1157.00,"Submitted__c":true,"Employee__c":"00346000002ojeGAAQ","Id":"a0F46000000FmUwEAK","RecordType":{"Name":"Client Meetings","Id":"012460000005G1KAAU"},"Employee__r":{"Id":"00346000002ojeGAAQ","Name":"Paolo Smith"}},{"RecordTypeId":"012460000005G1FAAU","Amount__c":3000,"Tax__c":390.00,"Submitted__c":true,"Employee__c":"00346000002ojVWAAY","Id":"a0F46000000Fp6rEAC","RecordType":{"Name":"Business Trips","Id":"012460000005G1FAAU"},"Employee__r":{"Id":"00346000002ojVWAAY","Name":"Carol Ruiz","Birthdate":"2017-10-09T00:00:00.000Z"}},{"Category__c":"Event Registration","RecordTypeId":"012460000005G1FAAU","Amount__c":3499,"Tax__c":454.87,"Submitted__c":true,"Employee__c":"00346000002ojVWAAY","Id":"a0F46000000Fp76EAC","RecordType":{"Name":"Business Trips","Id":"012460000005G1FAAU"},"Employee__r":{"Id":"00346000002ojVWAAY","Name":"Carol Ruiz","Birthdate":"2017-10-09T00:00:00.000Z"}},{"Category__c":"Event Registration","RecordTypeId":"012460000005G1KAAU","Amount__c":5600,"Tax__c":728.00,"Submitted__c":true,"Employee__c":"00346000002oeLWAAY","Id":"a0F46000000FBc6EAG","RecordType":{"Name":"Client Meetings","Id":"012460000005G1KAAU"},"Employee__r":{"Id":"00346000002oeLWAAY","Name":"Paulo Acosta"}},{"Category__c":"Transportation","RecordTypeId":"012460000005G1FAAU","Amount__c":3500,"Tax__c":455.00,"Submitted__c":false,"Employee__c":"00346000002ojVWAAY","Id":"a0F46000000FBblEAG","RecordType":{"Name":"Business Trips","Id":"012460000005G1FAAU"},"Employee__r":{"Id":"00346000002ojVWAAY","Name":"Carol Ruiz","Birthdate":"2017-10-09T00:00:00.000Z"}}]|0x3111dbf9
17:11:29.0 (17679667)|STATEMENT_EXECUTE|[15]
17:11:29.0 (17686194)|HEAP_ALLOCATE|[15]|Bytes:4
17:11:29.0 (17766184)|VARIABLE_ASSIGNMENT|[EXTERNAL]|this|{"queryString":""}|0xe21555c
17:11:29.0 (17782865)|HEAP_ALLOCATE|[EXTERNAL]|Bytes:4
17:11:29.0 (17790109)|VARIABLE_ASSIGNMENT|[EXTERNAL]|value|[]|0x4064508e
17:11:29.0 (17798074)|VARIABLE_ASSIGNMENT|[5]|this.wrappedExpenses|[]|0xe21555c
17:11:29.0 (17961407)|HEAP_ALLOCATE|[16]|Bytes:5
17:11:29.0 (17994258)|HEAP_ALLOCATE|[16]|Bytes:40
17:11:29.0 (18002056)|VARIABLE_SCOPE_BEGIN|[16]|ex|Expense__c|true|false
17:11:29.0 (18020080)|VARIABLE_ASSIGNMENT|[16]|ex|{"Category__c":"Road Meals","RecordTypeId":"012460000005G1KAAU","Amount__c":8900,"Tax__c":1157.00,"Submitted__c":true,"Employee__c":"00346000002ojeGAAQ","Id":"a0F46000000FmUwEAK","RecordType":{"Name":"Client Meetings","Id":"012460000005G1KAAU"},"Employee__r":{"Id":"00346000002ojeGAAQ","Name":"Paolo Smith"}}|0x26c9dc40
17:11:29.0 (18025197)|STATEMENT_EXECUTE|[16]
17:11:29.0 (18026861)|STATEMENT_EXECUTE|[18]
17:11:29.0 (18060283)|VARIABLE_ASSIGNMENT|[EXTERNAL]|this|{"queryString":"","wrappedExpenses":"0x4064508e"}|0xe21555c
17:11:29.0 (18114284)|HEAP_ALLOCATE|[18]|Bytes:116
17:11:29.0 (18119185)|HEAP_ALLOCATE|[18]|Bytes:10
17:11:29.0 (18130499)|HEAP_ALLOCATE|[18]|Bytes:12
17:11:29.0 (18146978)|CONSTRUCTOR_ENTRY|[18]|01p46000002wayn|<init>(Expense__c,Boolean)
17:11:29.0 (18157737)|VARIABLE_SCOPE_BEGIN|[102]|this|ExpenseController.ExpenseWrapper|true|false
17:11:29.0 (18176732)|VARIABLE_ASSIGNMENT|[102]|this|{}|0x203ceb81
17:11:29.0 (18179376)|VARIABLE_SCOPE_BEGIN|[102]|ex|Expense__c|true|false
17:11:29.0 (18191956)|VARIABLE_ASSIGNMENT|[102]|ex|{"Category__c":"Road Meals","RecordTypeId":"012460000005G1KAAU","Amount__c":8900,"Tax__c":1157.00,"Submitted__c":true,"Employee__c":"00346000002ojeGAAQ","Id":"a0F46000000FmUwEAK","RecordType":{"Name":"Client Meetings","Id":"012460000005G1KAAU"},"Employee__r":{"Id":"00346000002ojeGAAQ","Name":"Paolo Smith"}}|0x26c9dc40
17:11:29.0 (18197705)|VARIABLE_SCOPE_BEGIN|[102]|check|Boolean|false|false
17:11:29.0 (18200701)|VARIABLE_ASSIGNMENT|[102]|check|false
17:11:29.0 (18204174)|STATEMENT_EXECUTE|[97]
17:11:29.0 (18205856)|STATEMENT_EXECUTE|[99]
17:11:29.0 (18207173)|STATEMENT_EXECUTE|[100]
17:11:29.0 (18219369)|STATEMENT_EXECUTE|[102]
17:11:29.0 (18220767)|STATEMENT_EXECUTE|[104]
17:11:29.0 (18266022)|VARIABLE_ASSIGNMENT|[EXTERNAL]|this|{}|0x203ceb81
17:11:29.0 (18279460)|VARIABLE_ASSIGNMENT|[EXTERNAL]|value|{"Category__c":"Road Meals","RecordTypeId":"012460000005G1KAAU","Amount__c":8900,"Tax__c":1157.00,"Submitted__c":true,"Employee__c":"00346000002ojeGAAQ","Id":"a0F46000000FmUwEAK","RecordType":{"Name":"Client Meetings","Id":"012460000005G1KAAU"},"Employee__r":{"Id":"00346000002ojeGAAQ","Name":"Paolo Smith"}}|0x26c9dc40
17:11:29.0 (18293436)|VARIABLE_ASSIGNMENT|[99]|this.expense|{"Category__c":"Road Meals","RecordTypeId":"012460000005G1KAAU","Amount__c":8900,"Tax__c":1157.00,"Submitted__c":true,"Employee__c":"00346000002ojeGAAQ","Id":"a0F46000000FmUwEAK","RecordType":{"Name":"Client Meetings","Id":"012460000005G1KAAU"},"Employee__r":{"Id":"00346000002ojeGAAQ","Name":"Paolo Smith"}}|0x203ceb81
17:11:29.0 (18301045)|STATEMENT_EXECUTE|[105]
17:11:29.0 (18328545)|VARIABLE_ASSIGNMENT|[EXTERNAL]|this|{"expense":"0x26c9dc40"}|0x203ceb81
17:11:29.0 (18334488)|VARIABLE_ASSIGNMENT|[EXTERNAL]|value|false
17:11:29.0 (18338047)|HEAP_ALLOCATE|[100]|Bytes:5
17:11:29.0 (18342464)|VARIABLE_ASSIGNMENT|[100]|this.checked|false|0x203ceb81
17:11:29.0 (18350791)|CONSTRUCTOR_EXIT|[18]|01p46000002wayn|<init>(Expense__c,Boolean)
17:11:29.0 (18360665)|HEAP_ALLOCATE|[EXTERNAL]|Bytes:4
17:11:29.0 (18369979)|HEAP_ALLOCATE|[16]|Bytes:5
17:11:29.0 (18391130)|HEAP_ALLOCATE|[16]|Bytes:36
17:11:29.0 (18396599)|VARIABLE_SCOPE_BEGIN|[16]|ex|Expense__c|true|false
17:11:29.0 (18416238)|VARIABLE_ASSIGNMENT|[16]|ex|{"RecordTypeId":"012460000005G1FAAU","Amount__c":3000,"Tax__c":390.00,"Submitted__c":true,"Employee__c":"00346000002ojVWAAY","Id":"a0F46000000Fp6rEAC","RecordType":{"Name":"Business Trips","Id":"012460000005G1FAAU"},"Employee__r":{"Id":"00346000002ojVWAAY","Name":"Carol Ruiz","Birthdate":"2017-10-09T00:00:00.000Z"}}|0x55fb27d1
17:11:29.0 (18420884)|STATEMENT_EXECUTE|[16]
17:11:29.0 (18422230)|STATEMENT_EXECUTE|[18]
17:11:29.0 (18438748)|VARIABLE_ASSIGNMENT|[EXTERNAL]|this|{"queryString":"","wrappedExpenses":"0x4064508e"}|0xe21555c
17:11:29.0 (18446203)|HEAP_ALLOCATE|[18]|Bytes:12
17:11:29.0 (18453685)|CONSTRUCTOR_ENTRY|[18]|01p46000002wayn|<init>(Expense__c,Boolean)
17:11:29.0 (18456597)|VARIABLE_SCOPE_BEGIN|[102]|this|ExpenseController.ExpenseWrapper|true|false
17:11:29.0 (18463558)|VARIABLE_ASSIGNMENT|[102]|this|{}|0x228ef61e
17:11:29.0 (18465152)|VARIABLE_SCOPE_BEGIN|[102]|ex|Expense__c|true|false
17:11:29.0 (18483810)|VARIABLE_ASSIGNMENT|[102]|ex|{"RecordTypeId":"012460000005G1FAAU","Amount__c":3000,"Tax__c":390.00,"Submitted__c":true,"Employee__c":"00346000002ojVWAAY","Id":"a0F46000000Fp6rEAC","RecordType":{"Name":"Business Trips","Id":"012460000005G1FAAU"},"Employee__r":{"Id":"00346000002ojVWAAY","Name":"Carol Ruiz","Birthdate":"2017-10-09T00:00:00.000Z"}}|0x55fb27d1
17:11:29.0 (18488904)|VARIABLE_SCOPE_BEGIN|[102]|check|Boolean|false|false
17:11:29.0 (18491442)|VARIABLE_ASSIGNMENT|[102]|check|false
17:11:29.0 (18494226)|STATEMENT_EXECUTE|[97]
17:11:29.0 (18495410)|STATEMENT_EXECUTE|[99]
17:11:29.0 (18496763)|STATEMENT_EXECUTE|[100]
17:11:29.0 (18505693)|STATEMENT_EXECUTE|[102]
17:11:29.0 (18507033)|STATEMENT_EXECUTE|[104]
17:11:29.0 (18516204)|VARIABLE_ASSIGNMENT|[EXTERNAL]|this|{}|0x228ef61e
17:11:29.0 (18528947)|VARIABLE_ASSIGNMENT|[EXTERNAL]|value|{"RecordTypeId":"012460000005G1FAAU","Amount__c":3000,"Tax__c":390.00,"Submitted__c":true,"Employee__c":"00346000002ojVWAAY","Id":"a0F46000000Fp6rEAC","RecordType":{"Name":"Business Trips","Id":"012460000005G1FAAU"},"Employee__r":{"Id":"00346000002ojVWAAY","Name":"Carol Ruiz","Birthdate":"2017-10-09T00:00:00.000Z"}}|0x55fb27d1
17:11:29.0 (18541784)|VARIABLE_ASSIGNMENT|[99]|this.expense|{"RecordTypeId":"012460000005G1FAAU","Amount__c":3000,"Tax__c":390.00,"Submitted__c":true,"Employee__c":"00346000002ojVWAAY","Id":"a0F46000000Fp6rEAC","RecordType":{"Name":"Business Trips","Id":"012460000005G1FAAU"},"Employee__r":{"Id":"00346000002ojVWAAY","Name":"Carol Ruiz","Birthdate":"2017-10-09T00:00:00.000Z"}}|0x228ef61e
17:11:29.0 (18547311)|STATEMENT_EXECUTE|[105]
17:11:29.0 (18556152)|VARIABLE_ASSIGNMENT|[EXTERNAL]|this|{"expense":"0x55fb27d1"}|0x228ef61e
17:11:29.0 (18560358)|VARIABLE_ASSIGNMENT|[EXTERNAL]|value|false
17:11:29.0 (18562841)|HEAP_ALLOCATE|[100]|Bytes:5
17:11:29.0 (18566165)|VARIABLE_ASSIGNMENT|[100]|this.checked|false|0x228ef61e
17:11:29.0 (18573472)|CONSTRUCTOR_EXIT|[18]|01p46000002wayn|<init>(Expense__c,Boolean)
17:11:29.0 (18578927)|HEAP_ALLOCATE|[EXTERNAL]|Bytes:4
17:11:29.0 (18586311)|HEAP_ALLOCATE|[16]|Bytes:5
17:11:29.0 (18604907)|HEAP_ALLOCATE|[16]|Bytes:40
17:11:29.0 (18609265)|VARIABLE_SCOPE_BEGIN|[16]|ex|Expense__c|true|false
17:11:29.0 (18626077)|VARIABLE_ASSIGNMENT|[16]|ex|{"Category__c":"Event Registration","RecordTypeId":"012460000005G1FAAU","Amount__c":3499,"Tax__c":454.87,"Submitted__c":true,"Employee__c":"00346000002ojVWAAY","Id":"a0F46000000Fp76EAC","RecordType":{"Name":"Business Trips","Id":"012460000005G1FAAU"},"Employee__r":{"Id":"00346000002ojVWAAY","Name":"Carol Ruiz","Birthdate":"2017-10-09T00:00:00.000Z"}}|0x228ab819
17:11:29.0 (18630567)|STATEMENT_EXECUTE|[16]
17:11:29.0 (18631813)|STATEMENT_EXECUTE|[18]
17:11:29.0 (18646149)|VARIABLE_ASSIGNMENT|[EXTERNAL]|this|{"queryString":"","wrappedExpenses":"0x4064508e"}|0xe21555c
17:11:29.0 (18652714)|HEAP_ALLOCATE|[18]|Bytes:12
17:11:29.0 (18659492)|CONSTRUCTOR_ENTRY|[18]|01p46000002wayn|<init>(Expense__c,Boolean)
17:11:29.0 (18661678)|VARIABLE_SCOPE_BEGIN|[102]|this|ExpenseController.ExpenseWrapper|true|false
17:11:29.0 (18668485)|VARIABLE_ASSIGNMENT|[102]|this|{}|0x31e6deb5
17:11:29.0 (18669877)|VARIABLE_SCOPE_BEGIN|[102]|ex|Expense__c|true|false
17:11:29.0 (18682807)|VARIABLE_ASSIGNMENT|[102]|ex|{"Category__c":"Event Registration","RecordTypeId":"012460000005G1FAAU","Amount__c":3499,"Tax__c":454.87,"Submitted__c":true,"Employee__c":"00346000002ojVWAAY","Id":"a0F46000000Fp76EAC","RecordType":{"Name":"Business Trips","Id":"012460000005G1FAAU"},"Employee__r":{"Id":"00346000002ojVWAAY","Name":"Carol Ruiz","Birthdate":"2017-10-09T00:00:00.000Z"}}|0x228ab819
17:11:29.0 (18687171)|VARIABLE_SCOPE_BEGIN|[102]|check|Boolean|false|false
17:11:29.0 (18689448)|VARIABLE_ASSIGNMENT|[102]|check|false
17:11:29.0 (18691740)|STATEMENT_EXECUTE|[97]
17:11:29.0 (18692860)|STATEMENT_EXECUTE|[99]
17:11:29.0 (18694303)|STATEMENT_EXECUTE|[100]
17:11:29.0 (18701586)|STATEMENT_EXECUTE|[102]
17:11:29.0 (18702864)|STATEMENT_EXECUTE|[104]
17:11:29.0 (18711132)|VARIABLE_ASSIGNMENT|[EXTERNAL]|this|{}|0x31e6deb5
17:11:29.0 (18723298)|VARIABLE_ASSIGNMENT|[EXTERNAL]|value|{"Category__c":"Event Registration","RecordTypeId":"012460000005G1FAAU","Amount__c":3499,"Tax__c":454.87,"Submitted__c":true,"Employee__c":"00346000002ojVWAAY","Id":"a0F46000000Fp76EAC","RecordType":{"Name":"Business Trips","Id":"012460000005G1FAAU"},"Employee__r":{"Id":"00346000002ojVWAAY","Name":"Carol Ruiz","Birthdate":"2017-10-09T00:00:00.000Z"}}|0x228ab819
17:11:29.0 (18737021)|VARIABLE_ASSIGNMENT|[99]|this.expense|{"Category__c":"Event Registration","RecordTypeId":"012460000005G1FAAU","Amount__c":3499,"Tax__c":454.87,"Submitted__c":true,"Employee__c":"00346000002ojVWAAY","Id":"a0F46000000Fp76EAC","RecordType":{"Name":"Business Trips","Id":"012460000005G1FAAU"},"Employee__r":{"Id":"00346000002ojVWAAY","Name":"Carol Ruiz","Birthdate":"2017-10-09T00:00:00.000Z"}}|0x31e6deb5
17:11:29.0 (18742570)|STATEMENT_EXECUTE|[105]
17:11:29.0 (18750910)|VARIABLE_ASSIGNMENT|[EXTERNAL]|this|{"expense":"0x228ab819"}|0x31e6deb5
17:11:29.0 (18754789)|VARIABLE_ASSIGNMENT|[EXTERNAL]|value|false
17:11:29.0 (18757156)|HEAP_ALLOCATE|[100]|Bytes:5
17:11:29.0 (18760502)|VARIABLE_ASSIGNMENT|[100]|this.checked|false|0x31e6deb5
17:11:29.0 (18767200)|CONSTRUCTOR_EXIT|[18]|01p46000002wayn|<init>(Expense__c,Boolean)
17:11:29.0 (18772292)|HEAP_ALLOCATE|[EXTERNAL]|Bytes:4
17:11:29.0 (18779164)|HEAP_ALLOCATE|[16]|Bytes:5
17:11:29.0 (18794858)|HEAP_ALLOCATE|[16]|Bytes:40
17:11:29.0 (18798983)|VARIABLE_SCOPE_BEGIN|[16]|ex|Expense__c|true|false
17:11:29.0 (18811550)|VARIABLE_ASSIGNMENT|[16]|ex|{"Category__c":"Event Registration","RecordTypeId":"012460000005G1KAAU","Amount__c":5600,"Tax__c":728.00,"Submitted__c":true,"Employee__c":"00346000002oeLWAAY","Id":"a0F46000000FBc6EAG","RecordType":{"Name":"Client Meetings","Id":"012460000005G1KAAU"},"Employee__r":{"Id":"00346000002oeLWAAY","Name":"Paulo Acosta"}}|0x4b5d27c3
17:11:29.0 (18815626)|STATEMENT_EXECUTE|[16]
17:11:29.0 (18817419)|STATEMENT_EXECUTE|[18]
17:11:29.0 (18830293)|VARIABLE_ASSIGNMENT|[EXTERNAL]|this|{"queryString":"","wrappedExpenses":"0x4064508e"}|0xe21555c
17:11:29.0 (18836022)|HEAP_ALLOCATE|[18]|Bytes:12
17:11:29.0 (18842056)|CONSTRUCTOR_ENTRY|[18]|01p46000002wayn|<init>(Expense__c,Boolean)
17:11:29.0 (18844234)|VARIABLE_SCOPE_BEGIN|[102]|this|ExpenseController.ExpenseWrapper|true|false
17:11:29.0 (18850666)|VARIABLE_ASSIGNMENT|[102]|this|{}|0x3de907ca
17:11:29.0 (18851979)|VARIABLE_SCOPE_BEGIN|[102]|ex|Expense__c|true|false
17:11:29.0 (18861634)|VARIABLE_ASSIGNMENT|[102]|ex|{"Category__c":"Event Registration","RecordTypeId":"012460000005G1KAAU","Amount__c":5600,"Tax__c":728.00,"Submitted__c":true,"Employee__c":"00346000002oeLWAAY","Id":"a0F46000000FBc6EAG","RecordType":{"Name":"Client Meetings","Id":"012460000005G1KAAU"},"Employee__r":{"Id":"00346000002oeLWAAY","Name":"Paulo Acosta"}}|0x4b5d27c3
17:11:29.0 (18865791)|VARIABLE_SCOPE_BEGIN|[102]|check|Boolean|false|false
17:11:29.0 (18867738)|VARIABLE_ASSIGNMENT|[102]|check|false
17:11:29.0 (18869868)|STATEMENT_EXECUTE|[97]
17:11:29.0 (18871507)|STATEMENT_EXECUTE|[99]
17:11:29.0 (18872721)|STATEMENT_EXECUTE|[100]
17:11:29.0 (18879159)|STATEMENT_EXECUTE|[102]
17:11:29.0 (18880463)|STATEMENT_EXECUTE|[104]
17:11:29.0 (18887988)|VARIABLE_ASSIGNMENT|[EXTERNAL]|this|{}|0x3de907ca
17:11:29.0 (18897026)|VARIABLE_ASSIGNMENT|[EXTERNAL]|value|{"Category__c":"Event Registration","RecordTypeId":"012460000005G1KAAU","Amount__c":5600,"Tax__c":728.00,"Submitted__c":true,"Employee__c":"00346000002oeLWAAY","Id":"a0F46000000FBc6EAG","RecordType":{"Name":"Client Meetings","Id":"012460000005G1KAAU"},"Employee__r":{"Id":"00346000002oeLWAAY","Name":"Paulo Acosta"}}|0x4b5d27c3
17:11:29.0 (18907795)|VARIABLE_ASSIGNMENT|[99]|this.expense|{"Category__c":"Event Registration","RecordTypeId":"012460000005G1KAAU","Amount__c":5600,"Tax__c":728.00,"Submitted__c":true,"Employee__c":"00346000002oeLWAAY","Id":"a0F46000000FBc6EAG","RecordType":{"Name":"Client Meetings","Id":"012460000005G1KAAU"},"Employee__r":{"Id":"00346000002oeLWAAY","Name":"Paulo Acosta"}}|0x3de907ca
17:11:29.0 (18912756)|STATEMENT_EXECUTE|[105]
17:11:29.0 (18920859)|VARIABLE_ASSIGNMENT|[EXTERNAL]|this|{"expense":"0x4b5d27c3"}|0x3de907ca
17:11:29.0 (18924684)|VARIABLE_ASSIGNMENT|[EXTERNAL]|value|false
17:11:29.0 (18926930)|HEAP_ALLOCATE|[100]|Bytes:5
17:11:29.0 (18929926)|VARIABLE_ASSIGNMENT|[100]|this.checked|false|0x3de907ca
17:11:29.0 (18940088)|CONSTRUCTOR_EXIT|[18]|01p46000002wayn|<init>(Expense__c,Boolean)
17:11:29.0 (18945250)|HEAP_ALLOCATE|[EXTERNAL]|Bytes:4
17:11:29.0 (18952402)|HEAP_ALLOCATE|[16]|Bytes:5
17:11:29.0 (18967252)|HEAP_ALLOCATE|[16]|Bytes:40
17:11:29.0 (18970935)|VARIABLE_SCOPE_BEGIN|[16]|ex|Expense__c|true|false
17:11:29.0 (18987487)|VARIABLE_ASSIGNMENT|[16]|ex|{"Category__c":"Transportation","RecordTypeId":"012460000005G1FAAU","Amount__c":3500,"Tax__c":455.00,"Submitted__c":false,"Employee__c":"00346000002ojVWAAY","Id":"a0F46000000FBblEAG","RecordType":{"Name":"Business Trips","Id":"012460000005G1FAAU"},"Employee__r":{"Id":"00346000002ojVWAAY","Name":"Carol Ruiz","Birthdate":"2017-10-09T00:00:00.000Z"}}|0x231ec934
17:11:29.0 (18992030)|STATEMENT_EXECUTE|[16]
17:11:29.0 (18993594)|STATEMENT_EXECUTE|[18]
17:11:29.0 (19006707)|VARIABLE_ASSIGNMENT|[EXTERNAL]|this|{"queryString":"","wrappedExpenses":"0x4064508e"}|0xe21555c
17:11:29.0 (19013208)|HEAP_ALLOCATE|[18]|Bytes:12
17:11:29.0 (19019403)|CONSTRUCTOR_ENTRY|[18]|01p46000002wayn|<init>(Expense__c,Boolean)
17:11:29.0 (19021658)|VARIABLE_SCOPE_BEGIN|[102]|this|ExpenseController.ExpenseWrapper|true|false
17:11:29.0 (19028179)|VARIABLE_ASSIGNMENT|[102]|this|{}|0x4a90e757
17:11:29.0 (19029495)|VARIABLE_SCOPE_BEGIN|[102]|ex|Expense__c|true|false
17:11:29.0 (19042071)|VARIABLE_ASSIGNMENT|[102]|ex|{"Category__c":"Transportation","RecordTypeId":"012460000005G1FAAU","Amount__c":3500,"Tax__c":455.00,"Submitted__c":false,"Employee__c":"00346000002ojVWAAY","Id":"a0F46000000FBblEAG","RecordType":{"Name":"Business Trips","Id":"012460000005G1FAAU"},"Employee__r":{"Id":"00346000002ojVWAAY","Name":"Carol Ruiz","Birthdate":"2017-10-09T00:00:00.000Z"}}|0x231ec934
17:11:29.0 (19046266)|VARIABLE_SCOPE_BEGIN|[102]|check|Boolean|false|false
17:11:29.0 (19048425)|VARIABLE_ASSIGNMENT|[102]|check|false
17:11:29.0 (19050701)|STATEMENT_EXECUTE|[97]
17:11:29.0 (19052152)|STATEMENT_EXECUTE|[99]
17:11:29.0 (19053336)|STATEMENT_EXECUTE|[100]
17:11:29.0 (19060409)|STATEMENT_EXECUTE|[102]
17:11:29.0 (19061671)|STATEMENT_EXECUTE|[104]
17:11:29.0 (19069679)|VARIABLE_ASSIGNMENT|[EXTERNAL]|this|{}|0x4a90e757
17:11:29.0 (19081589)|VARIABLE_ASSIGNMENT|[EXTERNAL]|value|{"Category__c":"Transportation","RecordTypeId":"012460000005G1FAAU","Amount__c":3500,"Tax__c":455.00,"Submitted__c":false,"Employee__c":"00346000002ojVWAAY","Id":"a0F46000000FBblEAG","RecordType":{"Name":"Business Trips","Id":"012460000005G1FAAU"},"Employee__r":{"Id":"00346000002ojVWAAY","Name":"Carol Ruiz","Birthdate":"2017-10-09T00:00:00.000Z"}}|0x231ec934
17:11:29.0 (19094282)|VARIABLE_ASSIGNMENT|[99]|this.expense|{"Category__c":"Transportation","RecordTypeId":"012460000005G1FAAU","Amount__c":3500,"Tax__c":455.00,"Submitted__c":false,"Employee__c":"00346000002ojVWAAY","Id":"a0F46000000FBblEAG","RecordType":{"Name":"Business Trips","Id":"012460000005G1FAAU"},"Employee__r":{"Id":"00346000002ojVWAAY","Name":"Carol Ruiz","Birthdate":"2017-10-09T00:00:00.000Z"}}|0x4a90e757
17:11:29.0 (19100611)|STATEMENT_EXECUTE|[105]
17:11:29.0 (19109068)|VARIABLE_ASSIGNMENT|[EXTERNAL]|this|{"expense":"0x231ec934"}|0x4a90e757
17:11:29.0 (19113019)|VARIABLE_ASSIGNMENT|[EXTERNAL]|value|false
17:11:29.0 (19115293)|HEAP_ALLOCATE|[100]|Bytes:5
17:11:29.0 (19118505)|VARIABLE_ASSIGNMENT|[100]|this.checked|false|0x4a90e757
17:11:29.0 (19124925)|CONSTRUCTOR_EXIT|[18]|01p46000002wayn|<init>(Expense__c,Boolean)
17:11:29.0 (19129624)|HEAP_ALLOCATE|[EXTERNAL]|Bytes:4
17:11:29.0 (19135906)|HEAP_ALLOCATE|[16]|Bytes:5
17:11:29.0 (19142459)|VARIABLE_ASSIGNMENT|[16]|ex|null|
17:11:29.0 (19145110)|STATEMENT_EXECUTE|[21]
17:11:29.0 (19166268)|VARIABLE_ASSIGNMENT|[EXTERNAL]|this|{"queryString":"","wrappedExpenses":"0x4064508e"}|0xe21555c
17:11:29.0 (32188808)|VF_SERIALIZE_VIEWSTATE_BEGIN|06646000001BW08
17:11:29.0 (41716834)|VF_SERIALIZE_VIEWSTATE_END
17:11:29.0 (57987873)|CODE_UNIT_STARTED|[EXTERNAL]|Generate Metadata
17:11:29.0 (59691213)|CODE_UNIT_FINISHED|Generate Metadata
17:11:29.61 (61836660)|CUMULATIVE_LIMIT_USAGE
17:11:29.61 (61836660)|LIMIT_USAGE_FOR_NS|(default)|
  Number of SOQL queries: 1 out of 100
  Number of query rows: 5 out of 50000
  Number of SOSL queries: 0 out of 20
  Number of DML statements: 0 out of 150
  Number of DML rows: 0 out of 10000
  Maximum CPU time: 0 out of 10000
  Maximum heap size: 0 out of 6000000
  Number of callouts: 0 out of 100
  Number of Email Invocations: 0 out of 10
  Number of future calls: 0 out of 50
  Number of queueable jobs added to the queue: 0 out of 50
  Number of Mobile Apex push calls: 0 out of 10

17:11:29.61 (61836660)|CUMULATIVE_LIMIT_USAGE_END

17:11:29.0 (61870140)|CODE_UNIT_FINISHED|VF: /apex/ListOfEmployees
17:11:29.0 (62589532)|EXECUTION_FINISHED
