39.0 APEX_CODE,FINEST;APEX_PROFILING,INFO;CALLOUT,INFO;DB,INFO;SYSTEM,DEBUG;VALIDATION,INFO;VISUALFORCE,INFO;WAVE,INFO;WORKFLOW,INFO
16:05:57.0 (320653)|USER_INFO|[EXTERNAL]|00546000000Iihs|pacosta@altimetrik.com|Argentine Time|GMT-03:00
16:05:57.0 (351677)|EXECUTION_STARTED
16:05:57.0 (356175)|CODE_UNIT_STARTED|[EXTERNAL]|Validation:Expense:new
16:05:57.0 (365920)|VALIDATION_RULE|03d46000000DMqh|InsertOtherValue
16:05:57.0 (690446)|VALIDATION_FORMULA|AND (IF (ISPICKVAL( Category__c , "Other"), true, false),  ISBLANK( Other__c ) )|Category__c=null , Other__c=null
16:05:57.0 (695540)|VALIDATION_PASS
16:05:57.0 (697143)|VALIDATION_RULE|03d46000000DP1e|SubmittedError
16:05:57.0 (819269)|VALIDATION_FORMULA|NOT(ISPICKVAL( Expense_Status__c , "NOT SUBMITTED"))|Expense_Status__c=NOT SUBMITTED
16:05:57.0 (822852)|VALIDATION_PASS
16:05:57.0 (856958)|CODE_UNIT_FINISHED|Validation:Expense:new
16:05:57.0 (863100)|EXECUTION_FINISHED
16:05:57.17 (17310602)|USER_INFO|[EXTERNAL]|00546000000Iihs|pacosta@altimetrik.com|Argentine Time|GMT-03:00
16:05:57.17 (17319887)|EXECUTION_STARTED
16:05:57.17 (17322495)|CODE_UNIT_STARTED|[EXTERNAL]|Workflow:01I46000000AdSk
16:05:57.17 (24406981)|WF_RULE_EVAL_BEGIN|Workflow
16:05:57.17 (24427604)|WF_CRITERIA_BEGIN|[Expense: Test44 a0F46000000Fp6r]|High_Value_Expense_Email_Alert30146000000Cjmi|01Q460000000EDT|ON_ALL_CHANGES|0
16:05:57.17 (24726397)|WF_FORMULA|Formula:ENCODED:[treatNullAsNull]true|Values:
16:05:57.17 (24730363)|WF_CRITERIA_END|true
16:05:57.17 (25205740)|WF_CRITERIA_BEGIN|[Expense: Test44 a0F46000000Fp6r]|Submitted_Expense30146000000CknX|01Q460000000F5G|ON_ALL_CHANGES|0
16:05:57.17 (25237458)|WF_FORMULA|Formula:ENCODED:[treatNullAsNull]true|Values:
16:05:57.17 (25239687)|WF_CRITERIA_END|true
16:05:57.17 (25251025)|WF_SPOOL_ACTION_BEGIN|Workflow
16:05:57.17 (25270966)|WF_ACTION| Flow Trigger: 2;
16:05:57.17 (25273040)|WF_RULE_EVAL_END
16:05:57.17 (25777957)|WF_FLOW_ACTION_BEGIN|09L46000000Lo2w
16:05:57.26 (26627653)|FLOW_CREATE_INTERVIEW_BEGIN|00D46000000buVW|30046000000Grmv|30146000000Cjmi
16:05:57.26 (28626246)|FLOW_CREATE_INTERVIEW_END|8026c692647d9fb16fa687b837015af7623d96-5a9b|High Value Expense Email Alert
16:05:57.29 (29068173)|FLOW_START_INTERVIEWS_BEGIN|1
16:05:57.29 (29982496)|FLOW_START_INTERVIEW_BEGIN|8026c692647d9fb16fa687b837015af7623d96-5a9b|High Value Expense Email Alert
16:05:57.29 (30692052)|FLOW_START_INTERVIEW_END|8026c692647d9fb16fa687b837015af7623d96-5a9b|High Value Expense Email Alert
16:05:57.29 (30700554)|FLOW_START_INTERVIEWS_END|1
16:05:57.17 (31573305)|WF_FLOW_ACTION_END|09L46000000Lo2w
16:05:57.17 (31584770)|WF_FLOW_ACTION_BEGIN|09L46000000LqqJ
16:05:57.31 (31618685)|FLOW_CREATE_INTERVIEW_BEGIN|00D46000000buVW|30046000000GrvZ|30146000000CknX
16:05:57.31 (32629968)|FLOW_CREATE_INTERVIEW_END|8027c692647d9fb16fa687b837015af7623d96-5a9a|Submitted Expense
16:05:57.32 (32793941)|FLOW_START_INTERVIEWS_BEGIN|1
16:05:57.32 (33327519)|FLOW_START_INTERVIEW_BEGIN|8027c692647d9fb16fa687b837015af7623d96-5a9a|Submitted Expense
16:05:57.32 (33707523)|FLOW_START_INTERVIEW_END|8027c692647d9fb16fa687b837015af7623d96-5a9a|Submitted Expense
16:05:57.32 (33713763)|FLOW_START_INTERVIEWS_END|1
16:05:57.17 (34223707)|WF_FLOW_ACTION_END|09L46000000LqqJ
16:05:57.17 (34291520)|WF_ACTIONS_END| Flow Trigger: 2;
16:05:57.17 (34296256)|CODE_UNIT_FINISHED|Workflow:01I46000000AdSk
16:05:57.17 (35178937)|EXECUTION_FINISHED
