39.0 APEX_CODE,FINEST;APEX_PROFILING,INFO;CALLOUT,INFO;DB,INFO;SYSTEM,DEBUG;VALIDATION,INFO;VISUALFORCE,INFO;WAVE,INFO;WORKFLOW,INFO
17:59:17.0 (378273)|USER_INFO|[EXTERNAL]|00546000000Iihs|pacosta@altimetrik.com|Argentine Time|GMT-03:00
17:59:17.0 (405207)|EXECUTION_STARTED
17:59:17.0 (408396)|CODE_UNIT_STARTED|[EXTERNAL]|01p46000002uYS7|TestVerifyDate.checkDates
17:59:17.0 (722012)|HEAP_ALLOCATE|[72]|Bytes:3
17:59:17.0 (744358)|HEAP_ALLOCATE|[77]|Bytes:152
17:59:17.0 (753880)|HEAP_ALLOCATE|[342]|Bytes:408
17:59:17.0 (766168)|HEAP_ALLOCATE|[355]|Bytes:408
17:59:17.0 (775829)|HEAP_ALLOCATE|[467]|Bytes:48
17:59:17.0 (798325)|HEAP_ALLOCATE|[139]|Bytes:6
17:59:17.0 (810395)|HEAP_ALLOCATE|[EXTERNAL]|Bytes:23
17:59:17.0 (816868)|METHOD_ENTRY|[2]|01p46000002uYS7|TestVerifyDate.TestVerifyDate()
17:59:17.0 (819971)|STATEMENT_EXECUTE|[2]
17:59:17.0 (823598)|STATEMENT_EXECUTE|[2]
17:59:17.0 (826734)|METHOD_EXIT|[2]|TestVerifyDate
17:59:17.0 (858235)|HEAP_ALLOCATE|[50]|Bytes:5
17:59:17.0 (876826)|HEAP_ALLOCATE|[56]|Bytes:5
17:59:17.0 (882906)|HEAP_ALLOCATE|[64]|Bytes:7
17:59:17.0 (909037)|STATEMENT_EXECUTE|[4]
17:59:17.0 (910651)|STATEMENT_EXECUTE|[6]
17:59:17.0 (955148)|HEAP_ALLOCATE|[6]|Bytes:4
17:59:17.0 (966410)|VARIABLE_SCOPE_BEGIN|[6]|date1|Date|false|false
17:59:17.0 (998568)|VARIABLE_ASSIGNMENT|[6]|date1|"2017-03-22T00:00:00.000Z"
17:59:17.0 (1001388)|STATEMENT_EXECUTE|[7]
17:59:17.0 (1018776)|HEAP_ALLOCATE|[7]|Bytes:4
17:59:17.0 (1033413)|HEAP_ALLOCATE|[7]|Bytes:4
17:59:17.0 (1038900)|VARIABLE_SCOPE_BEGIN|[7]|date2|Date|false|false
17:59:17.0 (1046831)|VARIABLE_ASSIGNMENT|[7]|date2|"2017-04-16T00:00:00.000Z"
17:59:17.0 (1048922)|STATEMENT_EXECUTE|[9]
17:59:17.0 (4047742)|HEAP_ALLOCATE|[9]|Bytes:7
17:59:17.0 (4061470)|METHOD_ENTRY|[1]|01p46000002uYS2|VerifyDate.VerifyDate()
17:59:17.0 (4064922)|STATEMENT_EXECUTE|[1]
17:59:17.0 (4069069)|STATEMENT_EXECUTE|[1]
17:59:17.0 (4072455)|METHOD_EXIT|[1]|VerifyDate
17:59:17.0 (4098262)|METHOD_ENTRY|[9]|01p46000002uYS2|VerifyDate.CheckDates(Date, Date)
17:59:17.0 (4117585)|VARIABLE_SCOPE_BEGIN|[4]|date1|Date|false|false
17:59:17.0 (4129657)|VARIABLE_ASSIGNMENT|[4]|date1|"2017-03-22T00:00:00.000Z"
17:59:17.0 (4134027)|VARIABLE_SCOPE_BEGIN|[4]|date2|Date|false|false
17:59:17.0 (4137785)|VARIABLE_ASSIGNMENT|[4]|date2|"2017-04-16T00:00:00.000Z"
17:59:17.0 (4146951)|STATEMENT_EXECUTE|[4]
17:59:17.0 (4162134)|METHOD_ENTRY|[6]|01p46000002uYS2|VerifyDate.DateWithin30Days(Date, Date)
17:59:17.0 (4186179)|VARIABLE_SCOPE_BEGIN|[14]|date1|Date|false|false
17:59:17.0 (4191847)|VARIABLE_ASSIGNMENT|[14]|date1|"2017-03-22T00:00:00.000Z"
17:59:17.0 (4195305)|VARIABLE_SCOPE_BEGIN|[14]|date2|Date|false|false
17:59:17.0 (4198408)|VARIABLE_ASSIGNMENT|[14]|date2|"2017-04-16T00:00:00.000Z"
17:59:17.0 (4203536)|STATEMENT_EXECUTE|[14]
17:59:17.0 (4232223)|STATEMENT_EXECUTE|[16]
17:59:17.0 (4233838)|STATEMENT_EXECUTE|[19]
17:59:17.0 (4250324)|HEAP_ALLOCATE|[19]|Bytes:4
17:59:17.0 (4261145)|VARIABLE_SCOPE_BEGIN|[19]|date30Days|Date|false|false
17:59:17.0 (4272708)|VARIABLE_ASSIGNMENT|[19]|date30Days|"2017-04-21T00:00:00.000Z"
17:59:17.0 (4295809)|STATEMENT_EXECUTE|[21]
17:59:17.0 (4298194)|STATEMENT_EXECUTE|[21]
17:59:17.0 (4305142)|METHOD_EXIT|[6]|01p46000002uYS2|VerifyDate.DateWithin30Days(Date, Date)
17:59:17.0 (4310835)|STATEMENT_EXECUTE|[6]
17:59:17.0 (4311971)|STATEMENT_EXECUTE|[7]
17:59:17.0 (4314782)|METHOD_EXIT|[9]|01p46000002uYS2|VerifyDate.CheckDates(Date, Date)
17:59:17.0 (4319835)|VARIABLE_SCOPE_BEGIN|[9]|check|Date|false|false
17:59:17.0 (4327516)|VARIABLE_ASSIGNMENT|[9]|check|"2017-04-16T00:00:00.000Z"
17:59:17.0 (4329616)|STATEMENT_EXECUTE|[11]
17:59:17.4 (4370985)|CUMULATIVE_LIMIT_USAGE
17:59:17.4 (4370985)|LIMIT_USAGE_FOR_NS|(default)|
  Number of SOQL queries: 0 out of 100
  Number of query rows: 0 out of 50000
  Number of SOSL queries: 0 out of 20
  Number of DML statements: 0 out of 150
  Number of DML rows: 0 out of 10000
  Maximum CPU time: 0 out of 10000
  Maximum heap size: 0 out of 6000000
  Number of callouts: 0 out of 100
  Number of Email Invocations: 0 out of 10
  Number of future calls: 0 out of 50
  Number of queueable jobs added to the queue: 0 out of 50
  Number of Mobile Apex push calls: 0 out of 10

17:59:17.4 (4370985)|CUMULATIVE_LIMIT_USAGE_END

17:59:17.0 (4397757)|CODE_UNIT_FINISHED|TestVerifyDate.checkDates
17:59:17.0 (5151054)|EXECUTION_FINISHED
17:59:17.48 (48773708)|USER_INFO|[EXTERNAL]|00546000000Iihs|pacosta@altimetrik.com|Argentine Time|GMT-03:00
17:59:17.48 (48783178)|EXECUTION_STARTED
17:59:17.48 (48786257)|CODE_UNIT_STARTED|[EXTERNAL]|01p46000002uYS7|TestVerifyDate.checkDates2
17:59:17.48 (48871227)|HEAP_ALLOCATE|[72]|Bytes:3
17:59:17.48 (48893864)|HEAP_ALLOCATE|[77]|Bytes:152
17:59:17.48 (48903492)|HEAP_ALLOCATE|[342]|Bytes:408
17:59:17.48 (48914221)|HEAP_ALLOCATE|[355]|Bytes:408
17:59:17.48 (48923781)|HEAP_ALLOCATE|[467]|Bytes:48
17:59:17.48 (48944178)|HEAP_ALLOCATE|[139]|Bytes:6
17:59:17.48 (48954520)|HEAP_ALLOCATE|[EXTERNAL]|Bytes:23
17:59:17.48 (48960135)|METHOD_ENTRY|[2]|01p46000002uYS7|TestVerifyDate.TestVerifyDate()
17:59:17.48 (48963060)|STATEMENT_EXECUTE|[2]
17:59:17.48 (48967713)|STATEMENT_EXECUTE|[2]
17:59:17.48 (48970672)|METHOD_EXIT|[2]|TestVerifyDate
17:59:17.48 (48986116)|HEAP_ALLOCATE|[50]|Bytes:5
17:59:17.48 (49002231)|HEAP_ALLOCATE|[56]|Bytes:5
17:59:17.48 (49007707)|HEAP_ALLOCATE|[64]|Bytes:7
17:59:17.48 (49031722)|STATEMENT_EXECUTE|[15]
17:59:17.48 (49033562)|STATEMENT_EXECUTE|[17]
17:59:17.48 (49069549)|HEAP_ALLOCATE|[17]|Bytes:4
17:59:17.48 (49079881)|VARIABLE_SCOPE_BEGIN|[17]|date1|Date|false|false
17:59:17.48 (49101412)|VARIABLE_ASSIGNMENT|[17]|date1|"2017-03-22T00:00:00.000Z"
17:59:17.48 (49104135)|STATEMENT_EXECUTE|[18]
17:59:17.48 (49121405)|HEAP_ALLOCATE|[18]|Bytes:4
17:59:17.48 (49134031)|HEAP_ALLOCATE|[18]|Bytes:4
17:59:17.48 (49139971)|VARIABLE_SCOPE_BEGIN|[18]|date2|Date|false|false
17:59:17.48 (49148078)|VARIABLE_ASSIGNMENT|[18]|date2|"2017-04-28T00:00:00.000Z"
17:59:17.48 (49150178)|STATEMENT_EXECUTE|[20]
17:59:17.48 (49156638)|HEAP_ALLOCATE|[20]|Bytes:7
17:59:17.48 (49162453)|METHOD_ENTRY|[1]|01p46000002uYS2|VerifyDate.VerifyDate()
17:59:17.48 (49164883)|STATEMENT_EXECUTE|[1]
17:59:17.48 (49168191)|STATEMENT_EXECUTE|[1]
17:59:17.48 (49171274)|METHOD_EXIT|[1]|VerifyDate
17:59:17.48 (49179465)|METHOD_ENTRY|[20]|01p46000002uYS2|VerifyDate.CheckDates(Date, Date)
17:59:17.48 (49192112)|VARIABLE_SCOPE_BEGIN|[4]|date1|Date|false|false
17:59:17.48 (49200639)|VARIABLE_ASSIGNMENT|[4]|date1|"2017-03-22T00:00:00.000Z"
17:59:17.48 (49203460)|VARIABLE_SCOPE_BEGIN|[4]|date2|Date|false|false
17:59:17.48 (49208209)|VARIABLE_ASSIGNMENT|[4]|date2|"2017-04-28T00:00:00.000Z"
17:59:17.48 (49218780)|STATEMENT_EXECUTE|[4]
17:59:17.48 (49227319)|METHOD_ENTRY|[6]|01p46000002uYS2|VerifyDate.DateWithin30Days(Date, Date)
17:59:17.48 (49231332)|VARIABLE_SCOPE_BEGIN|[14]|date1|Date|false|false
17:59:17.48 (49238784)|VARIABLE_ASSIGNMENT|[14]|date1|"2017-03-22T00:00:00.000Z"
17:59:17.48 (49241143)|VARIABLE_SCOPE_BEGIN|[14]|date2|Date|false|false
17:59:17.48 (49245844)|VARIABLE_ASSIGNMENT|[14]|date2|"2017-04-28T00:00:00.000Z"
17:59:17.48 (49252595)|STATEMENT_EXECUTE|[14]
17:59:17.48 (49270793)|STATEMENT_EXECUTE|[16]
17:59:17.48 (49273400)|STATEMENT_EXECUTE|[19]
17:59:17.48 (49284386)|HEAP_ALLOCATE|[19]|Bytes:4
17:59:17.48 (49295390)|VARIABLE_SCOPE_BEGIN|[19]|date30Days|Date|false|false
17:59:17.48 (49307871)|VARIABLE_ASSIGNMENT|[19]|date30Days|"2017-04-21T00:00:00.000Z"
17:59:17.48 (49321888)|STATEMENT_EXECUTE|[20]
17:59:17.48 (49323899)|STATEMENT_EXECUTE|[20]
17:59:17.48 (49330347)|METHOD_EXIT|[6]|01p46000002uYS2|VerifyDate.DateWithin30Days(Date, Date)
17:59:17.48 (49335581)|STATEMENT_EXECUTE|[8]
17:59:17.48 (49337176)|STATEMENT_EXECUTE|[9]
17:59:17.48 (49350379)|METHOD_ENTRY|[9]|01p46000002uYS2|VerifyDate.SetEndOfMonthDate(Date)
17:59:17.48 (49372964)|VARIABLE_SCOPE_BEGIN|[25]|date1|Date|false|false
17:59:17.48 (49381663)|VARIABLE_ASSIGNMENT|[25]|date1|"2017-03-22T00:00:00.000Z"
17:59:17.48 (49390383)|STATEMENT_EXECUTE|[25]
17:59:17.48 (49391662)|STATEMENT_EXECUTE|[26]
17:59:17.48 (49440106)|VARIABLE_SCOPE_BEGIN|[26]|totalDays|Integer|false|false
17:59:17.48 (49444388)|HEAP_ALLOCATE|[26]|Bytes:4
17:59:17.48 (49453452)|VARIABLE_ASSIGNMENT|[26]|totalDays|31
17:59:17.48 (49455609)|STATEMENT_EXECUTE|[27]
17:59:17.48 (49481571)|HEAP_ALLOCATE|[27]|Bytes:4
17:59:17.48 (49487841)|VARIABLE_SCOPE_BEGIN|[27]|lastDay|Date|false|false
17:59:17.48 (49495599)|VARIABLE_ASSIGNMENT|[27]|lastDay|"2017-03-31T00:00:00.000Z"
17:59:17.48 (49497816)|STATEMENT_EXECUTE|[28]
17:59:17.48 (49501419)|METHOD_EXIT|[9]|01p46000002uYS2|VerifyDate.SetEndOfMonthDate(Date)
17:59:17.48 (49505148)|METHOD_EXIT|[20]|01p46000002uYS2|VerifyDate.CheckDates(Date, Date)
17:59:17.48 (49508581)|VARIABLE_SCOPE_BEGIN|[20]|endOfMonth|Date|false|false
17:59:17.48 (49514775)|VARIABLE_ASSIGNMENT|[20]|endOfMonth|"2017-03-31T00:00:00.000Z"
17:59:17.48 (49516392)|STATEMENT_EXECUTE|[22]
17:59:17.48 (49554100)|HEAP_ALLOCATE|[22]|Bytes:4
17:59:17.48 (49560865)|VARIABLE_SCOPE_BEGIN|[22]|check|Date|false|false
17:59:17.48 (49567717)|VARIABLE_ASSIGNMENT|[22]|check|"2017-03-31T00:00:00.000Z"
17:59:17.48 (49569590)|STATEMENT_EXECUTE|[25]
17:59:17.49 (49604937)|CUMULATIVE_LIMIT_USAGE
17:59:17.49 (49604937)|LIMIT_USAGE_FOR_NS|(default)|
  Number of SOQL queries: 0 out of 100
  Number of query rows: 0 out of 50000
  Number of SOSL queries: 0 out of 20
  Number of DML statements: 0 out of 150
  Number of DML rows: 0 out of 10000
  Maximum CPU time: 0 out of 10000
  Maximum heap size: 0 out of 6000000
  Number of callouts: 0 out of 100
  Number of Email Invocations: 0 out of 10
  Number of future calls: 0 out of 50
  Number of queueable jobs added to the queue: 0 out of 50
  Number of Mobile Apex push calls: 0 out of 10

17:59:17.49 (49604937)|CUMULATIVE_LIMIT_USAGE_END

17:59:17.48 (49630090)|CODE_UNIT_FINISHED|TestVerifyDate.checkDates2
17:59:17.48 (50363531)|EXECUTION_FINISHED
