39.0 APEX_CODE,FINEST;APEX_PROFILING,INFO;CALLOUT,INFO;DB,INFO;SYSTEM,DEBUG;VALIDATION,INFO;VISUALFORCE,INFO;WAVE,INFO;WORKFLOW,INFO
14:55:36.0 (302000)|USER_INFO|[EXTERNAL]|00546000000Iihs|pacosta@altimetrik.com|Argentine Time|GMT-03:00
14:55:36.0 (327119)|EXECUTION_STARTED
14:55:36.0 (331596)|CODE_UNIT_STARTED|[EXTERNAL]|06646000001Bfzo|VF: /apex/showExpensesListForContact
14:55:36.0 (845775)|VF_DESERIALIZE_VIEWSTATE_BEGIN|06646000001Bfzo
14:55:36.0 (5923195)|HEAP_ALLOCATE|[72]|Bytes:3
14:55:36.0 (5958425)|HEAP_ALLOCATE|[77]|Bytes:152
14:55:36.0 (5971044)|HEAP_ALLOCATE|[342]|Bytes:408
14:55:36.0 (5984801)|HEAP_ALLOCATE|[355]|Bytes:408
14:55:36.0 (5997645)|HEAP_ALLOCATE|[467]|Bytes:48
14:55:36.0 (6021711)|HEAP_ALLOCATE|[139]|Bytes:6
14:55:36.0 (7273852)|VF_DESERIALIZE_VIEWSTATE_END
14:55:36.0 (8097918)|SYSTEM_MODE_ENTER|true
14:55:36.0 (8329880)|HEAP_ALLOCATE|[EXTERNAL]|Bytes:100
14:55:36.0 (8336880)|HEAP_ALLOCATE|[EXTERNAL]|Bytes:31
14:55:36.0 (8344542)|METHOD_ENTRY|[1]|01p46000002x5eL|showExpensesListForContactController.showExpensesListForContactController()
14:55:36.0 (8347963)|STATEMENT_EXECUTE|[1]
14:55:36.0 (8352360)|STATEMENT_EXECUTE|[1]
14:55:36.0 (8356452)|METHOD_EXIT|[1]|showExpensesListForContactController
14:55:36.0 (8365202)|HEAP_ALLOCATE|[EXTERNAL]|Bytes:24
14:55:36.0 (8371552)|VARIABLE_SCOPE_BEGIN|[26]|this|showExpensesListForContactController|true|false
14:55:36.0 (8429937)|VARIABLE_ASSIGNMENT|[26]|this|{"CountTotalRecords":4,"idContact":"00346000002ojVW","OffsetSize":0,"QueryLimit":3,"queryString":""}|0x637be23a
14:55:36.0 (8438469)|STATEMENT_EXECUTE|[26]
14:55:36.0 (8439777)|STATEMENT_EXECUTE|[28]
14:55:36.0 (8442693)|HEAP_ALLOCATE|[28]|Bytes:136
14:55:36.0 (8449947)|HEAP_ALLOCATE|[30]|Bytes:1
14:55:36.0 (8452517)|HEAP_ALLOCATE|[31]|Bytes:7
14:55:36.0 (8512240)|HEAP_ALLOCATE|[31]|Bytes:1
14:55:36.0 (8530111)|HEAP_ALLOCATE|[28]|Bytes:160
14:55:36.0 (8532438)|HEAP_ALLOCATE|[31]|Bytes:8
14:55:36.0 (8540644)|HEAP_ALLOCATE|[31]|Bytes:1
14:55:36.0 (8548805)|HEAP_ALLOCATE|[28]|Bytes:9
14:55:36.0 (8551528)|HEAP_ALLOCATE|[28]|Bytes:169
14:55:36.0 (8602076)|HEAP_ALLOCATE|[50]|Bytes:5
14:55:36.0 (8630032)|HEAP_ALLOCATE|[56]|Bytes:5
14:55:36.0 (8636805)|HEAP_ALLOCATE|[64]|Bytes:7
14:55:36.0 (9448478)|SOQL_EXECUTE_BEGIN|[28]|Aggregations:0|SELECT id, Name, Category__c, RecordType.Name, Amount__c, Tax__c, Client_Company__c, Submitted__c FROM Expense__c WHERE Employee__r.Id='00346000002ojVW' LIMIT 3 OFFSET 0
14:55:36.0 (17505510)|SOQL_EXECUTE_END|[28]|Rows:3
14:55:36.0 (17523580)|HEAP_ALLOCATE|[28]|Bytes:16
14:55:36.0 (17555509)|HEAP_ALLOCATE|[28]|Bytes:840
14:55:36.0 (17591502)|HEAP_ALLOCATE|[28]|Bytes:16
14:55:36.0 (17609829)|VARIABLE_SCOPE_BEGIN|[28]|results|List<Expense__c>|true|false
14:55:36.0 (17653339)|VARIABLE_ASSIGNMENT|[28]|results|[{"Id":"a0F46000000FBblEAG","Name":"Test","Category__c":"Transportation","RecordTypeId":"012460000005G1FAAU","Amount__c":3500,"Tax__c":455.00,"Submitted__c":true,"Employee__c":"00346000002ojVWAAY","RecordType":{"Name":"Business Trips","Id":"012460000005G1FAAU"}},{"Id":"a0F46000000Fp6rEAC","Name":"Test44","RecordTypeId":"012460000005G1FAAU","Amount__c":3000,"Tax__c":390.00,"Submitted__c":true,"Employee__c":"00346000002ojVWAAY","RecordType":{"Name":"Business Trips","Id":"012460000005G1FAAU"}},{"Id":"a0F46000000Fp76EAC","Name":"Travel to Las Vegas","Category__c":"Event Registration","RecordTypeId":"012460000005G1FAAU","Amount__c":3499,"Tax__c":454.87,"Submitted__c":true,"Employee__c":"00346000002ojVWAAY","RecordType":{"Name":"Business Trips","Id":"012460000005G1FAAU"}}]|0x299b985e
14:55:36.0 (17661738)|STATEMENT_EXECUTE|[33]
14:55:36.0 (18208730)|SYSTEM_MODE_ENTER|true
14:55:36.0 (18245808)|HEAP_ALLOCATE|[EXTERNAL]|Bytes:24
14:55:36.0 (18261650)|VARIABLE_SCOPE_BEGIN|[57]|this|showExpensesListForContactController|true|false
14:55:36.0 (18299253)|VARIABLE_ASSIGNMENT|[57]|this|{"CountTotalRecords":4,"idContact":"00346000002ojVW","OffsetSize":0,"QueryLimit":3,"queryString":""}|0x637be23a
14:55:36.0 (18309320)|STATEMENT_EXECUTE|[57]
14:55:36.0 (18319028)|STATEMENT_EXECUTE|[61]
14:55:36.0 (18333475)|HEAP_ALLOCATE|[61]|Bytes:5
14:55:36.0 (18414798)|SYSTEM_MODE_ENTER|true
14:55:36.0 (18436898)|HEAP_ALLOCATE|[EXTERNAL]|Bytes:24
14:55:36.0 (18442140)|VARIABLE_SCOPE_BEGIN|[64]|this|showExpensesListForContactController|true|false
14:55:36.0 (18466278)|VARIABLE_ASSIGNMENT|[64]|this|{"CountTotalRecords":4,"idContact":"00346000002ojVW","OffsetSize":0,"QueryLimit":3,"queryString":""}|0x637be23a
14:55:36.0 (18472492)|STATEMENT_EXECUTE|[64]
14:55:36.0 (18514398)|VARIABLE_ASSIGNMENT|[EXTERNAL]|this|{"CountTotalRecords":4,"idContact":"00346000002ojVW","OffsetSize":0,"QueryLimit":3,"queryString":""}|0x637be23a
14:55:36.0 (18523747)|STATEMENT_EXECUTE|[65]
14:55:36.0 (18524899)|STATEMENT_EXECUTE|[66]
14:55:36.0 (18529156)|HEAP_ALLOCATE|[66]|Bytes:5
14:55:36.0 (18772851)|HEAP_ALLOCATE|[EXTERNAL]|Bytes:24
14:55:36.0 (18779444)|VARIABLE_SCOPE_BEGIN|[71]|this|showExpensesListForContactController|true|false
14:55:36.0 (18799292)|VARIABLE_ASSIGNMENT|[71]|this|{"CountTotalRecords":4,"idContact":"00346000002ojVW","OffsetSize":0,"QueryLimit":3,"queryString":""}|0x637be23a
14:55:36.0 (18805593)|STATEMENT_EXECUTE|[71]
14:55:36.0 (18806900)|STATEMENT_EXECUTE|[72]
14:55:36.0 (18813849)|HEAP_ALLOCATE|[72]|Bytes:4
14:55:36.0 (18820964)|VARIABLE_ASSIGNMENT|[72]|this.OffsetSize|3|0x637be23a
14:55:36.0 (18822759)|STATEMENT_EXECUTE|[73]
14:55:36.0 (21969437)|SYSTEM_MODE_ENTER|true
14:55:36.0 (21996084)|HEAP_ALLOCATE|[EXTERNAL]|Bytes:24
14:55:36.0 (22001433)|VARIABLE_SCOPE_BEGIN|[26]|this|showExpensesListForContactController|true|false
14:55:36.0 (22026002)|VARIABLE_ASSIGNMENT|[26]|this|{"CountTotalRecords":4,"idContact":"00346000002ojVW","OffsetSize":3,"QueryLimit":3,"queryString":""}|0x637be23a
14:55:36.0 (22033158)|STATEMENT_EXECUTE|[26]
14:55:36.0 (22034712)|STATEMENT_EXECUTE|[28]
14:55:36.0 (22058784)|HEAP_ALLOCATE|[31]|Bytes:1
14:55:36.0 (22071387)|HEAP_ALLOCATE|[28]|Bytes:160
14:55:36.0 (22079924)|HEAP_ALLOCATE|[31]|Bytes:1
14:55:36.0 (22087537)|HEAP_ALLOCATE|[28]|Bytes:9
14:55:36.0 (22090509)|HEAP_ALLOCATE|[28]|Bytes:169
14:55:36.0 (22437858)|SOQL_EXECUTE_BEGIN|[28]|Aggregations:0|SELECT id, Name, Category__c, RecordType.Name, Amount__c, Tax__c, Client_Company__c, Submitted__c FROM Expense__c WHERE Employee__r.Id='00346000002ojVW' LIMIT 3 OFFSET 3
14:55:36.0 (26497184)|SOQL_EXECUTE_END|[28]|Rows:1
14:55:36.0 (26511920)|HEAP_ALLOCATE|[28]|Bytes:8
14:55:36.0 (26531466)|HEAP_ALLOCATE|[28]|Bytes:325
14:55:36.0 (26547634)|HEAP_ALLOCATE|[28]|Bytes:8
14:55:36.0 (26560563)|VARIABLE_SCOPE_BEGIN|[28]|results|List<Expense__c>|true|false
14:55:36.0 (26585725)|VARIABLE_ASSIGNMENT|[28]|results|[{"Id":"a0F46000000FtpwEAC","Name":"Expense nueva","Category__c":"Transportation","RecordTypeId":"012460000005G1FAAU","Amount__c":4000,"Tax__c":520.00,"Submitted__c":true,"Employee__c":"00346000002ojVWAAY","RecordType":{"Name":"Business Trips","Id":"012460000005G1FAAU"}}]|0x2548bff9
14:55:36.0 (26589882)|STATEMENT_EXECUTE|[33]
14:55:36.0 (27860701)|SYSTEM_MODE_ENTER|true
14:55:36.0 (27887190)|HEAP_ALLOCATE|[EXTERNAL]|Bytes:24
14:55:36.0 (27893044)|VARIABLE_SCOPE_BEGIN|[57]|this|showExpensesListForContactController|true|false
14:55:36.0 (27919986)|VARIABLE_ASSIGNMENT|[57]|this|{"CountTotalRecords":4,"idContact":"00346000002ojVW","OffsetSize":3,"QueryLimit":3,"queryString":""}|0x637be23a
14:55:36.0 (27927184)|STATEMENT_EXECUTE|[57]
14:55:36.0 (27931867)|STATEMENT_EXECUTE|[58]
14:55:36.0 (27932973)|STATEMENT_EXECUTE|[59]
14:55:36.0 (27938397)|HEAP_ALLOCATE|[59]|Bytes:5
14:55:36.0 (28326636)|SYSTEM_MODE_ENTER|true
14:55:36.0 (28351813)|HEAP_ALLOCATE|[EXTERNAL]|Bytes:24
14:55:36.0 (28356789)|VARIABLE_SCOPE_BEGIN|[64]|this|showExpensesListForContactController|true|false
14:55:36.0 (28378491)|VARIABLE_ASSIGNMENT|[64]|this|{"CountTotalRecords":4,"idContact":"00346000002ojVW","OffsetSize":3,"QueryLimit":3,"queryString":""}|0x637be23a
14:55:36.0 (28385405)|STATEMENT_EXECUTE|[64]
14:55:36.0 (28411250)|VARIABLE_ASSIGNMENT|[EXTERNAL]|this|{"CountTotalRecords":4,"idContact":"00346000002ojVW","OffsetSize":3,"QueryLimit":3,"queryString":""}|0x637be23a
14:55:36.0 (28419609)|STATEMENT_EXECUTE|[68]
14:55:36.0 (28424576)|HEAP_ALLOCATE|[68]|Bytes:5
14:55:36.0 (32405783)|VF_SERIALIZE_VIEWSTATE_BEGIN|06646000001Bfzo
14:55:36.0 (34040055)|VF_SERIALIZE_VIEWSTATE_END
14:55:36.35 (35790129)|CUMULATIVE_LIMIT_USAGE
14:55:36.35 (35790129)|LIMIT_USAGE_FOR_NS|(default)|
  Number of SOQL queries: 2 out of 100
  Number of query rows: 4 out of 50000
  Number of SOSL queries: 0 out of 20
  Number of DML statements: 0 out of 150
  Number of DML rows: 0 out of 10000
  Maximum CPU time: 0 out of 10000
  Maximum heap size: 0 out of 6000000
  Number of callouts: 0 out of 100
  Number of Email Invocations: 0 out of 10
  Number of future calls: 0 out of 50
  Number of queueable jobs added to the queue: 0 out of 50
  Number of Mobile Apex push calls: 0 out of 10

14:55:36.35 (35790129)|CUMULATIVE_LIMIT_USAGE_END

14:55:36.0 (35824435)|CODE_UNIT_FINISHED|VF: /apex/showExpensesListForContact
14:55:36.0 (36557219)|EXECUTION_FINISHED
