39.0 APEX_CODE,FINEST;APEX_PROFILING,INFO;CALLOUT,INFO;DB,INFO;SYSTEM,DEBUG;VALIDATION,INFO;VISUALFORCE,INFO;WAVE,INFO;WORKFLOW,INFO
14:49:03.0 (270470)|USER_INFO|[EXTERNAL]|00546000000Iihs|pacosta@altimetrik.com|Argentine Time|GMT-03:00
14:49:03.0 (292887)|EXECUTION_STARTED
14:49:03.0 (295697)|CODE_UNIT_STARTED|[EXTERNAL]|06646000001Bfzo|VF: /apex/showExpensesListForContact
14:49:03.0 (739860)|VF_DESERIALIZE_VIEWSTATE_BEGIN|06646000001Bfzo
14:49:03.0 (11756102)|HEAP_ALLOCATE|[72]|Bytes:3
14:49:03.0 (11777615)|HEAP_ALLOCATE|[77]|Bytes:152
14:49:03.0 (11786827)|HEAP_ALLOCATE|[342]|Bytes:408
14:49:03.0 (11799576)|HEAP_ALLOCATE|[355]|Bytes:408
14:49:03.0 (11812016)|HEAP_ALLOCATE|[467]|Bytes:48
14:49:03.0 (11833280)|HEAP_ALLOCATE|[139]|Bytes:6
14:49:03.0 (13008918)|VF_DESERIALIZE_VIEWSTATE_END
14:49:03.0 (13812335)|SYSTEM_MODE_ENTER|true
14:49:03.0 (14014265)|HEAP_ALLOCATE|[EXTERNAL]|Bytes:100
14:49:03.0 (14026639)|HEAP_ALLOCATE|[EXTERNAL]|Bytes:31
14:49:03.0 (14034886)|METHOD_ENTRY|[1]|01p46000002x5eL|showExpensesListForContactController.showExpensesListForContactController()
14:49:03.0 (14038364)|STATEMENT_EXECUTE|[1]
14:49:03.0 (14042771)|STATEMENT_EXECUTE|[1]
14:49:03.0 (14047228)|METHOD_EXIT|[1]|showExpensesListForContactController
14:49:03.0 (14054152)|HEAP_ALLOCATE|[EXTERNAL]|Bytes:24
14:49:03.0 (14060115)|VARIABLE_SCOPE_BEGIN|[26]|this|showExpensesListForContactController|true|false
14:49:03.0 (14117343)|VARIABLE_ASSIGNMENT|[26]|this|{"CountTotalRecords":7,"idContact":"00346000002ojVW","OffsetSize":3,"QueryLimit":3,"queryString":""}|0x55e4cd29
14:49:03.0 (14124544)|STATEMENT_EXECUTE|[26]
14:49:03.0 (14126127)|STATEMENT_EXECUTE|[28]
14:49:03.0 (14129832)|HEAP_ALLOCATE|[28]|Bytes:136
14:49:03.0 (14134889)|HEAP_ALLOCATE|[30]|Bytes:1
14:49:03.0 (14137469)|HEAP_ALLOCATE|[31]|Bytes:7
14:49:03.0 (14184996)|HEAP_ALLOCATE|[31]|Bytes:1
14:49:03.0 (14200780)|HEAP_ALLOCATE|[28]|Bytes:160
14:49:03.0 (14203408)|HEAP_ALLOCATE|[31]|Bytes:8
14:49:03.0 (14211263)|HEAP_ALLOCATE|[31]|Bytes:1
14:49:03.0 (14218534)|HEAP_ALLOCATE|[28]|Bytes:9
14:49:03.0 (14221324)|HEAP_ALLOCATE|[28]|Bytes:169
14:49:03.0 (14252891)|HEAP_ALLOCATE|[50]|Bytes:5
14:49:03.0 (14266193)|HEAP_ALLOCATE|[56]|Bytes:5
14:49:03.0 (14271422)|HEAP_ALLOCATE|[64]|Bytes:7
14:49:03.0 (16249662)|SOQL_EXECUTE_BEGIN|[28]|Aggregations:0|SELECT id, Name, Category__c, RecordType.Name, Amount__c, Tax__c, Client_Company__c, Submitted__c FROM Expense__c WHERE Employee__r.Id='00346000002ojVW' LIMIT 3 OFFSET 3
14:49:03.0 (24163353)|SOQL_EXECUTE_END|[28]|Rows:1
14:49:03.0 (24179974)|HEAP_ALLOCATE|[28]|Bytes:8
14:49:03.0 (24201576)|HEAP_ALLOCATE|[28]|Bytes:325
14:49:03.0 (24227142)|HEAP_ALLOCATE|[28]|Bytes:8
14:49:03.0 (24242883)|VARIABLE_SCOPE_BEGIN|[28]|results|List<Expense__c>|true|false
14:49:03.0 (24278514)|VARIABLE_ASSIGNMENT|[28]|results|[{"Id":"a0F46000000FtpwEAC","Name":"Expense nueva","Category__c":"Transportation","RecordTypeId":"012460000005G1FAAU","Amount__c":4000,"Tax__c":520.00,"Submitted__c":true,"Employee__c":"00346000002ojVWAAY","RecordType":{"Name":"Business Trips","Id":"012460000005G1FAAU"}}]|0x7de24dba
14:49:03.0 (24283953)|STATEMENT_EXECUTE|[33]
14:49:03.0 (24772789)|SYSTEM_MODE_ENTER|true
14:49:03.0 (24806255)|HEAP_ALLOCATE|[EXTERNAL]|Bytes:24
14:49:03.0 (24813329)|VARIABLE_SCOPE_BEGIN|[57]|this|showExpensesListForContactController|true|false
14:49:03.0 (24841644)|VARIABLE_ASSIGNMENT|[57]|this|{"CountTotalRecords":7,"idContact":"00346000002ojVW","OffsetSize":3,"QueryLimit":3,"queryString":""}|0x55e4cd29
14:49:03.0 (24848498)|STATEMENT_EXECUTE|[57]
14:49:03.0 (24853840)|STATEMENT_EXECUTE|[58]
14:49:03.0 (24854905)|STATEMENT_EXECUTE|[59]
14:49:03.0 (24862742)|HEAP_ALLOCATE|[59]|Bytes:5
14:49:03.0 (24940255)|SYSTEM_MODE_ENTER|true
14:49:03.0 (24964120)|HEAP_ALLOCATE|[EXTERNAL]|Bytes:24
14:49:03.0 (24969811)|VARIABLE_SCOPE_BEGIN|[64]|this|showExpensesListForContactController|true|false
14:49:03.0 (24990424)|VARIABLE_ASSIGNMENT|[64]|this|{"CountTotalRecords":7,"idContact":"00346000002ojVW","OffsetSize":3,"QueryLimit":3,"queryString":""}|0x55e4cd29
14:49:03.0 (24996320)|STATEMENT_EXECUTE|[64]
14:49:03.0 (25038665)|VARIABLE_ASSIGNMENT|[EXTERNAL]|this|{"CountTotalRecords":7,"idContact":"00346000002ojVW","OffsetSize":3,"QueryLimit":3,"queryString":""}|0x55e4cd29
14:49:03.0 (25048618)|STATEMENT_EXECUTE|[65]
14:49:03.0 (25050008)|STATEMENT_EXECUTE|[66]
14:49:03.0 (25054690)|HEAP_ALLOCATE|[66]|Bytes:5
14:49:03.0 (25352423)|HEAP_ALLOCATE|[EXTERNAL]|Bytes:24
14:49:03.0 (25358804)|VARIABLE_SCOPE_BEGIN|[76]|this|showExpensesListForContactController|true|false
14:49:03.0 (25381108)|VARIABLE_ASSIGNMENT|[76]|this|{"CountTotalRecords":7,"idContact":"00346000002ojVW","OffsetSize":3,"QueryLimit":3,"queryString":""}|0x55e4cd29
14:49:03.0 (25387333)|STATEMENT_EXECUTE|[76]
14:49:03.0 (25388451)|STATEMENT_EXECUTE|[77]
14:49:03.0 (25394699)|HEAP_ALLOCATE|[77]|Bytes:4
14:49:03.0 (25401060)|VARIABLE_ASSIGNMENT|[77]|this.OffsetSize|0|0x55e4cd29
14:49:03.0 (25402943)|STATEMENT_EXECUTE|[78]
14:49:03.0 (28430947)|SYSTEM_MODE_ENTER|true
14:49:03.0 (28457941)|HEAP_ALLOCATE|[EXTERNAL]|Bytes:24
14:49:03.0 (28462926)|VARIABLE_SCOPE_BEGIN|[26]|this|showExpensesListForContactController|true|false
14:49:03.0 (28488417)|VARIABLE_ASSIGNMENT|[26]|this|{"CountTotalRecords":7,"idContact":"00346000002ojVW","OffsetSize":0,"QueryLimit":3,"queryString":""}|0x55e4cd29
14:49:03.0 (28494765)|STATEMENT_EXECUTE|[26]
14:49:03.0 (28496170)|STATEMENT_EXECUTE|[28]
14:49:03.0 (28516240)|HEAP_ALLOCATE|[31]|Bytes:1
14:49:03.0 (28527713)|HEAP_ALLOCATE|[28]|Bytes:160
14:49:03.0 (28534732)|HEAP_ALLOCATE|[31]|Bytes:1
14:49:03.0 (28541269)|HEAP_ALLOCATE|[28]|Bytes:9
14:49:03.0 (28543819)|HEAP_ALLOCATE|[28]|Bytes:169
14:49:03.0 (28874264)|SOQL_EXECUTE_BEGIN|[28]|Aggregations:0|SELECT id, Name, Category__c, RecordType.Name, Amount__c, Tax__c, Client_Company__c, Submitted__c FROM Expense__c WHERE Employee__r.Id='00346000002ojVW' LIMIT 3 OFFSET 0
14:49:03.0 (33127178)|SOQL_EXECUTE_END|[28]|Rows:3
14:49:03.0 (33141049)|HEAP_ALLOCATE|[28]|Bytes:16
14:49:03.0 (33168218)|HEAP_ALLOCATE|[28]|Bytes:840
14:49:03.0 (33182007)|HEAP_ALLOCATE|[28]|Bytes:16
14:49:03.0 (33194362)|VARIABLE_SCOPE_BEGIN|[28]|results|List<Expense__c>|true|false
14:49:03.0 (33229714)|VARIABLE_ASSIGNMENT|[28]|results|[{"Id":"a0F46000000FBblEAG","Name":"Test","Category__c":"Transportation","RecordTypeId":"012460000005G1FAAU","Amount__c":3500,"Tax__c":455.00,"Submitted__c":true,"Employee__c":"00346000002ojVWAAY","RecordType":{"Name":"Business Trips","Id":"012460000005G1FAAU"}},{"Id":"a0F46000000Fp6rEAC","Name":"Test44","RecordTypeId":"012460000005G1FAAU","Amount__c":3000,"Tax__c":390.00,"Submitted__c":true,"Employee__c":"00346000002ojVWAAY","RecordType":{"Name":"Business Trips","Id":"012460000005G1FAAU"}},{"Id":"a0F46000000Fp76EAC","Name":"Travel to Las Vegas","Category__c":"Event Registration","RecordTypeId":"012460000005G1FAAU","Amount__c":3499,"Tax__c":454.87,"Submitted__c":true,"Employee__c":"00346000002ojVWAAY","RecordType":{"Name":"Business Trips","Id":"012460000005G1FAAU"}}]|0x5cdd709b
14:49:03.0 (33236239)|STATEMENT_EXECUTE|[33]
14:49:03.0 (34644418)|SYSTEM_MODE_ENTER|true
14:49:03.0 (34671982)|HEAP_ALLOCATE|[EXTERNAL]|Bytes:24
14:49:03.0 (34677123)|VARIABLE_SCOPE_BEGIN|[57]|this|showExpensesListForContactController|true|false
14:49:03.0 (34703181)|VARIABLE_ASSIGNMENT|[57]|this|{"CountTotalRecords":7,"idContact":"00346000002ojVW","OffsetSize":0,"QueryLimit":3,"queryString":""}|0x55e4cd29
14:49:03.0 (34709547)|STATEMENT_EXECUTE|[57]
14:49:03.0 (34713249)|STATEMENT_EXECUTE|[61]
14:49:03.0 (34718241)|HEAP_ALLOCATE|[61]|Bytes:5
14:49:03.0 (34883953)|SYSTEM_MODE_ENTER|true
14:49:03.0 (34905182)|HEAP_ALLOCATE|[EXTERNAL]|Bytes:24
14:49:03.0 (34909213)|VARIABLE_SCOPE_BEGIN|[64]|this|showExpensesListForContactController|true|false
14:49:03.0 (34929712)|VARIABLE_ASSIGNMENT|[64]|this|{"CountTotalRecords":7,"idContact":"00346000002ojVW","OffsetSize":0,"QueryLimit":3,"queryString":""}|0x55e4cd29
14:49:03.0 (34934946)|STATEMENT_EXECUTE|[64]
14:49:03.0 (34956151)|VARIABLE_ASSIGNMENT|[EXTERNAL]|this|{"CountTotalRecords":7,"idContact":"00346000002ojVW","OffsetSize":0,"QueryLimit":3,"queryString":""}|0x55e4cd29
14:49:03.0 (34965634)|STATEMENT_EXECUTE|[65]
14:49:03.0 (34967371)|STATEMENT_EXECUTE|[66]
14:49:03.0 (34972552)|HEAP_ALLOCATE|[66]|Bytes:5
14:49:03.0 (40229209)|VF_SERIALIZE_VIEWSTATE_BEGIN|06646000001Bfzo
14:49:03.0 (41811084)|VF_SERIALIZE_VIEWSTATE_END
14:49:03.43 (43787588)|CUMULATIVE_LIMIT_USAGE
14:49:03.43 (43787588)|LIMIT_USAGE_FOR_NS|(default)|
  Number of SOQL queries: 2 out of 100
  Number of query rows: 4 out of 50000
  Number of SOSL queries: 0 out of 20
  Number of DML statements: 0 out of 150
  Number of DML rows: 0 out of 10000
  Maximum CPU time: 0 out of 10000
  Maximum heap size: 0 out of 6000000
  Number of callouts: 0 out of 100
  Number of Email Invocations: 0 out of 10
  Number of future calls: 0 out of 50
  Number of queueable jobs added to the queue: 0 out of 50
  Number of Mobile Apex push calls: 0 out of 10

14:49:03.43 (43787588)|CUMULATIVE_LIMIT_USAGE_END

14:49:03.0 (43818807)|CODE_UNIT_FINISHED|VF: /apex/showExpensesListForContact
14:49:03.0 (44606991)|EXECUTION_FINISHED
