39.0 APEX_CODE,FINEST;APEX_PROFILING,INFO;CALLOUT,INFO;DB,INFO;SYSTEM,DEBUG;VALIDATION,INFO;VISUALFORCE,INFO;WAVE,INFO;WORKFLOW,INFO
15:10:23.0 (310562)|USER_INFO|[EXTERNAL]|00546000000Iihs|pacosta@altimetrik.com|Argentine Time|GMT-03:00
15:10:23.0 (331753)|EXECUTION_STARTED
15:10:23.0 (336544)|CODE_UNIT_STARTED|[EXTERNAL]|06646000001BW08|VF: /apex/ListOfEmployees
15:10:23.0 (840129)|VF_DESERIALIZE_VIEWSTATE_BEGIN|06646000001BW08
15:10:23.0 (6628810)|HEAP_ALLOCATE|[72]|Bytes:3
15:10:23.0 (6665224)|HEAP_ALLOCATE|[77]|Bytes:152
15:10:23.0 (6678423)|HEAP_ALLOCATE|[342]|Bytes:408
15:10:23.0 (6692059)|HEAP_ALLOCATE|[355]|Bytes:408
15:10:23.0 (6704704)|HEAP_ALLOCATE|[467]|Bytes:48
15:10:23.0 (6729706)|HEAP_ALLOCATE|[139]|Bytes:6
15:10:23.0 (8742133)|HEAP_ALLOCATE|[50]|Bytes:5
15:10:23.0 (8769506)|HEAP_ALLOCATE|[56]|Bytes:5
15:10:23.0 (8776970)|HEAP_ALLOCATE|[64]|Bytes:7
15:10:23.0 (10974233)|VF_DESERIALIZE_VIEWSTATE_END
15:10:23.0 (11758590)|SYSTEM_MODE_ENTER|true
15:10:23.0 (11973525)|HEAP_ALLOCATE|[EXTERNAL]|Bytes:140
15:10:23.0 (11979921)|HEAP_ALLOCATE|[EXTERNAL]|Bytes:46
15:10:23.0 (11988029)|METHOD_ENTRY|[1]|01p46000002wayn|ExpenseController.ExpenseController()
15:10:23.0 (11991207)|STATEMENT_EXECUTE|[1]
15:10:23.0 (11995493)|STATEMENT_EXECUTE|[1]
15:10:23.0 (11999784)|METHOD_EXIT|[1]|ExpenseController
15:10:23.0 (12008839)|HEAP_ALLOCATE|[EXTERNAL]|Bytes:24
15:10:23.0 (12015558)|VARIABLE_SCOPE_BEGIN|[17]|this|ExpenseController|true|false
15:10:23.0 (12076392)|VARIABLE_ASSIGNMENT|[17]|this|{"CountTotalRecords":7,"OffsetSize":0,"QueryLimit":3,"queryString":"","wrappedExpenses":"0x74bae570"}|0x7a46bbed
15:10:23.0 (12086490)|STATEMENT_EXECUTE|[17]
15:10:23.0 (12088019)|STATEMENT_EXECUTE|[19]
15:10:23.0 (12090594)|HEAP_ALLOCATE|[19]|Bytes:161
15:10:23.0 (12096829)|HEAP_ALLOCATE|[22]|Bytes:33
15:10:23.0 (12150981)|HEAP_ALLOCATE|[22]|Bytes:1
15:10:23.0 (12160916)|HEAP_ALLOCATE|[22]|Bytes:8
15:10:23.0 (12170000)|HEAP_ALLOCATE|[22]|Bytes:1
15:10:23.0 (12182540)|HEAP_ALLOCATE|[19]|Bytes:204
15:10:23.0 (13000962)|SOQL_EXECUTE_BEGIN|[19]|Aggregations:0|SELECT Category__c, RecordType.Name, Amount__c, Tax__c, Client_Company__c, Submitted__c, Employee__r.Id, Employee__r.Name, Employee__r.Birthdate FROM Expense__c  ORDER BY Employee__r.Name LIMIT 3 OFFSET 0
15:10:23.0 (24422231)|SOQL_EXECUTE_END|[19]|Rows:3
15:10:23.0 (24445217)|HEAP_ALLOCATE|[19]|Bytes:16
15:10:23.0 (24479916)|HEAP_ALLOCATE|[19]|Bytes:895
15:10:23.0 (24534618)|HEAP_ALLOCATE|[19]|Bytes:16
15:10:23.0 (24550719)|VARIABLE_SCOPE_BEGIN|[19]|results|List<Expense__c>|true|false
15:10:23.0 (24624125)|VARIABLE_ASSIGNMENT|[19]|results|[{"Category__c":"Transportation","RecordTypeId":"012460000005G1FAAU","Amount__c":3500,"Tax__c":455.00,"Submitted__c":true,"Employee__c":"00346000002ojVWAAY","Id":"a0F46000000FBblEAG","RecordType":{"Name":"Business Trips","Id":"012460000005G1FAAU"},"Employee__r":{"Id":"00346000002ojVWAAY","Name":"Carol Ruiz","Birthdate":"2017-10-09T00:00:00.000Z"}},{"RecordTypeId":"012460000005G1FAAU","Amount__c":3000,"Tax__c":390.00,"Submitted__c":true,"Employee__c":"00346000002ojVWAAY","Id":"a0F46000000Fp6rEAC","RecordType":{"Name":"Business Trips","Id":"012460000005G1FAAU"},"Employee__r":{"Id":"00346000002ojVWAAY","Name":"Carol Ruiz","Birthdate":"2017-10-09T00:00:00.000Z"}},{"Category__c":"Event Registration","RecordTypeId":"012460000005G1FAAU","Amount__c":3499,"Tax__c":454.87,"Submitted__c":true,"Employee__c":"00346000002ojVWAAY","Id":"a0F46000000Fp76EAC","RecordType":{"Name":"Business Trips","Id":"012460000005G1FAAU"},"Employee__r":{"Id":"00346000002ojVWAAY","Name":"Carol Ruiz","Birthdate":"2017-10-09T00:00:00.000Z"}}]|0x11bb0745
15:10:23.0 (24633363)|STATEMENT_EXECUTE|[25]
15:10:23.0 (24643141)|HEAP_ALLOCATE|[25]|Bytes:4
15:10:23.0 (24746308)|VARIABLE_ASSIGNMENT|[EXTERNAL]|this|{"CountTotalRecords":7,"OffsetSize":0,"QueryLimit":3,"queryString":"","wrappedExpenses":"0x74bae570"}|0x7a46bbed
15:10:23.0 (24764058)|HEAP_ALLOCATE|[EXTERNAL]|Bytes:4
15:10:23.0 (24769977)|VARIABLE_ASSIGNMENT|[EXTERNAL]|value|[]|0x5af9998c
15:10:23.0 (24781314)|VARIABLE_ASSIGNMENT|[14]|this.wrappedExpenses|[]|0x7a46bbed
15:10:23.0 (24965221)|HEAP_ALLOCATE|[26]|Bytes:5
15:10:23.0 (25016503)|HEAP_ALLOCATE|[26]|Bytes:40
15:10:23.0 (25032129)|VARIABLE_SCOPE_BEGIN|[26]|ex|Expense__c|true|false
15:10:23.0 (25056708)|VARIABLE_ASSIGNMENT|[26]|ex|{"Category__c":"Transportation","RecordTypeId":"012460000005G1FAAU","Amount__c":3500,"Tax__c":455.00,"Submitted__c":true,"Employee__c":"00346000002ojVWAAY","Id":"a0F46000000FBblEAG","RecordType":{"Name":"Business Trips","Id":"012460000005G1FAAU"},"Employee__r":{"Id":"00346000002ojVWAAY","Name":"Carol Ruiz","Birthdate":"2017-10-09T00:00:00.000Z"}}|0x6180bd05
15:10:23.0 (25062222)|STATEMENT_EXECUTE|[26]
15:10:23.0 (25063736)|STATEMENT_EXECUTE|[28]
15:10:23.0 (25106960)|VARIABLE_ASSIGNMENT|[EXTERNAL]|this|{"CountTotalRecords":7,"OffsetSize":0,"QueryLimit":3,"queryString":"","wrappedExpenses":"0x5af9998c"}|0x7a46bbed
15:10:23.0 (25120519)|HEAP_ALLOCATE|[28]|Bytes:112
15:10:23.0 (25125360)|HEAP_ALLOCATE|[28]|Bytes:5
15:10:23.0 (25152369)|METHOD_ENTRY|[1]|01p46000003buu6|ExpenseWrapper.ExpenseWrapper()
15:10:23.0 (25154923)|STATEMENT_EXECUTE|[1]
15:10:23.0 (25157987)|STATEMENT_EXECUTE|[1]
15:10:23.0 (25162369)|METHOD_EXIT|[1]|ExpenseWrapper
15:10:23.0 (25171037)|HEAP_ALLOCATE|[28]|Bytes:12
15:10:23.0 (25183224)|CONSTRUCTOR_ENTRY|[28]|01p46000003buu6|<init>(Expense__c,Boolean)
15:10:23.0 (25193297)|VARIABLE_SCOPE_BEGIN|[6]|this|ExpenseWrapper|true|false
15:10:23.0 (25211127)|VARIABLE_ASSIGNMENT|[6]|this|{}|0x7448a6c8
15:10:23.0 (25213946)|VARIABLE_SCOPE_BEGIN|[6]|ex|Expense__c|true|false
15:10:23.0 (25231663)|VARIABLE_ASSIGNMENT|[6]|ex|{"Category__c":"Transportation","RecordTypeId":"012460000005G1FAAU","Amount__c":3500,"Tax__c":455.00,"Submitted__c":true,"Employee__c":"00346000002ojVWAAY","Id":"a0F46000000FBblEAG","RecordType":{"Name":"Business Trips","Id":"012460000005G1FAAU"},"Employee__r":{"Id":"00346000002ojVWAAY","Name":"Carol Ruiz","Birthdate":"2017-10-09T00:00:00.000Z"}}|0x6180bd05
15:10:23.0 (25238407)|VARIABLE_SCOPE_BEGIN|[6]|check|Boolean|false|false
15:10:23.0 (25241832)|VARIABLE_ASSIGNMENT|[6]|check|false
15:10:23.0 (25244634)|STATEMENT_EXECUTE|[1]
15:10:23.0 (25245918)|STATEMENT_EXECUTE|[3]
15:10:23.0 (25247085)|STATEMENT_EXECUTE|[4]
15:10:23.0 (25252718)|HEAP_ALLOCATE|[8]|Bytes:6
15:10:23.0 (25271458)|STATEMENT_EXECUTE|[6]
15:10:23.0 (25272869)|STATEMENT_EXECUTE|[8]
15:10:23.0 (25322544)|VARIABLE_ASSIGNMENT|[EXTERNAL]|this|{}|0x7448a6c8
15:10:23.0 (25341265)|VARIABLE_ASSIGNMENT|[EXTERNAL]|value|{"Category__c":"Transportation","RecordTypeId":"012460000005G1FAAU","Amount__c":3500,"Tax__c":455.00,"Submitted__c":true,"Employee__c":"00346000002ojVWAAY","Id":"a0F46000000FBblEAG","RecordType":{"Name":"Business Trips","Id":"012460000005G1FAAU"},"Employee__r":{"Id":"00346000002ojVWAAY","Name":"Carol Ruiz","Birthdate":"2017-10-09T00:00:00.000Z"}}|0x6180bd05
15:10:23.0 (25359481)|VARIABLE_ASSIGNMENT|[3]|this.expense|{"Category__c":"Transportation","RecordTypeId":"012460000005G1FAAU","Amount__c":3500,"Tax__c":455.00,"Submitted__c":true,"Employee__c":"00346000002ojVWAAY","Id":"a0F46000000FBblEAG","RecordType":{"Name":"Business Trips","Id":"012460000005G1FAAU"},"Employee__r":{"Id":"00346000002ojVWAAY","Name":"Carol Ruiz","Birthdate":"2017-10-09T00:00:00.000Z"}}|0x7448a6c8
15:10:23.0 (25366824)|STATEMENT_EXECUTE|[9]
15:10:23.0 (25398493)|VARIABLE_ASSIGNMENT|[EXTERNAL]|this|{"expense":"0x6180bd05"}|0x7448a6c8
15:10:23.0 (25404705)|VARIABLE_ASSIGNMENT|[EXTERNAL]|value|false
15:10:23.0 (25408307)|HEAP_ALLOCATE|[4]|Bytes:5
15:10:23.0 (25412802)|VARIABLE_ASSIGNMENT|[4]|this.checked|false|0x7448a6c8
15:10:23.0 (25420462)|CONSTRUCTOR_EXIT|[28]|01p46000003buu6|<init>(Expense__c,Boolean)
15:10:23.0 (25432049)|HEAP_ALLOCATE|[EXTERNAL]|Bytes:4
15:10:23.0 (25442188)|HEAP_ALLOCATE|[26]|Bytes:5
15:10:23.0 (25464068)|HEAP_ALLOCATE|[26]|Bytes:36
15:10:23.0 (25469565)|VARIABLE_SCOPE_BEGIN|[26]|ex|Expense__c|true|false
15:10:23.0 (25487603)|VARIABLE_ASSIGNMENT|[26]|ex|{"RecordTypeId":"012460000005G1FAAU","Amount__c":3000,"Tax__c":390.00,"Submitted__c":true,"Employee__c":"00346000002ojVWAAY","Id":"a0F46000000Fp6rEAC","RecordType":{"Name":"Business Trips","Id":"012460000005G1FAAU"},"Employee__r":{"Id":"00346000002ojVWAAY","Name":"Carol Ruiz","Birthdate":"2017-10-09T00:00:00.000Z"}}|0x6ab7d6af
15:10:23.0 (25492524)|STATEMENT_EXECUTE|[26]
15:10:23.0 (25493762)|STATEMENT_EXECUTE|[28]
15:10:23.0 (25514993)|VARIABLE_ASSIGNMENT|[EXTERNAL]|this|{"CountTotalRecords":7,"OffsetSize":0,"QueryLimit":3,"queryString":"","wrappedExpenses":"0x5af9998c"}|0x7a46bbed
15:10:23.0 (25523382)|HEAP_ALLOCATE|[28]|Bytes:12
15:10:23.0 (25530358)|CONSTRUCTOR_ENTRY|[28]|01p46000003buu6|<init>(Expense__c,Boolean)
15:10:23.0 (25532996)|VARIABLE_SCOPE_BEGIN|[6]|this|ExpenseWrapper|true|false
15:10:23.0 (25540699)|VARIABLE_ASSIGNMENT|[6]|this|{}|0x23acd467
15:10:23.0 (25542332)|VARIABLE_SCOPE_BEGIN|[6]|ex|Expense__c|true|false
15:10:23.0 (25555766)|VARIABLE_ASSIGNMENT|[6]|ex|{"RecordTypeId":"012460000005G1FAAU","Amount__c":3000,"Tax__c":390.00,"Submitted__c":true,"Employee__c":"00346000002ojVWAAY","Id":"a0F46000000Fp6rEAC","RecordType":{"Name":"Business Trips","Id":"012460000005G1FAAU"},"Employee__r":{"Id":"00346000002ojVWAAY","Name":"Carol Ruiz","Birthdate":"2017-10-09T00:00:00.000Z"}}|0x6ab7d6af
15:10:23.0 (25559965)|VARIABLE_SCOPE_BEGIN|[6]|check|Boolean|false|false
15:10:23.0 (25562989)|VARIABLE_ASSIGNMENT|[6]|check|false
15:10:23.0 (25565235)|STATEMENT_EXECUTE|[1]
15:10:23.0 (25566330)|STATEMENT_EXECUTE|[3]
15:10:23.0 (25567374)|STATEMENT_EXECUTE|[4]
15:10:23.0 (25575781)|STATEMENT_EXECUTE|[6]
15:10:23.0 (25577045)|STATEMENT_EXECUTE|[8]
15:10:23.0 (25586354)|VARIABLE_ASSIGNMENT|[EXTERNAL]|this|{}|0x23acd467
15:10:23.0 (25598826)|VARIABLE_ASSIGNMENT|[EXTERNAL]|value|{"RecordTypeId":"012460000005G1FAAU","Amount__c":3000,"Tax__c":390.00,"Submitted__c":true,"Employee__c":"00346000002ojVWAAY","Id":"a0F46000000Fp6rEAC","RecordType":{"Name":"Business Trips","Id":"012460000005G1FAAU"},"Employee__r":{"Id":"00346000002ojVWAAY","Name":"Carol Ruiz","Birthdate":"2017-10-09T00:00:00.000Z"}}|0x6ab7d6af
15:10:23.0 (25612979)|VARIABLE_ASSIGNMENT|[3]|this.expense|{"RecordTypeId":"012460000005G1FAAU","Amount__c":3000,"Tax__c":390.00,"Submitted__c":true,"Employee__c":"00346000002ojVWAAY","Id":"a0F46000000Fp6rEAC","RecordType":{"Name":"Business Trips","Id":"012460000005G1FAAU"},"Employee__r":{"Id":"00346000002ojVWAAY","Name":"Carol Ruiz","Birthdate":"2017-10-09T00:00:00.000Z"}}|0x23acd467
15:10:23.0 (25618199)|STATEMENT_EXECUTE|[9]
15:10:23.0 (25627657)|VARIABLE_ASSIGNMENT|[EXTERNAL]|this|{"expense":"0x6ab7d6af"}|0x23acd467
15:10:23.0 (25631393)|VARIABLE_ASSIGNMENT|[EXTERNAL]|value|false
15:10:23.0 (25634033)|HEAP_ALLOCATE|[4]|Bytes:5
15:10:23.0 (25637475)|VARIABLE_ASSIGNMENT|[4]|this.checked|false|0x23acd467
15:10:23.0 (25643664)|CONSTRUCTOR_EXIT|[28]|01p46000003buu6|<init>(Expense__c,Boolean)
15:10:23.0 (25649551)|HEAP_ALLOCATE|[EXTERNAL]|Bytes:4
15:10:23.0 (25657598)|HEAP_ALLOCATE|[26]|Bytes:5
15:10:23.0 (25674415)|HEAP_ALLOCATE|[26]|Bytes:40
15:10:23.0 (25678928)|VARIABLE_SCOPE_BEGIN|[26]|ex|Expense__c|true|false
15:10:23.0 (25695526)|VARIABLE_ASSIGNMENT|[26]|ex|{"Category__c":"Event Registration","RecordTypeId":"012460000005G1FAAU","Amount__c":3499,"Tax__c":454.87,"Submitted__c":true,"Employee__c":"00346000002ojVWAAY","Id":"a0F46000000Fp76EAC","RecordType":{"Name":"Business Trips","Id":"012460000005G1FAAU"},"Employee__r":{"Id":"00346000002ojVWAAY","Name":"Carol Ruiz","Birthdate":"2017-10-09T00:00:00.000Z"}}|0x495bd98
15:10:23.0 (25699600)|STATEMENT_EXECUTE|[26]
15:10:23.0 (25700980)|STATEMENT_EXECUTE|[28]
15:10:23.0 (25719762)|VARIABLE_ASSIGNMENT|[EXTERNAL]|this|{"CountTotalRecords":7,"OffsetSize":0,"QueryLimit":3,"queryString":"","wrappedExpenses":"0x5af9998c"}|0x7a46bbed
15:10:23.0 (25726778)|HEAP_ALLOCATE|[28]|Bytes:12
15:10:23.0 (25732857)|CONSTRUCTOR_ENTRY|[28]|01p46000003buu6|<init>(Expense__c,Boolean)
15:10:23.0 (25735145)|VARIABLE_SCOPE_BEGIN|[6]|this|ExpenseWrapper|true|false
15:10:23.0 (25741754)|VARIABLE_ASSIGNMENT|[6]|this|{}|0x2c33e77e
15:10:23.0 (25743376)|VARIABLE_SCOPE_BEGIN|[6]|ex|Expense__c|true|false
15:10:23.0 (25756895)|VARIABLE_ASSIGNMENT|[6]|ex|{"Category__c":"Event Registration","RecordTypeId":"012460000005G1FAAU","Amount__c":3499,"Tax__c":454.87,"Submitted__c":true,"Employee__c":"00346000002ojVWAAY","Id":"a0F46000000Fp76EAC","RecordType":{"Name":"Business Trips","Id":"012460000005G1FAAU"},"Employee__r":{"Id":"00346000002ojVWAAY","Name":"Carol Ruiz","Birthdate":"2017-10-09T00:00:00.000Z"}}|0x495bd98
15:10:23.0 (25761328)|VARIABLE_SCOPE_BEGIN|[6]|check|Boolean|false|false
15:10:23.0 (25764156)|VARIABLE_ASSIGNMENT|[6]|check|false
15:10:23.0 (25766194)|STATEMENT_EXECUTE|[1]
15:10:23.0 (25767196)|STATEMENT_EXECUTE|[3]
15:10:23.0 (25768256)|STATEMENT_EXECUTE|[4]
15:10:23.0 (25775535)|STATEMENT_EXECUTE|[6]
15:10:23.0 (25776678)|STATEMENT_EXECUTE|[8]
15:10:23.0 (25785105)|VARIABLE_ASSIGNMENT|[EXTERNAL]|this|{}|0x2c33e77e
15:10:23.0 (25797504)|VARIABLE_ASSIGNMENT|[EXTERNAL]|value|{"Category__c":"Event Registration","RecordTypeId":"012460000005G1FAAU","Amount__c":3499,"Tax__c":454.87,"Submitted__c":true,"Employee__c":"00346000002ojVWAAY","Id":"a0F46000000Fp76EAC","RecordType":{"Name":"Business Trips","Id":"012460000005G1FAAU"},"Employee__r":{"Id":"00346000002ojVWAAY","Name":"Carol Ruiz","Birthdate":"2017-10-09T00:00:00.000Z"}}|0x495bd98
15:10:23.0 (25812039)|VARIABLE_ASSIGNMENT|[3]|this.expense|{"Category__c":"Event Registration","RecordTypeId":"012460000005G1FAAU","Amount__c":3499,"Tax__c":454.87,"Submitted__c":true,"Employee__c":"00346000002ojVWAAY","Id":"a0F46000000Fp76EAC","RecordType":{"Name":"Business Trips","Id":"012460000005G1FAAU"},"Employee__r":{"Id":"00346000002ojVWAAY","Name":"Carol Ruiz","Birthdate":"2017-10-09T00:00:00.000Z"}}|0x2c33e77e
15:10:23.0 (25817356)|STATEMENT_EXECUTE|[9]
15:10:23.0 (25826796)|VARIABLE_ASSIGNMENT|[EXTERNAL]|this|{"expense":"0x495bd98"}|0x2c33e77e
15:10:23.0 (25830816)|VARIABLE_ASSIGNMENT|[EXTERNAL]|value|false
15:10:23.0 (25833346)|HEAP_ALLOCATE|[4]|Bytes:5
15:10:23.0 (25836767)|VARIABLE_ASSIGNMENT|[4]|this.checked|false|0x2c33e77e
15:10:23.0 (25842908)|CONSTRUCTOR_EXIT|[28]|01p46000003buu6|<init>(Expense__c,Boolean)
15:10:23.0 (25848211)|HEAP_ALLOCATE|[EXTERNAL]|Bytes:4
15:10:23.0 (25856004)|HEAP_ALLOCATE|[26]|Bytes:5
15:10:23.0 (25863510)|VARIABLE_ASSIGNMENT|[26]|ex|null|
15:10:23.0 (25866191)|STATEMENT_EXECUTE|[32]
15:10:23.0 (25892507)|VARIABLE_ASSIGNMENT|[EXTERNAL]|this|{"CountTotalRecords":7,"OffsetSize":0,"QueryLimit":3,"queryString":"","wrappedExpenses":"0x5af9998c"}|0x7a46bbed
15:10:23.0 (26417336)|SYSTEM_MODE_ENTER|true
15:10:23.0 (26449009)|HEAP_ALLOCATE|[EXTERNAL]|Bytes:24
15:10:23.0 (26455813)|VARIABLE_SCOPE_BEGIN|[107]|this|ExpenseController|true|false
15:10:23.0 (26478658)|VARIABLE_ASSIGNMENT|[107]|this|{"CountTotalRecords":7,"OffsetSize":0,"QueryLimit":3,"queryString":"","wrappedExpenses":"0x5af9998c"}|0x7a46bbed
15:10:23.0 (26485415)|STATEMENT_EXECUTE|[107]
15:10:23.0 (26491839)|STATEMENT_EXECUTE|[111]
15:10:23.0 (26496810)|HEAP_ALLOCATE|[111]|Bytes:5
15:10:23.0 (26568034)|SYSTEM_MODE_ENTER|true
15:10:23.0 (26588733)|HEAP_ALLOCATE|[EXTERNAL]|Bytes:24
15:10:23.0 (26593495)|VARIABLE_SCOPE_BEGIN|[114]|this|ExpenseController|true|false
15:10:23.0 (26611770)|VARIABLE_ASSIGNMENT|[114]|this|{"CountTotalRecords":7,"OffsetSize":0,"QueryLimit":3,"queryString":"","wrappedExpenses":"0x5af9998c"}|0x7a46bbed
15:10:23.0 (26617957)|STATEMENT_EXECUTE|[114]
15:10:23.0 (26651686)|VARIABLE_ASSIGNMENT|[EXTERNAL]|this|{"CountTotalRecords":7,"OffsetSize":0,"QueryLimit":3,"queryString":"","wrappedExpenses":"0x5af9998c"}|0x7a46bbed
15:10:23.0 (26660478)|STATEMENT_EXECUTE|[115]
15:10:23.0 (26661741)|STATEMENT_EXECUTE|[116]
15:10:23.0 (26665980)|HEAP_ALLOCATE|[116]|Bytes:5
15:10:23.0 (26978514)|HEAP_ALLOCATE|[EXTERNAL]|Bytes:5
15:10:23.0 (26982530)|HEAP_ALLOCATE|[EXTERNAL]|Bytes:12
15:10:23.0 (27012163)|VARIABLE_ASSIGNMENT|[EXTERNAL]|this.checked|false|0x7448a6c8
15:10:23.0 (27059687)|HEAP_ALLOCATE|[EXTERNAL]|Bytes:5
15:10:23.0 (27062416)|HEAP_ALLOCATE|[EXTERNAL]|Bytes:12
15:10:23.0 (27067687)|VARIABLE_ASSIGNMENT|[EXTERNAL]|this.checked|false|0x23acd467
15:10:23.0 (27100987)|HEAP_ALLOCATE|[EXTERNAL]|Bytes:5
15:10:23.0 (27103479)|HEAP_ALLOCATE|[EXTERNAL]|Bytes:12
15:10:23.0 (27107893)|VARIABLE_ASSIGNMENT|[EXTERNAL]|this.checked|false|0x2c33e77e
15:10:23.0 (27234669)|HEAP_ALLOCATE|[EXTERNAL]|Bytes:24
15:10:23.0 (27240456)|VARIABLE_SCOPE_BEGIN|[121]|this|ExpenseController|true|false
15:10:23.0 (27263056)|VARIABLE_ASSIGNMENT|[121]|this|{"CountTotalRecords":7,"OffsetSize":0,"QueryLimit":3,"queryString":"","wrappedExpenses":"0x5af9998c"}|0x7a46bbed
15:10:23.0 (27269589)|STATEMENT_EXECUTE|[121]
15:10:23.0 (27271039)|STATEMENT_EXECUTE|[122]
15:10:23.0 (27277206)|HEAP_ALLOCATE|[122]|Bytes:4
15:10:23.0 (27282478)|VARIABLE_ASSIGNMENT|[122]|this.OffsetSize|3|0x7a46bbed
15:10:23.0 (27284306)|STATEMENT_EXECUTE|[123]
15:10:23.0 (30378996)|SYSTEM_MODE_ENTER|true
15:10:23.0 (30399735)|HEAP_ALLOCATE|[EXTERNAL]|Bytes:96
15:10:23.0 (30405511)|HEAP_ALLOCATE|[EXTERNAL]|Bytes:6
15:10:23.0 (30412021)|METHOD_ENTRY|[1]|01p46000002ySm2|SaveAsPdfExtension.SaveAsPdfExtension()
15:10:23.0 (30414338)|STATEMENT_EXECUTE|[1]
15:10:23.0 (30417052)|STATEMENT_EXECUTE|[1]
15:10:23.0 (30420476)|METHOD_EXIT|[1]|SaveAsPdfExtension
15:10:23.0 (30579418)|SYSTEM_MODE_ENTER|true
15:10:23.0 (30603082)|HEAP_ALLOCATE|[EXTERNAL]|Bytes:24
15:10:23.0 (30607668)|VARIABLE_SCOPE_BEGIN|[17]|this|ExpenseController|true|false
15:10:23.0 (30631914)|VARIABLE_ASSIGNMENT|[17]|this|{"CountTotalRecords":7,"OffsetSize":3,"QueryLimit":3,"queryString":"","wrappedExpenses":"0x5af9998c"}|0x7a46bbed
15:10:23.0 (30641905)|STATEMENT_EXECUTE|[17]
15:10:23.0 (30643345)|STATEMENT_EXECUTE|[19]
15:10:23.0 (30662731)|HEAP_ALLOCATE|[22]|Bytes:1
15:10:23.0 (30675626)|HEAP_ALLOCATE|[22]|Bytes:1
15:10:23.0 (30685014)|HEAP_ALLOCATE|[19]|Bytes:204
15:10:23.0 (31044816)|SOQL_EXECUTE_BEGIN|[19]|Aggregations:0|SELECT Category__c, RecordType.Name, Amount__c, Tax__c, Client_Company__c, Submitted__c, Employee__r.Id, Employee__r.Name, Employee__r.Birthdate FROM Expense__c  ORDER BY Employee__r.Name LIMIT 3 OFFSET 3
15:10:23.0 (35899552)|SOQL_EXECUTE_END|[19]|Rows:3
15:10:23.0 (35915927)|HEAP_ALLOCATE|[19]|Bytes:16
15:10:23.0 (35947621)|HEAP_ALLOCATE|[19]|Bytes:1032
15:10:23.0 (35967061)|HEAP_ALLOCATE|[19]|Bytes:16
15:10:23.0 (35979940)|VARIABLE_SCOPE_BEGIN|[19]|results|List<Expense__c>|true|false
15:10:23.0 (36025499)|VARIABLE_ASSIGNMENT|[19]|results|[{"Category__c":"Transportation","RecordTypeId":"012460000005G1FAAU","Amount__c":4000,"Tax__c":520.00,"Submitted__c":true,"Employee__c":"00346000002ojVWAAY","Id":"a0F46000000FtpwEAC","RecordType":{"Name":"Business Trips","Id":"012460000005G1FAAU"},"Employee__r":{"Id":"00346000002ojVWAAY","Name":"Carol Ruiz","Birthdate":"2017-10-09T00:00:00.000Z"}},{"Category__c":"Road Meals","RecordTypeId":"012460000005G1KAAU","Amount__c":8900,"Tax__c":1157.00,"Submitted__c":true,"Employee__c":"00346000002ojeGAAQ","Id":"a0F46000000FmUwEAK","RecordType":{"Name":"Client Meetings","Id":"012460000005G1KAAU"},"Employee__r":{"Id":"00346000002ojeGAAQ","Name":"Paolo Smith"}},{"Category__c":"Lodging","RecordTypeId":"012460000005G1KAAU","Amount__c":4000,"Tax__c":520.00,"Client_Company__c":"At&t","Submitted__c":true,"Employee__c":"00346000002ojeGAAQ","Id":"a0F46000000Ftq1EAC","RecordType":{"Name":"Client Meetings","Id":"012460000005G1KAAU"},"Employee__r":{"Id":"00346000002ojeGAAQ","Name":"Paolo Smith"}}]|0x6dcdc6c7
15:10:23.0 (36033013)|STATEMENT_EXECUTE|[25]
15:10:23.0 (36037704)|HEAP_ALLOCATE|[25]|Bytes:4
15:10:23.0 (36073997)|VARIABLE_ASSIGNMENT|[EXTERNAL]|this|{"CountTotalRecords":7,"OffsetSize":3,"QueryLimit":3,"queryString":"","wrappedExpenses":"0x5af9998c"}|0x7a46bbed
15:10:23.0 (36083963)|HEAP_ALLOCATE|[EXTERNAL]|Bytes:4
15:10:23.0 (36088675)|VARIABLE_ASSIGNMENT|[EXTERNAL]|value|[]|0x39a14f0f
15:10:23.0 (36096003)|VARIABLE_ASSIGNMENT|[14]|this.wrappedExpenses|[]|0x7a46bbed
15:10:23.0 (36119316)|HEAP_ALLOCATE|[26]|Bytes:5
15:10:23.0 (36142157)|HEAP_ALLOCATE|[26]|Bytes:40
15:10:23.0 (36148395)|VARIABLE_SCOPE_BEGIN|[26]|ex|Expense__c|true|false
15:10:23.0 (36171770)|VARIABLE_ASSIGNMENT|[26]|ex|{"Category__c":"Transportation","RecordTypeId":"012460000005G1FAAU","Amount__c":4000,"Tax__c":520.00,"Submitted__c":true,"Employee__c":"00346000002ojVWAAY","Id":"a0F46000000FtpwEAC","RecordType":{"Name":"Business Trips","Id":"012460000005G1FAAU"},"Employee__r":{"Id":"00346000002ojVWAAY","Name":"Carol Ruiz","Birthdate":"2017-10-09T00:00:00.000Z"}}|0x7911c7cb
15:10:23.0 (36176818)|STATEMENT_EXECUTE|[26]
15:10:23.0 (36178056)|STATEMENT_EXECUTE|[28]
15:10:23.0 (36199539)|VARIABLE_ASSIGNMENT|[EXTERNAL]|this|{"CountTotalRecords":7,"OffsetSize":3,"QueryLimit":3,"queryString":"","wrappedExpenses":"0x39a14f0f"}|0x7a46bbed
15:10:23.0 (36207999)|HEAP_ALLOCATE|[28]|Bytes:12
15:10:23.0 (36216524)|CONSTRUCTOR_ENTRY|[28]|01p46000003buu6|<init>(Expense__c,Boolean)
15:10:23.0 (36220164)|VARIABLE_SCOPE_BEGIN|[6]|this|ExpenseWrapper|true|false
15:10:23.0 (36228618)|VARIABLE_ASSIGNMENT|[6]|this|{}|0x69389990
15:10:23.0 (36230386)|VARIABLE_SCOPE_BEGIN|[6]|ex|Expense__c|true|false
15:10:23.0 (36245043)|VARIABLE_ASSIGNMENT|[6]|ex|{"Category__c":"Transportation","RecordTypeId":"012460000005G1FAAU","Amount__c":4000,"Tax__c":520.00,"Submitted__c":true,"Employee__c":"00346000002ojVWAAY","Id":"a0F46000000FtpwEAC","RecordType":{"Name":"Business Trips","Id":"012460000005G1FAAU"},"Employee__r":{"Id":"00346000002ojVWAAY","Name":"Carol Ruiz","Birthdate":"2017-10-09T00:00:00.000Z"}}|0x7911c7cb
15:10:23.0 (36249956)|VARIABLE_SCOPE_BEGIN|[6]|check|Boolean|false|false
15:10:23.0 (36252816)|VARIABLE_ASSIGNMENT|[6]|check|false
15:10:23.0 (36255133)|STATEMENT_EXECUTE|[1]
15:10:23.0 (36256340)|STATEMENT_EXECUTE|[3]
15:10:23.0 (36257417)|STATEMENT_EXECUTE|[4]
15:10:23.0 (36266391)|STATEMENT_EXECUTE|[6]
15:10:23.0 (36267627)|STATEMENT_EXECUTE|[8]
15:10:23.0 (36277886)|VARIABLE_ASSIGNMENT|[EXTERNAL]|this|{}|0x69389990
15:10:23.0 (36292186)|VARIABLE_ASSIGNMENT|[EXTERNAL]|value|{"Category__c":"Transportation","RecordTypeId":"012460000005G1FAAU","Amount__c":4000,"Tax__c":520.00,"Submitted__c":true,"Employee__c":"00346000002ojVWAAY","Id":"a0F46000000FtpwEAC","RecordType":{"Name":"Business Trips","Id":"012460000005G1FAAU"},"Employee__r":{"Id":"00346000002ojVWAAY","Name":"Carol Ruiz","Birthdate":"2017-10-09T00:00:00.000Z"}}|0x7911c7cb
15:10:23.0 (36308588)|VARIABLE_ASSIGNMENT|[3]|this.expense|{"Category__c":"Transportation","RecordTypeId":"012460000005G1FAAU","Amount__c":4000,"Tax__c":520.00,"Submitted__c":true,"Employee__c":"00346000002ojVWAAY","Id":"a0F46000000FtpwEAC","RecordType":{"Name":"Business Trips","Id":"012460000005G1FAAU"},"Employee__r":{"Id":"00346000002ojVWAAY","Name":"Carol Ruiz","Birthdate":"2017-10-09T00:00:00.000Z"}}|0x69389990
15:10:23.0 (36314642)|STATEMENT_EXECUTE|[9]
15:10:23.0 (36324735)|VARIABLE_ASSIGNMENT|[EXTERNAL]|this|{"expense":"0x7911c7cb"}|0x69389990
15:10:23.0 (36329054)|VARIABLE_ASSIGNMENT|[EXTERNAL]|value|false
15:10:23.0 (36332055)|HEAP_ALLOCATE|[4]|Bytes:5
15:10:23.0 (36335951)|VARIABLE_ASSIGNMENT|[4]|this.checked|false|0x69389990
15:10:23.0 (36343184)|CONSTRUCTOR_EXIT|[28]|01p46000003buu6|<init>(Expense__c,Boolean)
15:10:23.0 (36350069)|HEAP_ALLOCATE|[EXTERNAL]|Bytes:4
15:10:23.0 (36358637)|HEAP_ALLOCATE|[26]|Bytes:5
15:10:23.0 (36375984)|HEAP_ALLOCATE|[26]|Bytes:40
15:10:23.0 (36380806)|VARIABLE_SCOPE_BEGIN|[26]|ex|Expense__c|true|false
15:10:23.0 (36394186)|VARIABLE_ASSIGNMENT|[26]|ex|{"Category__c":"Road Meals","RecordTypeId":"012460000005G1KAAU","Amount__c":8900,"Tax__c":1157.00,"Submitted__c":true,"Employee__c":"00346000002ojeGAAQ","Id":"a0F46000000FmUwEAK","RecordType":{"Name":"Client Meetings","Id":"012460000005G1KAAU"},"Employee__r":{"Id":"00346000002ojeGAAQ","Name":"Paolo Smith"}}|0x478690db
15:10:23.0 (36400368)|STATEMENT_EXECUTE|[26]
15:10:23.0 (36401671)|STATEMENT_EXECUTE|[28]
15:10:23.0 (36420354)|VARIABLE_ASSIGNMENT|[EXTERNAL]|this|{"CountTotalRecords":7,"OffsetSize":3,"QueryLimit":3,"queryString":"","wrappedExpenses":"0x39a14f0f"}|0x7a46bbed
15:10:23.0 (36427492)|HEAP_ALLOCATE|[28]|Bytes:12
15:10:23.0 (36433520)|CONSTRUCTOR_ENTRY|[28]|01p46000003buu6|<init>(Expense__c,Boolean)
15:10:23.0 (36436062)|VARIABLE_SCOPE_BEGIN|[6]|this|ExpenseWrapper|true|false
15:10:23.0 (36443161)|VARIABLE_ASSIGNMENT|[6]|this|{}|0x203480e7
15:10:23.0 (36444796)|VARIABLE_SCOPE_BEGIN|[6]|ex|Expense__c|true|false
15:10:23.0 (36457449)|VARIABLE_ASSIGNMENT|[6]|ex|{"Category__c":"Road Meals","RecordTypeId":"012460000005G1KAAU","Amount__c":8900,"Tax__c":1157.00,"Submitted__c":true,"Employee__c":"00346000002ojeGAAQ","Id":"a0F46000000FmUwEAK","RecordType":{"Name":"Client Meetings","Id":"012460000005G1KAAU"},"Employee__r":{"Id":"00346000002ojeGAAQ","Name":"Paolo Smith"}}|0x478690db
15:10:23.0 (36461734)|VARIABLE_SCOPE_BEGIN|[6]|check|Boolean|false|false
15:10:23.0 (36464257)|VARIABLE_ASSIGNMENT|[6]|check|false
15:10:23.0 (36466167)|STATEMENT_EXECUTE|[1]
15:10:23.0 (36467190)|STATEMENT_EXECUTE|[3]
15:10:23.0 (36468206)|STATEMENT_EXECUTE|[4]
15:10:23.0 (36476090)|STATEMENT_EXECUTE|[6]
15:10:23.0 (36477282)|STATEMENT_EXECUTE|[8]
15:10:23.0 (36485719)|VARIABLE_ASSIGNMENT|[EXTERNAL]|this|{}|0x203480e7
15:10:23.0 (36495364)|VARIABLE_ASSIGNMENT|[EXTERNAL]|value|{"Category__c":"Road Meals","RecordTypeId":"012460000005G1KAAU","Amount__c":8900,"Tax__c":1157.00,"Submitted__c":true,"Employee__c":"00346000002ojeGAAQ","Id":"a0F46000000FmUwEAK","RecordType":{"Name":"Client Meetings","Id":"012460000005G1KAAU"},"Employee__r":{"Id":"00346000002ojeGAAQ","Name":"Paolo Smith"}}|0x478690db
15:10:23.0 (36507873)|VARIABLE_ASSIGNMENT|[3]|this.expense|{"Category__c":"Road Meals","RecordTypeId":"012460000005G1KAAU","Amount__c":8900,"Tax__c":1157.00,"Submitted__c":true,"Employee__c":"00346000002ojeGAAQ","Id":"a0F46000000FmUwEAK","RecordType":{"Name":"Client Meetings","Id":"012460000005G1KAAU"},"Employee__r":{"Id":"00346000002ojeGAAQ","Name":"Paolo Smith"}}|0x203480e7
15:10:23.0 (36512730)|STATEMENT_EXECUTE|[9]
15:10:23.0 (36521385)|VARIABLE_ASSIGNMENT|[EXTERNAL]|this|{"expense":"0x478690db"}|0x203480e7
15:10:23.0 (36525009)|VARIABLE_ASSIGNMENT|[EXTERNAL]|value|false
15:10:23.0 (36527591)|HEAP_ALLOCATE|[4]|Bytes:5
15:10:23.0 (36531142)|VARIABLE_ASSIGNMENT|[4]|this.checked|false|0x203480e7
15:10:23.0 (36536900)|CONSTRUCTOR_EXIT|[28]|01p46000003buu6|<init>(Expense__c,Boolean)
15:10:23.0 (36542392)|HEAP_ALLOCATE|[EXTERNAL]|Bytes:4
15:10:23.0 (36550289)|HEAP_ALLOCATE|[26]|Bytes:5
15:10:23.0 (36565811)|HEAP_ALLOCATE|[26]|Bytes:44
15:10:23.0 (36570245)|VARIABLE_SCOPE_BEGIN|[26]|ex|Expense__c|true|false
15:10:23.0 (36583287)|VARIABLE_ASSIGNMENT|[26]|ex|{"Category__c":"Lodging","RecordTypeId":"012460000005G1KAAU","Amount__c":4000,"Tax__c":520.00,"Client_Company__c":"At&t","Submitted__c":true,"Employee__c":"00346000002ojeGAAQ","Id":"a0F46000000Ftq1EAC","RecordType":{"Name":"Client Meetings","Id":"012460000005G1KAAU"},"Employee__r":{"Id":"00346000002ojeGAAQ","Name":"Paolo Smith"}}|0x356058a3
15:10:23.0 (36591615)|STATEMENT_EXECUTE|[26]
15:10:23.0 (36593252)|STATEMENT_EXECUTE|[28]
15:10:23.0 (36616695)|VARIABLE_ASSIGNMENT|[EXTERNAL]|this|{"CountTotalRecords":7,"OffsetSize":3,"QueryLimit":3,"queryString":"","wrappedExpenses":"0x39a14f0f"}|0x7a46bbed
15:10:23.0 (36623623)|HEAP_ALLOCATE|[28]|Bytes:12
15:10:23.0 (36630017)|CONSTRUCTOR_ENTRY|[28]|01p46000003buu6|<init>(Expense__c,Boolean)
15:10:23.0 (36632717)|VARIABLE_SCOPE_BEGIN|[6]|this|ExpenseWrapper|true|false
15:10:23.0 (36639828)|VARIABLE_ASSIGNMENT|[6]|this|{}|0x23cc81d8
15:10:23.0 (36641491)|VARIABLE_SCOPE_BEGIN|[6]|ex|Expense__c|true|false
15:10:23.0 (36652113)|VARIABLE_ASSIGNMENT|[6]|ex|{"Category__c":"Lodging","RecordTypeId":"012460000005G1KAAU","Amount__c":4000,"Tax__c":520.00,"Client_Company__c":"At&t","Submitted__c":true,"Employee__c":"00346000002ojeGAAQ","Id":"a0F46000000Ftq1EAC","RecordType":{"Name":"Client Meetings","Id":"012460000005G1KAAU"},"Employee__r":{"Id":"00346000002ojeGAAQ","Name":"Paolo Smith"}}|0x356058a3
15:10:23.0 (36656668)|VARIABLE_SCOPE_BEGIN|[6]|check|Boolean|false|false
15:10:23.0 (36658946)|VARIABLE_ASSIGNMENT|[6]|check|false
15:10:23.0 (36660902)|STATEMENT_EXECUTE|[1]
15:10:23.0 (36661924)|STATEMENT_EXECUTE|[3]
15:10:23.0 (36663010)|STATEMENT_EXECUTE|[4]
15:10:23.0 (36670214)|STATEMENT_EXECUTE|[6]
15:10:23.0 (36671382)|STATEMENT_EXECUTE|[8]
15:10:23.0 (36679726)|VARIABLE_ASSIGNMENT|[EXTERNAL]|this|{}|0x23cc81d8
15:10:23.0 (36690250)|VARIABLE_ASSIGNMENT|[EXTERNAL]|value|{"Category__c":"Lodging","RecordTypeId":"012460000005G1KAAU","Amount__c":4000,"Tax__c":520.00,"Client_Company__c":"At&t","Submitted__c":true,"Employee__c":"00346000002ojeGAAQ","Id":"a0F46000000Ftq1EAC","RecordType":{"Name":"Client Meetings","Id":"012460000005G1KAAU"},"Employee__r":{"Id":"00346000002ojeGAAQ","Name":"Paolo Smith"}}|0x356058a3
15:10:23.0 (36703014)|VARIABLE_ASSIGNMENT|[3]|this.expense|{"Category__c":"Lodging","RecordTypeId":"012460000005G1KAAU","Amount__c":4000,"Tax__c":520.00,"Client_Company__c":"At&t","Submitted__c":true,"Employee__c":"00346000002ojeGAAQ","Id":"a0F46000000Ftq1EAC","RecordType":{"Name":"Client Meetings","Id":"012460000005G1KAAU"},"Employee__r":{"Id":"00346000002ojeGAAQ","Name":"Paolo Smith"}}|0x23cc81d8
15:10:23.0 (36707779)|STATEMENT_EXECUTE|[9]
15:10:23.0 (36716296)|VARIABLE_ASSIGNMENT|[EXTERNAL]|this|{"expense":"0x356058a3"}|0x23cc81d8
15:10:23.0 (36719938)|VARIABLE_ASSIGNMENT|[EXTERNAL]|value|false
15:10:23.0 (36722522)|HEAP_ALLOCATE|[4]|Bytes:5
15:10:23.0 (36725890)|VARIABLE_ASSIGNMENT|[4]|this.checked|false|0x23cc81d8
15:10:23.0 (36731729)|CONSTRUCTOR_EXIT|[28]|01p46000003buu6|<init>(Expense__c,Boolean)
15:10:23.0 (36736773)|HEAP_ALLOCATE|[EXTERNAL]|Bytes:4
15:10:23.0 (36744331)|HEAP_ALLOCATE|[26]|Bytes:5
15:10:23.0 (36750897)|VARIABLE_ASSIGNMENT|[26]|ex|null|
15:10:23.0 (36753320)|STATEMENT_EXECUTE|[32]
15:10:23.0 (36769441)|VARIABLE_ASSIGNMENT|[EXTERNAL]|this|{"CountTotalRecords":7,"OffsetSize":3,"QueryLimit":3,"queryString":"","wrappedExpenses":"0x39a14f0f"}|0x7a46bbed
15:10:23.0 (38195002)|SYSTEM_MODE_ENTER|true
15:10:23.0 (38222153)|HEAP_ALLOCATE|[EXTERNAL]|Bytes:24
15:10:23.0 (38227016)|VARIABLE_SCOPE_BEGIN|[107]|this|ExpenseController|true|false
15:10:23.0 (38251478)|VARIABLE_ASSIGNMENT|[107]|this|{"CountTotalRecords":7,"OffsetSize":3,"QueryLimit":3,"queryString":"","wrappedExpenses":"0x39a14f0f"}|0x7a46bbed
15:10:23.0 (38257578)|STATEMENT_EXECUTE|[107]
15:10:23.0 (38261319)|STATEMENT_EXECUTE|[108]
15:10:23.0 (38262414)|STATEMENT_EXECUTE|[109]
15:10:23.0 (38267082)|HEAP_ALLOCATE|[109]|Bytes:5
15:10:23.0 (38653763)|SYSTEM_MODE_ENTER|true
15:10:23.0 (38677050)|HEAP_ALLOCATE|[EXTERNAL]|Bytes:24
15:10:23.0 (38681596)|VARIABLE_SCOPE_BEGIN|[114]|this|ExpenseController|true|false
15:10:23.0 (38704421)|VARIABLE_ASSIGNMENT|[114]|this|{"CountTotalRecords":7,"OffsetSize":3,"QueryLimit":3,"queryString":"","wrappedExpenses":"0x39a14f0f"}|0x7a46bbed
15:10:23.0 (38711006)|STATEMENT_EXECUTE|[114]
15:10:23.0 (38733146)|VARIABLE_ASSIGNMENT|[EXTERNAL]|this|{"CountTotalRecords":7,"OffsetSize":3,"QueryLimit":3,"queryString":"","wrappedExpenses":"0x39a14f0f"}|0x7a46bbed
15:10:23.0 (38740441)|STATEMENT_EXECUTE|[115]
15:10:23.0 (38741847)|STATEMENT_EXECUTE|[116]
15:10:23.0 (38746356)|HEAP_ALLOCATE|[116]|Bytes:5
15:10:23.0 (45560896)|VF_SERIALIZE_VIEWSTATE_BEGIN|06646000001BW08
15:10:23.0 (56642691)|VF_SERIALIZE_VIEWSTATE_END
15:10:23.0 (69908842)|CODE_UNIT_STARTED|[EXTERNAL]|Generate Metadata
15:10:23.0 (71267418)|CODE_UNIT_FINISHED|Generate Metadata
15:10:23.73 (73628152)|CUMULATIVE_LIMIT_USAGE
15:10:23.73 (73628152)|LIMIT_USAGE_FOR_NS|(default)|
  Number of SOQL queries: 2 out of 100
  Number of query rows: 6 out of 50000
  Number of SOSL queries: 0 out of 20
  Number of DML statements: 0 out of 150
  Number of DML rows: 0 out of 10000
  Maximum CPU time: 0 out of 10000
  Maximum heap size: 0 out of 6000000
  Number of callouts: 0 out of 100
  Number of Email Invocations: 0 out of 10
  Number of future calls: 0 out of 50
  Number of queueable jobs added to the queue: 0 out of 50
  Number of Mobile Apex push calls: 0 out of 10

15:10:23.73 (73628152)|CUMULATIVE_LIMIT_USAGE_END

15:10:23.0 (73672602)|CODE_UNIT_FINISHED|VF: /apex/ListOfEmployees
15:10:23.0 (74455072)|EXECUTION_FINISHED
