39.0 APEX_CODE,FINEST;APEX_PROFILING,INFO;CALLOUT,INFO;DB,INFO;SYSTEM,DEBUG;VALIDATION,INFO;VISUALFORCE,INFO;WAVE,INFO;WORKFLOW,INFO
12:27:46.0 (313341)|USER_INFO|[EXTERNAL]|00546000000Iihs|pacosta@altimetrik.com|Argentine Time|GMT-03:00
12:27:46.0 (345329)|EXECUTION_STARTED
12:27:46.0 (350748)|CODE_UNIT_STARTED|[EXTERNAL]|06646000001BW08|VF: /apex/ListOfEmployees
12:27:46.0 (976416)|VF_DESERIALIZE_VIEWSTATE_BEGIN|06646000001BW08
12:27:46.0 (62296820)|HEAP_ALLOCATE|[72]|Bytes:3
12:27:46.0 (62353139)|HEAP_ALLOCATE|[77]|Bytes:152
12:27:46.0 (62372396)|HEAP_ALLOCATE|[342]|Bytes:408
12:27:46.0 (62396500)|HEAP_ALLOCATE|[355]|Bytes:408
12:27:46.0 (62421338)|HEAP_ALLOCATE|[467]|Bytes:48
12:27:46.0 (62459894)|HEAP_ALLOCATE|[139]|Bytes:6
12:27:46.0 (65074214)|HEAP_ALLOCATE|[50]|Bytes:5
12:27:46.0 (65104041)|HEAP_ALLOCATE|[56]|Bytes:5
12:27:46.0 (65112697)|HEAP_ALLOCATE|[64]|Bytes:7
12:27:46.0 (70211645)|VF_DESERIALIZE_VIEWSTATE_END
12:27:46.0 (71384225)|SYSTEM_MODE_ENTER|true
12:27:46.0 (71652010)|HEAP_ALLOCATE|[EXTERNAL]|Bytes:140
12:27:46.0 (71661621)|HEAP_ALLOCATE|[EXTERNAL]|Bytes:46
12:27:46.0 (71673014)|METHOD_ENTRY|[1]|01p46000002wayn|ExpenseController.ExpenseController()
12:27:46.0 (71677226)|STATEMENT_EXECUTE|[1]
12:27:46.0 (71683598)|STATEMENT_EXECUTE|[1]
12:27:46.0 (71690432)|METHOD_EXIT|[1]|ExpenseController
12:27:46.0 (71700913)|HEAP_ALLOCATE|[EXTERNAL]|Bytes:24
12:27:46.0 (71711608)|VARIABLE_SCOPE_BEGIN|[17]|this|ExpenseController|true|false
12:27:46.0 (71806557)|VARIABLE_ASSIGNMENT|[17]|this|{"CountTotalRecords":7,"OffsetSize":0,"QueryLimit":3,"queryString":"","wrappedExpenses":"0x52613e8b"}|0x275bb00d
12:27:46.0 (71819523)|STATEMENT_EXECUTE|[17]
12:27:46.0 (71821626)|STATEMENT_EXECUTE|[19]
12:27:46.0 (71826374)|HEAP_ALLOCATE|[19]|Bytes:161
12:27:46.0 (71834972)|HEAP_ALLOCATE|[22]|Bytes:33
12:27:46.0 (71910432)|HEAP_ALLOCATE|[22]|Bytes:1
12:27:46.0 (71925746)|HEAP_ALLOCATE|[22]|Bytes:8
12:27:46.0 (71938705)|HEAP_ALLOCATE|[22]|Bytes:1
12:27:46.0 (71956476)|HEAP_ALLOCATE|[19]|Bytes:204
12:27:46.0 (73845747)|SOQL_EXECUTE_BEGIN|[19]|Aggregations:0|SELECT Category__c, RecordType.Name, Amount__c, Tax__c, Client_Company__c, Submitted__c, Employee__r.Id, Employee__r.Name, Employee__r.Birthdate FROM Expense__c  ORDER BY Employee__r.Name LIMIT 3 OFFSET 0
12:27:46.0 (84148357)|SOQL_EXECUTE_END|[19]|Rows:3
12:27:46.0 (84163269)|HEAP_ALLOCATE|[19]|Bytes:16
12:27:46.0 (84197290)|HEAP_ALLOCATE|[19]|Bytes:895
12:27:46.0 (84245414)|HEAP_ALLOCATE|[19]|Bytes:16
12:27:46.0 (84261749)|VARIABLE_SCOPE_BEGIN|[19]|results|List<Expense__c>|true|false
12:27:46.0 (84332583)|VARIABLE_ASSIGNMENT|[19]|results|[{"Category__c":"Transportation","RecordTypeId":"012460000005G1FAAU","Amount__c":3500,"Tax__c":455.00,"Submitted__c":true,"Employee__c":"00346000002ojVWAAY","Id":"a0F46000000FBblEAG","RecordType":{"Name":"Business Trips","Id":"012460000005G1FAAU"},"Employee__r":{"Id":"00346000002ojVWAAY","Name":"Carol Ruiz","Birthdate":"2017-10-09T00:00:00.000Z"}},{"RecordTypeId":"012460000005G1FAAU","Amount__c":3000,"Tax__c":390.00,"Submitted__c":true,"Employee__c":"00346000002ojVWAAY","Id":"a0F46000000Fp6rEAC","RecordType":{"Name":"Business Trips","Id":"012460000005G1FAAU"},"Employee__r":{"Id":"00346000002ojVWAAY","Name":"Carol Ruiz","Birthdate":"2017-10-09T00:00:00.000Z"}},{"Category__c":"Event Registration","RecordTypeId":"012460000005G1FAAU","Amount__c":3499,"Tax__c":454.87,"Submitted__c":true,"Employee__c":"00346000002ojVWAAY","Id":"a0F46000000Fp76EAC","RecordType":{"Name":"Business Trips","Id":"012460000005G1FAAU"},"Employee__r":{"Id":"00346000002ojVWAAY","Name":"Carol Ruiz","Birthdate":"2017-10-09T00:00:00.000Z"}}]|0x4cd541a2
12:27:46.0 (84346562)|STATEMENT_EXECUTE|[25]
12:27:46.0 (84353502)|HEAP_ALLOCATE|[25]|Bytes:4
12:27:46.0 (84457762)|VARIABLE_ASSIGNMENT|[EXTERNAL]|this|{"CountTotalRecords":7,"OffsetSize":0,"QueryLimit":3,"queryString":"","wrappedExpenses":"0x52613e8b"}|0x275bb00d
12:27:46.0 (84476452)|HEAP_ALLOCATE|[EXTERNAL]|Bytes:4
12:27:46.0 (84482577)|VARIABLE_ASSIGNMENT|[EXTERNAL]|value|[]|0x6ad58d46
12:27:46.0 (84493212)|VARIABLE_ASSIGNMENT|[14]|this.wrappedExpenses|[]|0x275bb00d
12:27:46.0 (84666714)|HEAP_ALLOCATE|[26]|Bytes:5
12:27:46.0 (84699971)|HEAP_ALLOCATE|[26]|Bytes:40
12:27:46.0 (84708592)|VARIABLE_SCOPE_BEGIN|[26]|ex|Expense__c|true|false
12:27:46.0 (84732222)|VARIABLE_ASSIGNMENT|[26]|ex|{"Category__c":"Transportation","RecordTypeId":"012460000005G1FAAU","Amount__c":3500,"Tax__c":455.00,"Submitted__c":true,"Employee__c":"00346000002ojVWAAY","Id":"a0F46000000FBblEAG","RecordType":{"Name":"Business Trips","Id":"012460000005G1FAAU"},"Employee__r":{"Id":"00346000002ojVWAAY","Name":"Carol Ruiz","Birthdate":"2017-10-09T00:00:00.000Z"}}|0x138e0e2b
12:27:46.0 (84737165)|STATEMENT_EXECUTE|[26]
12:27:46.0 (84738675)|STATEMENT_EXECUTE|[28]
12:27:46.0 (84780774)|VARIABLE_ASSIGNMENT|[EXTERNAL]|this|{"CountTotalRecords":7,"OffsetSize":0,"QueryLimit":3,"queryString":"","wrappedExpenses":"0x6ad58d46"}|0x275bb00d
12:27:46.0 (84798927)|HEAP_ALLOCATE|[28]|Bytes:112
12:27:46.0 (84804233)|HEAP_ALLOCATE|[28]|Bytes:5
12:27:46.0 (84830945)|METHOD_ENTRY|[1]|01p46000003buu6|ExpenseWrapper.ExpenseWrapper()
12:27:46.0 (84833386)|STATEMENT_EXECUTE|[1]
12:27:46.0 (84836863)|STATEMENT_EXECUTE|[1]
12:27:46.0 (84841113)|METHOD_EXIT|[1]|ExpenseWrapper
12:27:46.0 (84849112)|HEAP_ALLOCATE|[28]|Bytes:12
12:27:46.0 (84861980)|CONSTRUCTOR_ENTRY|[28]|01p46000003buu6|<init>(Expense__c,Boolean)
12:27:46.0 (84872663)|VARIABLE_SCOPE_BEGIN|[6]|this|ExpenseWrapper|true|false
12:27:46.0 (84891111)|VARIABLE_ASSIGNMENT|[6]|this|{}|0xfee3379
12:27:46.0 (84893642)|VARIABLE_SCOPE_BEGIN|[6]|ex|Expense__c|true|false
12:27:46.0 (84910803)|VARIABLE_ASSIGNMENT|[6]|ex|{"Category__c":"Transportation","RecordTypeId":"012460000005G1FAAU","Amount__c":3500,"Tax__c":455.00,"Submitted__c":true,"Employee__c":"00346000002ojVWAAY","Id":"a0F46000000FBblEAG","RecordType":{"Name":"Business Trips","Id":"012460000005G1FAAU"},"Employee__r":{"Id":"00346000002ojVWAAY","Name":"Carol Ruiz","Birthdate":"2017-10-09T00:00:00.000Z"}}|0x138e0e2b
12:27:46.0 (84916934)|VARIABLE_SCOPE_BEGIN|[6]|check|Boolean|false|false
12:27:46.0 (84920316)|VARIABLE_ASSIGNMENT|[6]|check|false
12:27:46.0 (84923497)|STATEMENT_EXECUTE|[1]
12:27:46.0 (84924732)|STATEMENT_EXECUTE|[3]
12:27:46.0 (84925761)|STATEMENT_EXECUTE|[4]
12:27:46.0 (84931648)|HEAP_ALLOCATE|[8]|Bytes:6
12:27:46.0 (84951555)|STATEMENT_EXECUTE|[6]
12:27:46.0 (84953012)|STATEMENT_EXECUTE|[8]
12:27:46.0 (85002354)|VARIABLE_ASSIGNMENT|[EXTERNAL]|this|{}|0xfee3379
12:27:46.0 (85021137)|VARIABLE_ASSIGNMENT|[EXTERNAL]|value|{"Category__c":"Transportation","RecordTypeId":"012460000005G1FAAU","Amount__c":3500,"Tax__c":455.00,"Submitted__c":true,"Employee__c":"00346000002ojVWAAY","Id":"a0F46000000FBblEAG","RecordType":{"Name":"Business Trips","Id":"012460000005G1FAAU"},"Employee__r":{"Id":"00346000002ojVWAAY","Name":"Carol Ruiz","Birthdate":"2017-10-09T00:00:00.000Z"}}|0x138e0e2b
12:27:46.0 (85039450)|VARIABLE_ASSIGNMENT|[3]|this.expense|{"Category__c":"Transportation","RecordTypeId":"012460000005G1FAAU","Amount__c":3500,"Tax__c":455.00,"Submitted__c":true,"Employee__c":"00346000002ojVWAAY","Id":"a0F46000000FBblEAG","RecordType":{"Name":"Business Trips","Id":"012460000005G1FAAU"},"Employee__r":{"Id":"00346000002ojVWAAY","Name":"Carol Ruiz","Birthdate":"2017-10-09T00:00:00.000Z"}}|0xfee3379
12:27:46.0 (85048099)|STATEMENT_EXECUTE|[9]
12:27:46.0 (85077482)|VARIABLE_ASSIGNMENT|[EXTERNAL]|this|{"expense":"0x138e0e2b"}|0xfee3379
12:27:46.0 (85083464)|VARIABLE_ASSIGNMENT|[EXTERNAL]|value|false
12:27:46.0 (85087261)|HEAP_ALLOCATE|[4]|Bytes:5
12:27:46.0 (85092113)|VARIABLE_ASSIGNMENT|[4]|this.checked|false|0xfee3379
12:27:46.0 (85100615)|CONSTRUCTOR_EXIT|[28]|01p46000003buu6|<init>(Expense__c,Boolean)
12:27:46.0 (85111918)|HEAP_ALLOCATE|[EXTERNAL]|Bytes:4
12:27:46.0 (85122616)|HEAP_ALLOCATE|[26]|Bytes:5
12:27:46.0 (85143970)|HEAP_ALLOCATE|[26]|Bytes:36
12:27:46.0 (85149224)|VARIABLE_SCOPE_BEGIN|[26]|ex|Expense__c|true|false
12:27:46.0 (85167762)|VARIABLE_ASSIGNMENT|[26]|ex|{"RecordTypeId":"012460000005G1FAAU","Amount__c":3000,"Tax__c":390.00,"Submitted__c":true,"Employee__c":"00346000002ojVWAAY","Id":"a0F46000000Fp6rEAC","RecordType":{"Name":"Business Trips","Id":"012460000005G1FAAU"},"Employee__r":{"Id":"00346000002ojVWAAY","Name":"Carol Ruiz","Birthdate":"2017-10-09T00:00:00.000Z"}}|0x484d6b41
12:27:46.0 (85172693)|STATEMENT_EXECUTE|[26]
12:27:46.0 (85173863)|STATEMENT_EXECUTE|[28]
12:27:46.0 (85195186)|VARIABLE_ASSIGNMENT|[EXTERNAL]|this|{"CountTotalRecords":7,"OffsetSize":0,"QueryLimit":3,"queryString":"","wrappedExpenses":"0x6ad58d46"}|0x275bb00d
12:27:46.0 (85203277)|HEAP_ALLOCATE|[28]|Bytes:12
12:27:46.0 (85210245)|CONSTRUCTOR_ENTRY|[28]|01p46000003buu6|<init>(Expense__c,Boolean)
12:27:46.0 (85213157)|VARIABLE_SCOPE_BEGIN|[6]|this|ExpenseWrapper|true|false
12:27:46.0 (85221057)|VARIABLE_ASSIGNMENT|[6]|this|{}|0xa3f0a63
12:27:46.0 (85222688)|VARIABLE_SCOPE_BEGIN|[6]|ex|Expense__c|true|false
12:27:46.0 (85236893)|VARIABLE_ASSIGNMENT|[6]|ex|{"RecordTypeId":"012460000005G1FAAU","Amount__c":3000,"Tax__c":390.00,"Submitted__c":true,"Employee__c":"00346000002ojVWAAY","Id":"a0F46000000Fp6rEAC","RecordType":{"Name":"Business Trips","Id":"012460000005G1FAAU"},"Employee__r":{"Id":"00346000002ojVWAAY","Name":"Carol Ruiz","Birthdate":"2017-10-09T00:00:00.000Z"}}|0x484d6b41
12:27:46.0 (85241701)|VARIABLE_SCOPE_BEGIN|[6]|check|Boolean|false|false
12:27:46.0 (85244650)|VARIABLE_ASSIGNMENT|[6]|check|false
12:27:46.0 (85246977)|STATEMENT_EXECUTE|[1]
12:27:46.0 (85248078)|STATEMENT_EXECUTE|[3]
12:27:46.0 (85249073)|STATEMENT_EXECUTE|[4]
12:27:46.0 (85257546)|STATEMENT_EXECUTE|[6]
12:27:46.0 (85258664)|STATEMENT_EXECUTE|[8]
12:27:46.0 (85267723)|VARIABLE_ASSIGNMENT|[EXTERNAL]|this|{}|0xa3f0a63
12:27:46.0 (85280355)|VARIABLE_ASSIGNMENT|[EXTERNAL]|value|{"RecordTypeId":"012460000005G1FAAU","Amount__c":3000,"Tax__c":390.00,"Submitted__c":true,"Employee__c":"00346000002ojVWAAY","Id":"a0F46000000Fp6rEAC","RecordType":{"Name":"Business Trips","Id":"012460000005G1FAAU"},"Employee__r":{"Id":"00346000002ojVWAAY","Name":"Carol Ruiz","Birthdate":"2017-10-09T00:00:00.000Z"}}|0x484d6b41
12:27:46.0 (85295229)|VARIABLE_ASSIGNMENT|[3]|this.expense|{"RecordTypeId":"012460000005G1FAAU","Amount__c":3000,"Tax__c":390.00,"Submitted__c":true,"Employee__c":"00346000002ojVWAAY","Id":"a0F46000000Fp6rEAC","RecordType":{"Name":"Business Trips","Id":"012460000005G1FAAU"},"Employee__r":{"Id":"00346000002ojVWAAY","Name":"Carol Ruiz","Birthdate":"2017-10-09T00:00:00.000Z"}}|0xa3f0a63
12:27:46.0 (85301094)|STATEMENT_EXECUTE|[9]
12:27:46.0 (85310935)|VARIABLE_ASSIGNMENT|[EXTERNAL]|this|{"expense":"0x484d6b41"}|0xa3f0a63
12:27:46.0 (85314934)|VARIABLE_ASSIGNMENT|[EXTERNAL]|value|false
12:27:46.0 (85317555)|HEAP_ALLOCATE|[4]|Bytes:5
12:27:46.0 (85321104)|VARIABLE_ASSIGNMENT|[4]|this.checked|false|0xa3f0a63
12:27:46.0 (85327629)|CONSTRUCTOR_EXIT|[28]|01p46000003buu6|<init>(Expense__c,Boolean)
12:27:46.0 (85334047)|HEAP_ALLOCATE|[EXTERNAL]|Bytes:4
12:27:46.0 (85342229)|HEAP_ALLOCATE|[26]|Bytes:5
12:27:46.0 (85358925)|HEAP_ALLOCATE|[26]|Bytes:40
12:27:46.0 (85363483)|VARIABLE_SCOPE_BEGIN|[26]|ex|Expense__c|true|false
12:27:46.0 (85381012)|VARIABLE_ASSIGNMENT|[26]|ex|{"Category__c":"Event Registration","RecordTypeId":"012460000005G1FAAU","Amount__c":3499,"Tax__c":454.87,"Submitted__c":true,"Employee__c":"00346000002ojVWAAY","Id":"a0F46000000Fp76EAC","RecordType":{"Name":"Business Trips","Id":"012460000005G1FAAU"},"Employee__r":{"Id":"00346000002ojVWAAY","Name":"Carol Ruiz","Birthdate":"2017-10-09T00:00:00.000Z"}}|0x32a4cdea
12:27:46.0 (85385300)|STATEMENT_EXECUTE|[26]
12:27:46.0 (85386373)|STATEMENT_EXECUTE|[28]
12:27:46.0 (85405720)|VARIABLE_ASSIGNMENT|[EXTERNAL]|this|{"CountTotalRecords":7,"OffsetSize":0,"QueryLimit":3,"queryString":"","wrappedExpenses":"0x6ad58d46"}|0x275bb00d
12:27:46.0 (85412989)|HEAP_ALLOCATE|[28]|Bytes:12
12:27:46.0 (85418700)|CONSTRUCTOR_ENTRY|[28]|01p46000003buu6|<init>(Expense__c,Boolean)
12:27:46.0 (85421294)|VARIABLE_SCOPE_BEGIN|[6]|this|ExpenseWrapper|true|false
12:27:46.0 (85428201)|VARIABLE_ASSIGNMENT|[6]|this|{}|0x2226868a
12:27:46.0 (85429792)|VARIABLE_SCOPE_BEGIN|[6]|ex|Expense__c|true|false
12:27:46.0 (85443380)|VARIABLE_ASSIGNMENT|[6]|ex|{"Category__c":"Event Registration","RecordTypeId":"012460000005G1FAAU","Amount__c":3499,"Tax__c":454.87,"Submitted__c":true,"Employee__c":"00346000002ojVWAAY","Id":"a0F46000000Fp76EAC","RecordType":{"Name":"Business Trips","Id":"012460000005G1FAAU"},"Employee__r":{"Id":"00346000002ojVWAAY","Name":"Carol Ruiz","Birthdate":"2017-10-09T00:00:00.000Z"}}|0x32a4cdea
12:27:46.0 (85447668)|VARIABLE_SCOPE_BEGIN|[6]|check|Boolean|false|false
12:27:46.0 (85450536)|VARIABLE_ASSIGNMENT|[6]|check|false
12:27:46.0 (85452891)|STATEMENT_EXECUTE|[1]
12:27:46.0 (85453996)|STATEMENT_EXECUTE|[3]
12:27:46.0 (85455002)|STATEMENT_EXECUTE|[4]
12:27:46.0 (85462699)|STATEMENT_EXECUTE|[6]
12:27:46.0 (85463779)|STATEMENT_EXECUTE|[8]
12:27:46.0 (85472311)|VARIABLE_ASSIGNMENT|[EXTERNAL]|this|{}|0x2226868a
12:27:46.0 (85485129)|VARIABLE_ASSIGNMENT|[EXTERNAL]|value|{"Category__c":"Event Registration","RecordTypeId":"012460000005G1FAAU","Amount__c":3499,"Tax__c":454.87,"Submitted__c":true,"Employee__c":"00346000002ojVWAAY","Id":"a0F46000000Fp76EAC","RecordType":{"Name":"Business Trips","Id":"012460000005G1FAAU"},"Employee__r":{"Id":"00346000002ojVWAAY","Name":"Carol Ruiz","Birthdate":"2017-10-09T00:00:00.000Z"}}|0x32a4cdea
12:27:46.0 (85499633)|VARIABLE_ASSIGNMENT|[3]|this.expense|{"Category__c":"Event Registration","RecordTypeId":"012460000005G1FAAU","Amount__c":3499,"Tax__c":454.87,"Submitted__c":true,"Employee__c":"00346000002ojVWAAY","Id":"a0F46000000Fp76EAC","RecordType":{"Name":"Business Trips","Id":"012460000005G1FAAU"},"Employee__r":{"Id":"00346000002ojVWAAY","Name":"Carol Ruiz","Birthdate":"2017-10-09T00:00:00.000Z"}}|0x2226868a
12:27:46.0 (85505060)|STATEMENT_EXECUTE|[9]
12:27:46.0 (85514011)|VARIABLE_ASSIGNMENT|[EXTERNAL]|this|{"expense":"0x32a4cdea"}|0x2226868a
12:27:46.0 (85518044)|VARIABLE_ASSIGNMENT|[EXTERNAL]|value|false
12:27:46.0 (85520603)|HEAP_ALLOCATE|[4]|Bytes:5
12:27:46.0 (85524047)|VARIABLE_ASSIGNMENT|[4]|this.checked|false|0x2226868a
12:27:46.0 (85530430)|CONSTRUCTOR_EXIT|[28]|01p46000003buu6|<init>(Expense__c,Boolean)
12:27:46.0 (85535922)|HEAP_ALLOCATE|[EXTERNAL]|Bytes:4
12:27:46.0 (85543899)|HEAP_ALLOCATE|[26]|Bytes:5
12:27:46.0 (85551213)|VARIABLE_ASSIGNMENT|[26]|ex|null|
12:27:46.0 (85553867)|STATEMENT_EXECUTE|[32]
12:27:46.0 (85579885)|VARIABLE_ASSIGNMENT|[EXTERNAL]|this|{"CountTotalRecords":7,"OffsetSize":0,"QueryLimit":3,"queryString":"","wrappedExpenses":"0x6ad58d46"}|0x275bb00d
12:27:46.0 (86131849)|SYSTEM_MODE_ENTER|true
12:27:46.0 (86163136)|HEAP_ALLOCATE|[EXTERNAL]|Bytes:24
12:27:46.0 (86170561)|VARIABLE_SCOPE_BEGIN|[107]|this|ExpenseController|true|false
12:27:46.0 (86192286)|VARIABLE_ASSIGNMENT|[107]|this|{"CountTotalRecords":7,"OffsetSize":0,"QueryLimit":3,"queryString":"","wrappedExpenses":"0x6ad58d46"}|0x275bb00d
12:27:46.0 (86199506)|STATEMENT_EXECUTE|[107]
12:27:46.0 (86205771)|STATEMENT_EXECUTE|[111]
12:27:46.0 (86210838)|HEAP_ALLOCATE|[111]|Bytes:5
12:27:46.0 (86285343)|SYSTEM_MODE_ENTER|true
12:27:46.0 (86305707)|HEAP_ALLOCATE|[EXTERNAL]|Bytes:24
12:27:46.0 (86310773)|VARIABLE_SCOPE_BEGIN|[114]|this|ExpenseController|true|false
12:27:46.0 (86329455)|VARIABLE_ASSIGNMENT|[114]|this|{"CountTotalRecords":7,"OffsetSize":0,"QueryLimit":3,"queryString":"","wrappedExpenses":"0x6ad58d46"}|0x275bb00d
12:27:46.0 (86335211)|STATEMENT_EXECUTE|[114]
12:27:46.0 (86370077)|VARIABLE_ASSIGNMENT|[EXTERNAL]|this|{"CountTotalRecords":7,"OffsetSize":0,"QueryLimit":3,"queryString":"","wrappedExpenses":"0x6ad58d46"}|0x275bb00d
12:27:46.0 (86379191)|STATEMENT_EXECUTE|[115]
12:27:46.0 (86380486)|STATEMENT_EXECUTE|[116]
12:27:46.0 (86384763)|HEAP_ALLOCATE|[116]|Bytes:5
12:27:46.0 (86679545)|HEAP_ALLOCATE|[EXTERNAL]|Bytes:5
12:27:46.0 (86683129)|HEAP_ALLOCATE|[EXTERNAL]|Bytes:12
12:27:46.0 (86690538)|VARIABLE_ASSIGNMENT|[EXTERNAL]|this.checked|false|0xfee3379
12:27:46.0 (86727974)|HEAP_ALLOCATE|[EXTERNAL]|Bytes:5
12:27:46.0 (86730171)|HEAP_ALLOCATE|[EXTERNAL]|Bytes:12
12:27:46.0 (86734694)|VARIABLE_ASSIGNMENT|[EXTERNAL]|this.checked|false|0xa3f0a63
12:27:46.0 (86764605)|HEAP_ALLOCATE|[EXTERNAL]|Bytes:5
12:27:46.0 (86767044)|HEAP_ALLOCATE|[EXTERNAL]|Bytes:12
12:27:46.0 (86771390)|VARIABLE_ASSIGNMENT|[EXTERNAL]|this.checked|false|0x2226868a
12:27:46.0 (86899328)|HEAP_ALLOCATE|[EXTERNAL]|Bytes:24
12:27:46.0 (86905724)|VARIABLE_SCOPE_BEGIN|[121]|this|ExpenseController|true|false
12:27:46.0 (86927772)|VARIABLE_ASSIGNMENT|[121]|this|{"CountTotalRecords":7,"OffsetSize":0,"QueryLimit":3,"queryString":"","wrappedExpenses":"0x6ad58d46"}|0x275bb00d
12:27:46.0 (86933850)|STATEMENT_EXECUTE|[121]
12:27:46.0 (86935353)|STATEMENT_EXECUTE|[122]
12:27:46.0 (86941689)|HEAP_ALLOCATE|[122]|Bytes:4
12:27:46.0 (86947044)|VARIABLE_ASSIGNMENT|[122]|this.OffsetSize|3|0x275bb00d
12:27:46.0 (86948888)|STATEMENT_EXECUTE|[123]
12:27:46.0 (90134738)|SYSTEM_MODE_ENTER|true
12:27:46.0 (90154745)|HEAP_ALLOCATE|[EXTERNAL]|Bytes:96
12:27:46.0 (90160516)|HEAP_ALLOCATE|[EXTERNAL]|Bytes:6
12:27:46.0 (90166515)|METHOD_ENTRY|[1]|01p46000002ySm2|SaveAsPdfExtension.SaveAsPdfExtension()
12:27:46.0 (90168987)|STATEMENT_EXECUTE|[1]
12:27:46.0 (90172043)|STATEMENT_EXECUTE|[1]
12:27:46.0 (90175595)|METHOD_EXIT|[1]|SaveAsPdfExtension
12:27:46.0 (90347135)|SYSTEM_MODE_ENTER|true
12:27:46.0 (90369128)|HEAP_ALLOCATE|[EXTERNAL]|Bytes:24
12:27:46.0 (90373706)|VARIABLE_SCOPE_BEGIN|[17]|this|ExpenseController|true|false
12:27:46.0 (90398544)|VARIABLE_ASSIGNMENT|[17]|this|{"CountTotalRecords":7,"OffsetSize":3,"QueryLimit":3,"queryString":"","wrappedExpenses":"0x6ad58d46"}|0x275bb00d
12:27:46.0 (90404904)|STATEMENT_EXECUTE|[17]
12:27:46.0 (90406173)|STATEMENT_EXECUTE|[19]
12:27:46.0 (90424070)|HEAP_ALLOCATE|[22]|Bytes:1
12:27:46.0 (90435641)|HEAP_ALLOCATE|[22]|Bytes:1
12:27:46.0 (90444749)|HEAP_ALLOCATE|[19]|Bytes:204
12:27:46.0 (90786431)|SOQL_EXECUTE_BEGIN|[19]|Aggregations:0|SELECT Category__c, RecordType.Name, Amount__c, Tax__c, Client_Company__c, Submitted__c, Employee__r.Id, Employee__r.Name, Employee__r.Birthdate FROM Expense__c  ORDER BY Employee__r.Name LIMIT 3 OFFSET 3
12:27:46.0 (96402054)|SOQL_EXECUTE_END|[19]|Rows:3
12:27:46.0 (96416249)|HEAP_ALLOCATE|[19]|Bytes:16
12:27:46.0 (96448935)|HEAP_ALLOCATE|[19]|Bytes:1032
12:27:46.0 (96464922)|HEAP_ALLOCATE|[19]|Bytes:16
12:27:46.0 (96478041)|VARIABLE_SCOPE_BEGIN|[19]|results|List<Expense__c>|true|false
12:27:46.0 (96524624)|VARIABLE_ASSIGNMENT|[19]|results|[{"Category__c":"Transportation","RecordTypeId":"012460000005G1FAAU","Amount__c":4000,"Tax__c":520.00,"Submitted__c":true,"Employee__c":"00346000002ojVWAAY","Id":"a0F46000000FtpwEAC","RecordType":{"Name":"Business Trips","Id":"012460000005G1FAAU"},"Employee__r":{"Id":"00346000002ojVWAAY","Name":"Carol Ruiz","Birthdate":"2017-10-09T00:00:00.000Z"}},{"Category__c":"Road Meals","RecordTypeId":"012460000005G1KAAU","Amount__c":8900,"Tax__c":1157.00,"Submitted__c":true,"Employee__c":"00346000002ojeGAAQ","Id":"a0F46000000FmUwEAK","RecordType":{"Name":"Client Meetings","Id":"012460000005G1KAAU"},"Employee__r":{"Id":"00346000002ojeGAAQ","Name":"Paolo Smith"}},{"Category__c":"Lodging","RecordTypeId":"012460000005G1KAAU","Amount__c":4000,"Tax__c":520.00,"Client_Company__c":"At&t","Submitted__c":true,"Employee__c":"00346000002ojeGAAQ","Id":"a0F46000000Ftq1EAC","RecordType":{"Name":"Client Meetings","Id":"012460000005G1KAAU"},"Employee__r":{"Id":"00346000002ojeGAAQ","Name":"Paolo Smith"}}]|0x7e041f50
12:27:46.0 (96532148)|STATEMENT_EXECUTE|[25]
12:27:46.0 (96537236)|HEAP_ALLOCATE|[25]|Bytes:4
12:27:46.0 (96576740)|VARIABLE_ASSIGNMENT|[EXTERNAL]|this|{"CountTotalRecords":7,"OffsetSize":3,"QueryLimit":3,"queryString":"","wrappedExpenses":"0x6ad58d46"}|0x275bb00d
12:27:46.0 (96586638)|HEAP_ALLOCATE|[EXTERNAL]|Bytes:4
12:27:46.0 (96591701)|VARIABLE_ASSIGNMENT|[EXTERNAL]|value|[]|0x1cb80da4
12:27:46.0 (96599112)|VARIABLE_ASSIGNMENT|[14]|this.wrappedExpenses|[]|0x275bb00d
12:27:46.0 (96619372)|HEAP_ALLOCATE|[26]|Bytes:5
12:27:46.0 (96642399)|HEAP_ALLOCATE|[26]|Bytes:40
12:27:46.0 (96649208)|VARIABLE_SCOPE_BEGIN|[26]|ex|Expense__c|true|false
12:27:46.0 (96669803)|VARIABLE_ASSIGNMENT|[26]|ex|{"Category__c":"Transportation","RecordTypeId":"012460000005G1FAAU","Amount__c":4000,"Tax__c":520.00,"Submitted__c":true,"Employee__c":"00346000002ojVWAAY","Id":"a0F46000000FtpwEAC","RecordType":{"Name":"Business Trips","Id":"012460000005G1FAAU"},"Employee__r":{"Id":"00346000002ojVWAAY","Name":"Carol Ruiz","Birthdate":"2017-10-09T00:00:00.000Z"}}|0x77384c98
12:27:46.0 (96674097)|STATEMENT_EXECUTE|[26]
12:27:46.0 (96675338)|STATEMENT_EXECUTE|[28]
12:27:46.0 (96697319)|VARIABLE_ASSIGNMENT|[EXTERNAL]|this|{"CountTotalRecords":7,"OffsetSize":3,"QueryLimit":3,"queryString":"","wrappedExpenses":"0x1cb80da4"}|0x275bb00d
12:27:46.0 (96705356)|HEAP_ALLOCATE|[28]|Bytes:12
12:27:46.0 (96714082)|CONSTRUCTOR_ENTRY|[28]|01p46000003buu6|<init>(Expense__c,Boolean)
12:27:46.0 (96717347)|VARIABLE_SCOPE_BEGIN|[6]|this|ExpenseWrapper|true|false
12:27:46.0 (96726081)|VARIABLE_ASSIGNMENT|[6]|this|{}|0x6369ad4c
12:27:46.0 (96727763)|VARIABLE_SCOPE_BEGIN|[6]|ex|Expense__c|true|false
12:27:46.0 (96743437)|VARIABLE_ASSIGNMENT|[6]|ex|{"Category__c":"Transportation","RecordTypeId":"012460000005G1FAAU","Amount__c":4000,"Tax__c":520.00,"Submitted__c":true,"Employee__c":"00346000002ojVWAAY","Id":"a0F46000000FtpwEAC","RecordType":{"Name":"Business Trips","Id":"012460000005G1FAAU"},"Employee__r":{"Id":"00346000002ojVWAAY","Name":"Carol Ruiz","Birthdate":"2017-10-09T00:00:00.000Z"}}|0x77384c98
12:27:46.0 (96749564)|VARIABLE_SCOPE_BEGIN|[6]|check|Boolean|false|false
12:27:46.0 (96752292)|VARIABLE_ASSIGNMENT|[6]|check|false
12:27:46.0 (96754834)|STATEMENT_EXECUTE|[1]
12:27:46.0 (96756134)|STATEMENT_EXECUTE|[3]
12:27:46.0 (96757226)|STATEMENT_EXECUTE|[4]
12:27:46.0 (96767338)|STATEMENT_EXECUTE|[6]
12:27:46.0 (96768507)|STATEMENT_EXECUTE|[8]
12:27:46.0 (96778737)|VARIABLE_ASSIGNMENT|[EXTERNAL]|this|{}|0x6369ad4c
12:27:46.0 (96792256)|VARIABLE_ASSIGNMENT|[EXTERNAL]|value|{"Category__c":"Transportation","RecordTypeId":"012460000005G1FAAU","Amount__c":4000,"Tax__c":520.00,"Submitted__c":true,"Employee__c":"00346000002ojVWAAY","Id":"a0F46000000FtpwEAC","RecordType":{"Name":"Business Trips","Id":"012460000005G1FAAU"},"Employee__r":{"Id":"00346000002ojVWAAY","Name":"Carol Ruiz","Birthdate":"2017-10-09T00:00:00.000Z"}}|0x77384c98
12:27:46.0 (96814070)|VARIABLE_ASSIGNMENT|[3]|this.expense|{"Category__c":"Transportation","RecordTypeId":"012460000005G1FAAU","Amount__c":4000,"Tax__c":520.00,"Submitted__c":true,"Employee__c":"00346000002ojVWAAY","Id":"a0F46000000FtpwEAC","RecordType":{"Name":"Business Trips","Id":"012460000005G1FAAU"},"Employee__r":{"Id":"00346000002ojVWAAY","Name":"Carol Ruiz","Birthdate":"2017-10-09T00:00:00.000Z"}}|0x6369ad4c
12:27:46.0 (96820185)|STATEMENT_EXECUTE|[9]
12:27:46.0 (96830849)|VARIABLE_ASSIGNMENT|[EXTERNAL]|this|{"expense":"0x77384c98"}|0x6369ad4c
12:27:46.0 (96835519)|VARIABLE_ASSIGNMENT|[EXTERNAL]|value|false
12:27:46.0 (96838345)|HEAP_ALLOCATE|[4]|Bytes:5
12:27:46.0 (96842090)|VARIABLE_ASSIGNMENT|[4]|this.checked|false|0x6369ad4c
12:27:46.0 (96848937)|CONSTRUCTOR_EXIT|[28]|01p46000003buu6|<init>(Expense__c,Boolean)
12:27:46.0 (96856108)|HEAP_ALLOCATE|[EXTERNAL]|Bytes:4
12:27:46.0 (96865068)|HEAP_ALLOCATE|[26]|Bytes:5
12:27:46.0 (96883745)|HEAP_ALLOCATE|[26]|Bytes:40
12:27:46.0 (96888589)|VARIABLE_SCOPE_BEGIN|[26]|ex|Expense__c|true|false
12:27:46.0 (96903352)|VARIABLE_ASSIGNMENT|[26]|ex|{"Category__c":"Road Meals","RecordTypeId":"012460000005G1KAAU","Amount__c":8900,"Tax__c":1157.00,"Submitted__c":true,"Employee__c":"00346000002ojeGAAQ","Id":"a0F46000000FmUwEAK","RecordType":{"Name":"Client Meetings","Id":"012460000005G1KAAU"},"Employee__r":{"Id":"00346000002ojeGAAQ","Name":"Paolo Smith"}}|0x36bc72df
12:27:46.0 (96907058)|STATEMENT_EXECUTE|[26]
12:27:46.0 (96908239)|STATEMENT_EXECUTE|[28]
12:27:46.0 (96927202)|VARIABLE_ASSIGNMENT|[EXTERNAL]|this|{"CountTotalRecords":7,"OffsetSize":3,"QueryLimit":3,"queryString":"","wrappedExpenses":"0x1cb80da4"}|0x275bb00d
12:27:46.0 (96934262)|HEAP_ALLOCATE|[28]|Bytes:12
12:27:46.0 (96940215)|CONSTRUCTOR_ENTRY|[28]|01p46000003buu6|<init>(Expense__c,Boolean)
12:27:46.0 (96942994)|VARIABLE_SCOPE_BEGIN|[6]|this|ExpenseWrapper|true|false
12:27:46.0 (96950570)|VARIABLE_ASSIGNMENT|[6]|this|{}|0x742fb827
12:27:46.0 (96952214)|VARIABLE_SCOPE_BEGIN|[6]|ex|Expense__c|true|false
12:27:46.0 (96962648)|VARIABLE_ASSIGNMENT|[6]|ex|{"Category__c":"Road Meals","RecordTypeId":"012460000005G1KAAU","Amount__c":8900,"Tax__c":1157.00,"Submitted__c":true,"Employee__c":"00346000002ojeGAAQ","Id":"a0F46000000FmUwEAK","RecordType":{"Name":"Client Meetings","Id":"012460000005G1KAAU"},"Employee__r":{"Id":"00346000002ojeGAAQ","Name":"Paolo Smith"}}|0x36bc72df
12:27:46.0 (96966676)|VARIABLE_SCOPE_BEGIN|[6]|check|Boolean|false|false
12:27:46.0 (96969058)|VARIABLE_ASSIGNMENT|[6]|check|false
12:27:46.0 (96971296)|STATEMENT_EXECUTE|[1]
12:27:46.0 (96972374)|STATEMENT_EXECUTE|[3]
12:27:46.0 (96973415)|STATEMENT_EXECUTE|[4]
12:27:46.0 (96980767)|STATEMENT_EXECUTE|[6]
12:27:46.0 (96981895)|STATEMENT_EXECUTE|[8]
12:27:46.0 (96990464)|VARIABLE_ASSIGNMENT|[EXTERNAL]|this|{}|0x742fb827
12:27:46.0 (97000812)|VARIABLE_ASSIGNMENT|[EXTERNAL]|value|{"Category__c":"Road Meals","RecordTypeId":"012460000005G1KAAU","Amount__c":8900,"Tax__c":1157.00,"Submitted__c":true,"Employee__c":"00346000002ojeGAAQ","Id":"a0F46000000FmUwEAK","RecordType":{"Name":"Client Meetings","Id":"012460000005G1KAAU"},"Employee__r":{"Id":"00346000002ojeGAAQ","Name":"Paolo Smith"}}|0x36bc72df
12:27:46.0 (97013428)|VARIABLE_ASSIGNMENT|[3]|this.expense|{"Category__c":"Road Meals","RecordTypeId":"012460000005G1KAAU","Amount__c":8900,"Tax__c":1157.00,"Submitted__c":true,"Employee__c":"00346000002ojeGAAQ","Id":"a0F46000000FmUwEAK","RecordType":{"Name":"Client Meetings","Id":"012460000005G1KAAU"},"Employee__r":{"Id":"00346000002ojeGAAQ","Name":"Paolo Smith"}}|0x742fb827
12:27:46.0 (97018428)|STATEMENT_EXECUTE|[9]
12:27:46.0 (97026938)|VARIABLE_ASSIGNMENT|[EXTERNAL]|this|{"expense":"0x36bc72df"}|0x742fb827
12:27:46.0 (97030536)|VARIABLE_ASSIGNMENT|[EXTERNAL]|value|false
12:27:46.0 (97032928)|HEAP_ALLOCATE|[4]|Bytes:5
12:27:46.0 (97036218)|VARIABLE_ASSIGNMENT|[4]|this.checked|false|0x742fb827
12:27:46.0 (97042400)|CONSTRUCTOR_EXIT|[28]|01p46000003buu6|<init>(Expense__c,Boolean)
12:27:46.0 (97048416)|HEAP_ALLOCATE|[EXTERNAL]|Bytes:4
12:27:46.0 (97056483)|HEAP_ALLOCATE|[26]|Bytes:5
12:27:46.0 (97071988)|HEAP_ALLOCATE|[26]|Bytes:44
12:27:46.0 (97076143)|VARIABLE_SCOPE_BEGIN|[26]|ex|Expense__c|true|false
12:27:46.0 (97089472)|VARIABLE_ASSIGNMENT|[26]|ex|{"Category__c":"Lodging","RecordTypeId":"012460000005G1KAAU","Amount__c":4000,"Tax__c":520.00,"Client_Company__c":"At&t","Submitted__c":true,"Employee__c":"00346000002ojeGAAQ","Id":"a0F46000000Ftq1EAC","RecordType":{"Name":"Client Meetings","Id":"012460000005G1KAAU"},"Employee__r":{"Id":"00346000002ojeGAAQ","Name":"Paolo Smith"}}|0x7903aa28
12:27:46.0 (97093793)|STATEMENT_EXECUTE|[26]
12:27:46.0 (97094937)|STATEMENT_EXECUTE|[28]
12:27:46.0 (97112919)|VARIABLE_ASSIGNMENT|[EXTERNAL]|this|{"CountTotalRecords":7,"OffsetSize":3,"QueryLimit":3,"queryString":"","wrappedExpenses":"0x1cb80da4"}|0x275bb00d
12:27:46.0 (97119558)|HEAP_ALLOCATE|[28]|Bytes:12
12:27:46.0 (97125017)|CONSTRUCTOR_ENTRY|[28]|01p46000003buu6|<init>(Expense__c,Boolean)
12:27:46.0 (97127422)|VARIABLE_SCOPE_BEGIN|[6]|this|ExpenseWrapper|true|false
12:27:46.0 (97134435)|VARIABLE_ASSIGNMENT|[6]|this|{}|0x2a0fd76d
12:27:46.0 (97135857)|VARIABLE_SCOPE_BEGIN|[6]|ex|Expense__c|true|false
12:27:46.0 (97145959)|VARIABLE_ASSIGNMENT|[6]|ex|{"Category__c":"Lodging","RecordTypeId":"012460000005G1KAAU","Amount__c":4000,"Tax__c":520.00,"Client_Company__c":"At&t","Submitted__c":true,"Employee__c":"00346000002ojeGAAQ","Id":"a0F46000000Ftq1EAC","RecordType":{"Name":"Client Meetings","Id":"012460000005G1KAAU"},"Employee__r":{"Id":"00346000002ojeGAAQ","Name":"Paolo Smith"}}|0x7903aa28
12:27:46.0 (97150331)|VARIABLE_SCOPE_BEGIN|[6]|check|Boolean|false|false
12:27:46.0 (97152624)|VARIABLE_ASSIGNMENT|[6]|check|false
12:27:46.0 (97154792)|STATEMENT_EXECUTE|[1]
12:27:46.0 (97155825)|STATEMENT_EXECUTE|[3]
12:27:46.0 (97156872)|STATEMENT_EXECUTE|[4]
12:27:46.0 (97163849)|STATEMENT_EXECUTE|[6]
12:27:46.0 (97164941)|STATEMENT_EXECUTE|[8]
12:27:46.0 (97173374)|VARIABLE_ASSIGNMENT|[EXTERNAL]|this|{}|0x2a0fd76d
12:27:46.0 (97183449)|VARIABLE_ASSIGNMENT|[EXTERNAL]|value|{"Category__c":"Lodging","RecordTypeId":"012460000005G1KAAU","Amount__c":4000,"Tax__c":520.00,"Client_Company__c":"At&t","Submitted__c":true,"Employee__c":"00346000002ojeGAAQ","Id":"a0F46000000Ftq1EAC","RecordType":{"Name":"Client Meetings","Id":"012460000005G1KAAU"},"Employee__r":{"Id":"00346000002ojeGAAQ","Name":"Paolo Smith"}}|0x7903aa28
12:27:46.0 (97195733)|VARIABLE_ASSIGNMENT|[3]|this.expense|{"Category__c":"Lodging","RecordTypeId":"012460000005G1KAAU","Amount__c":4000,"Tax__c":520.00,"Client_Company__c":"At&t","Submitted__c":true,"Employee__c":"00346000002ojeGAAQ","Id":"a0F46000000Ftq1EAC","RecordType":{"Name":"Client Meetings","Id":"012460000005G1KAAU"},"Employee__r":{"Id":"00346000002ojeGAAQ","Name":"Paolo Smith"}}|0x2a0fd76d
12:27:46.0 (97200497)|STATEMENT_EXECUTE|[9]
12:27:46.0 (97208811)|VARIABLE_ASSIGNMENT|[EXTERNAL]|this|{"expense":"0x7903aa28"}|0x2a0fd76d
12:27:46.0 (97212292)|VARIABLE_ASSIGNMENT|[EXTERNAL]|value|false
12:27:46.0 (97214659)|HEAP_ALLOCATE|[4]|Bytes:5
12:27:46.0 (97217803)|VARIABLE_ASSIGNMENT|[4]|this.checked|false|0x2a0fd76d
12:27:46.0 (97223600)|CONSTRUCTOR_EXIT|[28]|01p46000003buu6|<init>(Expense__c,Boolean)
12:27:46.0 (97229337)|HEAP_ALLOCATE|[EXTERNAL]|Bytes:4
12:27:46.0 (97236440)|HEAP_ALLOCATE|[26]|Bytes:5
12:27:46.0 (97243132)|VARIABLE_ASSIGNMENT|[26]|ex|null|
12:27:46.0 (97245824)|STATEMENT_EXECUTE|[32]
12:27:46.0 (97262074)|VARIABLE_ASSIGNMENT|[EXTERNAL]|this|{"CountTotalRecords":7,"OffsetSize":3,"QueryLimit":3,"queryString":"","wrappedExpenses":"0x1cb80da4"}|0x275bb00d
12:27:46.0 (98736451)|SYSTEM_MODE_ENTER|true
12:27:46.0 (98762272)|HEAP_ALLOCATE|[EXTERNAL]|Bytes:24
12:27:46.0 (98767689)|VARIABLE_SCOPE_BEGIN|[107]|this|ExpenseController|true|false
12:27:46.0 (98792447)|VARIABLE_ASSIGNMENT|[107]|this|{"CountTotalRecords":7,"OffsetSize":3,"QueryLimit":3,"queryString":"","wrappedExpenses":"0x1cb80da4"}|0x275bb00d
12:27:46.0 (98804736)|STATEMENT_EXECUTE|[107]
12:27:46.0 (98808672)|STATEMENT_EXECUTE|[108]
12:27:46.0 (98809759)|STATEMENT_EXECUTE|[109]
12:27:46.0 (98814502)|HEAP_ALLOCATE|[109]|Bytes:5
12:27:46.0 (99186976)|SYSTEM_MODE_ENTER|true
12:27:46.0 (99210761)|HEAP_ALLOCATE|[EXTERNAL]|Bytes:24
12:27:46.0 (99215649)|VARIABLE_SCOPE_BEGIN|[114]|this|ExpenseController|true|false
12:27:46.0 (99238853)|VARIABLE_ASSIGNMENT|[114]|this|{"CountTotalRecords":7,"OffsetSize":3,"QueryLimit":3,"queryString":"","wrappedExpenses":"0x1cb80da4"}|0x275bb00d
12:27:46.0 (99244894)|STATEMENT_EXECUTE|[114]
12:27:46.0 (99267884)|VARIABLE_ASSIGNMENT|[EXTERNAL]|this|{"CountTotalRecords":7,"OffsetSize":3,"QueryLimit":3,"queryString":"","wrappedExpenses":"0x1cb80da4"}|0x275bb00d
12:27:46.0 (99275557)|STATEMENT_EXECUTE|[115]
12:27:46.0 (99276805)|STATEMENT_EXECUTE|[116]
12:27:46.0 (99281367)|HEAP_ALLOCATE|[116]|Bytes:5
12:27:46.0 (106409911)|VF_SERIALIZE_VIEWSTATE_BEGIN|06646000001BW08
12:27:46.0 (117379319)|VF_SERIALIZE_VIEWSTATE_END
12:27:46.0 (130067342)|CODE_UNIT_STARTED|[EXTERNAL]|Generate Metadata
12:27:46.0 (131398925)|CODE_UNIT_FINISHED|Generate Metadata
12:27:46.133 (133502727)|CUMULATIVE_LIMIT_USAGE
12:27:46.133 (133502727)|LIMIT_USAGE_FOR_NS|(default)|
  Number of SOQL queries: 2 out of 100
  Number of query rows: 6 out of 50000
  Number of SOSL queries: 0 out of 20
  Number of DML statements: 0 out of 150
  Number of DML rows: 0 out of 10000
  Maximum CPU time: 0 out of 10000
  Maximum heap size: 0 out of 6000000
  Number of callouts: 0 out of 100
  Number of Email Invocations: 0 out of 10
  Number of future calls: 0 out of 50
  Number of queueable jobs added to the queue: 0 out of 50
  Number of Mobile Apex push calls: 0 out of 10

12:27:46.133 (133502727)|CUMULATIVE_LIMIT_USAGE_END

12:27:46.0 (133540560)|CODE_UNIT_FINISHED|VF: /apex/ListOfEmployees
12:27:46.0 (134248214)|EXECUTION_FINISHED
