39.0 APEX_CODE,FINEST;APEX_PROFILING,INFO;CALLOUT,INFO;DB,INFO;SYSTEM,DEBUG;VALIDATION,INFO;VISUALFORCE,INFO;WAVE,INFO;WORKFLOW,INFO
18:09:37.0 (367104)|USER_INFO|[EXTERNAL]|00546000000Iihs|pacosta@altimetrik.com|Argentine Time|GMT-03:00
18:09:37.0 (400201)|EXECUTION_STARTED
18:09:37.0 (404879)|CODE_UNIT_STARTED|[EXTERNAL]|01p46000002xICK|TestExpenseUpdateOrDelete.testDeleteExpense
18:09:37.0 (600699)|HEAP_ALLOCATE|[72]|Bytes:3
18:09:37.0 (640552)|HEAP_ALLOCATE|[77]|Bytes:152
18:09:37.0 (657427)|HEAP_ALLOCATE|[342]|Bytes:408
18:09:37.0 (674327)|HEAP_ALLOCATE|[355]|Bytes:408
18:09:37.0 (689086)|HEAP_ALLOCATE|[467]|Bytes:48
18:09:37.0 (716856)|HEAP_ALLOCATE|[139]|Bytes:6
18:09:37.0 (730247)|HEAP_ALLOCATE|[EXTERNAL]|Bytes:29
18:09:37.0 (739572)|METHOD_ENTRY|[2]|01p46000002xICK|TestExpenseUpdateOrDelete.TestExpenseUpdateOrDelete()
18:09:37.0 (745371)|STATEMENT_EXECUTE|[2]
18:09:37.0 (751527)|STATEMENT_EXECUTE|[2]
18:09:37.0 (755757)|METHOD_EXIT|[2]|TestExpenseUpdateOrDelete
18:09:37.0 (792106)|HEAP_ALLOCATE|[50]|Bytes:5
18:09:37.0 (815206)|HEAP_ALLOCATE|[56]|Bytes:5
18:09:37.0 (824741)|HEAP_ALLOCATE|[64]|Bytes:7
18:09:37.0 (864955)|STATEMENT_EXECUTE|[6]
18:09:37.0 (866905)|STATEMENT_EXECUTE|[7]
18:09:37.0 (905567)|HEAP_ALLOCATE|[7]|Bytes:4
18:09:37.0 (986098)|HEAP_ALLOCATE|[7]|Bytes:5
18:09:37.0 (1033209)|VARIABLE_ASSIGNMENT|[7]|this.FirstName|"Pedro"|0x69dfd057
18:09:37.0 (1037609)|HEAP_ALLOCATE|[7]|Bytes:10
18:09:37.0 (1053088)|VARIABLE_ASSIGNMENT|[7]|this.LastName|"Picapiedra"|0x69dfd057
18:09:37.0 (1078834)|VARIABLE_SCOPE_BEGIN|[7]|c|Contact|true|false
18:09:37.0 (1095923)|VARIABLE_ASSIGNMENT|[7]|c|{"FirstName":"Pedro","LastName":"Picapiedra"}|0x69dfd057
18:09:37.0 (1099141)|STATEMENT_EXECUTE|[8]
18:09:37.0 (1120038)|HEAP_ALLOCATE|[8]|Bytes:4
18:09:37.0 (1155980)|HEAP_ALLOCATE|[8]|Bytes:8
18:09:37.0 (1180299)|VARIABLE_ASSIGNMENT|[8]|this.Name|"Test3333"|0x297ed0b9
18:09:37.0 (1183304)|HEAP_ALLOCATE|[8]|Bytes:19
18:09:37.0 (1205219)|VARIABLE_ASSIGNMENT|[8]|this.Category__c|"\tEvent Registration"|0x297ed0b9
18:09:37.0 (1239857)|VARIABLE_ASSIGNMENT|[8]|this.Employee__r|{"FirstName":"Pedro","LastName":"Picapiedra"}|0x297ed0b9
18:09:37.0 (1274935)|HEAP_ALLOCATE|[8]|Bytes:28
18:09:37.0 (1305319)|VARIABLE_ASSIGNMENT|[8]|this.Amount__c|3400|0x297ed0b9
18:09:37.0 (1309056)|HEAP_ALLOCATE|[10]|Bytes:4
18:09:37.0 (1325180)|VARIABLE_ASSIGNMENT|[8]|this.Client_Company__c|"hola"|0x297ed0b9
18:09:37.0 (1344659)|VARIABLE_ASSIGNMENT|[8]|this.Submitted__c|true|0x297ed0b9
18:09:37.0 (1357752)|VARIABLE_SCOPE_BEGIN|[8]|expense|Expense__c|true|false
18:09:37.0 (1372825)|VARIABLE_ASSIGNMENT|[8]|expense|{"Name":"Test3333","Category__c":"\tEvent Registration","Employee__r":{"FirstName":"Pedro","LastName":"Picapiedra"},"Amount__c":3400,"Client_Company__c":"hola","Submitted__c":true}|0x297ed0b9
18:09:37.0 (1376659)|STATEMENT_EXECUTE|[12]
18:09:37.0 (1403326)|HEAP_ALLOCATE|[12]|Bytes:8
18:09:37.0 (1409031)|DML_BEGIN|[12]|Op:Insert|Type:Expense__c|Rows:1
18:09:37.0 (1429842)|HEAP_ALLOCATE|[EXTERNAL]|Bytes:8
18:09:37.0 (3779324)|DML_END|[12]
18:09:37.0 (3867628)|EXCEPTION_THROWN|[12]|System.DmlException: Insert failed. First exception on row 0; first error: INVALID_FIELD, More than 1 field provided in an external foreign key reference in entity: Contact: []
18:09:37.0 (4232852)|HEAP_ALLOCATE|[12]|Bytes:159
18:09:37.0 (4441576)|FATAL_ERROR|System.DmlException: Insert failed. First exception on row 0; first error: INVALID_FIELD, More than 1 field provided in an external foreign key reference in entity: Contact: []

Class.TestExpenseUpdateOrDelete.testDeleteExpense: line 12, column 1
18:09:37.0 (4452077)|FATAL_ERROR|System.DmlException: Insert failed. First exception on row 0; first error: INVALID_FIELD, More than 1 field provided in an external foreign key reference in entity: Contact: []

Class.TestExpenseUpdateOrDelete.testDeleteExpense: line 12, column 1
18:09:37.4 (4458746)|CUMULATIVE_LIMIT_USAGE
18:09:37.4 (4458746)|LIMIT_USAGE_FOR_NS|(default)|
  Number of SOQL queries: 0 out of 100
  Number of query rows: 0 out of 50000
  Number of SOSL queries: 0 out of 20
  Number of DML statements: 1 out of 150
  Number of DML rows: 1 out of 10000
  Maximum CPU time: 0 out of 10000
  Maximum heap size: 0 out of 6000000
  Number of callouts: 0 out of 100
  Number of Email Invocations: 0 out of 10
  Number of future calls: 0 out of 50
  Number of queueable jobs added to the queue: 0 out of 50
  Number of Mobile Apex push calls: 0 out of 10

18:09:37.4 (4458746)|CUMULATIVE_LIMIT_USAGE_END

18:09:37.0 (4490273)|CODE_UNIT_FINISHED|TestExpenseUpdateOrDelete.testDeleteExpense
18:09:37.0 (5225525)|EXECUTION_FINISHED
