39.0 APEX_CODE,FINEST;APEX_PROFILING,INFO;CALLOUT,INFO;DB,INFO;SYSTEM,DEBUG;VALIDATION,INFO;VISUALFORCE,INFO;WAVE,INFO;WORKFLOW,INFO
14:13:29.0 (284609)|USER_INFO|[EXTERNAL]|00546000000Iihs|pacosta@altimetrik.com|Argentine Time|GMT-03:00
14:13:29.0 (307127)|EXECUTION_STARTED
14:13:29.0 (311914)|CODE_UNIT_STARTED|[EXTERNAL]|06646000001BW08|VF: /apex/ListOfEmployees
14:13:29.0 (844801)|VF_DESERIALIZE_VIEWSTATE_BEGIN|06646000001BW08
14:13:29.0 (6296971)|HEAP_ALLOCATE|[72]|Bytes:3
14:13:29.0 (6335123)|HEAP_ALLOCATE|[77]|Bytes:152
14:13:29.0 (6347631)|HEAP_ALLOCATE|[342]|Bytes:408
14:13:29.0 (6361294)|HEAP_ALLOCATE|[355]|Bytes:408
14:13:29.0 (6374559)|HEAP_ALLOCATE|[467]|Bytes:48
14:13:29.0 (6398895)|HEAP_ALLOCATE|[139]|Bytes:6
14:13:29.0 (8411943)|HEAP_ALLOCATE|[50]|Bytes:5
14:13:29.0 (8438631)|HEAP_ALLOCATE|[56]|Bytes:5
14:13:29.0 (8446305)|HEAP_ALLOCATE|[64]|Bytes:7
14:13:29.0 (10622115)|VF_DESERIALIZE_VIEWSTATE_END
14:13:29.0 (11440424)|SYSTEM_MODE_ENTER|true
14:13:29.0 (11672763)|HEAP_ALLOCATE|[EXTERNAL]|Bytes:140
14:13:29.0 (11679355)|HEAP_ALLOCATE|[EXTERNAL]|Bytes:46
14:13:29.0 (11687441)|METHOD_ENTRY|[1]|01p46000002wayn|ExpenseController.ExpenseController()
14:13:29.0 (11690319)|STATEMENT_EXECUTE|[1]
14:13:29.0 (11694090)|STATEMENT_EXECUTE|[1]
14:13:29.0 (11698928)|METHOD_EXIT|[1]|ExpenseController
14:13:29.0 (11708485)|HEAP_ALLOCATE|[EXTERNAL]|Bytes:24
14:13:29.0 (11716330)|VARIABLE_SCOPE_BEGIN|[17]|this|ExpenseController|true|false
14:13:29.0 (11776916)|VARIABLE_ASSIGNMENT|[17]|this|{"CountTotalRecords":7,"OffsetSize":0,"QueryLimit":3,"queryString":"","wrappedExpenses":"0x19405d00"}|0x7046273d
14:13:29.0 (11786651)|STATEMENT_EXECUTE|[17]
14:13:29.0 (11788044)|STATEMENT_EXECUTE|[19]
14:13:29.0 (11791300)|HEAP_ALLOCATE|[19]|Bytes:161
14:13:29.0 (11797655)|HEAP_ALLOCATE|[22]|Bytes:33
14:13:29.0 (11851726)|HEAP_ALLOCATE|[22]|Bytes:1
14:13:29.0 (11860947)|HEAP_ALLOCATE|[22]|Bytes:8
14:13:29.0 (11881228)|HEAP_ALLOCATE|[22]|Bytes:1
14:13:29.0 (11894981)|HEAP_ALLOCATE|[19]|Bytes:204
14:13:29.0 (14276344)|SOQL_EXECUTE_BEGIN|[19]|Aggregations:0|SELECT Category__c, RecordType.Name, Amount__c, Tax__c, Client_Company__c, Submitted__c, Employee__r.Id, Employee__r.Name, Employee__r.Birthdate FROM Expense__c  ORDER BY Employee__r.Name LIMIT 3 OFFSET 0
14:13:29.0 (22428114)|SOQL_EXECUTE_END|[19]|Rows:3
14:13:29.0 (22444107)|HEAP_ALLOCATE|[19]|Bytes:16
14:13:29.0 (22478733)|HEAP_ALLOCATE|[19]|Bytes:895
14:13:29.0 (22526558)|HEAP_ALLOCATE|[19]|Bytes:16
14:13:29.0 (22542958)|VARIABLE_SCOPE_BEGIN|[19]|results|List<Expense__c>|true|false
14:13:29.0 (22605479)|VARIABLE_ASSIGNMENT|[19]|results|[{"Category__c":"Transportation","RecordTypeId":"012460000005G1FAAU","Amount__c":3500,"Tax__c":455.00,"Submitted__c":true,"Employee__c":"00346000002ojVWAAY","Id":"a0F46000000FBblEAG","RecordType":{"Name":"Business Trips","Id":"012460000005G1FAAU"},"Employee__r":{"Id":"00346000002ojVWAAY","Name":"Carol Ruiz","Birthdate":"2017-10-09T00:00:00.000Z"}},{"RecordTypeId":"012460000005G1FAAU","Amount__c":3000,"Tax__c":390.00,"Submitted__c":true,"Employee__c":"00346000002ojVWAAY","Id":"a0F46000000Fp6rEAC","RecordType":{"Name":"Business Trips","Id":"012460000005G1FAAU"},"Employee__r":{"Id":"00346000002ojVWAAY","Name":"Carol Ruiz","Birthdate":"2017-10-09T00:00:00.000Z"}},{"Category__c":"Event Registration","RecordTypeId":"012460000005G1FAAU","Amount__c":3499,"Tax__c":454.87,"Submitted__c":true,"Employee__c":"00346000002ojVWAAY","Id":"a0F46000000Fp76EAC","RecordType":{"Name":"Business Trips","Id":"012460000005G1FAAU"},"Employee__r":{"Id":"00346000002ojVWAAY","Name":"Carol Ruiz","Birthdate":"2017-10-09T00:00:00.000Z"}}]|0x13933ebd
14:13:29.0 (22613491)|STATEMENT_EXECUTE|[25]
14:13:29.0 (22620013)|HEAP_ALLOCATE|[25]|Bytes:4
14:13:29.0 (22726217)|VARIABLE_ASSIGNMENT|[EXTERNAL]|this|{"CountTotalRecords":7,"OffsetSize":0,"QueryLimit":3,"queryString":"","wrappedExpenses":"0x19405d00"}|0x7046273d
14:13:29.0 (22754381)|HEAP_ALLOCATE|[EXTERNAL]|Bytes:4
14:13:29.0 (22761002)|VARIABLE_ASSIGNMENT|[EXTERNAL]|value|[]|0x48b5270e
14:13:29.0 (22775537)|VARIABLE_ASSIGNMENT|[14]|this.wrappedExpenses|[]|0x7046273d
14:13:29.0 (22960989)|HEAP_ALLOCATE|[26]|Bytes:5
14:13:29.0 (22996021)|HEAP_ALLOCATE|[26]|Bytes:40
14:13:29.0 (23005092)|VARIABLE_SCOPE_BEGIN|[26]|ex|Expense__c|true|false
14:13:29.0 (23029035)|VARIABLE_ASSIGNMENT|[26]|ex|{"Category__c":"Transportation","RecordTypeId":"012460000005G1FAAU","Amount__c":3500,"Tax__c":455.00,"Submitted__c":true,"Employee__c":"00346000002ojVWAAY","Id":"a0F46000000FBblEAG","RecordType":{"Name":"Business Trips","Id":"012460000005G1FAAU"},"Employee__r":{"Id":"00346000002ojVWAAY","Name":"Carol Ruiz","Birthdate":"2017-10-09T00:00:00.000Z"}}|0xaab40e3
14:13:29.0 (23033340)|STATEMENT_EXECUTE|[26]
14:13:29.0 (23034757)|STATEMENT_EXECUTE|[28]
14:13:29.0 (23077342)|VARIABLE_ASSIGNMENT|[EXTERNAL]|this|{"CountTotalRecords":7,"OffsetSize":0,"QueryLimit":3,"queryString":"","wrappedExpenses":"0x48b5270e"}|0x7046273d
14:13:29.0 (23090174)|HEAP_ALLOCATE|[28]|Bytes:112
14:13:29.0 (23094312)|HEAP_ALLOCATE|[28]|Bytes:5
14:13:29.0 (23121845)|METHOD_ENTRY|[1]|01p46000003buu6|ExpenseWrapper.ExpenseWrapper()
14:13:29.0 (23124235)|STATEMENT_EXECUTE|[1]
14:13:29.0 (23127498)|STATEMENT_EXECUTE|[1]
14:13:29.0 (23131798)|METHOD_EXIT|[1]|ExpenseWrapper
14:13:29.0 (23139488)|HEAP_ALLOCATE|[28]|Bytes:12
14:13:29.0 (23164472)|CONSTRUCTOR_ENTRY|[28]|01p46000003buu6|<init>(Expense__c,Boolean)
14:13:29.0 (23179744)|VARIABLE_SCOPE_BEGIN|[6]|this|ExpenseWrapper|true|false
14:13:29.0 (23211326)|VARIABLE_ASSIGNMENT|[6]|this|{}|0x341f3e7d
14:13:29.0 (23216315)|VARIABLE_SCOPE_BEGIN|[6]|ex|Expense__c|true|false
14:13:29.0 (23236574)|VARIABLE_ASSIGNMENT|[6]|ex|{"Category__c":"Transportation","RecordTypeId":"012460000005G1FAAU","Amount__c":3500,"Tax__c":455.00,"Submitted__c":true,"Employee__c":"00346000002ojVWAAY","Id":"a0F46000000FBblEAG","RecordType":{"Name":"Business Trips","Id":"012460000005G1FAAU"},"Employee__r":{"Id":"00346000002ojVWAAY","Name":"Carol Ruiz","Birthdate":"2017-10-09T00:00:00.000Z"}}|0xaab40e3
14:13:29.0 (23242711)|VARIABLE_SCOPE_BEGIN|[6]|check|Boolean|false|false
14:13:29.0 (23245906)|VARIABLE_ASSIGNMENT|[6]|check|false
14:13:29.0 (23249351)|STATEMENT_EXECUTE|[1]
14:13:29.0 (23250381)|STATEMENT_EXECUTE|[3]
14:13:29.0 (23251451)|STATEMENT_EXECUTE|[4]
14:13:29.0 (23258181)|HEAP_ALLOCATE|[8]|Bytes:6
14:13:29.0 (23277871)|STATEMENT_EXECUTE|[6]
14:13:29.0 (23279256)|STATEMENT_EXECUTE|[8]
14:13:29.0 (23329930)|VARIABLE_ASSIGNMENT|[EXTERNAL]|this|{}|0x341f3e7d
14:13:29.0 (23348083)|VARIABLE_ASSIGNMENT|[EXTERNAL]|value|{"Category__c":"Transportation","RecordTypeId":"012460000005G1FAAU","Amount__c":3500,"Tax__c":455.00,"Submitted__c":true,"Employee__c":"00346000002ojVWAAY","Id":"a0F46000000FBblEAG","RecordType":{"Name":"Business Trips","Id":"012460000005G1FAAU"},"Employee__r":{"Id":"00346000002ojVWAAY","Name":"Carol Ruiz","Birthdate":"2017-10-09T00:00:00.000Z"}}|0xaab40e3
14:13:29.0 (23365426)|VARIABLE_ASSIGNMENT|[3]|this.expense|{"Category__c":"Transportation","RecordTypeId":"012460000005G1FAAU","Amount__c":3500,"Tax__c":455.00,"Submitted__c":true,"Employee__c":"00346000002ojVWAAY","Id":"a0F46000000FBblEAG","RecordType":{"Name":"Business Trips","Id":"012460000005G1FAAU"},"Employee__r":{"Id":"00346000002ojVWAAY","Name":"Carol Ruiz","Birthdate":"2017-10-09T00:00:00.000Z"}}|0x341f3e7d
14:13:29.0 (23372510)|STATEMENT_EXECUTE|[9]
14:13:29.0 (23402855)|VARIABLE_ASSIGNMENT|[EXTERNAL]|this|{"expense":"0xaab40e3"}|0x341f3e7d
14:13:29.0 (23409447)|VARIABLE_ASSIGNMENT|[EXTERNAL]|value|false
14:13:29.0 (23413290)|HEAP_ALLOCATE|[4]|Bytes:5
14:13:29.0 (23417698)|VARIABLE_ASSIGNMENT|[4]|this.checked|false|0x341f3e7d
14:13:29.0 (23426575)|CONSTRUCTOR_EXIT|[28]|01p46000003buu6|<init>(Expense__c,Boolean)
14:13:29.0 (23438438)|HEAP_ALLOCATE|[EXTERNAL]|Bytes:4
14:13:29.0 (23448663)|HEAP_ALLOCATE|[26]|Bytes:5
14:13:29.0 (23484383)|HEAP_ALLOCATE|[26]|Bytes:36
14:13:29.0 (23494359)|VARIABLE_SCOPE_BEGIN|[26]|ex|Expense__c|true|false
14:13:29.0 (23522572)|VARIABLE_ASSIGNMENT|[26]|ex|{"RecordTypeId":"012460000005G1FAAU","Amount__c":3000,"Tax__c":390.00,"Submitted__c":true,"Employee__c":"00346000002ojVWAAY","Id":"a0F46000000Fp6rEAC","RecordType":{"Name":"Business Trips","Id":"012460000005G1FAAU"},"Employee__r":{"Id":"00346000002ojVWAAY","Name":"Carol Ruiz","Birthdate":"2017-10-09T00:00:00.000Z"}}|0x7e2fcc57
14:13:29.0 (23527342)|STATEMENT_EXECUTE|[26]
14:13:29.0 (23528576)|STATEMENT_EXECUTE|[28]
14:13:29.0 (23554872)|VARIABLE_ASSIGNMENT|[EXTERNAL]|this|{"CountTotalRecords":7,"OffsetSize":0,"QueryLimit":3,"queryString":"","wrappedExpenses":"0x48b5270e"}|0x7046273d
14:13:29.0 (23564140)|HEAP_ALLOCATE|[28]|Bytes:12
14:13:29.0 (23572276)|CONSTRUCTOR_ENTRY|[28]|01p46000003buu6|<init>(Expense__c,Boolean)
14:13:29.0 (23575332)|VARIABLE_SCOPE_BEGIN|[6]|this|ExpenseWrapper|true|false
14:13:29.0 (23584100)|VARIABLE_ASSIGNMENT|[6]|this|{}|0x44b77ec3
14:13:29.0 (23585785)|VARIABLE_SCOPE_BEGIN|[6]|ex|Expense__c|true|false
14:13:29.0 (23599318)|VARIABLE_ASSIGNMENT|[6]|ex|{"RecordTypeId":"012460000005G1FAAU","Amount__c":3000,"Tax__c":390.00,"Submitted__c":true,"Employee__c":"00346000002ojVWAAY","Id":"a0F46000000Fp6rEAC","RecordType":{"Name":"Business Trips","Id":"012460000005G1FAAU"},"Employee__r":{"Id":"00346000002ojVWAAY","Name":"Carol Ruiz","Birthdate":"2017-10-09T00:00:00.000Z"}}|0x7e2fcc57
14:13:29.0 (23612762)|VARIABLE_SCOPE_BEGIN|[6]|check|Boolean|false|false
14:13:29.0 (23616141)|VARIABLE_ASSIGNMENT|[6]|check|false
14:13:29.0 (23623900)|STATEMENT_EXECUTE|[1]
14:13:29.0 (23626634)|STATEMENT_EXECUTE|[3]
14:13:29.0 (23628127)|STATEMENT_EXECUTE|[4]
14:13:29.0 (23644599)|STATEMENT_EXECUTE|[6]
14:13:29.0 (23646660)|STATEMENT_EXECUTE|[8]
14:13:29.0 (23670516)|VARIABLE_ASSIGNMENT|[EXTERNAL]|this|{}|0x44b77ec3
14:13:29.0 (23694283)|VARIABLE_ASSIGNMENT|[EXTERNAL]|value|{"RecordTypeId":"012460000005G1FAAU","Amount__c":3000,"Tax__c":390.00,"Submitted__c":true,"Employee__c":"00346000002ojVWAAY","Id":"a0F46000000Fp6rEAC","RecordType":{"Name":"Business Trips","Id":"012460000005G1FAAU"},"Employee__r":{"Id":"00346000002ojVWAAY","Name":"Carol Ruiz","Birthdate":"2017-10-09T00:00:00.000Z"}}|0x7e2fcc57
14:13:29.0 (23711356)|VARIABLE_ASSIGNMENT|[3]|this.expense|{"RecordTypeId":"012460000005G1FAAU","Amount__c":3000,"Tax__c":390.00,"Submitted__c":true,"Employee__c":"00346000002ojVWAAY","Id":"a0F46000000Fp6rEAC","RecordType":{"Name":"Business Trips","Id":"012460000005G1FAAU"},"Employee__r":{"Id":"00346000002ojVWAAY","Name":"Carol Ruiz","Birthdate":"2017-10-09T00:00:00.000Z"}}|0x44b77ec3
14:13:29.0 (23718153)|STATEMENT_EXECUTE|[9]
14:13:29.0 (23729948)|VARIABLE_ASSIGNMENT|[EXTERNAL]|this|{"expense":"0x7e2fcc57"}|0x44b77ec3
14:13:29.0 (23734940)|VARIABLE_ASSIGNMENT|[EXTERNAL]|value|false
14:13:29.0 (23738182)|HEAP_ALLOCATE|[4]|Bytes:5
14:13:29.0 (23742201)|VARIABLE_ASSIGNMENT|[4]|this.checked|false|0x44b77ec3
14:13:29.0 (23749885)|CONSTRUCTOR_EXIT|[28]|01p46000003buu6|<init>(Expense__c,Boolean)
14:13:29.0 (23756947)|HEAP_ALLOCATE|[EXTERNAL]|Bytes:4
14:13:29.0 (23765833)|HEAP_ALLOCATE|[26]|Bytes:5
14:13:29.0 (23788305)|HEAP_ALLOCATE|[26]|Bytes:40
14:13:29.0 (23793859)|VARIABLE_SCOPE_BEGIN|[26]|ex|Expense__c|true|false
14:13:29.0 (23811769)|VARIABLE_ASSIGNMENT|[26]|ex|{"Category__c":"Event Registration","RecordTypeId":"012460000005G1FAAU","Amount__c":3499,"Tax__c":454.87,"Submitted__c":true,"Employee__c":"00346000002ojVWAAY","Id":"a0F46000000Fp76EAC","RecordType":{"Name":"Business Trips","Id":"012460000005G1FAAU"},"Employee__r":{"Id":"00346000002ojVWAAY","Name":"Carol Ruiz","Birthdate":"2017-10-09T00:00:00.000Z"}}|0x4e02c757
14:13:29.0 (23815776)|STATEMENT_EXECUTE|[26]
14:13:29.0 (23816883)|STATEMENT_EXECUTE|[28]
14:13:29.0 (23837065)|VARIABLE_ASSIGNMENT|[EXTERNAL]|this|{"CountTotalRecords":7,"OffsetSize":0,"QueryLimit":3,"queryString":"","wrappedExpenses":"0x48b5270e"}|0x7046273d
14:13:29.0 (23845641)|HEAP_ALLOCATE|[28]|Bytes:12
14:13:29.0 (23852474)|CONSTRUCTOR_ENTRY|[28]|01p46000003buu6|<init>(Expense__c,Boolean)
14:13:29.0 (23855156)|VARIABLE_SCOPE_BEGIN|[6]|this|ExpenseWrapper|true|false
14:13:29.0 (23863041)|VARIABLE_ASSIGNMENT|[6]|this|{}|0x13004912
14:13:29.0 (23864668)|VARIABLE_SCOPE_BEGIN|[6]|ex|Expense__c|true|false
14:13:29.0 (23877355)|VARIABLE_ASSIGNMENT|[6]|ex|{"Category__c":"Event Registration","RecordTypeId":"012460000005G1FAAU","Amount__c":3499,"Tax__c":454.87,"Submitted__c":true,"Employee__c":"00346000002ojVWAAY","Id":"a0F46000000Fp76EAC","RecordType":{"Name":"Business Trips","Id":"012460000005G1FAAU"},"Employee__r":{"Id":"00346000002ojVWAAY","Name":"Carol Ruiz","Birthdate":"2017-10-09T00:00:00.000Z"}}|0x4e02c757
14:13:29.0 (23881729)|VARIABLE_SCOPE_BEGIN|[6]|check|Boolean|false|false
14:13:29.0 (23884565)|VARIABLE_ASSIGNMENT|[6]|check|false
14:13:29.0 (23886407)|STATEMENT_EXECUTE|[1]
14:13:29.0 (23887409)|STATEMENT_EXECUTE|[3]
14:13:29.0 (23888387)|STATEMENT_EXECUTE|[4]
14:13:29.0 (23896254)|STATEMENT_EXECUTE|[6]
14:13:29.0 (23897330)|STATEMENT_EXECUTE|[8]
14:13:29.0 (23906120)|VARIABLE_ASSIGNMENT|[EXTERNAL]|this|{}|0x13004912
14:13:29.0 (23918594)|VARIABLE_ASSIGNMENT|[EXTERNAL]|value|{"Category__c":"Event Registration","RecordTypeId":"012460000005G1FAAU","Amount__c":3499,"Tax__c":454.87,"Submitted__c":true,"Employee__c":"00346000002ojVWAAY","Id":"a0F46000000Fp76EAC","RecordType":{"Name":"Business Trips","Id":"012460000005G1FAAU"},"Employee__r":{"Id":"00346000002ojVWAAY","Name":"Carol Ruiz","Birthdate":"2017-10-09T00:00:00.000Z"}}|0x4e02c757
14:13:29.0 (23932277)|VARIABLE_ASSIGNMENT|[3]|this.expense|{"Category__c":"Event Registration","RecordTypeId":"012460000005G1FAAU","Amount__c":3499,"Tax__c":454.87,"Submitted__c":true,"Employee__c":"00346000002ojVWAAY","Id":"a0F46000000Fp76EAC","RecordType":{"Name":"Business Trips","Id":"012460000005G1FAAU"},"Employee__r":{"Id":"00346000002ojVWAAY","Name":"Carol Ruiz","Birthdate":"2017-10-09T00:00:00.000Z"}}|0x13004912
14:13:29.0 (23937556)|STATEMENT_EXECUTE|[9]
14:13:29.0 (23946496)|VARIABLE_ASSIGNMENT|[EXTERNAL]|this|{"expense":"0x4e02c757"}|0x13004912
14:13:29.0 (23950299)|VARIABLE_ASSIGNMENT|[EXTERNAL]|value|false
14:13:29.0 (23952831)|HEAP_ALLOCATE|[4]|Bytes:5
14:13:29.0 (23956136)|VARIABLE_ASSIGNMENT|[4]|this.checked|false|0x13004912
14:13:29.0 (23962374)|CONSTRUCTOR_EXIT|[28]|01p46000003buu6|<init>(Expense__c,Boolean)
14:13:29.0 (23967905)|HEAP_ALLOCATE|[EXTERNAL]|Bytes:4
14:13:29.0 (23975732)|HEAP_ALLOCATE|[26]|Bytes:5
14:13:29.0 (23983583)|VARIABLE_ASSIGNMENT|[26]|ex|null|
14:13:29.0 (23986004)|STATEMENT_EXECUTE|[32]
14:13:29.0 (24013504)|VARIABLE_ASSIGNMENT|[EXTERNAL]|this|{"CountTotalRecords":7,"OffsetSize":0,"QueryLimit":3,"queryString":"","wrappedExpenses":"0x48b5270e"}|0x7046273d
14:13:29.0 (24622202)|SYSTEM_MODE_ENTER|true
14:13:29.0 (24674836)|HEAP_ALLOCATE|[EXTERNAL]|Bytes:24
14:13:29.0 (24682734)|VARIABLE_SCOPE_BEGIN|[107]|this|ExpenseController|true|false
14:13:29.0 (24708540)|VARIABLE_ASSIGNMENT|[107]|this|{"CountTotalRecords":7,"OffsetSize":0,"QueryLimit":3,"queryString":"","wrappedExpenses":"0x48b5270e"}|0x7046273d
14:13:29.0 (24716269)|STATEMENT_EXECUTE|[107]
14:13:29.0 (24722357)|STATEMENT_EXECUTE|[111]
14:13:29.0 (24727204)|HEAP_ALLOCATE|[111]|Bytes:5
14:13:29.0 (24812601)|SYSTEM_MODE_ENTER|true
14:13:29.0 (24835457)|HEAP_ALLOCATE|[EXTERNAL]|Bytes:24
14:13:29.0 (24840790)|VARIABLE_SCOPE_BEGIN|[114]|this|ExpenseController|true|false
14:13:29.0 (24862398)|VARIABLE_ASSIGNMENT|[114]|this|{"CountTotalRecords":7,"OffsetSize":0,"QueryLimit":3,"queryString":"","wrappedExpenses":"0x48b5270e"}|0x7046273d
14:13:29.0 (24868166)|STATEMENT_EXECUTE|[114]
14:13:29.0 (24904002)|VARIABLE_ASSIGNMENT|[EXTERNAL]|this|{"CountTotalRecords":7,"OffsetSize":0,"QueryLimit":3,"queryString":"","wrappedExpenses":"0x48b5270e"}|0x7046273d
14:13:29.0 (24913455)|STATEMENT_EXECUTE|[115]
14:13:29.0 (24914810)|STATEMENT_EXECUTE|[116]
14:13:29.0 (24919564)|HEAP_ALLOCATE|[116]|Bytes:5
14:13:29.0 (25307985)|HEAP_ALLOCATE|[EXTERNAL]|Bytes:5
14:13:29.0 (25312758)|HEAP_ALLOCATE|[EXTERNAL]|Bytes:12
14:13:29.0 (25319976)|VARIABLE_ASSIGNMENT|[EXTERNAL]|this.checked|false|0x341f3e7d
14:13:29.0 (25360740)|HEAP_ALLOCATE|[EXTERNAL]|Bytes:5
14:13:29.0 (25363271)|HEAP_ALLOCATE|[EXTERNAL]|Bytes:12
14:13:29.0 (25367855)|VARIABLE_ASSIGNMENT|[EXTERNAL]|this.checked|false|0x44b77ec3
14:13:29.0 (25409881)|HEAP_ALLOCATE|[EXTERNAL]|Bytes:5
14:13:29.0 (25412464)|HEAP_ALLOCATE|[EXTERNAL]|Bytes:12
14:13:29.0 (25416909)|VARIABLE_ASSIGNMENT|[EXTERNAL]|this.checked|false|0x13004912
14:13:29.0 (25566872)|HEAP_ALLOCATE|[EXTERNAL]|Bytes:24
14:13:29.0 (25583567)|VARIABLE_SCOPE_BEGIN|[121]|this|ExpenseController|true|false
14:13:29.0 (25617707)|VARIABLE_ASSIGNMENT|[121]|this|{"CountTotalRecords":7,"OffsetSize":0,"QueryLimit":3,"queryString":"","wrappedExpenses":"0x48b5270e"}|0x7046273d
14:13:29.0 (25627315)|STATEMENT_EXECUTE|[121]
14:13:29.0 (25629461)|STATEMENT_EXECUTE|[122]
14:13:29.0 (25637915)|HEAP_ALLOCATE|[122]|Bytes:4
14:13:29.0 (25646952)|VARIABLE_ASSIGNMENT|[122]|this.OffsetSize|3|0x7046273d
14:13:29.0 (25649114)|STATEMENT_EXECUTE|[123]
14:13:29.0 (28852889)|SYSTEM_MODE_ENTER|true
14:13:29.0 (28883939)|HEAP_ALLOCATE|[EXTERNAL]|Bytes:96
14:13:29.0 (28889392)|HEAP_ALLOCATE|[EXTERNAL]|Bytes:6
14:13:29.0 (28895834)|METHOD_ENTRY|[1]|01p46000002ySm2|SaveAsPdfExtension.SaveAsPdfExtension()
14:13:29.0 (28898227)|STATEMENT_EXECUTE|[1]
14:13:29.0 (28901167)|STATEMENT_EXECUTE|[1]
14:13:29.0 (28904947)|METHOD_EXIT|[1]|SaveAsPdfExtension
14:13:29.0 (29071723)|SYSTEM_MODE_ENTER|true
14:13:29.0 (29095002)|HEAP_ALLOCATE|[EXTERNAL]|Bytes:24
14:13:29.0 (29099775)|VARIABLE_SCOPE_BEGIN|[17]|this|ExpenseController|true|false
14:13:29.0 (29125759)|VARIABLE_ASSIGNMENT|[17]|this|{"CountTotalRecords":7,"OffsetSize":3,"QueryLimit":3,"queryString":"","wrappedExpenses":"0x48b5270e"}|0x7046273d
14:13:29.0 (29132094)|STATEMENT_EXECUTE|[17]
14:13:29.0 (29133468)|STATEMENT_EXECUTE|[19]
14:13:29.0 (29151013)|HEAP_ALLOCATE|[22]|Bytes:1
14:13:29.0 (29162752)|HEAP_ALLOCATE|[22]|Bytes:1
14:13:29.0 (29170915)|HEAP_ALLOCATE|[19]|Bytes:204
14:13:29.0 (29499782)|SOQL_EXECUTE_BEGIN|[19]|Aggregations:0|SELECT Category__c, RecordType.Name, Amount__c, Tax__c, Client_Company__c, Submitted__c, Employee__r.Id, Employee__r.Name, Employee__r.Birthdate FROM Expense__c  ORDER BY Employee__r.Name LIMIT 3 OFFSET 3
14:13:29.0 (34266519)|SOQL_EXECUTE_END|[19]|Rows:3
14:13:29.0 (34280245)|HEAP_ALLOCATE|[19]|Bytes:16
14:13:29.0 (34319786)|HEAP_ALLOCATE|[19]|Bytes:1032
14:13:29.0 (34339088)|HEAP_ALLOCATE|[19]|Bytes:16
14:13:29.0 (34353069)|VARIABLE_SCOPE_BEGIN|[19]|results|List<Expense__c>|true|false
14:13:29.0 (34399003)|VARIABLE_ASSIGNMENT|[19]|results|[{"Category__c":"Transportation","RecordTypeId":"012460000005G1FAAU","Amount__c":4000,"Tax__c":520.00,"Submitted__c":true,"Employee__c":"00346000002ojVWAAY","Id":"a0F46000000FtpwEAC","RecordType":{"Name":"Business Trips","Id":"012460000005G1FAAU"},"Employee__r":{"Id":"00346000002ojVWAAY","Name":"Carol Ruiz","Birthdate":"2017-10-09T00:00:00.000Z"}},{"Category__c":"Road Meals","RecordTypeId":"012460000005G1KAAU","Amount__c":8900,"Tax__c":1157.00,"Submitted__c":true,"Employee__c":"00346000002ojeGAAQ","Id":"a0F46000000FmUwEAK","RecordType":{"Name":"Client Meetings","Id":"012460000005G1KAAU"},"Employee__r":{"Id":"00346000002ojeGAAQ","Name":"Paolo Smith"}},{"Category__c":"Lodging","RecordTypeId":"012460000005G1KAAU","Amount__c":4000,"Tax__c":520.00,"Client_Company__c":"At&t","Submitted__c":true,"Employee__c":"00346000002ojeGAAQ","Id":"a0F46000000Ftq1EAC","RecordType":{"Name":"Client Meetings","Id":"012460000005G1KAAU"},"Employee__r":{"Id":"00346000002ojeGAAQ","Name":"Paolo Smith"}}]|0x24c82b6f
14:13:29.0 (34405536)|STATEMENT_EXECUTE|[25]
14:13:29.0 (34410706)|HEAP_ALLOCATE|[25]|Bytes:4
14:13:29.0 (34453516)|VARIABLE_ASSIGNMENT|[EXTERNAL]|this|{"CountTotalRecords":7,"OffsetSize":3,"QueryLimit":3,"queryString":"","wrappedExpenses":"0x48b5270e"}|0x7046273d
14:13:29.0 (34467718)|HEAP_ALLOCATE|[EXTERNAL]|Bytes:4
14:13:29.0 (34474689)|VARIABLE_ASSIGNMENT|[EXTERNAL]|value|[]|0x5e02be77
14:13:29.0 (34486249)|VARIABLE_ASSIGNMENT|[14]|this.wrappedExpenses|[]|0x7046273d
14:13:29.0 (34514437)|HEAP_ALLOCATE|[26]|Bytes:5
14:13:29.0 (34540580)|HEAP_ALLOCATE|[26]|Bytes:40
14:13:29.0 (34547461)|VARIABLE_SCOPE_BEGIN|[26]|ex|Expense__c|true|false
14:13:29.0 (34569565)|VARIABLE_ASSIGNMENT|[26]|ex|{"Category__c":"Transportation","RecordTypeId":"012460000005G1FAAU","Amount__c":4000,"Tax__c":520.00,"Submitted__c":true,"Employee__c":"00346000002ojVWAAY","Id":"a0F46000000FtpwEAC","RecordType":{"Name":"Business Trips","Id":"012460000005G1FAAU"},"Employee__r":{"Id":"00346000002ojVWAAY","Name":"Carol Ruiz","Birthdate":"2017-10-09T00:00:00.000Z"}}|0x77404215
14:13:29.0 (34578650)|STATEMENT_EXECUTE|[26]
14:13:29.0 (34579912)|STATEMENT_EXECUTE|[28]
14:13:29.0 (34610857)|VARIABLE_ASSIGNMENT|[EXTERNAL]|this|{"CountTotalRecords":7,"OffsetSize":3,"QueryLimit":3,"queryString":"","wrappedExpenses":"0x5e02be77"}|0x7046273d
14:13:29.0 (34621126)|HEAP_ALLOCATE|[28]|Bytes:12
14:13:29.0 (34630282)|CONSTRUCTOR_ENTRY|[28]|01p46000003buu6|<init>(Expense__c,Boolean)
14:13:29.0 (34634026)|VARIABLE_SCOPE_BEGIN|[6]|this|ExpenseWrapper|true|false
14:13:29.0 (34644093)|VARIABLE_ASSIGNMENT|[6]|this|{}|0x39d8c616
14:13:29.0 (34645987)|VARIABLE_SCOPE_BEGIN|[6]|ex|Expense__c|true|false
14:13:29.0 (34661413)|VARIABLE_ASSIGNMENT|[6]|ex|{"Category__c":"Transportation","RecordTypeId":"012460000005G1FAAU","Amount__c":4000,"Tax__c":520.00,"Submitted__c":true,"Employee__c":"00346000002ojVWAAY","Id":"a0F46000000FtpwEAC","RecordType":{"Name":"Business Trips","Id":"012460000005G1FAAU"},"Employee__r":{"Id":"00346000002ojVWAAY","Name":"Carol Ruiz","Birthdate":"2017-10-09T00:00:00.000Z"}}|0x77404215
14:13:29.0 (34666546)|VARIABLE_SCOPE_BEGIN|[6]|check|Boolean|false|false
14:13:29.0 (34669348)|VARIABLE_ASSIGNMENT|[6]|check|false
14:13:29.0 (34671657)|STATEMENT_EXECUTE|[1]
14:13:29.0 (34672827)|STATEMENT_EXECUTE|[3]
14:13:29.0 (34673877)|STATEMENT_EXECUTE|[4]
14:13:29.0 (34683961)|STATEMENT_EXECUTE|[6]
14:13:29.0 (34685070)|STATEMENT_EXECUTE|[8]
14:13:29.0 (34695225)|VARIABLE_ASSIGNMENT|[EXTERNAL]|this|{}|0x39d8c616
14:13:29.0 (34708401)|VARIABLE_ASSIGNMENT|[EXTERNAL]|value|{"Category__c":"Transportation","RecordTypeId":"012460000005G1FAAU","Amount__c":4000,"Tax__c":520.00,"Submitted__c":true,"Employee__c":"00346000002ojVWAAY","Id":"a0F46000000FtpwEAC","RecordType":{"Name":"Business Trips","Id":"012460000005G1FAAU"},"Employee__r":{"Id":"00346000002ojVWAAY","Name":"Carol Ruiz","Birthdate":"2017-10-09T00:00:00.000Z"}}|0x77404215
14:13:29.0 (34723967)|VARIABLE_ASSIGNMENT|[3]|this.expense|{"Category__c":"Transportation","RecordTypeId":"012460000005G1FAAU","Amount__c":4000,"Tax__c":520.00,"Submitted__c":true,"Employee__c":"00346000002ojVWAAY","Id":"a0F46000000FtpwEAC","RecordType":{"Name":"Business Trips","Id":"012460000005G1FAAU"},"Employee__r":{"Id":"00346000002ojVWAAY","Name":"Carol Ruiz","Birthdate":"2017-10-09T00:00:00.000Z"}}|0x39d8c616
14:13:29.0 (34729034)|STATEMENT_EXECUTE|[9]
14:13:29.0 (34738220)|VARIABLE_ASSIGNMENT|[EXTERNAL]|this|{"expense":"0x77404215"}|0x39d8c616
14:13:29.0 (34742420)|VARIABLE_ASSIGNMENT|[EXTERNAL]|value|false
14:13:29.0 (34745320)|HEAP_ALLOCATE|[4]|Bytes:5
14:13:29.0 (34748886)|VARIABLE_ASSIGNMENT|[4]|this.checked|false|0x39d8c616
14:13:29.0 (34756644)|CONSTRUCTOR_EXIT|[28]|01p46000003buu6|<init>(Expense__c,Boolean)
14:13:29.0 (34763743)|HEAP_ALLOCATE|[EXTERNAL]|Bytes:4
14:13:29.0 (34772212)|HEAP_ALLOCATE|[26]|Bytes:5
14:13:29.0 (34792794)|HEAP_ALLOCATE|[26]|Bytes:40
14:13:29.0 (34798365)|VARIABLE_SCOPE_BEGIN|[26]|ex|Expense__c|true|false
14:13:29.0 (34812335)|VARIABLE_ASSIGNMENT|[26]|ex|{"Category__c":"Road Meals","RecordTypeId":"012460000005G1KAAU","Amount__c":8900,"Tax__c":1157.00,"Submitted__c":true,"Employee__c":"00346000002ojeGAAQ","Id":"a0F46000000FmUwEAK","RecordType":{"Name":"Client Meetings","Id":"012460000005G1KAAU"},"Employee__r":{"Id":"00346000002ojeGAAQ","Name":"Paolo Smith"}}|0xa05a229
14:13:29.0 (34815765)|STATEMENT_EXECUTE|[26]
14:13:29.0 (34816913)|STATEMENT_EXECUTE|[28]
14:13:29.0 (34841163)|VARIABLE_ASSIGNMENT|[EXTERNAL]|this|{"CountTotalRecords":7,"OffsetSize":3,"QueryLimit":3,"queryString":"","wrappedExpenses":"0x5e02be77"}|0x7046273d
14:13:29.0 (34851922)|HEAP_ALLOCATE|[28]|Bytes:12
14:13:29.0 (34859304)|CONSTRUCTOR_ENTRY|[28]|01p46000003buu6|<init>(Expense__c,Boolean)
14:13:29.0 (34862352)|VARIABLE_SCOPE_BEGIN|[6]|this|ExpenseWrapper|true|false
14:13:29.0 (34870932)|VARIABLE_ASSIGNMENT|[6]|this|{}|0x1edc726d
14:13:29.0 (34872562)|VARIABLE_SCOPE_BEGIN|[6]|ex|Expense__c|true|false
14:13:29.0 (34883008)|VARIABLE_ASSIGNMENT|[6]|ex|{"Category__c":"Road Meals","RecordTypeId":"012460000005G1KAAU","Amount__c":8900,"Tax__c":1157.00,"Submitted__c":true,"Employee__c":"00346000002ojeGAAQ","Id":"a0F46000000FmUwEAK","RecordType":{"Name":"Client Meetings","Id":"012460000005G1KAAU"},"Employee__r":{"Id":"00346000002ojeGAAQ","Name":"Paolo Smith"}}|0xa05a229
14:13:29.0 (34887563)|VARIABLE_SCOPE_BEGIN|[6]|check|Boolean|false|false
14:13:29.0 (34889976)|VARIABLE_ASSIGNMENT|[6]|check|false
14:13:29.0 (34892022)|STATEMENT_EXECUTE|[1]
14:13:29.0 (34893047)|STATEMENT_EXECUTE|[3]
14:13:29.0 (34894086)|STATEMENT_EXECUTE|[4]
14:13:29.0 (34901724)|STATEMENT_EXECUTE|[6]
14:13:29.0 (34902774)|STATEMENT_EXECUTE|[8]
14:13:29.0 (34911389)|VARIABLE_ASSIGNMENT|[EXTERNAL]|this|{}|0x1edc726d
14:13:29.0 (34921426)|VARIABLE_ASSIGNMENT|[EXTERNAL]|value|{"Category__c":"Road Meals","RecordTypeId":"012460000005G1KAAU","Amount__c":8900,"Tax__c":1157.00,"Submitted__c":true,"Employee__c":"00346000002ojeGAAQ","Id":"a0F46000000FmUwEAK","RecordType":{"Name":"Client Meetings","Id":"012460000005G1KAAU"},"Employee__r":{"Id":"00346000002ojeGAAQ","Name":"Paolo Smith"}}|0xa05a229
14:13:29.0 (34932909)|VARIABLE_ASSIGNMENT|[3]|this.expense|{"Category__c":"Road Meals","RecordTypeId":"012460000005G1KAAU","Amount__c":8900,"Tax__c":1157.00,"Submitted__c":true,"Employee__c":"00346000002ojeGAAQ","Id":"a0F46000000FmUwEAK","RecordType":{"Name":"Client Meetings","Id":"012460000005G1KAAU"},"Employee__r":{"Id":"00346000002ojeGAAQ","Name":"Paolo Smith"}}|0x1edc726d
14:13:29.0 (34937672)|STATEMENT_EXECUTE|[9]
14:13:29.0 (34946326)|VARIABLE_ASSIGNMENT|[EXTERNAL]|this|{"expense":"0xa05a229"}|0x1edc726d
14:13:29.0 (34950098)|VARIABLE_ASSIGNMENT|[EXTERNAL]|value|false
14:13:29.0 (34952728)|HEAP_ALLOCATE|[4]|Bytes:5
14:13:29.0 (34956076)|VARIABLE_ASSIGNMENT|[4]|this.checked|false|0x1edc726d
14:13:29.0 (34962506)|CONSTRUCTOR_EXIT|[28]|01p46000003buu6|<init>(Expense__c,Boolean)
14:13:29.0 (34968489)|HEAP_ALLOCATE|[EXTERNAL]|Bytes:4
14:13:29.0 (34976179)|HEAP_ALLOCATE|[26]|Bytes:5
14:13:29.0 (34994576)|HEAP_ALLOCATE|[26]|Bytes:44
14:13:29.0 (34999436)|VARIABLE_SCOPE_BEGIN|[26]|ex|Expense__c|true|false
14:13:29.0 (35012497)|VARIABLE_ASSIGNMENT|[26]|ex|{"Category__c":"Lodging","RecordTypeId":"012460000005G1KAAU","Amount__c":4000,"Tax__c":520.00,"Client_Company__c":"At&t","Submitted__c":true,"Employee__c":"00346000002ojeGAAQ","Id":"a0F46000000Ftq1EAC","RecordType":{"Name":"Client Meetings","Id":"012460000005G1KAAU"},"Employee__r":{"Id":"00346000002ojeGAAQ","Name":"Paolo Smith"}}|0x749cd00f
14:13:29.0 (35017306)|STATEMENT_EXECUTE|[26]
14:13:29.0 (35018450)|STATEMENT_EXECUTE|[28]
14:13:29.0 (35036811)|VARIABLE_ASSIGNMENT|[EXTERNAL]|this|{"CountTotalRecords":7,"OffsetSize":3,"QueryLimit":3,"queryString":"","wrappedExpenses":"0x5e02be77"}|0x7046273d
14:13:29.0 (35044407)|HEAP_ALLOCATE|[28]|Bytes:12
14:13:29.0 (35050214)|CONSTRUCTOR_ENTRY|[28]|01p46000003buu6|<init>(Expense__c,Boolean)
14:13:29.0 (35052677)|VARIABLE_SCOPE_BEGIN|[6]|this|ExpenseWrapper|true|false
14:13:29.0 (35059715)|VARIABLE_ASSIGNMENT|[6]|this|{}|0x7baab18a
14:13:29.0 (35061098)|VARIABLE_SCOPE_BEGIN|[6]|ex|Expense__c|true|false
14:13:29.0 (35071032)|VARIABLE_ASSIGNMENT|[6]|ex|{"Category__c":"Lodging","RecordTypeId":"012460000005G1KAAU","Amount__c":4000,"Tax__c":520.00,"Client_Company__c":"At&t","Submitted__c":true,"Employee__c":"00346000002ojeGAAQ","Id":"a0F46000000Ftq1EAC","RecordType":{"Name":"Client Meetings","Id":"012460000005G1KAAU"},"Employee__r":{"Id":"00346000002ojeGAAQ","Name":"Paolo Smith"}}|0x749cd00f
14:13:29.0 (35075175)|VARIABLE_SCOPE_BEGIN|[6]|check|Boolean|false|false
14:13:29.0 (35077322)|VARIABLE_ASSIGNMENT|[6]|check|false
14:13:29.0 (35079040)|STATEMENT_EXECUTE|[1]
14:13:29.0 (35080060)|STATEMENT_EXECUTE|[3]
14:13:29.0 (35081056)|STATEMENT_EXECUTE|[4]
14:13:29.0 (35087947)|STATEMENT_EXECUTE|[6]
14:13:29.0 (35089017)|STATEMENT_EXECUTE|[8]
14:13:29.0 (35096948)|VARIABLE_ASSIGNMENT|[EXTERNAL]|this|{}|0x7baab18a
14:13:29.0 (35106960)|VARIABLE_ASSIGNMENT|[EXTERNAL]|value|{"Category__c":"Lodging","RecordTypeId":"012460000005G1KAAU","Amount__c":4000,"Tax__c":520.00,"Client_Company__c":"At&t","Submitted__c":true,"Employee__c":"00346000002ojeGAAQ","Id":"a0F46000000Ftq1EAC","RecordType":{"Name":"Client Meetings","Id":"012460000005G1KAAU"},"Employee__r":{"Id":"00346000002ojeGAAQ","Name":"Paolo Smith"}}|0x749cd00f
14:13:29.0 (35118911)|VARIABLE_ASSIGNMENT|[3]|this.expense|{"Category__c":"Lodging","RecordTypeId":"012460000005G1KAAU","Amount__c":4000,"Tax__c":520.00,"Client_Company__c":"At&t","Submitted__c":true,"Employee__c":"00346000002ojeGAAQ","Id":"a0F46000000Ftq1EAC","RecordType":{"Name":"Client Meetings","Id":"012460000005G1KAAU"},"Employee__r":{"Id":"00346000002ojeGAAQ","Name":"Paolo Smith"}}|0x7baab18a
14:13:29.0 (35123383)|STATEMENT_EXECUTE|[9]
14:13:29.0 (35131743)|VARIABLE_ASSIGNMENT|[EXTERNAL]|this|{"expense":"0x749cd00f"}|0x7baab18a
14:13:29.0 (35135381)|VARIABLE_ASSIGNMENT|[EXTERNAL]|value|false
14:13:29.0 (35137992)|HEAP_ALLOCATE|[4]|Bytes:5
14:13:29.0 (35141031)|VARIABLE_ASSIGNMENT|[4]|this.checked|false|0x7baab18a
14:13:29.0 (35147022)|CONSTRUCTOR_EXIT|[28]|01p46000003buu6|<init>(Expense__c,Boolean)
14:13:29.0 (35152392)|HEAP_ALLOCATE|[EXTERNAL]|Bytes:4
14:13:29.0 (35159630)|HEAP_ALLOCATE|[26]|Bytes:5
14:13:29.0 (35166920)|VARIABLE_ASSIGNMENT|[26]|ex|null|
14:13:29.0 (35169206)|STATEMENT_EXECUTE|[32]
14:13:29.0 (35185756)|VARIABLE_ASSIGNMENT|[EXTERNAL]|this|{"CountTotalRecords":7,"OffsetSize":3,"QueryLimit":3,"queryString":"","wrappedExpenses":"0x5e02be77"}|0x7046273d
14:13:29.0 (36670108)|SYSTEM_MODE_ENTER|true
14:13:29.0 (36698303)|HEAP_ALLOCATE|[EXTERNAL]|Bytes:24
14:13:29.0 (36703617)|VARIABLE_SCOPE_BEGIN|[107]|this|ExpenseController|true|false
14:13:29.0 (36729601)|VARIABLE_ASSIGNMENT|[107]|this|{"CountTotalRecords":7,"OffsetSize":3,"QueryLimit":3,"queryString":"","wrappedExpenses":"0x5e02be77"}|0x7046273d
14:13:29.0 (36736116)|STATEMENT_EXECUTE|[107]
14:13:29.0 (36740139)|STATEMENT_EXECUTE|[108]
14:13:29.0 (36741255)|STATEMENT_EXECUTE|[109]
14:13:29.0 (36746054)|HEAP_ALLOCATE|[109]|Bytes:5
14:13:29.0 (37118107)|SYSTEM_MODE_ENTER|true
14:13:29.0 (37141483)|HEAP_ALLOCATE|[EXTERNAL]|Bytes:24
14:13:29.0 (37146219)|VARIABLE_SCOPE_BEGIN|[114]|this|ExpenseController|true|false
14:13:29.0 (37170340)|VARIABLE_ASSIGNMENT|[114]|this|{"CountTotalRecords":7,"OffsetSize":3,"QueryLimit":3,"queryString":"","wrappedExpenses":"0x5e02be77"}|0x7046273d
14:13:29.0 (37176593)|STATEMENT_EXECUTE|[114]
14:13:29.0 (37198946)|VARIABLE_ASSIGNMENT|[EXTERNAL]|this|{"CountTotalRecords":7,"OffsetSize":3,"QueryLimit":3,"queryString":"","wrappedExpenses":"0x5e02be77"}|0x7046273d
14:13:29.0 (37206302)|STATEMENT_EXECUTE|[115]
14:13:29.0 (37207530)|STATEMENT_EXECUTE|[116]
14:13:29.0 (37212096)|HEAP_ALLOCATE|[116]|Bytes:5
14:13:29.0 (44380399)|VF_SERIALIZE_VIEWSTATE_BEGIN|06646000001BW08
14:13:29.0 (55649331)|VF_SERIALIZE_VIEWSTATE_END
14:13:29.0 (67542447)|CODE_UNIT_STARTED|[EXTERNAL]|Generate Metadata
14:13:29.0 (68882706)|CODE_UNIT_FINISHED|Generate Metadata
14:13:29.71 (71020719)|CUMULATIVE_LIMIT_USAGE
14:13:29.71 (71020719)|LIMIT_USAGE_FOR_NS|(default)|
  Number of SOQL queries: 2 out of 100
  Number of query rows: 6 out of 50000
  Number of SOSL queries: 0 out of 20
  Number of DML statements: 0 out of 150
  Number of DML rows: 0 out of 10000
  Maximum CPU time: 0 out of 10000
  Maximum heap size: 0 out of 6000000
  Number of callouts: 0 out of 100
  Number of Email Invocations: 0 out of 10
  Number of future calls: 0 out of 50
  Number of queueable jobs added to the queue: 0 out of 50
  Number of Mobile Apex push calls: 0 out of 10

14:13:29.71 (71020719)|CUMULATIVE_LIMIT_USAGE_END

14:13:29.0 (71055809)|CODE_UNIT_FINISHED|VF: /apex/ListOfEmployees
14:13:29.0 (71785922)|EXECUTION_FINISHED
