39.0 APEX_CODE,FINEST;APEX_PROFILING,INFO;CALLOUT,INFO;DB,INFO;SYSTEM,DEBUG;VALIDATION,INFO;VISUALFORCE,INFO;WAVE,INFO;WORKFLOW,INFO
17:10:07.0 (299688)|USER_INFO|[EXTERNAL]|00546000000Iihs|pacosta@altimetrik.com|Argentine Time|GMT-03:00
17:10:07.0 (319673)|EXECUTION_STARTED
17:10:07.0 (324577)|CODE_UNIT_STARTED|[EXTERNAL]|06646000001BW08|VF: /apex/ListOfEmployees
17:10:07.0 (813412)|VF_DESERIALIZE_VIEWSTATE_BEGIN|06646000001BW08
17:10:07.0 (5897665)|HEAP_ALLOCATE|[72]|Bytes:3
17:10:07.0 (5945230)|HEAP_ALLOCATE|[77]|Bytes:152
17:10:07.0 (5964073)|HEAP_ALLOCATE|[342]|Bytes:408
17:10:07.0 (5977380)|HEAP_ALLOCATE|[355]|Bytes:408
17:10:07.0 (5989550)|HEAP_ALLOCATE|[467]|Bytes:48
17:10:07.0 (6016857)|HEAP_ALLOCATE|[139]|Bytes:6
17:10:07.0 (6040296)|HEAP_ALLOCATE|[50]|Bytes:5
17:10:07.0 (6059703)|HEAP_ALLOCATE|[56]|Bytes:5
17:10:07.0 (6064963)|HEAP_ALLOCATE|[64]|Bytes:7
17:10:07.0 (7346873)|VF_DESERIALIZE_VIEWSTATE_END
17:10:07.0 (8242918)|SYSTEM_MODE_ENTER|true
17:10:07.0 (8454645)|HEAP_ALLOCATE|[EXTERNAL]|Bytes:14
17:10:07.0 (8460310)|HEAP_ALLOCATE|[EXTERNAL]|Bytes:96
17:10:07.0 (8462294)|HEAP_ALLOCATE|[EXTERNAL]|Bytes:24
17:10:07.0 (8469624)|METHOD_ENTRY|[1]|01p46000002wayn|ExpenseController.ExpenseController()
17:10:07.0 (8474359)|STATEMENT_EXECUTE|[1]
17:10:07.0 (8480398)|STATEMENT_EXECUTE|[1]
17:10:07.0 (8481694)|STATEMENT_EXECUTE|[97]
17:10:07.0 (8486456)|METHOD_EXIT|[1]|ExpenseController
17:10:07.0 (8494300)|HEAP_ALLOCATE|[EXTERNAL]|Bytes:12
17:10:07.0 (8499914)|VARIABLE_SCOPE_BEGIN|[8]|this|ExpenseController|true|false
17:10:07.0 (8551968)|VARIABLE_ASSIGNMENT|[8]|this|{"queryString":"","wrappedExpenses":"0x423d0412"}|0x68a6470c
17:10:07.0 (8560696)|STATEMENT_EXECUTE|[8]
17:10:07.0 (8562313)|STATEMENT_EXECUTE|[10]
17:10:07.0 (8565250)|HEAP_ALLOCATE|[10]|Bytes:161
17:10:07.0 (8585019)|HEAP_ALLOCATE|[10]|Bytes:161
17:10:07.0 (10258602)|SOQL_EXECUTE_BEGIN|[10]|Aggregations:0|SELECT Category__c, RecordType.Name, Amount__c, Tax__c, Client_Company__c, Submitted__c, Employee__r.Id, Employee__r.Name, Employee__r.Birthdate FROM Expense__c 
17:10:07.0 (18186342)|SOQL_EXECUTE_END|[10]|Rows:5
17:10:07.0 (18200782)|HEAP_ALLOCATE|[10]|Bytes:24
17:10:07.0 (18240503)|HEAP_ALLOCATE|[10]|Bytes:1579
17:10:07.0 (18289001)|HEAP_ALLOCATE|[10]|Bytes:24
17:10:07.0 (18304260)|VARIABLE_SCOPE_BEGIN|[10]|results|List<Expense__c>|true|false
17:10:07.0 (18380403)|VARIABLE_ASSIGNMENT|[10]|results|[{"Category__c":"Road Meals","RecordTypeId":"012460000005G1KAAU","Amount__c":8900,"Tax__c":1157.00,"Submitted__c":false,"Employee__c":"00346000002ojeGAAQ","Id":"a0F46000000FmUwEAK","RecordType":{"Name":"Client Meetings","Id":"012460000005G1KAAU"},"Employee__r":{"Id":"00346000002ojeGAAQ","Name":"Paolo Smith"}},{"RecordTypeId":"012460000005G1FAAU","Amount__c":3000,"Tax__c":390.00,"Submitted__c":true,"Employee__c":"00346000002ojVWAAY","Id":"a0F46000000Fp6rEAC","RecordType":{"Name":"Business Trips","Id":"012460000005G1FAAU"},"Employee__r":{"Id":"00346000002ojVWAAY","Name":"Carol Ruiz","Birthdate":"2017-10-09T00:00:00.000Z"}},{"Category__c":"Event Registration","RecordTypeId":"012460000005G1FAAU","Amount__c":3499,"Tax__c":454.87,"Submitted__c":true,"Employee__c":"00346000002ojVWAAY","Id":"a0F46000000Fp76EAC","RecordType":{"Name":"Business Trips","Id":"012460000005G1FAAU"},"Employee__r":{"Id":"00346000002ojVWAAY","Name":"Carol Ruiz","Birthdate":"2017-10-09T00:00:00.000Z"}},{"Category__c":"Event Registration","RecordTypeId":"012460000005G1KAAU","Amount__c":5600,"Tax__c":728.00,"Submitted__c":true,"Employee__c":"00346000002oeLWAAY","Id":"a0F46000000FBc6EAG","RecordType":{"Name":"Client Meetings","Id":"012460000005G1KAAU"},"Employee__r":{"Id":"00346000002oeLWAAY","Name":"Paulo Acosta"}},{"Category__c":"Transportation","RecordTypeId":"012460000005G1FAAU","Amount__c":3500,"Tax__c":455.00,"Submitted__c":false,"Employee__c":"00346000002ojVWAAY","Id":"a0F46000000FBblEAG","RecordType":{"Name":"Business Trips","Id":"012460000005G1FAAU"},"Employee__r":{"Id":"00346000002ojVWAAY","Name":"Carol Ruiz","Birthdate":"2017-10-09T00:00:00.000Z"}}]|0x94bd564
17:10:07.0 (18393622)|STATEMENT_EXECUTE|[15]
17:10:07.0 (18399604)|HEAP_ALLOCATE|[15]|Bytes:4
17:10:07.0 (18493217)|VARIABLE_ASSIGNMENT|[EXTERNAL]|this|{"queryString":"","wrappedExpenses":"0x423d0412"}|0x68a6470c
17:10:07.0 (18510251)|HEAP_ALLOCATE|[EXTERNAL]|Bytes:4
17:10:07.0 (18516093)|VARIABLE_ASSIGNMENT|[EXTERNAL]|value|[]|0xed039a5
17:10:07.0 (18525913)|VARIABLE_ASSIGNMENT|[5]|this.wrappedExpenses|[]|0x68a6470c
17:10:07.0 (18679844)|HEAP_ALLOCATE|[16]|Bytes:5
17:10:07.0 (18710746)|HEAP_ALLOCATE|[16]|Bytes:40
17:10:07.0 (18718822)|VARIABLE_SCOPE_BEGIN|[16]|ex|Expense__c|true|false
17:10:07.0 (18736495)|VARIABLE_ASSIGNMENT|[16]|ex|{"Category__c":"Road Meals","RecordTypeId":"012460000005G1KAAU","Amount__c":8900,"Tax__c":1157.00,"Submitted__c":false,"Employee__c":"00346000002ojeGAAQ","Id":"a0F46000000FmUwEAK","RecordType":{"Name":"Client Meetings","Id":"012460000005G1KAAU"},"Employee__r":{"Id":"00346000002ojeGAAQ","Name":"Paolo Smith"}}|0x2683974c
17:10:07.0 (18742034)|STATEMENT_EXECUTE|[16]
17:10:07.0 (18743442)|STATEMENT_EXECUTE|[18]
17:10:07.0 (18776316)|VARIABLE_ASSIGNMENT|[EXTERNAL]|this|{"queryString":"","wrappedExpenses":"0xed039a5"}|0x68a6470c
17:10:07.0 (18787022)|HEAP_ALLOCATE|[18]|Bytes:116
17:10:07.0 (18790869)|HEAP_ALLOCATE|[18]|Bytes:10
17:10:07.0 (18801740)|HEAP_ALLOCATE|[18]|Bytes:12
17:10:07.0 (18817817)|CONSTRUCTOR_ENTRY|[18]|01p46000002wayn|<init>(Expense__c,Boolean)
17:10:07.0 (18827484)|VARIABLE_SCOPE_BEGIN|[102]|this|ExpenseController.ExpenseWrapper|true|false
17:10:07.0 (18844395)|VARIABLE_ASSIGNMENT|[102]|this|{}|0x6e7f4c80
17:10:07.0 (18847133)|VARIABLE_SCOPE_BEGIN|[102]|ex|Expense__c|true|false
17:10:07.0 (18858400)|VARIABLE_ASSIGNMENT|[102]|ex|{"Category__c":"Road Meals","RecordTypeId":"012460000005G1KAAU","Amount__c":8900,"Tax__c":1157.00,"Submitted__c":false,"Employee__c":"00346000002ojeGAAQ","Id":"a0F46000000FmUwEAK","RecordType":{"Name":"Client Meetings","Id":"012460000005G1KAAU"},"Employee__r":{"Id":"00346000002ojeGAAQ","Name":"Paolo Smith"}}|0x2683974c
17:10:07.0 (18863865)|VARIABLE_SCOPE_BEGIN|[102]|check|Boolean|false|false
17:10:07.0 (18866939)|VARIABLE_ASSIGNMENT|[102]|check|false
17:10:07.0 (18870312)|STATEMENT_EXECUTE|[97]
17:10:07.0 (18871720)|STATEMENT_EXECUTE|[99]
17:10:07.0 (18873189)|STATEMENT_EXECUTE|[100]
17:10:07.0 (18879032)|HEAP_ALLOCATE|[104]|Bytes:6
17:10:07.0 (18913129)|STATEMENT_EXECUTE|[102]
17:10:07.0 (18914674)|STATEMENT_EXECUTE|[104]
17:10:07.0 (18960843)|VARIABLE_ASSIGNMENT|[EXTERNAL]|this|{}|0x6e7f4c80
17:10:07.0 (18973519)|VARIABLE_ASSIGNMENT|[EXTERNAL]|value|{"Category__c":"Road Meals","RecordTypeId":"012460000005G1KAAU","Amount__c":8900,"Tax__c":1157.00,"Submitted__c":false,"Employee__c":"00346000002ojeGAAQ","Id":"a0F46000000FmUwEAK","RecordType":{"Name":"Client Meetings","Id":"012460000005G1KAAU"},"Employee__r":{"Id":"00346000002ojeGAAQ","Name":"Paolo Smith"}}|0x2683974c
17:10:07.0 (18986548)|VARIABLE_ASSIGNMENT|[99]|this.expense|{"Category__c":"Road Meals","RecordTypeId":"012460000005G1KAAU","Amount__c":8900,"Tax__c":1157.00,"Submitted__c":false,"Employee__c":"00346000002ojeGAAQ","Id":"a0F46000000FmUwEAK","RecordType":{"Name":"Client Meetings","Id":"012460000005G1KAAU"},"Employee__r":{"Id":"00346000002ojeGAAQ","Name":"Paolo Smith"}}|0x6e7f4c80
17:10:07.0 (18993647)|STATEMENT_EXECUTE|[105]
17:10:07.0 (19019791)|VARIABLE_ASSIGNMENT|[EXTERNAL]|this|{"expense":"0x2683974c"}|0x6e7f4c80
17:10:07.0 (19026055)|VARIABLE_ASSIGNMENT|[EXTERNAL]|value|false
17:10:07.0 (19029375)|HEAP_ALLOCATE|[100]|Bytes:5
17:10:07.0 (19033128)|VARIABLE_ASSIGNMENT|[100]|this.checked|false|0x6e7f4c80
17:10:07.0 (19040463)|CONSTRUCTOR_EXIT|[18]|01p46000002wayn|<init>(Expense__c,Boolean)
17:10:07.0 (19049799)|HEAP_ALLOCATE|[EXTERNAL]|Bytes:4
17:10:07.0 (19058828)|HEAP_ALLOCATE|[16]|Bytes:5
17:10:07.0 (19077993)|HEAP_ALLOCATE|[16]|Bytes:36
17:10:07.0 (19082737)|VARIABLE_SCOPE_BEGIN|[16]|ex|Expense__c|true|false
17:10:07.0 (19101814)|VARIABLE_ASSIGNMENT|[16]|ex|{"RecordTypeId":"012460000005G1FAAU","Amount__c":3000,"Tax__c":390.00,"Submitted__c":true,"Employee__c":"00346000002ojVWAAY","Id":"a0F46000000Fp6rEAC","RecordType":{"Name":"Business Trips","Id":"012460000005G1FAAU"},"Employee__r":{"Id":"00346000002ojVWAAY","Name":"Carol Ruiz","Birthdate":"2017-10-09T00:00:00.000Z"}}|0x50aa3a9a
17:10:07.0 (19106802)|STATEMENT_EXECUTE|[16]
17:10:07.0 (19108061)|STATEMENT_EXECUTE|[18]
17:10:07.0 (19122652)|VARIABLE_ASSIGNMENT|[EXTERNAL]|this|{"queryString":"","wrappedExpenses":"0xed039a5"}|0x68a6470c
17:10:07.0 (19129292)|HEAP_ALLOCATE|[18]|Bytes:12
17:10:07.0 (19135426)|CONSTRUCTOR_ENTRY|[18]|01p46000002wayn|<init>(Expense__c,Boolean)
17:10:07.0 (19138191)|VARIABLE_SCOPE_BEGIN|[102]|this|ExpenseController.ExpenseWrapper|true|false
17:10:07.0 (19145540)|VARIABLE_ASSIGNMENT|[102]|this|{}|0x33900c97
17:10:07.0 (19147238)|VARIABLE_SCOPE_BEGIN|[102]|ex|Expense__c|true|false
17:10:07.0 (19160652)|VARIABLE_ASSIGNMENT|[102]|ex|{"RecordTypeId":"012460000005G1FAAU","Amount__c":3000,"Tax__c":390.00,"Submitted__c":true,"Employee__c":"00346000002ojVWAAY","Id":"a0F46000000Fp6rEAC","RecordType":{"Name":"Business Trips","Id":"012460000005G1FAAU"},"Employee__r":{"Id":"00346000002ojVWAAY","Name":"Carol Ruiz","Birthdate":"2017-10-09T00:00:00.000Z"}}|0x50aa3a9a
17:10:07.0 (19164568)|VARIABLE_SCOPE_BEGIN|[102]|check|Boolean|false|false
17:10:07.0 (19166857)|VARIABLE_ASSIGNMENT|[102]|check|false
17:10:07.0 (19169617)|STATEMENT_EXECUTE|[97]
17:10:07.0 (19170845)|STATEMENT_EXECUTE|[99]
17:10:07.0 (19171818)|STATEMENT_EXECUTE|[100]
17:10:07.0 (19179184)|STATEMENT_EXECUTE|[102]
17:10:07.0 (19180264)|STATEMENT_EXECUTE|[104]
17:10:07.0 (19188870)|VARIABLE_ASSIGNMENT|[EXTERNAL]|this|{}|0x33900c97
17:10:07.0 (19200336)|VARIABLE_ASSIGNMENT|[EXTERNAL]|value|{"RecordTypeId":"012460000005G1FAAU","Amount__c":3000,"Tax__c":390.00,"Submitted__c":true,"Employee__c":"00346000002ojVWAAY","Id":"a0F46000000Fp6rEAC","RecordType":{"Name":"Business Trips","Id":"012460000005G1FAAU"},"Employee__r":{"Id":"00346000002ojVWAAY","Name":"Carol Ruiz","Birthdate":"2017-10-09T00:00:00.000Z"}}|0x50aa3a9a
17:10:07.0 (19212419)|VARIABLE_ASSIGNMENT|[99]|this.expense|{"RecordTypeId":"012460000005G1FAAU","Amount__c":3000,"Tax__c":390.00,"Submitted__c":true,"Employee__c":"00346000002ojVWAAY","Id":"a0F46000000Fp6rEAC","RecordType":{"Name":"Business Trips","Id":"012460000005G1FAAU"},"Employee__r":{"Id":"00346000002ojVWAAY","Name":"Carol Ruiz","Birthdate":"2017-10-09T00:00:00.000Z"}}|0x33900c97
17:10:07.0 (19217388)|STATEMENT_EXECUTE|[105]
17:10:07.0 (19226237)|VARIABLE_ASSIGNMENT|[EXTERNAL]|this|{"expense":"0x50aa3a9a"}|0x33900c97
17:10:07.0 (19229841)|VARIABLE_ASSIGNMENT|[EXTERNAL]|value|false
17:10:07.0 (19232165)|HEAP_ALLOCATE|[100]|Bytes:5
17:10:07.0 (19235305)|VARIABLE_ASSIGNMENT|[100]|this.checked|false|0x33900c97
17:10:07.0 (19240991)|CONSTRUCTOR_EXIT|[18]|01p46000002wayn|<init>(Expense__c,Boolean)
17:10:07.0 (19246388)|HEAP_ALLOCATE|[EXTERNAL]|Bytes:4
17:10:07.0 (19253359)|HEAP_ALLOCATE|[16]|Bytes:5
17:10:07.0 (19267874)|HEAP_ALLOCATE|[16]|Bytes:40
17:10:07.0 (19271781)|VARIABLE_SCOPE_BEGIN|[16]|ex|Expense__c|true|false
17:10:07.0 (19287192)|VARIABLE_ASSIGNMENT|[16]|ex|{"Category__c":"Event Registration","RecordTypeId":"012460000005G1FAAU","Amount__c":3499,"Tax__c":454.87,"Submitted__c":true,"Employee__c":"00346000002ojVWAAY","Id":"a0F46000000Fp76EAC","RecordType":{"Name":"Business Trips","Id":"012460000005G1FAAU"},"Employee__r":{"Id":"00346000002ojVWAAY","Name":"Carol Ruiz","Birthdate":"2017-10-09T00:00:00.000Z"}}|0x1d07fbde
17:10:07.0 (19291299)|STATEMENT_EXECUTE|[16]
17:10:07.0 (19292691)|STATEMENT_EXECUTE|[18]
17:10:07.0 (19305158)|VARIABLE_ASSIGNMENT|[EXTERNAL]|this|{"queryString":"","wrappedExpenses":"0xed039a5"}|0x68a6470c
17:10:07.0 (19310858)|HEAP_ALLOCATE|[18]|Bytes:12
17:10:07.0 (19315979)|CONSTRUCTOR_ENTRY|[18]|01p46000002wayn|<init>(Expense__c,Boolean)
17:10:07.0 (19318149)|VARIABLE_SCOPE_BEGIN|[102]|this|ExpenseController.ExpenseWrapper|true|false
17:10:07.0 (19325180)|VARIABLE_ASSIGNMENT|[102]|this|{}|0x35c5b78e
17:10:07.0 (19326586)|VARIABLE_SCOPE_BEGIN|[102]|ex|Expense__c|true|false
17:10:07.0 (19338864)|VARIABLE_ASSIGNMENT|[102]|ex|{"Category__c":"Event Registration","RecordTypeId":"012460000005G1FAAU","Amount__c":3499,"Tax__c":454.87,"Submitted__c":true,"Employee__c":"00346000002ojVWAAY","Id":"a0F46000000Fp76EAC","RecordType":{"Name":"Business Trips","Id":"012460000005G1FAAU"},"Employee__r":{"Id":"00346000002ojVWAAY","Name":"Carol Ruiz","Birthdate":"2017-10-09T00:00:00.000Z"}}|0x1d07fbde
17:10:07.0 (19342781)|VARIABLE_SCOPE_BEGIN|[102]|check|Boolean|false|false
17:10:07.0 (19345220)|VARIABLE_ASSIGNMENT|[102]|check|false
17:10:07.0 (19347772)|STATEMENT_EXECUTE|[97]
17:10:07.0 (19348956)|STATEMENT_EXECUTE|[99]
17:10:07.0 (19349957)|STATEMENT_EXECUTE|[100]
17:10:07.0 (19356634)|STATEMENT_EXECUTE|[102]
17:10:07.0 (19357675)|STATEMENT_EXECUTE|[104]
17:10:07.0 (19366067)|VARIABLE_ASSIGNMENT|[EXTERNAL]|this|{}|0x35c5b78e
17:10:07.0 (19377451)|VARIABLE_ASSIGNMENT|[EXTERNAL]|value|{"Category__c":"Event Registration","RecordTypeId":"012460000005G1FAAU","Amount__c":3499,"Tax__c":454.87,"Submitted__c":true,"Employee__c":"00346000002ojVWAAY","Id":"a0F46000000Fp76EAC","RecordType":{"Name":"Business Trips","Id":"012460000005G1FAAU"},"Employee__r":{"Id":"00346000002ojVWAAY","Name":"Carol Ruiz","Birthdate":"2017-10-09T00:00:00.000Z"}}|0x1d07fbde
17:10:07.0 (19390313)|VARIABLE_ASSIGNMENT|[99]|this.expense|{"Category__c":"Event Registration","RecordTypeId":"012460000005G1FAAU","Amount__c":3499,"Tax__c":454.87,"Submitted__c":true,"Employee__c":"00346000002ojVWAAY","Id":"a0F46000000Fp76EAC","RecordType":{"Name":"Business Trips","Id":"012460000005G1FAAU"},"Employee__r":{"Id":"00346000002ojVWAAY","Name":"Carol Ruiz","Birthdate":"2017-10-09T00:00:00.000Z"}}|0x35c5b78e
17:10:07.0 (19395633)|STATEMENT_EXECUTE|[105]
17:10:07.0 (19404383)|VARIABLE_ASSIGNMENT|[EXTERNAL]|this|{"expense":"0x1d07fbde"}|0x35c5b78e
17:10:07.0 (19407737)|VARIABLE_ASSIGNMENT|[EXTERNAL]|value|false
17:10:07.0 (19409989)|HEAP_ALLOCATE|[100]|Bytes:5
17:10:07.0 (19413065)|VARIABLE_ASSIGNMENT|[100]|this.checked|false|0x35c5b78e
17:10:07.0 (19418623)|CONSTRUCTOR_EXIT|[18]|01p46000002wayn|<init>(Expense__c,Boolean)
17:10:07.0 (19424031)|HEAP_ALLOCATE|[EXTERNAL]|Bytes:4
17:10:07.0 (19430557)|HEAP_ALLOCATE|[16]|Bytes:5
17:10:07.0 (19444179)|HEAP_ALLOCATE|[16]|Bytes:40
17:10:07.0 (19447972)|VARIABLE_SCOPE_BEGIN|[16]|ex|Expense__c|true|false
17:10:07.0 (19459736)|VARIABLE_ASSIGNMENT|[16]|ex|{"Category__c":"Event Registration","RecordTypeId":"012460000005G1KAAU","Amount__c":5600,"Tax__c":728.00,"Submitted__c":true,"Employee__c":"00346000002oeLWAAY","Id":"a0F46000000FBc6EAG","RecordType":{"Name":"Client Meetings","Id":"012460000005G1KAAU"},"Employee__r":{"Id":"00346000002oeLWAAY","Name":"Paulo Acosta"}}|0x689a5485
17:10:07.0 (19463540)|STATEMENT_EXECUTE|[16]
17:10:07.0 (19464732)|STATEMENT_EXECUTE|[18]
17:10:07.0 (19476172)|VARIABLE_ASSIGNMENT|[EXTERNAL]|this|{"queryString":"","wrappedExpenses":"0xed039a5"}|0x68a6470c
17:10:07.0 (19481410)|HEAP_ALLOCATE|[18]|Bytes:12
17:10:07.0 (19486475)|CONSTRUCTOR_ENTRY|[18]|01p46000002wayn|<init>(Expense__c,Boolean)
17:10:07.0 (19488980)|VARIABLE_SCOPE_BEGIN|[102]|this|ExpenseController.ExpenseWrapper|true|false
17:10:07.0 (19495192)|VARIABLE_ASSIGNMENT|[102]|this|{}|0x6a722512
17:10:07.0 (19496782)|VARIABLE_SCOPE_BEGIN|[102]|ex|Expense__c|true|false
17:10:07.0 (19506011)|VARIABLE_ASSIGNMENT|[102]|ex|{"Category__c":"Event Registration","RecordTypeId":"012460000005G1KAAU","Amount__c":5600,"Tax__c":728.00,"Submitted__c":true,"Employee__c":"00346000002oeLWAAY","Id":"a0F46000000FBc6EAG","RecordType":{"Name":"Client Meetings","Id":"012460000005G1KAAU"},"Employee__r":{"Id":"00346000002oeLWAAY","Name":"Paulo Acosta"}}|0x689a5485
17:10:07.0 (19509278)|VARIABLE_SCOPE_BEGIN|[102]|check|Boolean|false|false
17:10:07.0 (19512094)|VARIABLE_ASSIGNMENT|[102]|check|false
17:10:07.0 (19514308)|STATEMENT_EXECUTE|[97]
17:10:07.0 (19515365)|STATEMENT_EXECUTE|[99]
17:10:07.0 (19516389)|STATEMENT_EXECUTE|[100]
17:10:07.0 (19522426)|STATEMENT_EXECUTE|[102]
17:10:07.0 (19523492)|STATEMENT_EXECUTE|[104]
17:10:07.0 (19531060)|VARIABLE_ASSIGNMENT|[EXTERNAL]|this|{}|0x6a722512
17:10:07.0 (19539854)|VARIABLE_ASSIGNMENT|[EXTERNAL]|value|{"Category__c":"Event Registration","RecordTypeId":"012460000005G1KAAU","Amount__c":5600,"Tax__c":728.00,"Submitted__c":true,"Employee__c":"00346000002oeLWAAY","Id":"a0F46000000FBc6EAG","RecordType":{"Name":"Client Meetings","Id":"012460000005G1KAAU"},"Employee__r":{"Id":"00346000002oeLWAAY","Name":"Paulo Acosta"}}|0x689a5485
17:10:07.0 (19550630)|VARIABLE_ASSIGNMENT|[99]|this.expense|{"Category__c":"Event Registration","RecordTypeId":"012460000005G1KAAU","Amount__c":5600,"Tax__c":728.00,"Submitted__c":true,"Employee__c":"00346000002oeLWAAY","Id":"a0F46000000FBc6EAG","RecordType":{"Name":"Client Meetings","Id":"012460000005G1KAAU"},"Employee__r":{"Id":"00346000002oeLWAAY","Name":"Paulo Acosta"}}|0x6a722512
17:10:07.0 (19555349)|STATEMENT_EXECUTE|[105]
17:10:07.0 (19563457)|VARIABLE_ASSIGNMENT|[EXTERNAL]|this|{"expense":"0x689a5485"}|0x6a722512
17:10:07.0 (19566750)|VARIABLE_ASSIGNMENT|[EXTERNAL]|value|false
17:10:07.0 (19568713)|HEAP_ALLOCATE|[100]|Bytes:5
17:10:07.0 (19571718)|VARIABLE_ASSIGNMENT|[100]|this.checked|false|0x6a722512
17:10:07.0 (19576962)|CONSTRUCTOR_EXIT|[18]|01p46000002wayn|<init>(Expense__c,Boolean)
17:10:07.0 (19581621)|HEAP_ALLOCATE|[EXTERNAL]|Bytes:4
17:10:07.0 (19587710)|HEAP_ALLOCATE|[16]|Bytes:5
17:10:07.0 (19600355)|HEAP_ALLOCATE|[16]|Bytes:40
17:10:07.0 (19603810)|VARIABLE_SCOPE_BEGIN|[16]|ex|Expense__c|true|false
17:10:07.0 (19618623)|VARIABLE_ASSIGNMENT|[16]|ex|{"Category__c":"Transportation","RecordTypeId":"012460000005G1FAAU","Amount__c":3500,"Tax__c":455.00,"Submitted__c":false,"Employee__c":"00346000002ojVWAAY","Id":"a0F46000000FBblEAG","RecordType":{"Name":"Business Trips","Id":"012460000005G1FAAU"},"Employee__r":{"Id":"00346000002ojVWAAY","Name":"Carol Ruiz","Birthdate":"2017-10-09T00:00:00.000Z"}}|0x5219972d
17:10:07.0 (19623085)|STATEMENT_EXECUTE|[16]
17:10:07.0 (19624170)|STATEMENT_EXECUTE|[18]
17:10:07.0 (19635637)|VARIABLE_ASSIGNMENT|[EXTERNAL]|this|{"queryString":"","wrappedExpenses":"0xed039a5"}|0x68a6470c
17:10:07.0 (19640603)|HEAP_ALLOCATE|[18]|Bytes:12
17:10:07.0 (19645618)|CONSTRUCTOR_ENTRY|[18]|01p46000002wayn|<init>(Expense__c,Boolean)
17:10:07.0 (19647684)|VARIABLE_SCOPE_BEGIN|[102]|this|ExpenseController.ExpenseWrapper|true|false
17:10:07.0 (19653705)|VARIABLE_ASSIGNMENT|[102]|this|{}|0x5bb499cf
17:10:07.0 (19655107)|VARIABLE_SCOPE_BEGIN|[102]|ex|Expense__c|true|false
17:10:07.0 (19666676)|VARIABLE_ASSIGNMENT|[102]|ex|{"Category__c":"Transportation","RecordTypeId":"012460000005G1FAAU","Amount__c":3500,"Tax__c":455.00,"Submitted__c":false,"Employee__c":"00346000002ojVWAAY","Id":"a0F46000000FBblEAG","RecordType":{"Name":"Business Trips","Id":"012460000005G1FAAU"},"Employee__r":{"Id":"00346000002ojVWAAY","Name":"Carol Ruiz","Birthdate":"2017-10-09T00:00:00.000Z"}}|0x5219972d
17:10:07.0 (19670607)|VARIABLE_SCOPE_BEGIN|[102]|check|Boolean|false|false
17:10:07.0 (19673366)|VARIABLE_ASSIGNMENT|[102]|check|false
17:10:07.0 (19675456)|STATEMENT_EXECUTE|[97]
17:10:07.0 (19676504)|STATEMENT_EXECUTE|[99]
17:10:07.0 (19677497)|STATEMENT_EXECUTE|[100]
17:10:07.0 (19683367)|STATEMENT_EXECUTE|[102]
17:10:07.0 (19684477)|STATEMENT_EXECUTE|[104]
17:10:07.0 (19692261)|VARIABLE_ASSIGNMENT|[EXTERNAL]|this|{}|0x5bb499cf
17:10:07.0 (19703675)|VARIABLE_ASSIGNMENT|[EXTERNAL]|value|{"Category__c":"Transportation","RecordTypeId":"012460000005G1FAAU","Amount__c":3500,"Tax__c":455.00,"Submitted__c":false,"Employee__c":"00346000002ojVWAAY","Id":"a0F46000000FBblEAG","RecordType":{"Name":"Business Trips","Id":"012460000005G1FAAU"},"Employee__r":{"Id":"00346000002ojVWAAY","Name":"Carol Ruiz","Birthdate":"2017-10-09T00:00:00.000Z"}}|0x5219972d
17:10:07.0 (19716875)|VARIABLE_ASSIGNMENT|[99]|this.expense|{"Category__c":"Transportation","RecordTypeId":"012460000005G1FAAU","Amount__c":3500,"Tax__c":455.00,"Submitted__c":false,"Employee__c":"00346000002ojVWAAY","Id":"a0F46000000FBblEAG","RecordType":{"Name":"Business Trips","Id":"012460000005G1FAAU"},"Employee__r":{"Id":"00346000002ojVWAAY","Name":"Carol Ruiz","Birthdate":"2017-10-09T00:00:00.000Z"}}|0x5bb499cf
17:10:07.0 (19722375)|STATEMENT_EXECUTE|[105]
17:10:07.0 (19731354)|VARIABLE_ASSIGNMENT|[EXTERNAL]|this|{"expense":"0x5219972d"}|0x5bb499cf
17:10:07.0 (19734783)|VARIABLE_ASSIGNMENT|[EXTERNAL]|value|false
17:10:07.0 (19736683)|HEAP_ALLOCATE|[100]|Bytes:5
17:10:07.0 (19739679)|VARIABLE_ASSIGNMENT|[100]|this.checked|false|0x5bb499cf
17:10:07.0 (19745015)|CONSTRUCTOR_EXIT|[18]|01p46000002wayn|<init>(Expense__c,Boolean)
17:10:07.0 (19749498)|HEAP_ALLOCATE|[EXTERNAL]|Bytes:4
17:10:07.0 (19755667)|HEAP_ALLOCATE|[16]|Bytes:5
17:10:07.0 (19761758)|VARIABLE_ASSIGNMENT|[16]|ex|null|
17:10:07.0 (19764386)|STATEMENT_EXECUTE|[21]
17:10:07.0 (19783328)|VARIABLE_ASSIGNMENT|[EXTERNAL]|this|{"queryString":"","wrappedExpenses":"0xed039a5"}|0x68a6470c
17:10:07.0 (20557664)|HEAP_ALLOCATE|[EXTERNAL]|Bytes:5
17:10:07.0 (20562376)|HEAP_ALLOCATE|[EXTERNAL]|Bytes:12
17:10:07.0 (20570565)|VARIABLE_ASSIGNMENT|[EXTERNAL]|this.checked|true|0x6e7f4c80
17:10:07.0 (20605284)|HEAP_ALLOCATE|[EXTERNAL]|Bytes:5
17:10:07.0 (20607349)|HEAP_ALLOCATE|[EXTERNAL]|Bytes:12
17:10:07.0 (20611709)|VARIABLE_ASSIGNMENT|[EXTERNAL]|this.checked|false|0x33900c97
17:10:07.0 (20635505)|HEAP_ALLOCATE|[EXTERNAL]|Bytes:5
17:10:07.0 (20637294)|HEAP_ALLOCATE|[EXTERNAL]|Bytes:12
17:10:07.0 (20640638)|VARIABLE_ASSIGNMENT|[EXTERNAL]|this.checked|false|0x35c5b78e
17:10:07.0 (20662431)|HEAP_ALLOCATE|[EXTERNAL]|Bytes:5
17:10:07.0 (20664229)|HEAP_ALLOCATE|[EXTERNAL]|Bytes:12
17:10:07.0 (20667328)|VARIABLE_ASSIGNMENT|[EXTERNAL]|this.checked|false|0x6a722512
17:10:07.0 (20688924)|HEAP_ALLOCATE|[EXTERNAL]|Bytes:5
17:10:07.0 (20690662)|HEAP_ALLOCATE|[EXTERNAL]|Bytes:12
17:10:07.0 (20693917)|VARIABLE_ASSIGNMENT|[EXTERNAL]|this.checked|false|0x5bb499cf
17:10:07.0 (20823845)|HEAP_ALLOCATE|[EXTERNAL]|Bytes:12
17:10:07.0 (20832949)|VARIABLE_SCOPE_BEGIN|[78]|this|ExpenseController|true|false
17:10:07.0 (20855176)|VARIABLE_ASSIGNMENT|[78]|this|{"queryString":"","wrappedExpenses":"0xed039a5"}|0x68a6470c
17:10:07.0 (20863142)|STATEMENT_EXECUTE|[78]
17:10:07.0 (20864797)|STATEMENT_EXECUTE|[80]
17:10:07.0 (20868462)|HEAP_ALLOCATE|[80]|Bytes:4
17:10:07.0 (20888317)|VARIABLE_SCOPE_BEGIN|[80]|updateExpenses|List<Expense__c>|true|false
17:10:07.0 (20894305)|HEAP_ALLOCATE|[EXTERNAL]|Bytes:4
17:10:07.0 (20900332)|VARIABLE_ASSIGNMENT|[80]|updateExpenses|[]|0x709271cd
17:10:07.0 (20926320)|VARIABLE_ASSIGNMENT|[EXTERNAL]|this|{"queryString":"","wrappedExpenses":"0xed039a5"}|0x68a6470c
17:10:07.0 (20992501)|HEAP_ALLOCATE|[82]|Bytes:5
17:10:07.0 (21001815)|HEAP_ALLOCATE|[82]|Bytes:12
17:10:07.0 (21007098)|VARIABLE_SCOPE_BEGIN|[82]|ep|ExpenseController.ExpenseWrapper|true|false
17:10:07.0 (21022021)|VARIABLE_ASSIGNMENT|[82]|ep|{"checked":true,"expense":"0x2683974c"}|0x6e7f4c80
17:10:07.0 (21025781)|STATEMENT_EXECUTE|[82]
17:10:07.0 (21049692)|VARIABLE_ASSIGNMENT|[EXTERNAL]|this|{"checked":true,"expense":"0x2683974c"}|0x6e7f4c80
17:10:07.0 (21057405)|STATEMENT_EXECUTE|[84]
17:10:07.0 (21058642)|STATEMENT_EXECUTE|[86]
17:10:07.0 (21078155)|VARIABLE_ASSIGNMENT|[EXTERNAL]|this|{"checked":true,"expense":"0x2683974c"}|0x6e7f4c80
17:10:07.0 (21141892)|VARIABLE_ASSIGNMENT|[86]|this.Submitted__c|true|0x2683974c
17:10:07.0 (21145195)|STATEMENT_EXECUTE|[87]
17:10:07.0 (21164963)|VARIABLE_ASSIGNMENT|[EXTERNAL]|this|{"checked":true,"expense":"0x2683974c"}|0x6e7f4c80
17:10:07.0 (21176263)|HEAP_ALLOCATE|[EXTERNAL]|Bytes:4
17:10:07.0 (21186247)|HEAP_ALLOCATE|[82]|Bytes:5
17:10:07.0 (21192272)|HEAP_ALLOCATE|[82]|Bytes:12
17:10:07.0 (21195889)|VARIABLE_SCOPE_BEGIN|[82]|ep|ExpenseController.ExpenseWrapper|true|false
17:10:07.0 (21206135)|VARIABLE_ASSIGNMENT|[82]|ep|{"checked":false,"expense":"0x50aa3a9a"}|0x33900c97
17:10:07.0 (21209038)|STATEMENT_EXECUTE|[82]
17:10:07.0 (21218906)|VARIABLE_ASSIGNMENT|[EXTERNAL]|this|{"checked":false,"expense":"0x50aa3a9a"}|0x33900c97
17:10:07.0 (21223220)|STATEMENT_EXECUTE|[84]
17:10:07.0 (21227696)|HEAP_ALLOCATE|[82]|Bytes:5
17:10:07.0 (21232210)|HEAP_ALLOCATE|[82]|Bytes:12
17:10:07.0 (21234680)|VARIABLE_SCOPE_BEGIN|[82]|ep|ExpenseController.ExpenseWrapper|true|false
17:10:07.0 (21243408)|VARIABLE_ASSIGNMENT|[82]|ep|{"checked":false,"expense":"0x1d07fbde"}|0x35c5b78e
17:10:07.0 (21245732)|STATEMENT_EXECUTE|[82]
17:10:07.0 (21253610)|VARIABLE_ASSIGNMENT|[EXTERNAL]|this|{"checked":false,"expense":"0x1d07fbde"}|0x35c5b78e
17:10:07.0 (21257167)|STATEMENT_EXECUTE|[84]
17:10:07.0 (21261049)|HEAP_ALLOCATE|[82]|Bytes:5
17:10:07.0 (21264941)|HEAP_ALLOCATE|[82]|Bytes:12
17:10:07.0 (21267247)|VARIABLE_SCOPE_BEGIN|[82]|ep|ExpenseController.ExpenseWrapper|true|false
17:10:07.0 (21274561)|VARIABLE_ASSIGNMENT|[82]|ep|{"checked":false,"expense":"0x689a5485"}|0x6a722512
17:10:07.0 (21276888)|STATEMENT_EXECUTE|[82]
17:10:07.0 (21284508)|VARIABLE_ASSIGNMENT|[EXTERNAL]|this|{"checked":false,"expense":"0x689a5485"}|0x6a722512
17:10:07.0 (21288076)|STATEMENT_EXECUTE|[84]
17:10:07.0 (21291949)|HEAP_ALLOCATE|[82]|Bytes:5
17:10:07.0 (21295639)|HEAP_ALLOCATE|[82]|Bytes:12
17:10:07.0 (21297901)|VARIABLE_SCOPE_BEGIN|[82]|ep|ExpenseController.ExpenseWrapper|true|false
17:10:07.0 (21305773)|VARIABLE_ASSIGNMENT|[82]|ep|{"checked":false,"expense":"0x5219972d"}|0x5bb499cf
17:10:07.0 (21308133)|STATEMENT_EXECUTE|[82]
17:10:07.0 (21315708)|VARIABLE_ASSIGNMENT|[EXTERNAL]|this|{"checked":false,"expense":"0x5219972d"}|0x5bb499cf
17:10:07.0 (21319162)|STATEMENT_EXECUTE|[84]
17:10:07.0 (21322990)|HEAP_ALLOCATE|[82]|Bytes:5
17:10:07.0 (21327901)|VARIABLE_ASSIGNMENT|[82]|ep|null|
17:10:07.0 (21329837)|STATEMENT_EXECUTE|[92]
17:10:07.0 (21362468)|DML_BEGIN|[92]|Op:Update|Type:Expense__c|Rows:1
17:10:07.0 (21381055)|HEAP_ALLOCATE|[EXTERNAL]|Bytes:8
17:10:07.0 (31468454)|CODE_UNIT_STARTED|[EXTERNAL]|01q46000000Qd5z|UpdateOrDeleteExpenseTrigger on Expense trigger event BeforeUpdate for [a0F46000000FmUw]
17:10:07.0 (31502562)|HEAP_ALLOCATE|[EXTERNAL]|Bytes:8
17:10:07.0 (31523220)|HEAP_ALLOCATE|[EXTERNAL]|Bytes:8
17:10:07.0 (31581981)|HEAP_ALLOCATE|[EXTERNAL]|Bytes:4
17:10:07.0 (31587506)|VARIABLE_SCOPE_BEGIN|[1]|this|UpdateOrDeleteExpenseTrigger|true|false
17:10:07.0 (31606609)|VARIABLE_ASSIGNMENT|[1]|this|{}|0x7d493fbb
17:10:07.0 (31634302)|HEAP_ALLOCATE|[EXTERNAL]|Bytes:4
17:10:07.0 (31637912)|VARIABLE_SCOPE_BEGIN|[1]|this|UpdateOrDeleteExpenseTrigger|true|false
17:10:07.0 (31644689)|VARIABLE_ASSIGNMENT|[1]|this|{}|0x7d493fbb
17:10:07.0 (31648766)|STATEMENT_EXECUTE|[1]
17:10:07.0 (31661685)|STATEMENT_EXECUTE|[3]
17:10:07.0 (31667316)|STATEMENT_EXECUTE|[15]
17:10:07.0 (31705822)|HEAP_ALLOCATE|[17]|Bytes:5
17:10:07.0 (31718521)|HEAP_ALLOCATE|[17]|Bytes:4
17:10:07.0 (31723644)|VARIABLE_SCOPE_BEGIN|[17]|ex|Expense__c|true|false
17:10:07.0 (32252570)|VARIABLE_ASSIGNMENT|[17]|ex|{"Expense_Status__c":"NOT SUBMITTED","LastModifiedDate":"2017-03-22T13:23:31.000Z","IsDeleted":false,"Name":"Test 4","SystemModstamp":"2017-03-23T10:31:00.000Z","Employee__c":"00346000002ojeGAAQ","OwnerId":"00546000000IihsAAC","CreatedById":"00546000000IihsAAC","Amount__c":8900,"Submitted__c":true,"Category__c":"Road Meals","RecordTypeId":"012460000005G1KAAU","CreatedDate":"2017-03-22T13:23:31.000Z","Id":"a0F46000000FmUwEAK","LastModifiedById":"00546000000IihsAAC","Tax__c":1157.00}|0x6d5d69c1
17:10:07.0 (32260847)|STATEMENT_EXECUTE|[17]
17:10:07.0 (32283313)|HEAP_ALLOCATE|[20]|Bytes:13
17:10:07.0 (32311608)|STATEMENT_EXECUTE|[26]
17:10:07.0 (32335408)|STATEMENT_EXECUTE|[28]
17:10:07.0 (32336941)|STATEMENT_EXECUTE|[30]
17:10:07.0 (32338991)|HEAP_ALLOCATE|[30]|Bytes:9
17:10:07.0 (32423934)|VARIABLE_ASSIGNMENT|[30]|this.Expense_Status__c|"SUBMITTED"|0x6d5d69c1
17:10:07.0 (32437250)|HEAP_ALLOCATE|[17]|Bytes:5
17:10:07.0 (32447043)|VARIABLE_ASSIGNMENT|[17]|ex|null|
17:10:07.32 (32454236)|CUMULATIVE_LIMIT_USAGE
17:10:07.32 (32454236)|LIMIT_USAGE_FOR_NS|(default)|
  Number of SOQL queries: 1 out of 100
  Number of query rows: 5 out of 50000
  Number of SOSL queries: 0 out of 20
  Number of DML statements: 1 out of 150
  Number of DML rows: 1 out of 10000
  Maximum CPU time: 0 out of 10000
  Maximum heap size: 0 out of 6000000
  Number of callouts: 0 out of 100
  Number of Email Invocations: 0 out of 10
  Number of future calls: 0 out of 50
  Number of queueable jobs added to the queue: 0 out of 50
  Number of Mobile Apex push calls: 0 out of 10

17:10:07.32 (32454236)|CUMULATIVE_LIMIT_USAGE_END

17:10:07.0 (35274179)|CODE_UNIT_FINISHED|UpdateOrDeleteExpenseTrigger on Expense trigger event BeforeUpdate for [a0F46000000FmUw]
17:10:07.0 (38150038)|CODE_UNIT_STARTED|[EXTERNAL]|Validation:Expense:a0F46000000FmUw
17:10:07.0 (38156227)|VALIDATION_RULE|03d46000000DMqh|InsertOtherValue
17:10:07.0 (38280237)|VALIDATION_FORMULA|AND (IF (ISPICKVAL( Category__c , "Other"), true, false),  ISBLANK( Other__c ) )|Category__c=Road Meals , Other__c=null
17:10:07.0 (38284323)|VALIDATION_PASS
17:10:07.0 (38309282)|CODE_UNIT_FINISHED|Validation:Expense:a0F46000000FmUw
17:10:07.0 (52730417)|CODE_UNIT_STARTED|[EXTERNAL]|Workflow:01I46000000AdSk
17:10:07.0 (59203769)|WF_RULE_EVAL_BEGIN|Workflow
17:10:07.0 (59222416)|WF_CRITERIA_BEGIN|[Expense: Test 4 a0F46000000FmUw]|High_Value_Expense_Email_Alert30146000000Cjmi|01Q460000000EDT|ON_ALL_CHANGES|0
17:10:07.0 (59276350)|WF_FORMULA|Formula:ENCODED:[treatNullAsNull]true|Values:
17:10:07.0 (59279752)|WF_CRITERIA_END|true
17:10:07.0 (59685394)|WF_SPOOL_ACTION_BEGIN|Workflow
17:10:07.0 (59707005)|WF_ACTION| Flow Trigger: 1;
17:10:07.0 (59709502)|WF_RULE_EVAL_END
17:10:07.0 (60135430)|WF_FLOW_ACTION_BEGIN|09L46000000Lo2w
17:10:07.60 (60189189)|FLOW_CREATE_INTERVIEW_BEGIN|00D46000000buVW|30046000000Grmv|30146000000Cjmi
17:10:07.60 (61488534)|FLOW_CREATE_INTERVIEW_END|3699959f3f152f0299b84918d0b815afcb2c29-c43d|High Value Expense Email Alert
17:10:07.61 (61743518)|FLOW_START_INTERVIEWS_BEGIN|1
17:10:07.61 (62398528)|FLOW_START_INTERVIEW_BEGIN|3699959f3f152f0299b84918d0b815afcb2c29-c43d|High Value Expense Email Alert
17:10:07.61 (62939358)|FLOW_START_INTERVIEW_END|3699959f3f152f0299b84918d0b815afcb2c29-c43d|High Value Expense Email Alert
17:10:07.61 (101318041)|WF_EMAIL_SENT|Reference:Expense__c.HIgh_value_Expense_Created|Recipients:pacosta@altimetrik.com |CcEmails:
17:10:07.61 (101484499)|FLOW_START_INTERVIEWS_END|1
17:10:07.0 (102346281)|WF_FLOW_ACTION_END|09L46000000Lo2w
17:10:07.0 (102415396)|WF_ACTIONS_END| Flow Trigger: 1;
17:10:07.0 (102421056)|CODE_UNIT_FINISHED|Workflow:01I46000000AdSk
17:10:07.0 (103165316)|DML_END|[92]
17:10:07.0 (103249239)|HEAP_ALLOCATE|[EXTERNAL]|Bytes:8
17:10:07.0 (117782479)|SYSTEM_MODE_ENTER|true
17:10:07.0 (117836174)|HEAP_ALLOCATE|[EXTERNAL]|Bytes:12
17:10:07.0 (117846899)|VARIABLE_SCOPE_BEGIN|[8]|this|ExpenseController|true|false
17:10:07.0 (117890003)|VARIABLE_ASSIGNMENT|[8]|this|{"queryString":"","wrappedExpenses":"0xed039a5"}|0x68a6470c
17:10:07.0 (117902800)|STATEMENT_EXECUTE|[8]
17:10:07.0 (117904742)|STATEMENT_EXECUTE|[10]
17:10:07.0 (117920785)|HEAP_ALLOCATE|[10]|Bytes:161
17:10:07.0 (118217423)|SOQL_EXECUTE_BEGIN|[10]|Aggregations:0|SELECT Category__c, RecordType.Name, Amount__c, Tax__c, Client_Company__c, Submitted__c, Employee__r.Id, Employee__r.Name, Employee__r.Birthdate FROM Expense__c 
17:10:07.0 (125308727)|SOQL_EXECUTE_END|[10]|Rows:5
17:10:07.0 (125322495)|HEAP_ALLOCATE|[10]|Bytes:24
17:10:07.0 (125364469)|HEAP_ALLOCATE|[10]|Bytes:1579
17:10:07.0 (125385229)|HEAP_ALLOCATE|[10]|Bytes:24
17:10:07.0 (125399546)|VARIABLE_SCOPE_BEGIN|[10]|results|List<Expense__c>|true|false
17:10:07.0 (125473200)|VARIABLE_ASSIGNMENT|[10]|results|[{"Category__c":"Road Meals","RecordTypeId":"012460000005G1KAAU","Amount__c":8900,"Tax__c":1157.00,"Submitted__c":true,"Employee__c":"00346000002ojeGAAQ","Id":"a0F46000000FmUwEAK","RecordType":{"Name":"Client Meetings","Id":"012460000005G1KAAU"},"Employee__r":{"Id":"00346000002ojeGAAQ","Name":"Paolo Smith"}},{"RecordTypeId":"012460000005G1FAAU","Amount__c":3000,"Tax__c":390.00,"Submitted__c":true,"Employee__c":"00346000002ojVWAAY","Id":"a0F46000000Fp6rEAC","RecordType":{"Name":"Business Trips","Id":"012460000005G1FAAU"},"Employee__r":{"Id":"00346000002ojVWAAY","Name":"Carol Ruiz","Birthdate":"2017-10-09T00:00:00.000Z"}},{"Category__c":"Event Registration","RecordTypeId":"012460000005G1FAAU","Amount__c":3499,"Tax__c":454.87,"Submitted__c":true,"Employee__c":"00346000002ojVWAAY","Id":"a0F46000000Fp76EAC","RecordType":{"Name":"Business Trips","Id":"012460000005G1FAAU"},"Employee__r":{"Id":"00346000002ojVWAAY","Name":"Carol Ruiz","Birthdate":"2017-10-09T00:00:00.000Z"}},{"Category__c":"Event Registration","RecordTypeId":"012460000005G1KAAU","Amount__c":5600,"Tax__c":728.00,"Submitted__c":true,"Employee__c":"00346000002oeLWAAY","Id":"a0F46000000FBc6EAG","RecordType":{"Name":"Client Meetings","Id":"012460000005G1KAAU"},"Employee__r":{"Id":"00346000002oeLWAAY","Name":"Paulo Acosta"}},{"Category__c":"Transportation","RecordTypeId":"012460000005G1FAAU","Amount__c":3500,"Tax__c":455.00,"Submitted__c":false,"Employee__c":"00346000002ojVWAAY","Id":"a0F46000000FBblEAG","RecordType":{"Name":"Business Trips","Id":"012460000005G1FAAU"},"Employee__r":{"Id":"00346000002ojVWAAY","Name":"Carol Ruiz","Birthdate":"2017-10-09T00:00:00.000Z"}}]|0xf4ea699
17:10:07.0 (125484086)|STATEMENT_EXECUTE|[15]
17:10:07.0 (125490624)|HEAP_ALLOCATE|[15]|Bytes:4
17:10:07.0 (125529509)|VARIABLE_ASSIGNMENT|[EXTERNAL]|this|{"queryString":"","wrappedExpenses":"0xed039a5"}|0x68a6470c
17:10:07.0 (125541256)|HEAP_ALLOCATE|[EXTERNAL]|Bytes:4
17:10:07.0 (125546646)|VARIABLE_ASSIGNMENT|[EXTERNAL]|value|[]|0x41ab27ba
17:10:07.0 (125555692)|VARIABLE_ASSIGNMENT|[5]|this.wrappedExpenses|[]|0x68a6470c
17:10:07.0 (125588022)|HEAP_ALLOCATE|[16]|Bytes:5
17:10:07.0 (125614607)|HEAP_ALLOCATE|[16]|Bytes:40
17:10:07.0 (125623255)|VARIABLE_SCOPE_BEGIN|[16]|ex|Expense__c|true|false
17:10:07.0 (125638797)|VARIABLE_ASSIGNMENT|[16]|ex|{"Category__c":"Road Meals","RecordTypeId":"012460000005G1KAAU","Amount__c":8900,"Tax__c":1157.00,"Submitted__c":true,"Employee__c":"00346000002ojeGAAQ","Id":"a0F46000000FmUwEAK","RecordType":{"Name":"Client Meetings","Id":"012460000005G1KAAU"},"Employee__r":{"Id":"00346000002ojeGAAQ","Name":"Paolo Smith"}}|0x315a5ed7
17:10:07.0 (125643320)|STATEMENT_EXECUTE|[16]
17:10:07.0 (125644899)|STATEMENT_EXECUTE|[18]
17:10:07.0 (125660881)|VARIABLE_ASSIGNMENT|[EXTERNAL]|this|{"queryString":"","wrappedExpenses":"0x41ab27ba"}|0x68a6470c
17:10:07.0 (125670946)|HEAP_ALLOCATE|[18]|Bytes:12
17:10:07.0 (125682401)|CONSTRUCTOR_ENTRY|[18]|01p46000002wayn|<init>(Expense__c,Boolean)
17:10:07.0 (125686237)|VARIABLE_SCOPE_BEGIN|[102]|this|ExpenseController.ExpenseWrapper|true|false
17:10:07.0 (125696077)|VARIABLE_ASSIGNMENT|[102]|this|{}|0x6270564f
17:10:07.0 (125698091)|VARIABLE_SCOPE_BEGIN|[102]|ex|Expense__c|true|false
17:10:07.0 (125708210)|VARIABLE_ASSIGNMENT|[102]|ex|{"Category__c":"Road Meals","RecordTypeId":"012460000005G1KAAU","Amount__c":8900,"Tax__c":1157.00,"Submitted__c":true,"Employee__c":"00346000002ojeGAAQ","Id":"a0F46000000FmUwEAK","RecordType":{"Name":"Client Meetings","Id":"012460000005G1KAAU"},"Employee__r":{"Id":"00346000002ojeGAAQ","Name":"Paolo Smith"}}|0x315a5ed7
17:10:07.0 (125712593)|VARIABLE_SCOPE_BEGIN|[102]|check|Boolean|false|false
17:10:07.0 (125715686)|VARIABLE_ASSIGNMENT|[102]|check|false
17:10:07.0 (125718956)|STATEMENT_EXECUTE|[97]
17:10:07.0 (125720912)|STATEMENT_EXECUTE|[99]
17:10:07.0 (125723243)|STATEMENT_EXECUTE|[100]
17:10:07.0 (125738946)|STATEMENT_EXECUTE|[102]
17:10:07.0 (125740293)|STATEMENT_EXECUTE|[104]
17:10:07.0 (125751129)|VARIABLE_ASSIGNMENT|[EXTERNAL]|this|{}|0x6270564f
17:10:07.0 (125762370)|VARIABLE_ASSIGNMENT|[EXTERNAL]|value|{"Category__c":"Road Meals","RecordTypeId":"012460000005G1KAAU","Amount__c":8900,"Tax__c":1157.00,"Submitted__c":true,"Employee__c":"00346000002ojeGAAQ","Id":"a0F46000000FmUwEAK","RecordType":{"Name":"Client Meetings","Id":"012460000005G1KAAU"},"Employee__r":{"Id":"00346000002ojeGAAQ","Name":"Paolo Smith"}}|0x315a5ed7
17:10:07.0 (125774852)|VARIABLE_ASSIGNMENT|[99]|this.expense|{"Category__c":"Road Meals","RecordTypeId":"012460000005G1KAAU","Amount__c":8900,"Tax__c":1157.00,"Submitted__c":true,"Employee__c":"00346000002ojeGAAQ","Id":"a0F46000000FmUwEAK","RecordType":{"Name":"Client Meetings","Id":"012460000005G1KAAU"},"Employee__r":{"Id":"00346000002ojeGAAQ","Name":"Paolo Smith"}}|0x6270564f
17:10:07.0 (125780422)|STATEMENT_EXECUTE|[105]
17:10:07.0 (125791520)|VARIABLE_ASSIGNMENT|[EXTERNAL]|this|{"expense":"0x315a5ed7"}|0x6270564f
17:10:07.0 (125800615)|VARIABLE_ASSIGNMENT|[EXTERNAL]|value|false
17:10:07.0 (125803469)|HEAP_ALLOCATE|[100]|Bytes:5
17:10:07.0 (125807060)|VARIABLE_ASSIGNMENT|[100]|this.checked|false|0x6270564f
17:10:07.0 (125814413)|CONSTRUCTOR_EXIT|[18]|01p46000002wayn|<init>(Expense__c,Boolean)
17:10:07.0 (125823309)|HEAP_ALLOCATE|[EXTERNAL]|Bytes:4
17:10:07.0 (125831598)|HEAP_ALLOCATE|[16]|Bytes:5
17:10:07.0 (125846889)|HEAP_ALLOCATE|[16]|Bytes:36
17:10:07.0 (125850914)|VARIABLE_SCOPE_BEGIN|[16]|ex|Expense__c|true|false
17:10:07.0 (125867720)|VARIABLE_ASSIGNMENT|[16]|ex|{"RecordTypeId":"012460000005G1FAAU","Amount__c":3000,"Tax__c":390.00,"Submitted__c":true,"Employee__c":"00346000002ojVWAAY","Id":"a0F46000000Fp6rEAC","RecordType":{"Name":"Business Trips","Id":"012460000005G1FAAU"},"Employee__r":{"Id":"00346000002ojVWAAY","Name":"Carol Ruiz","Birthdate":"2017-10-09T00:00:00.000Z"}}|0x4d819c7a
17:10:07.0 (125871634)|STATEMENT_EXECUTE|[16]
17:10:07.0 (125872769)|STATEMENT_EXECUTE|[18]
17:10:07.0 (125885821)|VARIABLE_ASSIGNMENT|[EXTERNAL]|this|{"queryString":"","wrappedExpenses":"0x41ab27ba"}|0x68a6470c
17:10:07.0 (125891908)|HEAP_ALLOCATE|[18]|Bytes:12
17:10:07.0 (125897470)|CONSTRUCTOR_ENTRY|[18]|01p46000002wayn|<init>(Expense__c,Boolean)
17:10:07.0 (125899755)|VARIABLE_SCOPE_BEGIN|[102]|this|ExpenseController.ExpenseWrapper|true|false
17:10:07.0 (125907143)|VARIABLE_ASSIGNMENT|[102]|this|{}|0x5ca8ed68
17:10:07.0 (125908810)|VARIABLE_SCOPE_BEGIN|[102]|ex|Expense__c|true|false
17:10:07.0 (125920583)|VARIABLE_ASSIGNMENT|[102]|ex|{"RecordTypeId":"012460000005G1FAAU","Amount__c":3000,"Tax__c":390.00,"Submitted__c":true,"Employee__c":"00346000002ojVWAAY","Id":"a0F46000000Fp6rEAC","RecordType":{"Name":"Business Trips","Id":"012460000005G1FAAU"},"Employee__r":{"Id":"00346000002ojVWAAY","Name":"Carol Ruiz","Birthdate":"2017-10-09T00:00:00.000Z"}}|0x4d819c7a
17:10:07.0 (125924368)|VARIABLE_SCOPE_BEGIN|[102]|check|Boolean|false|false
17:10:07.0 (125927210)|VARIABLE_ASSIGNMENT|[102]|check|false
17:10:07.0 (125929515)|STATEMENT_EXECUTE|[97]
17:10:07.0 (125930562)|STATEMENT_EXECUTE|[99]
17:10:07.0 (125931532)|STATEMENT_EXECUTE|[100]
17:10:07.0 (125938801)|STATEMENT_EXECUTE|[102]
17:10:07.0 (125939996)|STATEMENT_EXECUTE|[104]
17:10:07.0 (125948314)|VARIABLE_ASSIGNMENT|[EXTERNAL]|this|{}|0x5ca8ed68
17:10:07.0 (125959168)|VARIABLE_ASSIGNMENT|[EXTERNAL]|value|{"RecordTypeId":"012460000005G1FAAU","Amount__c":3000,"Tax__c":390.00,"Submitted__c":true,"Employee__c":"00346000002ojVWAAY","Id":"a0F46000000Fp6rEAC","RecordType":{"Name":"Business Trips","Id":"012460000005G1FAAU"},"Employee__r":{"Id":"00346000002ojVWAAY","Name":"Carol Ruiz","Birthdate":"2017-10-09T00:00:00.000Z"}}|0x4d819c7a
17:10:07.0 (125971185)|VARIABLE_ASSIGNMENT|[99]|this.expense|{"RecordTypeId":"012460000005G1FAAU","Amount__c":3000,"Tax__c":390.00,"Submitted__c":true,"Employee__c":"00346000002ojVWAAY","Id":"a0F46000000Fp6rEAC","RecordType":{"Name":"Business Trips","Id":"012460000005G1FAAU"},"Employee__r":{"Id":"00346000002ojVWAAY","Name":"Carol Ruiz","Birthdate":"2017-10-09T00:00:00.000Z"}}|0x5ca8ed68
17:10:07.0 (125976268)|STATEMENT_EXECUTE|[105]
17:10:07.0 (125985496)|VARIABLE_ASSIGNMENT|[EXTERNAL]|this|{"expense":"0x4d819c7a"}|0x5ca8ed68
17:10:07.0 (125989457)|VARIABLE_ASSIGNMENT|[EXTERNAL]|value|false
17:10:07.0 (125991804)|HEAP_ALLOCATE|[100]|Bytes:5
17:10:07.0 (125994831)|VARIABLE_ASSIGNMENT|[100]|this.checked|false|0x5ca8ed68
17:10:07.0 (126000803)|CONSTRUCTOR_EXIT|[18]|01p46000002wayn|<init>(Expense__c,Boolean)
17:10:07.0 (126006796)|HEAP_ALLOCATE|[EXTERNAL]|Bytes:4
17:10:07.0 (126013311)|HEAP_ALLOCATE|[16]|Bytes:5
17:10:07.0 (126026404)|HEAP_ALLOCATE|[16]|Bytes:40
17:10:07.0 (126030219)|VARIABLE_SCOPE_BEGIN|[16]|ex|Expense__c|true|false
17:10:07.0 (126044472)|VARIABLE_ASSIGNMENT|[16]|ex|{"Category__c":"Event Registration","RecordTypeId":"012460000005G1FAAU","Amount__c":3499,"Tax__c":454.87,"Submitted__c":true,"Employee__c":"00346000002ojVWAAY","Id":"a0F46000000Fp76EAC","RecordType":{"Name":"Business Trips","Id":"012460000005G1FAAU"},"Employee__r":{"Id":"00346000002ojVWAAY","Name":"Carol Ruiz","Birthdate":"2017-10-09T00:00:00.000Z"}}|0x5a753414
17:10:07.0 (126048400)|STATEMENT_EXECUTE|[16]
17:10:07.0 (126049522)|STATEMENT_EXECUTE|[18]
17:10:07.0 (126062274)|VARIABLE_ASSIGNMENT|[EXTERNAL]|this|{"queryString":"","wrappedExpenses":"0x41ab27ba"}|0x68a6470c
17:10:07.0 (126067754)|HEAP_ALLOCATE|[18]|Bytes:12
17:10:07.0 (126072994)|CONSTRUCTOR_ENTRY|[18]|01p46000002wayn|<init>(Expense__c,Boolean)
17:10:07.0 (126075056)|VARIABLE_SCOPE_BEGIN|[102]|this|ExpenseController.ExpenseWrapper|true|false
17:10:07.0 (126081767)|VARIABLE_ASSIGNMENT|[102]|this|{}|0x2628f20a
17:10:07.0 (126083292)|VARIABLE_SCOPE_BEGIN|[102]|ex|Expense__c|true|false
17:10:07.0 (126095076)|VARIABLE_ASSIGNMENT|[102]|ex|{"Category__c":"Event Registration","RecordTypeId":"012460000005G1FAAU","Amount__c":3499,"Tax__c":454.87,"Submitted__c":true,"Employee__c":"00346000002ojVWAAY","Id":"a0F46000000Fp76EAC","RecordType":{"Name":"Business Trips","Id":"012460000005G1FAAU"},"Employee__r":{"Id":"00346000002ojVWAAY","Name":"Carol Ruiz","Birthdate":"2017-10-09T00:00:00.000Z"}}|0x5a753414
17:10:07.0 (126099266)|VARIABLE_SCOPE_BEGIN|[102]|check|Boolean|false|false
17:10:07.0 (126101710)|VARIABLE_ASSIGNMENT|[102]|check|false
17:10:07.0 (126103869)|STATEMENT_EXECUTE|[97]
17:10:07.0 (126105572)|STATEMENT_EXECUTE|[99]
17:10:07.0 (126106577)|STATEMENT_EXECUTE|[100]
17:10:07.0 (126112723)|STATEMENT_EXECUTE|[102]
17:10:07.0 (126113765)|STATEMENT_EXECUTE|[104]
17:10:07.0 (126121728)|VARIABLE_ASSIGNMENT|[EXTERNAL]|this|{}|0x2628f20a
17:10:07.0 (126133025)|VARIABLE_ASSIGNMENT|[EXTERNAL]|value|{"Category__c":"Event Registration","RecordTypeId":"012460000005G1FAAU","Amount__c":3499,"Tax__c":454.87,"Submitted__c":true,"Employee__c":"00346000002ojVWAAY","Id":"a0F46000000Fp76EAC","RecordType":{"Name":"Business Trips","Id":"012460000005G1FAAU"},"Employee__r":{"Id":"00346000002ojVWAAY","Name":"Carol Ruiz","Birthdate":"2017-10-09T00:00:00.000Z"}}|0x5a753414
17:10:07.0 (126145451)|VARIABLE_ASSIGNMENT|[99]|this.expense|{"Category__c":"Event Registration","RecordTypeId":"012460000005G1FAAU","Amount__c":3499,"Tax__c":454.87,"Submitted__c":true,"Employee__c":"00346000002ojVWAAY","Id":"a0F46000000Fp76EAC","RecordType":{"Name":"Business Trips","Id":"012460000005G1FAAU"},"Employee__r":{"Id":"00346000002ojVWAAY","Name":"Carol Ruiz","Birthdate":"2017-10-09T00:00:00.000Z"}}|0x2628f20a
17:10:07.0 (126150772)|STATEMENT_EXECUTE|[105]
17:10:07.0 (126159981)|VARIABLE_ASSIGNMENT|[EXTERNAL]|this|{"expense":"0x5a753414"}|0x2628f20a
17:10:07.0 (126163354)|VARIABLE_ASSIGNMENT|[EXTERNAL]|value|false
17:10:07.0 (126165503)|HEAP_ALLOCATE|[100]|Bytes:5
17:10:07.0 (126168377)|VARIABLE_ASSIGNMENT|[100]|this.checked|false|0x2628f20a
17:10:07.0 (126173929)|CONSTRUCTOR_EXIT|[18]|01p46000002wayn|<init>(Expense__c,Boolean)
17:10:07.0 (126178717)|HEAP_ALLOCATE|[EXTERNAL]|Bytes:4
17:10:07.0 (126184951)|HEAP_ALLOCATE|[16]|Bytes:5
17:10:07.0 (126197456)|HEAP_ALLOCATE|[16]|Bytes:40
17:10:07.0 (126201197)|VARIABLE_SCOPE_BEGIN|[16]|ex|Expense__c|true|false
17:10:07.0 (126213298)|VARIABLE_ASSIGNMENT|[16]|ex|{"Category__c":"Event Registration","RecordTypeId":"012460000005G1KAAU","Amount__c":5600,"Tax__c":728.00,"Submitted__c":true,"Employee__c":"00346000002oeLWAAY","Id":"a0F46000000FBc6EAG","RecordType":{"Name":"Client Meetings","Id":"012460000005G1KAAU"},"Employee__r":{"Id":"00346000002oeLWAAY","Name":"Paulo Acosta"}}|0x517f0e8e
17:10:07.0 (126217204)|STATEMENT_EXECUTE|[16]
17:10:07.0 (126218223)|STATEMENT_EXECUTE|[18]
17:10:07.0 (126229850)|VARIABLE_ASSIGNMENT|[EXTERNAL]|this|{"queryString":"","wrappedExpenses":"0x41ab27ba"}|0x68a6470c
17:10:07.0 (126234836)|HEAP_ALLOCATE|[18]|Bytes:12
17:10:07.0 (126239750)|CONSTRUCTOR_ENTRY|[18]|01p46000002wayn|<init>(Expense__c,Boolean)
17:10:07.0 (126241821)|VARIABLE_SCOPE_BEGIN|[102]|this|ExpenseController.ExpenseWrapper|true|false
17:10:07.0 (126248057)|VARIABLE_ASSIGNMENT|[102]|this|{}|0x3ea68782
17:10:07.0 (126249344)|VARIABLE_SCOPE_BEGIN|[102]|ex|Expense__c|true|false
17:10:07.0 (126258591)|VARIABLE_ASSIGNMENT|[102]|ex|{"Category__c":"Event Registration","RecordTypeId":"012460000005G1KAAU","Amount__c":5600,"Tax__c":728.00,"Submitted__c":true,"Employee__c":"00346000002oeLWAAY","Id":"a0F46000000FBc6EAG","RecordType":{"Name":"Client Meetings","Id":"012460000005G1KAAU"},"Employee__r":{"Id":"00346000002oeLWAAY","Name":"Paulo Acosta"}}|0x517f0e8e
17:10:07.0 (126263040)|VARIABLE_SCOPE_BEGIN|[102]|check|Boolean|false|false
17:10:07.0 (126265247)|VARIABLE_ASSIGNMENT|[102]|check|false
17:10:07.0 (126267370)|STATEMENT_EXECUTE|[97]
17:10:07.0 (126268408)|STATEMENT_EXECUTE|[99]
17:10:07.0 (126269498)|STATEMENT_EXECUTE|[100]
17:10:07.0 (126275071)|STATEMENT_EXECUTE|[102]
17:10:07.0 (126276083)|STATEMENT_EXECUTE|[104]
17:10:07.0 (126283784)|VARIABLE_ASSIGNMENT|[EXTERNAL]|this|{}|0x3ea68782
17:10:07.0 (126292842)|VARIABLE_ASSIGNMENT|[EXTERNAL]|value|{"Category__c":"Event Registration","RecordTypeId":"012460000005G1KAAU","Amount__c":5600,"Tax__c":728.00,"Submitted__c":true,"Employee__c":"00346000002oeLWAAY","Id":"a0F46000000FBc6EAG","RecordType":{"Name":"Client Meetings","Id":"012460000005G1KAAU"},"Employee__r":{"Id":"00346000002oeLWAAY","Name":"Paulo Acosta"}}|0x517f0e8e
17:10:07.0 (126302858)|VARIABLE_ASSIGNMENT|[99]|this.expense|{"Category__c":"Event Registration","RecordTypeId":"012460000005G1KAAU","Amount__c":5600,"Tax__c":728.00,"Submitted__c":true,"Employee__c":"00346000002oeLWAAY","Id":"a0F46000000FBc6EAG","RecordType":{"Name":"Client Meetings","Id":"012460000005G1KAAU"},"Employee__r":{"Id":"00346000002oeLWAAY","Name":"Paulo Acosta"}}|0x3ea68782
17:10:07.0 (126307481)|STATEMENT_EXECUTE|[105]
17:10:07.0 (126316394)|VARIABLE_ASSIGNMENT|[EXTERNAL]|this|{"expense":"0x517f0e8e"}|0x3ea68782
17:10:07.0 (126319515)|VARIABLE_ASSIGNMENT|[EXTERNAL]|value|false
17:10:07.0 (126321701)|HEAP_ALLOCATE|[100]|Bytes:5
17:10:07.0 (126324528)|VARIABLE_ASSIGNMENT|[100]|this.checked|false|0x3ea68782
17:10:07.0 (126329833)|CONSTRUCTOR_EXIT|[18]|01p46000002wayn|<init>(Expense__c,Boolean)
17:10:07.0 (126334734)|HEAP_ALLOCATE|[EXTERNAL]|Bytes:4
17:10:07.0 (126340505)|HEAP_ALLOCATE|[16]|Bytes:5
17:10:07.0 (126353005)|HEAP_ALLOCATE|[16]|Bytes:40
17:10:07.0 (126356827)|VARIABLE_SCOPE_BEGIN|[16]|ex|Expense__c|true|false
17:10:07.0 (126371543)|VARIABLE_ASSIGNMENT|[16]|ex|{"Category__c":"Transportation","RecordTypeId":"012460000005G1FAAU","Amount__c":3500,"Tax__c":455.00,"Submitted__c":false,"Employee__c":"00346000002ojVWAAY","Id":"a0F46000000FBblEAG","RecordType":{"Name":"Business Trips","Id":"012460000005G1FAAU"},"Employee__r":{"Id":"00346000002ojVWAAY","Name":"Carol Ruiz","Birthdate":"2017-10-09T00:00:00.000Z"}}|0x32304e90
17:10:07.0 (126375820)|STATEMENT_EXECUTE|[16]
17:10:07.0 (126376914)|STATEMENT_EXECUTE|[18]
17:10:07.0 (126388680)|VARIABLE_ASSIGNMENT|[EXTERNAL]|this|{"queryString":"","wrappedExpenses":"0x41ab27ba"}|0x68a6470c
17:10:07.0 (126393711)|HEAP_ALLOCATE|[18]|Bytes:12
17:10:07.0 (126398478)|CONSTRUCTOR_ENTRY|[18]|01p46000002wayn|<init>(Expense__c,Boolean)
17:10:07.0 (126400711)|VARIABLE_SCOPE_BEGIN|[102]|this|ExpenseController.ExpenseWrapper|true|false
17:10:07.0 (126407455)|VARIABLE_ASSIGNMENT|[102]|this|{}|0x5e847c37
17:10:07.0 (126409312)|VARIABLE_SCOPE_BEGIN|[102]|ex|Expense__c|true|false
17:10:07.0 (126420955)|VARIABLE_ASSIGNMENT|[102]|ex|{"Category__c":"Transportation","RecordTypeId":"012460000005G1FAAU","Amount__c":3500,"Tax__c":455.00,"Submitted__c":false,"Employee__c":"00346000002ojVWAAY","Id":"a0F46000000FBblEAG","RecordType":{"Name":"Business Trips","Id":"012460000005G1FAAU"},"Employee__r":{"Id":"00346000002ojVWAAY","Name":"Carol Ruiz","Birthdate":"2017-10-09T00:00:00.000Z"}}|0x32304e90
17:10:07.0 (126424546)|VARIABLE_SCOPE_BEGIN|[102]|check|Boolean|false|false
17:10:07.0 (126426770)|VARIABLE_ASSIGNMENT|[102]|check|false
17:10:07.0 (126429141)|STATEMENT_EXECUTE|[97]
17:10:07.0 (126430154)|STATEMENT_EXECUTE|[99]
17:10:07.0 (126431152)|STATEMENT_EXECUTE|[100]
17:10:07.0 (126437097)|STATEMENT_EXECUTE|[102]
17:10:07.0 (126438177)|STATEMENT_EXECUTE|[104]
17:10:07.0 (126446012)|VARIABLE_ASSIGNMENT|[EXTERNAL]|this|{}|0x5e847c37
17:10:07.0 (126457231)|VARIABLE_ASSIGNMENT|[EXTERNAL]|value|{"Category__c":"Transportation","RecordTypeId":"012460000005G1FAAU","Amount__c":3500,"Tax__c":455.00,"Submitted__c":false,"Employee__c":"00346000002ojVWAAY","Id":"a0F46000000FBblEAG","RecordType":{"Name":"Business Trips","Id":"012460000005G1FAAU"},"Employee__r":{"Id":"00346000002ojVWAAY","Name":"Carol Ruiz","Birthdate":"2017-10-09T00:00:00.000Z"}}|0x32304e90
17:10:07.0 (126470055)|VARIABLE_ASSIGNMENT|[99]|this.expense|{"Category__c":"Transportation","RecordTypeId":"012460000005G1FAAU","Amount__c":3500,"Tax__c":455.00,"Submitted__c":false,"Employee__c":"00346000002ojVWAAY","Id":"a0F46000000FBblEAG","RecordType":{"Name":"Business Trips","Id":"012460000005G1FAAU"},"Employee__r":{"Id":"00346000002ojVWAAY","Name":"Carol Ruiz","Birthdate":"2017-10-09T00:00:00.000Z"}}|0x5e847c37
17:10:07.0 (126476017)|STATEMENT_EXECUTE|[105]
17:10:07.0 (126484264)|VARIABLE_ASSIGNMENT|[EXTERNAL]|this|{"expense":"0x32304e90"}|0x5e847c37
17:10:07.0 (126487652)|VARIABLE_ASSIGNMENT|[EXTERNAL]|value|false
17:10:07.0 (126489798)|HEAP_ALLOCATE|[100]|Bytes:5
17:10:07.0 (126492709)|VARIABLE_ASSIGNMENT|[100]|this.checked|false|0x5e847c37
17:10:07.0 (126498085)|CONSTRUCTOR_EXIT|[18]|01p46000002wayn|<init>(Expense__c,Boolean)
17:10:07.0 (126502331)|HEAP_ALLOCATE|[EXTERNAL]|Bytes:4
17:10:07.0 (126508220)|HEAP_ALLOCATE|[16]|Bytes:5
17:10:07.0 (126514360)|VARIABLE_ASSIGNMENT|[16]|ex|null|
17:10:07.0 (126517688)|STATEMENT_EXECUTE|[21]
17:10:07.0 (126528265)|VARIABLE_ASSIGNMENT|[EXTERNAL]|this|{"queryString":"","wrappedExpenses":"0x41ab27ba"}|0x68a6470c
17:10:07.0 (139965996)|VF_SERIALIZE_VIEWSTATE_BEGIN|06646000001BW08
17:10:07.0 (148614648)|VF_SERIALIZE_VIEWSTATE_END
17:10:07.0 (165184767)|CODE_UNIT_STARTED|[EXTERNAL]|Generate Metadata
17:10:07.0 (166784063)|CODE_UNIT_FINISHED|Generate Metadata
17:10:07.168 (168828677)|CUMULATIVE_LIMIT_USAGE
17:10:07.168 (168828677)|LIMIT_USAGE_FOR_NS|(default)|
  Number of SOQL queries: 2 out of 100
  Number of query rows: 10 out of 50000
  Number of SOSL queries: 0 out of 20
  Number of DML statements: 1 out of 150
  Number of DML rows: 1 out of 10000
  Maximum CPU time: 0 out of 10000
  Maximum heap size: 0 out of 6000000
  Number of callouts: 0 out of 100
  Number of Email Invocations: 0 out of 10
  Number of future calls: 0 out of 50
  Number of queueable jobs added to the queue: 0 out of 50
  Number of Mobile Apex push calls: 0 out of 10

17:10:07.168 (168828677)|CUMULATIVE_LIMIT_USAGE_END

17:10:07.0 (168862013)|CODE_UNIT_FINISHED|VF: /apex/ListOfEmployees
17:10:07.0 (169622841)|EXECUTION_FINISHED
